using random seed 1632258107
This emulator compiled with JTAG Remote Bitbang client. To enable, use +jtag_rbb_enable=1.
Listening on port 36501
== Loading device model file '/home/fleker/Desktop/chipyard/generators/testchipip/src/main/resources/dramsim2_ini/DDR3_micron_64M_8B_x4_sg15.ini' == 
== Loading system model file '/home/fleker/Desktop/chipyard/generators/testchipip/src/main/resources/dramsim2_ini/system.ini' == 
===== MemorySystem 0 =====
CH. 0 TOTAL_STORAGE : 4096MB | 1 Ranks | 16 Devices per rank
DRAMSim2 Clock Frequency =666666666Hz, CPU Clock Frequency=100000000Hz
C0:         19 [1] pc=[0000000000010040] W[r10=0000000000010040][1] R[r 0=0000000000000000] R[r 0=0000000000000000] inst=[00000517] auipc   a0, 0x0
C0:         20 [1] pc=[0000000000010044] W[r10=0000000000010000][1] R[r10=0000000000010040] R[r 0=0000000000000000] inst=[fc050513] addi    a0, a0, -64
C0:         21 [1] pc=[0000000000010048] W[r 0=0000000000000000][1] R[r10=0000000000010000] R[r 0=0000000000000000] inst=[30551073] csrw    unknown_305, a0
C0:         26 [1] pc=[000000000001004c] W[r 5=800000000094112d][1] R[r 0=0000000000000000] R[r 0=0000000000000000] inst=[301022f3] csrr    t0, unknown_301
C0:         29 [1] pc=[0000000000010050] W[r 5=ffffe00000000025][1] R[r 5=800000000094112d] R[r 0=0000000000000000] inst=[4122d293] srai    t0, t0, 18
C0:         30 [1] pc=[0000000000010054] W[r 5=0000000000000001][1] R[r 5=ffffe00000000025] R[r 0=0000000000000000] inst=[0012f293] andi    t0, t0, 1
C0:         31 [1] pc=[0000000000010058] W[r 0=0000000000000000][0] R[r 5=0000000000000001] R[r 0=0000000000000000] inst=[00028463] beqz    t0, pc + 8
C0:         32 [1] pc=[000000000001005c] W[r 0=0000000000000000][1] R[r 0=0000000000000000] R[r 0=0000000000000000] inst=[30301073] csrw    unknown_303, zero
C0:         37 [1] pc=[0000000000010060] W[r10=0000000000000008][1] R[r 0=0000000000000000] R[r 0=0000000000000000] inst=[00800513] li      a0, 8
C0:         38 [1] pc=[0000000000010064] W[r 0=0000000000000000][1] R[r10=0000000000000008] R[r 0=0000000000000000] inst=[30451073] csrw    unknown_304, a0
C0:         43 [1] pc=[0000000000010068] W[r 0=0000000a00001800][1] R[r10=0000000000000008] R[r 0=0000000000000000] inst=[30052073] csrs    unknown_300, a0
C0:         48 [1] pc=[000000000001006c] W[r 0=0000000000000000][0] R[r 0=0000000000000000] R[r 0=0000000000000000] inst=[10500073] wfi
C0:         51 [0] pc=[0000000000010070] W[r 0=0000000000000000][0] R[r31=0000000000000008] R[r 0=0000000000000000] inst=[ffdff06f] j       pc - 0x4
C0:         70 [1] pc=[0000000000010000] W[r11=0000000002000000][1] R[r 0=0000000000000000] R[r 0=0000000000000000] inst=[020005b7] lui     a1, 0x2000
C0:         71 [1] pc=[0000000000010004] W[r10=0000000000000000][1] R[r 0=0000000000000000] R[r 0=0000000000000000] inst=[f1402573] csrr    a0, unknown_f14
C0:         74 [1] pc=[0000000000010008] W[r 0=0000000000000000][0] R[r10=0000000000000000] R[r 0=0000000000000000] inst=[00050463] beqz    a0, pc + 8
C0:         78 [1] pc=[0000000000010010] W[r12=0000000002000004][1] R[r11=0000000002000000] R[r 0=0000000000000000] inst=[00458613] addi    a2, a1, 4
C0:         79 [1] pc=[0000000000010014] W[r13=0000000000000001][1] R[r 0=0000000000000000] R[r 0=0000000000000000] inst=[00100693] li      a3, 1
C0:         80 [1] pc=[0000000000010018] W[r 0=0000000000000000][0] R[r12=0000000002000004] R[r13=0000000000000001] inst=[00d62023] sw      a3, 0(a2)
C0:         81 [1] pc=[000000000001001c] W[r12=0000000002000008][1] R[r12=0000000002000004] R[r 0=0000000000000000] inst=[00460613] addi    a2, a2, 4
C0:         87 [1] pc=[0000000000010020] W[r13=0000000000000000][0] R[r12=0000000002000008] R[r 0=0000000000000000] inst=[ffc62683] lw      a3, -4(a2)
C0:         95 [1] pc=[0000000000010024] W[r 0=0000000000000000][0] R[r13=0000000000000000] R[r 0=0000000000000000] inst=[fe069ae3] bnez    a3, pc - 12
C0:         96 [1] pc=[0000000000010028] W[r 0=000000000001002c][1] R[r 0=0000000000000000] R[r 0=0000000000000000] inst=[05c0006f] j       pc + 0x5c
C0:        116 [1] pc=[0000000000010084] W[r 0=0000000000000000][0] R[r11=0000000002000000] R[r 0=0000000000000000] inst=[0005a023] sw      zero, 0(a1)
C0:        117 [1] pc=[0000000000010088] W[r10=0000000000004000][1] R[r 0=0000000000000000] R[r 0=0000000000000000] inst=[00004537] lui     a0, 0x4
C0:        123 [1] pc=[000000000001008c] W[r10=0000000000000000][0] R[r10=0000000000004000] R[r 0=0000000000000000] inst=[00056503] lwu     a0, 0(a0)
C0:        135 [1] pc=[0000000000010090] W[r 0=0000000000010070][1] R[r10=0000000080000000] R[r 0=0000000000000000] inst=[34151073] csrw    unknown_341, a0
C0:        136 [1] pc=[0000000000010094] W[r10=0000000000000000][1] R[r 0=0000000000000000] R[r 0=0000000000000000] inst=[f1402573] csrr    a0, unknown_f14
C0:        137 [1] pc=[0000000000010098] W[r11=0000000000010098][1] R[r 0=0000000000000000] R[r 0=0000000000000000] inst=[00000597] auipc   a1, 0x0
C0:        138 [1] pc=[000000000001009c] W[r11=00000000000100b0][1] R[r11=0000000000010098] R[r 0=0000000000000000] inst=[01858593] addi    a1, a1, 24
C0:        139 [1] pc=[00000000000100a0] W[r12=0000000000000080][1] R[r 0=0000000000000000] R[r 0=0000000000000000] inst=[08000613] li      a2, 128
C0:        140 [1] pc=[00000000000100a4] W[r 0=0000000a00001880][1] R[r12=0000000000000080] R[r 0=0000000000000000] inst=[30063073] csrc    unknown_300, a2
C0:        145 [1] pc=[00000000000100a8] W[r 0=0000000000000000][0] R[r 0=0000000000000000] R[r 0=0000000000000000] inst=[30200073] mret
C0:        166 [1] pc=[0000000080000000] W[r 0=0000000080000004][1] R[r 0=0000000000000000] R[r 0=0000000000000000] inst=[0840006f] j       pc + 0x84
C0:        189 [1] pc=[0000000080000084] W[r 1=0000000000000000][1] R[r 0=0000000000000000] R[r 0=0000000000000000] inst=[00000093] li      ra, 0
C0:        190 [1] pc=[0000000080000088] W[r 2=0000000000000000][1] R[r 0=0000000000000000] R[r 0=0000000000000000] inst=[00000113] li      sp, 0
C0:        191 [1] pc=[000000008000008c] W[r 3=0000000000000000][1] R[r 0=0000000000000000] R[r 0=0000000000000000] inst=[00000193] li      gp, 0
C0:        192 [1] pc=[0000000080000090] W[r 4=0000000000000000][1] R[r 0=0000000000000000] R[r 0=0000000000000000] inst=[00000213] li      tp, 0
C0:        193 [1] pc=[0000000080000094] W[r 5=0000000000000000][1] R[r 0=0000000000000000] R[r 0=0000000000000000] inst=[00000293] li      t0, 0
C0:        194 [1] pc=[0000000080000098] W[r 6=0000000000000000][1] R[r 0=0000000000000000] R[r 0=0000000000000000] inst=[00000313] li      t1, 0
C0:        195 [1] pc=[000000008000009c] W[r 7=0000000000000000][1] R[r 0=0000000000000000] R[r 0=0000000000000000] inst=[00000393] li      t2, 0
C0:        196 [1] pc=[00000000800000a0] W[r 8=0000000000000000][1] R[r 0=0000000000000000] R[r 0=0000000000000000] inst=[00000413] li      s0, 0
C0:        197 [1] pc=[00000000800000a4] W[r 9=0000000000000000][1] R[r 0=0000000000000000] R[r 0=0000000000000000] inst=[00000493] li      s1, 0
C0:        198 [1] pc=[00000000800000a8] W[r10=0000000000000000][1] R[r 0=0000000000000000] R[r 0=0000000000000000] inst=[00000513] li      a0, 0
C0:        199 [1] pc=[00000000800000ac] W[r11=0000000000000000][1] R[r 0=0000000000000000] R[r 0=0000000000000000] inst=[00000593] li      a1, 0
C0:        200 [1] pc=[00000000800000b0] W[r12=0000000000000000][1] R[r 0=0000000000000000] R[r 0=0000000000000000] inst=[00000613] li      a2, 0
C0:        201 [1] pc=[00000000800000b4] W[r13=0000000000000000][1] R[r 0=0000000000000000] R[r 0=0000000000000000] inst=[00000693] li      a3, 0
C0:        202 [1] pc=[00000000800000b8] W[r14=0000000000000000][1] R[r 0=0000000000000000] R[r 0=0000000000000000] inst=[00000713] li      a4, 0
C0:        203 [1] pc=[00000000800000bc] W[r15=0000000000000000][1] R[r 0=0000000000000000] R[r 0=0000000000000000] inst=[00000793] li      a5, 0
C0:        225 [1] pc=[00000000800000c0] W[r16=0000000000000000][1] R[r 0=0000000000000000] R[r 0=0000000000000000] inst=[00000813] li      a6, 0
C0:        226 [1] pc=[00000000800000c4] W[r17=0000000000000000][1] R[r 0=0000000000000000] R[r 0=0000000000000000] inst=[00000893] li      a7, 0
C0:        227 [1] pc=[00000000800000c8] W[r18=0000000000000000][1] R[r 0=0000000000000000] R[r 0=0000000000000000] inst=[00000913] li      s2, 0
C0:        228 [1] pc=[00000000800000cc] W[r19=0000000000000000][1] R[r 0=0000000000000000] R[r 0=0000000000000000] inst=[00000993] li      s3, 0
C0:        229 [1] pc=[00000000800000d0] W[r20=0000000000000000][1] R[r 0=0000000000000000] R[r 0=0000000000000000] inst=[00000a13] li      s4, 0
C0:        230 [1] pc=[00000000800000d4] W[r21=0000000000000000][1] R[r 0=0000000000000000] R[r 0=0000000000000000] inst=[00000a93] li      s5, 0
C0:        231 [1] pc=[00000000800000d8] W[r22=0000000000000000][1] R[r 0=0000000000000000] R[r 0=0000000000000000] inst=[00000b13] li      s6, 0
C0:        232 [1] pc=[00000000800000dc] W[r23=0000000000000000][1] R[r 0=0000000000000000] R[r 0=0000000000000000] inst=[00000b93] li      s7, 0
C0:        233 [1] pc=[00000000800000e0] W[r24=0000000000000000][1] R[r 0=0000000000000000] R[r 0=0000000000000000] inst=[00000c13] li      s8, 0
C0:        234 [1] pc=[00000000800000e4] W[r25=0000000000000000][1] R[r 0=0000000000000000] R[r 0=0000000000000000] inst=[00000c93] li      s9, 0
C0:        235 [1] pc=[00000000800000e8] W[r26=0000000000000000][1] R[r 0=0000000000000000] R[r 0=0000000000000000] inst=[00000d13] li      s10, 0
C0:        236 [1] pc=[00000000800000ec] W[r27=0000000000000000][1] R[r 0=0000000000000000] R[r 0=0000000000000000] inst=[00000d93] li      s11, 0
C0:        237 [1] pc=[00000000800000f0] W[r28=0000000000000000][1] R[r 0=0000000000000000] R[r 0=0000000000000000] inst=[00000e13] li      t3, 0
C0:        238 [1] pc=[00000000800000f4] W[r29=0000000000000000][1] R[r 0=0000000000000000] R[r 0=0000000000000000] inst=[00000e93] li      t4, 0
C0:        239 [1] pc=[00000000800000f8] W[r30=0000000000000000][1] R[r 0=0000000000000000] R[r 0=0000000000000000] inst=[00000f13] li      t5, 0
C0:        240 [1] pc=[00000000800000fc] W[r31=0000000000000000][1] R[r 0=0000000000000000] R[r 0=0000000000000000] inst=[00000f93] li      t6, 0
C0:        262 [1] pc=[0000000080000100] W[r10=0000000000000000][1] R[r 0=0000000000000000] R[r 0=0000000000000000] inst=[f1402573] csrr    a0, unknown_f14
C0:        265 [1] pc=[0000000080000104] W[r 0=0000000000000000][0] R[r10=0000000000000000] R[r 0=0000000000000000] inst=[00051063] bnez    a0, pc + 0
C0:        266 [1] pc=[0000000080000108] W[r 5=0000000080000108][1] R[r 0=0000000000000000] R[r 0=0000000000000000] inst=[00000297] auipc   t0, 0x0
C0:        267 [1] pc=[000000008000010c] W[r 5=0000000080000118][1] R[r 5=0000000080000108] R[r 0=0000000000000000] inst=[01028293] addi    t0, t0, 16
C0:        268 [1] pc=[0000000080000110] W[r 0=0000000000010000][1] R[r 5=0000000080000118] R[r 0=0000000000000000] inst=[30529073] csrw    unknown_305, t0
C0:        273 [1] pc=[0000000080000114] W[r 0=0000000000000000][1] R[r 0=0000000000000000] R[r 0=0000000000000000] inst=[18005073] csrwi   unknown_180, 0
C0:        278 [1] pc=[0000000080000118] W[r 5=0000000080000118][1] R[r 0=0000000000000000] R[r 0=0000000000000000] inst=[00000297] auipc   t0, 0x0
C0:        279 [1] pc=[000000008000011c] W[r 5=000000008000013c][1] R[r 5=0000000080000118] R[r 0=0000000000000000] inst=[02428293] addi    t0, t0, 36
C0:        280 [1] pc=[0000000080000120] W[r 0=0000000080000118][1] R[r 5=000000008000013c] R[r 0=0000000000000000] inst=[30529073] csrw    unknown_305, t0
C0:        285 [1] pc=[0000000080000124] W[r 5=0000000000000001][1] R[r 0=0000000000000000] R[r 0=0000000000000000] inst=[0010029b] addiw   t0, zero, 1
C0:        286 [1] pc=[0000000080000128] W[r 5=0020000000000000][1] R[r 5=0000000000000001] R[r 0=0000000000000000] inst=[03529293] slli    t0, t0, 53
C0:        287 [1] pc=[000000008000012c] W[r 5=001fffffffffffff][1] R[r 5=0020000000000000] R[r 0=0000000000000000] inst=[fff28293] addi    t0, t0, -1
C0:        288 [1] pc=[0000000080000130] W[r 0=0000000000000000][1] R[r 5=001fffffffffffff] R[r 0=0000000000000000] inst=[3b029073] csrw    unknown_3b0, t0
C0:        293 [1] pc=[0000000080000134] W[r 5=000000000000001f][1] R[r 0=0000000000000000] R[r 0=0000000000000000] inst=[01f00293] li      t0, 31
C0:        294 [1] pc=[0000000080000138] W[r 0=0000000000000000][1] R[r 5=000000000000001f] R[r 0=0000000000000000] inst=[3a029073] csrw    unknown_3a0, t0
C0:        299 [1] pc=[000000008000013c] W[r 0=0000000000000008][1] R[r 0=0000000000000000] R[r 0=0000000000000000] inst=[30405073] csrwi   unknown_304, 0
C0:        316 [1] pc=[0000000080000140] W[r 5=0000000080000140][1] R[r 0=0000000000000000] R[r 0=0000000000000000] inst=[00000297] auipc   t0, 0x0
C0:        317 [1] pc=[0000000080000144] W[r 5=0000000080000154][1] R[r 5=0000000080000140] R[r 0=0000000000000000] inst=[01428293] addi    t0, t0, 20
C0:        318 [1] pc=[0000000080000148] W[r 0=000000008000013c][1] R[r 5=0000000080000154] R[r 0=0000000000000000] inst=[30529073] csrw    unknown_305, t0
C0:        323 [1] pc=[000000008000014c] W[r 0=0000000000000000][1] R[r 0=0000000000000000] R[r 0=0000000000000000] inst=[30205073] csrwi   unknown_302, 0
C0:        328 [1] pc=[0000000080000150] W[r 0=0000000000000000][1] R[r 0=0000000000000000] R[r 0=0000000000000000] inst=[30305073] csrwi   unknown_303, 0
C0:        333 [1] pc=[0000000080000154] W[r 3=0000000000000000][1] R[r 0=0000000000000000] R[r 0=0000000000000000] inst=[00000193] li      gp, 0
C0:        334 [1] pc=[0000000080000158] W[r 5=0000000080000158][1] R[r 0=0000000000000000] R[r 0=0000000000000000] inst=[00000297] auipc   t0, 0x0
C0:        335 [1] pc=[000000008000015c] W[r 5=0000000080000004][1] R[r 5=0000000080000158] R[r 0=0000000000000000] inst=[eac28293] addi    t0, t0, -340
C0:        336 [1] pc=[0000000080000160] W[r 0=0000000080000154][1] R[r 5=0000000080000004] R[r 0=0000000000000000] inst=[30529073] csrw    unknown_305, t0
C0:        341 [1] pc=[0000000080000164] W[r10=0000000000000001][1] R[r 0=0000000000000000] R[r 0=0000000000000000] inst=[00100513] li      a0, 1
C0:        342 [1] pc=[0000000080000168] W[r10=0000000080000000][1] R[r10=0000000000000001] R[r 0=0000000000000000] inst=[01f51513] slli    a0, a0, 31
C0:        343 [1] pc=[000000008000016c] W[r 0=0000000000000000][0] R[r10=0000000080000000] R[r 0=0000000000000000] inst=[00055c63] bgez    a0, pc + 24
C0:        368 [1] pc=[0000000080000184] W[r 5=0000000000000184][1] R[r 0=0000000000000000] R[r 0=0000000000000000] inst=[80000297] auipc   t0, 0x80000
C0:        369 [1] pc=[0000000080000188] W[r 5=0000000000000000][1] R[r 5=0000000000000184] R[r 0=0000000000000000] inst=[e7c28293] addi    t0, t0, -388
C0:        370 [1] pc=[000000008000018c] W[r 0=0000000000000000][0] R[r 5=0000000000000000] R[r 0=0000000000000000] inst=[00028a63] beqz    t0, pc + 20
C0:        374 [1] pc=[00000000800001a0] W[r 0=0000000a00000080][1] R[r 0=0000000000000000] R[r 0=0000000000000000] inst=[30005073] csrwi   unknown_300, 0
C0:        379 [1] pc=[00000000800001a4] W[r10=0000000000002000][1] R[r 0=0000000000000000] R[r 0=0000000000000000] inst=[00002537] lui     a0, 0x2
C0:        380 [1] pc=[00000000800001a8] W[r10=0000000000001800][1] R[r10=0000000000002000] R[r 0=0000000000000000] inst=[8005051b] addiw   a0, a0, -2048
C0:        381 [1] pc=[00000000800001ac] W[r 0=0000000a00000000][1] R[r10=0000000000001800] R[r 0=0000000000000000] inst=[30052073] csrs    unknown_300, a0
C0:        386 [1] pc=[00000000800001b0] W[r 5=00000000800001b0][1] R[r 0=0000000000000000] R[r 0=0000000000000000] inst=[00000297] auipc   t0, 0x0
C0:        387 [1] pc=[00000000800001b4] W[r 5=00000000800001c4][1] R[r 5=00000000800001b0] R[r 0=0000000000000000] inst=[01428293] addi    t0, t0, 20
C0:        388 [1] pc=[00000000800001b8] W[r 0=0000000080000000][1] R[r 5=00000000800001c4] R[r 0=0000000000000000] inst=[34129073] csrw    unknown_341, t0
C0:        389 [1] pc=[00000000800001bc] W[r10=0000000000000000][1] R[r 0=0000000000000000] R[r 0=0000000000000000] inst=[f1402573] csrr    a0, unknown_f14
C0:        411 [1] pc=[00000000800001c0] W[r 0=0000000000000000][0] R[r 0=0000000000000000] R[r 0=0000000000000000] inst=[30200073] mret
C0:        416 [1] pc=[00000000800001c4] W[r 5=0000000000002000][1] R[r 0=0000000000000000] R[r 0=0000000000000000] inst=[000022b7] lui     t0, 0x2
C0:        417 [1] pc=[00000000800001c8] W[r 5=0000000000001800][1] R[r 5=0000000000002000] R[r 0=0000000000000000] inst=[8002829b] addiw   t0, t0, -2048
C0:        418 [1] pc=[00000000800001cc] W[r 0=0000000a00000080][1] R[r 5=0000000000001800] R[r 0=0000000000000000] inst=[3002b073] csrc    unknown_300, t0
C0:        423 [1] pc=[00000000800001d0] W[r 6=0000000a00000080][1] R[r 0=0000000000000000] R[r 0=0000000000000000] inst=[30002373] csrr    t1, unknown_300
C0:        426 [1] pc=[00000000800001d4] W[r 5=0000000000000000][1] R[r 5=0000000000001800] R[r 6=0000000a00000080] inst=[0062f2b3] and     t0, t0, t1
C0:        427 [1] pc=[00000000800001d8] W[r 0=0000000000000000][0] R[r 5=0000000000000000] R[r 0=0000000000000000] inst=[02029463] bnez    t0, pc + 40
C0:        428 [1] pc=[00000000800001dc] W[r10=0000000a00000080][1] R[r 0=0000000000000000] R[r 0=0000000000000000] inst=[30002573] csrr    a0, unknown_300
C0:        429 [1] pc=[00000000800001e0] W[r11=0000000000000003][1] R[r 0=0000000000000000] R[r 0=0000000000000000] inst=[0030059b] addiw   a1, zero, 3
C0:        430 [1] pc=[00000000800001e4] W[r11=0000000300000000][1] R[r11=0000000000000003] R[r 0=0000000000000000] inst=[02059593] slli    a1, a1, 32
C0:        431 [1] pc=[00000000800001e8] W[r10=0000000200000000][1] R[r10=0000000a00000080] R[r11=0000000300000000] inst=[00b57533] and     a0, a0, a1
C0:        432 [1] pc=[00000000800001ec] W[r 7=0000000000000001][1] R[r 0=0000000000000000] R[r 0=0000000000000000] inst=[0010039b] addiw   t2, zero, 1
C0:        433 [1] pc=[00000000800001f0] W[r 7=0000000200000000][1] R[r 7=0000000000000001] R[r 0=0000000000000000] inst=[02139393] slli    t2, t2, 33
C0:        434 [1] pc=[00000000800001f4] W[r 3=0000000000000012][1] R[r 0=0000000000000000] R[r 0=0000000000000000] inst=[01200193] li      gp, 18
C0:        435 [1] pc=[00000000800001f8] W[r 0=0000000000000000][0] R[r10=0000000200000000] R[r 7=0000000200000000] inst=[1e751c63] bne     a0, t2, pc + 504
C0:        436 [1] pc=[00000000800001fc] W[r 0=0000000080000200][1] R[r 0=0000000000000000] R[r 0=0000000000000000] inst=[0200006f] j       pc + 0x20
C0:        458 [1] pc=[000000008000021c] W[r 0=0000000000000000][1] R[r 0=0000000000000000] R[r 0=0000000000000000] inst=[34001073] csrw    unknown_340, zero
C0:        459 [1] pc=[0000000080000220] W[r10=0000000000000000][1] R[r 0=0000000000000000] R[r 0=0000000000000000] inst=[34002573] csrr    a0, unknown_340
C0:        460 [1] pc=[0000000080000224] W[r 7=0000000000000000][1] R[r 0=0000000000000000] R[r 0=0000000000000000] inst=[00000393] li      t2, 0
C0:        461 [1] pc=[0000000080000228] W[r 3=0000000000000014][1] R[r 0=0000000000000000] R[r 0=0000000000000000] inst=[01400193] li      gp, 20
C0:        462 [1] pc=[000000008000022c] W[r 0=0000000000000000][0] R[r10=0000000000000000] R[r 7=0000000000000000] inst=[1c751263] bne     a0, t2, pc + 452
C0:        463 [1] pc=[0000000080000230] W[r10=0000000000000000][1] R[r 0=0000000000000000] R[r 0=0000000000000000] inst=[34005573] csrrwi  a0, unknown_340, 0
C0:        466 [1] pc=[0000000080000234] W[r10=0000000000000000][1] R[r 0=0000000000000000] R[r 0=0000000000000000] inst=[3407d573] csrrwi  a0, unknown_340, 15
C0:        467 [1] pc=[0000000080000238] W[r 7=0000000000000000][1] R[r 0=0000000000000000] R[r 0=0000000000000000] inst=[00000393] li      t2, 0
C0:        468 [1] pc=[000000008000023c] W[r 3=0000000000000015][1] R[r 0=0000000000000000] R[r 0=0000000000000000] inst=[01500193] li      gp, 21
C0:        490 [1] pc=[0000000080000240] W[r 0=0000000000000000][0] R[r10=0000000000000000] R[r 7=0000000000000000] inst=[1a751863] bne     a0, t2, pc + 432
C0:        491 [1] pc=[0000000080000244] W[r 0=000000000000000f][1] R[r 0=0000000000000000] R[r 0=0000000000000000] inst=[34086073] csrsi   unknown_340, 16
C0:        492 [1] pc=[0000000080000248] W[r10=000000000000001f][1] R[r 0=0000000000000000] R[r 0=0000000000000000] inst=[34002573] csrr    a0, unknown_340
C0:        493 [1] pc=[000000008000024c] W[r 7=000000000000001f][1] R[r 0=0000000000000000] R[r 0=0000000000000000] inst=[01f00393] li      t2, 31
C0:        494 [1] pc=[0000000080000250] W[r 3=0000000000000016][1] R[r 0=0000000000000000] R[r 0=0000000000000000] inst=[01600193] li      gp, 22
C0:        495 [1] pc=[0000000080000254] W[r 0=0000000000000000][0] R[r10=000000000000001f] R[r 7=000000000000001f] inst=[18751e63] bne     a0, t2, pc + 412
C0:        496 [1] pc=[0000000080000258] W[r 0=000000000000001f][1] R[r 0=0000000000000000] R[r 0=0000000000000000] inst=[3401d073] csrwi   unknown_340, 3
C0:        497 [1] pc=[000000008000025c] W[r10=0000000000000003][1] R[r 0=0000000000000000] R[r 0=0000000000000000] inst=[34002573] csrr    a0, unknown_340
C0:        498 [1] pc=[0000000080000260] W[r 7=0000000000000003][1] R[r 0=0000000000000000] R[r 0=0000000000000000] inst=[00300393] li      t2, 3
C0:        499 [1] pc=[0000000080000264] W[r 3=0000000000000002][1] R[r 0=0000000000000000] R[r 0=0000000000000000] inst=[00200193] li      gp, 2
C0:        500 [1] pc=[0000000080000268] W[r 0=0000000000000000][0] R[r10=0000000000000003] R[r 7=0000000000000003] inst=[18751463] bne     a0, t2, pc + 392
C0:        501 [1] pc=[000000008000026c] W[r11=0000000000000003][1] R[r 0=0000000000000000] R[r 0=0000000000000000] inst=[3400f5f3] csrrci  a1, unknown_340, 1
C0:        502 [1] pc=[0000000080000270] W[r 7=0000000000000003][1] R[r 0=0000000000000000] R[r 0=0000000000000000] inst=[00300393] li      t2, 3
C0:        503 [1] pc=[0000000080000274] W[r 3=0000000000000003][1] R[r 0=0000000000000000] R[r 0=0000000000000000] inst=[00300193] li      gp, 3
C0:        504 [1] pc=[0000000080000278] W[r 0=0000000000000000][0] R[r11=0000000000000003] R[r 7=0000000000000003] inst=[16759c63] bne     a1, t2, pc + 376
C0:        505 [1] pc=[000000008000027c] W[r12=0000000000000002][1] R[r 0=0000000000000000] R[r 0=0000000000000000] inst=[34026673] csrrsi  a2, unknown_340, 4
C0:        527 [1] pc=[0000000080000280] W[r 7=0000000000000002][1] R[r 0=0000000000000000] R[r 0=0000000000000000] inst=[00200393] li      t2, 2
C0:        528 [1] pc=[0000000080000284] W[r 3=0000000000000004][1] R[r 0=0000000000000000] R[r 0=0000000000000000] inst=[00400193] li      gp, 4
C0:        529 [1] pc=[0000000080000288] W[r 0=0000000000000000][0] R[r12=0000000000000002] R[r 7=0000000000000002] inst=[16761463] bne     a2, t2, pc + 360
C0:        530 [1] pc=[000000008000028c] W[r13=0000000000000006][1] R[r 0=0000000000000000] R[r 0=0000000000000000] inst=[340156f3] csrrwi  a3, unknown_340, 2
C0:        531 [1] pc=[0000000080000290] W[r 7=0000000000000006][1] R[r 0=0000000000000000] R[r 0=0000000000000000] inst=[00600393] li      t2, 6
C0:        532 [1] pc=[0000000080000294] W[r 3=0000000000000005][1] R[r 0=0000000000000000] R[r 0=0000000000000000] inst=[00500193] li      gp, 5
C0:        533 [1] pc=[0000000080000298] W[r 0=0000000000000000][0] R[r13=0000000000000006] R[r 7=0000000000000006] inst=[14769c63] bne     a3, t2, pc + 344
C0:        534 [1] pc=[000000008000029c] W[r10=000000000bad2000][1] R[r 0=0000000000000000] R[r 0=0000000000000000] inst=[0bad2537] lui     a0, 0xbad2
C0:        535 [1] pc=[00000000800002a0] W[r10=000000000bad1dea][1] R[r10=000000000bad2000] R[r 0=0000000000000000] inst=[dea5051b] addiw   a0, a0, -534
C0:        536 [1] pc=[00000000800002a4] W[r11=0000000000000002][1] R[r10=000000000bad1dea] R[r 0=0000000000000000] inst=[340515f3] csrrw   a1, unknown_340, a0
C0:        537 [1] pc=[00000000800002a8] W[r 7=0000000000000002][1] R[r 0=0000000000000000] R[r 0=0000000000000000] inst=[00200393] li      t2, 2
C0:        538 [1] pc=[00000000800002ac] W[r 3=0000000000000006][1] R[r 0=0000000000000000] R[r 0=0000000000000000] inst=[00600193] li      gp, 6
C0:        539 [1] pc=[00000000800002b0] W[r 0=0000000000000000][0] R[r11=0000000000000002] R[r 7=0000000000000002] inst=[14759063] bne     a1, t2, pc + 320
C0:        540 [1] pc=[00000000800002b4] W[r10=0000000000002000][1] R[r 0=0000000000000000] R[r 0=0000000000000000] inst=[00002537] lui     a0, 0x2
C0:        541 [1] pc=[00000000800002b8] W[r10=0000000000001dea][1] R[r10=0000000000002000] R[r 0=0000000000000000] inst=[dea5051b] addiw   a0, a0, -534
C0:        542 [1] pc=[00000000800002bc] W[r11=000000000bad1dea][1] R[r10=0000000000001dea] R[r 0=0000000000000000] inst=[340535f3] csrrc   a1, unknown_340, a0
C0:        564 [1] pc=[00000000800002c0] W[r 7=000000000bad2000][1] R[r 0=0000000000000000] R[r 0=0000000000000000] inst=[0bad23b7] lui     t2, 0xbad2
C0:        565 [1] pc=[00000000800002c4] W[r 7=000000000bad1dea][1] R[r 7=000000000bad2000] R[r 0=0000000000000000] inst=[dea3839b] addiw   t2, t2, -534
C0:        566 [1] pc=[00000000800002c8] W[r 3=0000000000000007][1] R[r 0=0000000000000000] R[r 0=0000000000000000] inst=[00700193] li      gp, 7
C0:        567 [1] pc=[00000000800002cc] W[r 0=0000000000000000][0] R[r11=000000000bad1dea] R[r 7=000000000bad1dea] inst=[12759263] bne     a1, t2, pc + 292
C0:        568 [1] pc=[00000000800002d0] W[r10=000000000000c000][1] R[r 0=0000000000000000] R[r 0=0000000000000000] inst=[0000c537] lui     a0, 0xc
C0:        569 [1] pc=[00000000800002d4] W[r10=000000000000beef][1] R[r10=000000000000c000] R[r 0=0000000000000000] inst=[eef5051b] addiw   a0, a0, -273
C0:        570 [1] pc=[00000000800002d8] W[r11=000000000bad0000][1] R[r10=000000000000beef] R[r 0=0000000000000000] inst=[340525f3] csrrs   a1, unknown_340, a0
C0:        571 [1] pc=[00000000800002dc] W[r 7=000000000bad0000][1] R[r 0=0000000000000000] R[r 0=0000000000000000] inst=[0bad03b7] lui     t2, 0xbad0
C0:        572 [1] pc=[00000000800002e0] W[r 3=0000000000000008][1] R[r 0=0000000000000000] R[r 0=0000000000000000] inst=[00800193] li      gp, 8
C0:        573 [1] pc=[00000000800002e4] W[r 0=0000000000000000][0] R[r11=000000000bad0000] R[r 7=000000000bad0000] inst=[10759663] bne     a1, t2, pc + 268
C0:        574 [1] pc=[00000000800002e8] W[r10=000000000bad2000][1] R[r 0=0000000000000000] R[r 0=0000000000000000] inst=[0bad2537] lui     a0, 0xbad2
C0:        575 [1] pc=[00000000800002ec] W[r10=000000000bad1dea][1] R[r10=000000000bad2000] R[r 0=0000000000000000] inst=[dea5051b] addiw   a0, a0, -534
C0:        576 [1] pc=[00000000800002f0] W[r10=000000000badbeef][1] R[r10=000000000bad1dea] R[r 0=0000000000000000] inst=[34051573] csrrw   a0, unknown_340, a0
C0:        577 [1] pc=[00000000800002f4] W[r 7=000000000badc000][1] R[r 0=0000000000000000] R[r 0=0000000000000000] inst=[0badc3b7] lui     t2, 0xbadc
C0:        578 [1] pc=[00000000800002f8] W[r 7=000000000badbeef][1] R[r 7=000000000badc000] R[r 0=0000000000000000] inst=[eef3839b] addiw   t2, t2, -273
C0:        579 [1] pc=[00000000800002fc] W[r 3=0000000000000009][1] R[r 0=0000000000000000] R[r 0=0000000000000000] inst=[00900193] li      gp, 9
C0:        601 [1] pc=[0000000080000300] W[r 0=0000000000000000][0] R[r10=000000000badbeef] R[r 7=000000000badbeef] inst=[0e751863] bne     a0, t2, pc + 240
C0:        602 [1] pc=[0000000080000304] W[r10=0000000000002000][1] R[r 0=0000000000000000] R[r 0=0000000000000000] inst=[00002537] lui     a0, 0x2
C0:        603 [1] pc=[0000000080000308] W[r10=0000000000001dea][1] R[r10=0000000000002000] R[r 0=0000000000000000] inst=[dea5051b] addiw   a0, a0, -534
C0:        604 [1] pc=[000000008000030c] W[r10=000000000bad1dea][1] R[r10=0000000000001dea] R[r 0=0000000000000000] inst=[34053573] csrrc   a0, unknown_340, a0
C0:        605 [1] pc=[0000000080000310] W[r 7=000000000bad2000][1] R[r 0=0000000000000000] R[r 0=0000000000000000] inst=[0bad23b7] lui     t2, 0xbad2
C0:        606 [1] pc=[0000000080000314] W[r 7=000000000bad1dea][1] R[r 7=000000000bad2000] R[r 0=0000000000000000] inst=[dea3839b] addiw   t2, t2, -534
C0:        607 [1] pc=[0000000080000318] W[r 3=000000000000000a][1] R[r 0=0000000000000000] R[r 0=0000000000000000] inst=[00a00193] li      gp, 10
C0:        608 [1] pc=[000000008000031c] W[r 0=0000000000000000][0] R[r10=000000000bad1dea] R[r 7=000000000bad1dea] inst=[0c751a63] bne     a0, t2, pc + 212
C0:        609 [1] pc=[0000000080000320] W[r10=000000000000c000][1] R[r 0=0000000000000000] R[r 0=0000000000000000] inst=[0000c537] lui     a0, 0xc
C0:        610 [1] pc=[0000000080000324] W[r10=000000000000beef][1] R[r10=000000000000c000] R[r 0=0000000000000000] inst=[eef5051b] addiw   a0, a0, -273
C0:        611 [1] pc=[0000000080000328] W[r10=000000000bad0000][1] R[r10=000000000000beef] R[r 0=0000000000000000] inst=[34052573] csrrs   a0, unknown_340, a0
C0:        612 [1] pc=[000000008000032c] W[r 7=000000000bad0000][1] R[r 0=0000000000000000] R[r 0=0000000000000000] inst=[0bad03b7] lui     t2, 0xbad0
C0:        613 [1] pc=[0000000080000330] W[r 3=000000000000000b][1] R[r 0=0000000000000000] R[r 0=0000000000000000] inst=[00b00193] li      gp, 11
C0:        614 [1] pc=[0000000080000334] W[r 0=0000000000000000][0] R[r10=000000000bad0000] R[r 7=000000000bad0000] inst=[0a751e63] bne     a0, t2, pc + 188
C0:        615 [1] pc=[0000000080000338] W[r10=000000000badbeef][1] R[r 0=0000000000000000] R[r 0=0000000000000000] inst=[34002573] csrr    a0, unknown_340
C0:        616 [1] pc=[000000008000033c] W[r 7=000000000badc000][1] R[r 0=0000000000000000] R[r 0=0000000000000000] inst=[0badc3b7] lui     t2, 0xbadc
C0:        638 [1] pc=[0000000080000340] W[r 7=000000000badbeef][1] R[r 7=000000000badc000] R[r 0=0000000000000000] inst=[eef3839b] addiw   t2, t2, -273
C0:        639 [1] pc=[0000000080000344] W[r 3=000000000000000c][1] R[r 0=0000000000000000] R[r 0=0000000000000000] inst=[00c00193] li      gp, 12
C0:        640 [1] pc=[0000000080000348] W[r 0=0000000000000000][0] R[r10=000000000badbeef] R[r 7=000000000badbeef] inst=[0a751463] bne     a0, t2, pc + 168
C0:        641 [1] pc=[000000008000034c] W[r10=800000000094112d][1] R[r 0=0000000000000000] R[r 0=0000000000000000] inst=[30102573] csrr    a0, unknown_301
C0:        644 [1] pc=[0000000080000350] W[r10=0000000000000020][1] R[r10=800000000094112d] R[r 0=0000000000000000] inst=[02057513] andi    a0, a0, 32
C0:        645 [1] pc=[0000000080000354] W[r 0=0000000000000000][0] R[r10=0000000000000020] R[r 0=0000000000000000] inst=[02050863] beqz    a0, pc + 48
C0:        646 [1] pc=[0000000080000358] W[r11=0000000000006000][1] R[r 0=0000000000000000] R[r 0=0000000000000000] inst=[000065b7] lui     a1, 0x6
C0:        647 [1] pc=[000000008000035c] W[r 0=0000000a00000080][1] R[r11=0000000000006000] R[r 0=0000000000000000] inst=[3005a073] csrs    unknown_300, a1
C0:        652 [1] pc=[0000000080000360] W[r 0=0000000000000000][0] R[r 0=0000000000000000] R[r 0=0000000000000000] inst=[f0000053] fmv.w.x ft0, zero
C0:        656 [1] pc=[0000000080000364] W[r 0=8000000a00006080][1] R[r11=0000000000006000] R[r 0=0000000000000000] inst=[3005b073] csrc    unknown_300, a1
C0:        661 [1] pc=[0000000080000368] W[r11=0000000080002368][1] R[r 0=0000000000000000] R[r 0=0000000000000000] inst=[00002597] auipc   a1, 0x2
C0:        662 [1] pc=[000000008000036c] W[r11=0000000080002000][1] R[r11=0000000080002368] R[r 0=0000000000000000] inst=[c9858593] addi    a1, a1, -872
C0:        663 [0] pc=[0000000080000370] W[r 0=0000000000000000][0] R[r11=000000000005a027] R[r 0=0000000000000000] inst=[0005a027] fsw     ft0, 0(a1)
C0:        668 [1] pc=[0000000080000004] W[r30=0000000000000002][1] R[r 0=0000000000000000] R[r 0=0000000000000000] inst=[34202f73] csrr    t5, unknown_342
C0:        669 [1] pc=[0000000080000008] W[r31=0000000000000008][1] R[r 0=0000000000000000] R[r 0=0000000000000000] inst=[00800f93] li      t6, 8
C0:        671 [1] pc=[000000008000000c] W[r 0=0000000000000000][0] R[r30=0000000000000002] R[r31=0000000000000008] inst=[07ff0663] beq     t5, t6, pc + 108
C0:        672 [1] pc=[0000000080000010] W[r31=0000000000000009][1] R[r 0=0000000000000000] R[r 0=0000000000000000] inst=[00900f93] li      t6, 9
C0:        673 [1] pc=[0000000080000014] W[r 0=0000000000000000][0] R[r30=0000000000000002] R[r31=0000000000000009] inst=[07ff0263] beq     t5, t6, pc + 100
C0:        674 [1] pc=[0000000080000018] W[r31=000000000000000b][1] R[r 0=0000000000000000] R[r 0=0000000000000000] inst=[00b00f93] li      t6, 11
C0:        675 [1] pc=[000000008000001c] W[r 0=0000000000000000][0] R[r30=0000000000000002] R[r31=000000000000000b] inst=[05ff0e63] beq     t5, t6, pc + 92
C0:        676 [1] pc=[0000000080000020] W[r30=0000000080000020][1] R[r 0=0000000000000000] R[r 0=0000000000000000] inst=[00000f17] auipc   t5, 0x0
C0:        677 [1] pc=[0000000080000024] W[r30=0000000080000420][1] R[r30=0000000080000020] R[r 0=0000000000000000] inst=[400f0f13] addi    t5, t5, 1024
C0:        678 [1] pc=[0000000080000028] W[r 0=0000000000000000][0] R[r30=0000000080000420] R[r 0=0000000000000000] inst=[000f0463] beqz    t5, pc + 8
C0:        679 [1] pc=[000000008000002c] W[r 0=0000000080000030][1] R[r30=0000000080000420] R[r 0=0000000000000000] inst=[000f0067] jr      t5
C0:        704 [1] pc=[0000000080000420] W[r 5=000000000000000c][1] R[r 0=0000000000000000] R[r 0=0000000000000000] inst=[00c00293] li      t0, 12
C0:        705 [1] pc=[0000000080000424] W[r 0=0000000000000000][0] R[r 3=000000000000000c] R[r 5=000000000000000c] inst=[0051e663] bltu    gp, t0, pc + 12
C0:        706 [1] pc=[0000000080000428] W[r 5=000000000000000e][1] R[r 0=0000000000000000] R[r 0=0000000000000000] inst=[00e00293] li      t0, 14
C0:        707 [1] pc=[000000008000042c] W[r 0=0000000000000000][0] R[r 5=000000000000000e] R[r 3=000000000000000c] inst=[0232f263] bgeu    t0, gp, pc + 36
C0:        732 [1] pc=[0000000080000450] W[r 5=0000000000000002][1] R[r 0=0000000000000000] R[r 0=0000000000000000] inst=[342022f3] csrr    t0, unknown_342
C0:        733 [1] pc=[0000000080000454] W[r 6=0000000000000002][1] R[r 0=0000000000000000] R[r 0=0000000000000000] inst=[00200313] li      t1, 2
C0:        735 [1] pc=[0000000080000458] W[r 0=0000000000000000][0] R[r 5=0000000000000002] R[r 6=0000000000000002] inst=[f8629ce3] bne     t0, t1, pc - 104
C0:        736 [1] pc=[000000008000045c] W[r 5=0000000080000370][1] R[r 0=0000000000000000] R[r 0=0000000000000000] inst=[341022f3] csrr    t0, unknown_341
C0:        739 [1] pc=[0000000080000460] W[r 5=0000000080000374][1] R[r 5=0000000080000370] R[r 0=0000000000000000] inst=[00428293] addi    t0, t0, 4
C0:        740 [1] pc=[0000000080000464] W[r 0=0000000080000370][1] R[r 5=0000000080000374] R[r 0=0000000000000000] inst=[34129073] csrw    unknown_341, t0
C0:        741 [1] pc=[0000000080000468] W[r 0=0000000000000000][0] R[r 0=0000000000000000] R[r 0=0000000000000000] inst=[30200073] mret
C0:        762 [1] pc=[0000000080000374] W[r10=0000000000000001][1] R[r11=0000000080002000] R[r 0=0000000000000000] inst=[0005a503] lw      a0, 0(a1)
C0:        763 [1] pc=[0000000080000378] W[r 7=0000000000000001][1] R[r 0=0000000000000000] R[r 0=0000000000000000] inst=[00100393] li      t2, 1
C0:        764 [1] pc=[000000008000037c] W[r 3=000000000000000d][1] R[r 0=0000000000000000] R[r 0=0000000000000000] inst=[00d00193] li      gp, 13
C0:        786 [1] pc=[0000000080000380] W[r 0=0000000000000000][0] R[r10=0000000000000001] R[r 7=0000000000000001] inst=[06751863] bne     a0, t2, pc + 112
C0:        787 [1] pc=[0000000080000384] W[r10=800000000094112d][1] R[r 0=0000000000000000] R[r 0=0000000000000000] inst=[30102573] csrr    a0, unknown_301
C0:        790 [1] pc=[0000000080000388] W[r10=0000080000000009][1] R[r10=800000000094112d] R[r 0=0000000000000000] inst=[01455513] srli    a0, a0, 20
C0:        791 [1] pc=[000000008000038c] W[r10=0000000000000001][1] R[r10=0000080000000009] R[r 0=0000000000000000] inst=[00157513] andi    a0, a0, 1
C0:        792 [1] pc=[0000000080000390] W[r 0=0000000000000000][0] R[r10=0000000000000001] R[r 0=0000000000000000] inst=[04050463] beqz    a0, pc + 72
C0:        793 [1] pc=[0000000080000394] W[r 5=0000000000002000][1] R[r 0=0000000000000000] R[r 0=0000000000000000] inst=[000022b7] lui     t0, 0x2
C0:        794 [1] pc=[0000000080000398] W[r 5=0000000000001800][1] R[r 5=0000000000002000] R[r 0=0000000000000000] inst=[8002829b] addiw   t0, t0, -2048
C0:        795 [1] pc=[000000008000039c] W[r 0=0000000a00000080][1] R[r 5=0000000000001800] R[r 0=0000000000000000] inst=[3002b073] csrc    unknown_300, t0
C0:        800 [1] pc=[00000000800003a0] W[r 5=00000000800003a0][1] R[r 0=0000000000000000] R[r 0=0000000000000000] inst=[00000297] auipc   t0, 0x0
C0:        801 [1] pc=[00000000800003a4] W[r 5=00000000800003b0][1] R[r 5=00000000800003a0] R[r 0=0000000000000000] inst=[01028293] addi    t0, t0, 16
C0:        802 [1] pc=[00000000800003a8] W[r 0=0000000080000374][1] R[r 5=00000000800003b0] R[r 0=0000000000000000] inst=[34129073] csrw    unknown_341, t0
C0:        803 [1] pc=[00000000800003ac] W[r 0=0000000000000000][0] R[r 0=0000000000000000] R[r 0=0000000000000000] inst=[30200073] mret
C0:        808 [1] pc=[00000000800003b0] W[r10=00000000000000ff][1] R[r 0=0000000000000000] R[r 0=0000000000000000] inst=[0ff00513] li      a0, 255
C0:        809 [0] pc=[00000000800003b4] W[r10=0000000000000000][0] R[r 0=00000000c0001573] R[r 0=0000000000000000] inst=[c0001573] csrrw   a0, unknown_c00, zero
C0:        814 [1] pc=[0000000080000004] W[r30=0000000000000002][1] R[r 0=0000000000000000] R[r 0=0000000000000000] inst=[34202f73] csrr    t5, unknown_342
C0:        815 [1] pc=[0000000080000008] W[r31=0000000000000008][1] R[r 0=0000000000000000] R[r 0=0000000000000000] inst=[00800f93] li      t6, 8
C0:        817 [1] pc=[000000008000000c] W[r 0=0000000000000000][0] R[r30=0000000000000002] R[r31=0000000000000008] inst=[07ff0663] beq     t5, t6, pc + 108
C0:        818 [1] pc=[0000000080000010] W[r31=0000000000000009][1] R[r 0=0000000000000000] R[r 0=0000000000000000] inst=[00900f93] li      t6, 9
C0:        819 [1] pc=[0000000080000014] W[r 0=0000000000000000][0] R[r30=0000000000000002] R[r31=0000000000000009] inst=[07ff0263] beq     t5, t6, pc + 100
C0:        820 [1] pc=[0000000080000018] W[r31=000000000000000b][1] R[r 0=0000000000000000] R[r 0=0000000000000000] inst=[00b00f93] li      t6, 11
C0:        821 [1] pc=[000000008000001c] W[r 0=0000000000000000][0] R[r30=0000000000000002] R[r31=000000000000000b] inst=[05ff0e63] beq     t5, t6, pc + 92
C0:        822 [1] pc=[0000000080000020] W[r30=0000000080000020][1] R[r 0=0000000000000000] R[r 0=0000000000000000] inst=[00000f17] auipc   t5, 0x0
C0:        823 [1] pc=[0000000080000024] W[r30=0000000080000420][1] R[r30=0000000080000020] R[r 0=0000000000000000] inst=[400f0f13] addi    t5, t5, 1024
C0:        824 [1] pc=[0000000080000028] W[r 0=0000000000000000][0] R[r30=0000000080000420] R[r 0=0000000000000000] inst=[000f0463] beqz    t5, pc + 8
C0:        825 [1] pc=[000000008000002c] W[r 0=0000000080000030][1] R[r30=0000000080000420] R[r 0=0000000000000000] inst=[000f0067] jr      t5
C0:        826 [1] pc=[0000000080000420] W[r 5=000000000000000c][1] R[r 0=0000000000000000] R[r 0=0000000000000000] inst=[00c00293] li      t0, 12
C0:        827 [1] pc=[0000000080000424] W[r 0=0000000000000000][0] R[r 3=000000000000000d] R[r 5=000000000000000c] inst=[0051e663] bltu    gp, t0, pc + 12
C0:        828 [1] pc=[0000000080000428] W[r 5=000000000000000e][1] R[r 0=0000000000000000] R[r 0=0000000000000000] inst=[00e00293] li      t0, 14
C0:        829 [1] pc=[000000008000042c] W[r 0=0000000000000000][0] R[r 5=000000000000000e] R[r 3=000000000000000d] inst=[0232f263] bgeu    t0, gp, pc + 36
C0:        830 [1] pc=[0000000080000450] W[r 5=0000000000000002][1] R[r 0=0000000000000000] R[r 0=0000000000000000] inst=[342022f3] csrr    t0, unknown_342
C0:        831 [1] pc=[0000000080000454] W[r 6=0000000000000002][1] R[r 0=0000000000000000] R[r 0=0000000000000000] inst=[00200313] li      t1, 2
C0:        833 [1] pc=[0000000080000458] W[r 0=0000000000000000][0] R[r 5=0000000000000002] R[r 6=0000000000000002] inst=[f8629ce3] bne     t0, t1, pc - 104
C0:        834 [1] pc=[000000008000045c] W[r 5=00000000800003b4][1] R[r 0=0000000000000000] R[r 0=0000000000000000] inst=[341022f3] csrr    t0, unknown_341
C0:        837 [1] pc=[0000000080000460] W[r 5=00000000800003b8][1] R[r 5=00000000800003b4] R[r 0=0000000000000000] inst=[00428293] addi    t0, t0, 4
C0:        838 [1] pc=[0000000080000464] W[r 0=00000000800003b4][1] R[r 5=00000000800003b8] R[r 0=0000000000000000] inst=[34129073] csrw    unknown_341, t0
C0:        839 [1] pc=[0000000080000468] W[r 0=0000000000000000][0] R[r 0=0000000000000000] R[r 0=0000000000000000] inst=[30200073] mret
C0:        844 [1] pc=[00000000800003b8] W[r 7=00000000000000ff][1] R[r 0=0000000000000000] R[r 0=0000000000000000] inst=[0ff00393] li      t2, 255
C0:        845 [1] pc=[00000000800003bc] W[r 3=000000000000000e][1] R[r 0=0000000000000000] R[r 0=0000000000000000] inst=[00e00193] li      gp, 14
C0:        867 [1] pc=[00000000800003c0] W[r 0=0000000000000000][0] R[r10=00000000000000ff] R[r 7=00000000000000ff] inst=[02751863] bne     a0, t2, pc + 48
C0:        868 [1] pc=[00000000800003c4] W[r10=00000000000000ff][1] R[r 0=0000000000000000] R[r 0=0000000000000000] inst=[0ff00513] li      a0, 255
C0:        869 [0] pc=[00000000800003c8] W[r10=0000000000000000][0] R[r 0=0000000030002573] R[r 0=0000000000000000] inst=[30002573] csrr    a0, unknown_300
C0:        874 [1] pc=[0000000080000004] W[r30=0000000000000002][1] R[r 0=0000000000000000] R[r 0=0000000000000000] inst=[34202f73] csrr    t5, unknown_342
C0:        875 [1] pc=[0000000080000008] W[r31=0000000000000008][1] R[r 0=0000000000000000] R[r 0=0000000000000000] inst=[00800f93] li      t6, 8
C0:        877 [1] pc=[000000008000000c] W[r 0=0000000000000000][0] R[r30=0000000000000002] R[r31=0000000000000008] inst=[07ff0663] beq     t5, t6, pc + 108
C0:        878 [1] pc=[0000000080000010] W[r31=0000000000000009][1] R[r 0=0000000000000000] R[r 0=0000000000000000] inst=[00900f93] li      t6, 9
C0:        879 [1] pc=[0000000080000014] W[r 0=0000000000000000][0] R[r30=0000000000000002] R[r31=0000000000000009] inst=[07ff0263] beq     t5, t6, pc + 100
C0:        880 [1] pc=[0000000080000018] W[r31=000000000000000b][1] R[r 0=0000000000000000] R[r 0=0000000000000000] inst=[00b00f93] li      t6, 11
C0:        881 [1] pc=[000000008000001c] W[r 0=0000000000000000][0] R[r30=0000000000000002] R[r31=000000000000000b] inst=[05ff0e63] beq     t5, t6, pc + 92
C0:        882 [1] pc=[0000000080000020] W[r30=0000000080000020][1] R[r 0=0000000000000000] R[r 0=0000000000000000] inst=[00000f17] auipc   t5, 0x0
C0:        883 [1] pc=[0000000080000024] W[r30=0000000080000420][1] R[r30=0000000080000020] R[r 0=0000000000000000] inst=[400f0f13] addi    t5, t5, 1024
C0:        884 [1] pc=[0000000080000028] W[r 0=0000000000000000][0] R[r30=0000000080000420] R[r 0=0000000000000000] inst=[000f0463] beqz    t5, pc + 8
C0:        885 [1] pc=[000000008000002c] W[r 0=0000000080000030][1] R[r30=0000000080000420] R[r 0=0000000000000000] inst=[000f0067] jr      t5
C0:        886 [1] pc=[0000000080000420] W[r 5=000000000000000c][1] R[r 0=0000000000000000] R[r 0=0000000000000000] inst=[00c00293] li      t0, 12
C0:        887 [1] pc=[0000000080000424] W[r 0=0000000000000000][0] R[r 3=000000000000000e] R[r 5=000000000000000c] inst=[0051e663] bltu    gp, t0, pc + 12
C0:        888 [1] pc=[0000000080000428] W[r 5=000000000000000e][1] R[r 0=0000000000000000] R[r 0=0000000000000000] inst=[00e00293] li      t0, 14
C0:        889 [1] pc=[000000008000042c] W[r 0=0000000000000000][0] R[r 5=000000000000000e] R[r 3=000000000000000e] inst=[0232f263] bgeu    t0, gp, pc + 36
C0:        890 [1] pc=[0000000080000450] W[r 5=0000000000000002][1] R[r 0=0000000000000000] R[r 0=0000000000000000] inst=[342022f3] csrr    t0, unknown_342
C0:        891 [1] pc=[0000000080000454] W[r 6=0000000000000002][1] R[r 0=0000000000000000] R[r 0=0000000000000000] inst=[00200313] li      t1, 2
C0:        893 [1] pc=[0000000080000458] W[r 0=0000000000000000][0] R[r 5=0000000000000002] R[r 6=0000000000000002] inst=[f8629ce3] bne     t0, t1, pc - 104
C0:        894 [1] pc=[000000008000045c] W[r 5=00000000800003c8][1] R[r 0=0000000000000000] R[r 0=0000000000000000] inst=[341022f3] csrr    t0, unknown_341
C0:        897 [1] pc=[0000000080000460] W[r 5=00000000800003cc][1] R[r 5=00000000800003c8] R[r 0=0000000000000000] inst=[00428293] addi    t0, t0, 4
C0:        898 [1] pc=[0000000080000464] W[r 0=00000000800003c8][1] R[r 5=00000000800003cc] R[r 0=0000000000000000] inst=[34129073] csrw    unknown_341, t0
C0:        899 [1] pc=[0000000080000468] W[r 0=0000000000000000][0] R[r 0=0000000000000000] R[r 0=0000000000000000] inst=[30200073] mret
C0:        904 [1] pc=[00000000800003cc] W[r 7=00000000000000ff][1] R[r 0=0000000000000000] R[r 0=0000000000000000] inst=[0ff00393] li      t2, 255
C0:        905 [1] pc=[00000000800003d0] W[r 3=000000000000000f][1] R[r 0=0000000000000000] R[r 0=0000000000000000] inst=[00f00193] li      gp, 15
C0:        906 [1] pc=[00000000800003d4] W[r 0=0000000000000000][0] R[r10=00000000000000ff] R[r 7=00000000000000ff] inst=[00751e63] bne     a0, t2, pc + 28
C0:        907 [1] pc=[00000000800003d8] W[r 0=0000000000000000][0] R[r 0=0000000000000000] R[r 0=0000000000000000] inst=[0ff0000f] fence   iorw,iorw
C0:        908 [1] pc=[00000000800003dc] W[r 3=0000000000000001][1] R[r 0=0000000000000000] R[r 0=0000000000000000] inst=[00100193] li      gp, 1
C0:        909 [1] pc=[00000000800003e0] W[r17=000000000000005d][1] R[r 0=0000000000000000] R[r 0=0000000000000000] inst=[05d00893] li      a7, 93
C0:        910 [1] pc=[00000000800003e4] W[r10=0000000000000000][1] R[r 0=0000000000000000] R[r 0=0000000000000000] inst=[00000513] li      a0, 0
C0:        911 [0] pc=[00000000800003e8] W[r 0=0000000000000000][0] R[r 0=0000000000000000] R[r 0=0000000000000000] inst=[00000073] ecall
C0:        916 [1] pc=[0000000080000004] W[r30=0000000000000008][1] R[r 0=0000000000000000] R[r 0=0000000000000000] inst=[34202f73] csrr    t5, unknown_342
C0:        917 [1] pc=[0000000080000008] W[r31=0000000000000008][1] R[r 0=0000000000000000] R[r 0=0000000000000000] inst=[00800f93] li      t6, 8
C0:        919 [1] pc=[000000008000000c] W[r 0=0000000000000000][0] R[r30=0000000000000008] R[r31=0000000000000008] inst=[07ff0663] beq     t5, t6, pc + 108
C0:        944 [1] pc=[0000000080000078] W[r30=0000000080001078][1] R[r 0=0000000000000000] R[r 0=0000000000000000] inst=[00001f17] auipc   t5, 0x1
C0:        961 [1] pc=[000000008000007c] W[r 0=0000000000000000][0] R[r30=0000000080001078] R[r 3=0000000000000001] inst=[f83f2423] sw      gp, -120(t5)
C0:        962 [1] pc=[0000000080000080] W[r 0=0000000080000084][1] R[r 0=0000000000000000] R[r 0=0000000000000000] inst=[ff9ff06f] j       pc - 0x8
C0:        963 [1] pc=[0000000080000078] W[r30=0000000080001078][1] R[r 0=0000000000000000] R[r 0=0000000000000000] inst=[00001f17] auipc   t5, 0x1
C0:        964 [1] pc=[000000008000007c] W[r 0=0000000000000000][0] R[r30=0000000080001078] R[r 3=0000000000000001] inst=[f83f2423] sw      gp, -120(t5)
C0:        965 [1] pc=[0000000080000080] W[r 0=0000000080000084][1] R[r 0=0000000000000000] R[r 0=0000000000000000] inst=[ff9ff06f] j       pc - 0x8
C0:        966 [1] pc=[0000000080000078] W[r30=0000000080001078][1] R[r 0=0000000000000000] R[r 0=0000000000000000] inst=[00001f17] auipc   t5, 0x1
C0:        967 [1] pc=[000000008000007c] W[r 0=0000000000000000][0] R[r30=0000000080001078] R[r 3=0000000000000001] inst=[f83f2423] sw      gp, -120(t5)
C0:        968 [1] pc=[0000000080000080] W[r 0=0000000080000084][1] R[r 0=0000000000000000] R[r 0=0000000000000000] inst=[ff9ff06f] j       pc - 0x8
C0:        969 [1] pc=[0000000080000078] W[r30=0000000080001078][1] R[r 0=0000000000000000] R[r 0=0000000000000000] inst=[00001f17] auipc   t5, 0x1
C0:        970 [1] pc=[000000008000007c] W[r 0=0000000000000000][0] R[r30=0000000080001078] R[r 3=0000000000000001] inst=[f83f2423] sw      gp, -120(t5)
C0:        971 [1] pc=[0000000080000080] W[r 0=0000000080000084][1] R[r 0=0000000000000000] R[r 0=0000000000000000] inst=[ff9ff06f] j       pc - 0x8
C0:        972 [1] pc=[0000000080000078] W[r30=0000000080001078][1] R[r 0=0000000000000000] R[r 0=0000000000000000] inst=[00001f17] auipc   t5, 0x1
C0:        973 [1] pc=[000000008000007c] W[r 0=0000000000000000][0] R[r30=0000000080001078] R[r 3=0000000000000001] inst=[f83f2423] sw      gp, -120(t5)
C0:        974 [1] pc=[0000000080000080] W[r 0=0000000080000084][1] R[r 0=0000000000000000] R[r 0=0000000000000000] inst=[ff9ff06f] j       pc - 0x8
C0:        975 [1] pc=[0000000080000078] W[r30=0000000080001078][1] R[r 0=0000000000000000] R[r 0=0000000000000000] inst=[00001f17] auipc   t5, 0x1
C0:        976 [1] pc=[000000008000007c] W[r 0=0000000000000000][0] R[r30=0000000080001078] R[r 3=0000000000000001] inst=[f83f2423] sw      gp, -120(t5)
C0:        977 [1] pc=[0000000080000080] W[r 0=0000000080000084][1] R[r 0=0000000000000000] R[r 0=0000000000000000] inst=[ff9ff06f] j       pc - 0x8
C0:        978 [1] pc=[0000000080000078] W[r30=0000000080001078][1] R[r 0=0000000000000000] R[r 0=0000000000000000] inst=[00001f17] auipc   t5, 0x1
C0:        979 [1] pc=[000000008000007c] W[r 0=0000000000000000][0] R[r30=0000000080001078] R[r 3=0000000000000001] inst=[f83f2423] sw      gp, -120(t5)
C0:        980 [1] pc=[0000000080000080] W[r 0=0000000080000084][1] R[r 0=0000000000000000] R[r 0=0000000000000000] inst=[ff9ff06f] j       pc - 0x8
C0:        981 [1] pc=[0000000080000078] W[r30=0000000080001078][1] R[r 0=0000000000000000] R[r 0=0000000000000000] inst=[00001f17] auipc   t5, 0x1
C0:        982 [1] pc=[000000008000007c] W[r 0=0000000000000000][0] R[r30=0000000080001078] R[r 3=0000000000000001] inst=[f83f2423] sw      gp, -120(t5)
C0:        983 [1] pc=[0000000080000080] W[r 0=0000000080000084][1] R[r 0=0000000000000000] R[r 0=0000000000000000] inst=[ff9ff06f] j       pc - 0x8
C0:        984 [1] pc=[0000000080000078] W[r30=0000000080001078][1] R[r 0=0000000000000000] R[r 0=0000000000000000] inst=[00001f17] auipc   t5, 0x1
C0:        985 [1] pc=[000000008000007c] W[r 0=0000000000000000][0] R[r30=0000000080001078] R[r 3=0000000000000001] inst=[f83f2423] sw      gp, -120(t5)
C0:        986 [1] pc=[0000000080000080] W[r 0=0000000080000084][1] R[r 0=0000000000000000] R[r 0=0000000000000000] inst=[ff9ff06f] j       pc - 0x8
C0:        987 [1] pc=[0000000080000078] W[r30=0000000080001078][1] R[r 0=0000000000000000] R[r 0=0000000000000000] inst=[00001f17] auipc   t5, 0x1
C0:        988 [1] pc=[000000008000007c] W[r 0=0000000000000000][0] R[r30=0000000080001078] R[r 3=0000000000000001] inst=[f83f2423] sw      gp, -120(t5)
C0:        989 [1] pc=[0000000080000080] W[r 0=0000000080000084][1] R[r 0=0000000000000000] R[r 0=0000000000000000] inst=[ff9ff06f] j       pc - 0x8
C0:        990 [1] pc=[0000000080000078] W[r30=0000000080001078][1] R[r 0=0000000000000000] R[r 0=0000000000000000] inst=[00001f17] auipc   t5, 0x1
C0:       1016 [1] pc=[000000008000007c] W[r 0=0000000000000000][0] R[r30=0000000080001078] R[r 3=0000000000000001] inst=[f83f2423] sw      gp, -120(t5)
C0:       1017 [1] pc=[0000000080000080] W[r 0=0000000080000084][1] R[r 0=0000000000000000] R[r 0=0000000000000000] inst=[ff9ff06f] j       pc - 0x8
C0:       1018 [1] pc=[0000000080000078] W[r30=0000000080001078][1] R[r 0=0000000000000000] R[r 0=0000000000000000] inst=[00001f17] auipc   t5, 0x1
C0:       1019 [1] pc=[000000008000007c] W[r 0=0000000000000000][0] R[r30=0000000080001078] R[r 3=0000000000000001] inst=[f83f2423] sw      gp, -120(t5)
C0:       1020 [1] pc=[0000000080000080] W[r 0=0000000080000084][1] R[r 0=0000000000000000] R[r 0=0000000000000000] inst=[ff9ff06f] j       pc - 0x8
C0:       1021 [1] pc=[0000000080000078] W[r30=0000000080001078][1] R[r 0=0000000000000000] R[r 0=0000000000000000] inst=[00001f17] auipc   t5, 0x1
C0:       1022 [1] pc=[000000008000007c] W[r 0=0000000000000000][0] R[r30=0000000080001078] R[r 3=0000000000000001] inst=[f83f2423] sw      gp, -120(t5)
C0:       1023 [1] pc=[0000000080000080] W[r 0=0000000080000084][1] R[r 0=0000000000000000] R[r 0=0000000000000000] inst=[ff9ff06f] j       pc - 0x8
C0:       1024 [1] pc=[0000000080000078] W[r30=0000000080001078][1] R[r 0=0000000000000000] R[r 0=0000000000000000] inst=[00001f17] auipc   t5, 0x1
C0:       1025 [1] pc=[000000008000007c] W[r 0=0000000000000000][0] R[r30=0000000080001078] R[r 3=0000000000000001] inst=[f83f2423] sw      gp, -120(t5)
C0:       1026 [1] pc=[0000000080000080] W[r 0=0000000080000084][1] R[r 0=0000000000000000] R[r 0=0000000000000000] inst=[ff9ff06f] j       pc - 0x8
C0:       1027 [1] pc=[0000000080000078] W[r30=0000000080001078][1] R[r 0=0000000000000000] R[r 0=0000000000000000] inst=[00001f17] auipc   t5, 0x1
C0:       1028 [1] pc=[000000008000007c] W[r 0=0000000000000000][0] R[r30=0000000080001078] R[r 3=0000000000000001] inst=[f83f2423] sw      gp, -120(t5)
C0:       1029 [1] pc=[0000000080000080] W[r 0=0000000080000084][1] R[r 0=0000000000000000] R[r 0=0000000000000000] inst=[ff9ff06f] j       pc - 0x8
C0:       1030 [1] pc=[0000000080000078] W[r30=0000000080001078][1] R[r 0=0000000000000000] R[r 0=0000000000000000] inst=[00001f17] auipc   t5, 0x1
C0:       1031 [1] pc=[000000008000007c] W[r 0=0000000000000000][0] R[r30=0000000080001078] R[r 3=0000000000000001] inst=[f83f2423] sw      gp, -120(t5)
C0:       1032 [1] pc=[0000000080000080] W[r 0=0000000080000084][1] R[r 0=0000000000000000] R[r 0=0000000000000000] inst=[ff9ff06f] j       pc - 0x8
C0:       1033 [1] pc=[0000000080000078] W[r30=0000000080001078][1] R[r 0=0000000000000000] R[r 0=0000000000000000] inst=[00001f17] auipc   t5, 0x1
C0:       1034 [1] pc=[000000008000007c] W[r 0=0000000000000000][0] R[r30=0000000080001078] R[r 3=0000000000000001] inst=[f83f2423] sw      gp, -120(t5)
C0:       1035 [1] pc=[0000000080000080] W[r 0=0000000080000084][1] R[r 0=0000000000000000] R[r 0=0000000000000000] inst=[ff9ff06f] j       pc - 0x8
C0:       1036 [1] pc=[0000000080000078] W[r30=0000000080001078][1] R[r 0=0000000000000000] R[r 0=0000000000000000] inst=[00001f17] auipc   t5, 0x1
C0:       1037 [1] pc=[000000008000007c] W[r 0=0000000000000000][0] R[r30=0000000080001078] R[r 3=0000000000000001] inst=[f83f2423] sw      gp, -120(t5)
C0:       1038 [1] pc=[0000000080000080] W[r 0=0000000080000084][1] R[r 0=0000000000000000] R[r 0=0000000000000000] inst=[ff9ff06f] j       pc - 0x8
C0:       1039 [1] pc=[0000000080000078] W[r30=0000000080001078][1] R[r 0=0000000000000000] R[r 0=0000000000000000] inst=[00001f17] auipc   t5, 0x1
C0:       1040 [1] pc=[000000008000007c] W[r 0=0000000000000000][0] R[r30=0000000080001078] R[r 3=0000000000000001] inst=[f83f2423] sw      gp, -120(t5)
C0:       1041 [1] pc=[0000000080000080] W[r 0=0000000080000084][1] R[r 0=0000000000000000] R[r 0=0000000000000000] inst=[ff9ff06f] j       pc - 0x8
C0:       1042 [1] pc=[0000000080000078] W[r30=0000000080001078][1] R[r 0=0000000000000000] R[r 0=0000000000000000] inst=[00001f17] auipc   t5, 0x1
C0:       1043 [1] pc=[000000008000007c] W[r 0=0000000000000000][0] R[r30=0000000080001078] R[r 3=0000000000000001] inst=[f83f2423] sw      gp, -120(t5)
C0:       1044 [1] pc=[0000000080000080] W[r 0=0000000080000084][1] R[r 0=0000000000000000] R[r 0=0000000000000000] inst=[ff9ff06f] j       pc - 0x8
C0:       1045 [1] pc=[0000000080000078] W[r30=0000000080001078][1] R[r 0=0000000000000000] R[r 0=0000000000000000] inst=[00001f17] auipc   t5, 0x1
C0:       1046 [1] pc=[000000008000007c] W[r 0=0000000000000000][0] R[r30=0000000080001078] R[r 3=0000000000000001] inst=[f83f2423] sw      gp, -120(t5)
C0:       1047 [1] pc=[0000000080000080] W[r 0=0000000080000084][1] R[r 0=0000000000000000] R[r 0=0000000000000000] inst=[ff9ff06f] j       pc - 0x8
C0:       1048 [1] pc=[0000000080000078] W[r30=0000000080001078][1] R[r 0=0000000000000000] R[r 0=0000000000000000] inst=[00001f17] auipc   t5, 0x1
*** PASSED *** Completed after 68185 cycles
