using random seed 1632263577
This emulator compiled with JTAG Remote Bitbang client. To enable, use +jtag_rbb_enable=1.
Listening on port 42563
== Loading device model file '/home/fleker/Desktop/chipyard/generators/testchipip/src/main/resources/dramsim2_ini/DDR3_micron_64M_8B_x4_sg15.ini' == 
== Loading system model file '/home/fleker/Desktop/chipyard/generators/testchipip/src/main/resources/dramsim2_ini/system.ini' == 
===== MemorySystem 0 =====
CH. 0 TOTAL_STORAGE : 4096MB | 1 Ranks | 16 Devices per rank
DRAMSim2 Clock Frequency =666666666Hz, CPU Clock Frequency=100000000Hz
C0:         19 [1] pc=[0000000000010040] W[r10=0000000000010040][1] R[r 0=0000000000000000] R[r 0=0000000000000000] inst=[00000517] auipc   a0, 0x0
C0:         20 [1] pc=[0000000000010044] W[r10=0000000000010000][1] R[r10=0000000000010040] R[r 0=0000000000000000] inst=[fc050513] addi    a0, a0, -64
C0:         21 [1] pc=[0000000000010048] W[r 0=0000000000000000][1] R[r10=0000000000010000] R[r 0=0000000000000000] inst=[30551073] csrw    unknown_305, a0
C0:         26 [1] pc=[000000000001004c] W[r 5=800000000094112d][1] R[r 0=0000000000000000] R[r 0=0000000000000000] inst=[301022f3] csrr    t0, unknown_301
C0:         29 [1] pc=[0000000000010050] W[r 5=ffffe00000000025][1] R[r 5=800000000094112d] R[r 0=0000000000000000] inst=[4122d293] srai    t0, t0, 18
C0:         30 [1] pc=[0000000000010054] W[r 5=0000000000000001][1] R[r 5=ffffe00000000025] R[r 0=0000000000000000] inst=[0012f293] andi    t0, t0, 1
C0:         31 [1] pc=[0000000000010058] W[r 0=0000000000000000][0] R[r 5=0000000000000001] R[r 0=0000000000000000] inst=[00028463] beqz    t0, pc + 8
C0:         32 [1] pc=[000000000001005c] W[r 0=0000000000000000][1] R[r 0=0000000000000000] R[r 0=0000000000000000] inst=[30301073] csrw    unknown_303, zero
C0:         37 [1] pc=[0000000000010060] W[r10=0000000000000008][1] R[r 0=0000000000000000] R[r 0=0000000000000000] inst=[00800513] li      a0, 8
C0:         38 [1] pc=[0000000000010064] W[r 0=0000000000000000][1] R[r10=0000000000000008] R[r 0=0000000000000000] inst=[30451073] csrw    unknown_304, a0
C0:         43 [1] pc=[0000000000010068] W[r 0=0000000a00001800][1] R[r10=0000000000000008] R[r 0=0000000000000000] inst=[30052073] csrs    unknown_300, a0
C0:         48 [1] pc=[000000000001006c] W[r 0=0000000000000000][0] R[r 0=0000000000000000] R[r 0=0000000000000000] inst=[10500073] wfi
C0:         51 [0] pc=[0000000000010070] W[r 0=0000000000000000][0] R[r31=0000000000000008] R[r 0=0000000000000000] inst=[ffdff06f] j       pc - 0x4
C0:         70 [1] pc=[0000000000010000] W[r11=0000000002000000][1] R[r 0=0000000000000000] R[r 0=0000000000000000] inst=[020005b7] lui     a1, 0x2000
C0:         71 [1] pc=[0000000000010004] W[r10=0000000000000000][1] R[r 0=0000000000000000] R[r 0=0000000000000000] inst=[f1402573] csrr    a0, unknown_f14
C0:         74 [1] pc=[0000000000010008] W[r 0=0000000000000000][0] R[r10=0000000000000000] R[r 0=0000000000000000] inst=[00050463] beqz    a0, pc + 8
C0:         78 [1] pc=[0000000000010010] W[r12=0000000002000004][1] R[r11=0000000002000000] R[r 0=0000000000000000] inst=[00458613] addi    a2, a1, 4
C0:         79 [1] pc=[0000000000010014] W[r13=0000000000000001][1] R[r 0=0000000000000000] R[r 0=0000000000000000] inst=[00100693] li      a3, 1
C0:         80 [1] pc=[0000000000010018] W[r 0=0000000000000000][0] R[r12=0000000002000004] R[r13=0000000000000001] inst=[00d62023] sw      a3, 0(a2)
C0:         81 [1] pc=[000000000001001c] W[r12=0000000002000008][1] R[r12=0000000002000004] R[r 0=0000000000000000] inst=[00460613] addi    a2, a2, 4
C0:         87 [1] pc=[0000000000010020] W[r13=0000000000000000][0] R[r12=0000000002000008] R[r 0=0000000000000000] inst=[ffc62683] lw      a3, -4(a2)
C0:         95 [1] pc=[0000000000010024] W[r 0=0000000000000000][0] R[r13=0000000000000000] R[r 0=0000000000000000] inst=[fe069ae3] bnez    a3, pc - 12
C0:         96 [1] pc=[0000000000010028] W[r 0=000000000001002c][1] R[r 0=0000000000000000] R[r 0=0000000000000000] inst=[05c0006f] j       pc + 0x5c
C0:        116 [1] pc=[0000000000010084] W[r 0=0000000000000000][0] R[r11=0000000002000000] R[r 0=0000000000000000] inst=[0005a023] sw      zero, 0(a1)
C0:        117 [1] pc=[0000000000010088] W[r10=0000000000004000][1] R[r 0=0000000000000000] R[r 0=0000000000000000] inst=[00004537] lui     a0, 0x4
C0:        123 [1] pc=[000000000001008c] W[r10=0000000000000000][0] R[r10=0000000000004000] R[r 0=0000000000000000] inst=[00056503] lwu     a0, 0(a0)
C0:        135 [1] pc=[0000000000010090] W[r 0=0000000000010070][1] R[r10=0000000080000000] R[r 0=0000000000000000] inst=[34151073] csrw    unknown_341, a0
C0:        136 [1] pc=[0000000000010094] W[r10=0000000000000000][1] R[r 0=0000000000000000] R[r 0=0000000000000000] inst=[f1402573] csrr    a0, unknown_f14
C0:        137 [1] pc=[0000000000010098] W[r11=0000000000010098][1] R[r 0=0000000000000000] R[r 0=0000000000000000] inst=[00000597] auipc   a1, 0x0
C0:        138 [1] pc=[000000000001009c] W[r11=00000000000100b0][1] R[r11=0000000000010098] R[r 0=0000000000000000] inst=[01858593] addi    a1, a1, 24
C0:        139 [1] pc=[00000000000100a0] W[r12=0000000000000080][1] R[r 0=0000000000000000] R[r 0=0000000000000000] inst=[08000613] li      a2, 128
C0:        140 [1] pc=[00000000000100a4] W[r 0=0000000a00001880][1] R[r12=0000000000000080] R[r 0=0000000000000000] inst=[30063073] csrc    unknown_300, a2
C0:        145 [1] pc=[00000000000100a8] W[r 0=0000000000000000][0] R[r 0=0000000000000000] R[r 0=0000000000000000] inst=[30200073] mret
C0:        166 [1] pc=[0000000080000000] W[r 0=0000000080000004][1] R[r 0=0000000000000000] R[r 0=0000000000000000] inst=[0840006f] j       pc + 0x84
C0:        189 [1] pc=[0000000080000084] W[r 1=0000000000000000][1] R[r 0=0000000000000000] R[r 0=0000000000000000] inst=[00000093] li      ra, 0
C0:        190 [1] pc=[0000000080000088] W[r 2=0000000000000000][1] R[r 0=0000000000000000] R[r 0=0000000000000000] inst=[00000113] li      sp, 0
C0:        191 [1] pc=[000000008000008c] W[r 3=0000000000000000][1] R[r 0=0000000000000000] R[r 0=0000000000000000] inst=[00000193] li      gp, 0
C0:        192 [1] pc=[0000000080000090] W[r 4=0000000000000000][1] R[r 0=0000000000000000] R[r 0=0000000000000000] inst=[00000213] li      tp, 0
C0:        193 [1] pc=[0000000080000094] W[r 5=0000000000000000][1] R[r 0=0000000000000000] R[r 0=0000000000000000] inst=[00000293] li      t0, 0
C0:        194 [1] pc=[0000000080000098] W[r 6=0000000000000000][1] R[r 0=0000000000000000] R[r 0=0000000000000000] inst=[00000313] li      t1, 0
C0:        195 [1] pc=[000000008000009c] W[r 7=0000000000000000][1] R[r 0=0000000000000000] R[r 0=0000000000000000] inst=[00000393] li      t2, 0
C0:        196 [1] pc=[00000000800000a0] W[r 8=0000000000000000][1] R[r 0=0000000000000000] R[r 0=0000000000000000] inst=[00000413] li      s0, 0
C0:        197 [1] pc=[00000000800000a4] W[r 9=0000000000000000][1] R[r 0=0000000000000000] R[r 0=0000000000000000] inst=[00000493] li      s1, 0
C0:        198 [1] pc=[00000000800000a8] W[r10=0000000000000000][1] R[r 0=0000000000000000] R[r 0=0000000000000000] inst=[00000513] li      a0, 0
C0:        199 [1] pc=[00000000800000ac] W[r11=0000000000000000][1] R[r 0=0000000000000000] R[r 0=0000000000000000] inst=[00000593] li      a1, 0
C0:        200 [1] pc=[00000000800000b0] W[r12=0000000000000000][1] R[r 0=0000000000000000] R[r 0=0000000000000000] inst=[00000613] li      a2, 0
C0:        201 [1] pc=[00000000800000b4] W[r13=0000000000000000][1] R[r 0=0000000000000000] R[r 0=0000000000000000] inst=[00000693] li      a3, 0
C0:        202 [1] pc=[00000000800000b8] W[r14=0000000000000000][1] R[r 0=0000000000000000] R[r 0=0000000000000000] inst=[00000713] li      a4, 0
C0:        203 [1] pc=[00000000800000bc] W[r15=0000000000000000][1] R[r 0=0000000000000000] R[r 0=0000000000000000] inst=[00000793] li      a5, 0
C0:        225 [1] pc=[00000000800000c0] W[r16=0000000000000000][1] R[r 0=0000000000000000] R[r 0=0000000000000000] inst=[00000813] li      a6, 0
C0:        226 [1] pc=[00000000800000c4] W[r17=0000000000000000][1] R[r 0=0000000000000000] R[r 0=0000000000000000] inst=[00000893] li      a7, 0
C0:        227 [1] pc=[00000000800000c8] W[r18=0000000000000000][1] R[r 0=0000000000000000] R[r 0=0000000000000000] inst=[00000913] li      s2, 0
C0:        228 [1] pc=[00000000800000cc] W[r19=0000000000000000][1] R[r 0=0000000000000000] R[r 0=0000000000000000] inst=[00000993] li      s3, 0
C0:        229 [1] pc=[00000000800000d0] W[r20=0000000000000000][1] R[r 0=0000000000000000] R[r 0=0000000000000000] inst=[00000a13] li      s4, 0
C0:        230 [1] pc=[00000000800000d4] W[r21=0000000000000000][1] R[r 0=0000000000000000] R[r 0=0000000000000000] inst=[00000a93] li      s5, 0
C0:        231 [1] pc=[00000000800000d8] W[r22=0000000000000000][1] R[r 0=0000000000000000] R[r 0=0000000000000000] inst=[00000b13] li      s6, 0
C0:        232 [1] pc=[00000000800000dc] W[r23=0000000000000000][1] R[r 0=0000000000000000] R[r 0=0000000000000000] inst=[00000b93] li      s7, 0
C0:        233 [1] pc=[00000000800000e0] W[r24=0000000000000000][1] R[r 0=0000000000000000] R[r 0=0000000000000000] inst=[00000c13] li      s8, 0
C0:        234 [1] pc=[00000000800000e4] W[r25=0000000000000000][1] R[r 0=0000000000000000] R[r 0=0000000000000000] inst=[00000c93] li      s9, 0
C0:        235 [1] pc=[00000000800000e8] W[r26=0000000000000000][1] R[r 0=0000000000000000] R[r 0=0000000000000000] inst=[00000d13] li      s10, 0
C0:        236 [1] pc=[00000000800000ec] W[r27=0000000000000000][1] R[r 0=0000000000000000] R[r 0=0000000000000000] inst=[00000d93] li      s11, 0
C0:        237 [1] pc=[00000000800000f0] W[r28=0000000000000000][1] R[r 0=0000000000000000] R[r 0=0000000000000000] inst=[00000e13] li      t3, 0
C0:        238 [1] pc=[00000000800000f4] W[r29=0000000000000000][1] R[r 0=0000000000000000] R[r 0=0000000000000000] inst=[00000e93] li      t4, 0
C0:        239 [1] pc=[00000000800000f8] W[r30=0000000000000000][1] R[r 0=0000000000000000] R[r 0=0000000000000000] inst=[00000f13] li      t5, 0
C0:        240 [1] pc=[00000000800000fc] W[r31=0000000000000000][1] R[r 0=0000000000000000] R[r 0=0000000000000000] inst=[00000f93] li      t6, 0
C0:        262 [1] pc=[0000000080000100] W[r10=0000000000000000][1] R[r 0=0000000000000000] R[r 0=0000000000000000] inst=[f1402573] csrr    a0, unknown_f14
C0:        265 [1] pc=[0000000080000104] W[r 0=0000000000000000][0] R[r10=0000000000000000] R[r 0=0000000000000000] inst=[00051063] bnez    a0, pc + 0
C0:        266 [1] pc=[0000000080000108] W[r 5=0000000080000108][1] R[r 0=0000000000000000] R[r 0=0000000000000000] inst=[00000297] auipc   t0, 0x0
C0:        267 [1] pc=[000000008000010c] W[r 5=0000000080000118][1] R[r 5=0000000080000108] R[r 0=0000000000000000] inst=[01028293] addi    t0, t0, 16
C0:        268 [1] pc=[0000000080000110] W[r 0=0000000000010000][1] R[r 5=0000000080000118] R[r 0=0000000000000000] inst=[30529073] csrw    unknown_305, t0
C0:        273 [1] pc=[0000000080000114] W[r 0=0000000000000000][1] R[r 0=0000000000000000] R[r 0=0000000000000000] inst=[18005073] csrwi   unknown_180, 0
C0:        278 [1] pc=[0000000080000118] W[r 5=0000000080000118][1] R[r 0=0000000000000000] R[r 0=0000000000000000] inst=[00000297] auipc   t0, 0x0
C0:        279 [1] pc=[000000008000011c] W[r 5=000000008000013c][1] R[r 5=0000000080000118] R[r 0=0000000000000000] inst=[02428293] addi    t0, t0, 36
C0:        280 [1] pc=[0000000080000120] W[r 0=0000000080000118][1] R[r 5=000000008000013c] R[r 0=0000000000000000] inst=[30529073] csrw    unknown_305, t0
C0:        285 [1] pc=[0000000080000124] W[r 5=0000000000000001][1] R[r 0=0000000000000000] R[r 0=0000000000000000] inst=[0010029b] addiw   t0, zero, 1
C0:        286 [1] pc=[0000000080000128] W[r 5=0020000000000000][1] R[r 5=0000000000000001] R[r 0=0000000000000000] inst=[03529293] slli    t0, t0, 53
C0:        287 [1] pc=[000000008000012c] W[r 5=001fffffffffffff][1] R[r 5=0020000000000000] R[r 0=0000000000000000] inst=[fff28293] addi    t0, t0, -1
C0:        288 [1] pc=[0000000080000130] W[r 0=0000000000000000][1] R[r 5=001fffffffffffff] R[r 0=0000000000000000] inst=[3b029073] csrw    unknown_3b0, t0
C0:        293 [1] pc=[0000000080000134] W[r 5=000000000000001f][1] R[r 0=0000000000000000] R[r 0=0000000000000000] inst=[01f00293] li      t0, 31
C0:        294 [1] pc=[0000000080000138] W[r 0=0000000000000000][1] R[r 5=000000000000001f] R[r 0=0000000000000000] inst=[3a029073] csrw    unknown_3a0, t0
C0:        299 [1] pc=[000000008000013c] W[r 0=0000000000000008][1] R[r 0=0000000000000000] R[r 0=0000000000000000] inst=[30405073] csrwi   unknown_304, 0
C0:        316 [1] pc=[0000000080000140] W[r 5=0000000080000140][1] R[r 0=0000000000000000] R[r 0=0000000000000000] inst=[00000297] auipc   t0, 0x0
C0:        317 [1] pc=[0000000080000144] W[r 5=0000000080000154][1] R[r 5=0000000080000140] R[r 0=0000000000000000] inst=[01428293] addi    t0, t0, 20
C0:        318 [1] pc=[0000000080000148] W[r 0=000000008000013c][1] R[r 5=0000000080000154] R[r 0=0000000000000000] inst=[30529073] csrw    unknown_305, t0
C0:        323 [1] pc=[000000008000014c] W[r 0=0000000000000000][1] R[r 0=0000000000000000] R[r 0=0000000000000000] inst=[30205073] csrwi   unknown_302, 0
C0:        328 [1] pc=[0000000080000150] W[r 0=0000000000000000][1] R[r 0=0000000000000000] R[r 0=0000000000000000] inst=[30305073] csrwi   unknown_303, 0
C0:        333 [1] pc=[0000000080000154] W[r 3=0000000000000000][1] R[r 0=0000000000000000] R[r 0=0000000000000000] inst=[00000193] li      gp, 0
C0:        334 [1] pc=[0000000080000158] W[r 5=0000000080000158][1] R[r 0=0000000000000000] R[r 0=0000000000000000] inst=[00000297] auipc   t0, 0x0
C0:        335 [1] pc=[000000008000015c] W[r 5=0000000080000004][1] R[r 5=0000000080000158] R[r 0=0000000000000000] inst=[eac28293] addi    t0, t0, -340
C0:        336 [1] pc=[0000000080000160] W[r 0=0000000080000154][1] R[r 5=0000000080000004] R[r 0=0000000000000000] inst=[30529073] csrw    unknown_305, t0
C0:        341 [1] pc=[0000000080000164] W[r10=0000000000000001][1] R[r 0=0000000000000000] R[r 0=0000000000000000] inst=[00100513] li      a0, 1
C0:        342 [1] pc=[0000000080000168] W[r10=0000000080000000][1] R[r10=0000000000000001] R[r 0=0000000000000000] inst=[01f51513] slli    a0, a0, 31
C0:        343 [1] pc=[000000008000016c] W[r 0=0000000000000000][0] R[r10=0000000080000000] R[r 0=0000000000000000] inst=[00055c63] bgez    a0, pc + 24
C0:        368 [1] pc=[0000000080000184] W[r 5=0000000080000184][1] R[r 0=0000000000000000] R[r 0=0000000000000000] inst=[00000297] auipc   t0, 0x0
C0:        369 [1] pc=[0000000080000188] W[r 5=000000008000038c][1] R[r 5=0000000080000184] R[r 0=0000000000000000] inst=[20828293] addi    t0, t0, 520
C0:        370 [1] pc=[000000008000018c] W[r 0=0000000000000000][0] R[r 5=000000008000038c] R[r 0=0000000000000000] inst=[00028a63] beqz    t0, pc + 20
C0:        371 [1] pc=[0000000080000190] W[r 0=0000000000000000][1] R[r 5=000000008000038c] R[r 0=0000000000000000] inst=[10529073] csrw    unknown_105, t0
C0:        376 [1] pc=[0000000080000194] W[r 5=000000000000b000][1] R[r 0=0000000000000000] R[r 0=0000000000000000] inst=[0000b2b7] lui     t0, 0xb
C0:        377 [1] pc=[0000000080000198] W[r 5=000000000000b109][1] R[r 5=000000000000b000] R[r 0=0000000000000000] inst=[1092829b] addiw   t0, t0, 265
C0:        378 [1] pc=[000000008000019c] W[r 0=0000000000000000][1] R[r 5=000000000000b109] R[r 0=0000000000000000] inst=[30229073] csrw    unknown_302, t0
C0:        383 [1] pc=[00000000800001a0] W[r 0=0000000a00000080][1] R[r 0=0000000000000000] R[r 0=0000000000000000] inst=[30005073] csrwi   unknown_300, 0
C0:        388 [1] pc=[00000000800001a4] W[r10=0000000000001000][1] R[r 0=0000000000000000] R[r 0=0000000000000000] inst=[00001537] lui     a0, 0x1
C0:        389 [1] pc=[00000000800001a8] W[r10=0000000000000800][1] R[r10=0000000000001000] R[r 0=0000000000000000] inst=[8005051b] addiw   a0, a0, -2048
C0:        390 [1] pc=[00000000800001ac] W[r 0=0000000a00000000][1] R[r10=0000000000000800] R[r 0=0000000000000000] inst=[30052073] csrs    unknown_300, a0
C0:        395 [1] pc=[00000000800001b0] W[r10=0000000000000022][1] R[r 0=0000000000000000] R[r 0=0000000000000000] inst=[02200513] li      a0, 34
C0:        396 [1] pc=[00000000800001b4] W[r 0=0000000000000000][1] R[r10=0000000000000022] R[r 0=0000000000000000] inst=[30352073] csrs    unknown_303, a0
C0:        401 [1] pc=[00000000800001b8] W[r 5=00000000800001b8][1] R[r 0=0000000000000000] R[r 0=0000000000000000] inst=[00000297] auipc   t0, 0x0
C0:        402 [1] pc=[00000000800001bc] W[r 5=00000000800001cc][1] R[r 5=00000000800001b8] R[r 0=0000000000000000] inst=[01428293] addi    t0, t0, 20
C0:        424 [1] pc=[00000000800001c0] W[r 0=0000000080000000][1] R[r 5=00000000800001cc] R[r 0=0000000000000000] inst=[34129073] csrw    unknown_341, t0
C0:        425 [1] pc=[00000000800001c4] W[r10=0000000000000000][1] R[r 0=0000000000000000] R[r 0=0000000000000000] inst=[f1402573] csrr    a0, unknown_f14
C0:        426 [1] pc=[00000000800001c8] W[r 0=0000000000000000][0] R[r 0=0000000000000000] R[r 0=0000000000000000] inst=[30200073] mret
C0:        431 [1] pc=[00000000800001cc] W[r10=0000000200000000][1] R[r 0=0000000000000000] R[r 0=0000000000000000] inst=[10002573] csrr    a0, unknown_100
C0:        432 [1] pc=[00000000800001d0] W[r11=0000000000000003][1] R[r 0=0000000000000000] R[r 0=0000000000000000] inst=[0030059b] addiw   a1, zero, 3
C0:        433 [1] pc=[00000000800001d4] W[r11=0000000300000000][1] R[r11=0000000000000003] R[r 0=0000000000000000] inst=[02059593] slli    a1, a1, 32
C0:        434 [1] pc=[00000000800001d8] W[r10=0000000200000000][1] R[r10=0000000200000000] R[r11=0000000300000000] inst=[00b57533] and     a0, a0, a1
C0:        435 [1] pc=[00000000800001dc] W[r 7=0000000000000001][1] R[r 0=0000000000000000] R[r 0=0000000000000000] inst=[0010039b] addiw   t2, zero, 1
C0:        436 [1] pc=[00000000800001e0] W[r 7=0000000200000000][1] R[r 7=0000000000000001] R[r 0=0000000000000000] inst=[02139393] slli    t2, t2, 33
C0:        437 [1] pc=[00000000800001e4] W[r 3=0000000000000012][1] R[r 0=0000000000000000] R[r 0=0000000000000000] inst=[01200193] li      gp, 18
C0:        438 [1] pc=[00000000800001e8] W[r 0=0000000000000000][0] R[r10=0000000200000000] R[r 7=0000000200000000] inst=[16751a63] bne     a0, t2, pc + 372
C0:        439 [1] pc=[00000000800001ec] W[r 0=0000000000000000][1] R[r 0=0000000000000000] R[r 0=0000000000000000] inst=[14001073] csrw    unknown_140, zero
C0:        440 [1] pc=[00000000800001f0] W[r10=0000000000000000][1] R[r 0=0000000000000000] R[r 0=0000000000000000] inst=[14002573] csrr    a0, unknown_140
C0:        441 [1] pc=[00000000800001f4] W[r 7=0000000000000000][1] R[r 0=0000000000000000] R[r 0=0000000000000000] inst=[00000393] li      t2, 0
C0:        442 [1] pc=[00000000800001f8] W[r 3=0000000000000014][1] R[r 0=0000000000000000] R[r 0=0000000000000000] inst=[01400193] li      gp, 20
C0:        443 [1] pc=[00000000800001fc] W[r 0=0000000000000000][0] R[r10=0000000000000000] R[r 7=0000000000000000] inst=[16751063] bne     a0, t2, pc + 352
C0:        465 [1] pc=[0000000080000200] W[r10=0000000000000000][1] R[r 0=0000000000000000] R[r 0=0000000000000000] inst=[14005573] csrrwi  a0, unknown_140, 0
C0:        468 [1] pc=[0000000080000204] W[r10=0000000000000000][1] R[r 0=0000000000000000] R[r 0=0000000000000000] inst=[1407d573] csrrwi  a0, unknown_140, 15
C0:        469 [1] pc=[0000000080000208] W[r 7=0000000000000000][1] R[r 0=0000000000000000] R[r 0=0000000000000000] inst=[00000393] li      t2, 0
C0:        470 [1] pc=[000000008000020c] W[r 3=0000000000000015][1] R[r 0=0000000000000000] R[r 0=0000000000000000] inst=[01500193] li      gp, 21
C0:        471 [1] pc=[0000000080000210] W[r 0=0000000000000000][0] R[r10=0000000000000000] R[r 7=0000000000000000] inst=[14751663] bne     a0, t2, pc + 332
C0:        472 [1] pc=[0000000080000214] W[r 0=000000000000000f][1] R[r 0=0000000000000000] R[r 0=0000000000000000] inst=[14086073] csrsi   unknown_140, 16
C0:        473 [1] pc=[0000000080000218] W[r10=000000000000001f][1] R[r 0=0000000000000000] R[r 0=0000000000000000] inst=[14002573] csrr    a0, unknown_140
C0:        474 [1] pc=[000000008000021c] W[r 7=000000000000001f][1] R[r 0=0000000000000000] R[r 0=0000000000000000] inst=[01f00393] li      t2, 31
C0:        475 [1] pc=[0000000080000220] W[r 3=0000000000000016][1] R[r 0=0000000000000000] R[r 0=0000000000000000] inst=[01600193] li      gp, 22
C0:        476 [1] pc=[0000000080000224] W[r 0=0000000000000000][0] R[r10=000000000000001f] R[r 7=000000000000001f] inst=[12751c63] bne     a0, t2, pc + 312
C0:        477 [1] pc=[0000000080000228] W[r 0=000000000000001f][1] R[r 0=0000000000000000] R[r 0=0000000000000000] inst=[1401d073] csrwi   unknown_140, 3
C0:        478 [1] pc=[000000008000022c] W[r10=0000000000000003][1] R[r 0=0000000000000000] R[r 0=0000000000000000] inst=[14002573] csrr    a0, unknown_140
C0:        479 [1] pc=[0000000080000230] W[r 7=0000000000000003][1] R[r 0=0000000000000000] R[r 0=0000000000000000] inst=[00300393] li      t2, 3
C0:        480 [1] pc=[0000000080000234] W[r 3=0000000000000002][1] R[r 0=0000000000000000] R[r 0=0000000000000000] inst=[00200193] li      gp, 2
C0:        481 [1] pc=[0000000080000238] W[r 0=0000000000000000][0] R[r10=0000000000000003] R[r 7=0000000000000003] inst=[12751263] bne     a0, t2, pc + 292
C0:        482 [1] pc=[000000008000023c] W[r11=0000000000000003][1] R[r 0=0000000000000000] R[r 0=0000000000000000] inst=[1400f5f3] csrrci  a1, unknown_140, 1
C0:        504 [1] pc=[0000000080000240] W[r 7=0000000000000003][1] R[r 0=0000000000000000] R[r 0=0000000000000000] inst=[00300393] li      t2, 3
C0:        505 [1] pc=[0000000080000244] W[r 3=0000000000000003][1] R[r 0=0000000000000000] R[r 0=0000000000000000] inst=[00300193] li      gp, 3
C0:        506 [1] pc=[0000000080000248] W[r 0=0000000000000000][0] R[r11=0000000000000003] R[r 7=0000000000000003] inst=[10759a63] bne     a1, t2, pc + 276
C0:        507 [1] pc=[000000008000024c] W[r12=0000000000000002][1] R[r 0=0000000000000000] R[r 0=0000000000000000] inst=[14026673] csrrsi  a2, unknown_140, 4
C0:        508 [1] pc=[0000000080000250] W[r 7=0000000000000002][1] R[r 0=0000000000000000] R[r 0=0000000000000000] inst=[00200393] li      t2, 2
C0:        509 [1] pc=[0000000080000254] W[r 3=0000000000000004][1] R[r 0=0000000000000000] R[r 0=0000000000000000] inst=[00400193] li      gp, 4
C0:        510 [1] pc=[0000000080000258] W[r 0=0000000000000000][0] R[r12=0000000000000002] R[r 7=0000000000000002] inst=[10761263] bne     a2, t2, pc + 260
C0:        511 [1] pc=[000000008000025c] W[r13=0000000000000006][1] R[r 0=0000000000000000] R[r 0=0000000000000000] inst=[140156f3] csrrwi  a3, unknown_140, 2
C0:        512 [1] pc=[0000000080000260] W[r 7=0000000000000006][1] R[r 0=0000000000000000] R[r 0=0000000000000000] inst=[00600393] li      t2, 6
C0:        513 [1] pc=[0000000080000264] W[r 3=0000000000000005][1] R[r 0=0000000000000000] R[r 0=0000000000000000] inst=[00500193] li      gp, 5
C0:        514 [1] pc=[0000000080000268] W[r 0=0000000000000000][0] R[r13=0000000000000006] R[r 7=0000000000000006] inst=[0e769a63] bne     a3, t2, pc + 244
C0:        515 [1] pc=[000000008000026c] W[r10=000000000bad2000][1] R[r 0=0000000000000000] R[r 0=0000000000000000] inst=[0bad2537] lui     a0, 0xbad2
C0:        516 [1] pc=[0000000080000270] W[r10=000000000bad1dea][1] R[r10=000000000bad2000] R[r 0=0000000000000000] inst=[dea5051b] addiw   a0, a0, -534
C0:        517 [1] pc=[0000000080000274] W[r11=0000000000000002][1] R[r10=000000000bad1dea] R[r 0=0000000000000000] inst=[140515f3] csrrw   a1, unknown_140, a0
C0:        518 [1] pc=[0000000080000278] W[r 7=0000000000000002][1] R[r 0=0000000000000000] R[r 0=0000000000000000] inst=[00200393] li      t2, 2
C0:        519 [1] pc=[000000008000027c] W[r 3=0000000000000006][1] R[r 0=0000000000000000] R[r 0=0000000000000000] inst=[00600193] li      gp, 6
C0:        541 [1] pc=[0000000080000280] W[r 0=0000000000000000][0] R[r11=0000000000000002] R[r 7=0000000000000002] inst=[0c759e63] bne     a1, t2, pc + 220
C0:        542 [1] pc=[0000000080000284] W[r10=0000000000002000][1] R[r 0=0000000000000000] R[r 0=0000000000000000] inst=[00002537] lui     a0, 0x2
C0:        543 [1] pc=[0000000080000288] W[r10=0000000000001dea][1] R[r10=0000000000002000] R[r 0=0000000000000000] inst=[dea5051b] addiw   a0, a0, -534
C0:        544 [1] pc=[000000008000028c] W[r11=000000000bad1dea][1] R[r10=0000000000001dea] R[r 0=0000000000000000] inst=[140535f3] csrrc   a1, unknown_140, a0
C0:        545 [1] pc=[0000000080000290] W[r 7=000000000bad2000][1] R[r 0=0000000000000000] R[r 0=0000000000000000] inst=[0bad23b7] lui     t2, 0xbad2
C0:        546 [1] pc=[0000000080000294] W[r 7=000000000bad1dea][1] R[r 7=000000000bad2000] R[r 0=0000000000000000] inst=[dea3839b] addiw   t2, t2, -534
C0:        547 [1] pc=[0000000080000298] W[r 3=0000000000000007][1] R[r 0=0000000000000000] R[r 0=0000000000000000] inst=[00700193] li      gp, 7
C0:        548 [1] pc=[000000008000029c] W[r 0=0000000000000000][0] R[r11=000000000bad1dea] R[r 7=000000000bad1dea] inst=[0c759063] bne     a1, t2, pc + 192
C0:        549 [1] pc=[00000000800002a0] W[r10=000000000000c000][1] R[r 0=0000000000000000] R[r 0=0000000000000000] inst=[0000c537] lui     a0, 0xc
C0:        550 [1] pc=[00000000800002a4] W[r10=000000000000beef][1] R[r10=000000000000c000] R[r 0=0000000000000000] inst=[eef5051b] addiw   a0, a0, -273
C0:        551 [1] pc=[00000000800002a8] W[r11=000000000bad0000][1] R[r10=000000000000beef] R[r 0=0000000000000000] inst=[140525f3] csrrs   a1, unknown_140, a0
C0:        552 [1] pc=[00000000800002ac] W[r 7=000000000bad0000][1] R[r 0=0000000000000000] R[r 0=0000000000000000] inst=[0bad03b7] lui     t2, 0xbad0
C0:        553 [1] pc=[00000000800002b0] W[r 3=0000000000000008][1] R[r 0=0000000000000000] R[r 0=0000000000000000] inst=[00800193] li      gp, 8
C0:        554 [1] pc=[00000000800002b4] W[r 0=0000000000000000][0] R[r11=000000000bad0000] R[r 7=000000000bad0000] inst=[0a759463] bne     a1, t2, pc + 168
C0:        555 [1] pc=[00000000800002b8] W[r10=000000000bad2000][1] R[r 0=0000000000000000] R[r 0=0000000000000000] inst=[0bad2537] lui     a0, 0xbad2
C0:        556 [1] pc=[00000000800002bc] W[r10=000000000bad1dea][1] R[r10=000000000bad2000] R[r 0=0000000000000000] inst=[dea5051b] addiw   a0, a0, -534
C0:        578 [1] pc=[00000000800002c0] W[r10=000000000badbeef][1] R[r10=000000000bad1dea] R[r 0=0000000000000000] inst=[14051573] csrrw   a0, unknown_140, a0
C0:        579 [1] pc=[00000000800002c4] W[r 7=000000000badc000][1] R[r 0=0000000000000000] R[r 0=0000000000000000] inst=[0badc3b7] lui     t2, 0xbadc
C0:        580 [1] pc=[00000000800002c8] W[r 7=000000000badbeef][1] R[r 7=000000000badc000] R[r 0=0000000000000000] inst=[eef3839b] addiw   t2, t2, -273
C0:        581 [1] pc=[00000000800002cc] W[r 3=0000000000000009][1] R[r 0=0000000000000000] R[r 0=0000000000000000] inst=[00900193] li      gp, 9
C0:        582 [1] pc=[00000000800002d0] W[r 0=0000000000000000][0] R[r10=000000000badbeef] R[r 7=000000000badbeef] inst=[08751663] bne     a0, t2, pc + 140
C0:        583 [1] pc=[00000000800002d4] W[r10=0000000000002000][1] R[r 0=0000000000000000] R[r 0=0000000000000000] inst=[00002537] lui     a0, 0x2
C0:        584 [1] pc=[00000000800002d8] W[r10=0000000000001dea][1] R[r10=0000000000002000] R[r 0=0000000000000000] inst=[dea5051b] addiw   a0, a0, -534
C0:        585 [1] pc=[00000000800002dc] W[r10=000000000bad1dea][1] R[r10=0000000000001dea] R[r 0=0000000000000000] inst=[14053573] csrrc   a0, unknown_140, a0
C0:        586 [1] pc=[00000000800002e0] W[r 7=000000000bad2000][1] R[r 0=0000000000000000] R[r 0=0000000000000000] inst=[0bad23b7] lui     t2, 0xbad2
C0:        587 [1] pc=[00000000800002e4] W[r 7=000000000bad1dea][1] R[r 7=000000000bad2000] R[r 0=0000000000000000] inst=[dea3839b] addiw   t2, t2, -534
C0:        588 [1] pc=[00000000800002e8] W[r 3=000000000000000a][1] R[r 0=0000000000000000] R[r 0=0000000000000000] inst=[00a00193] li      gp, 10
C0:        589 [1] pc=[00000000800002ec] W[r 0=0000000000000000][0] R[r10=000000000bad1dea] R[r 7=000000000bad1dea] inst=[06751863] bne     a0, t2, pc + 112
C0:        590 [1] pc=[00000000800002f0] W[r10=000000000000c000][1] R[r 0=0000000000000000] R[r 0=0000000000000000] inst=[0000c537] lui     a0, 0xc
C0:        591 [1] pc=[00000000800002f4] W[r10=000000000000beef][1] R[r10=000000000000c000] R[r 0=0000000000000000] inst=[eef5051b] addiw   a0, a0, -273
C0:        592 [1] pc=[00000000800002f8] W[r10=000000000bad0000][1] R[r10=000000000000beef] R[r 0=0000000000000000] inst=[14052573] csrrs   a0, unknown_140, a0
C0:        593 [1] pc=[00000000800002fc] W[r 7=000000000bad0000][1] R[r 0=0000000000000000] R[r 0=0000000000000000] inst=[0bad03b7] lui     t2, 0xbad0
C0:        615 [1] pc=[0000000080000300] W[r 3=000000000000000b][1] R[r 0=0000000000000000] R[r 0=0000000000000000] inst=[00b00193] li      gp, 11
C0:        616 [1] pc=[0000000080000304] W[r 0=0000000000000000][0] R[r10=000000000bad0000] R[r 7=000000000bad0000] inst=[04751c63] bne     a0, t2, pc + 88
C0:        617 [1] pc=[0000000080000308] W[r10=000000000badbeef][1] R[r 0=0000000000000000] R[r 0=0000000000000000] inst=[14002573] csrr    a0, unknown_140
C0:        618 [1] pc=[000000008000030c] W[r 7=000000000badc000][1] R[r 0=0000000000000000] R[r 0=0000000000000000] inst=[0badc3b7] lui     t2, 0xbadc
C0:        619 [1] pc=[0000000080000310] W[r 7=000000000badbeef][1] R[r 7=000000000badc000] R[r 0=0000000000000000] inst=[eef3839b] addiw   t2, t2, -273
C0:        620 [1] pc=[0000000080000314] W[r 3=000000000000000c][1] R[r 0=0000000000000000] R[r 0=0000000000000000] inst=[00c00193] li      gp, 12
C0:        621 [1] pc=[0000000080000318] W[r 0=0000000000000000][0] R[r10=000000000badbeef] R[r 7=000000000badbeef] inst=[04751263] bne     a0, t2, pc + 68
C0:        622 [1] pc=[000000008000031c] W[r 5=0000000000000100][1] R[r 0=0000000000000000] R[r 0=0000000000000000] inst=[10000293] li      t0, 256
C0:        623 [1] pc=[0000000080000320] W[r 0=0000000200000000][1] R[r 5=0000000000000100] R[r 0=0000000000000000] inst=[1002b073] csrc    unknown_100, t0
C0:        628 [1] pc=[0000000080000324] W[r 5=0000000080000324][1] R[r 0=0000000000000000] R[r 0=0000000000000000] inst=[00000297] auipc   t0, 0x0
C0:        629 [1] pc=[0000000080000328] W[r 5=0000000080000334][1] R[r 5=0000000080000324] R[r 0=0000000000000000] inst=[01028293] addi    t0, t0, 16
C0:        630 [1] pc=[000000008000032c] W[r 0=0000000000000000][1] R[r 5=0000000080000334] R[r 0=0000000000000000] inst=[14129073] csrw    unknown_141, t0
C0:        631 [1] pc=[0000000080000330] W[r 0=0000000000000000][0] R[r 0=0000000000000000] R[r 0=0000000000000000] inst=[10200073] sret
C0:        636 [1] pc=[0000000080000334] W[r 0=0000000000000000][1] R[r 0=0000000000000000] R[r 0=0000000000000000] inst=[00000013] nop
C0:        637 [1] pc=[0000000080000338] W[r 7=0000000000000000][1] R[r 0=0000000000000000] R[r 0=0000000000000000] inst=[00000393] li      t2, 0
C0:        638 [1] pc=[000000008000033c] W[r 3=000000000000000f][1] R[r 0=0000000000000000] R[r 0=0000000000000000] inst=[00f00193] li      gp, 15
C0:        660 [1] pc=[0000000080000340] W[r 0=0000000000000000][0] R[r 0=0000000000000000] R[r 7=0000000000000000] inst=[00701e63] bne     zero, t2, pc + 28
C0:        661 [1] pc=[0000000080000344] W[r 0=0000000000000000][0] R[r 0=0000000000000000] R[r 0=0000000000000000] inst=[0ff0000f] fence   iorw,iorw
C0:        662 [1] pc=[0000000080000348] W[r 3=0000000000000001][1] R[r 0=0000000000000000] R[r 0=0000000000000000] inst=[00100193] li      gp, 1
C0:        663 [1] pc=[000000008000034c] W[r17=000000000000005d][1] R[r 0=0000000000000000] R[r 0=0000000000000000] inst=[05d00893] li      a7, 93
C0:        664 [1] pc=[0000000080000350] W[r10=0000000000000000][1] R[r 0=0000000000000000] R[r 0=0000000000000000] inst=[00000513] li      a0, 0
C0:        665 [0] pc=[0000000080000354] W[r 0=0000000000000000][0] R[r 0=0000000000000000] R[r 0=0000000000000000] inst=[00000073] ecall
C0:        686 [1] pc=[000000008000038c] W[r 5=000000000000000c][1] R[r 0=0000000000000000] R[r 0=0000000000000000] inst=[00c00293] li      t0, 12
C0:        687 [1] pc=[0000000080000390] W[r 0=0000000000000000][0] R[r 3=0000000000000001] R[r 5=000000000000000c] inst=[0051e663] bltu    gp, t0, pc + 12
C0:        691 [1] pc=[000000008000039c] W[r 5=0000000000000008][1] R[r 0=0000000000000000] R[r 0=0000000000000000] inst=[142022f3] csrr    t0, unknown_142
C0:        692 [1] pc=[00000000800003a0] W[r 6=0000000000000008][1] R[r 0=0000000000000000] R[r 0=0000000000000000] inst=[00800313] li      t1, 8
C0:        694 [1] pc=[00000000800003a4] W[r 0=0000000000000000][0] R[r 5=0000000000000008] R[r 6=0000000000000008] inst=[fa629ce3] bne     t0, t1, pc - 72
C0:        695 [1] pc=[00000000800003a8] W[r 0=0000000000000000][0] R[r 0=0000000000000000] R[r 0=0000000000000000] inst=[0ff0000f] fence   iorw,iorw
C0:        696 [1] pc=[00000000800003ac] W[r 3=0000000000000001][1] R[r 0=0000000000000000] R[r 0=0000000000000000] inst=[00100193] li      gp, 1
C0:        697 [1] pc=[00000000800003b0] W[r17=000000000000005d][1] R[r 0=0000000000000000] R[r 0=0000000000000000] inst=[05d00893] li      a7, 93
C0:        698 [1] pc=[00000000800003b4] W[r10=0000000000000000][1] R[r 0=0000000000000000] R[r 0=0000000000000000] inst=[00000513] li      a0, 0
C0:        699 [0] pc=[00000000800003b8] W[r 0=0000000000000000][0] R[r 0=0000000000000000] R[r 0=0000000000000000] inst=[00000073] ecall
C0:        704 [1] pc=[0000000080000004] W[r30=0000000000000009][1] R[r 0=0000000000000000] R[r 0=0000000000000000] inst=[34202f73] csrr    t5, unknown_342
C0:        705 [1] pc=[0000000080000008] W[r31=0000000000000008][1] R[r 0=0000000000000000] R[r 0=0000000000000000] inst=[00800f93] li      t6, 8
C0:        707 [1] pc=[000000008000000c] W[r 0=0000000000000000][0] R[r30=0000000000000009] R[r31=0000000000000008] inst=[07ff0663] beq     t5, t6, pc + 108
C0:        708 [1] pc=[0000000080000010] W[r31=0000000000000009][1] R[r 0=0000000000000000] R[r 0=0000000000000000] inst=[00900f93] li      t6, 9
C0:        709 [1] pc=[0000000080000014] W[r 0=0000000000000000][0] R[r30=0000000000000009] R[r31=0000000000000009] inst=[07ff0263] beq     t5, t6, pc + 100
C0:        734 [1] pc=[0000000080000078] W[r30=0000000080001078][1] R[r 0=0000000000000000] R[r 0=0000000000000000] inst=[00001f17] auipc   t5, 0x1
C0:        751 [1] pc=[000000008000007c] W[r 0=0000000000000000][0] R[r30=0000000080001078] R[r 3=0000000000000001] inst=[f83f2423] sw      gp, -120(t5)
C0:        752 [1] pc=[0000000080000080] W[r 0=0000000080000084][1] R[r 0=0000000000000000] R[r 0=0000000000000000] inst=[ff9ff06f] j       pc - 0x8
C0:        753 [1] pc=[0000000080000078] W[r30=0000000080001078][1] R[r 0=0000000000000000] R[r 0=0000000000000000] inst=[00001f17] auipc   t5, 0x1
C0:        754 [1] pc=[000000008000007c] W[r 0=0000000000000000][0] R[r30=0000000080001078] R[r 3=0000000000000001] inst=[f83f2423] sw      gp, -120(t5)
C0:        755 [1] pc=[0000000080000080] W[r 0=0000000080000084][1] R[r 0=0000000000000000] R[r 0=0000000000000000] inst=[ff9ff06f] j       pc - 0x8
C0:        756 [1] pc=[0000000080000078] W[r30=0000000080001078][1] R[r 0=0000000000000000] R[r 0=0000000000000000] inst=[00001f17] auipc   t5, 0x1
C0:        757 [1] pc=[000000008000007c] W[r 0=0000000000000000][0] R[r30=0000000080001078] R[r 3=0000000000000001] inst=[f83f2423] sw      gp, -120(t5)
C0:        758 [1] pc=[0000000080000080] W[r 0=0000000080000084][1] R[r 0=0000000000000000] R[r 0=0000000000000000] inst=[ff9ff06f] j       pc - 0x8
C0:        759 [1] pc=[0000000080000078] W[r30=0000000080001078][1] R[r 0=0000000000000000] R[r 0=0000000000000000] inst=[00001f17] auipc   t5, 0x1
C0:        760 [1] pc=[000000008000007c] W[r 0=0000000000000000][0] R[r30=0000000080001078] R[r 3=0000000000000001] inst=[f83f2423] sw      gp, -120(t5)
C0:        761 [1] pc=[0000000080000080] W[r 0=0000000080000084][1] R[r 0=0000000000000000] R[r 0=0000000000000000] inst=[ff9ff06f] j       pc - 0x8
C0:        762 [1] pc=[0000000080000078] W[r30=0000000080001078][1] R[r 0=0000000000000000] R[r 0=0000000000000000] inst=[00001f17] auipc   t5, 0x1
C0:        763 [1] pc=[000000008000007c] W[r 0=0000000000000000][0] R[r30=0000000080001078] R[r 3=0000000000000001] inst=[f83f2423] sw      gp, -120(t5)
C0:        764 [1] pc=[0000000080000080] W[r 0=0000000080000084][1] R[r 0=0000000000000000] R[r 0=0000000000000000] inst=[ff9ff06f] j       pc - 0x8
C0:        765 [1] pc=[0000000080000078] W[r30=0000000080001078][1] R[r 0=0000000000000000] R[r 0=0000000000000000] inst=[00001f17] auipc   t5, 0x1
C0:        766 [1] pc=[000000008000007c] W[r 0=0000000000000000][0] R[r30=0000000080001078] R[r 3=0000000000000001] inst=[f83f2423] sw      gp, -120(t5)
C0:        767 [1] pc=[0000000080000080] W[r 0=0000000080000084][1] R[r 0=0000000000000000] R[r 0=0000000000000000] inst=[ff9ff06f] j       pc - 0x8
C0:        768 [1] pc=[0000000080000078] W[r30=0000000080001078][1] R[r 0=0000000000000000] R[r 0=0000000000000000] inst=[00001f17] auipc   t5, 0x1
C0:        769 [1] pc=[000000008000007c] W[r 0=0000000000000000][0] R[r30=0000000080001078] R[r 3=0000000000000001] inst=[f83f2423] sw      gp, -120(t5)
C0:        770 [1] pc=[0000000080000080] W[r 0=0000000080000084][1] R[r 0=0000000000000000] R[r 0=0000000000000000] inst=[ff9ff06f] j       pc - 0x8
C0:        771 [1] pc=[0000000080000078] W[r30=0000000080001078][1] R[r 0=0000000000000000] R[r 0=0000000000000000] inst=[00001f17] auipc   t5, 0x1
C0:        772 [1] pc=[000000008000007c] W[r 0=0000000000000000][0] R[r30=0000000080001078] R[r 3=0000000000000001] inst=[f83f2423] sw      gp, -120(t5)
C0:        773 [1] pc=[0000000080000080] W[r 0=0000000080000084][1] R[r 0=0000000000000000] R[r 0=0000000000000000] inst=[ff9ff06f] j       pc - 0x8
C0:        774 [1] pc=[0000000080000078] W[r30=0000000080001078][1] R[r 0=0000000000000000] R[r 0=0000000000000000] inst=[00001f17] auipc   t5, 0x1
C0:        775 [1] pc=[000000008000007c] W[r 0=0000000000000000][0] R[r30=0000000080001078] R[r 3=0000000000000001] inst=[f83f2423] sw      gp, -120(t5)
C0:        776 [1] pc=[0000000080000080] W[r 0=0000000080000084][1] R[r 0=0000000000000000] R[r 0=0000000000000000] inst=[ff9ff06f] j       pc - 0x8
C0:        777 [1] pc=[0000000080000078] W[r30=0000000080001078][1] R[r 0=0000000000000000] R[r 0=0000000000000000] inst=[00001f17] auipc   t5, 0x1
C0:        778 [1] pc=[000000008000007c] W[r 0=0000000000000000][0] R[r30=0000000080001078] R[r 3=0000000000000001] inst=[f83f2423] sw      gp, -120(t5)
C0:        779 [1] pc=[0000000080000080] W[r 0=0000000080000084][1] R[r 0=0000000000000000] R[r 0=0000000000000000] inst=[ff9ff06f] j       pc - 0x8
C0:        780 [1] pc=[0000000080000078] W[r30=0000000080001078][1] R[r 0=0000000000000000] R[r 0=0000000000000000] inst=[00001f17] auipc   t5, 0x1
C0:        781 [1] pc=[000000008000007c] W[r 0=0000000000000000][0] R[r30=0000000080001078] R[r 3=0000000000000001] inst=[f83f2423] sw      gp, -120(t5)
C0:        782 [1] pc=[0000000080000080] W[r 0=0000000080000084][1] R[r 0=0000000000000000] R[r 0=0000000000000000] inst=[ff9ff06f] j       pc - 0x8
C0:        783 [1] pc=[0000000080000078] W[r30=0000000080001078][1] R[r 0=0000000000000000] R[r 0=0000000000000000] inst=[00001f17] auipc   t5, 0x1
C0:        784 [1] pc=[000000008000007c] W[r 0=0000000000000000][0] R[r30=0000000080001078] R[r 3=0000000000000001] inst=[f83f2423] sw      gp, -120(t5)
C0:        785 [1] pc=[0000000080000080] W[r 0=0000000080000084][1] R[r 0=0000000000000000] R[r 0=0000000000000000] inst=[ff9ff06f] j       pc - 0x8
C0:        786 [1] pc=[0000000080000078] W[r30=0000000080001078][1] R[r 0=0000000000000000] R[r 0=0000000000000000] inst=[00001f17] auipc   t5, 0x1
C0:        812 [1] pc=[000000008000007c] W[r 0=0000000000000000][0] R[r30=0000000080001078] R[r 3=0000000000000001] inst=[f83f2423] sw      gp, -120(t5)
C0:        813 [1] pc=[0000000080000080] W[r 0=0000000080000084][1] R[r 0=0000000000000000] R[r 0=0000000000000000] inst=[ff9ff06f] j       pc - 0x8
C0:        814 [1] pc=[0000000080000078] W[r30=0000000080001078][1] R[r 0=0000000000000000] R[r 0=0000000000000000] inst=[00001f17] auipc   t5, 0x1
C0:        815 [1] pc=[000000008000007c] W[r 0=0000000000000000][0] R[r30=0000000080001078] R[r 3=0000000000000001] inst=[f83f2423] sw      gp, -120(t5)
C0:        816 [1] pc=[0000000080000080] W[r 0=0000000080000084][1] R[r 0=0000000000000000] R[r 0=0000000000000000] inst=[ff9ff06f] j       pc - 0x8
C0:        817 [1] pc=[0000000080000078] W[r30=0000000080001078][1] R[r 0=0000000000000000] R[r 0=0000000000000000] inst=[00001f17] auipc   t5, 0x1
C0:        818 [1] pc=[000000008000007c] W[r 0=0000000000000000][0] R[r30=0000000080001078] R[r 3=0000000000000001] inst=[f83f2423] sw      gp, -120(t5)
C0:        819 [1] pc=[0000000080000080] W[r 0=0000000080000084][1] R[r 0=0000000000000000] R[r 0=0000000000000000] inst=[ff9ff06f] j       pc - 0x8
C0:        820 [1] pc=[0000000080000078] W[r30=0000000080001078][1] R[r 0=0000000000000000] R[r 0=0000000000000000] inst=[00001f17] auipc   t5, 0x1
C0:        821 [1] pc=[000000008000007c] W[r 0=0000000000000000][0] R[r30=0000000080001078] R[r 3=0000000000000001] inst=[f83f2423] sw      gp, -120(t5)
C0:        822 [1] pc=[0000000080000080] W[r 0=0000000080000084][1] R[r 0=0000000000000000] R[r 0=0000000000000000] inst=[ff9ff06f] j       pc - 0x8
C0:        823 [1] pc=[0000000080000078] W[r30=0000000080001078][1] R[r 0=0000000000000000] R[r 0=0000000000000000] inst=[00001f17] auipc   t5, 0x1
C0:        824 [1] pc=[000000008000007c] W[r 0=0000000000000000][0] R[r30=0000000080001078] R[r 3=0000000000000001] inst=[f83f2423] sw      gp, -120(t5)
C0:        825 [1] pc=[0000000080000080] W[r 0=0000000080000084][1] R[r 0=0000000000000000] R[r 0=0000000000000000] inst=[ff9ff06f] j       pc - 0x8
C0:        826 [1] pc=[0000000080000078] W[r30=0000000080001078][1] R[r 0=0000000000000000] R[r 0=0000000000000000] inst=[00001f17] auipc   t5, 0x1
C0:        827 [1] pc=[000000008000007c] W[r 0=0000000000000000][0] R[r30=0000000080001078] R[r 3=0000000000000001] inst=[f83f2423] sw      gp, -120(t5)
C0:        828 [1] pc=[0000000080000080] W[r 0=0000000080000084][1] R[r 0=0000000000000000] R[r 0=0000000000000000] inst=[ff9ff06f] j       pc - 0x8
C0:        829 [1] pc=[0000000080000078] W[r30=0000000080001078][1] R[r 0=0000000000000000] R[r 0=0000000000000000] inst=[00001f17] auipc   t5, 0x1
C0:        830 [1] pc=[000000008000007c] W[r 0=0000000000000000][0] R[r30=0000000080001078] R[r 3=0000000000000001] inst=[f83f2423] sw      gp, -120(t5)
C0:        831 [1] pc=[0000000080000080] W[r 0=0000000080000084][1] R[r 0=0000000000000000] R[r 0=0000000000000000] inst=[ff9ff06f] j       pc - 0x8
C0:        832 [1] pc=[0000000080000078] W[r30=0000000080001078][1] R[r 0=0000000000000000] R[r 0=0000000000000000] inst=[00001f17] auipc   t5, 0x1
C0:        833 [1] pc=[000000008000007c] W[r 0=0000000000000000][0] R[r30=0000000080001078] R[r 3=0000000000000001] inst=[f83f2423] sw      gp, -120(t5)
C0:        834 [1] pc=[0000000080000080] W[r 0=0000000080000084][1] R[r 0=0000000000000000] R[r 0=0000000000000000] inst=[ff9ff06f] j       pc - 0x8
C0:        835 [1] pc=[0000000080000078] W[r30=0000000080001078][1] R[r 0=0000000000000000] R[r 0=0000000000000000] inst=[00001f17] auipc   t5, 0x1
C0:        836 [1] pc=[000000008000007c] W[r 0=0000000000000000][0] R[r30=0000000080001078] R[r 3=0000000000000001] inst=[f83f2423] sw      gp, -120(t5)
C0:        837 [1] pc=[0000000080000080] W[r 0=0000000080000084][1] R[r 0=0000000000000000] R[r 0=0000000000000000] inst=[ff9ff06f] j       pc - 0x8
C0:        838 [1] pc=[0000000080000078] W[r30=0000000080001078][1] R[r 0=0000000000000000] R[r 0=0000000000000000] inst=[00001f17] auipc   t5, 0x1
C0:        839 [1] pc=[000000008000007c] W[r 0=0000000000000000][0] R[r30=0000000080001078] R[r 3=0000000000000001] inst=[f83f2423] sw      gp, -120(t5)
C0:        840 [1] pc=[0000000080000080] W[r 0=0000000080000084][1] R[r 0=0000000000000000] R[r 0=0000000000000000] inst=[ff9ff06f] j       pc - 0x8
C0:        841 [1] pc=[0000000080000078] W[r30=0000000080001078][1] R[r 0=0000000000000000] R[r 0=0000000000000000] inst=[00001f17] auipc   t5, 0x1
C0:        842 [1] pc=[000000008000007c] W[r 0=0000000000000000][0] R[r30=0000000080001078] R[r 3=0000000000000001] inst=[f83f2423] sw      gp, -120(t5)
C0:        843 [1] pc=[0000000080000080] W[r 0=0000000080000084][1] R[r 0=0000000000000000] R[r 0=0000000000000000] inst=[ff9ff06f] j       pc - 0x8
C0:        844 [1] pc=[0000000080000078] W[r30=0000000080001078][1] R[r 0=0000000000000000] R[r 0=0000000000000000] inst=[00001f17] auipc   t5, 0x1
*** PASSED *** Completed after 66379 cycles
