using random seed 1632263096
This emulator compiled with JTAG Remote Bitbang client. To enable, use +jtag_rbb_enable=1.
Listening on port 43445
== Loading device model file '/home/fleker/Desktop/chipyard/generators/testchipip/src/main/resources/dramsim2_ini/DDR3_micron_64M_8B_x4_sg15.ini' == 
== Loading system model file '/home/fleker/Desktop/chipyard/generators/testchipip/src/main/resources/dramsim2_ini/system.ini' == 
===== MemorySystem 0 =====
CH. 0 TOTAL_STORAGE : 4096MB | 1 Ranks | 16 Devices per rank
DRAMSim2 Clock Frequency =666666666Hz, CPU Clock Frequency=100000000Hz
C0:         19 [1] pc=[0000000000010040] W[r10=0000000000010040][1] R[r 0=0000000000000000] R[r 0=0000000000000000] inst=[00000517] auipc   a0, 0x0
C0:         20 [1] pc=[0000000000010044] W[r10=0000000000010000][1] R[r10=0000000000010040] R[r 0=0000000000000000] inst=[fc050513] addi    a0, a0, -64
C0:         21 [1] pc=[0000000000010048] W[r 0=0000000000000000][1] R[r10=0000000000010000] R[r 0=0000000000000000] inst=[30551073] csrw    unknown_305, a0
C0:         26 [1] pc=[000000000001004c] W[r 5=800000000094112d][1] R[r 0=0000000000000000] R[r 0=0000000000000000] inst=[301022f3] csrr    t0, unknown_301
C0:         29 [1] pc=[0000000000010050] W[r 5=ffffe00000000025][1] R[r 5=800000000094112d] R[r 0=0000000000000000] inst=[4122d293] srai    t0, t0, 18
C0:         30 [1] pc=[0000000000010054] W[r 5=0000000000000001][1] R[r 5=ffffe00000000025] R[r 0=0000000000000000] inst=[0012f293] andi    t0, t0, 1
C0:         31 [1] pc=[0000000000010058] W[r 0=0000000000000000][0] R[r 5=0000000000000001] R[r 0=0000000000000000] inst=[00028463] beqz    t0, pc + 8
C0:         32 [1] pc=[000000000001005c] W[r 0=0000000000000000][1] R[r 0=0000000000000000] R[r 0=0000000000000000] inst=[30301073] csrw    unknown_303, zero
C0:         37 [1] pc=[0000000000010060] W[r10=0000000000000008][1] R[r 0=0000000000000000] R[r 0=0000000000000000] inst=[00800513] li      a0, 8
C0:         38 [1] pc=[0000000000010064] W[r 0=0000000000000000][1] R[r10=0000000000000008] R[r 0=0000000000000000] inst=[30451073] csrw    unknown_304, a0
C0:         43 [1] pc=[0000000000010068] W[r 0=0000000a00001800][1] R[r10=0000000000000008] R[r 0=0000000000000000] inst=[30052073] csrs    unknown_300, a0
C0:         48 [1] pc=[000000000001006c] W[r 0=0000000000000000][0] R[r 0=0000000000000000] R[r 0=0000000000000000] inst=[10500073] wfi
C0:         51 [0] pc=[0000000000010070] W[r 0=0000000000000000][0] R[r31=0000000000000008] R[r 0=0000000000000000] inst=[ffdff06f] j       pc - 0x4
C0:         70 [1] pc=[0000000000010000] W[r11=0000000002000000][1] R[r 0=0000000000000000] R[r 0=0000000000000000] inst=[020005b7] lui     a1, 0x2000
C0:         71 [1] pc=[0000000000010004] W[r10=0000000000000000][1] R[r 0=0000000000000000] R[r 0=0000000000000000] inst=[f1402573] csrr    a0, unknown_f14
C0:         74 [1] pc=[0000000000010008] W[r 0=0000000000000000][0] R[r10=0000000000000000] R[r 0=0000000000000000] inst=[00050463] beqz    a0, pc + 8
C0:         78 [1] pc=[0000000000010010] W[r12=0000000002000004][1] R[r11=0000000002000000] R[r 0=0000000000000000] inst=[00458613] addi    a2, a1, 4
C0:         79 [1] pc=[0000000000010014] W[r13=0000000000000001][1] R[r 0=0000000000000000] R[r 0=0000000000000000] inst=[00100693] li      a3, 1
C0:         80 [1] pc=[0000000000010018] W[r 0=0000000000000000][0] R[r12=0000000002000004] R[r13=0000000000000001] inst=[00d62023] sw      a3, 0(a2)
C0:         81 [1] pc=[000000000001001c] W[r12=0000000002000008][1] R[r12=0000000002000004] R[r 0=0000000000000000] inst=[00460613] addi    a2, a2, 4
C0:         87 [1] pc=[0000000000010020] W[r13=0000000000000000][0] R[r12=0000000002000008] R[r 0=0000000000000000] inst=[ffc62683] lw      a3, -4(a2)
C0:         95 [1] pc=[0000000000010024] W[r 0=0000000000000000][0] R[r13=0000000000000000] R[r 0=0000000000000000] inst=[fe069ae3] bnez    a3, pc - 12
C0:         96 [1] pc=[0000000000010028] W[r 0=000000000001002c][1] R[r 0=0000000000000000] R[r 0=0000000000000000] inst=[05c0006f] j       pc + 0x5c
C0:        116 [1] pc=[0000000000010084] W[r 0=0000000000000000][0] R[r11=0000000002000000] R[r 0=0000000000000000] inst=[0005a023] sw      zero, 0(a1)
C0:        117 [1] pc=[0000000000010088] W[r10=0000000000004000][1] R[r 0=0000000000000000] R[r 0=0000000000000000] inst=[00004537] lui     a0, 0x4
C0:        123 [1] pc=[000000000001008c] W[r10=0000000000000000][0] R[r10=0000000000004000] R[r 0=0000000000000000] inst=[00056503] lwu     a0, 0(a0)
C0:        135 [1] pc=[0000000000010090] W[r 0=0000000000010070][1] R[r10=0000000080000000] R[r 0=0000000000000000] inst=[34151073] csrw    unknown_341, a0
C0:        136 [1] pc=[0000000000010094] W[r10=0000000000000000][1] R[r 0=0000000000000000] R[r 0=0000000000000000] inst=[f1402573] csrr    a0, unknown_f14
C0:        137 [1] pc=[0000000000010098] W[r11=0000000000010098][1] R[r 0=0000000000000000] R[r 0=0000000000000000] inst=[00000597] auipc   a1, 0x0
C0:        138 [1] pc=[000000000001009c] W[r11=00000000000100b0][1] R[r11=0000000000010098] R[r 0=0000000000000000] inst=[01858593] addi    a1, a1, 24
C0:        139 [1] pc=[00000000000100a0] W[r12=0000000000000080][1] R[r 0=0000000000000000] R[r 0=0000000000000000] inst=[08000613] li      a2, 128
C0:        140 [1] pc=[00000000000100a4] W[r 0=0000000a00001880][1] R[r12=0000000000000080] R[r 0=0000000000000000] inst=[30063073] csrc    unknown_300, a2
C0:        145 [1] pc=[00000000000100a8] W[r 0=0000000000000000][0] R[r 0=0000000000000000] R[r 0=0000000000000000] inst=[30200073] mret
C0:        166 [1] pc=[0000000080000000] W[r 0=0000000080000004][1] R[r 0=0000000000000000] R[r 0=0000000000000000] inst=[0840006f] j       pc + 0x84
C0:        189 [1] pc=[0000000080000084] W[r 1=0000000000000000][1] R[r 0=0000000000000000] R[r 0=0000000000000000] inst=[00000093] li      ra, 0
C0:        190 [1] pc=[0000000080000088] W[r 2=0000000000000000][1] R[r 0=0000000000000000] R[r 0=0000000000000000] inst=[00000113] li      sp, 0
C0:        191 [1] pc=[000000008000008c] W[r 3=0000000000000000][1] R[r 0=0000000000000000] R[r 0=0000000000000000] inst=[00000193] li      gp, 0
C0:        192 [1] pc=[0000000080000090] W[r 4=0000000000000000][1] R[r 0=0000000000000000] R[r 0=0000000000000000] inst=[00000213] li      tp, 0
C0:        193 [1] pc=[0000000080000094] W[r 5=0000000000000000][1] R[r 0=0000000000000000] R[r 0=0000000000000000] inst=[00000293] li      t0, 0
C0:        194 [1] pc=[0000000080000098] W[r 6=0000000000000000][1] R[r 0=0000000000000000] R[r 0=0000000000000000] inst=[00000313] li      t1, 0
C0:        195 [1] pc=[000000008000009c] W[r 7=0000000000000000][1] R[r 0=0000000000000000] R[r 0=0000000000000000] inst=[00000393] li      t2, 0
C0:        196 [1] pc=[00000000800000a0] W[r 8=0000000000000000][1] R[r 0=0000000000000000] R[r 0=0000000000000000] inst=[00000413] li      s0, 0
C0:        197 [1] pc=[00000000800000a4] W[r 9=0000000000000000][1] R[r 0=0000000000000000] R[r 0=0000000000000000] inst=[00000493] li      s1, 0
C0:        198 [1] pc=[00000000800000a8] W[r10=0000000000000000][1] R[r 0=0000000000000000] R[r 0=0000000000000000] inst=[00000513] li      a0, 0
C0:        199 [1] pc=[00000000800000ac] W[r11=0000000000000000][1] R[r 0=0000000000000000] R[r 0=0000000000000000] inst=[00000593] li      a1, 0
C0:        200 [1] pc=[00000000800000b0] W[r12=0000000000000000][1] R[r 0=0000000000000000] R[r 0=0000000000000000] inst=[00000613] li      a2, 0
C0:        201 [1] pc=[00000000800000b4] W[r13=0000000000000000][1] R[r 0=0000000000000000] R[r 0=0000000000000000] inst=[00000693] li      a3, 0
C0:        202 [1] pc=[00000000800000b8] W[r14=0000000000000000][1] R[r 0=0000000000000000] R[r 0=0000000000000000] inst=[00000713] li      a4, 0
C0:        203 [1] pc=[00000000800000bc] W[r15=0000000000000000][1] R[r 0=0000000000000000] R[r 0=0000000000000000] inst=[00000793] li      a5, 0
C0:        225 [1] pc=[00000000800000c0] W[r16=0000000000000000][1] R[r 0=0000000000000000] R[r 0=0000000000000000] inst=[00000813] li      a6, 0
C0:        226 [1] pc=[00000000800000c4] W[r17=0000000000000000][1] R[r 0=0000000000000000] R[r 0=0000000000000000] inst=[00000893] li      a7, 0
C0:        227 [1] pc=[00000000800000c8] W[r18=0000000000000000][1] R[r 0=0000000000000000] R[r 0=0000000000000000] inst=[00000913] li      s2, 0
C0:        228 [1] pc=[00000000800000cc] W[r19=0000000000000000][1] R[r 0=0000000000000000] R[r 0=0000000000000000] inst=[00000993] li      s3, 0
C0:        229 [1] pc=[00000000800000d0] W[r20=0000000000000000][1] R[r 0=0000000000000000] R[r 0=0000000000000000] inst=[00000a13] li      s4, 0
C0:        230 [1] pc=[00000000800000d4] W[r21=0000000000000000][1] R[r 0=0000000000000000] R[r 0=0000000000000000] inst=[00000a93] li      s5, 0
C0:        231 [1] pc=[00000000800000d8] W[r22=0000000000000000][1] R[r 0=0000000000000000] R[r 0=0000000000000000] inst=[00000b13] li      s6, 0
C0:        232 [1] pc=[00000000800000dc] W[r23=0000000000000000][1] R[r 0=0000000000000000] R[r 0=0000000000000000] inst=[00000b93] li      s7, 0
C0:        233 [1] pc=[00000000800000e0] W[r24=0000000000000000][1] R[r 0=0000000000000000] R[r 0=0000000000000000] inst=[00000c13] li      s8, 0
C0:        234 [1] pc=[00000000800000e4] W[r25=0000000000000000][1] R[r 0=0000000000000000] R[r 0=0000000000000000] inst=[00000c93] li      s9, 0
C0:        235 [1] pc=[00000000800000e8] W[r26=0000000000000000][1] R[r 0=0000000000000000] R[r 0=0000000000000000] inst=[00000d13] li      s10, 0
C0:        236 [1] pc=[00000000800000ec] W[r27=0000000000000000][1] R[r 0=0000000000000000] R[r 0=0000000000000000] inst=[00000d93] li      s11, 0
C0:        237 [1] pc=[00000000800000f0] W[r28=0000000000000000][1] R[r 0=0000000000000000] R[r 0=0000000000000000] inst=[00000e13] li      t3, 0
C0:        238 [1] pc=[00000000800000f4] W[r29=0000000000000000][1] R[r 0=0000000000000000] R[r 0=0000000000000000] inst=[00000e93] li      t4, 0
C0:        239 [1] pc=[00000000800000f8] W[r30=0000000000000000][1] R[r 0=0000000000000000] R[r 0=0000000000000000] inst=[00000f13] li      t5, 0
C0:        240 [1] pc=[00000000800000fc] W[r31=0000000000000000][1] R[r 0=0000000000000000] R[r 0=0000000000000000] inst=[00000f93] li      t6, 0
C0:        262 [1] pc=[0000000080000100] W[r10=0000000000000000][1] R[r 0=0000000000000000] R[r 0=0000000000000000] inst=[f1402573] csrr    a0, unknown_f14
C0:        265 [1] pc=[0000000080000104] W[r 0=0000000000000000][0] R[r10=0000000000000000] R[r 0=0000000000000000] inst=[00051063] bnez    a0, pc + 0
C0:        266 [1] pc=[0000000080000108] W[r 5=0000000080000108][1] R[r 0=0000000000000000] R[r 0=0000000000000000] inst=[00000297] auipc   t0, 0x0
C0:        267 [1] pc=[000000008000010c] W[r 5=0000000080000118][1] R[r 5=0000000080000108] R[r 0=0000000000000000] inst=[01028293] addi    t0, t0, 16
C0:        268 [1] pc=[0000000080000110] W[r 0=0000000000010000][1] R[r 5=0000000080000118] R[r 0=0000000000000000] inst=[30529073] csrw    unknown_305, t0
C0:        273 [1] pc=[0000000080000114] W[r 0=0000000000000000][1] R[r 0=0000000000000000] R[r 0=0000000000000000] inst=[18005073] csrwi   unknown_180, 0
C0:        278 [1] pc=[0000000080000118] W[r 5=0000000080000118][1] R[r 0=0000000000000000] R[r 0=0000000000000000] inst=[00000297] auipc   t0, 0x0
C0:        279 [1] pc=[000000008000011c] W[r 5=000000008000013c][1] R[r 5=0000000080000118] R[r 0=0000000000000000] inst=[02428293] addi    t0, t0, 36
C0:        280 [1] pc=[0000000080000120] W[r 0=0000000080000118][1] R[r 5=000000008000013c] R[r 0=0000000000000000] inst=[30529073] csrw    unknown_305, t0
C0:        285 [1] pc=[0000000080000124] W[r 5=0000000000000001][1] R[r 0=0000000000000000] R[r 0=0000000000000000] inst=[0010029b] addiw   t0, zero, 1
C0:        286 [1] pc=[0000000080000128] W[r 5=0020000000000000][1] R[r 5=0000000000000001] R[r 0=0000000000000000] inst=[03529293] slli    t0, t0, 53
C0:        287 [1] pc=[000000008000012c] W[r 5=001fffffffffffff][1] R[r 5=0020000000000000] R[r 0=0000000000000000] inst=[fff28293] addi    t0, t0, -1
C0:        288 [1] pc=[0000000080000130] W[r 0=0000000000000000][1] R[r 5=001fffffffffffff] R[r 0=0000000000000000] inst=[3b029073] csrw    unknown_3b0, t0
C0:        293 [1] pc=[0000000080000134] W[r 5=000000000000001f][1] R[r 0=0000000000000000] R[r 0=0000000000000000] inst=[01f00293] li      t0, 31
C0:        294 [1] pc=[0000000080000138] W[r 0=0000000000000000][1] R[r 5=000000000000001f] R[r 0=0000000000000000] inst=[3a029073] csrw    unknown_3a0, t0
C0:        299 [1] pc=[000000008000013c] W[r 0=0000000000000008][1] R[r 0=0000000000000000] R[r 0=0000000000000000] inst=[30405073] csrwi   unknown_304, 0
C0:        316 [1] pc=[0000000080000140] W[r 5=0000000080000140][1] R[r 0=0000000000000000] R[r 0=0000000000000000] inst=[00000297] auipc   t0, 0x0
C0:        317 [1] pc=[0000000080000144] W[r 5=0000000080000154][1] R[r 5=0000000080000140] R[r 0=0000000000000000] inst=[01428293] addi    t0, t0, 20
C0:        318 [1] pc=[0000000080000148] W[r 0=000000008000013c][1] R[r 5=0000000080000154] R[r 0=0000000000000000] inst=[30529073] csrw    unknown_305, t0
C0:        323 [1] pc=[000000008000014c] W[r 0=0000000000000000][1] R[r 0=0000000000000000] R[r 0=0000000000000000] inst=[30205073] csrwi   unknown_302, 0
C0:        328 [1] pc=[0000000080000150] W[r 0=0000000000000000][1] R[r 0=0000000000000000] R[r 0=0000000000000000] inst=[30305073] csrwi   unknown_303, 0
C0:        333 [1] pc=[0000000080000154] W[r 3=0000000000000000][1] R[r 0=0000000000000000] R[r 0=0000000000000000] inst=[00000193] li      gp, 0
C0:        334 [1] pc=[0000000080000158] W[r 5=0000000080000158][1] R[r 0=0000000000000000] R[r 0=0000000000000000] inst=[00000297] auipc   t0, 0x0
C0:        335 [1] pc=[000000008000015c] W[r 5=0000000080000004][1] R[r 5=0000000080000158] R[r 0=0000000000000000] inst=[eac28293] addi    t0, t0, -340
C0:        336 [1] pc=[0000000080000160] W[r 0=0000000080000154][1] R[r 5=0000000080000004] R[r 0=0000000000000000] inst=[30529073] csrw    unknown_305, t0
C0:        341 [1] pc=[0000000080000164] W[r10=0000000000000001][1] R[r 0=0000000000000000] R[r 0=0000000000000000] inst=[00100513] li      a0, 1
C0:        342 [1] pc=[0000000080000168] W[r10=0000000080000000][1] R[r10=0000000000000001] R[r 0=0000000000000000] inst=[01f51513] slli    a0, a0, 31
C0:        343 [1] pc=[000000008000016c] W[r 0=0000000000000000][0] R[r10=0000000080000000] R[r 0=0000000000000000] inst=[00055c63] bgez    a0, pc + 24
C0:        368 [1] pc=[0000000080000184] W[r 5=0000000000000184][1] R[r 0=0000000000000000] R[r 0=0000000000000000] inst=[80000297] auipc   t0, 0x80000
C0:        369 [1] pc=[0000000080000188] W[r 5=0000000000000000][1] R[r 5=0000000000000184] R[r 0=0000000000000000] inst=[e7c28293] addi    t0, t0, -388
C0:        370 [1] pc=[000000008000018c] W[r 0=0000000000000000][0] R[r 5=0000000000000000] R[r 0=0000000000000000] inst=[00028a63] beqz    t0, pc + 20
C0:        374 [1] pc=[00000000800001a0] W[r 0=0000000a00000080][1] R[r 0=0000000000000000] R[r 0=0000000000000000] inst=[30005073] csrwi   unknown_300, 0
C0:        379 [1] pc=[00000000800001a4] W[r 5=00000000800001a4][1] R[r 0=0000000000000000] R[r 0=0000000000000000] inst=[00000297] auipc   t0, 0x0
C0:        380 [1] pc=[00000000800001a8] W[r 5=00000000800001b8][1] R[r 5=00000000800001a4] R[r 0=0000000000000000] inst=[01428293] addi    t0, t0, 20
C0:        381 [1] pc=[00000000800001ac] W[r 0=0000000080000000][1] R[r 5=00000000800001b8] R[r 0=0000000000000000] inst=[34129073] csrw    unknown_341, t0
C0:        382 [1] pc=[00000000800001b0] W[r10=0000000000000000][1] R[r 0=0000000000000000] R[r 0=0000000000000000] inst=[f1402573] csrr    a0, unknown_f14
C0:        383 [1] pc=[00000000800001b4] W[r 0=0000000000000000][0] R[r 0=0000000000000000] R[r 0=0000000000000000] inst=[30200073] mret
C0:        388 [1] pc=[00000000800001b8] W[r 1=ffffffffffffffff][1] R[r 0=0000000000000000] R[r 0=0000000000000000] inst=[fff0009b] addiw   ra, zero, -1
C0:        389 [1] pc=[00000000800001bc] W[r 1=ffffff8000000000][1] R[r 1=ffffffffffffffff] R[r 0=0000000000000000] inst=[02709093] slli    ra, ra, 39
C0:        411 [1] pc=[00000000800001c0] W[r14=ffffff8000000000][1] R[r 1=ffffff8000000000] R[r 0=0000000000000000] inst=[4000d713] srai    a4, ra, 0
C0:        412 [1] pc=[00000000800001c4] W[r 7=ffffffffffffffff][1] R[r 0=0000000000000000] R[r 0=0000000000000000] inst=[fff0039b] addiw   t2, zero, -1
C0:        413 [1] pc=[00000000800001c8] W[r 7=ffffff8000000000][1] R[r 7=ffffffffffffffff] R[r 0=0000000000000000] inst=[02739393] slli    t2, t2, 39
C0:        414 [1] pc=[00000000800001cc] W[r 3=0000000000000002][1] R[r 0=0000000000000000] R[r 0=0000000000000000] inst=[00200193] li      gp, 2
C0:        415 [1] pc=[00000000800001d0] W[r 0=0000000000000000][0] R[r14=ffffff8000000000] R[r 7=ffffff8000000000] inst=[2a771463] bne     a4, t2, pc + 680
C0:        416 [1] pc=[00000000800001d4] W[r 1=ffffffff80000000][1] R[r 0=0000000000000000] R[r 0=0000000000000000] inst=[800000b7] lui     ra, 0x80000
C0:        417 [1] pc=[00000000800001d8] W[r14=ffffffffc0000000][1] R[r 1=ffffffff80000000] R[r 0=0000000000000000] inst=[4010d713] srai    a4, ra, 1
C0:        418 [1] pc=[00000000800001dc] W[r 7=ffffffffc0000000][1] R[r 0=0000000000000000] R[r 0=0000000000000000] inst=[c00003b7] lui     t2, 0xc0000
C0:        419 [1] pc=[00000000800001e0] W[r 3=0000000000000003][1] R[r 0=0000000000000000] R[r 0=0000000000000000] inst=[00300193] li      gp, 3
C0:        420 [1] pc=[00000000800001e4] W[r 0=0000000000000000][0] R[r14=ffffffffc0000000] R[r 7=ffffffffc0000000] inst=[28771a63] bne     a4, t2, pc + 660
C0:        421 [1] pc=[00000000800001e8] W[r 1=ffffffff80000000][1] R[r 0=0000000000000000] R[r 0=0000000000000000] inst=[800000b7] lui     ra, 0x80000
C0:        422 [1] pc=[00000000800001ec] W[r14=ffffffffff000000][1] R[r 1=ffffffff80000000] R[r 0=0000000000000000] inst=[4070d713] srai    a4, ra, 7
C0:        423 [1] pc=[00000000800001f0] W[r 7=ffffffffff000000][1] R[r 0=0000000000000000] R[r 0=0000000000000000] inst=[ff0003b7] lui     t2, 0xff000
C0:        424 [1] pc=[00000000800001f4] W[r 3=0000000000000004][1] R[r 0=0000000000000000] R[r 0=0000000000000000] inst=[00400193] li      gp, 4
C0:        425 [1] pc=[00000000800001f8] W[r 0=0000000000000000][0] R[r14=ffffffffff000000] R[r 7=ffffffffff000000] inst=[28771063] bne     a4, t2, pc + 640
C0:        426 [1] pc=[00000000800001fc] W[r 1=ffffffff80000000][1] R[r 0=0000000000000000] R[r 0=0000000000000000] inst=[800000b7] lui     ra, 0x80000
C0:        448 [1] pc=[0000000080000200] W[r14=fffffffffffe0000][1] R[r 1=ffffffff80000000] R[r 0=0000000000000000] inst=[40e0d713] srai    a4, ra, 14
C0:        449 [1] pc=[0000000080000204] W[r 7=fffffffffffe0000][1] R[r 0=0000000000000000] R[r 0=0000000000000000] inst=[fffe03b7] lui     t2, 0xfffe0
C0:        450 [1] pc=[0000000080000208] W[r 3=0000000000000005][1] R[r 0=0000000000000000] R[r 0=0000000000000000] inst=[00500193] li      gp, 5
C0:        451 [1] pc=[000000008000020c] W[r 0=0000000000000000][0] R[r14=fffffffffffe0000] R[r 7=fffffffffffe0000] inst=[26771663] bne     a4, t2, pc + 620
C0:        452 [1] pc=[0000000080000210] W[r 1=ffffffff80000000][1] R[r 0=0000000000000000] R[r 0=0000000000000000] inst=[800000b7] lui     ra, 0x80000
C0:        453 [1] pc=[0000000080000214] W[r 1=ffffffff80000001][1] R[r 1=ffffffff80000000] R[r 0=0000000000000000] inst=[0010809b] addiw   ra, ra, 1
C0:        454 [1] pc=[0000000080000218] W[r14=ffffffffffffffff][1] R[r 1=ffffffff80000001] R[r 0=0000000000000000] inst=[41f0d713] srai    a4, ra, 31
C0:        455 [1] pc=[000000008000021c] W[r 7=ffffffffffffffff][1] R[r 0=0000000000000000] R[r 0=0000000000000000] inst=[fff00393] li      t2, -1
C0:        456 [1] pc=[0000000080000220] W[r 3=0000000000000006][1] R[r 0=0000000000000000] R[r 0=0000000000000000] inst=[00600193] li      gp, 6
C0:        457 [1] pc=[0000000080000224] W[r 0=0000000000000000][0] R[r14=ffffffffffffffff] R[r 7=ffffffffffffffff] inst=[24771a63] bne     a4, t2, pc + 596
C0:        458 [1] pc=[0000000080000228] W[r 1=ffffffff80000000][1] R[r 0=0000000000000000] R[r 0=0000000000000000] inst=[800000b7] lui     ra, 0x80000
C0:        459 [1] pc=[000000008000022c] W[r 1=000000007fffffff][1] R[r 1=ffffffff80000000] R[r 0=0000000000000000] inst=[fff0809b] addiw   ra, ra, -1
C0:        460 [1] pc=[0000000080000230] W[r14=000000007fffffff][1] R[r 1=000000007fffffff] R[r 0=0000000000000000] inst=[4000d713] srai    a4, ra, 0
C0:        461 [1] pc=[0000000080000234] W[r 7=ffffffff80000000][1] R[r 0=0000000000000000] R[r 0=0000000000000000] inst=[800003b7] lui     t2, 0x80000
C0:        462 [1] pc=[0000000080000238] W[r 7=000000007fffffff][1] R[r 7=ffffffff80000000] R[r 0=0000000000000000] inst=[fff3839b] addiw   t2, t2, -1
C0:        463 [1] pc=[000000008000023c] W[r 3=0000000000000007][1] R[r 0=0000000000000000] R[r 0=0000000000000000] inst=[00700193] li      gp, 7
C0:        485 [1] pc=[0000000080000240] W[r 0=0000000000000000][0] R[r14=000000007fffffff] R[r 7=000000007fffffff] inst=[22771c63] bne     a4, t2, pc + 568
C0:        486 [1] pc=[0000000080000244] W[r 1=ffffffff80000000][1] R[r 0=0000000000000000] R[r 0=0000000000000000] inst=[800000b7] lui     ra, 0x80000
C0:        487 [1] pc=[0000000080000248] W[r 1=000000007fffffff][1] R[r 1=ffffffff80000000] R[r 0=0000000000000000] inst=[fff0809b] addiw   ra, ra, -1
C0:        488 [1] pc=[000000008000024c] W[r14=000000003fffffff][1] R[r 1=000000007fffffff] R[r 0=0000000000000000] inst=[4010d713] srai    a4, ra, 1
C0:        489 [1] pc=[0000000080000250] W[r 7=0000000040000000][1] R[r 0=0000000000000000] R[r 0=0000000000000000] inst=[400003b7] lui     t2, 0x40000
C0:        490 [1] pc=[0000000080000254] W[r 7=000000003fffffff][1] R[r 7=0000000040000000] R[r 0=0000000000000000] inst=[fff3839b] addiw   t2, t2, -1
C0:        491 [1] pc=[0000000080000258] W[r 3=0000000000000008][1] R[r 0=0000000000000000] R[r 0=0000000000000000] inst=[00800193] li      gp, 8
C0:        492 [1] pc=[000000008000025c] W[r 0=0000000000000000][0] R[r14=000000003fffffff] R[r 7=000000003fffffff] inst=[20771e63] bne     a4, t2, pc + 540
C0:        493 [1] pc=[0000000080000260] W[r 1=ffffffff80000000][1] R[r 0=0000000000000000] R[r 0=0000000000000000] inst=[800000b7] lui     ra, 0x80000
C0:        494 [1] pc=[0000000080000264] W[r 1=000000007fffffff][1] R[r 1=ffffffff80000000] R[r 0=0000000000000000] inst=[fff0809b] addiw   ra, ra, -1
C0:        495 [1] pc=[0000000080000268] W[r14=0000000000ffffff][1] R[r 1=000000007fffffff] R[r 0=0000000000000000] inst=[4070d713] srai    a4, ra, 7
C0:        496 [1] pc=[000000008000026c] W[r 7=0000000001000000][1] R[r 0=0000000000000000] R[r 0=0000000000000000] inst=[010003b7] lui     t2, 0x1000
C0:        497 [1] pc=[0000000080000270] W[r 7=0000000000ffffff][1] R[r 7=0000000001000000] R[r 0=0000000000000000] inst=[fff3839b] addiw   t2, t2, -1
C0:        498 [1] pc=[0000000080000274] W[r 3=0000000000000009][1] R[r 0=0000000000000000] R[r 0=0000000000000000] inst=[00900193] li      gp, 9
C0:        499 [1] pc=[0000000080000278] W[r 0=0000000000000000][0] R[r14=0000000000ffffff] R[r 7=0000000000ffffff] inst=[20771063] bne     a4, t2, pc + 512
C0:        500 [1] pc=[000000008000027c] W[r 1=ffffffff80000000][1] R[r 0=0000000000000000] R[r 0=0000000000000000] inst=[800000b7] lui     ra, 0x80000
C0:        522 [1] pc=[0000000080000280] W[r 1=000000007fffffff][1] R[r 1=ffffffff80000000] R[r 0=0000000000000000] inst=[fff0809b] addiw   ra, ra, -1
C0:        523 [1] pc=[0000000080000284] W[r14=000000000001ffff][1] R[r 1=000000007fffffff] R[r 0=0000000000000000] inst=[40e0d713] srai    a4, ra, 14
C0:        524 [1] pc=[0000000080000288] W[r 7=0000000000020000][1] R[r 0=0000000000000000] R[r 0=0000000000000000] inst=[000203b7] lui     t2, 0x20
C0:        525 [1] pc=[000000008000028c] W[r 7=000000000001ffff][1] R[r 7=0000000000020000] R[r 0=0000000000000000] inst=[fff3839b] addiw   t2, t2, -1
C0:        526 [1] pc=[0000000080000290] W[r 3=000000000000000a][1] R[r 0=0000000000000000] R[r 0=0000000000000000] inst=[00a00193] li      gp, 10
C0:        527 [1] pc=[0000000080000294] W[r 0=0000000000000000][0] R[r14=000000000001ffff] R[r 7=000000000001ffff] inst=[1e771263] bne     a4, t2, pc + 484
C0:        528 [1] pc=[0000000080000298] W[r 1=ffffffff80000000][1] R[r 0=0000000000000000] R[r 0=0000000000000000] inst=[800000b7] lui     ra, 0x80000
C0:        529 [1] pc=[000000008000029c] W[r 1=000000007fffffff][1] R[r 1=ffffffff80000000] R[r 0=0000000000000000] inst=[fff0809b] addiw   ra, ra, -1
C0:        530 [1] pc=[00000000800002a0] W[r14=0000000000000000][1] R[r 1=000000007fffffff] R[r 0=0000000000000000] inst=[41f0d713] srai    a4, ra, 31
C0:        531 [1] pc=[00000000800002a4] W[r 7=0000000000000000][1] R[r 0=0000000000000000] R[r 0=0000000000000000] inst=[00000393] li      t2, 0
C0:        532 [1] pc=[00000000800002a8] W[r 3=000000000000000b][1] R[r 0=0000000000000000] R[r 0=0000000000000000] inst=[00b00193] li      gp, 11
C0:        533 [1] pc=[00000000800002ac] W[r 0=0000000000000000][0] R[r14=0000000000000000] R[r 7=0000000000000000] inst=[1c771663] bne     a4, t2, pc + 460
C0:        534 [1] pc=[00000000800002b0] W[r 1=ffffffff81818000][1] R[r 0=0000000000000000] R[r 0=0000000000000000] inst=[818180b7] lui     ra, 0x81818
C0:        535 [1] pc=[00000000800002b4] W[r 1=ffffffff81818181][1] R[r 1=ffffffff81818000] R[r 0=0000000000000000] inst=[1810809b] addiw   ra, ra, 385
C0:        536 [1] pc=[00000000800002b8] W[r14=ffffffff81818181][1] R[r 1=ffffffff81818181] R[r 0=0000000000000000] inst=[4000d713] srai    a4, ra, 0
C0:        537 [1] pc=[00000000800002bc] W[r 7=ffffffff81818000][1] R[r 0=0000000000000000] R[r 0=0000000000000000] inst=[818183b7] lui     t2, 0x81818
C0:        559 [1] pc=[00000000800002c0] W[r 7=ffffffff81818181][1] R[r 7=ffffffff81818000] R[r 0=0000000000000000] inst=[1813839b] addiw   t2, t2, 385
C0:        560 [1] pc=[00000000800002c4] W[r 3=000000000000000c][1] R[r 0=0000000000000000] R[r 0=0000000000000000] inst=[00c00193] li      gp, 12
C0:        561 [1] pc=[00000000800002c8] W[r 0=0000000000000000][0] R[r14=ffffffff81818181] R[r 7=ffffffff81818181] inst=[1a771863] bne     a4, t2, pc + 432
C0:        562 [1] pc=[00000000800002cc] W[r 1=ffffffff81818000][1] R[r 0=0000000000000000] R[r 0=0000000000000000] inst=[818180b7] lui     ra, 0x81818
C0:        563 [1] pc=[00000000800002d0] W[r 1=ffffffff81818181][1] R[r 1=ffffffff81818000] R[r 0=0000000000000000] inst=[1810809b] addiw   ra, ra, 385
C0:        564 [1] pc=[00000000800002d4] W[r14=ffffffffc0c0c0c0][1] R[r 1=ffffffff81818181] R[r 0=0000000000000000] inst=[4010d713] srai    a4, ra, 1
C0:        565 [1] pc=[00000000800002d8] W[r 7=ffffffffc0c0c000][1] R[r 0=0000000000000000] R[r 0=0000000000000000] inst=[c0c0c3b7] lui     t2, 0xc0c0c
C0:        566 [1] pc=[00000000800002dc] W[r 7=ffffffffc0c0c0c0][1] R[r 7=ffffffffc0c0c000] R[r 0=0000000000000000] inst=[0c03839b] addiw   t2, t2, 192
C0:        567 [1] pc=[00000000800002e0] W[r 3=000000000000000d][1] R[r 0=0000000000000000] R[r 0=0000000000000000] inst=[00d00193] li      gp, 13
C0:        568 [1] pc=[00000000800002e4] W[r 0=0000000000000000][0] R[r14=ffffffffc0c0c0c0] R[r 7=ffffffffc0c0c0c0] inst=[18771a63] bne     a4, t2, pc + 404
C0:        569 [1] pc=[00000000800002e8] W[r 1=ffffffff81818000][1] R[r 0=0000000000000000] R[r 0=0000000000000000] inst=[818180b7] lui     ra, 0x81818
C0:        570 [1] pc=[00000000800002ec] W[r 1=ffffffff81818181][1] R[r 1=ffffffff81818000] R[r 0=0000000000000000] inst=[1810809b] addiw   ra, ra, 385
C0:        571 [1] pc=[00000000800002f0] W[r14=ffffffffff030303][1] R[r 1=ffffffff81818181] R[r 0=0000000000000000] inst=[4070d713] srai    a4, ra, 7
C0:        572 [1] pc=[00000000800002f4] W[r 7=ffffffffff030000][1] R[r 0=0000000000000000] R[r 0=0000000000000000] inst=[ff0303b7] lui     t2, 0xff030
C0:        573 [1] pc=[00000000800002f8] W[r 7=ffffffffff030303][1] R[r 7=ffffffffff030000] R[r 0=0000000000000000] inst=[3033839b] addiw   t2, t2, 771
C0:        574 [1] pc=[00000000800002fc] W[r 3=000000000000000e][1] R[r 0=0000000000000000] R[r 0=0000000000000000] inst=[00e00193] li      gp, 14
C0:        596 [1] pc=[0000000080000300] W[r 0=0000000000000000][0] R[r14=ffffffffff030303] R[r 7=ffffffffff030303] inst=[16771c63] bne     a4, t2, pc + 376
C0:        597 [1] pc=[0000000080000304] W[r 1=ffffffff81818000][1] R[r 0=0000000000000000] R[r 0=0000000000000000] inst=[818180b7] lui     ra, 0x81818
C0:        598 [1] pc=[0000000080000308] W[r 1=ffffffff81818181][1] R[r 1=ffffffff81818000] R[r 0=0000000000000000] inst=[1810809b] addiw   ra, ra, 385
C0:        599 [1] pc=[000000008000030c] W[r14=fffffffffffe0606][1] R[r 1=ffffffff81818181] R[r 0=0000000000000000] inst=[40e0d713] srai    a4, ra, 14
C0:        600 [1] pc=[0000000080000310] W[r 7=fffffffffffe0000][1] R[r 0=0000000000000000] R[r 0=0000000000000000] inst=[fffe03b7] lui     t2, 0xfffe0
C0:        601 [1] pc=[0000000080000314] W[r 7=fffffffffffe0606][1] R[r 7=fffffffffffe0000] R[r 0=0000000000000000] inst=[6063839b] addiw   t2, t2, 1542
C0:        602 [1] pc=[0000000080000318] W[r 3=000000000000000f][1] R[r 0=0000000000000000] R[r 0=0000000000000000] inst=[00f00193] li      gp, 15
C0:        603 [1] pc=[000000008000031c] W[r 0=0000000000000000][0] R[r14=fffffffffffe0606] R[r 7=fffffffffffe0606] inst=[14771e63] bne     a4, t2, pc + 348
C0:        604 [1] pc=[0000000080000320] W[r 1=ffffffff81818000][1] R[r 0=0000000000000000] R[r 0=0000000000000000] inst=[818180b7] lui     ra, 0x81818
C0:        605 [1] pc=[0000000080000324] W[r 1=ffffffff81818181][1] R[r 1=ffffffff81818000] R[r 0=0000000000000000] inst=[1810809b] addiw   ra, ra, 385
C0:        606 [1] pc=[0000000080000328] W[r14=ffffffffffffffff][1] R[r 1=ffffffff81818181] R[r 0=0000000000000000] inst=[41f0d713] srai    a4, ra, 31
C0:        607 [1] pc=[000000008000032c] W[r 7=ffffffffffffffff][1] R[r 0=0000000000000000] R[r 0=0000000000000000] inst=[fff00393] li      t2, -1
C0:        608 [1] pc=[0000000080000330] W[r 3=0000000000000010][1] R[r 0=0000000000000000] R[r 0=0000000000000000] inst=[01000193] li      gp, 16
C0:        609 [1] pc=[0000000080000334] W[r 0=0000000000000000][0] R[r14=ffffffffffffffff] R[r 7=ffffffffffffffff] inst=[14771263] bne     a4, t2, pc + 324
C0:        610 [1] pc=[0000000080000338] W[r 1=ffffffff80000000][1] R[r 0=0000000000000000] R[r 0=0000000000000000] inst=[800000b7] lui     ra, 0x80000
C0:        611 [1] pc=[000000008000033c] W[r 1=ffffffffff000000][1] R[r 1=ffffffff80000000] R[r 0=0000000000000000] inst=[4070d093] srai    ra, ra, 7
C0:        633 [1] pc=[0000000080000340] W[r 7=ffffffffff000000][1] R[r 0=0000000000000000] R[r 0=0000000000000000] inst=[ff0003b7] lui     t2, 0xff000
C0:        634 [1] pc=[0000000080000344] W[r 3=0000000000000011][1] R[r 0=0000000000000000] R[r 0=0000000000000000] inst=[01100193] li      gp, 17
C0:        635 [1] pc=[0000000080000348] W[r 0=0000000000000000][0] R[r 1=ffffffffff000000] R[r 7=ffffffffff000000] inst=[12709863] bne     ra, t2, pc + 304
C0:        636 [1] pc=[000000008000034c] W[r 4=0000000000000000][1] R[r 0=0000000000000000] R[r 0=0000000000000000] inst=[00000213] li      tp, 0
C0:        637 [1] pc=[0000000080000350] W[r 1=ffffffff80000000][1] R[r 0=0000000000000000] R[r 0=0000000000000000] inst=[800000b7] lui     ra, 0x80000
C0:        638 [1] pc=[0000000080000354] W[r14=ffffffffff000000][1] R[r 1=ffffffff80000000] R[r 0=0000000000000000] inst=[4070d713] srai    a4, ra, 7
C0:        639 [1] pc=[0000000080000358] W[r 6=ffffffffff000000][1] R[r14=ffffffffff000000] R[r 0=0000000000000000] inst=[00070313] mv      t1, a4
C0:        640 [1] pc=[000000008000035c] W[r 4=0000000000000001][1] R[r 4=0000000000000000] R[r 0=0000000000000000] inst=[00120213] addi    tp, tp, 1
C0:        641 [1] pc=[0000000080000360] W[r 5=0000000000000002][1] R[r 0=0000000000000000] R[r 0=0000000000000000] inst=[00200293] li      t0, 2
C0:        642 [1] pc=[0000000080000364] W[r 0=0000000000000000][0] R[r 4=0000000000000001] R[r 5=0000000000000002] inst=[fe5216e3] bne     tp, t0, pc - 20
C0:        646 [1] pc=[0000000080000350] W[r 1=ffffffff80000000][1] R[r 0=0000000000000000] R[r 0=0000000000000000] inst=[800000b7] lui     ra, 0x80000
C0:        647 [1] pc=[0000000080000354] W[r14=ffffffffff000000][1] R[r 1=ffffffff80000000] R[r 0=0000000000000000] inst=[4070d713] srai    a4, ra, 7
C0:        648 [1] pc=[0000000080000358] W[r 6=ffffffffff000000][1] R[r14=ffffffffff000000] R[r 0=0000000000000000] inst=[00070313] mv      t1, a4
C0:        649 [1] pc=[000000008000035c] W[r 4=0000000000000002][1] R[r 4=0000000000000001] R[r 0=0000000000000000] inst=[00120213] addi    tp, tp, 1
C0:        650 [1] pc=[0000000080000360] W[r 5=0000000000000002][1] R[r 0=0000000000000000] R[r 0=0000000000000000] inst=[00200293] li      t0, 2
C0:        651 [1] pc=[0000000080000364] W[r 0=0000000000000000][0] R[r 4=0000000000000002] R[r 5=0000000000000002] inst=[fe5216e3] bne     tp, t0, pc - 20
C0:        652 [1] pc=[0000000080000368] W[r 7=ffffffffff000000][1] R[r 0=0000000000000000] R[r 0=0000000000000000] inst=[ff0003b7] lui     t2, 0xff000
C0:        653 [1] pc=[000000008000036c] W[r 3=0000000000000012][1] R[r 0=0000000000000000] R[r 0=0000000000000000] inst=[01200193] li      gp, 18
C0:        654 [1] pc=[0000000080000370] W[r 0=0000000000000000][0] R[r 6=ffffffffff000000] R[r 7=ffffffffff000000] inst=[10731463] bne     t1, t2, pc + 264
C0:        655 [1] pc=[0000000080000374] W[r 4=0000000000000000][1] R[r 0=0000000000000000] R[r 0=0000000000000000] inst=[00000213] li      tp, 0
C0:        656 [1] pc=[0000000080000378] W[r 1=ffffffff80000000][1] R[r 0=0000000000000000] R[r 0=0000000000000000] inst=[800000b7] lui     ra, 0x80000
C0:        657 [1] pc=[000000008000037c] W[r14=fffffffffffe0000][1] R[r 1=ffffffff80000000] R[r 0=0000000000000000] inst=[40e0d713] srai    a4, ra, 14
C0:        679 [1] pc=[0000000080000380] W[r 0=0000000000000000][1] R[r 0=0000000000000000] R[r 0=0000000000000000] inst=[00000013] nop
C0:        680 [1] pc=[0000000080000384] W[r 6=fffffffffffe0000][1] R[r14=fffffffffffe0000] R[r 0=0000000000000000] inst=[00070313] mv      t1, a4
C0:        681 [1] pc=[0000000080000388] W[r 4=0000000000000001][1] R[r 4=0000000000000000] R[r 0=0000000000000000] inst=[00120213] addi    tp, tp, 1
C0:        682 [1] pc=[000000008000038c] W[r 5=0000000000000002][1] R[r 0=0000000000000000] R[r 0=0000000000000000] inst=[00200293] li      t0, 2
C0:        683 [1] pc=[0000000080000390] W[r 0=0000000000000000][0] R[r 4=0000000000000001] R[r 5=0000000000000002] inst=[fe5214e3] bne     tp, t0, pc - 24
C0:        687 [1] pc=[0000000080000378] W[r 1=ffffffff80000000][1] R[r 0=0000000000000000] R[r 0=0000000000000000] inst=[800000b7] lui     ra, 0x80000
C0:        688 [1] pc=[000000008000037c] W[r14=fffffffffffe0000][1] R[r 1=ffffffff80000000] R[r 0=0000000000000000] inst=[40e0d713] srai    a4, ra, 14
C0:        689 [1] pc=[0000000080000380] W[r 0=0000000000000000][1] R[r 0=0000000000000000] R[r 0=0000000000000000] inst=[00000013] nop
C0:        690 [1] pc=[0000000080000384] W[r 6=fffffffffffe0000][1] R[r14=fffffffffffe0000] R[r 0=0000000000000000] inst=[00070313] mv      t1, a4
C0:        691 [1] pc=[0000000080000388] W[r 4=0000000000000002][1] R[r 4=0000000000000001] R[r 0=0000000000000000] inst=[00120213] addi    tp, tp, 1
C0:        692 [1] pc=[000000008000038c] W[r 5=0000000000000002][1] R[r 0=0000000000000000] R[r 0=0000000000000000] inst=[00200293] li      t0, 2
C0:        693 [1] pc=[0000000080000390] W[r 0=0000000000000000][0] R[r 4=0000000000000002] R[r 5=0000000000000002] inst=[fe5214e3] bne     tp, t0, pc - 24
C0:        694 [1] pc=[0000000080000394] W[r 7=fffffffffffe0000][1] R[r 0=0000000000000000] R[r 0=0000000000000000] inst=[fffe03b7] lui     t2, 0xfffe0
C0:        695 [1] pc=[0000000080000398] W[r 3=0000000000000013][1] R[r 0=0000000000000000] R[r 0=0000000000000000] inst=[01300193] li      gp, 19
C0:        696 [1] pc=[000000008000039c] W[r 0=0000000000000000][0] R[r 6=fffffffffffe0000] R[r 7=fffffffffffe0000] inst=[0c731e63] bne     t1, t2, pc + 220
C0:        697 [1] pc=[00000000800003a0] W[r 4=0000000000000000][1] R[r 0=0000000000000000] R[r 0=0000000000000000] inst=[00000213] li      tp, 0
C0:        698 [1] pc=[00000000800003a4] W[r 1=ffffffff80000000][1] R[r 0=0000000000000000] R[r 0=0000000000000000] inst=[800000b7] lui     ra, 0x80000
C0:        699 [1] pc=[00000000800003a8] W[r 1=ffffffff80000001][1] R[r 1=ffffffff80000000] R[r 0=0000000000000000] inst=[0010809b] addiw   ra, ra, 1
C0:        700 [1] pc=[00000000800003ac] W[r14=ffffffffffffffff][1] R[r 1=ffffffff80000001] R[r 0=0000000000000000] inst=[41f0d713] srai    a4, ra, 31
C0:        701 [1] pc=[00000000800003b0] W[r 0=0000000000000000][1] R[r 0=0000000000000000] R[r 0=0000000000000000] inst=[00000013] nop
C0:        702 [1] pc=[00000000800003b4] W[r 0=0000000000000000][1] R[r 0=0000000000000000] R[r 0=0000000000000000] inst=[00000013] nop
C0:        703 [1] pc=[00000000800003b8] W[r 6=ffffffffffffffff][1] R[r14=ffffffffffffffff] R[r 0=0000000000000000] inst=[00070313] mv      t1, a4
C0:        704 [1] pc=[00000000800003bc] W[r 4=0000000000000001][1] R[r 4=0000000000000000] R[r 0=0000000000000000] inst=[00120213] addi    tp, tp, 1
C0:        726 [1] pc=[00000000800003c0] W[r 5=0000000000000002][1] R[r 0=0000000000000000] R[r 0=0000000000000000] inst=[00200293] li      t0, 2
C0:        727 [1] pc=[00000000800003c4] W[r 0=0000000000000000][0] R[r 4=0000000000000001] R[r 5=0000000000000002] inst=[fe5210e3] bne     tp, t0, pc - 32
C0:        731 [1] pc=[00000000800003a4] W[r 1=ffffffff80000000][1] R[r 0=0000000000000000] R[r 0=0000000000000000] inst=[800000b7] lui     ra, 0x80000
C0:        732 [1] pc=[00000000800003a8] W[r 1=ffffffff80000001][1] R[r 1=ffffffff80000000] R[r 0=0000000000000000] inst=[0010809b] addiw   ra, ra, 1
C0:        733 [1] pc=[00000000800003ac] W[r14=ffffffffffffffff][1] R[r 1=ffffffff80000001] R[r 0=0000000000000000] inst=[41f0d713] srai    a4, ra, 31
C0:        734 [1] pc=[00000000800003b0] W[r 0=0000000000000000][1] R[r 0=0000000000000000] R[r 0=0000000000000000] inst=[00000013] nop
C0:        735 [1] pc=[00000000800003b4] W[r 0=0000000000000000][1] R[r 0=0000000000000000] R[r 0=0000000000000000] inst=[00000013] nop
C0:        736 [1] pc=[00000000800003b8] W[r 6=ffffffffffffffff][1] R[r14=ffffffffffffffff] R[r 0=0000000000000000] inst=[00070313] mv      t1, a4
C0:        737 [1] pc=[00000000800003bc] W[r 4=0000000000000002][1] R[r 4=0000000000000001] R[r 0=0000000000000000] inst=[00120213] addi    tp, tp, 1
C0:        738 [1] pc=[00000000800003c0] W[r 5=0000000000000002][1] R[r 0=0000000000000000] R[r 0=0000000000000000] inst=[00200293] li      t0, 2
C0:        739 [1] pc=[00000000800003c4] W[r 0=0000000000000000][0] R[r 4=0000000000000002] R[r 5=0000000000000002] inst=[fe5210e3] bne     tp, t0, pc - 32
C0:        743 [1] pc=[00000000800003c8] W[r 7=ffffffffffffffff][1] R[r 0=0000000000000000] R[r 0=0000000000000000] inst=[fff00393] li      t2, -1
C0:        744 [1] pc=[00000000800003cc] W[r 3=0000000000000014][1] R[r 0=0000000000000000] R[r 0=0000000000000000] inst=[01400193] li      gp, 20
C0:        745 [1] pc=[00000000800003d0] W[r 0=0000000000000000][0] R[r 6=ffffffffffffffff] R[r 7=ffffffffffffffff] inst=[0a731463] bne     t1, t2, pc + 168
C0:        746 [1] pc=[00000000800003d4] W[r 4=0000000000000000][1] R[r 0=0000000000000000] R[r 0=0000000000000000] inst=[00000213] li      tp, 0
C0:        747 [1] pc=[00000000800003d8] W[r 1=ffffffff80000000][1] R[r 0=0000000000000000] R[r 0=0000000000000000] inst=[800000b7] lui     ra, 0x80000
C0:        748 [1] pc=[00000000800003dc] W[r14=ffffffffff000000][1] R[r 1=ffffffff80000000] R[r 0=0000000000000000] inst=[4070d713] srai    a4, ra, 7
C0:        749 [1] pc=[00000000800003e0] W[r 4=0000000000000001][1] R[r 4=0000000000000000] R[r 0=0000000000000000] inst=[00120213] addi    tp, tp, 1
C0:        750 [1] pc=[00000000800003e4] W[r 5=0000000000000002][1] R[r 0=0000000000000000] R[r 0=0000000000000000] inst=[00200293] li      t0, 2
C0:        751 [1] pc=[00000000800003e8] W[r 0=0000000000000000][0] R[r 4=0000000000000001] R[r 5=0000000000000002] inst=[fe5218e3] bne     tp, t0, pc - 16
C0:        755 [1] pc=[00000000800003d8] W[r 1=ffffffff80000000][1] R[r 0=0000000000000000] R[r 0=0000000000000000] inst=[800000b7] lui     ra, 0x80000
C0:        756 [1] pc=[00000000800003dc] W[r14=ffffffffff000000][1] R[r 1=ffffffff80000000] R[r 0=0000000000000000] inst=[4070d713] srai    a4, ra, 7
C0:        757 [1] pc=[00000000800003e0] W[r 4=0000000000000002][1] R[r 4=0000000000000001] R[r 0=0000000000000000] inst=[00120213] addi    tp, tp, 1
C0:        758 [1] pc=[00000000800003e4] W[r 5=0000000000000002][1] R[r 0=0000000000000000] R[r 0=0000000000000000] inst=[00200293] li      t0, 2
C0:        759 [1] pc=[00000000800003e8] W[r 0=0000000000000000][0] R[r 4=0000000000000002] R[r 5=0000000000000002] inst=[fe5218e3] bne     tp, t0, pc - 16
C0:        763 [1] pc=[00000000800003ec] W[r 7=ffffffffff000000][1] R[r 0=0000000000000000] R[r 0=0000000000000000] inst=[ff0003b7] lui     t2, 0xff000
C0:        764 [1] pc=[00000000800003f0] W[r 3=0000000000000015][1] R[r 0=0000000000000000] R[r 0=0000000000000000] inst=[01500193] li      gp, 21
C0:        765 [1] pc=[00000000800003f4] W[r 0=0000000000000000][0] R[r14=ffffffffff000000] R[r 7=ffffffffff000000] inst=[08771263] bne     a4, t2, pc + 132
C0:        766 [1] pc=[00000000800003f8] W[r 4=0000000000000000][1] R[r 0=0000000000000000] R[r 0=0000000000000000] inst=[00000213] li      tp, 0
C0:        767 [1] pc=[00000000800003fc] W[r 1=ffffffff80000000][1] R[r 0=0000000000000000] R[r 0=0000000000000000] inst=[800000b7] lui     ra, 0x80000
C0:        789 [1] pc=[0000000080000400] W[r 0=0000000000000000][1] R[r 0=0000000000000000] R[r 0=0000000000000000] inst=[00000013] nop
C0:        790 [1] pc=[0000000080000404] W[r14=fffffffffffe0000][1] R[r 1=ffffffff80000000] R[r 0=0000000000000000] inst=[40e0d713] srai    a4, ra, 14
C0:        791 [1] pc=[0000000080000408] W[r 4=0000000000000001][1] R[r 4=0000000000000000] R[r 0=0000000000000000] inst=[00120213] addi    tp, tp, 1
C0:        792 [1] pc=[000000008000040c] W[r 5=0000000000000002][1] R[r 0=0000000000000000] R[r 0=0000000000000000] inst=[00200293] li      t0, 2
C0:        793 [1] pc=[0000000080000410] W[r 0=0000000000000000][0] R[r 4=0000000000000001] R[r 5=0000000000000002] inst=[fe5216e3] bne     tp, t0, pc - 20
C0:        797 [1] pc=[00000000800003fc] W[r 1=ffffffff80000000][1] R[r 0=0000000000000000] R[r 0=0000000000000000] inst=[800000b7] lui     ra, 0x80000
C0:        798 [1] pc=[0000000080000400] W[r 0=0000000000000000][1] R[r 0=0000000000000000] R[r 0=0000000000000000] inst=[00000013] nop
C0:        799 [1] pc=[0000000080000404] W[r14=fffffffffffe0000][1] R[r 1=ffffffff80000000] R[r 0=0000000000000000] inst=[40e0d713] srai    a4, ra, 14
C0:        800 [1] pc=[0000000080000408] W[r 4=0000000000000002][1] R[r 4=0000000000000001] R[r 0=0000000000000000] inst=[00120213] addi    tp, tp, 1
C0:        801 [1] pc=[000000008000040c] W[r 5=0000000000000002][1] R[r 0=0000000000000000] R[r 0=0000000000000000] inst=[00200293] li      t0, 2
C0:        802 [1] pc=[0000000080000410] W[r 0=0000000000000000][0] R[r 4=0000000000000002] R[r 5=0000000000000002] inst=[fe5216e3] bne     tp, t0, pc - 20
C0:        806 [1] pc=[0000000080000414] W[r 7=fffffffffffe0000][1] R[r 0=0000000000000000] R[r 0=0000000000000000] inst=[fffe03b7] lui     t2, 0xfffe0
C0:        807 [1] pc=[0000000080000418] W[r 3=0000000000000016][1] R[r 0=0000000000000000] R[r 0=0000000000000000] inst=[01600193] li      gp, 22
C0:        808 [1] pc=[000000008000041c] W[r 0=0000000000000000][0] R[r14=fffffffffffe0000] R[r 7=fffffffffffe0000] inst=[04771e63] bne     a4, t2, pc + 92
C0:        809 [1] pc=[0000000080000420] W[r 4=0000000000000000][1] R[r 0=0000000000000000] R[r 0=0000000000000000] inst=[00000213] li      tp, 0
C0:        810 [1] pc=[0000000080000424] W[r 1=ffffffff80000000][1] R[r 0=0000000000000000] R[r 0=0000000000000000] inst=[800000b7] lui     ra, 0x80000
C0:        811 [1] pc=[0000000080000428] W[r 1=ffffffff80000001][1] R[r 1=ffffffff80000000] R[r 0=0000000000000000] inst=[0010809b] addiw   ra, ra, 1
C0:        812 [1] pc=[000000008000042c] W[r 0=0000000000000000][1] R[r 0=0000000000000000] R[r 0=0000000000000000] inst=[00000013] nop
C0:        813 [1] pc=[0000000080000430] W[r 0=0000000000000000][1] R[r 0=0000000000000000] R[r 0=0000000000000000] inst=[00000013] nop
C0:        814 [1] pc=[0000000080000434] W[r14=ffffffffffffffff][1] R[r 1=ffffffff80000001] R[r 0=0000000000000000] inst=[41f0d713] srai    a4, ra, 31
C0:        815 [1] pc=[0000000080000438] W[r 4=0000000000000001][1] R[r 4=0000000000000000] R[r 0=0000000000000000] inst=[00120213] addi    tp, tp, 1
C0:        816 [1] pc=[000000008000043c] W[r 5=0000000000000002][1] R[r 0=0000000000000000] R[r 0=0000000000000000] inst=[00200293] li      t0, 2
C0:        838 [1] pc=[0000000080000440] W[r 0=0000000000000000][0] R[r 4=0000000000000001] R[r 5=0000000000000002] inst=[fe5212e3] bne     tp, t0, pc - 28
C0:        842 [1] pc=[0000000080000424] W[r 1=ffffffff80000000][1] R[r 0=0000000000000000] R[r 0=0000000000000000] inst=[800000b7] lui     ra, 0x80000
C0:        843 [1] pc=[0000000080000428] W[r 1=ffffffff80000001][1] R[r 1=ffffffff80000000] R[r 0=0000000000000000] inst=[0010809b] addiw   ra, ra, 1
C0:        844 [1] pc=[000000008000042c] W[r 0=0000000000000000][1] R[r 0=0000000000000000] R[r 0=0000000000000000] inst=[00000013] nop
C0:        845 [1] pc=[0000000080000430] W[r 0=0000000000000000][1] R[r 0=0000000000000000] R[r 0=0000000000000000] inst=[00000013] nop
C0:        846 [1] pc=[0000000080000434] W[r14=ffffffffffffffff][1] R[r 1=ffffffff80000001] R[r 0=0000000000000000] inst=[41f0d713] srai    a4, ra, 31
C0:        847 [1] pc=[0000000080000438] W[r 4=0000000000000002][1] R[r 4=0000000000000001] R[r 0=0000000000000000] inst=[00120213] addi    tp, tp, 1
C0:        848 [1] pc=[000000008000043c] W[r 5=0000000000000002][1] R[r 0=0000000000000000] R[r 0=0000000000000000] inst=[00200293] li      t0, 2
C0:        849 [1] pc=[0000000080000440] W[r 0=0000000000000000][0] R[r 4=0000000000000002] R[r 5=0000000000000002] inst=[fe5212e3] bne     tp, t0, pc - 28
C0:        853 [1] pc=[0000000080000444] W[r 7=ffffffffffffffff][1] R[r 0=0000000000000000] R[r 0=0000000000000000] inst=[fff00393] li      t2, -1
C0:        854 [1] pc=[0000000080000448] W[r 3=0000000000000017][1] R[r 0=0000000000000000] R[r 0=0000000000000000] inst=[01700193] li      gp, 23
C0:        855 [1] pc=[000000008000044c] W[r 0=0000000000000000][0] R[r14=ffffffffffffffff] R[r 7=ffffffffffffffff] inst=[02771663] bne     a4, t2, pc + 44
C0:        856 [1] pc=[0000000080000450] W[r 1=0000000000000000][1] R[r 0=0000000000000000] R[r 0=0000000000000000] inst=[40405093] srai    ra, zero, 4
C0:        857 [1] pc=[0000000080000454] W[r 7=0000000000000000][1] R[r 0=0000000000000000] R[r 0=0000000000000000] inst=[00000393] li      t2, 0
C0:        858 [1] pc=[0000000080000458] W[r 3=0000000000000018][1] R[r 0=0000000000000000] R[r 0=0000000000000000] inst=[01800193] li      gp, 24
C0:        859 [1] pc=[000000008000045c] W[r 0=0000000000000000][0] R[r 1=0000000000000000] R[r 7=0000000000000000] inst=[00709e63] bne     ra, t2, pc + 28
C0:        860 [1] pc=[0000000080000460] W[r 1=0000000000000021][1] R[r 0=0000000000000000] R[r 0=0000000000000000] inst=[02100093] li      ra, 33
C0:        861 [1] pc=[0000000080000464] W[r 0=0000000000000000][1] R[r 1=0000000000000021] R[r 0=0000000000000000] inst=[40a0d013] srai    zero, ra, 10
C0:        862 [1] pc=[0000000080000468] W[r 7=0000000000000000][1] R[r 0=0000000000000000] R[r 0=0000000000000000] inst=[00000393] li      t2, 0
C0:        863 [1] pc=[000000008000046c] W[r 3=0000000000000019][1] R[r 0=0000000000000000] R[r 0=0000000000000000] inst=[01900193] li      gp, 25
C0:        864 [1] pc=[0000000080000470] W[r 0=0000000000000000][0] R[r 0=0000000000000000] R[r 7=0000000000000000] inst=[00701463] bne     zero, t2, pc + 8
C0:        865 [1] pc=[0000000080000474] W[r 0=0000000000000000][0] R[r 0=0000000000000000] R[r 3=0000000000000019] inst=[02301063] bne     zero, gp, pc + 32
C0:        890 [1] pc=[0000000080000494] W[r 0=0000000000000000][0] R[r 0=0000000000000000] R[r 0=0000000000000000] inst=[0ff0000f] fence   iorw,iorw
C0:        891 [1] pc=[0000000080000498] W[r 3=0000000000000001][1] R[r 0=0000000000000000] R[r 0=0000000000000000] inst=[00100193] li      gp, 1
C0:        892 [1] pc=[000000008000049c] W[r17=000000000000005d][1] R[r 0=0000000000000000] R[r 0=0000000000000000] inst=[05d00893] li      a7, 93
C0:        893 [1] pc=[00000000800004a0] W[r10=0000000000000000][1] R[r 0=0000000000000000] R[r 0=0000000000000000] inst=[00000513] li      a0, 0
C0:        894 [0] pc=[00000000800004a4] W[r 0=0000000000000000][0] R[r 0=0000000000000000] R[r 0=0000000000000000] inst=[00000073] ecall
C0:        899 [1] pc=[0000000080000004] W[r30=0000000000000008][1] R[r 0=0000000000000000] R[r 0=0000000000000000] inst=[34202f73] csrr    t5, unknown_342
C0:        900 [1] pc=[0000000080000008] W[r31=0000000000000008][1] R[r 0=0000000000000000] R[r 0=0000000000000000] inst=[00800f93] li      t6, 8
C0:        902 [1] pc=[000000008000000c] W[r 0=0000000000000000][0] R[r30=0000000000000008] R[r31=0000000000000008] inst=[07ff0663] beq     t5, t6, pc + 108
C0:        927 [1] pc=[0000000080000078] W[r30=0000000080001078][1] R[r 0=0000000000000000] R[r 0=0000000000000000] inst=[00001f17] auipc   t5, 0x1
C0:        944 [1] pc=[000000008000007c] W[r 0=0000000000000000][0] R[r30=0000000080001078] R[r 3=0000000000000001] inst=[f83f2423] sw      gp, -120(t5)
C0:        945 [1] pc=[0000000080000080] W[r 0=0000000080000084][1] R[r 0=0000000000000000] R[r 0=0000000000000000] inst=[ff9ff06f] j       pc - 0x8
C0:        946 [1] pc=[0000000080000078] W[r30=0000000080001078][1] R[r 0=0000000000000000] R[r 0=0000000000000000] inst=[00001f17] auipc   t5, 0x1
C0:        947 [1] pc=[000000008000007c] W[r 0=0000000000000000][0] R[r30=0000000080001078] R[r 3=0000000000000001] inst=[f83f2423] sw      gp, -120(t5)
C0:        948 [1] pc=[0000000080000080] W[r 0=0000000080000084][1] R[r 0=0000000000000000] R[r 0=0000000000000000] inst=[ff9ff06f] j       pc - 0x8
C0:        949 [1] pc=[0000000080000078] W[r30=0000000080001078][1] R[r 0=0000000000000000] R[r 0=0000000000000000] inst=[00001f17] auipc   t5, 0x1
C0:        950 [1] pc=[000000008000007c] W[r 0=0000000000000000][0] R[r30=0000000080001078] R[r 3=0000000000000001] inst=[f83f2423] sw      gp, -120(t5)
C0:        951 [1] pc=[0000000080000080] W[r 0=0000000080000084][1] R[r 0=0000000000000000] R[r 0=0000000000000000] inst=[ff9ff06f] j       pc - 0x8
C0:        952 [1] pc=[0000000080000078] W[r30=0000000080001078][1] R[r 0=0000000000000000] R[r 0=0000000000000000] inst=[00001f17] auipc   t5, 0x1
C0:        953 [1] pc=[000000008000007c] W[r 0=0000000000000000][0] R[r30=0000000080001078] R[r 3=0000000000000001] inst=[f83f2423] sw      gp, -120(t5)
C0:        954 [1] pc=[0000000080000080] W[r 0=0000000080000084][1] R[r 0=0000000000000000] R[r 0=0000000000000000] inst=[ff9ff06f] j       pc - 0x8
C0:        955 [1] pc=[0000000080000078] W[r30=0000000080001078][1] R[r 0=0000000000000000] R[r 0=0000000000000000] inst=[00001f17] auipc   t5, 0x1
C0:        956 [1] pc=[000000008000007c] W[r 0=0000000000000000][0] R[r30=0000000080001078] R[r 3=0000000000000001] inst=[f83f2423] sw      gp, -120(t5)
C0:        957 [1] pc=[0000000080000080] W[r 0=0000000080000084][1] R[r 0=0000000000000000] R[r 0=0000000000000000] inst=[ff9ff06f] j       pc - 0x8
C0:        958 [1] pc=[0000000080000078] W[r30=0000000080001078][1] R[r 0=0000000000000000] R[r 0=0000000000000000] inst=[00001f17] auipc   t5, 0x1
C0:        959 [1] pc=[000000008000007c] W[r 0=0000000000000000][0] R[r30=0000000080001078] R[r 3=0000000000000001] inst=[f83f2423] sw      gp, -120(t5)
C0:        960 [1] pc=[0000000080000080] W[r 0=0000000080000084][1] R[r 0=0000000000000000] R[r 0=0000000000000000] inst=[ff9ff06f] j       pc - 0x8
C0:        961 [1] pc=[0000000080000078] W[r30=0000000080001078][1] R[r 0=0000000000000000] R[r 0=0000000000000000] inst=[00001f17] auipc   t5, 0x1
C0:        962 [1] pc=[000000008000007c] W[r 0=0000000000000000][0] R[r30=0000000080001078] R[r 3=0000000000000001] inst=[f83f2423] sw      gp, -120(t5)
C0:        963 [1] pc=[0000000080000080] W[r 0=0000000080000084][1] R[r 0=0000000000000000] R[r 0=0000000000000000] inst=[ff9ff06f] j       pc - 0x8
C0:        964 [1] pc=[0000000080000078] W[r30=0000000080001078][1] R[r 0=0000000000000000] R[r 0=0000000000000000] inst=[00001f17] auipc   t5, 0x1
C0:        965 [1] pc=[000000008000007c] W[r 0=0000000000000000][0] R[r30=0000000080001078] R[r 3=0000000000000001] inst=[f83f2423] sw      gp, -120(t5)
C0:        966 [1] pc=[0000000080000080] W[r 0=0000000080000084][1] R[r 0=0000000000000000] R[r 0=0000000000000000] inst=[ff9ff06f] j       pc - 0x8
C0:        967 [1] pc=[0000000080000078] W[r30=0000000080001078][1] R[r 0=0000000000000000] R[r 0=0000000000000000] inst=[00001f17] auipc   t5, 0x1
C0:        968 [1] pc=[000000008000007c] W[r 0=0000000000000000][0] R[r30=0000000080001078] R[r 3=0000000000000001] inst=[f83f2423] sw      gp, -120(t5)
C0:        969 [1] pc=[0000000080000080] W[r 0=0000000080000084][1] R[r 0=0000000000000000] R[r 0=0000000000000000] inst=[ff9ff06f] j       pc - 0x8
C0:        970 [1] pc=[0000000080000078] W[r30=0000000080001078][1] R[r 0=0000000000000000] R[r 0=0000000000000000] inst=[00001f17] auipc   t5, 0x1
C0:        971 [1] pc=[000000008000007c] W[r 0=0000000000000000][0] R[r30=0000000080001078] R[r 3=0000000000000001] inst=[f83f2423] sw      gp, -120(t5)
C0:        972 [1] pc=[0000000080000080] W[r 0=0000000080000084][1] R[r 0=0000000000000000] R[r 0=0000000000000000] inst=[ff9ff06f] j       pc - 0x8
C0:        973 [1] pc=[0000000080000078] W[r30=0000000080001078][1] R[r 0=0000000000000000] R[r 0=0000000000000000] inst=[00001f17] auipc   t5, 0x1
C0:        974 [1] pc=[000000008000007c] W[r 0=0000000000000000][0] R[r30=0000000080001078] R[r 3=0000000000000001] inst=[f83f2423] sw      gp, -120(t5)
C0:        975 [1] pc=[0000000080000080] W[r 0=0000000080000084][1] R[r 0=0000000000000000] R[r 0=0000000000000000] inst=[ff9ff06f] j       pc - 0x8
C0:        976 [1] pc=[0000000080000078] W[r30=0000000080001078][1] R[r 0=0000000000000000] R[r 0=0000000000000000] inst=[00001f17] auipc   t5, 0x1
C0:        977 [1] pc=[000000008000007c] W[r 0=0000000000000000][0] R[r30=0000000080001078] R[r 3=0000000000000001] inst=[f83f2423] sw      gp, -120(t5)
C0:        978 [1] pc=[0000000080000080] W[r 0=0000000080000084][1] R[r 0=0000000000000000] R[r 0=0000000000000000] inst=[ff9ff06f] j       pc - 0x8
C0:        979 [1] pc=[0000000080000078] W[r30=0000000080001078][1] R[r 0=0000000000000000] R[r 0=0000000000000000] inst=[00001f17] auipc   t5, 0x1
C0:        980 [1] pc=[000000008000007c] W[r 0=0000000000000000][0] R[r30=0000000080001078] R[r 3=0000000000000001] inst=[f83f2423] sw      gp, -120(t5)
C0:        981 [1] pc=[0000000080000080] W[r 0=0000000080000084][1] R[r 0=0000000000000000] R[r 0=0000000000000000] inst=[ff9ff06f] j       pc - 0x8
C0:        982 [1] pc=[0000000080000078] W[r30=0000000080001078][1] R[r 0=0000000000000000] R[r 0=0000000000000000] inst=[00001f17] auipc   t5, 0x1
C0:        983 [1] pc=[000000008000007c] W[r 0=0000000000000000][0] R[r30=0000000080001078] R[r 3=0000000000000001] inst=[f83f2423] sw      gp, -120(t5)
C0:        984 [1] pc=[0000000080000080] W[r 0=0000000080000084][1] R[r 0=0000000000000000] R[r 0=0000000000000000] inst=[ff9ff06f] j       pc - 0x8
C0:        985 [1] pc=[0000000080000078] W[r30=0000000080001078][1] R[r 0=0000000000000000] R[r 0=0000000000000000] inst=[00001f17] auipc   t5, 0x1
C0:        986 [1] pc=[000000008000007c] W[r 0=0000000000000000][0] R[r30=0000000080001078] R[r 3=0000000000000001] inst=[f83f2423] sw      gp, -120(t5)
C0:        987 [1] pc=[0000000080000080] W[r 0=0000000080000084][1] R[r 0=0000000000000000] R[r 0=0000000000000000] inst=[ff9ff06f] j       pc - 0x8
C0:        988 [1] pc=[0000000080000078] W[r30=0000000080001078][1] R[r 0=0000000000000000] R[r 0=0000000000000000] inst=[00001f17] auipc   t5, 0x1
C0:        989 [1] pc=[000000008000007c] W[r 0=0000000000000000][0] R[r30=0000000080001078] R[r 3=0000000000000001] inst=[f83f2423] sw      gp, -120(t5)
C0:        990 [1] pc=[0000000080000080] W[r 0=0000000080000084][1] R[r 0=0000000000000000] R[r 0=0000000000000000] inst=[ff9ff06f] j       pc - 0x8
C0:        991 [1] pc=[0000000080000078] W[r30=0000000080001078][1] R[r 0=0000000000000000] R[r 0=0000000000000000] inst=[00001f17] auipc   t5, 0x1
C0:       1017 [1] pc=[000000008000007c] W[r 0=0000000000000000][0] R[r30=0000000080001078] R[r 3=0000000000000001] inst=[f83f2423] sw      gp, -120(t5)
C0:       1018 [1] pc=[0000000080000080] W[r 0=0000000080000084][1] R[r 0=0000000000000000] R[r 0=0000000000000000] inst=[ff9ff06f] j       pc - 0x8
C0:       1019 [1] pc=[0000000080000078] W[r30=0000000080001078][1] R[r 0=0000000000000000] R[r 0=0000000000000000] inst=[00001f17] auipc   t5, 0x1
C0:       1020 [1] pc=[000000008000007c] W[r 0=0000000000000000][0] R[r30=0000000080001078] R[r 3=0000000000000001] inst=[f83f2423] sw      gp, -120(t5)
C0:       1021 [1] pc=[0000000080000080] W[r 0=0000000080000084][1] R[r 0=0000000000000000] R[r 0=0000000000000000] inst=[ff9ff06f] j       pc - 0x8
C0:       1022 [1] pc=[0000000080000078] W[r30=0000000080001078][1] R[r 0=0000000000000000] R[r 0=0000000000000000] inst=[00001f17] auipc   t5, 0x1
C0:       1023 [1] pc=[000000008000007c] W[r 0=0000000000000000][0] R[r30=0000000080001078] R[r 3=0000000000000001] inst=[f83f2423] sw      gp, -120(t5)
C0:       1024 [1] pc=[0000000080000080] W[r 0=0000000080000084][1] R[r 0=0000000000000000] R[r 0=0000000000000000] inst=[ff9ff06f] j       pc - 0x8
C0:       1025 [1] pc=[0000000080000078] W[r30=0000000080001078][1] R[r 0=0000000000000000] R[r 0=0000000000000000] inst=[00001f17] auipc   t5, 0x1
C0:       1026 [1] pc=[000000008000007c] W[r 0=0000000000000000][0] R[r30=0000000080001078] R[r 3=0000000000000001] inst=[f83f2423] sw      gp, -120(t5)
C0:       1027 [1] pc=[0000000080000080] W[r 0=0000000080000084][1] R[r 0=0000000000000000] R[r 0=0000000000000000] inst=[ff9ff06f] j       pc - 0x8
C0:       1028 [1] pc=[0000000080000078] W[r30=0000000080001078][1] R[r 0=0000000000000000] R[r 0=0000000000000000] inst=[00001f17] auipc   t5, 0x1
C0:       1029 [1] pc=[000000008000007c] W[r 0=0000000000000000][0] R[r30=0000000080001078] R[r 3=0000000000000001] inst=[f83f2423] sw      gp, -120(t5)
C0:       1030 [1] pc=[0000000080000080] W[r 0=0000000080000084][1] R[r 0=0000000000000000] R[r 0=0000000000000000] inst=[ff9ff06f] j       pc - 0x8
C0:       1031 [1] pc=[0000000080000078] W[r30=0000000080001078][1] R[r 0=0000000000000000] R[r 0=0000000000000000] inst=[00001f17] auipc   t5, 0x1
C0:       1032 [1] pc=[000000008000007c] W[r 0=0000000000000000][0] R[r30=0000000080001078] R[r 3=0000000000000001] inst=[f83f2423] sw      gp, -120(t5)
C0:       1033 [1] pc=[0000000080000080] W[r 0=0000000080000084][1] R[r 0=0000000000000000] R[r 0=0000000000000000] inst=[ff9ff06f] j       pc - 0x8
C0:       1034 [1] pc=[0000000080000078] W[r30=0000000080001078][1] R[r 0=0000000000000000] R[r 0=0000000000000000] inst=[00001f17] auipc   t5, 0x1
C0:       1035 [1] pc=[000000008000007c] W[r 0=0000000000000000][0] R[r30=0000000080001078] R[r 3=0000000000000001] inst=[f83f2423] sw      gp, -120(t5)
C0:       1036 [1] pc=[0000000080000080] W[r 0=0000000080000084][1] R[r 0=0000000000000000] R[r 0=0000000000000000] inst=[ff9ff06f] j       pc - 0x8
C0:       1037 [1] pc=[0000000080000078] W[r30=0000000080001078][1] R[r 0=0000000000000000] R[r 0=0000000000000000] inst=[00001f17] auipc   t5, 0x1
C0:       1038 [1] pc=[000000008000007c] W[r 0=0000000000000000][0] R[r30=0000000080001078] R[r 3=0000000000000001] inst=[f83f2423] sw      gp, -120(t5)
C0:       1039 [1] pc=[0000000080000080] W[r 0=0000000080000084][1] R[r 0=0000000000000000] R[r 0=0000000000000000] inst=[ff9ff06f] j       pc - 0x8
C0:       1040 [1] pc=[0000000080000078] W[r30=0000000080001078][1] R[r 0=0000000000000000] R[r 0=0000000000000000] inst=[00001f17] auipc   t5, 0x1
C0:       1041 [1] pc=[000000008000007c] W[r 0=0000000000000000][0] R[r30=0000000080001078] R[r 3=0000000000000001] inst=[f83f2423] sw      gp, -120(t5)
C0:       1042 [1] pc=[0000000080000080] W[r 0=0000000080000084][1] R[r 0=0000000000000000] R[r 0=0000000000000000] inst=[ff9ff06f] j       pc - 0x8
C0:       1043 [1] pc=[0000000080000078] W[r30=0000000080001078][1] R[r 0=0000000000000000] R[r 0=0000000000000000] inst=[00001f17] auipc   t5, 0x1
C0:       1044 [1] pc=[000000008000007c] W[r 0=0000000000000000][0] R[r30=0000000080001078] R[r 3=0000000000000001] inst=[f83f2423] sw      gp, -120(t5)
C0:       1045 [1] pc=[0000000080000080] W[r 0=0000000080000084][1] R[r 0=0000000000000000] R[r 0=0000000000000000] inst=[ff9ff06f] j       pc - 0x8
C0:       1046 [1] pc=[0000000080000078] W[r30=0000000080001078][1] R[r 0=0000000000000000] R[r 0=0000000000000000] inst=[00001f17] auipc   t5, 0x1
C0:       1047 [1] pc=[000000008000007c] W[r 0=0000000000000000][0] R[r30=0000000080001078] R[r 3=0000000000000001] inst=[f83f2423] sw      gp, -120(t5)
C0:       1048 [1] pc=[0000000080000080] W[r 0=0000000080000084][1] R[r 0=0000000000000000] R[r 0=0000000000000000] inst=[ff9ff06f] j       pc - 0x8
C0:       1049 [1] pc=[0000000080000078] W[r30=0000000080001078][1] R[r 0=0000000000000000] R[r 0=0000000000000000] inst=[00001f17] auipc   t5, 0x1
*** PASSED *** Completed after 18391 cycles
