using random seed 1632257164
This emulator compiled with JTAG Remote Bitbang client. To enable, use +jtag_rbb_enable=1.
Listening on port 36067
== Loading device model file '/home/fleker/Desktop/chipyard/generators/testchipip/src/main/resources/dramsim2_ini/DDR3_micron_64M_8B_x4_sg15.ini' == 
== Loading system model file '/home/fleker/Desktop/chipyard/generators/testchipip/src/main/resources/dramsim2_ini/system.ini' == 
===== MemorySystem 0 =====
CH. 0 TOTAL_STORAGE : 4096MB | 1 Ranks | 16 Devices per rank
DRAMSim2 Clock Frequency =666666666Hz, CPU Clock Frequency=100000000Hz
C0:         19 [1] pc=[0000000000010040] W[r10=0000000000010040][1] R[r 0=0000000000000000] R[r 0=0000000000000000] inst=[00000517] auipc   a0, 0x0
C0:         20 [1] pc=[0000000000010044] W[r10=0000000000010000][1] R[r10=0000000000010040] R[r 0=0000000000000000] inst=[fc050513] addi    a0, a0, -64
C0:         21 [1] pc=[0000000000010048] W[r 0=0000000000000000][1] R[r10=0000000000010000] R[r 0=0000000000000000] inst=[30551073] csrw    unknown_305, a0
C0:         26 [1] pc=[000000000001004c] W[r 5=800000000094112d][1] R[r 0=0000000000000000] R[r 0=0000000000000000] inst=[301022f3] csrr    t0, unknown_301
C0:         29 [1] pc=[0000000000010050] W[r 5=ffffe00000000025][1] R[r 5=800000000094112d] R[r 0=0000000000000000] inst=[4122d293] srai    t0, t0, 18
C0:         30 [1] pc=[0000000000010054] W[r 5=0000000000000001][1] R[r 5=ffffe00000000025] R[r 0=0000000000000000] inst=[0012f293] andi    t0, t0, 1
C0:         31 [1] pc=[0000000000010058] W[r 0=0000000000000000][0] R[r 5=0000000000000001] R[r 0=0000000000000000] inst=[00028463] beqz    t0, pc + 8
C0:         32 [1] pc=[000000000001005c] W[r 0=0000000000000000][1] R[r 0=0000000000000000] R[r 0=0000000000000000] inst=[30301073] csrw    unknown_303, zero
C0:         37 [1] pc=[0000000000010060] W[r10=0000000000000008][1] R[r 0=0000000000000000] R[r 0=0000000000000000] inst=[00800513] li      a0, 8
C0:         38 [1] pc=[0000000000010064] W[r 0=0000000000000000][1] R[r10=0000000000000008] R[r 0=0000000000000000] inst=[30451073] csrw    unknown_304, a0
C0:         43 [1] pc=[0000000000010068] W[r 0=0000000a00001800][1] R[r10=0000000000000008] R[r 0=0000000000000000] inst=[30052073] csrs    unknown_300, a0
C0:         48 [1] pc=[000000000001006c] W[r 0=0000000000000000][0] R[r 0=0000000000000000] R[r 0=0000000000000000] inst=[10500073] wfi
C0:         51 [0] pc=[0000000000010070] W[r 0=0000000000000000][0] R[r31=0000000000000008] R[r 0=0000000000000000] inst=[ffdff06f] j       pc - 0x4
C0:         70 [1] pc=[0000000000010000] W[r11=0000000002000000][1] R[r 0=0000000000000000] R[r 0=0000000000000000] inst=[020005b7] lui     a1, 0x2000
C0:         71 [1] pc=[0000000000010004] W[r10=0000000000000000][1] R[r 0=0000000000000000] R[r 0=0000000000000000] inst=[f1402573] csrr    a0, unknown_f14
C0:         74 [1] pc=[0000000000010008] W[r 0=0000000000000000][0] R[r10=0000000000000000] R[r 0=0000000000000000] inst=[00050463] beqz    a0, pc + 8
C0:         78 [1] pc=[0000000000010010] W[r12=0000000002000004][1] R[r11=0000000002000000] R[r 0=0000000000000000] inst=[00458613] addi    a2, a1, 4
C0:         79 [1] pc=[0000000000010014] W[r13=0000000000000001][1] R[r 0=0000000000000000] R[r 0=0000000000000000] inst=[00100693] li      a3, 1
C0:         80 [1] pc=[0000000000010018] W[r 0=0000000000000000][0] R[r12=0000000002000004] R[r13=0000000000000001] inst=[00d62023] sw      a3, 0(a2)
C0:         81 [1] pc=[000000000001001c] W[r12=0000000002000008][1] R[r12=0000000002000004] R[r 0=0000000000000000] inst=[00460613] addi    a2, a2, 4
C0:         87 [1] pc=[0000000000010020] W[r13=0000000000000000][0] R[r12=0000000002000008] R[r 0=0000000000000000] inst=[ffc62683] lw      a3, -4(a2)
C0:         95 [1] pc=[0000000000010024] W[r 0=0000000000000000][0] R[r13=0000000000000000] R[r 0=0000000000000000] inst=[fe069ae3] bnez    a3, pc - 12
C0:         96 [1] pc=[0000000000010028] W[r 0=000000000001002c][1] R[r 0=0000000000000000] R[r 0=0000000000000000] inst=[05c0006f] j       pc + 0x5c
C0:        116 [1] pc=[0000000000010084] W[r 0=0000000000000000][0] R[r11=0000000002000000] R[r 0=0000000000000000] inst=[0005a023] sw      zero, 0(a1)
C0:        117 [1] pc=[0000000000010088] W[r10=0000000000004000][1] R[r 0=0000000000000000] R[r 0=0000000000000000] inst=[00004537] lui     a0, 0x4
C0:        123 [1] pc=[000000000001008c] W[r10=0000000000000000][0] R[r10=0000000000004000] R[r 0=0000000000000000] inst=[00056503] lwu     a0, 0(a0)
C0:        135 [1] pc=[0000000000010090] W[r 0=0000000000010070][1] R[r10=0000000080000000] R[r 0=0000000000000000] inst=[34151073] csrw    unknown_341, a0
C0:        136 [1] pc=[0000000000010094] W[r10=0000000000000000][1] R[r 0=0000000000000000] R[r 0=0000000000000000] inst=[f1402573] csrr    a0, unknown_f14
C0:        137 [1] pc=[0000000000010098] W[r11=0000000000010098][1] R[r 0=0000000000000000] R[r 0=0000000000000000] inst=[00000597] auipc   a1, 0x0
C0:        138 [1] pc=[000000000001009c] W[r11=00000000000100b0][1] R[r11=0000000000010098] R[r 0=0000000000000000] inst=[01858593] addi    a1, a1, 24
C0:        139 [1] pc=[00000000000100a0] W[r12=0000000000000080][1] R[r 0=0000000000000000] R[r 0=0000000000000000] inst=[08000613] li      a2, 128
C0:        140 [1] pc=[00000000000100a4] W[r 0=0000000a00001880][1] R[r12=0000000000000080] R[r 0=0000000000000000] inst=[30063073] csrc    unknown_300, a2
C0:        145 [1] pc=[00000000000100a8] W[r 0=0000000000000000][0] R[r 0=0000000000000000] R[r 0=0000000000000000] inst=[30200073] mret
C0:        166 [1] pc=[0000000080000000] W[r 0=0000000080000004][1] R[r 0=0000000000000000] R[r 0=0000000000000000] inst=[0840006f] j       pc + 0x84
C0:        189 [1] pc=[0000000080000084] W[r 1=0000000000000000][1] R[r 0=0000000000000000] R[r 0=0000000000000000] inst=[00000093] li      ra, 0
C0:        190 [1] pc=[0000000080000088] W[r 2=0000000000000000][1] R[r 0=0000000000000000] R[r 0=0000000000000000] inst=[00000113] li      sp, 0
C0:        191 [1] pc=[000000008000008c] W[r 3=0000000000000000][1] R[r 0=0000000000000000] R[r 0=0000000000000000] inst=[00000193] li      gp, 0
C0:        192 [1] pc=[0000000080000090] W[r 4=0000000000000000][1] R[r 0=0000000000000000] R[r 0=0000000000000000] inst=[00000213] li      tp, 0
C0:        193 [1] pc=[0000000080000094] W[r 5=0000000000000000][1] R[r 0=0000000000000000] R[r 0=0000000000000000] inst=[00000293] li      t0, 0
C0:        194 [1] pc=[0000000080000098] W[r 6=0000000000000000][1] R[r 0=0000000000000000] R[r 0=0000000000000000] inst=[00000313] li      t1, 0
C0:        195 [1] pc=[000000008000009c] W[r 7=0000000000000000][1] R[r 0=0000000000000000] R[r 0=0000000000000000] inst=[00000393] li      t2, 0
C0:        196 [1] pc=[00000000800000a0] W[r 8=0000000000000000][1] R[r 0=0000000000000000] R[r 0=0000000000000000] inst=[00000413] li      s0, 0
C0:        197 [1] pc=[00000000800000a4] W[r 9=0000000000000000][1] R[r 0=0000000000000000] R[r 0=0000000000000000] inst=[00000493] li      s1, 0
C0:        198 [1] pc=[00000000800000a8] W[r10=0000000000000000][1] R[r 0=0000000000000000] R[r 0=0000000000000000] inst=[00000513] li      a0, 0
C0:        199 [1] pc=[00000000800000ac] W[r11=0000000000000000][1] R[r 0=0000000000000000] R[r 0=0000000000000000] inst=[00000593] li      a1, 0
C0:        200 [1] pc=[00000000800000b0] W[r12=0000000000000000][1] R[r 0=0000000000000000] R[r 0=0000000000000000] inst=[00000613] li      a2, 0
C0:        201 [1] pc=[00000000800000b4] W[r13=0000000000000000][1] R[r 0=0000000000000000] R[r 0=0000000000000000] inst=[00000693] li      a3, 0
C0:        202 [1] pc=[00000000800000b8] W[r14=0000000000000000][1] R[r 0=0000000000000000] R[r 0=0000000000000000] inst=[00000713] li      a4, 0
C0:        203 [1] pc=[00000000800000bc] W[r15=0000000000000000][1] R[r 0=0000000000000000] R[r 0=0000000000000000] inst=[00000793] li      a5, 0
C0:        225 [1] pc=[00000000800000c0] W[r16=0000000000000000][1] R[r 0=0000000000000000] R[r 0=0000000000000000] inst=[00000813] li      a6, 0
C0:        226 [1] pc=[00000000800000c4] W[r17=0000000000000000][1] R[r 0=0000000000000000] R[r 0=0000000000000000] inst=[00000893] li      a7, 0
C0:        227 [1] pc=[00000000800000c8] W[r18=0000000000000000][1] R[r 0=0000000000000000] R[r 0=0000000000000000] inst=[00000913] li      s2, 0
C0:        228 [1] pc=[00000000800000cc] W[r19=0000000000000000][1] R[r 0=0000000000000000] R[r 0=0000000000000000] inst=[00000993] li      s3, 0
C0:        229 [1] pc=[00000000800000d0] W[r20=0000000000000000][1] R[r 0=0000000000000000] R[r 0=0000000000000000] inst=[00000a13] li      s4, 0
C0:        230 [1] pc=[00000000800000d4] W[r21=0000000000000000][1] R[r 0=0000000000000000] R[r 0=0000000000000000] inst=[00000a93] li      s5, 0
C0:        231 [1] pc=[00000000800000d8] W[r22=0000000000000000][1] R[r 0=0000000000000000] R[r 0=0000000000000000] inst=[00000b13] li      s6, 0
C0:        232 [1] pc=[00000000800000dc] W[r23=0000000000000000][1] R[r 0=0000000000000000] R[r 0=0000000000000000] inst=[00000b93] li      s7, 0
C0:        233 [1] pc=[00000000800000e0] W[r24=0000000000000000][1] R[r 0=0000000000000000] R[r 0=0000000000000000] inst=[00000c13] li      s8, 0
C0:        234 [1] pc=[00000000800000e4] W[r25=0000000000000000][1] R[r 0=0000000000000000] R[r 0=0000000000000000] inst=[00000c93] li      s9, 0
C0:        235 [1] pc=[00000000800000e8] W[r26=0000000000000000][1] R[r 0=0000000000000000] R[r 0=0000000000000000] inst=[00000d13] li      s10, 0
C0:        236 [1] pc=[00000000800000ec] W[r27=0000000000000000][1] R[r 0=0000000000000000] R[r 0=0000000000000000] inst=[00000d93] li      s11, 0
C0:        237 [1] pc=[00000000800000f0] W[r28=0000000000000000][1] R[r 0=0000000000000000] R[r 0=0000000000000000] inst=[00000e13] li      t3, 0
C0:        238 [1] pc=[00000000800000f4] W[r29=0000000000000000][1] R[r 0=0000000000000000] R[r 0=0000000000000000] inst=[00000e93] li      t4, 0
C0:        239 [1] pc=[00000000800000f8] W[r30=0000000000000000][1] R[r 0=0000000000000000] R[r 0=0000000000000000] inst=[00000f13] li      t5, 0
C0:        240 [1] pc=[00000000800000fc] W[r31=0000000000000000][1] R[r 0=0000000000000000] R[r 0=0000000000000000] inst=[00000f93] li      t6, 0
C0:        262 [1] pc=[0000000080000100] W[r10=0000000000000000][1] R[r 0=0000000000000000] R[r 0=0000000000000000] inst=[f1402573] csrr    a0, unknown_f14
C0:        265 [1] pc=[0000000080000104] W[r 0=0000000000000000][0] R[r10=0000000000000000] R[r 0=0000000000000000] inst=[00051063] bnez    a0, pc + 0
C0:        266 [1] pc=[0000000080000108] W[r 5=0000000080000108][1] R[r 0=0000000000000000] R[r 0=0000000000000000] inst=[00000297] auipc   t0, 0x0
C0:        267 [1] pc=[000000008000010c] W[r 5=0000000080000118][1] R[r 5=0000000080000108] R[r 0=0000000000000000] inst=[01028293] addi    t0, t0, 16
C0:        268 [1] pc=[0000000080000110] W[r 0=0000000000010000][1] R[r 5=0000000080000118] R[r 0=0000000000000000] inst=[30529073] csrw    unknown_305, t0
C0:        273 [1] pc=[0000000080000114] W[r 0=0000000000000000][1] R[r 0=0000000000000000] R[r 0=0000000000000000] inst=[18005073] csrwi   unknown_180, 0
C0:        278 [1] pc=[0000000080000118] W[r 5=0000000080000118][1] R[r 0=0000000000000000] R[r 0=0000000000000000] inst=[00000297] auipc   t0, 0x0
C0:        279 [1] pc=[000000008000011c] W[r 5=000000008000013c][1] R[r 5=0000000080000118] R[r 0=0000000000000000] inst=[02428293] addi    t0, t0, 36
C0:        280 [1] pc=[0000000080000120] W[r 0=0000000080000118][1] R[r 5=000000008000013c] R[r 0=0000000000000000] inst=[30529073] csrw    unknown_305, t0
C0:        285 [1] pc=[0000000080000124] W[r 5=0000000000000001][1] R[r 0=0000000000000000] R[r 0=0000000000000000] inst=[0010029b] addiw   t0, zero, 1
C0:        286 [1] pc=[0000000080000128] W[r 5=0020000000000000][1] R[r 5=0000000000000001] R[r 0=0000000000000000] inst=[03529293] slli    t0, t0, 53
C0:        287 [1] pc=[000000008000012c] W[r 5=001fffffffffffff][1] R[r 5=0020000000000000] R[r 0=0000000000000000] inst=[fff28293] addi    t0, t0, -1
C0:        288 [1] pc=[0000000080000130] W[r 0=0000000000000000][1] R[r 5=001fffffffffffff] R[r 0=0000000000000000] inst=[3b029073] csrw    unknown_3b0, t0
C0:        293 [1] pc=[0000000080000134] W[r 5=000000000000001f][1] R[r 0=0000000000000000] R[r 0=0000000000000000] inst=[01f00293] li      t0, 31
C0:        294 [1] pc=[0000000080000138] W[r 0=0000000000000000][1] R[r 5=000000000000001f] R[r 0=0000000000000000] inst=[3a029073] csrw    unknown_3a0, t0
C0:        299 [1] pc=[000000008000013c] W[r 0=0000000000000008][1] R[r 0=0000000000000000] R[r 0=0000000000000000] inst=[30405073] csrwi   unknown_304, 0
C0:        316 [1] pc=[0000000080000140] W[r 5=0000000080000140][1] R[r 0=0000000000000000] R[r 0=0000000000000000] inst=[00000297] auipc   t0, 0x0
C0:        317 [1] pc=[0000000080000144] W[r 5=0000000080000154][1] R[r 5=0000000080000140] R[r 0=0000000000000000] inst=[01428293] addi    t0, t0, 20
C0:        318 [1] pc=[0000000080000148] W[r 0=000000008000013c][1] R[r 5=0000000080000154] R[r 0=0000000000000000] inst=[30529073] csrw    unknown_305, t0
C0:        323 [1] pc=[000000008000014c] W[r 0=0000000000000000][1] R[r 0=0000000000000000] R[r 0=0000000000000000] inst=[30205073] csrwi   unknown_302, 0
C0:        328 [1] pc=[0000000080000150] W[r 0=0000000000000000][1] R[r 0=0000000000000000] R[r 0=0000000000000000] inst=[30305073] csrwi   unknown_303, 0
C0:        333 [1] pc=[0000000080000154] W[r 3=0000000000000000][1] R[r 0=0000000000000000] R[r 0=0000000000000000] inst=[00000193] li      gp, 0
C0:        334 [1] pc=[0000000080000158] W[r 5=0000000080000158][1] R[r 0=0000000000000000] R[r 0=0000000000000000] inst=[00000297] auipc   t0, 0x0
C0:        335 [1] pc=[000000008000015c] W[r 5=0000000080000004][1] R[r 5=0000000080000158] R[r 0=0000000000000000] inst=[eac28293] addi    t0, t0, -340
C0:        336 [1] pc=[0000000080000160] W[r 0=0000000080000154][1] R[r 5=0000000080000004] R[r 0=0000000000000000] inst=[30529073] csrw    unknown_305, t0
C0:        341 [1] pc=[0000000080000164] W[r10=0000000000000001][1] R[r 0=0000000000000000] R[r 0=0000000000000000] inst=[00100513] li      a0, 1
C0:        342 [1] pc=[0000000080000168] W[r10=0000000080000000][1] R[r10=0000000000000001] R[r 0=0000000000000000] inst=[01f51513] slli    a0, a0, 31
C0:        343 [1] pc=[000000008000016c] W[r 0=0000000000000000][0] R[r10=0000000080000000] R[r 0=0000000000000000] inst=[00055c63] bgez    a0, pc + 24
C0:        368 [1] pc=[0000000080000184] W[r 5=0000000000000184][1] R[r 0=0000000000000000] R[r 0=0000000000000000] inst=[80000297] auipc   t0, 0x80000
C0:        369 [1] pc=[0000000080000188] W[r 5=0000000000000000][1] R[r 5=0000000000000184] R[r 0=0000000000000000] inst=[e7c28293] addi    t0, t0, -388
C0:        370 [1] pc=[000000008000018c] W[r 0=0000000000000000][0] R[r 5=0000000000000000] R[r 0=0000000000000000] inst=[00028a63] beqz    t0, pc + 20
C0:        374 [1] pc=[00000000800001a0] W[r 0=0000000a00000080][1] R[r 0=0000000000000000] R[r 0=0000000000000000] inst=[30005073] csrwi   unknown_300, 0
C0:        379 [1] pc=[00000000800001a4] W[r 5=00000000800001a4][1] R[r 0=0000000000000000] R[r 0=0000000000000000] inst=[00000297] auipc   t0, 0x0
C0:        380 [1] pc=[00000000800001a8] W[r 5=00000000800001b8][1] R[r 5=00000000800001a4] R[r 0=0000000000000000] inst=[01428293] addi    t0, t0, 20
C0:        381 [1] pc=[00000000800001ac] W[r 0=0000000080000000][1] R[r 5=00000000800001b8] R[r 0=0000000000000000] inst=[34129073] csrw    unknown_341, t0
C0:        382 [1] pc=[00000000800001b0] W[r10=0000000000000000][1] R[r 0=0000000000000000] R[r 0=0000000000000000] inst=[f1402573] csrr    a0, unknown_f14
C0:        383 [1] pc=[00000000800001b4] W[r 0=0000000000000000][0] R[r 0=0000000000000000] R[r 0=0000000000000000] inst=[30200073] mret
C0:        388 [1] pc=[00000000800001b8] W[r 1=00000000800021b8][1] R[r 0=0000000000000000] R[r 0=0000000000000000] inst=[00002097] auipc   ra, 0x2
C0:        389 [1] pc=[00000000800001bc] W[r 1=0000000080002000][1] R[r 1=00000000800021b8] R[r 0=0000000000000000] inst=[e4808093] addi    ra, ra, -440
C0:        411 [1] pc=[00000000800001c0] W[r 2=00000000000000aa][1] R[r 0=0000000000000000] R[r 0=0000000000000000] inst=[0aa00113] li      sp, 170
C0:        428 [1] pc=[00000000800001c4] W[r 0=0000000000000000][0] R[r 1=0000000080002000] R[r 2=00000000000000aa] inst=[00209023] sh      sp, 0(ra)
C0:        434 [1] pc=[00000000800001c8] W[r14=00000000000000aa][1] R[r 1=0000000080002000] R[r 0=0000000000000000] inst=[00009703] lh      a4, 0(ra)
C0:        435 [1] pc=[00000000800001cc] W[r 7=00000000000000aa][1] R[r 0=0000000000000000] R[r 0=0000000000000000] inst=[0aa00393] li      t2, 170
C0:        436 [1] pc=[00000000800001d0] W[r 3=0000000000000002][1] R[r 0=0000000000000000] R[r 0=0000000000000000] inst=[00200193] li      gp, 2
C0:        437 [1] pc=[00000000800001d4] W[r 0=0000000000000000][0] R[r14=00000000000000aa] R[r 7=00000000000000aa] inst=[44771e63] bne     a4, t2, pc + 1116
C0:        438 [1] pc=[00000000800001d8] W[r 1=00000000800021d8][1] R[r 0=0000000000000000] R[r 0=0000000000000000] inst=[00002097] auipc   ra, 0x2
C0:        439 [1] pc=[00000000800001dc] W[r 1=0000000080002000][1] R[r 1=00000000800021d8] R[r 0=0000000000000000] inst=[e2808093] addi    ra, ra, -472
C0:        440 [1] pc=[00000000800001e0] W[r 2=ffffffffffffb000][1] R[r 0=0000000000000000] R[r 0=0000000000000000] inst=[ffffb137] lui     sp, 0xffffb
C0:        441 [1] pc=[00000000800001e4] W[r 2=ffffffffffffaa00][1] R[r 2=ffffffffffffb000] R[r 0=0000000000000000] inst=[a001011b] addiw   sp, sp, -1536
C0:        442 [1] pc=[00000000800001e8] W[r 0=0000000000000000][0] R[r 1=0000000080002000] R[r 2=ffffffffffffaa00] inst=[00209123] sh      sp, 2(ra)
C0:        448 [1] pc=[00000000800001ec] W[r14=ffffffffffffaa00][1] R[r 1=0000000080002000] R[r 0=0000000000000000] inst=[00209703] lh      a4, 2(ra)
C0:        449 [1] pc=[00000000800001f0] W[r 7=ffffffffffffb000][1] R[r 0=0000000000000000] R[r 0=0000000000000000] inst=[ffffb3b7] lui     t2, 0xffffb
C0:        450 [1] pc=[00000000800001f4] W[r 7=ffffffffffffaa00][1] R[r 7=ffffffffffffb000] R[r 0=0000000000000000] inst=[a003839b] addiw   t2, t2, -1536
C0:        451 [1] pc=[00000000800001f8] W[r 3=0000000000000003][1] R[r 0=0000000000000000] R[r 0=0000000000000000] inst=[00300193] li      gp, 3
C0:        452 [1] pc=[00000000800001fc] W[r 0=0000000000000000][0] R[r14=ffffffffffffaa00] R[r 7=ffffffffffffaa00] inst=[42771a63] bne     a4, t2, pc + 1076
C0:        474 [1] pc=[0000000080000200] W[r 1=0000000080002200][1] R[r 0=0000000000000000] R[r 0=0000000000000000] inst=[00002097] auipc   ra, 0x2
C0:        475 [1] pc=[0000000080000204] W[r 1=0000000080002000][1] R[r 1=0000000080002200] R[r 0=0000000000000000] inst=[e0008093] addi    ra, ra, -512
C0:        476 [1] pc=[0000000080000208] W[r 2=ffffffffbeef1000][1] R[r 0=0000000000000000] R[r 0=0000000000000000] inst=[beef1137] lui     sp, 0xbeef1
C0:        477 [1] pc=[000000008000020c] W[r 2=ffffffffbeef0aa0][1] R[r 2=ffffffffbeef1000] R[r 0=0000000000000000] inst=[aa01011b] addiw   sp, sp, -1376
C0:        478 [1] pc=[0000000080000210] W[r 0=0000000000000000][0] R[r 1=0000000080002000] R[r 2=ffffffffbeef0aa0] inst=[00209223] sh      sp, 4(ra)
C0:        484 [1] pc=[0000000080000214] W[r14=ffffffffbeef0aa0][1] R[r 1=0000000080002000] R[r 0=0000000000000000] inst=[0040a703] lw      a4, 4(ra)
C0:        485 [1] pc=[0000000080000218] W[r 7=ffffffffbeef1000][1] R[r 0=0000000000000000] R[r 0=0000000000000000] inst=[beef13b7] lui     t2, 0xbeef1
C0:        486 [1] pc=[000000008000021c] W[r 7=ffffffffbeef0aa0][1] R[r 7=ffffffffbeef1000] R[r 0=0000000000000000] inst=[aa03839b] addiw   t2, t2, -1376
C0:        487 [1] pc=[0000000080000220] W[r 3=0000000000000004][1] R[r 0=0000000000000000] R[r 0=0000000000000000] inst=[00400193] li      gp, 4
C0:        488 [1] pc=[0000000080000224] W[r 0=0000000000000000][0] R[r14=ffffffffbeef0aa0] R[r 7=ffffffffbeef0aa0] inst=[40771663] bne     a4, t2, pc + 1036
C0:        489 [1] pc=[0000000080000228] W[r 1=0000000080002228][1] R[r 0=0000000000000000] R[r 0=0000000000000000] inst=[00002097] auipc   ra, 0x2
C0:        490 [1] pc=[000000008000022c] W[r 1=0000000080002000][1] R[r 1=0000000080002228] R[r 0=0000000000000000] inst=[dd808093] addi    ra, ra, -552
C0:        491 [1] pc=[0000000080000230] W[r 2=ffffffffffffa000][1] R[r 0=0000000000000000] R[r 0=0000000000000000] inst=[ffffa137] lui     sp, 0xffffa
C0:        492 [1] pc=[0000000080000234] W[r 2=ffffffffffffa00a][1] R[r 2=ffffffffffffa000] R[r 0=0000000000000000] inst=[00a1011b] addiw   sp, sp, 10
C0:        493 [1] pc=[0000000080000238] W[r 0=0000000000000000][0] R[r 1=0000000080002000] R[r 2=ffffffffffffa00a] inst=[00209323] sh      sp, 6(ra)
C0:        499 [1] pc=[000000008000023c] W[r14=ffffffffffffa00a][1] R[r 1=0000000080002000] R[r 0=0000000000000000] inst=[00609703] lh      a4, 6(ra)
C0:        516 [1] pc=[0000000080000240] W[r 7=ffffffffffffa000][1] R[r 0=0000000000000000] R[r 0=0000000000000000] inst=[ffffa3b7] lui     t2, 0xffffa
C0:        517 [1] pc=[0000000080000244] W[r 7=ffffffffffffa00a][1] R[r 7=ffffffffffffa000] R[r 0=0000000000000000] inst=[00a3839b] addiw   t2, t2, 10
C0:        518 [1] pc=[0000000080000248] W[r 3=0000000000000005][1] R[r 0=0000000000000000] R[r 0=0000000000000000] inst=[00500193] li      gp, 5
C0:        519 [1] pc=[000000008000024c] W[r 0=0000000000000000][0] R[r14=ffffffffffffa00a] R[r 7=ffffffffffffa00a] inst=[3e771263] bne     a4, t2, pc + 996
C0:        520 [1] pc=[0000000080000250] W[r 1=0000000080002250][1] R[r 0=0000000000000000] R[r 0=0000000000000000] inst=[00002097] auipc   ra, 0x2
C0:        521 [1] pc=[0000000080000254] W[r 1=000000008000200e][1] R[r 1=0000000080002250] R[r 0=0000000000000000] inst=[dbe08093] addi    ra, ra, -578
C0:        522 [1] pc=[0000000080000258] W[r 2=00000000000000aa][1] R[r 0=0000000000000000] R[r 0=0000000000000000] inst=[0aa00113] li      sp, 170
C0:        523 [1] pc=[000000008000025c] W[r 0=0000000000000000][0] R[r 1=000000008000200e] R[r 2=00000000000000aa] inst=[fe209d23] sh      sp, -6(ra)
C0:        529 [1] pc=[0000000080000260] W[r14=00000000000000aa][1] R[r 1=000000008000200e] R[r 0=0000000000000000] inst=[ffa09703] lh      a4, -6(ra)
C0:        530 [1] pc=[0000000080000264] W[r 7=00000000000000aa][1] R[r 0=0000000000000000] R[r 0=0000000000000000] inst=[0aa00393] li      t2, 170
C0:        531 [1] pc=[0000000080000268] W[r 3=0000000000000006][1] R[r 0=0000000000000000] R[r 0=0000000000000000] inst=[00600193] li      gp, 6
C0:        532 [1] pc=[000000008000026c] W[r 0=0000000000000000][0] R[r14=00000000000000aa] R[r 7=00000000000000aa] inst=[3c771263] bne     a4, t2, pc + 964
C0:        533 [1] pc=[0000000080000270] W[r 1=0000000080002270][1] R[r 0=0000000000000000] R[r 0=0000000000000000] inst=[00002097] auipc   ra, 0x2
C0:        534 [1] pc=[0000000080000274] W[r 1=000000008000200e][1] R[r 1=0000000080002270] R[r 0=0000000000000000] inst=[d9e08093] addi    ra, ra, -610
C0:        535 [1] pc=[0000000080000278] W[r 2=ffffffffffffb000][1] R[r 0=0000000000000000] R[r 0=0000000000000000] inst=[ffffb137] lui     sp, 0xffffb
C0:        536 [1] pc=[000000008000027c] W[r 2=ffffffffffffaa00][1] R[r 2=ffffffffffffb000] R[r 0=0000000000000000] inst=[a001011b] addiw   sp, sp, -1536
C0:        558 [1] pc=[0000000080000280] W[r 0=0000000000000000][0] R[r 1=000000008000200e] R[r 2=ffffffffffffaa00] inst=[fe209e23] sh      sp, -4(ra)
C0:        564 [1] pc=[0000000080000284] W[r14=ffffffffffffaa00][1] R[r 1=000000008000200e] R[r 0=0000000000000000] inst=[ffc09703] lh      a4, -4(ra)
C0:        565 [1] pc=[0000000080000288] W[r 7=ffffffffffffb000][1] R[r 0=0000000000000000] R[r 0=0000000000000000] inst=[ffffb3b7] lui     t2, 0xffffb
C0:        566 [1] pc=[000000008000028c] W[r 7=ffffffffffffaa00][1] R[r 7=ffffffffffffb000] R[r 0=0000000000000000] inst=[a003839b] addiw   t2, t2, -1536
C0:        567 [1] pc=[0000000080000290] W[r 3=0000000000000007][1] R[r 0=0000000000000000] R[r 0=0000000000000000] inst=[00700193] li      gp, 7
C0:        568 [1] pc=[0000000080000294] W[r 0=0000000000000000][0] R[r14=ffffffffffffaa00] R[r 7=ffffffffffffaa00] inst=[38771e63] bne     a4, t2, pc + 924
C0:        569 [1] pc=[0000000080000298] W[r 1=0000000080002298][1] R[r 0=0000000000000000] R[r 0=0000000000000000] inst=[00002097] auipc   ra, 0x2
C0:        570 [1] pc=[000000008000029c] W[r 1=000000008000200e][1] R[r 1=0000000080002298] R[r 0=0000000000000000] inst=[d7608093] addi    ra, ra, -650
C0:        571 [1] pc=[00000000800002a0] W[r 2=0000000000001000][1] R[r 0=0000000000000000] R[r 0=0000000000000000] inst=[00001137] lui     sp, 0x1
C0:        572 [1] pc=[00000000800002a4] W[r 2=0000000000000aa0][1] R[r 2=0000000000001000] R[r 0=0000000000000000] inst=[aa01011b] addiw   sp, sp, -1376
C0:        573 [1] pc=[00000000800002a8] W[r 0=0000000000000000][0] R[r 1=000000008000200e] R[r 2=0000000000000aa0] inst=[fe209f23] sh      sp, -2(ra)
C0:        579 [1] pc=[00000000800002ac] W[r14=0000000000000aa0][1] R[r 1=000000008000200e] R[r 0=0000000000000000] inst=[ffe09703] lh      a4, -2(ra)
C0:        580 [1] pc=[00000000800002b0] W[r 7=0000000000001000][1] R[r 0=0000000000000000] R[r 0=0000000000000000] inst=[000013b7] lui     t2, 0x1
C0:        581 [1] pc=[00000000800002b4] W[r 7=0000000000000aa0][1] R[r 7=0000000000001000] R[r 0=0000000000000000] inst=[aa03839b] addiw   t2, t2, -1376
C0:        582 [1] pc=[00000000800002b8] W[r 3=0000000000000008][1] R[r 0=0000000000000000] R[r 0=0000000000000000] inst=[00800193] li      gp, 8
C0:        583 [1] pc=[00000000800002bc] W[r 0=0000000000000000][0] R[r14=0000000000000aa0] R[r 7=0000000000000aa0] inst=[36771a63] bne     a4, t2, pc + 884
C0:        605 [1] pc=[00000000800002c0] W[r 1=00000000800022c0][1] R[r 0=0000000000000000] R[r 0=0000000000000000] inst=[00002097] auipc   ra, 0x2
C0:        606 [1] pc=[00000000800002c4] W[r 1=000000008000200e][1] R[r 1=00000000800022c0] R[r 0=0000000000000000] inst=[d4e08093] addi    ra, ra, -690
C0:        607 [1] pc=[00000000800002c8] W[r 2=ffffffffffffa000][1] R[r 0=0000000000000000] R[r 0=0000000000000000] inst=[ffffa137] lui     sp, 0xffffa
C0:        608 [1] pc=[00000000800002cc] W[r 2=ffffffffffffa00a][1] R[r 2=ffffffffffffa000] R[r 0=0000000000000000] inst=[00a1011b] addiw   sp, sp, 10
C0:        609 [1] pc=[00000000800002d0] W[r 0=0000000000000000][0] R[r 1=000000008000200e] R[r 2=ffffffffffffa00a] inst=[00209023] sh      sp, 0(ra)
C0:        615 [1] pc=[00000000800002d4] W[r14=ffffffffffffa00a][1] R[r 1=000000008000200e] R[r 0=0000000000000000] inst=[00009703] lh      a4, 0(ra)
C0:        616 [1] pc=[00000000800002d8] W[r 7=ffffffffffffa000][1] R[r 0=0000000000000000] R[r 0=0000000000000000] inst=[ffffa3b7] lui     t2, 0xffffa
C0:        617 [1] pc=[00000000800002dc] W[r 7=ffffffffffffa00a][1] R[r 7=ffffffffffffa000] R[r 0=0000000000000000] inst=[00a3839b] addiw   t2, t2, 10
C0:        618 [1] pc=[00000000800002e0] W[r 3=0000000000000009][1] R[r 0=0000000000000000] R[r 0=0000000000000000] inst=[00900193] li      gp, 9
C0:        619 [1] pc=[00000000800002e4] W[r 0=0000000000000000][0] R[r14=ffffffffffffa00a] R[r 7=ffffffffffffa00a] inst=[34771663] bne     a4, t2, pc + 844
C0:        620 [1] pc=[00000000800002e8] W[r 1=00000000800022e8][1] R[r 0=0000000000000000] R[r 0=0000000000000000] inst=[00002097] auipc   ra, 0x2
C0:        621 [1] pc=[00000000800002ec] W[r 1=0000000080002010][1] R[r 1=00000000800022e8] R[r 0=0000000000000000] inst=[d2808093] addi    ra, ra, -728
C0:        622 [1] pc=[00000000800002f0] W[r 2=0000000012345000][1] R[r 0=0000000000000000] R[r 0=0000000000000000] inst=[12345137] lui     sp, 0x12345
C0:        623 [1] pc=[00000000800002f4] W[r 2=0000000012345678][1] R[r 2=0000000012345000] R[r 0=0000000000000000] inst=[6781011b] addiw   sp, sp, 1656
C0:        624 [1] pc=[00000000800002f8] W[r 4=0000000080001ff0][1] R[r 1=0000000080002010] R[r 0=0000000000000000] inst=[fe008213] addi    tp, ra, -32
C0:        625 [1] pc=[00000000800002fc] W[r 0=0000000000000000][0] R[r 4=0000000080001ff0] R[r 2=0000000012345678] inst=[02221023] sh      sp, 32(tp)
C0:        647 [1] pc=[0000000080000300] W[r 5=0000000000005678][1] R[r 1=0000000080002010] R[r 0=0000000000000000] inst=[00009283] lh      t0, 0(ra)
C0:        648 [1] pc=[0000000080000304] W[r 7=0000000000005000][1] R[r 0=0000000000000000] R[r 0=0000000000000000] inst=[000053b7] lui     t2, 0x5
C0:        649 [1] pc=[0000000080000308] W[r 7=0000000000005678][1] R[r 7=0000000000005000] R[r 0=0000000000000000] inst=[6783839b] addiw   t2, t2, 1656
C0:        650 [1] pc=[000000008000030c] W[r 3=000000000000000a][1] R[r 0=0000000000000000] R[r 0=0000000000000000] inst=[00a00193] li      gp, 10
C0:        651 [1] pc=[0000000080000310] W[r 0=0000000000000000][0] R[r 5=0000000000005678] R[r 7=0000000000005678] inst=[32729063] bne     t0, t2, pc + 800
C0:        652 [1] pc=[0000000080000314] W[r 1=0000000080002314][1] R[r 0=0000000000000000] R[r 0=0000000000000000] inst=[00002097] auipc   ra, 0x2
C0:        653 [1] pc=[0000000080000318] W[r 1=0000000080002010][1] R[r 1=0000000080002314] R[r 0=0000000000000000] inst=[cfc08093] addi    ra, ra, -772
C0:        654 [1] pc=[000000008000031c] W[r 2=0000000000003000][1] R[r 0=0000000000000000] R[r 0=0000000000000000] inst=[00003137] lui     sp, 0x3
C0:        655 [1] pc=[0000000080000320] W[r 2=0000000000003098][1] R[r 2=0000000000003000] R[r 0=0000000000000000] inst=[0981011b] addiw   sp, sp, 152
C0:        656 [1] pc=[0000000080000324] W[r 1=000000008000200b][1] R[r 1=0000000080002010] R[r 0=0000000000000000] inst=[ffb08093] addi    ra, ra, -5
C0:        657 [1] pc=[0000000080000328] W[r 0=0000000000000000][0] R[r 1=000000008000200b] R[r 2=0000000000003098] inst=[002093a3] sh      sp, 7(ra)
C0:        658 [1] pc=[000000008000032c] W[r 4=000000008000232c][1] R[r 0=0000000000000000] R[r 0=0000000000000000] inst=[00002217] auipc   tp, 0x2
C0:        659 [1] pc=[0000000080000330] W[r 4=0000000080002012][1] R[r 4=000000008000232c] R[r 0=0000000000000000] inst=[ce620213] addi    tp, tp, -794
C0:        660 [1] pc=[0000000080000334] W[r 5=0000000000003098][1] R[r 4=0000000080002012] R[r 0=0000000000000000] inst=[00021283] lh      t0, 0(tp)
C0:        661 [1] pc=[0000000080000338] W[r 7=0000000000003000][1] R[r 0=0000000000000000] R[r 0=0000000000000000] inst=[000033b7] lui     t2, 0x3
C0:        662 [1] pc=[000000008000033c] W[r 7=0000000000003098][1] R[r 7=0000000000003000] R[r 0=0000000000000000] inst=[0983839b] addiw   t2, t2, 152
C0:        684 [1] pc=[0000000080000340] W[r 3=000000000000000b][1] R[r 0=0000000000000000] R[r 0=0000000000000000] inst=[00b00193] li      gp, 11
C0:        685 [1] pc=[0000000080000344] W[r 0=0000000000000000][0] R[r 5=0000000000003098] R[r 7=0000000000003098] inst=[2e729663] bne     t0, t2, pc + 748
C0:        686 [1] pc=[0000000080000348] W[r 3=000000000000000c][1] R[r 0=0000000000000000] R[r 0=0000000000000000] inst=[00c00193] li      gp, 12
C0:        687 [1] pc=[000000008000034c] W[r 4=0000000000000000][1] R[r 0=0000000000000000] R[r 0=0000000000000000] inst=[00000213] li      tp, 0
C0:        688 [1] pc=[0000000080000350] W[r 1=ffffffffffffd000][1] R[r 0=0000000000000000] R[r 0=0000000000000000] inst=[ffffd0b7] lui     ra, 0xffffd
C0:        689 [1] pc=[0000000080000354] W[r 1=ffffffffffffccdd][1] R[r 1=ffffffffffffd000] R[r 0=0000000000000000] inst=[cdd0809b] addiw   ra, ra, -803
C0:        690 [1] pc=[0000000080000358] W[r 2=0000000080002358][1] R[r 0=0000000000000000] R[r 0=0000000000000000] inst=[00002117] auipc   sp, 0x2
C0:        691 [1] pc=[000000008000035c] W[r 2=0000000080002000][1] R[r 2=0000000080002358] R[r 0=0000000000000000] inst=[ca810113] addi    sp, sp, -856
C0:        692 [1] pc=[0000000080000360] W[r 0=0000000000000000][0] R[r 2=0000000080002000] R[r 1=ffffffffffffccdd] inst=[00111023] sh      ra, 0(sp)
C0:        698 [1] pc=[0000000080000364] W[r14=ffffffffffffccdd][1] R[r 2=0000000080002000] R[r 0=0000000000000000] inst=[00011703] lh      a4, 0(sp)
C0:        699 [1] pc=[0000000080000368] W[r 7=ffffffffffffd000][1] R[r 0=0000000000000000] R[r 0=0000000000000000] inst=[ffffd3b7] lui     t2, 0xffffd
C0:        700 [1] pc=[000000008000036c] W[r 7=ffffffffffffccdd][1] R[r 7=ffffffffffffd000] R[r 0=0000000000000000] inst=[cdd3839b] addiw   t2, t2, -803
C0:        701 [1] pc=[0000000080000370] W[r 0=0000000000000000][0] R[r14=ffffffffffffccdd] R[r 7=ffffffffffffccdd] inst=[2c771063] bne     a4, t2, pc + 704
C0:        702 [1] pc=[0000000080000374] W[r 4=0000000000000001][1] R[r 4=0000000000000000] R[r 0=0000000000000000] inst=[00120213] addi    tp, tp, 1
C0:        703 [1] pc=[0000000080000378] W[r 5=0000000000000002][1] R[r 0=0000000000000000] R[r 0=0000000000000000] inst=[00200293] li      t0, 2
C0:        704 [1] pc=[000000008000037c] W[r 0=0000000000000000][0] R[r 4=0000000000000001] R[r 5=0000000000000002] inst=[fc521ae3] bne     tp, t0, pc - 44
C0:        708 [1] pc=[0000000080000350] W[r 1=ffffffffffffd000][1] R[r 0=0000000000000000] R[r 0=0000000000000000] inst=[ffffd0b7] lui     ra, 0xffffd
C0:        709 [1] pc=[0000000080000354] W[r 1=ffffffffffffccdd][1] R[r 1=ffffffffffffd000] R[r 0=0000000000000000] inst=[cdd0809b] addiw   ra, ra, -803
C0:        710 [1] pc=[0000000080000358] W[r 2=0000000080002358][1] R[r 0=0000000000000000] R[r 0=0000000000000000] inst=[00002117] auipc   sp, 0x2
C0:        711 [1] pc=[000000008000035c] W[r 2=0000000080002000][1] R[r 2=0000000080002358] R[r 0=0000000000000000] inst=[ca810113] addi    sp, sp, -856
C0:        712 [1] pc=[0000000080000360] W[r 0=0000000000000000][0] R[r 2=0000000080002000] R[r 1=ffffffffffffccdd] inst=[00111023] sh      ra, 0(sp)
C0:        718 [1] pc=[0000000080000364] W[r14=ffffffffffffccdd][1] R[r 2=0000000080002000] R[r 0=0000000000000000] inst=[00011703] lh      a4, 0(sp)
C0:        719 [1] pc=[0000000080000368] W[r 7=ffffffffffffd000][1] R[r 0=0000000000000000] R[r 0=0000000000000000] inst=[ffffd3b7] lui     t2, 0xffffd
C0:        720 [1] pc=[000000008000036c] W[r 7=ffffffffffffccdd][1] R[r 7=ffffffffffffd000] R[r 0=0000000000000000] inst=[cdd3839b] addiw   t2, t2, -803
C0:        721 [1] pc=[0000000080000370] W[r 0=0000000000000000][0] R[r14=ffffffffffffccdd] R[r 7=ffffffffffffccdd] inst=[2c771063] bne     a4, t2, pc + 704
C0:        722 [1] pc=[0000000080000374] W[r 4=0000000000000002][1] R[r 4=0000000000000001] R[r 0=0000000000000000] inst=[00120213] addi    tp, tp, 1
C0:        723 [1] pc=[0000000080000378] W[r 5=0000000000000002][1] R[r 0=0000000000000000] R[r 0=0000000000000000] inst=[00200293] li      t0, 2
C0:        724 [1] pc=[000000008000037c] W[r 0=0000000000000000][0] R[r 4=0000000000000002] R[r 5=0000000000000002] inst=[fc521ae3] bne     tp, t0, pc - 44
C0:        746 [1] pc=[0000000080000380] W[r 3=000000000000000d][1] R[r 0=0000000000000000] R[r 0=0000000000000000] inst=[00d00193] li      gp, 13
C0:        747 [1] pc=[0000000080000384] W[r 4=0000000000000000][1] R[r 0=0000000000000000] R[r 0=0000000000000000] inst=[00000213] li      tp, 0
C0:        748 [1] pc=[0000000080000388] W[r 1=ffffffffffffc000][1] R[r 0=0000000000000000] R[r 0=0000000000000000] inst=[ffffc0b7] lui     ra, 0xffffc
C0:        749 [1] pc=[000000008000038c] W[r 1=ffffffffffffbccd][1] R[r 1=ffffffffffffc000] R[r 0=0000000000000000] inst=[ccd0809b] addiw   ra, ra, -819
C0:        750 [1] pc=[0000000080000390] W[r 2=0000000080002390][1] R[r 0=0000000000000000] R[r 0=0000000000000000] inst=[00002117] auipc   sp, 0x2
C0:        751 [1] pc=[0000000080000394] W[r 2=0000000080002000][1] R[r 2=0000000080002390] R[r 0=0000000000000000] inst=[c7010113] addi    sp, sp, -912
C0:        752 [1] pc=[0000000080000398] W[r 0=0000000000000000][1] R[r 0=0000000000000000] R[r 0=0000000000000000] inst=[00000013] nop
C0:        753 [1] pc=[000000008000039c] W[r 0=0000000000000000][0] R[r 2=0000000080002000] R[r 1=ffffffffffffbccd] inst=[00111123] sh      ra, 2(sp)
C0:        759 [1] pc=[00000000800003a0] W[r14=ffffffffffffbccd][1] R[r 2=0000000080002000] R[r 0=0000000000000000] inst=[00211703] lh      a4, 2(sp)
C0:        760 [1] pc=[00000000800003a4] W[r 7=ffffffffffffc000][1] R[r 0=0000000000000000] R[r 0=0000000000000000] inst=[ffffc3b7] lui     t2, 0xffffc
C0:        761 [1] pc=[00000000800003a8] W[r 7=ffffffffffffbccd][1] R[r 7=ffffffffffffc000] R[r 0=0000000000000000] inst=[ccd3839b] addiw   t2, t2, -819
C0:        762 [1] pc=[00000000800003ac] W[r 0=0000000000000000][0] R[r14=ffffffffffffbccd] R[r 7=ffffffffffffbccd] inst=[28771263] bne     a4, t2, pc + 644
C0:        763 [1] pc=[00000000800003b0] W[r 4=0000000000000001][1] R[r 4=0000000000000000] R[r 0=0000000000000000] inst=[00120213] addi    tp, tp, 1
C0:        764 [1] pc=[00000000800003b4] W[r 5=0000000000000002][1] R[r 0=0000000000000000] R[r 0=0000000000000000] inst=[00200293] li      t0, 2
C0:        765 [1] pc=[00000000800003b8] W[r 0=0000000000000000][0] R[r 4=0000000000000001] R[r 5=0000000000000002] inst=[fc5218e3] bne     tp, t0, pc - 48
C0:        769 [1] pc=[0000000080000388] W[r 1=ffffffffffffc000][1] R[r 0=0000000000000000] R[r 0=0000000000000000] inst=[ffffc0b7] lui     ra, 0xffffc
C0:        770 [1] pc=[000000008000038c] W[r 1=ffffffffffffbccd][1] R[r 1=ffffffffffffc000] R[r 0=0000000000000000] inst=[ccd0809b] addiw   ra, ra, -819
C0:        771 [1] pc=[0000000080000390] W[r 2=0000000080002390][1] R[r 0=0000000000000000] R[r 0=0000000000000000] inst=[00002117] auipc   sp, 0x2
C0:        772 [1] pc=[0000000080000394] W[r 2=0000000080002000][1] R[r 2=0000000080002390] R[r 0=0000000000000000] inst=[c7010113] addi    sp, sp, -912
C0:        773 [1] pc=[0000000080000398] W[r 0=0000000000000000][1] R[r 0=0000000000000000] R[r 0=0000000000000000] inst=[00000013] nop
C0:        774 [1] pc=[000000008000039c] W[r 0=0000000000000000][0] R[r 2=0000000080002000] R[r 1=ffffffffffffbccd] inst=[00111123] sh      ra, 2(sp)
C0:        780 [1] pc=[00000000800003a0] W[r14=ffffffffffffbccd][1] R[r 2=0000000080002000] R[r 0=0000000000000000] inst=[00211703] lh      a4, 2(sp)
C0:        781 [1] pc=[00000000800003a4] W[r 7=ffffffffffffc000][1] R[r 0=0000000000000000] R[r 0=0000000000000000] inst=[ffffc3b7] lui     t2, 0xffffc
C0:        782 [1] pc=[00000000800003a8] W[r 7=ffffffffffffbccd][1] R[r 7=ffffffffffffc000] R[r 0=0000000000000000] inst=[ccd3839b] addiw   t2, t2, -819
C0:        783 [1] pc=[00000000800003ac] W[r 0=0000000000000000][0] R[r14=ffffffffffffbccd] R[r 7=ffffffffffffbccd] inst=[28771263] bne     a4, t2, pc + 644
C0:        784 [1] pc=[00000000800003b0] W[r 4=0000000000000002][1] R[r 4=0000000000000001] R[r 0=0000000000000000] inst=[00120213] addi    tp, tp, 1
C0:        785 [1] pc=[00000000800003b4] W[r 5=0000000000000002][1] R[r 0=0000000000000000] R[r 0=0000000000000000] inst=[00200293] li      t0, 2
C0:        786 [1] pc=[00000000800003b8] W[r 0=0000000000000000][0] R[r 4=0000000000000002] R[r 5=0000000000000002] inst=[fc5218e3] bne     tp, t0, pc - 48
C0:        787 [1] pc=[00000000800003bc] W[r 3=000000000000000e][1] R[r 0=0000000000000000] R[r 0=0000000000000000] inst=[00e00193] li      gp, 14
C0:        809 [1] pc=[00000000800003c0] W[r 4=0000000000000000][1] R[r 0=0000000000000000] R[r 0=0000000000000000] inst=[00000213] li      tp, 0
C0:        810 [1] pc=[00000000800003c4] W[r 1=ffffffffffffc000][1] R[r 0=0000000000000000] R[r 0=0000000000000000] inst=[ffffc0b7] lui     ra, 0xffffc
C0:        811 [1] pc=[00000000800003c8] W[r 1=ffffffffffffbbcc][1] R[r 1=ffffffffffffc000] R[r 0=0000000000000000] inst=[bcc0809b] addiw   ra, ra, -1076
C0:        812 [1] pc=[00000000800003cc] W[r 2=00000000800023cc][1] R[r 0=0000000000000000] R[r 0=0000000000000000] inst=[00002117] auipc   sp, 0x2
C0:        813 [1] pc=[00000000800003d0] W[r 2=0000000080002000][1] R[r 2=00000000800023cc] R[r 0=0000000000000000] inst=[c3410113] addi    sp, sp, -972
C0:        814 [1] pc=[00000000800003d4] W[r 0=0000000000000000][1] R[r 0=0000000000000000] R[r 0=0000000000000000] inst=[00000013] nop
C0:        815 [1] pc=[00000000800003d8] W[r 0=0000000000000000][1] R[r 0=0000000000000000] R[r 0=0000000000000000] inst=[00000013] nop
C0:        816 [1] pc=[00000000800003dc] W[r 0=0000000000000000][0] R[r 2=0000000080002000] R[r 1=ffffffffffffbbcc] inst=[00111223] sh      ra, 4(sp)
C0:        822 [1] pc=[00000000800003e0] W[r14=ffffffffffffbbcc][1] R[r 2=0000000080002000] R[r 0=0000000000000000] inst=[00411703] lh      a4, 4(sp)
C0:        823 [1] pc=[00000000800003e4] W[r 7=ffffffffffffc000][1] R[r 0=0000000000000000] R[r 0=0000000000000000] inst=[ffffc3b7] lui     t2, 0xffffc
C0:        824 [1] pc=[00000000800003e8] W[r 7=ffffffffffffbbcc][1] R[r 7=ffffffffffffc000] R[r 0=0000000000000000] inst=[bcc3839b] addiw   t2, t2, -1076
C0:        825 [1] pc=[00000000800003ec] W[r 0=0000000000000000][0] R[r14=ffffffffffffbbcc] R[r 7=ffffffffffffbbcc] inst=[24771263] bne     a4, t2, pc + 580
C0:        826 [1] pc=[00000000800003f0] W[r 4=0000000000000001][1] R[r 4=0000000000000000] R[r 0=0000000000000000] inst=[00120213] addi    tp, tp, 1
C0:        827 [1] pc=[00000000800003f4] W[r 5=0000000000000002][1] R[r 0=0000000000000000] R[r 0=0000000000000000] inst=[00200293] li      t0, 2
C0:        828 [1] pc=[00000000800003f8] W[r 0=0000000000000000][0] R[r 4=0000000000000001] R[r 5=0000000000000002] inst=[fc5216e3] bne     tp, t0, pc - 52
C0:        832 [1] pc=[00000000800003c4] W[r 1=ffffffffffffc000][1] R[r 0=0000000000000000] R[r 0=0000000000000000] inst=[ffffc0b7] lui     ra, 0xffffc
C0:        833 [1] pc=[00000000800003c8] W[r 1=ffffffffffffbbcc][1] R[r 1=ffffffffffffc000] R[r 0=0000000000000000] inst=[bcc0809b] addiw   ra, ra, -1076
C0:        834 [1] pc=[00000000800003cc] W[r 2=00000000800023cc][1] R[r 0=0000000000000000] R[r 0=0000000000000000] inst=[00002117] auipc   sp, 0x2
C0:        835 [1] pc=[00000000800003d0] W[r 2=0000000080002000][1] R[r 2=00000000800023cc] R[r 0=0000000000000000] inst=[c3410113] addi    sp, sp, -972
C0:        836 [1] pc=[00000000800003d4] W[r 0=0000000000000000][1] R[r 0=0000000000000000] R[r 0=0000000000000000] inst=[00000013] nop
C0:        837 [1] pc=[00000000800003d8] W[r 0=0000000000000000][1] R[r 0=0000000000000000] R[r 0=0000000000000000] inst=[00000013] nop
C0:        838 [1] pc=[00000000800003dc] W[r 0=0000000000000000][0] R[r 2=0000000080002000] R[r 1=ffffffffffffbbcc] inst=[00111223] sh      ra, 4(sp)
C0:        844 [1] pc=[00000000800003e0] W[r14=ffffffffffffbbcc][1] R[r 2=0000000080002000] R[r 0=0000000000000000] inst=[00411703] lh      a4, 4(sp)
C0:        845 [1] pc=[00000000800003e4] W[r 7=ffffffffffffc000][1] R[r 0=0000000000000000] R[r 0=0000000000000000] inst=[ffffc3b7] lui     t2, 0xffffc
C0:        846 [1] pc=[00000000800003e8] W[r 7=ffffffffffffbbcc][1] R[r 7=ffffffffffffc000] R[r 0=0000000000000000] inst=[bcc3839b] addiw   t2, t2, -1076
C0:        847 [1] pc=[00000000800003ec] W[r 0=0000000000000000][0] R[r14=ffffffffffffbbcc] R[r 7=ffffffffffffbbcc] inst=[24771263] bne     a4, t2, pc + 580
C0:        848 [1] pc=[00000000800003f0] W[r 4=0000000000000002][1] R[r 4=0000000000000001] R[r 0=0000000000000000] inst=[00120213] addi    tp, tp, 1
C0:        849 [1] pc=[00000000800003f4] W[r 5=0000000000000002][1] R[r 0=0000000000000000] R[r 0=0000000000000000] inst=[00200293] li      t0, 2
C0:        850 [1] pc=[00000000800003f8] W[r 0=0000000000000000][0] R[r 4=0000000000000002] R[r 5=0000000000000002] inst=[fc5216e3] bne     tp, t0, pc - 52
C0:        851 [1] pc=[00000000800003fc] W[r 3=000000000000000f][1] R[r 0=0000000000000000] R[r 0=0000000000000000] inst=[00f00193] li      gp, 15
C0:        873 [1] pc=[0000000080000400] W[r 4=0000000000000000][1] R[r 0=0000000000000000] R[r 0=0000000000000000] inst=[00000213] li      tp, 0
C0:        874 [1] pc=[0000000080000404] W[r 1=ffffffffffffb000][1] R[r 0=0000000000000000] R[r 0=0000000000000000] inst=[ffffb0b7] lui     ra, 0xffffb
C0:        875 [1] pc=[0000000080000408] W[r 1=ffffffffffffabbc][1] R[r 1=ffffffffffffb000] R[r 0=0000000000000000] inst=[bbc0809b] addiw   ra, ra, -1092
C0:        876 [1] pc=[000000008000040c] W[r 0=0000000000000000][1] R[r 0=0000000000000000] R[r 0=0000000000000000] inst=[00000013] nop
C0:        877 [1] pc=[0000000080000410] W[r 2=0000000080002410][1] R[r 0=0000000000000000] R[r 0=0000000000000000] inst=[00002117] auipc   sp, 0x2
C0:        878 [1] pc=[0000000080000414] W[r 2=0000000080002000][1] R[r 2=0000000080002410] R[r 0=0000000000000000] inst=[bf010113] addi    sp, sp, -1040
C0:        879 [1] pc=[0000000080000418] W[r 0=0000000000000000][0] R[r 2=0000000080002000] R[r 1=ffffffffffffabbc] inst=[00111323] sh      ra, 6(sp)
C0:        885 [1] pc=[000000008000041c] W[r14=ffffffffffffabbc][1] R[r 2=0000000080002000] R[r 0=0000000000000000] inst=[00611703] lh      a4, 6(sp)
C0:        886 [1] pc=[0000000080000420] W[r 7=ffffffffffffb000][1] R[r 0=0000000000000000] R[r 0=0000000000000000] inst=[ffffb3b7] lui     t2, 0xffffb
C0:        887 [1] pc=[0000000080000424] W[r 7=ffffffffffffabbc][1] R[r 7=ffffffffffffb000] R[r 0=0000000000000000] inst=[bbc3839b] addiw   t2, t2, -1092
C0:        888 [1] pc=[0000000080000428] W[r 0=0000000000000000][0] R[r14=ffffffffffffabbc] R[r 7=ffffffffffffabbc] inst=[20771463] bne     a4, t2, pc + 520
C0:        889 [1] pc=[000000008000042c] W[r 4=0000000000000001][1] R[r 4=0000000000000000] R[r 0=0000000000000000] inst=[00120213] addi    tp, tp, 1
C0:        890 [1] pc=[0000000080000430] W[r 5=0000000000000002][1] R[r 0=0000000000000000] R[r 0=0000000000000000] inst=[00200293] li      t0, 2
C0:        891 [1] pc=[0000000080000434] W[r 0=0000000000000000][0] R[r 4=0000000000000001] R[r 5=0000000000000002] inst=[fc5218e3] bne     tp, t0, pc - 48
C0:        895 [1] pc=[0000000080000404] W[r 1=ffffffffffffb000][1] R[r 0=0000000000000000] R[r 0=0000000000000000] inst=[ffffb0b7] lui     ra, 0xffffb
C0:        896 [1] pc=[0000000080000408] W[r 1=ffffffffffffabbc][1] R[r 1=ffffffffffffb000] R[r 0=0000000000000000] inst=[bbc0809b] addiw   ra, ra, -1092
C0:        897 [1] pc=[000000008000040c] W[r 0=0000000000000000][1] R[r 0=0000000000000000] R[r 0=0000000000000000] inst=[00000013] nop
C0:        898 [1] pc=[0000000080000410] W[r 2=0000000080002410][1] R[r 0=0000000000000000] R[r 0=0000000000000000] inst=[00002117] auipc   sp, 0x2
C0:        899 [1] pc=[0000000080000414] W[r 2=0000000080002000][1] R[r 2=0000000080002410] R[r 0=0000000000000000] inst=[bf010113] addi    sp, sp, -1040
C0:        900 [1] pc=[0000000080000418] W[r 0=0000000000000000][0] R[r 2=0000000080002000] R[r 1=ffffffffffffabbc] inst=[00111323] sh      ra, 6(sp)
C0:        906 [1] pc=[000000008000041c] W[r14=ffffffffffffabbc][1] R[r 2=0000000080002000] R[r 0=0000000000000000] inst=[00611703] lh      a4, 6(sp)
C0:        907 [1] pc=[0000000080000420] W[r 7=ffffffffffffb000][1] R[r 0=0000000000000000] R[r 0=0000000000000000] inst=[ffffb3b7] lui     t2, 0xffffb
C0:        908 [1] pc=[0000000080000424] W[r 7=ffffffffffffabbc][1] R[r 7=ffffffffffffb000] R[r 0=0000000000000000] inst=[bbc3839b] addiw   t2, t2, -1092
C0:        909 [1] pc=[0000000080000428] W[r 0=0000000000000000][0] R[r14=ffffffffffffabbc] R[r 7=ffffffffffffabbc] inst=[20771463] bne     a4, t2, pc + 520
C0:        910 [1] pc=[000000008000042c] W[r 4=0000000000000002][1] R[r 4=0000000000000001] R[r 0=0000000000000000] inst=[00120213] addi    tp, tp, 1
C0:        911 [1] pc=[0000000080000430] W[r 5=0000000000000002][1] R[r 0=0000000000000000] R[r 0=0000000000000000] inst=[00200293] li      t0, 2
C0:        912 [1] pc=[0000000080000434] W[r 0=0000000000000000][0] R[r 4=0000000000000002] R[r 5=0000000000000002] inst=[fc5218e3] bne     tp, t0, pc - 48
C0:        913 [1] pc=[0000000080000438] W[r 3=0000000000000010][1] R[r 0=0000000000000000] R[r 0=0000000000000000] inst=[01000193] li      gp, 16
C0:        914 [1] pc=[000000008000043c] W[r 4=0000000000000000][1] R[r 0=0000000000000000] R[r 0=0000000000000000] inst=[00000213] li      tp, 0
C0:        936 [1] pc=[0000000080000440] W[r 1=ffffffffffffb000][1] R[r 0=0000000000000000] R[r 0=0000000000000000] inst=[ffffb0b7] lui     ra, 0xffffb
C0:        937 [1] pc=[0000000080000444] W[r 1=ffffffffffffaabb][1] R[r 1=ffffffffffffb000] R[r 0=0000000000000000] inst=[abb0809b] addiw   ra, ra, -1349
C0:        938 [1] pc=[0000000080000448] W[r 0=0000000000000000][1] R[r 0=0000000000000000] R[r 0=0000000000000000] inst=[00000013] nop
C0:        939 [1] pc=[000000008000044c] W[r 2=000000008000244c][1] R[r 0=0000000000000000] R[r 0=0000000000000000] inst=[00002117] auipc   sp, 0x2
C0:        940 [1] pc=[0000000080000450] W[r 2=0000000080002000][1] R[r 2=000000008000244c] R[r 0=0000000000000000] inst=[bb410113] addi    sp, sp, -1100
C0:        941 [1] pc=[0000000080000454] W[r 0=0000000000000000][1] R[r 0=0000000000000000] R[r 0=0000000000000000] inst=[00000013] nop
C0:        942 [1] pc=[0000000080000458] W[r 0=0000000000000000][0] R[r 2=0000000080002000] R[r 1=ffffffffffffaabb] inst=[00111423] sh      ra, 8(sp)
C0:        948 [1] pc=[000000008000045c] W[r14=ffffffffffffaabb][1] R[r 2=0000000080002000] R[r 0=0000000000000000] inst=[00811703] lh      a4, 8(sp)
C0:        949 [1] pc=[0000000080000460] W[r 7=ffffffffffffb000][1] R[r 0=0000000000000000] R[r 0=0000000000000000] inst=[ffffb3b7] lui     t2, 0xffffb
C0:        950 [1] pc=[0000000080000464] W[r 7=ffffffffffffaabb][1] R[r 7=ffffffffffffb000] R[r 0=0000000000000000] inst=[abb3839b] addiw   t2, t2, -1349
C0:        951 [1] pc=[0000000080000468] W[r 0=0000000000000000][0] R[r14=ffffffffffffaabb] R[r 7=ffffffffffffaabb] inst=[1c771463] bne     a4, t2, pc + 456
C0:        952 [1] pc=[000000008000046c] W[r 4=0000000000000001][1] R[r 4=0000000000000000] R[r 0=0000000000000000] inst=[00120213] addi    tp, tp, 1
C0:        953 [1] pc=[0000000080000470] W[r 5=0000000000000002][1] R[r 0=0000000000000000] R[r 0=0000000000000000] inst=[00200293] li      t0, 2
C0:        954 [1] pc=[0000000080000474] W[r 0=0000000000000000][0] R[r 4=0000000000000001] R[r 5=0000000000000002] inst=[fc5216e3] bne     tp, t0, pc - 52
C0:        958 [1] pc=[0000000080000440] W[r 1=ffffffffffffb000][1] R[r 0=0000000000000000] R[r 0=0000000000000000] inst=[ffffb0b7] lui     ra, 0xffffb
C0:        959 [1] pc=[0000000080000444] W[r 1=ffffffffffffaabb][1] R[r 1=ffffffffffffb000] R[r 0=0000000000000000] inst=[abb0809b] addiw   ra, ra, -1349
C0:        960 [1] pc=[0000000080000448] W[r 0=0000000000000000][1] R[r 0=0000000000000000] R[r 0=0000000000000000] inst=[00000013] nop
C0:        961 [1] pc=[000000008000044c] W[r 2=000000008000244c][1] R[r 0=0000000000000000] R[r 0=0000000000000000] inst=[00002117] auipc   sp, 0x2
C0:        962 [1] pc=[0000000080000450] W[r 2=0000000080002000][1] R[r 2=000000008000244c] R[r 0=0000000000000000] inst=[bb410113] addi    sp, sp, -1100
C0:        963 [1] pc=[0000000080000454] W[r 0=0000000000000000][1] R[r 0=0000000000000000] R[r 0=0000000000000000] inst=[00000013] nop
C0:        964 [1] pc=[0000000080000458] W[r 0=0000000000000000][0] R[r 2=0000000080002000] R[r 1=ffffffffffffaabb] inst=[00111423] sh      ra, 8(sp)
C0:        970 [1] pc=[000000008000045c] W[r14=ffffffffffffaabb][1] R[r 2=0000000080002000] R[r 0=0000000000000000] inst=[00811703] lh      a4, 8(sp)
C0:        971 [1] pc=[0000000080000460] W[r 7=ffffffffffffb000][1] R[r 0=0000000000000000] R[r 0=0000000000000000] inst=[ffffb3b7] lui     t2, 0xffffb
C0:        972 [1] pc=[0000000080000464] W[r 7=ffffffffffffaabb][1] R[r 7=ffffffffffffb000] R[r 0=0000000000000000] inst=[abb3839b] addiw   t2, t2, -1349
C0:        973 [1] pc=[0000000080000468] W[r 0=0000000000000000][0] R[r14=ffffffffffffaabb] R[r 7=ffffffffffffaabb] inst=[1c771463] bne     a4, t2, pc + 456
C0:        974 [1] pc=[000000008000046c] W[r 4=0000000000000002][1] R[r 4=0000000000000001] R[r 0=0000000000000000] inst=[00120213] addi    tp, tp, 1
C0:        975 [1] pc=[0000000080000470] W[r 5=0000000000000002][1] R[r 0=0000000000000000] R[r 0=0000000000000000] inst=[00200293] li      t0, 2
C0:        976 [1] pc=[0000000080000474] W[r 0=0000000000000000][0] R[r 4=0000000000000002] R[r 5=0000000000000002] inst=[fc5216e3] bne     tp, t0, pc - 52
C0:        977 [1] pc=[0000000080000478] W[r 3=0000000000000011][1] R[r 0=0000000000000000] R[r 0=0000000000000000] inst=[01100193] li      gp, 17
C0:        978 [1] pc=[000000008000047c] W[r 4=0000000000000000][1] R[r 0=0000000000000000] R[r 0=0000000000000000] inst=[00000213] li      tp, 0
C0:       1000 [1] pc=[0000000080000480] W[r 1=ffffffffffffe000][1] R[r 0=0000000000000000] R[r 0=0000000000000000] inst=[ffffe0b7] lui     ra, 0xffffe
C0:       1001 [1] pc=[0000000080000484] W[r 1=ffffffffffffdaab][1] R[r 1=ffffffffffffe000] R[r 0=0000000000000000] inst=[aab0809b] addiw   ra, ra, -1365
C0:       1002 [1] pc=[0000000080000488] W[r 0=0000000000000000][1] R[r 0=0000000000000000] R[r 0=0000000000000000] inst=[00000013] nop
C0:       1003 [1] pc=[000000008000048c] W[r 0=0000000000000000][1] R[r 0=0000000000000000] R[r 0=0000000000000000] inst=[00000013] nop
C0:       1004 [1] pc=[0000000080000490] W[r 2=0000000080002490][1] R[r 0=0000000000000000] R[r 0=0000000000000000] inst=[00002117] auipc   sp, 0x2
C0:       1005 [1] pc=[0000000080000494] W[r 2=0000000080002000][1] R[r 2=0000000080002490] R[r 0=0000000000000000] inst=[b7010113] addi    sp, sp, -1168
C0:       1006 [1] pc=[0000000080000498] W[r 0=0000000000000000][0] R[r 2=0000000080002000] R[r 1=ffffffffffffdaab] inst=[00111523] sh      ra, 10(sp)
C0:       1012 [1] pc=[000000008000049c] W[r14=ffffffffffffdaab][1] R[r 2=0000000080002000] R[r 0=0000000000000000] inst=[00a11703] lh      a4, 10(sp)
C0:       1013 [1] pc=[00000000800004a0] W[r 7=ffffffffffffe000][1] R[r 0=0000000000000000] R[r 0=0000000000000000] inst=[ffffe3b7] lui     t2, 0xffffe
C0:       1014 [1] pc=[00000000800004a4] W[r 7=ffffffffffffdaab][1] R[r 7=ffffffffffffe000] R[r 0=0000000000000000] inst=[aab3839b] addiw   t2, t2, -1365
C0:       1015 [1] pc=[00000000800004a8] W[r 0=0000000000000000][0] R[r14=ffffffffffffdaab] R[r 7=ffffffffffffdaab] inst=[18771463] bne     a4, t2, pc + 392
C0:       1016 [1] pc=[00000000800004ac] W[r 4=0000000000000001][1] R[r 4=0000000000000000] R[r 0=0000000000000000] inst=[00120213] addi    tp, tp, 1
C0:       1017 [1] pc=[00000000800004b0] W[r 5=0000000000000002][1] R[r 0=0000000000000000] R[r 0=0000000000000000] inst=[00200293] li      t0, 2
C0:       1018 [1] pc=[00000000800004b4] W[r 0=0000000000000000][0] R[r 4=0000000000000001] R[r 5=0000000000000002] inst=[fc5216e3] bne     tp, t0, pc - 52
C0:       1022 [1] pc=[0000000080000480] W[r 1=ffffffffffffe000][1] R[r 0=0000000000000000] R[r 0=0000000000000000] inst=[ffffe0b7] lui     ra, 0xffffe
C0:       1023 [1] pc=[0000000080000484] W[r 1=ffffffffffffdaab][1] R[r 1=ffffffffffffe000] R[r 0=0000000000000000] inst=[aab0809b] addiw   ra, ra, -1365
C0:       1024 [1] pc=[0000000080000488] W[r 0=0000000000000000][1] R[r 0=0000000000000000] R[r 0=0000000000000000] inst=[00000013] nop
C0:       1025 [1] pc=[000000008000048c] W[r 0=0000000000000000][1] R[r 0=0000000000000000] R[r 0=0000000000000000] inst=[00000013] nop
C0:       1026 [1] pc=[0000000080000490] W[r 2=0000000080002490][1] R[r 0=0000000000000000] R[r 0=0000000000000000] inst=[00002117] auipc   sp, 0x2
C0:       1027 [1] pc=[0000000080000494] W[r 2=0000000080002000][1] R[r 2=0000000080002490] R[r 0=0000000000000000] inst=[b7010113] addi    sp, sp, -1168
C0:       1028 [1] pc=[0000000080000498] W[r 0=0000000000000000][0] R[r 2=0000000080002000] R[r 1=ffffffffffffdaab] inst=[00111523] sh      ra, 10(sp)
C0:       1034 [1] pc=[000000008000049c] W[r14=ffffffffffffdaab][1] R[r 2=0000000080002000] R[r 0=0000000000000000] inst=[00a11703] lh      a4, 10(sp)
C0:       1035 [1] pc=[00000000800004a0] W[r 7=ffffffffffffe000][1] R[r 0=0000000000000000] R[r 0=0000000000000000] inst=[ffffe3b7] lui     t2, 0xffffe
C0:       1036 [1] pc=[00000000800004a4] W[r 7=ffffffffffffdaab][1] R[r 7=ffffffffffffe000] R[r 0=0000000000000000] inst=[aab3839b] addiw   t2, t2, -1365
C0:       1037 [1] pc=[00000000800004a8] W[r 0=0000000000000000][0] R[r14=ffffffffffffdaab] R[r 7=ffffffffffffdaab] inst=[18771463] bne     a4, t2, pc + 392
C0:       1038 [1] pc=[00000000800004ac] W[r 4=0000000000000002][1] R[r 4=0000000000000001] R[r 0=0000000000000000] inst=[00120213] addi    tp, tp, 1
C0:       1039 [1] pc=[00000000800004b0] W[r 5=0000000000000002][1] R[r 0=0000000000000000] R[r 0=0000000000000000] inst=[00200293] li      t0, 2
C0:       1040 [1] pc=[00000000800004b4] W[r 0=0000000000000000][0] R[r 4=0000000000000002] R[r 5=0000000000000002] inst=[fc5216e3] bne     tp, t0, pc - 52
C0:       1041 [1] pc=[00000000800004b8] W[r 3=0000000000000012][1] R[r 0=0000000000000000] R[r 0=0000000000000000] inst=[01200193] li      gp, 18
C0:       1042 [1] pc=[00000000800004bc] W[r 4=0000000000000000][1] R[r 0=0000000000000000] R[r 0=0000000000000000] inst=[00000213] li      tp, 0
C0:       1064 [1] pc=[00000000800004c0] W[r 2=00000000800024c0][1] R[r 0=0000000000000000] R[r 0=0000000000000000] inst=[00002117] auipc   sp, 0x2
C0:       1065 [1] pc=[00000000800004c4] W[r 2=0000000080002000][1] R[r 2=00000000800024c0] R[r 0=0000000000000000] inst=[b4010113] addi    sp, sp, -1216
C0:       1066 [1] pc=[00000000800004c8] W[r 1=0000000000002000][1] R[r 0=0000000000000000] R[r 0=0000000000000000] inst=[000020b7] lui     ra, 0x2
C0:       1067 [1] pc=[00000000800004cc] W[r 1=0000000000002233][1] R[r 1=0000000000002000] R[r 0=0000000000000000] inst=[2330809b] addiw   ra, ra, 563
C0:       1068 [1] pc=[00000000800004d0] W[r 0=0000000000000000][0] R[r 2=0000000080002000] R[r 1=0000000000002233] inst=[00111023] sh      ra, 0(sp)
C0:       1074 [1] pc=[00000000800004d4] W[r14=0000000000002233][1] R[r 2=0000000080002000] R[r 0=0000000000000000] inst=[00011703] lh      a4, 0(sp)
C0:       1075 [1] pc=[00000000800004d8] W[r 7=0000000000002000][1] R[r 0=0000000000000000] R[r 0=0000000000000000] inst=[000023b7] lui     t2, 0x2
C0:       1076 [1] pc=[00000000800004dc] W[r 7=0000000000002233][1] R[r 7=0000000000002000] R[r 0=0000000000000000] inst=[2333839b] addiw   t2, t2, 563
C0:       1077 [1] pc=[00000000800004e0] W[r 0=0000000000000000][0] R[r14=0000000000002233] R[r 7=0000000000002233] inst=[14771863] bne     a4, t2, pc + 336
C0:       1078 [1] pc=[00000000800004e4] W[r 4=0000000000000001][1] R[r 4=0000000000000000] R[r 0=0000000000000000] inst=[00120213] addi    tp, tp, 1
C0:       1079 [1] pc=[00000000800004e8] W[r 5=0000000000000002][1] R[r 0=0000000000000000] R[r 0=0000000000000000] inst=[00200293] li      t0, 2
C0:       1080 [1] pc=[00000000800004ec] W[r 0=0000000000000000][0] R[r 4=0000000000000001] R[r 5=0000000000000002] inst=[fc521ae3] bne     tp, t0, pc - 44
C0:       1084 [1] pc=[00000000800004c0] W[r 2=00000000800024c0][1] R[r 0=0000000000000000] R[r 0=0000000000000000] inst=[00002117] auipc   sp, 0x2
C0:       1085 [1] pc=[00000000800004c4] W[r 2=0000000080002000][1] R[r 2=00000000800024c0] R[r 0=0000000000000000] inst=[b4010113] addi    sp, sp, -1216
C0:       1086 [1] pc=[00000000800004c8] W[r 1=0000000000002000][1] R[r 0=0000000000000000] R[r 0=0000000000000000] inst=[000020b7] lui     ra, 0x2
C0:       1087 [1] pc=[00000000800004cc] W[r 1=0000000000002233][1] R[r 1=0000000000002000] R[r 0=0000000000000000] inst=[2330809b] addiw   ra, ra, 563
C0:       1088 [1] pc=[00000000800004d0] W[r 0=0000000000000000][0] R[r 2=0000000080002000] R[r 1=0000000000002233] inst=[00111023] sh      ra, 0(sp)
C0:       1094 [1] pc=[00000000800004d4] W[r14=0000000000002233][1] R[r 2=0000000080002000] R[r 0=0000000000000000] inst=[00011703] lh      a4, 0(sp)
C0:       1095 [1] pc=[00000000800004d8] W[r 7=0000000000002000][1] R[r 0=0000000000000000] R[r 0=0000000000000000] inst=[000023b7] lui     t2, 0x2
C0:       1096 [1] pc=[00000000800004dc] W[r 7=0000000000002233][1] R[r 7=0000000000002000] R[r 0=0000000000000000] inst=[2333839b] addiw   t2, t2, 563
C0:       1097 [1] pc=[00000000800004e0] W[r 0=0000000000000000][0] R[r14=0000000000002233] R[r 7=0000000000002233] inst=[14771863] bne     a4, t2, pc + 336
C0:       1098 [1] pc=[00000000800004e4] W[r 4=0000000000000002][1] R[r 4=0000000000000001] R[r 0=0000000000000000] inst=[00120213] addi    tp, tp, 1
C0:       1099 [1] pc=[00000000800004e8] W[r 5=0000000000000002][1] R[r 0=0000000000000000] R[r 0=0000000000000000] inst=[00200293] li      t0, 2
C0:       1100 [1] pc=[00000000800004ec] W[r 0=0000000000000000][0] R[r 4=0000000000000002] R[r 5=0000000000000002] inst=[fc521ae3] bne     tp, t0, pc - 44
C0:       1101 [1] pc=[00000000800004f0] W[r 3=0000000000000013][1] R[r 0=0000000000000000] R[r 0=0000000000000000] inst=[01300193] li      gp, 19
C0:       1102 [1] pc=[00000000800004f4] W[r 4=0000000000000000][1] R[r 0=0000000000000000] R[r 0=0000000000000000] inst=[00000213] li      tp, 0
C0:       1103 [1] pc=[00000000800004f8] W[r 2=00000000800024f8][1] R[r 0=0000000000000000] R[r 0=0000000000000000] inst=[00002117] auipc   sp, 0x2
C0:       1104 [1] pc=[00000000800004fc] W[r 2=0000000080002000][1] R[r 2=00000000800024f8] R[r 0=0000000000000000] inst=[b0810113] addi    sp, sp, -1272
C0:       1126 [1] pc=[0000000080000500] W[r 1=0000000000001000][1] R[r 0=0000000000000000] R[r 0=0000000000000000] inst=[000010b7] lui     ra, 0x1
C0:       1127 [1] pc=[0000000080000504] W[r 1=0000000000001223][1] R[r 1=0000000000001000] R[r 0=0000000000000000] inst=[2230809b] addiw   ra, ra, 547
C0:       1128 [1] pc=[0000000080000508] W[r 0=0000000000000000][1] R[r 0=0000000000000000] R[r 0=0000000000000000] inst=[00000013] nop
C0:       1129 [1] pc=[000000008000050c] W[r 0=0000000000000000][0] R[r 2=0000000080002000] R[r 1=0000000000001223] inst=[00111123] sh      ra, 2(sp)
C0:       1135 [1] pc=[0000000080000510] W[r14=0000000000001223][1] R[r 2=0000000080002000] R[r 0=0000000000000000] inst=[00211703] lh      a4, 2(sp)
C0:       1136 [1] pc=[0000000080000514] W[r 7=0000000000001000][1] R[r 0=0000000000000000] R[r 0=0000000000000000] inst=[000013b7] lui     t2, 0x1
C0:       1137 [1] pc=[0000000080000518] W[r 7=0000000000001223][1] R[r 7=0000000000001000] R[r 0=0000000000000000] inst=[2233839b] addiw   t2, t2, 547
C0:       1138 [1] pc=[000000008000051c] W[r 0=0000000000000000][0] R[r14=0000000000001223] R[r 7=0000000000001223] inst=[10771a63] bne     a4, t2, pc + 276
C0:       1139 [1] pc=[0000000080000520] W[r 4=0000000000000001][1] R[r 4=0000000000000000] R[r 0=0000000000000000] inst=[00120213] addi    tp, tp, 1
C0:       1140 [1] pc=[0000000080000524] W[r 5=0000000000000002][1] R[r 0=0000000000000000] R[r 0=0000000000000000] inst=[00200293] li      t0, 2
C0:       1141 [1] pc=[0000000080000528] W[r 0=0000000000000000][0] R[r 4=0000000000000001] R[r 5=0000000000000002] inst=[fc5218e3] bne     tp, t0, pc - 48
C0:       1145 [1] pc=[00000000800004f8] W[r 2=00000000800024f8][1] R[r 0=0000000000000000] R[r 0=0000000000000000] inst=[00002117] auipc   sp, 0x2
C0:       1146 [1] pc=[00000000800004fc] W[r 2=0000000080002000][1] R[r 2=00000000800024f8] R[r 0=0000000000000000] inst=[b0810113] addi    sp, sp, -1272
C0:       1147 [1] pc=[0000000080000500] W[r 1=0000000000001000][1] R[r 0=0000000000000000] R[r 0=0000000000000000] inst=[000010b7] lui     ra, 0x1
C0:       1148 [1] pc=[0000000080000504] W[r 1=0000000000001223][1] R[r 1=0000000000001000] R[r 0=0000000000000000] inst=[2230809b] addiw   ra, ra, 547
C0:       1149 [1] pc=[0000000080000508] W[r 0=0000000000000000][1] R[r 0=0000000000000000] R[r 0=0000000000000000] inst=[00000013] nop
C0:       1150 [1] pc=[000000008000050c] W[r 0=0000000000000000][0] R[r 2=0000000080002000] R[r 1=0000000000001223] inst=[00111123] sh      ra, 2(sp)
C0:       1156 [1] pc=[0000000080000510] W[r14=0000000000001223][1] R[r 2=0000000080002000] R[r 0=0000000000000000] inst=[00211703] lh      a4, 2(sp)
C0:       1157 [1] pc=[0000000080000514] W[r 7=0000000000001000][1] R[r 0=0000000000000000] R[r 0=0000000000000000] inst=[000013b7] lui     t2, 0x1
C0:       1158 [1] pc=[0000000080000518] W[r 7=0000000000001223][1] R[r 7=0000000000001000] R[r 0=0000000000000000] inst=[2233839b] addiw   t2, t2, 547
C0:       1159 [1] pc=[000000008000051c] W[r 0=0000000000000000][0] R[r14=0000000000001223] R[r 7=0000000000001223] inst=[10771a63] bne     a4, t2, pc + 276
C0:       1160 [1] pc=[0000000080000520] W[r 4=0000000000000002][1] R[r 4=0000000000000001] R[r 0=0000000000000000] inst=[00120213] addi    tp, tp, 1
C0:       1161 [1] pc=[0000000080000524] W[r 5=0000000000000002][1] R[r 0=0000000000000000] R[r 0=0000000000000000] inst=[00200293] li      t0, 2
C0:       1162 [1] pc=[0000000080000528] W[r 0=0000000000000000][0] R[r 4=0000000000000002] R[r 5=0000000000000002] inst=[fc5218e3] bne     tp, t0, pc - 48
C0:       1163 [1] pc=[000000008000052c] W[r 3=0000000000000014][1] R[r 0=0000000000000000] R[r 0=0000000000000000] inst=[01400193] li      gp, 20
C0:       1164 [1] pc=[0000000080000530] W[r 4=0000000000000000][1] R[r 0=0000000000000000] R[r 0=0000000000000000] inst=[00000213] li      tp, 0
C0:       1165 [1] pc=[0000000080000534] W[r 2=0000000080002534][1] R[r 0=0000000000000000] R[r 0=0000000000000000] inst=[00002117] auipc   sp, 0x2
C0:       1166 [1] pc=[0000000080000538] W[r 2=0000000080002000][1] R[r 2=0000000080002534] R[r 0=0000000000000000] inst=[acc10113] addi    sp, sp, -1332
C0:       1167 [1] pc=[000000008000053c] W[r 1=0000000000001000][1] R[r 0=0000000000000000] R[r 0=0000000000000000] inst=[000010b7] lui     ra, 0x1
C0:       1189 [1] pc=[0000000080000540] W[r 1=0000000000001122][1] R[r 1=0000000000001000] R[r 0=0000000000000000] inst=[1220809b] addiw   ra, ra, 290
C0:       1190 [1] pc=[0000000080000544] W[r 0=0000000000000000][1] R[r 0=0000000000000000] R[r 0=0000000000000000] inst=[00000013] nop
C0:       1191 [1] pc=[0000000080000548] W[r 0=0000000000000000][1] R[r 0=0000000000000000] R[r 0=0000000000000000] inst=[00000013] nop
C0:       1192 [1] pc=[000000008000054c] W[r 0=0000000000000000][0] R[r 2=0000000080002000] R[r 1=0000000000001122] inst=[00111223] sh      ra, 4(sp)
C0:       1198 [1] pc=[0000000080000550] W[r14=0000000000001122][1] R[r 2=0000000080002000] R[r 0=0000000000000000] inst=[00411703] lh      a4, 4(sp)
C0:       1199 [1] pc=[0000000080000554] W[r 7=0000000000001000][1] R[r 0=0000000000000000] R[r 0=0000000000000000] inst=[000013b7] lui     t2, 0x1
C0:       1200 [1] pc=[0000000080000558] W[r 7=0000000000001122][1] R[r 7=0000000000001000] R[r 0=0000000000000000] inst=[1223839b] addiw   t2, t2, 290
C0:       1201 [1] pc=[000000008000055c] W[r 0=0000000000000000][0] R[r14=0000000000001122] R[r 7=0000000000001122] inst=[0c771a63] bne     a4, t2, pc + 212
C0:       1202 [1] pc=[0000000080000560] W[r 4=0000000000000001][1] R[r 4=0000000000000000] R[r 0=0000000000000000] inst=[00120213] addi    tp, tp, 1
C0:       1203 [1] pc=[0000000080000564] W[r 5=0000000000000002][1] R[r 0=0000000000000000] R[r 0=0000000000000000] inst=[00200293] li      t0, 2
C0:       1204 [1] pc=[0000000080000568] W[r 0=0000000000000000][0] R[r 4=0000000000000001] R[r 5=0000000000000002] inst=[fc5216e3] bne     tp, t0, pc - 52
C0:       1208 [1] pc=[0000000080000534] W[r 2=0000000080002534][1] R[r 0=0000000000000000] R[r 0=0000000000000000] inst=[00002117] auipc   sp, 0x2
C0:       1209 [1] pc=[0000000080000538] W[r 2=0000000080002000][1] R[r 2=0000000080002534] R[r 0=0000000000000000] inst=[acc10113] addi    sp, sp, -1332
C0:       1210 [1] pc=[000000008000053c] W[r 1=0000000000001000][1] R[r 0=0000000000000000] R[r 0=0000000000000000] inst=[000010b7] lui     ra, 0x1
C0:       1211 [1] pc=[0000000080000540] W[r 1=0000000000001122][1] R[r 1=0000000000001000] R[r 0=0000000000000000] inst=[1220809b] addiw   ra, ra, 290
C0:       1212 [1] pc=[0000000080000544] W[r 0=0000000000000000][1] R[r 0=0000000000000000] R[r 0=0000000000000000] inst=[00000013] nop
C0:       1213 [1] pc=[0000000080000548] W[r 0=0000000000000000][1] R[r 0=0000000000000000] R[r 0=0000000000000000] inst=[00000013] nop
C0:       1214 [1] pc=[000000008000054c] W[r 0=0000000000000000][0] R[r 2=0000000080002000] R[r 1=0000000000001122] inst=[00111223] sh      ra, 4(sp)
C0:       1220 [1] pc=[0000000080000550] W[r14=0000000000001122][1] R[r 2=0000000080002000] R[r 0=0000000000000000] inst=[00411703] lh      a4, 4(sp)
C0:       1221 [1] pc=[0000000080000554] W[r 7=0000000000001000][1] R[r 0=0000000000000000] R[r 0=0000000000000000] inst=[000013b7] lui     t2, 0x1
C0:       1222 [1] pc=[0000000080000558] W[r 7=0000000000001122][1] R[r 7=0000000000001000] R[r 0=0000000000000000] inst=[1223839b] addiw   t2, t2, 290
C0:       1223 [1] pc=[000000008000055c] W[r 0=0000000000000000][0] R[r14=0000000000001122] R[r 7=0000000000001122] inst=[0c771a63] bne     a4, t2, pc + 212
C0:       1224 [1] pc=[0000000080000560] W[r 4=0000000000000002][1] R[r 4=0000000000000001] R[r 0=0000000000000000] inst=[00120213] addi    tp, tp, 1
C0:       1225 [1] pc=[0000000080000564] W[r 5=0000000000000002][1] R[r 0=0000000000000000] R[r 0=0000000000000000] inst=[00200293] li      t0, 2
C0:       1226 [1] pc=[0000000080000568] W[r 0=0000000000000000][0] R[r 4=0000000000000002] R[r 5=0000000000000002] inst=[fc5216e3] bne     tp, t0, pc - 52
C0:       1227 [1] pc=[000000008000056c] W[r 3=0000000000000015][1] R[r 0=0000000000000000] R[r 0=0000000000000000] inst=[01500193] li      gp, 21
C0:       1228 [1] pc=[0000000080000570] W[r 4=0000000000000000][1] R[r 0=0000000000000000] R[r 0=0000000000000000] inst=[00000213] li      tp, 0
C0:       1229 [1] pc=[0000000080000574] W[r 2=0000000080002574][1] R[r 0=0000000000000000] R[r 0=0000000000000000] inst=[00002117] auipc   sp, 0x2
C0:       1230 [1] pc=[0000000080000578] W[r 2=0000000080002000][1] R[r 2=0000000080002574] R[r 0=0000000000000000] inst=[a8c10113] addi    sp, sp, -1396
C0:       1231 [1] pc=[000000008000057c] W[r 0=0000000000000000][1] R[r 0=0000000000000000] R[r 0=0000000000000000] inst=[00000013] nop
C0:       1253 [1] pc=[0000000080000580] W[r 1=0000000000000112][1] R[r 0=0000000000000000] R[r 0=0000000000000000] inst=[11200093] li      ra, 274
C0:       1254 [1] pc=[0000000080000584] W[r 0=0000000000000000][0] R[r 2=0000000080002000] R[r 1=0000000000000112] inst=[00111323] sh      ra, 6(sp)
C0:       1260 [1] pc=[0000000080000588] W[r14=0000000000000112][1] R[r 2=0000000080002000] R[r 0=0000000000000000] inst=[00611703] lh      a4, 6(sp)
C0:       1261 [1] pc=[000000008000058c] W[r 7=0000000000000112][1] R[r 0=0000000000000000] R[r 0=0000000000000000] inst=[11200393] li      t2, 274
C0:       1263 [1] pc=[0000000080000590] W[r 0=0000000000000000][0] R[r14=0000000000000112] R[r 7=0000000000000112] inst=[0a771063] bne     a4, t2, pc + 160
C0:       1264 [1] pc=[0000000080000594] W[r 4=0000000000000001][1] R[r 4=0000000000000000] R[r 0=0000000000000000] inst=[00120213] addi    tp, tp, 1
C0:       1265 [1] pc=[0000000080000598] W[r 5=0000000000000002][1] R[r 0=0000000000000000] R[r 0=0000000000000000] inst=[00200293] li      t0, 2
C0:       1266 [1] pc=[000000008000059c] W[r 0=0000000000000000][0] R[r 4=0000000000000001] R[r 5=0000000000000002] inst=[fc521ce3] bne     tp, t0, pc - 40
C0:       1270 [1] pc=[0000000080000574] W[r 2=0000000080002574][1] R[r 0=0000000000000000] R[r 0=0000000000000000] inst=[00002117] auipc   sp, 0x2
C0:       1271 [1] pc=[0000000080000578] W[r 2=0000000080002000][1] R[r 2=0000000080002574] R[r 0=0000000000000000] inst=[a8c10113] addi    sp, sp, -1396
C0:       1272 [1] pc=[000000008000057c] W[r 0=0000000000000000][1] R[r 0=0000000000000000] R[r 0=0000000000000000] inst=[00000013] nop
C0:       1273 [1] pc=[0000000080000580] W[r 1=0000000000000112][1] R[r 0=0000000000000000] R[r 0=0000000000000000] inst=[11200093] li      ra, 274
C0:       1274 [1] pc=[0000000080000584] W[r 0=0000000000000000][0] R[r 2=0000000080002000] R[r 1=0000000000000112] inst=[00111323] sh      ra, 6(sp)
C0:       1280 [1] pc=[0000000080000588] W[r14=0000000000000112][1] R[r 2=0000000080002000] R[r 0=0000000000000000] inst=[00611703] lh      a4, 6(sp)
C0:       1281 [1] pc=[000000008000058c] W[r 7=0000000000000112][1] R[r 0=0000000000000000] R[r 0=0000000000000000] inst=[11200393] li      t2, 274
C0:       1283 [1] pc=[0000000080000590] W[r 0=0000000000000000][0] R[r14=0000000000000112] R[r 7=0000000000000112] inst=[0a771063] bne     a4, t2, pc + 160
C0:       1284 [1] pc=[0000000080000594] W[r 4=0000000000000002][1] R[r 4=0000000000000001] R[r 0=0000000000000000] inst=[00120213] addi    tp, tp, 1
C0:       1285 [1] pc=[0000000080000598] W[r 5=0000000000000002][1] R[r 0=0000000000000000] R[r 0=0000000000000000] inst=[00200293] li      t0, 2
C0:       1286 [1] pc=[000000008000059c] W[r 0=0000000000000000][0] R[r 4=0000000000000002] R[r 5=0000000000000002] inst=[fc521ce3] bne     tp, t0, pc - 40
C0:       1287 [1] pc=[00000000800005a0] W[r 3=0000000000000016][1] R[r 0=0000000000000000] R[r 0=0000000000000000] inst=[01600193] li      gp, 22
C0:       1288 [1] pc=[00000000800005a4] W[r 4=0000000000000000][1] R[r 0=0000000000000000] R[r 0=0000000000000000] inst=[00000213] li      tp, 0
C0:       1289 [1] pc=[00000000800005a8] W[r 2=00000000800025a8][1] R[r 0=0000000000000000] R[r 0=0000000000000000] inst=[00002117] auipc   sp, 0x2
C0:       1290 [1] pc=[00000000800005ac] W[r 2=0000000080002000][1] R[r 2=00000000800025a8] R[r 0=0000000000000000] inst=[a5810113] addi    sp, sp, -1448
C0:       1291 [1] pc=[00000000800005b0] W[r 0=0000000000000000][1] R[r 0=0000000000000000] R[r 0=0000000000000000] inst=[00000013] nop
C0:       1292 [1] pc=[00000000800005b4] W[r 1=0000000000000011][1] R[r 0=0000000000000000] R[r 0=0000000000000000] inst=[01100093] li      ra, 17
C0:       1293 [1] pc=[00000000800005b8] W[r 0=0000000000000000][1] R[r 0=0000000000000000] R[r 0=0000000000000000] inst=[00000013] nop
C0:       1294 [1] pc=[00000000800005bc] W[r 0=0000000000000000][0] R[r 2=0000000080002000] R[r 1=0000000000000011] inst=[00111423] sh      ra, 8(sp)
C0:       1316 [1] pc=[00000000800005c0] W[r14=0000000000000011][1] R[r 2=0000000080002000] R[r 0=0000000000000000] inst=[00811703] lh      a4, 8(sp)
C0:       1317 [1] pc=[00000000800005c4] W[r 7=0000000000000011][1] R[r 0=0000000000000000] R[r 0=0000000000000000] inst=[01100393] li      t2, 17
C0:       1319 [1] pc=[00000000800005c8] W[r 0=0000000000000000][0] R[r14=0000000000000011] R[r 7=0000000000000011] inst=[06771463] bne     a4, t2, pc + 104
C0:       1320 [1] pc=[00000000800005cc] W[r 4=0000000000000001][1] R[r 4=0000000000000000] R[r 0=0000000000000000] inst=[00120213] addi    tp, tp, 1
C0:       1321 [1] pc=[00000000800005d0] W[r 5=0000000000000002][1] R[r 0=0000000000000000] R[r 0=0000000000000000] inst=[00200293] li      t0, 2
C0:       1322 [1] pc=[00000000800005d4] W[r 0=0000000000000000][0] R[r 4=0000000000000001] R[r 5=0000000000000002] inst=[fc521ae3] bne     tp, t0, pc - 44
C0:       1326 [1] pc=[00000000800005a8] W[r 2=00000000800025a8][1] R[r 0=0000000000000000] R[r 0=0000000000000000] inst=[00002117] auipc   sp, 0x2
C0:       1327 [1] pc=[00000000800005ac] W[r 2=0000000080002000][1] R[r 2=00000000800025a8] R[r 0=0000000000000000] inst=[a5810113] addi    sp, sp, -1448
C0:       1328 [1] pc=[00000000800005b0] W[r 0=0000000000000000][1] R[r 0=0000000000000000] R[r 0=0000000000000000] inst=[00000013] nop
C0:       1329 [1] pc=[00000000800005b4] W[r 1=0000000000000011][1] R[r 0=0000000000000000] R[r 0=0000000000000000] inst=[01100093] li      ra, 17
C0:       1330 [1] pc=[00000000800005b8] W[r 0=0000000000000000][1] R[r 0=0000000000000000] R[r 0=0000000000000000] inst=[00000013] nop
C0:       1331 [1] pc=[00000000800005bc] W[r 0=0000000000000000][0] R[r 2=0000000080002000] R[r 1=0000000000000011] inst=[00111423] sh      ra, 8(sp)
C0:       1337 [1] pc=[00000000800005c0] W[r14=0000000000000011][1] R[r 2=0000000080002000] R[r 0=0000000000000000] inst=[00811703] lh      a4, 8(sp)
C0:       1338 [1] pc=[00000000800005c4] W[r 7=0000000000000011][1] R[r 0=0000000000000000] R[r 0=0000000000000000] inst=[01100393] li      t2, 17
C0:       1340 [1] pc=[00000000800005c8] W[r 0=0000000000000000][0] R[r14=0000000000000011] R[r 7=0000000000000011] inst=[06771463] bne     a4, t2, pc + 104
C0:       1341 [1] pc=[00000000800005cc] W[r 4=0000000000000002][1] R[r 4=0000000000000001] R[r 0=0000000000000000] inst=[00120213] addi    tp, tp, 1
C0:       1342 [1] pc=[00000000800005d0] W[r 5=0000000000000002][1] R[r 0=0000000000000000] R[r 0=0000000000000000] inst=[00200293] li      t0, 2
C0:       1343 [1] pc=[00000000800005d4] W[r 0=0000000000000000][0] R[r 4=0000000000000002] R[r 5=0000000000000002] inst=[fc521ae3] bne     tp, t0, pc - 44
C0:       1344 [1] pc=[00000000800005d8] W[r 3=0000000000000017][1] R[r 0=0000000000000000] R[r 0=0000000000000000] inst=[01700193] li      gp, 23
C0:       1345 [1] pc=[00000000800005dc] W[r 4=0000000000000000][1] R[r 0=0000000000000000] R[r 0=0000000000000000] inst=[00000213] li      tp, 0
C0:       1346 [1] pc=[00000000800005e0] W[r 2=00000000800025e0][1] R[r 0=0000000000000000] R[r 0=0000000000000000] inst=[00002117] auipc   sp, 0x2
C0:       1347 [1] pc=[00000000800005e4] W[r 2=0000000080002000][1] R[r 2=00000000800025e0] R[r 0=0000000000000000] inst=[a2010113] addi    sp, sp, -1504
C0:       1348 [1] pc=[00000000800005e8] W[r 0=0000000000000000][1] R[r 0=0000000000000000] R[r 0=0000000000000000] inst=[00000013] nop
C0:       1349 [1] pc=[00000000800005ec] W[r 0=0000000000000000][1] R[r 0=0000000000000000] R[r 0=0000000000000000] inst=[00000013] nop
C0:       1350 [1] pc=[00000000800005f0] W[r 1=0000000000003000][1] R[r 0=0000000000000000] R[r 0=0000000000000000] inst=[000030b7] lui     ra, 0x3
C0:       1351 [1] pc=[00000000800005f4] W[r 1=0000000000003001][1] R[r 1=0000000000003000] R[r 0=0000000000000000] inst=[0010809b] addiw   ra, ra, 1
C0:       1352 [1] pc=[00000000800005f8] W[r 0=0000000000000000][0] R[r 2=0000000080002000] R[r 1=0000000000003001] inst=[00111523] sh      ra, 10(sp)
C0:       1358 [1] pc=[00000000800005fc] W[r14=0000000000003001][1] R[r 2=0000000080002000] R[r 0=0000000000000000] inst=[00a11703] lh      a4, 10(sp)
C0:       1375 [1] pc=[0000000080000600] W[r 7=0000000000003000][1] R[r 0=0000000000000000] R[r 0=0000000000000000] inst=[000033b7] lui     t2, 0x3
C0:       1376 [1] pc=[0000000080000604] W[r 7=0000000000003001][1] R[r 7=0000000000003000] R[r 0=0000000000000000] inst=[0013839b] addiw   t2, t2, 1
C0:       1377 [1] pc=[0000000080000608] W[r 0=0000000000000000][0] R[r14=0000000000003001] R[r 7=0000000000003001] inst=[02771463] bne     a4, t2, pc + 40
C0:       1381 [1] pc=[000000008000060c] W[r 4=0000000000000001][1] R[r 4=0000000000000000] R[r 0=0000000000000000] inst=[00120213] addi    tp, tp, 1
C0:       1382 [1] pc=[0000000080000610] W[r 5=0000000000000002][1] R[r 0=0000000000000000] R[r 0=0000000000000000] inst=[00200293] li      t0, 2
C0:       1383 [1] pc=[0000000080000614] W[r 0=0000000000000000][0] R[r 4=0000000000000001] R[r 5=0000000000000002] inst=[fc5216e3] bne     tp, t0, pc - 52
C0:       1387 [1] pc=[00000000800005e0] W[r 2=00000000800025e0][1] R[r 0=0000000000000000] R[r 0=0000000000000000] inst=[00002117] auipc   sp, 0x2
C0:       1388 [1] pc=[00000000800005e4] W[r 2=0000000080002000][1] R[r 2=00000000800025e0] R[r 0=0000000000000000] inst=[a2010113] addi    sp, sp, -1504
C0:       1389 [1] pc=[00000000800005e8] W[r 0=0000000000000000][1] R[r 0=0000000000000000] R[r 0=0000000000000000] inst=[00000013] nop
C0:       1390 [1] pc=[00000000800005ec] W[r 0=0000000000000000][1] R[r 0=0000000000000000] R[r 0=0000000000000000] inst=[00000013] nop
C0:       1391 [1] pc=[00000000800005f0] W[r 1=0000000000003000][1] R[r 0=0000000000000000] R[r 0=0000000000000000] inst=[000030b7] lui     ra, 0x3
C0:       1392 [1] pc=[00000000800005f4] W[r 1=0000000000003001][1] R[r 1=0000000000003000] R[r 0=0000000000000000] inst=[0010809b] addiw   ra, ra, 1
C0:       1393 [1] pc=[00000000800005f8] W[r 0=0000000000000000][0] R[r 2=0000000080002000] R[r 1=0000000000003001] inst=[00111523] sh      ra, 10(sp)
C0:       1399 [1] pc=[00000000800005fc] W[r14=0000000000003001][1] R[r 2=0000000080002000] R[r 0=0000000000000000] inst=[00a11703] lh      a4, 10(sp)
C0:       1400 [1] pc=[0000000080000600] W[r 7=0000000000003000][1] R[r 0=0000000000000000] R[r 0=0000000000000000] inst=[000033b7] lui     t2, 0x3
C0:       1401 [1] pc=[0000000080000604] W[r 7=0000000000003001][1] R[r 7=0000000000003000] R[r 0=0000000000000000] inst=[0013839b] addiw   t2, t2, 1
C0:       1402 [1] pc=[0000000080000608] W[r 0=0000000000000000][0] R[r14=0000000000003001] R[r 7=0000000000003001] inst=[02771463] bne     a4, t2, pc + 40
C0:       1403 [1] pc=[000000008000060c] W[r 4=0000000000000002][1] R[r 4=0000000000000001] R[r 0=0000000000000000] inst=[00120213] addi    tp, tp, 1
C0:       1404 [1] pc=[0000000080000610] W[r 5=0000000000000002][1] R[r 0=0000000000000000] R[r 0=0000000000000000] inst=[00200293] li      t0, 2
C0:       1405 [1] pc=[0000000080000614] W[r 0=0000000000000000][0] R[r 4=0000000000000002] R[r 5=0000000000000002] inst=[fc5216e3] bne     tp, t0, pc - 52
C0:       1406 [1] pc=[0000000080000618] W[r10=000000000000c000][1] R[r 0=0000000000000000] R[r 0=0000000000000000] inst=[0000c537] lui     a0, 0xc
C0:       1407 [1] pc=[000000008000061c] W[r10=000000000000beef][1] R[r10=000000000000c000] R[r 0=0000000000000000] inst=[eef5051b] addiw   a0, a0, -273
C0:       1408 [1] pc=[0000000080000620] W[r11=0000000080002620][1] R[r 0=0000000000000000] R[r 0=0000000000000000] inst=[00002597] auipc   a1, 0x2
C0:       1409 [1] pc=[0000000080000624] W[r11=0000000080002000][1] R[r11=0000000080002620] R[r 0=0000000000000000] inst=[9e058593] addi    a1, a1, -1568
C0:       1410 [1] pc=[0000000080000628] W[r 0=0000000000000000][0] R[r11=0000000080002000] R[r10=000000000000beef] inst=[00a59323] sh      a0, 6(a1)
C0:       1411 [1] pc=[000000008000062c] W[r 0=0000000000000000][0] R[r 0=0000000000000000] R[r 3=0000000000000017] inst=[02301063] bne     zero, gp, pc + 32
C0:       1436 [1] pc=[000000008000064c] W[r 0=0000000000000000][0] R[r 0=0000000000000000] R[r 0=0000000000000000] inst=[0ff0000f] fence   iorw,iorw
C0:       1437 [1] pc=[0000000080000650] W[r 3=0000000000000001][1] R[r 0=0000000000000000] R[r 0=0000000000000000] inst=[00100193] li      gp, 1
C0:       1438 [1] pc=[0000000080000654] W[r17=000000000000005d][1] R[r 0=0000000000000000] R[r 0=0000000000000000] inst=[05d00893] li      a7, 93
C0:       1439 [1] pc=[0000000080000658] W[r10=0000000000000000][1] R[r 0=0000000000000000] R[r 0=0000000000000000] inst=[00000513] li      a0, 0
C0:       1440 [0] pc=[000000008000065c] W[r 0=0000000000000000][0] R[r 0=0000000000000000] R[r 0=0000000000000000] inst=[00000073] ecall
C0:       1445 [1] pc=[0000000080000004] W[r30=0000000000000008][1] R[r 0=0000000000000000] R[r 0=0000000000000000] inst=[34202f73] csrr    t5, unknown_342
C0:       1446 [1] pc=[0000000080000008] W[r31=0000000000000008][1] R[r 0=0000000000000000] R[r 0=0000000000000000] inst=[00800f93] li      t6, 8
C0:       1448 [1] pc=[000000008000000c] W[r 0=0000000000000000][0] R[r30=0000000000000008] R[r31=0000000000000008] inst=[07ff0663] beq     t5, t6, pc + 108
C0:       1473 [1] pc=[0000000080000078] W[r30=0000000080001078][1] R[r 0=0000000000000000] R[r 0=0000000000000000] inst=[00001f17] auipc   t5, 0x1
C0:       1490 [1] pc=[000000008000007c] W[r 0=0000000000000000][0] R[r30=0000000080001078] R[r 3=0000000000000001] inst=[f83f2423] sw      gp, -120(t5)
C0:       1491 [1] pc=[0000000080000080] W[r 0=0000000080000084][1] R[r 0=0000000000000000] R[r 0=0000000000000000] inst=[ff9ff06f] j       pc - 0x8
C0:       1492 [1] pc=[0000000080000078] W[r30=0000000080001078][1] R[r 0=0000000000000000] R[r 0=0000000000000000] inst=[00001f17] auipc   t5, 0x1
C0:       1493 [1] pc=[000000008000007c] W[r 0=0000000000000000][0] R[r30=0000000080001078] R[r 3=0000000000000001] inst=[f83f2423] sw      gp, -120(t5)
C0:       1494 [1] pc=[0000000080000080] W[r 0=0000000080000084][1] R[r 0=0000000000000000] R[r 0=0000000000000000] inst=[ff9ff06f] j       pc - 0x8
C0:       1495 [1] pc=[0000000080000078] W[r30=0000000080001078][1] R[r 0=0000000000000000] R[r 0=0000000000000000] inst=[00001f17] auipc   t5, 0x1
C0:       1496 [1] pc=[000000008000007c] W[r 0=0000000000000000][0] R[r30=0000000080001078] R[r 3=0000000000000001] inst=[f83f2423] sw      gp, -120(t5)
C0:       1497 [1] pc=[0000000080000080] W[r 0=0000000080000084][1] R[r 0=0000000000000000] R[r 0=0000000000000000] inst=[ff9ff06f] j       pc - 0x8
C0:       1498 [1] pc=[0000000080000078] W[r30=0000000080001078][1] R[r 0=0000000000000000] R[r 0=0000000000000000] inst=[00001f17] auipc   t5, 0x1
C0:       1499 [1] pc=[000000008000007c] W[r 0=0000000000000000][0] R[r30=0000000080001078] R[r 3=0000000000000001] inst=[f83f2423] sw      gp, -120(t5)
C0:       1500 [1] pc=[0000000080000080] W[r 0=0000000080000084][1] R[r 0=0000000000000000] R[r 0=0000000000000000] inst=[ff9ff06f] j       pc - 0x8
C0:       1501 [1] pc=[0000000080000078] W[r30=0000000080001078][1] R[r 0=0000000000000000] R[r 0=0000000000000000] inst=[00001f17] auipc   t5, 0x1
C0:       1502 [1] pc=[000000008000007c] W[r 0=0000000000000000][0] R[r30=0000000080001078] R[r 3=0000000000000001] inst=[f83f2423] sw      gp, -120(t5)
C0:       1503 [1] pc=[0000000080000080] W[r 0=0000000080000084][1] R[r 0=0000000000000000] R[r 0=0000000000000000] inst=[ff9ff06f] j       pc - 0x8
C0:       1504 [1] pc=[0000000080000078] W[r30=0000000080001078][1] R[r 0=0000000000000000] R[r 0=0000000000000000] inst=[00001f17] auipc   t5, 0x1
C0:       1505 [1] pc=[000000008000007c] W[r 0=0000000000000000][0] R[r30=0000000080001078] R[r 3=0000000000000001] inst=[f83f2423] sw      gp, -120(t5)
C0:       1506 [1] pc=[0000000080000080] W[r 0=0000000080000084][1] R[r 0=0000000000000000] R[r 0=0000000000000000] inst=[ff9ff06f] j       pc - 0x8
C0:       1507 [1] pc=[0000000080000078] W[r30=0000000080001078][1] R[r 0=0000000000000000] R[r 0=0000000000000000] inst=[00001f17] auipc   t5, 0x1
C0:       1508 [1] pc=[000000008000007c] W[r 0=0000000000000000][0] R[r30=0000000080001078] R[r 3=0000000000000001] inst=[f83f2423] sw      gp, -120(t5)
C0:       1509 [1] pc=[0000000080000080] W[r 0=0000000080000084][1] R[r 0=0000000000000000] R[r 0=0000000000000000] inst=[ff9ff06f] j       pc - 0x8
C0:       1510 [1] pc=[0000000080000078] W[r30=0000000080001078][1] R[r 0=0000000000000000] R[r 0=0000000000000000] inst=[00001f17] auipc   t5, 0x1
C0:       1511 [1] pc=[000000008000007c] W[r 0=0000000000000000][0] R[r30=0000000080001078] R[r 3=0000000000000001] inst=[f83f2423] sw      gp, -120(t5)
C0:       1512 [1] pc=[0000000080000080] W[r 0=0000000080000084][1] R[r 0=0000000000000000] R[r 0=0000000000000000] inst=[ff9ff06f] j       pc - 0x8
C0:       1513 [1] pc=[0000000080000078] W[r30=0000000080001078][1] R[r 0=0000000000000000] R[r 0=0000000000000000] inst=[00001f17] auipc   t5, 0x1
C0:       1514 [1] pc=[000000008000007c] W[r 0=0000000000000000][0] R[r30=0000000080001078] R[r 3=0000000000000001] inst=[f83f2423] sw      gp, -120(t5)
C0:       1515 [1] pc=[0000000080000080] W[r 0=0000000080000084][1] R[r 0=0000000000000000] R[r 0=0000000000000000] inst=[ff9ff06f] j       pc - 0x8
C0:       1516 [1] pc=[0000000080000078] W[r30=0000000080001078][1] R[r 0=0000000000000000] R[r 0=0000000000000000] inst=[00001f17] auipc   t5, 0x1
C0:       1517 [1] pc=[000000008000007c] W[r 0=0000000000000000][0] R[r30=0000000080001078] R[r 3=0000000000000001] inst=[f83f2423] sw      gp, -120(t5)
C0:       1518 [1] pc=[0000000080000080] W[r 0=0000000080000084][1] R[r 0=0000000000000000] R[r 0=0000000000000000] inst=[ff9ff06f] j       pc - 0x8
C0:       1519 [1] pc=[0000000080000078] W[r30=0000000080001078][1] R[r 0=0000000000000000] R[r 0=0000000000000000] inst=[00001f17] auipc   t5, 0x1
C0:       1545 [1] pc=[000000008000007c] W[r 0=0000000000000000][0] R[r30=0000000080001078] R[r 3=0000000000000001] inst=[f83f2423] sw      gp, -120(t5)
C0:       1546 [1] pc=[0000000080000080] W[r 0=0000000080000084][1] R[r 0=0000000000000000] R[r 0=0000000000000000] inst=[ff9ff06f] j       pc - 0x8
C0:       1547 [1] pc=[0000000080000078] W[r30=0000000080001078][1] R[r 0=0000000000000000] R[r 0=0000000000000000] inst=[00001f17] auipc   t5, 0x1
C0:       1548 [1] pc=[000000008000007c] W[r 0=0000000000000000][0] R[r30=0000000080001078] R[r 3=0000000000000001] inst=[f83f2423] sw      gp, -120(t5)
C0:       1549 [1] pc=[0000000080000080] W[r 0=0000000080000084][1] R[r 0=0000000000000000] R[r 0=0000000000000000] inst=[ff9ff06f] j       pc - 0x8
C0:       1550 [1] pc=[0000000080000078] W[r30=0000000080001078][1] R[r 0=0000000000000000] R[r 0=0000000000000000] inst=[00001f17] auipc   t5, 0x1
C0:       1551 [1] pc=[000000008000007c] W[r 0=0000000000000000][0] R[r30=0000000080001078] R[r 3=0000000000000001] inst=[f83f2423] sw      gp, -120(t5)
C0:       1552 [1] pc=[0000000080000080] W[r 0=0000000080000084][1] R[r 0=0000000000000000] R[r 0=0000000000000000] inst=[ff9ff06f] j       pc - 0x8
C0:       1553 [1] pc=[0000000080000078] W[r30=0000000080001078][1] R[r 0=0000000000000000] R[r 0=0000000000000000] inst=[00001f17] auipc   t5, 0x1
C0:       1554 [1] pc=[000000008000007c] W[r 0=0000000000000000][0] R[r30=0000000080001078] R[r 3=0000000000000001] inst=[f83f2423] sw      gp, -120(t5)
C0:       1555 [1] pc=[0000000080000080] W[r 0=0000000080000084][1] R[r 0=0000000000000000] R[r 0=0000000000000000] inst=[ff9ff06f] j       pc - 0x8
C0:       1556 [1] pc=[0000000080000078] W[r30=0000000080001078][1] R[r 0=0000000000000000] R[r 0=0000000000000000] inst=[00001f17] auipc   t5, 0x1
C0:       1557 [1] pc=[000000008000007c] W[r 0=0000000000000000][0] R[r30=0000000080001078] R[r 3=0000000000000001] inst=[f83f2423] sw      gp, -120(t5)
C0:       1558 [1] pc=[0000000080000080] W[r 0=0000000080000084][1] R[r 0=0000000000000000] R[r 0=0000000000000000] inst=[ff9ff06f] j       pc - 0x8
C0:       1559 [1] pc=[0000000080000078] W[r30=0000000080001078][1] R[r 0=0000000000000000] R[r 0=0000000000000000] inst=[00001f17] auipc   t5, 0x1
C0:       1560 [1] pc=[000000008000007c] W[r 0=0000000000000000][0] R[r30=0000000080001078] R[r 3=0000000000000001] inst=[f83f2423] sw      gp, -120(t5)
C0:       1561 [1] pc=[0000000080000080] W[r 0=0000000080000084][1] R[r 0=0000000000000000] R[r 0=0000000000000000] inst=[ff9ff06f] j       pc - 0x8
C0:       1562 [1] pc=[0000000080000078] W[r30=0000000080001078][1] R[r 0=0000000000000000] R[r 0=0000000000000000] inst=[00001f17] auipc   t5, 0x1
C0:       1563 [1] pc=[000000008000007c] W[r 0=0000000000000000][0] R[r30=0000000080001078] R[r 3=0000000000000001] inst=[f83f2423] sw      gp, -120(t5)
C0:       1564 [1] pc=[0000000080000080] W[r 0=0000000080000084][1] R[r 0=0000000000000000] R[r 0=0000000000000000] inst=[ff9ff06f] j       pc - 0x8
C0:       1565 [1] pc=[0000000080000078] W[r30=0000000080001078][1] R[r 0=0000000000000000] R[r 0=0000000000000000] inst=[00001f17] auipc   t5, 0x1
C0:       1566 [1] pc=[000000008000007c] W[r 0=0000000000000000][0] R[r30=0000000080001078] R[r 3=0000000000000001] inst=[f83f2423] sw      gp, -120(t5)
C0:       1567 [1] pc=[0000000080000080] W[r 0=0000000080000084][1] R[r 0=0000000000000000] R[r 0=0000000000000000] inst=[ff9ff06f] j       pc - 0x8
C0:       1568 [1] pc=[0000000080000078] W[r30=0000000080001078][1] R[r 0=0000000000000000] R[r 0=0000000000000000] inst=[00001f17] auipc   t5, 0x1
C0:       1569 [1] pc=[000000008000007c] W[r 0=0000000000000000][0] R[r30=0000000080001078] R[r 3=0000000000000001] inst=[f83f2423] sw      gp, -120(t5)
C0:       1570 [1] pc=[0000000080000080] W[r 0=0000000080000084][1] R[r 0=0000000000000000] R[r 0=0000000000000000] inst=[ff9ff06f] j       pc - 0x8
C0:       1571 [1] pc=[0000000080000078] W[r30=0000000080001078][1] R[r 0=0000000000000000] R[r 0=0000000000000000] inst=[00001f17] auipc   t5, 0x1
C0:       1572 [1] pc=[000000008000007c] W[r 0=0000000000000000][0] R[r30=0000000080001078] R[r 3=0000000000000001] inst=[f83f2423] sw      gp, -120(t5)
C0:       1573 [1] pc=[0000000080000080] W[r 0=0000000080000084][1] R[r 0=0000000000000000] R[r 0=0000000000000000] inst=[ff9ff06f] j       pc - 0x8
C0:       1574 [1] pc=[0000000080000078] W[r30=0000000080001078][1] R[r 0=0000000000000000] R[r 0=0000000000000000] inst=[00001f17] auipc   t5, 0x1
C0:       1575 [1] pc=[000000008000007c] W[r 0=0000000000000000][0] R[r30=0000000080001078] R[r 3=0000000000000001] inst=[f83f2423] sw      gp, -120(t5)
C0:       1576 [1] pc=[0000000080000080] W[r 0=0000000080000084][1] R[r 0=0000000000000000] R[r 0=0000000000000000] inst=[ff9ff06f] j       pc - 0x8
C0:       1577 [1] pc=[0000000080000078] W[r30=0000000080001078][1] R[r 0=0000000000000000] R[r 0=0000000000000000] inst=[00001f17] auipc   t5, 0x1
*** PASSED *** Completed after 75304 cycles
