using random seed 1632263189
This emulator compiled with JTAG Remote Bitbang client. To enable, use +jtag_rbb_enable=1.
Listening on port 34943
== Loading device model file '/home/fleker/Desktop/chipyard/generators/testchipip/src/main/resources/dramsim2_ini/DDR3_micron_64M_8B_x4_sg15.ini' == 
== Loading system model file '/home/fleker/Desktop/chipyard/generators/testchipip/src/main/resources/dramsim2_ini/system.ini' == 
===== MemorySystem 0 =====
CH. 0 TOTAL_STORAGE : 4096MB | 1 Ranks | 16 Devices per rank
DRAMSim2 Clock Frequency =666666666Hz, CPU Clock Frequency=100000000Hz
C0:         19 [1] pc=[0000000000010040] W[r10=0000000000010040][1] R[r 0=0000000000000000] R[r 0=0000000000000000] inst=[00000517] auipc   a0, 0x0
C0:         20 [1] pc=[0000000000010044] W[r10=0000000000010000][1] R[r10=0000000000010040] R[r 0=0000000000000000] inst=[fc050513] addi    a0, a0, -64
C0:         21 [1] pc=[0000000000010048] W[r 0=0000000000000000][1] R[r10=0000000000010000] R[r 0=0000000000000000] inst=[30551073] csrw    unknown_305, a0
C0:         26 [1] pc=[000000000001004c] W[r 5=800000000094112d][1] R[r 0=0000000000000000] R[r 0=0000000000000000] inst=[301022f3] csrr    t0, unknown_301
C0:         29 [1] pc=[0000000000010050] W[r 5=ffffe00000000025][1] R[r 5=800000000094112d] R[r 0=0000000000000000] inst=[4122d293] srai    t0, t0, 18
C0:         30 [1] pc=[0000000000010054] W[r 5=0000000000000001][1] R[r 5=ffffe00000000025] R[r 0=0000000000000000] inst=[0012f293] andi    t0, t0, 1
C0:         31 [1] pc=[0000000000010058] W[r 0=0000000000000000][0] R[r 5=0000000000000001] R[r 0=0000000000000000] inst=[00028463] beqz    t0, pc + 8
C0:         32 [1] pc=[000000000001005c] W[r 0=0000000000000000][1] R[r 0=0000000000000000] R[r 0=0000000000000000] inst=[30301073] csrw    unknown_303, zero
C0:         37 [1] pc=[0000000000010060] W[r10=0000000000000008][1] R[r 0=0000000000000000] R[r 0=0000000000000000] inst=[00800513] li      a0, 8
C0:         38 [1] pc=[0000000000010064] W[r 0=0000000000000000][1] R[r10=0000000000000008] R[r 0=0000000000000000] inst=[30451073] csrw    unknown_304, a0
C0:         43 [1] pc=[0000000000010068] W[r 0=0000000a00001800][1] R[r10=0000000000000008] R[r 0=0000000000000000] inst=[30052073] csrs    unknown_300, a0
C0:         48 [1] pc=[000000000001006c] W[r 0=0000000000000000][0] R[r 0=0000000000000000] R[r 0=0000000000000000] inst=[10500073] wfi
C0:         51 [0] pc=[0000000000010070] W[r 0=0000000000000000][0] R[r31=0000000000000008] R[r 0=0000000000000000] inst=[ffdff06f] j       pc - 0x4
C0:         70 [1] pc=[0000000000010000] W[r11=0000000002000000][1] R[r 0=0000000000000000] R[r 0=0000000000000000] inst=[020005b7] lui     a1, 0x2000
C0:         71 [1] pc=[0000000000010004] W[r10=0000000000000000][1] R[r 0=0000000000000000] R[r 0=0000000000000000] inst=[f1402573] csrr    a0, unknown_f14
C0:         74 [1] pc=[0000000000010008] W[r 0=0000000000000000][0] R[r10=0000000000000000] R[r 0=0000000000000000] inst=[00050463] beqz    a0, pc + 8
C0:         78 [1] pc=[0000000000010010] W[r12=0000000002000004][1] R[r11=0000000002000000] R[r 0=0000000000000000] inst=[00458613] addi    a2, a1, 4
C0:         79 [1] pc=[0000000000010014] W[r13=0000000000000001][1] R[r 0=0000000000000000] R[r 0=0000000000000000] inst=[00100693] li      a3, 1
C0:         80 [1] pc=[0000000000010018] W[r 0=0000000000000000][0] R[r12=0000000002000004] R[r13=0000000000000001] inst=[00d62023] sw      a3, 0(a2)
C0:         81 [1] pc=[000000000001001c] W[r12=0000000002000008][1] R[r12=0000000002000004] R[r 0=0000000000000000] inst=[00460613] addi    a2, a2, 4
C0:         87 [1] pc=[0000000000010020] W[r13=0000000000000000][0] R[r12=0000000002000008] R[r 0=0000000000000000] inst=[ffc62683] lw      a3, -4(a2)
C0:         95 [1] pc=[0000000000010024] W[r 0=0000000000000000][0] R[r13=0000000000000000] R[r 0=0000000000000000] inst=[fe069ae3] bnez    a3, pc - 12
C0:         96 [1] pc=[0000000000010028] W[r 0=000000000001002c][1] R[r 0=0000000000000000] R[r 0=0000000000000000] inst=[05c0006f] j       pc + 0x5c
C0:        116 [1] pc=[0000000000010084] W[r 0=0000000000000000][0] R[r11=0000000002000000] R[r 0=0000000000000000] inst=[0005a023] sw      zero, 0(a1)
C0:        117 [1] pc=[0000000000010088] W[r10=0000000000004000][1] R[r 0=0000000000000000] R[r 0=0000000000000000] inst=[00004537] lui     a0, 0x4
C0:        123 [1] pc=[000000000001008c] W[r10=0000000000000000][0] R[r10=0000000000004000] R[r 0=0000000000000000] inst=[00056503] lwu     a0, 0(a0)
C0:        135 [1] pc=[0000000000010090] W[r 0=0000000000010070][1] R[r10=0000000080000000] R[r 0=0000000000000000] inst=[34151073] csrw    unknown_341, a0
C0:        136 [1] pc=[0000000000010094] W[r10=0000000000000000][1] R[r 0=0000000000000000] R[r 0=0000000000000000] inst=[f1402573] csrr    a0, unknown_f14
C0:        137 [1] pc=[0000000000010098] W[r11=0000000000010098][1] R[r 0=0000000000000000] R[r 0=0000000000000000] inst=[00000597] auipc   a1, 0x0
C0:        138 [1] pc=[000000000001009c] W[r11=00000000000100b0][1] R[r11=0000000000010098] R[r 0=0000000000000000] inst=[01858593] addi    a1, a1, 24
C0:        139 [1] pc=[00000000000100a0] W[r12=0000000000000080][1] R[r 0=0000000000000000] R[r 0=0000000000000000] inst=[08000613] li      a2, 128
C0:        140 [1] pc=[00000000000100a4] W[r 0=0000000a00001880][1] R[r12=0000000000000080] R[r 0=0000000000000000] inst=[30063073] csrc    unknown_300, a2
C0:        145 [1] pc=[00000000000100a8] W[r 0=0000000000000000][0] R[r 0=0000000000000000] R[r 0=0000000000000000] inst=[30200073] mret
C0:        166 [1] pc=[0000000080000000] W[r 0=0000000080000004][1] R[r 0=0000000000000000] R[r 0=0000000000000000] inst=[0840006f] j       pc + 0x84
C0:        189 [1] pc=[0000000080000084] W[r 1=0000000000000000][1] R[r 0=0000000000000000] R[r 0=0000000000000000] inst=[00000093] li      ra, 0
C0:        190 [1] pc=[0000000080000088] W[r 2=0000000000000000][1] R[r 0=0000000000000000] R[r 0=0000000000000000] inst=[00000113] li      sp, 0
C0:        191 [1] pc=[000000008000008c] W[r 3=0000000000000000][1] R[r 0=0000000000000000] R[r 0=0000000000000000] inst=[00000193] li      gp, 0
C0:        192 [1] pc=[0000000080000090] W[r 4=0000000000000000][1] R[r 0=0000000000000000] R[r 0=0000000000000000] inst=[00000213] li      tp, 0
C0:        193 [1] pc=[0000000080000094] W[r 5=0000000000000000][1] R[r 0=0000000000000000] R[r 0=0000000000000000] inst=[00000293] li      t0, 0
C0:        194 [1] pc=[0000000080000098] W[r 6=0000000000000000][1] R[r 0=0000000000000000] R[r 0=0000000000000000] inst=[00000313] li      t1, 0
C0:        195 [1] pc=[000000008000009c] W[r 7=0000000000000000][1] R[r 0=0000000000000000] R[r 0=0000000000000000] inst=[00000393] li      t2, 0
C0:        196 [1] pc=[00000000800000a0] W[r 8=0000000000000000][1] R[r 0=0000000000000000] R[r 0=0000000000000000] inst=[00000413] li      s0, 0
C0:        197 [1] pc=[00000000800000a4] W[r 9=0000000000000000][1] R[r 0=0000000000000000] R[r 0=0000000000000000] inst=[00000493] li      s1, 0
C0:        198 [1] pc=[00000000800000a8] W[r10=0000000000000000][1] R[r 0=0000000000000000] R[r 0=0000000000000000] inst=[00000513] li      a0, 0
C0:        199 [1] pc=[00000000800000ac] W[r11=0000000000000000][1] R[r 0=0000000000000000] R[r 0=0000000000000000] inst=[00000593] li      a1, 0
C0:        200 [1] pc=[00000000800000b0] W[r12=0000000000000000][1] R[r 0=0000000000000000] R[r 0=0000000000000000] inst=[00000613] li      a2, 0
C0:        201 [1] pc=[00000000800000b4] W[r13=0000000000000000][1] R[r 0=0000000000000000] R[r 0=0000000000000000] inst=[00000693] li      a3, 0
C0:        202 [1] pc=[00000000800000b8] W[r14=0000000000000000][1] R[r 0=0000000000000000] R[r 0=0000000000000000] inst=[00000713] li      a4, 0
C0:        203 [1] pc=[00000000800000bc] W[r15=0000000000000000][1] R[r 0=0000000000000000] R[r 0=0000000000000000] inst=[00000793] li      a5, 0
C0:        225 [1] pc=[00000000800000c0] W[r16=0000000000000000][1] R[r 0=0000000000000000] R[r 0=0000000000000000] inst=[00000813] li      a6, 0
C0:        226 [1] pc=[00000000800000c4] W[r17=0000000000000000][1] R[r 0=0000000000000000] R[r 0=0000000000000000] inst=[00000893] li      a7, 0
C0:        227 [1] pc=[00000000800000c8] W[r18=0000000000000000][1] R[r 0=0000000000000000] R[r 0=0000000000000000] inst=[00000913] li      s2, 0
C0:        228 [1] pc=[00000000800000cc] W[r19=0000000000000000][1] R[r 0=0000000000000000] R[r 0=0000000000000000] inst=[00000993] li      s3, 0
C0:        229 [1] pc=[00000000800000d0] W[r20=0000000000000000][1] R[r 0=0000000000000000] R[r 0=0000000000000000] inst=[00000a13] li      s4, 0
C0:        230 [1] pc=[00000000800000d4] W[r21=0000000000000000][1] R[r 0=0000000000000000] R[r 0=0000000000000000] inst=[00000a93] li      s5, 0
C0:        231 [1] pc=[00000000800000d8] W[r22=0000000000000000][1] R[r 0=0000000000000000] R[r 0=0000000000000000] inst=[00000b13] li      s6, 0
C0:        232 [1] pc=[00000000800000dc] W[r23=0000000000000000][1] R[r 0=0000000000000000] R[r 0=0000000000000000] inst=[00000b93] li      s7, 0
C0:        233 [1] pc=[00000000800000e0] W[r24=0000000000000000][1] R[r 0=0000000000000000] R[r 0=0000000000000000] inst=[00000c13] li      s8, 0
C0:        234 [1] pc=[00000000800000e4] W[r25=0000000000000000][1] R[r 0=0000000000000000] R[r 0=0000000000000000] inst=[00000c93] li      s9, 0
C0:        235 [1] pc=[00000000800000e8] W[r26=0000000000000000][1] R[r 0=0000000000000000] R[r 0=0000000000000000] inst=[00000d13] li      s10, 0
C0:        236 [1] pc=[00000000800000ec] W[r27=0000000000000000][1] R[r 0=0000000000000000] R[r 0=0000000000000000] inst=[00000d93] li      s11, 0
C0:        237 [1] pc=[00000000800000f0] W[r28=0000000000000000][1] R[r 0=0000000000000000] R[r 0=0000000000000000] inst=[00000e13] li      t3, 0
C0:        238 [1] pc=[00000000800000f4] W[r29=0000000000000000][1] R[r 0=0000000000000000] R[r 0=0000000000000000] inst=[00000e93] li      t4, 0
C0:        239 [1] pc=[00000000800000f8] W[r30=0000000000000000][1] R[r 0=0000000000000000] R[r 0=0000000000000000] inst=[00000f13] li      t5, 0
C0:        240 [1] pc=[00000000800000fc] W[r31=0000000000000000][1] R[r 0=0000000000000000] R[r 0=0000000000000000] inst=[00000f93] li      t6, 0
C0:        262 [1] pc=[0000000080000100] W[r10=0000000000000000][1] R[r 0=0000000000000000] R[r 0=0000000000000000] inst=[f1402573] csrr    a0, unknown_f14
C0:        265 [1] pc=[0000000080000104] W[r 0=0000000000000000][0] R[r10=0000000000000000] R[r 0=0000000000000000] inst=[00051063] bnez    a0, pc + 0
C0:        266 [1] pc=[0000000080000108] W[r 5=0000000080000108][1] R[r 0=0000000000000000] R[r 0=0000000000000000] inst=[00000297] auipc   t0, 0x0
C0:        267 [1] pc=[000000008000010c] W[r 5=0000000080000118][1] R[r 5=0000000080000108] R[r 0=0000000000000000] inst=[01028293] addi    t0, t0, 16
C0:        268 [1] pc=[0000000080000110] W[r 0=0000000000010000][1] R[r 5=0000000080000118] R[r 0=0000000000000000] inst=[30529073] csrw    unknown_305, t0
C0:        273 [1] pc=[0000000080000114] W[r 0=0000000000000000][1] R[r 0=0000000000000000] R[r 0=0000000000000000] inst=[18005073] csrwi   unknown_180, 0
C0:        278 [1] pc=[0000000080000118] W[r 5=0000000080000118][1] R[r 0=0000000000000000] R[r 0=0000000000000000] inst=[00000297] auipc   t0, 0x0
C0:        279 [1] pc=[000000008000011c] W[r 5=000000008000013c][1] R[r 5=0000000080000118] R[r 0=0000000000000000] inst=[02428293] addi    t0, t0, 36
C0:        280 [1] pc=[0000000080000120] W[r 0=0000000080000118][1] R[r 5=000000008000013c] R[r 0=0000000000000000] inst=[30529073] csrw    unknown_305, t0
C0:        285 [1] pc=[0000000080000124] W[r 5=0000000000000001][1] R[r 0=0000000000000000] R[r 0=0000000000000000] inst=[0010029b] addiw   t0, zero, 1
C0:        286 [1] pc=[0000000080000128] W[r 5=0020000000000000][1] R[r 5=0000000000000001] R[r 0=0000000000000000] inst=[03529293] slli    t0, t0, 53
C0:        287 [1] pc=[000000008000012c] W[r 5=001fffffffffffff][1] R[r 5=0020000000000000] R[r 0=0000000000000000] inst=[fff28293] addi    t0, t0, -1
C0:        288 [1] pc=[0000000080000130] W[r 0=0000000000000000][1] R[r 5=001fffffffffffff] R[r 0=0000000000000000] inst=[3b029073] csrw    unknown_3b0, t0
C0:        293 [1] pc=[0000000080000134] W[r 5=000000000000001f][1] R[r 0=0000000000000000] R[r 0=0000000000000000] inst=[01f00293] li      t0, 31
C0:        294 [1] pc=[0000000080000138] W[r 0=0000000000000000][1] R[r 5=000000000000001f] R[r 0=0000000000000000] inst=[3a029073] csrw    unknown_3a0, t0
C0:        299 [1] pc=[000000008000013c] W[r 0=0000000000000008][1] R[r 0=0000000000000000] R[r 0=0000000000000000] inst=[30405073] csrwi   unknown_304, 0
C0:        316 [1] pc=[0000000080000140] W[r 5=0000000080000140][1] R[r 0=0000000000000000] R[r 0=0000000000000000] inst=[00000297] auipc   t0, 0x0
C0:        317 [1] pc=[0000000080000144] W[r 5=0000000080000154][1] R[r 5=0000000080000140] R[r 0=0000000000000000] inst=[01428293] addi    t0, t0, 20
C0:        318 [1] pc=[0000000080000148] W[r 0=000000008000013c][1] R[r 5=0000000080000154] R[r 0=0000000000000000] inst=[30529073] csrw    unknown_305, t0
C0:        323 [1] pc=[000000008000014c] W[r 0=0000000000000000][1] R[r 0=0000000000000000] R[r 0=0000000000000000] inst=[30205073] csrwi   unknown_302, 0
C0:        328 [1] pc=[0000000080000150] W[r 0=0000000000000000][1] R[r 0=0000000000000000] R[r 0=0000000000000000] inst=[30305073] csrwi   unknown_303, 0
C0:        333 [1] pc=[0000000080000154] W[r 3=0000000000000000][1] R[r 0=0000000000000000] R[r 0=0000000000000000] inst=[00000193] li      gp, 0
C0:        334 [1] pc=[0000000080000158] W[r 5=0000000080000158][1] R[r 0=0000000000000000] R[r 0=0000000000000000] inst=[00000297] auipc   t0, 0x0
C0:        335 [1] pc=[000000008000015c] W[r 5=0000000080000004][1] R[r 5=0000000080000158] R[r 0=0000000000000000] inst=[eac28293] addi    t0, t0, -340
C0:        336 [1] pc=[0000000080000160] W[r 0=0000000080000154][1] R[r 5=0000000080000004] R[r 0=0000000000000000] inst=[30529073] csrw    unknown_305, t0
C0:        341 [1] pc=[0000000080000164] W[r10=0000000000000001][1] R[r 0=0000000000000000] R[r 0=0000000000000000] inst=[00100513] li      a0, 1
C0:        342 [1] pc=[0000000080000168] W[r10=0000000080000000][1] R[r10=0000000000000001] R[r 0=0000000000000000] inst=[01f51513] slli    a0, a0, 31
C0:        343 [1] pc=[000000008000016c] W[r 0=0000000000000000][0] R[r10=0000000080000000] R[r 0=0000000000000000] inst=[00055c63] bgez    a0, pc + 24
C0:        368 [1] pc=[0000000080000184] W[r 5=0000000000000184][1] R[r 0=0000000000000000] R[r 0=0000000000000000] inst=[80000297] auipc   t0, 0x80000
C0:        369 [1] pc=[0000000080000188] W[r 5=0000000000000000][1] R[r 5=0000000000000184] R[r 0=0000000000000000] inst=[e7c28293] addi    t0, t0, -388
C0:        370 [1] pc=[000000008000018c] W[r 0=0000000000000000][0] R[r 5=0000000000000000] R[r 0=0000000000000000] inst=[00028a63] beqz    t0, pc + 20
C0:        374 [1] pc=[00000000800001a0] W[r 0=0000000a00000080][1] R[r 0=0000000000000000] R[r 0=0000000000000000] inst=[30005073] csrwi   unknown_300, 0
C0:        379 [1] pc=[00000000800001a4] W[r10=0000000000002000][1] R[r 0=0000000000000000] R[r 0=0000000000000000] inst=[00002537] lui     a0, 0x2
C0:        380 [1] pc=[00000000800001a8] W[r 0=0000000a00000000][1] R[r10=0000000000002000] R[r 0=0000000000000000] inst=[30052073] csrs    unknown_300, a0
C0:        385 [1] pc=[00000000800001ac] W[r 0=0000000000000000][1] R[r 0=0000000000000000] R[r 0=0000000000000000] inst=[00305073] csrwi   fcsr, 0
C0:        390 [1] pc=[00000000800001b0] W[r 5=00000000800001b0][1] R[r 0=0000000000000000] R[r 0=0000000000000000] inst=[00000297] auipc   t0, 0x0
C0:        391 [1] pc=[00000000800001b4] W[r 5=00000000800001c4][1] R[r 5=00000000800001b0] R[r 0=0000000000000000] inst=[01428293] addi    t0, t0, 20
C0:        392 [1] pc=[00000000800001b8] W[r 0=0000000080000000][1] R[r 5=00000000800001c4] R[r 0=0000000000000000] inst=[34129073] csrw    unknown_341, t0
C0:        393 [1] pc=[00000000800001bc] W[r10=0000000000000000][1] R[r 0=0000000000000000] R[r 0=0000000000000000] inst=[f1402573] csrr    a0, unknown_f14
C0:        415 [1] pc=[00000000800001c0] W[r 0=0000000000000000][0] R[r 0=0000000000000000] R[r 0=0000000000000000] inst=[30200073] mret
C0:        420 [1] pc=[00000000800001c4] W[r11=0000000000247000][1] R[r 0=0000000000000000] R[r 0=0000000000000000] inst=[002475b7] lui     a1, 0x247
C0:        421 [1] pc=[00000000800001c8] W[r11=00000000002468ad][1] R[r11=0000000000247000] R[r 0=0000000000000000] inst=[8ad5859b] addiw   a1, a1, -1875
C0:        422 [1] pc=[00000000800001cc] W[r11=000000091a2b4000][1] R[r11=00000000002468ad] R[r 0=0000000000000000] inst=[00e59593] slli    a1, a1, 14
C0:        423 [1] pc=[00000000800001d0] W[r11=000000091a2b3c4d][1] R[r11=000000091a2b4000] R[r 0=0000000000000000] inst=[c4d58593] addi    a1, a1, -947
C0:        424 [1] pc=[00000000800001d4] W[r11=000091a2b3c4d000][1] R[r11=000000091a2b3c4d] R[r 0=0000000000000000] inst=[00c59593] slli    a1, a1, 12
C0:        425 [1] pc=[00000000800001d8] W[r11=000091a2b3c4d5e7][1] R[r11=000091a2b3c4d000] R[r 0=0000000000000000] inst=[5e758593] addi    a1, a1, 1511
C0:        426 [1] pc=[00000000800001dc] W[r11=123456789abce000][1] R[r11=000091a2b3c4d5e7] R[r 0=0000000000000000] inst=[00d59593] slli    a1, a1, 13
C0:        427 [1] pc=[00000000800001e0] W[r11=123456789abcdef0][1] R[r11=123456789abce000] R[r 0=0000000000000000] inst=[ef058593] addi    a1, a1, -272
C0:        428 [1] pc=[00000000800001e4] W[r12=0000000000000000][1] R[r 0=0000000000000000] R[r 0=0000000000000000] inst=[00000613] li      a2, 0
C0:        429 [1] pc=[00000000800001e8] W[r 1=0000000000000000][0] R[r11=123456789abcdef0] R[r 0=0000000000000000] inst=[f20580d3] fmv.d.x ft1, a1
C0:        430 [1] pc=[00000000800001ec] W[r 2=0000000000000000][0] R[r12=0000000000000000] R[r 0=0000000000000000] inst=[f2060153] fmv.d.x ft2, a2
C0:        434 [1] pc=[00000000800001f0] W[r 0=0000000000000000][0] R[r 1=0000000000305073] R[r 2=0000000000000003] inst=[22208053] fsgnj.d ft0, ft1, ft2
C0:        438 [1] pc=[00000000800001f4] W[r10=123456789abcdef0][1] R[r 0=0000000000000000] R[r 0=0000000000000000] inst=[e2000553] fmv.x.d a0, ft0
C0:        439 [1] pc=[00000000800001f8] W[r 7=0000000000247000][1] R[r 0=0000000000000000] R[r 0=0000000000000000] inst=[002473b7] lui     t2, 0x247
C0:        440 [1] pc=[00000000800001fc] W[r 7=00000000002468ad][1] R[r 7=0000000000247000] R[r 0=0000000000000000] inst=[8ad3839b] addiw   t2, t2, -1875
C0:        462 [1] pc=[0000000080000200] W[r 7=000000091a2b4000][1] R[r 7=00000000002468ad] R[r 0=0000000000000000] inst=[00e39393] slli    t2, t2, 14
C0:        463 [1] pc=[0000000080000204] W[r 7=000000091a2b3c4d][1] R[r 7=000000091a2b4000] R[r 0=0000000000000000] inst=[c4d38393] addi    t2, t2, -947
C0:        464 [1] pc=[0000000080000208] W[r 7=000091a2b3c4d000][1] R[r 7=000000091a2b3c4d] R[r 0=0000000000000000] inst=[00c39393] slli    t2, t2, 12
C0:        465 [1] pc=[000000008000020c] W[r 7=000091a2b3c4d5e7][1] R[r 7=000091a2b3c4d000] R[r 0=0000000000000000] inst=[5e738393] addi    t2, t2, 1511
C0:        466 [1] pc=[0000000080000210] W[r 7=123456789abce000][1] R[r 7=000091a2b3c4d5e7] R[r 0=0000000000000000] inst=[00d39393] slli    t2, t2, 13
C0:        467 [1] pc=[0000000080000214] W[r 7=123456789abcdef0][1] R[r 7=123456789abce000] R[r 0=0000000000000000] inst=[ef038393] addi    t2, t2, -272
C0:        468 [1] pc=[0000000080000218] W[r 3=000000000000000a][1] R[r 0=0000000000000000] R[r 0=0000000000000000] inst=[00a00193] li      gp, 10
C0:        469 [1] pc=[000000008000021c] W[r 0=0000000000000000][0] R[r10=123456789abcdef0] R[r 7=123456789abcdef0] inst=[687512e3] bne     a0, t2, pc + 3716
C0:        470 [1] pc=[0000000080000220] W[r11=0000000000247000][1] R[r 0=0000000000000000] R[r 0=0000000000000000] inst=[002475b7] lui     a1, 0x247
C0:        471 [1] pc=[0000000080000224] W[r11=00000000002468ad][1] R[r11=0000000000247000] R[r 0=0000000000000000] inst=[8ad5859b] addiw   a1, a1, -1875
C0:        472 [1] pc=[0000000080000228] W[r11=000000091a2b4000][1] R[r11=00000000002468ad] R[r 0=0000000000000000] inst=[00e59593] slli    a1, a1, 14
C0:        473 [1] pc=[000000008000022c] W[r11=000000091a2b3c4d][1] R[r11=000000091a2b4000] R[r 0=0000000000000000] inst=[c4d58593] addi    a1, a1, -947
C0:        474 [1] pc=[0000000080000230] W[r11=000091a2b3c4d000][1] R[r11=000000091a2b3c4d] R[r 0=0000000000000000] inst=[00c59593] slli    a1, a1, 12
C0:        475 [1] pc=[0000000080000234] W[r11=000091a2b3c4d5e7][1] R[r11=000091a2b3c4d000] R[r 0=0000000000000000] inst=[5e758593] addi    a1, a1, 1511
C0:        476 [1] pc=[0000000080000238] W[r11=123456789abce000][1] R[r11=000091a2b3c4d5e7] R[r 0=0000000000000000] inst=[00d59593] slli    a1, a1, 13
C0:        477 [1] pc=[000000008000023c] W[r11=123456789abcdef0][1] R[r11=123456789abce000] R[r 0=0000000000000000] inst=[ef058593] addi    a1, a1, -272
C0:        499 [1] pc=[0000000080000240] W[r12=ffffffffffffffff][1] R[r 0=0000000000000000] R[r 0=0000000000000000] inst=[fff00613] li      a2, -1
C0:        500 [1] pc=[0000000080000244] W[r 1=0000000000000000][0] R[r11=123456789abcdef0] R[r 0=0000000000000000] inst=[f20580d3] fmv.d.x ft1, a1
C0:        501 [1] pc=[0000000080000248] W[r 2=0000000000000000][0] R[r12=ffffffffffffffff] R[r 0=0000000000000000] inst=[f2060153] fmv.d.x ft2, a2
C0:        505 [1] pc=[000000008000024c] W[r 0=0000000000000000][0] R[r 1=123456789abcdef3] R[r 2=0000000000000003] inst=[22208053] fsgnj.d ft0, ft1, ft2
C0:        509 [1] pc=[0000000080000250] W[r10=923456789abcdef0][1] R[r 0=0000000000000000] R[r 0=0000000000000000] inst=[e2000553] fmv.x.d a0, ft0
C0:        510 [1] pc=[0000000080000254] W[r 7=ffffffffff247000][1] R[r 0=0000000000000000] R[r 0=0000000000000000] inst=[ff2473b7] lui     t2, 0xff247
C0:        511 [1] pc=[0000000080000258] W[r 7=ffffffffff2468ad][1] R[r 7=ffffffffff247000] R[r 0=0000000000000000] inst=[8ad3839b] addiw   t2, t2, -1875
C0:        512 [1] pc=[000000008000025c] W[r 7=ffffffc91a2b4000][1] R[r 7=ffffffffff2468ad] R[r 0=0000000000000000] inst=[00e39393] slli    t2, t2, 14
C0:        513 [1] pc=[0000000080000260] W[r 7=ffffffc91a2b3c4d][1] R[r 7=ffffffc91a2b4000] R[r 0=0000000000000000] inst=[c4d38393] addi    t2, t2, -947
C0:        514 [1] pc=[0000000080000264] W[r 7=fffc91a2b3c4d000][1] R[r 7=ffffffc91a2b3c4d] R[r 0=0000000000000000] inst=[00c39393] slli    t2, t2, 12
C0:        515 [1] pc=[0000000080000268] W[r 7=fffc91a2b3c4d5e7][1] R[r 7=fffc91a2b3c4d000] R[r 0=0000000000000000] inst=[5e738393] addi    t2, t2, 1511
C0:        516 [1] pc=[000000008000026c] W[r 7=923456789abce000][1] R[r 7=fffc91a2b3c4d5e7] R[r 0=0000000000000000] inst=[00d39393] slli    t2, t2, 13
C0:        517 [1] pc=[0000000080000270] W[r 7=923456789abcdef0][1] R[r 7=923456789abce000] R[r 0=0000000000000000] inst=[ef038393] addi    t2, t2, -272
C0:        518 [1] pc=[0000000080000274] W[r 3=000000000000000b][1] R[r 0=0000000000000000] R[r 0=0000000000000000] inst=[00b00193] li      gp, 11
C0:        519 [1] pc=[0000000080000278] W[r 0=0000000000000000][0] R[r10=923456789abcdef0] R[r 7=923456789abcdef0] inst=[627514e3] bne     a0, t2, pc + 3624
C0:        520 [1] pc=[000000008000027c] W[r11=ffffffffff247000][1] R[r 0=0000000000000000] R[r 0=0000000000000000] inst=[ff2475b7] lui     a1, 0xff247
C0:        542 [1] pc=[0000000080000280] W[r11=ffffffffff2468ad][1] R[r11=ffffffffff247000] R[r 0=0000000000000000] inst=[8ad5859b] addiw   a1, a1, -1875
C0:        543 [1] pc=[0000000080000284] W[r11=ffffffc91a2b4000][1] R[r11=ffffffffff2468ad] R[r 0=0000000000000000] inst=[00e59593] slli    a1, a1, 14
C0:        544 [1] pc=[0000000080000288] W[r11=ffffffc91a2b3c4d][1] R[r11=ffffffc91a2b4000] R[r 0=0000000000000000] inst=[c4d58593] addi    a1, a1, -947
C0:        545 [1] pc=[000000008000028c] W[r11=fffc91a2b3c4d000][1] R[r11=ffffffc91a2b3c4d] R[r 0=0000000000000000] inst=[00c59593] slli    a1, a1, 12
C0:        546 [1] pc=[0000000080000290] W[r11=fffc91a2b3c4d5e7][1] R[r11=fffc91a2b3c4d000] R[r 0=0000000000000000] inst=[5e758593] addi    a1, a1, 1511
C0:        547 [1] pc=[0000000080000294] W[r11=923456789abce000][1] R[r11=fffc91a2b3c4d5e7] R[r 0=0000000000000000] inst=[00d59593] slli    a1, a1, 13
C0:        548 [1] pc=[0000000080000298] W[r11=923456789abcdef0][1] R[r11=923456789abce000] R[r 0=0000000000000000] inst=[ef058593] addi    a1, a1, -272
C0:        549 [1] pc=[000000008000029c] W[r12=0000000000000000][1] R[r 0=0000000000000000] R[r 0=0000000000000000] inst=[00000613] li      a2, 0
C0:        550 [1] pc=[00000000800002a0] W[r 1=0000000000000000][0] R[r11=923456789abcdef0] R[r 0=0000000000000000] inst=[f20580d3] fmv.d.x ft1, a1
C0:        551 [1] pc=[00000000800002a4] W[r 2=0000000000000000][0] R[r12=0000000000000000] R[r 0=0000000000000000] inst=[f2060153] fmv.d.x ft2, a2
C0:        555 [1] pc=[00000000800002a8] W[r 0=0000000000000000][0] R[r 1=ffffffffff247003] R[r 2=0000000000000003] inst=[22208053] fsgnj.d ft0, ft1, ft2
C0:        559 [1] pc=[00000000800002ac] W[r10=123456789abcdef0][1] R[r 0=0000000000000000] R[r 0=0000000000000000] inst=[e2000553] fmv.x.d a0, ft0
C0:        560 [1] pc=[00000000800002b0] W[r 7=0000000000247000][1] R[r 0=0000000000000000] R[r 0=0000000000000000] inst=[002473b7] lui     t2, 0x247
C0:        561 [1] pc=[00000000800002b4] W[r 7=00000000002468ad][1] R[r 7=0000000000247000] R[r 0=0000000000000000] inst=[8ad3839b] addiw   t2, t2, -1875
C0:        562 [1] pc=[00000000800002b8] W[r 7=000000091a2b4000][1] R[r 7=00000000002468ad] R[r 0=0000000000000000] inst=[00e39393] slli    t2, t2, 14
C0:        563 [1] pc=[00000000800002bc] W[r 7=000000091a2b3c4d][1] R[r 7=000000091a2b4000] R[r 0=0000000000000000] inst=[c4d38393] addi    t2, t2, -947
C0:        585 [1] pc=[00000000800002c0] W[r 7=000091a2b3c4d000][1] R[r 7=000000091a2b3c4d] R[r 0=0000000000000000] inst=[00c39393] slli    t2, t2, 12
C0:        586 [1] pc=[00000000800002c4] W[r 7=000091a2b3c4d5e7][1] R[r 7=000091a2b3c4d000] R[r 0=0000000000000000] inst=[5e738393] addi    t2, t2, 1511
C0:        587 [1] pc=[00000000800002c8] W[r 7=123456789abce000][1] R[r 7=000091a2b3c4d5e7] R[r 0=0000000000000000] inst=[00d39393] slli    t2, t2, 13
C0:        588 [1] pc=[00000000800002cc] W[r 7=123456789abcdef0][1] R[r 7=123456789abce000] R[r 0=0000000000000000] inst=[ef038393] addi    t2, t2, -272
C0:        589 [1] pc=[00000000800002d0] W[r 3=000000000000000c][1] R[r 0=0000000000000000] R[r 0=0000000000000000] inst=[00c00193] li      gp, 12
C0:        590 [1] pc=[00000000800002d4] W[r 0=0000000000000000][0] R[r10=123456789abcdef0] R[r 7=123456789abcdef0] inst=[5c7516e3] bne     a0, t2, pc + 3532
C0:        591 [1] pc=[00000000800002d8] W[r11=ffffffffff247000][1] R[r 0=0000000000000000] R[r 0=0000000000000000] inst=[ff2475b7] lui     a1, 0xff247
C0:        592 [1] pc=[00000000800002dc] W[r11=ffffffffff2468ad][1] R[r11=ffffffffff247000] R[r 0=0000000000000000] inst=[8ad5859b] addiw   a1, a1, -1875
C0:        593 [1] pc=[00000000800002e0] W[r11=ffffffc91a2b4000][1] R[r11=ffffffffff2468ad] R[r 0=0000000000000000] inst=[00e59593] slli    a1, a1, 14
C0:        594 [1] pc=[00000000800002e4] W[r11=ffffffc91a2b3c4d][1] R[r11=ffffffc91a2b4000] R[r 0=0000000000000000] inst=[c4d58593] addi    a1, a1, -947
C0:        595 [1] pc=[00000000800002e8] W[r11=fffc91a2b3c4d000][1] R[r11=ffffffc91a2b3c4d] R[r 0=0000000000000000] inst=[00c59593] slli    a1, a1, 12
C0:        596 [1] pc=[00000000800002ec] W[r11=fffc91a2b3c4d5e7][1] R[r11=fffc91a2b3c4d000] R[r 0=0000000000000000] inst=[5e758593] addi    a1, a1, 1511
C0:        597 [1] pc=[00000000800002f0] W[r11=923456789abce000][1] R[r11=fffc91a2b3c4d5e7] R[r 0=0000000000000000] inst=[00d59593] slli    a1, a1, 13
C0:        598 [1] pc=[00000000800002f4] W[r11=923456789abcdef0][1] R[r11=923456789abce000] R[r 0=0000000000000000] inst=[ef058593] addi    a1, a1, -272
C0:        599 [1] pc=[00000000800002f8] W[r12=ffffffffffffffff][1] R[r 0=0000000000000000] R[r 0=0000000000000000] inst=[fff00613] li      a2, -1
C0:        600 [1] pc=[00000000800002fc] W[r 1=0000000000000000][0] R[r11=923456789abcdef0] R[r 0=0000000000000000] inst=[f20580d3] fmv.d.x ft1, a1
C0:        622 [1] pc=[0000000080000300] W[r 2=0000000000000000][0] R[r12=ffffffffffffffff] R[r 0=0000000000000000] inst=[f2060153] fmv.d.x ft2, a2
C0:        626 [1] pc=[0000000080000304] W[r 0=0000000000000000][0] R[r 1=ffffffffffffffff] R[r 2=0000000000000003] inst=[22208053] fsgnj.d ft0, ft1, ft2
C0:        630 [1] pc=[0000000080000308] W[r10=923456789abcdef0][1] R[r 0=0000000000000000] R[r 0=0000000000000000] inst=[e2000553] fmv.x.d a0, ft0
C0:        631 [1] pc=[000000008000030c] W[r 7=ffffffffff247000][1] R[r 0=0000000000000000] R[r 0=0000000000000000] inst=[ff2473b7] lui     t2, 0xff247
C0:        632 [1] pc=[0000000080000310] W[r 7=ffffffffff2468ad][1] R[r 7=ffffffffff247000] R[r 0=0000000000000000] inst=[8ad3839b] addiw   t2, t2, -1875
C0:        633 [1] pc=[0000000080000314] W[r 7=ffffffc91a2b4000][1] R[r 7=ffffffffff2468ad] R[r 0=0000000000000000] inst=[00e39393] slli    t2, t2, 14
C0:        634 [1] pc=[0000000080000318] W[r 7=ffffffc91a2b3c4d][1] R[r 7=ffffffc91a2b4000] R[r 0=0000000000000000] inst=[c4d38393] addi    t2, t2, -947
C0:        635 [1] pc=[000000008000031c] W[r 7=fffc91a2b3c4d000][1] R[r 7=ffffffc91a2b3c4d] R[r 0=0000000000000000] inst=[00c39393] slli    t2, t2, 12
C0:        636 [1] pc=[0000000080000320] W[r 7=fffc91a2b3c4d5e7][1] R[r 7=fffc91a2b3c4d000] R[r 0=0000000000000000] inst=[5e738393] addi    t2, t2, 1511
C0:        637 [1] pc=[0000000080000324] W[r 7=923456789abce000][1] R[r 7=fffc91a2b3c4d5e7] R[r 0=0000000000000000] inst=[00d39393] slli    t2, t2, 13
C0:        638 [1] pc=[0000000080000328] W[r 7=923456789abcdef0][1] R[r 7=923456789abce000] R[r 0=0000000000000000] inst=[ef038393] addi    t2, t2, -272
C0:        639 [1] pc=[000000008000032c] W[r 3=000000000000000d][1] R[r 0=0000000000000000] R[r 0=0000000000000000] inst=[00d00193] li      gp, 13
C0:        640 [1] pc=[0000000080000330] W[r 0=0000000000000000][0] R[r10=923456789abcdef0] R[r 7=923456789abcdef0] inst=[567518e3] bne     a0, t2, pc + 3440
C0:        641 [1] pc=[0000000080000334] W[r11=0000000000247000][1] R[r 0=0000000000000000] R[r 0=0000000000000000] inst=[002475b7] lui     a1, 0x247
C0:        642 [1] pc=[0000000080000338] W[r11=00000000002468ad][1] R[r11=0000000000247000] R[r 0=0000000000000000] inst=[8ad5859b] addiw   a1, a1, -1875
C0:        643 [1] pc=[000000008000033c] W[r11=000000091a2b4000][1] R[r11=00000000002468ad] R[r 0=0000000000000000] inst=[00e59593] slli    a1, a1, 14
C0:        665 [1] pc=[0000000080000340] W[r11=000000091a2b3c4d][1] R[r11=000000091a2b4000] R[r 0=0000000000000000] inst=[c4d58593] addi    a1, a1, -947
C0:        666 [1] pc=[0000000080000344] W[r11=000091a2b3c4d000][1] R[r11=000000091a2b3c4d] R[r 0=0000000000000000] inst=[00c59593] slli    a1, a1, 12
C0:        667 [1] pc=[0000000080000348] W[r11=000091a2b3c4d5e7][1] R[r11=000091a2b3c4d000] R[r 0=0000000000000000] inst=[5e758593] addi    a1, a1, 1511
C0:        668 [1] pc=[000000008000034c] W[r11=123456789abce000][1] R[r11=000091a2b3c4d5e7] R[r 0=0000000000000000] inst=[00d59593] slli    a1, a1, 13
C0:        669 [1] pc=[0000000080000350] W[r11=123456789abcdef0][1] R[r11=123456789abce000] R[r 0=0000000000000000] inst=[ef058593] addi    a1, a1, -272
C0:        670 [1] pc=[0000000080000354] W[r12=0000000000000000][1] R[r 0=0000000000000000] R[r 0=0000000000000000] inst=[00000613] li      a2, 0
C0:        671 [1] pc=[0000000080000358] W[r 1=0000000000000000][0] R[r11=123456789abcdef0] R[r 0=0000000000000000] inst=[f20580d3] fmv.d.x ft1, a1
C0:        672 [1] pc=[000000008000035c] W[r 2=0000000000000000][0] R[r12=0000000000000000] R[r 0=0000000000000000] inst=[f2060153] fmv.d.x ft2, a2
C0:        676 [1] pc=[0000000080000360] W[r 0=0000000000000000][0] R[r 1=000000091a2b4003] R[r 2=0000000000000003] inst=[22209053] fsgnjn.d ft0, ft1, ft2
C0:        680 [1] pc=[0000000080000364] W[r10=923456789abcdef0][1] R[r 0=0000000000000000] R[r 0=0000000000000000] inst=[e2000553] fmv.x.d a0, ft0
C0:        681 [1] pc=[0000000080000368] W[r 7=ffffffffff247000][1] R[r 0=0000000000000000] R[r 0=0000000000000000] inst=[ff2473b7] lui     t2, 0xff247
C0:        682 [1] pc=[000000008000036c] W[r 7=ffffffffff2468ad][1] R[r 7=ffffffffff247000] R[r 0=0000000000000000] inst=[8ad3839b] addiw   t2, t2, -1875
C0:        683 [1] pc=[0000000080000370] W[r 7=ffffffc91a2b4000][1] R[r 7=ffffffffff2468ad] R[r 0=0000000000000000] inst=[00e39393] slli    t2, t2, 14
C0:        684 [1] pc=[0000000080000374] W[r 7=ffffffc91a2b3c4d][1] R[r 7=ffffffc91a2b4000] R[r 0=0000000000000000] inst=[c4d38393] addi    t2, t2, -947
C0:        685 [1] pc=[0000000080000378] W[r 7=fffc91a2b3c4d000][1] R[r 7=ffffffc91a2b3c4d] R[r 0=0000000000000000] inst=[00c39393] slli    t2, t2, 12
C0:        686 [1] pc=[000000008000037c] W[r 7=fffc91a2b3c4d5e7][1] R[r 7=fffc91a2b3c4d000] R[r 0=0000000000000000] inst=[5e738393] addi    t2, t2, 1511
C0:        708 [1] pc=[0000000080000380] W[r 7=923456789abce000][1] R[r 7=fffc91a2b3c4d5e7] R[r 0=0000000000000000] inst=[00d39393] slli    t2, t2, 13
C0:        709 [1] pc=[0000000080000384] W[r 7=923456789abcdef0][1] R[r 7=923456789abce000] R[r 0=0000000000000000] inst=[ef038393] addi    t2, t2, -272
C0:        710 [1] pc=[0000000080000388] W[r 3=0000000000000014][1] R[r 0=0000000000000000] R[r 0=0000000000000000] inst=[01400193] li      gp, 20
C0:        711 [1] pc=[000000008000038c] W[r 0=0000000000000000][0] R[r10=923456789abcdef0] R[r 7=923456789abcdef0] inst=[50751ae3] bne     a0, t2, pc + 3348
C0:        712 [1] pc=[0000000080000390] W[r11=0000000000247000][1] R[r 0=0000000000000000] R[r 0=0000000000000000] inst=[002475b7] lui     a1, 0x247
C0:        713 [1] pc=[0000000080000394] W[r11=00000000002468ad][1] R[r11=0000000000247000] R[r 0=0000000000000000] inst=[8ad5859b] addiw   a1, a1, -1875
C0:        714 [1] pc=[0000000080000398] W[r11=000000091a2b4000][1] R[r11=00000000002468ad] R[r 0=0000000000000000] inst=[00e59593] slli    a1, a1, 14
C0:        715 [1] pc=[000000008000039c] W[r11=000000091a2b3c4d][1] R[r11=000000091a2b4000] R[r 0=0000000000000000] inst=[c4d58593] addi    a1, a1, -947
C0:        716 [1] pc=[00000000800003a0] W[r11=000091a2b3c4d000][1] R[r11=000000091a2b3c4d] R[r 0=0000000000000000] inst=[00c59593] slli    a1, a1, 12
C0:        717 [1] pc=[00000000800003a4] W[r11=000091a2b3c4d5e7][1] R[r11=000091a2b3c4d000] R[r 0=0000000000000000] inst=[5e758593] addi    a1, a1, 1511
C0:        718 [1] pc=[00000000800003a8] W[r11=123456789abce000][1] R[r11=000091a2b3c4d5e7] R[r 0=0000000000000000] inst=[00d59593] slli    a1, a1, 13
C0:        719 [1] pc=[00000000800003ac] W[r11=123456789abcdef0][1] R[r11=123456789abce000] R[r 0=0000000000000000] inst=[ef058593] addi    a1, a1, -272
C0:        720 [1] pc=[00000000800003b0] W[r12=ffffffffffffffff][1] R[r 0=0000000000000000] R[r 0=0000000000000000] inst=[fff00613] li      a2, -1
C0:        721 [1] pc=[00000000800003b4] W[r 1=0000000000000000][0] R[r11=123456789abcdef0] R[r 0=0000000000000000] inst=[f20580d3] fmv.d.x ft1, a1
C0:        722 [1] pc=[00000000800003b8] W[r 2=0000000000000000][0] R[r12=ffffffffffffffff] R[r 0=0000000000000000] inst=[f2060153] fmv.d.x ft2, a2
C0:        726 [1] pc=[00000000800003bc] W[r 0=0000000000000000][0] R[r 1=923456789abcdef3] R[r 2=0000000000000003] inst=[22209053] fsgnjn.d ft0, ft1, ft2
C0:        748 [1] pc=[00000000800003c0] W[r10=123456789abcdef0][1] R[r 0=0000000000000000] R[r 0=0000000000000000] inst=[e2000553] fmv.x.d a0, ft0
C0:        749 [1] pc=[00000000800003c4] W[r 7=0000000000247000][1] R[r 0=0000000000000000] R[r 0=0000000000000000] inst=[002473b7] lui     t2, 0x247
C0:        750 [1] pc=[00000000800003c8] W[r 7=00000000002468ad][1] R[r 7=0000000000247000] R[r 0=0000000000000000] inst=[8ad3839b] addiw   t2, t2, -1875
C0:        751 [1] pc=[00000000800003cc] W[r 7=000000091a2b4000][1] R[r 7=00000000002468ad] R[r 0=0000000000000000] inst=[00e39393] slli    t2, t2, 14
C0:        752 [1] pc=[00000000800003d0] W[r 7=000000091a2b3c4d][1] R[r 7=000000091a2b4000] R[r 0=0000000000000000] inst=[c4d38393] addi    t2, t2, -947
C0:        753 [1] pc=[00000000800003d4] W[r 7=000091a2b3c4d000][1] R[r 7=000000091a2b3c4d] R[r 0=0000000000000000] inst=[00c39393] slli    t2, t2, 12
C0:        754 [1] pc=[00000000800003d8] W[r 7=000091a2b3c4d5e7][1] R[r 7=000091a2b3c4d000] R[r 0=0000000000000000] inst=[5e738393] addi    t2, t2, 1511
C0:        755 [1] pc=[00000000800003dc] W[r 7=123456789abce000][1] R[r 7=000091a2b3c4d5e7] R[r 0=0000000000000000] inst=[00d39393] slli    t2, t2, 13
C0:        756 [1] pc=[00000000800003e0] W[r 7=123456789abcdef0][1] R[r 7=123456789abce000] R[r 0=0000000000000000] inst=[ef038393] addi    t2, t2, -272
C0:        757 [1] pc=[00000000800003e4] W[r 3=0000000000000015][1] R[r 0=0000000000000000] R[r 0=0000000000000000] inst=[01500193] li      gp, 21
C0:        758 [1] pc=[00000000800003e8] W[r 0=0000000000000000][0] R[r10=123456789abcdef0] R[r 7=123456789abcdef0] inst=[4a751ce3] bne     a0, t2, pc + 3256
C0:        759 [1] pc=[00000000800003ec] W[r11=ffffffffff247000][1] R[r 0=0000000000000000] R[r 0=0000000000000000] inst=[ff2475b7] lui     a1, 0xff247
C0:        760 [1] pc=[00000000800003f0] W[r11=ffffffffff2468ad][1] R[r11=ffffffffff247000] R[r 0=0000000000000000] inst=[8ad5859b] addiw   a1, a1, -1875
C0:        761 [1] pc=[00000000800003f4] W[r11=ffffffc91a2b4000][1] R[r11=ffffffffff2468ad] R[r 0=0000000000000000] inst=[00e59593] slli    a1, a1, 14
C0:        762 [1] pc=[00000000800003f8] W[r11=ffffffc91a2b3c4d][1] R[r11=ffffffc91a2b4000] R[r 0=0000000000000000] inst=[c4d58593] addi    a1, a1, -947
C0:        763 [1] pc=[00000000800003fc] W[r11=fffc91a2b3c4d000][1] R[r11=ffffffc91a2b3c4d] R[r 0=0000000000000000] inst=[00c59593] slli    a1, a1, 12
C0:        785 [1] pc=[0000000080000400] W[r11=fffc91a2b3c4d5e7][1] R[r11=fffc91a2b3c4d000] R[r 0=0000000000000000] inst=[5e758593] addi    a1, a1, 1511
C0:        786 [1] pc=[0000000080000404] W[r11=923456789abce000][1] R[r11=fffc91a2b3c4d5e7] R[r 0=0000000000000000] inst=[00d59593] slli    a1, a1, 13
C0:        787 [1] pc=[0000000080000408] W[r11=923456789abcdef0][1] R[r11=923456789abce000] R[r 0=0000000000000000] inst=[ef058593] addi    a1, a1, -272
C0:        788 [1] pc=[000000008000040c] W[r12=0000000000000000][1] R[r 0=0000000000000000] R[r 0=0000000000000000] inst=[00000613] li      a2, 0
C0:        789 [1] pc=[0000000080000410] W[r 1=0000000000000000][0] R[r11=923456789abcdef0] R[r 0=0000000000000000] inst=[f20580d3] fmv.d.x ft1, a1
C0:        790 [1] pc=[0000000080000414] W[r 2=0000000000000000][0] R[r12=0000000000000000] R[r 0=0000000000000000] inst=[f2060153] fmv.d.x ft2, a2
C0:        794 [1] pc=[0000000080000418] W[r 0=0000000000000000][0] R[r 1=fffc91a2b3c4d003] R[r 2=0000000000000003] inst=[22209053] fsgnjn.d ft0, ft1, ft2
C0:        798 [1] pc=[000000008000041c] W[r10=923456789abcdef0][1] R[r 0=0000000000000000] R[r 0=0000000000000000] inst=[e2000553] fmv.x.d a0, ft0
C0:        799 [1] pc=[0000000080000420] W[r 7=ffffffffff247000][1] R[r 0=0000000000000000] R[r 0=0000000000000000] inst=[ff2473b7] lui     t2, 0xff247
C0:        800 [1] pc=[0000000080000424] W[r 7=ffffffffff2468ad][1] R[r 7=ffffffffff247000] R[r 0=0000000000000000] inst=[8ad3839b] addiw   t2, t2, -1875
C0:        801 [1] pc=[0000000080000428] W[r 7=ffffffc91a2b4000][1] R[r 7=ffffffffff2468ad] R[r 0=0000000000000000] inst=[00e39393] slli    t2, t2, 14
C0:        802 [1] pc=[000000008000042c] W[r 7=ffffffc91a2b3c4d][1] R[r 7=ffffffc91a2b4000] R[r 0=0000000000000000] inst=[c4d38393] addi    t2, t2, -947
C0:        803 [1] pc=[0000000080000430] W[r 7=fffc91a2b3c4d000][1] R[r 7=ffffffc91a2b3c4d] R[r 0=0000000000000000] inst=[00c39393] slli    t2, t2, 12
C0:        804 [1] pc=[0000000080000434] W[r 7=fffc91a2b3c4d5e7][1] R[r 7=fffc91a2b3c4d000] R[r 0=0000000000000000] inst=[5e738393] addi    t2, t2, 1511
C0:        805 [1] pc=[0000000080000438] W[r 7=923456789abce000][1] R[r 7=fffc91a2b3c4d5e7] R[r 0=0000000000000000] inst=[00d39393] slli    t2, t2, 13
C0:        806 [1] pc=[000000008000043c] W[r 7=923456789abcdef0][1] R[r 7=923456789abce000] R[r 0=0000000000000000] inst=[ef038393] addi    t2, t2, -272
C0:        828 [1] pc=[0000000080000440] W[r 3=0000000000000016][1] R[r 0=0000000000000000] R[r 0=0000000000000000] inst=[01600193] li      gp, 22
C0:        829 [1] pc=[0000000080000444] W[r 0=0000000000000000][0] R[r10=923456789abcdef0] R[r 7=923456789abcdef0] inst=[44751ee3] bne     a0, t2, pc + 3164
C0:        830 [1] pc=[0000000080000448] W[r11=ffffffffff247000][1] R[r 0=0000000000000000] R[r 0=0000000000000000] inst=[ff2475b7] lui     a1, 0xff247
C0:        831 [1] pc=[000000008000044c] W[r11=ffffffffff2468ad][1] R[r11=ffffffffff247000] R[r 0=0000000000000000] inst=[8ad5859b] addiw   a1, a1, -1875
C0:        832 [1] pc=[0000000080000450] W[r11=ffffffc91a2b4000][1] R[r11=ffffffffff2468ad] R[r 0=0000000000000000] inst=[00e59593] slli    a1, a1, 14
C0:        833 [1] pc=[0000000080000454] W[r11=ffffffc91a2b3c4d][1] R[r11=ffffffc91a2b4000] R[r 0=0000000000000000] inst=[c4d58593] addi    a1, a1, -947
C0:        834 [1] pc=[0000000080000458] W[r11=fffc91a2b3c4d000][1] R[r11=ffffffc91a2b3c4d] R[r 0=0000000000000000] inst=[00c59593] slli    a1, a1, 12
C0:        835 [1] pc=[000000008000045c] W[r11=fffc91a2b3c4d5e7][1] R[r11=fffc91a2b3c4d000] R[r 0=0000000000000000] inst=[5e758593] addi    a1, a1, 1511
C0:        836 [1] pc=[0000000080000460] W[r11=923456789abce000][1] R[r11=fffc91a2b3c4d5e7] R[r 0=0000000000000000] inst=[00d59593] slli    a1, a1, 13
C0:        837 [1] pc=[0000000080000464] W[r11=923456789abcdef0][1] R[r11=923456789abce000] R[r 0=0000000000000000] inst=[ef058593] addi    a1, a1, -272
C0:        838 [1] pc=[0000000080000468] W[r12=ffffffffffffffff][1] R[r 0=0000000000000000] R[r 0=0000000000000000] inst=[fff00613] li      a2, -1
C0:        839 [1] pc=[000000008000046c] W[r 1=0000000000000000][0] R[r11=923456789abcdef0] R[r 0=0000000000000000] inst=[f20580d3] fmv.d.x ft1, a1
C0:        840 [1] pc=[0000000080000470] W[r 2=0000000000000000][0] R[r12=ffffffffffffffff] R[r 0=0000000000000000] inst=[f2060153] fmv.d.x ft2, a2
C0:        844 [1] pc=[0000000080000474] W[r 0=0000000000000000][0] R[r 1=923456789abcdef3] R[r 2=923456789abcdef3] inst=[22209053] fsgnjn.d ft0, ft1, ft2
C0:        848 [1] pc=[0000000080000478] W[r10=123456789abcdef0][1] R[r 0=0000000000000000] R[r 0=0000000000000000] inst=[e2000553] fmv.x.d a0, ft0
C0:        849 [1] pc=[000000008000047c] W[r 7=0000000000247000][1] R[r 0=0000000000000000] R[r 0=0000000000000000] inst=[002473b7] lui     t2, 0x247
C0:        871 [1] pc=[0000000080000480] W[r 7=00000000002468ad][1] R[r 7=0000000000247000] R[r 0=0000000000000000] inst=[8ad3839b] addiw   t2, t2, -1875
C0:        872 [1] pc=[0000000080000484] W[r 7=000000091a2b4000][1] R[r 7=00000000002468ad] R[r 0=0000000000000000] inst=[00e39393] slli    t2, t2, 14
C0:        873 [1] pc=[0000000080000488] W[r 7=000000091a2b3c4d][1] R[r 7=000000091a2b4000] R[r 0=0000000000000000] inst=[c4d38393] addi    t2, t2, -947
C0:        874 [1] pc=[000000008000048c] W[r 7=000091a2b3c4d000][1] R[r 7=000000091a2b3c4d] R[r 0=0000000000000000] inst=[00c39393] slli    t2, t2, 12
C0:        875 [1] pc=[0000000080000490] W[r 7=000091a2b3c4d5e7][1] R[r 7=000091a2b3c4d000] R[r 0=0000000000000000] inst=[5e738393] addi    t2, t2, 1511
C0:        876 [1] pc=[0000000080000494] W[r 7=123456789abce000][1] R[r 7=000091a2b3c4d5e7] R[r 0=0000000000000000] inst=[00d39393] slli    t2, t2, 13
C0:        877 [1] pc=[0000000080000498] W[r 7=123456789abcdef0][1] R[r 7=123456789abce000] R[r 0=0000000000000000] inst=[ef038393] addi    t2, t2, -272
C0:        878 [1] pc=[000000008000049c] W[r 3=0000000000000017][1] R[r 0=0000000000000000] R[r 0=0000000000000000] inst=[01700193] li      gp, 23
C0:        879 [1] pc=[00000000800004a0] W[r 0=0000000000000000][0] R[r10=123456789abcdef0] R[r 7=123456789abcdef0] inst=[407510e3] bne     a0, t2, pc + 3072
C0:        880 [1] pc=[00000000800004a4] W[r11=0000000000247000][1] R[r 0=0000000000000000] R[r 0=0000000000000000] inst=[002475b7] lui     a1, 0x247
C0:        881 [1] pc=[00000000800004a8] W[r11=00000000002468ad][1] R[r11=0000000000247000] R[r 0=0000000000000000] inst=[8ad5859b] addiw   a1, a1, -1875
C0:        882 [1] pc=[00000000800004ac] W[r11=000000091a2b4000][1] R[r11=00000000002468ad] R[r 0=0000000000000000] inst=[00e59593] slli    a1, a1, 14
C0:        883 [1] pc=[00000000800004b0] W[r11=000000091a2b3c4d][1] R[r11=000000091a2b4000] R[r 0=0000000000000000] inst=[c4d58593] addi    a1, a1, -947
C0:        884 [1] pc=[00000000800004b4] W[r11=000091a2b3c4d000][1] R[r11=000000091a2b3c4d] R[r 0=0000000000000000] inst=[00c59593] slli    a1, a1, 12
C0:        885 [1] pc=[00000000800004b8] W[r11=000091a2b3c4d5e7][1] R[r11=000091a2b3c4d000] R[r 0=0000000000000000] inst=[5e758593] addi    a1, a1, 1511
C0:        886 [1] pc=[00000000800004bc] W[r11=123456789abce000][1] R[r11=000091a2b3c4d5e7] R[r 0=0000000000000000] inst=[00d59593] slli    a1, a1, 13
C0:        908 [1] pc=[00000000800004c0] W[r11=123456789abcdef0][1] R[r11=123456789abce000] R[r 0=0000000000000000] inst=[ef058593] addi    a1, a1, -272
C0:        909 [1] pc=[00000000800004c4] W[r12=0000000000000000][1] R[r 0=0000000000000000] R[r 0=0000000000000000] inst=[00000613] li      a2, 0
C0:        910 [1] pc=[00000000800004c8] W[r 1=0000000000000000][0] R[r11=123456789abcdef0] R[r 0=0000000000000000] inst=[f20580d3] fmv.d.x ft1, a1
C0:        911 [1] pc=[00000000800004cc] W[r 2=0000000000000000][0] R[r12=0000000000000000] R[r 0=0000000000000000] inst=[f2060153] fmv.d.x ft2, a2
C0:        915 [1] pc=[00000000800004d0] W[r 0=0000000000000000][0] R[r 1=123456789abce003] R[r 2=923456789abcdef3] inst=[2220a053] fsgnjx.d ft0, ft1, ft2
C0:        919 [1] pc=[00000000800004d4] W[r10=123456789abcdef0][1] R[r 0=0000000000000000] R[r 0=0000000000000000] inst=[e2000553] fmv.x.d a0, ft0
C0:        920 [1] pc=[00000000800004d8] W[r 7=0000000000247000][1] R[r 0=0000000000000000] R[r 0=0000000000000000] inst=[002473b7] lui     t2, 0x247
C0:        921 [1] pc=[00000000800004dc] W[r 7=00000000002468ad][1] R[r 7=0000000000247000] R[r 0=0000000000000000] inst=[8ad3839b] addiw   t2, t2, -1875
C0:        922 [1] pc=[00000000800004e0] W[r 7=000000091a2b4000][1] R[r 7=00000000002468ad] R[r 0=0000000000000000] inst=[00e39393] slli    t2, t2, 14
C0:        923 [1] pc=[00000000800004e4] W[r 7=000000091a2b3c4d][1] R[r 7=000000091a2b4000] R[r 0=0000000000000000] inst=[c4d38393] addi    t2, t2, -947
C0:        924 [1] pc=[00000000800004e8] W[r 7=000091a2b3c4d000][1] R[r 7=000000091a2b3c4d] R[r 0=0000000000000000] inst=[00c39393] slli    t2, t2, 12
C0:        925 [1] pc=[00000000800004ec] W[r 7=000091a2b3c4d5e7][1] R[r 7=000091a2b3c4d000] R[r 0=0000000000000000] inst=[5e738393] addi    t2, t2, 1511
C0:        926 [1] pc=[00000000800004f0] W[r 7=123456789abce000][1] R[r 7=000091a2b3c4d5e7] R[r 0=0000000000000000] inst=[00d39393] slli    t2, t2, 13
C0:        927 [1] pc=[00000000800004f4] W[r 7=123456789abcdef0][1] R[r 7=123456789abce000] R[r 0=0000000000000000] inst=[ef038393] addi    t2, t2, -272
C0:        928 [1] pc=[00000000800004f8] W[r 3=000000000000001e][1] R[r 0=0000000000000000] R[r 0=0000000000000000] inst=[01e00193] li      gp, 30
C0:        929 [1] pc=[00000000800004fc] W[r 0=0000000000000000][0] R[r10=123456789abcdef0] R[r 7=123456789abcdef0] inst=[3a7512e3] bne     a0, t2, pc + 2980
C0:        951 [1] pc=[0000000080000500] W[r11=0000000000247000][1] R[r 0=0000000000000000] R[r 0=0000000000000000] inst=[002475b7] lui     a1, 0x247
C0:        952 [1] pc=[0000000080000504] W[r11=00000000002468ad][1] R[r11=0000000000247000] R[r 0=0000000000000000] inst=[8ad5859b] addiw   a1, a1, -1875
C0:        953 [1] pc=[0000000080000508] W[r11=000000091a2b4000][1] R[r11=00000000002468ad] R[r 0=0000000000000000] inst=[00e59593] slli    a1, a1, 14
C0:        954 [1] pc=[000000008000050c] W[r11=000000091a2b3c4d][1] R[r11=000000091a2b4000] R[r 0=0000000000000000] inst=[c4d58593] addi    a1, a1, -947
C0:        955 [1] pc=[0000000080000510] W[r11=000091a2b3c4d000][1] R[r11=000000091a2b3c4d] R[r 0=0000000000000000] inst=[00c59593] slli    a1, a1, 12
C0:        956 [1] pc=[0000000080000514] W[r11=000091a2b3c4d5e7][1] R[r11=000091a2b3c4d000] R[r 0=0000000000000000] inst=[5e758593] addi    a1, a1, 1511
C0:        957 [1] pc=[0000000080000518] W[r11=123456789abce000][1] R[r11=000091a2b3c4d5e7] R[r 0=0000000000000000] inst=[00d59593] slli    a1, a1, 13
C0:        958 [1] pc=[000000008000051c] W[r11=123456789abcdef0][1] R[r11=123456789abce000] R[r 0=0000000000000000] inst=[ef058593] addi    a1, a1, -272
C0:        959 [1] pc=[0000000080000520] W[r12=ffffffffffffffff][1] R[r 0=0000000000000000] R[r 0=0000000000000000] inst=[fff00613] li      a2, -1
C0:        960 [1] pc=[0000000080000524] W[r 1=0000000000000000][0] R[r11=123456789abcdef0] R[r 0=0000000000000000] inst=[f20580d3] fmv.d.x ft1, a1
C0:        961 [1] pc=[0000000080000528] W[r 2=0000000000000000][0] R[r12=ffffffffffffffff] R[r 0=0000000000000000] inst=[f2060153] fmv.d.x ft2, a2
C0:        965 [1] pc=[000000008000052c] W[r 0=0000000000000000][0] R[r 1=123456789abcdef3] R[r 2=923456789abcdef3] inst=[2220a053] fsgnjx.d ft0, ft1, ft2
C0:        969 [1] pc=[0000000080000530] W[r10=923456789abcdef0][1] R[r 0=0000000000000000] R[r 0=0000000000000000] inst=[e2000553] fmv.x.d a0, ft0
C0:        970 [1] pc=[0000000080000534] W[r 7=ffffffffff247000][1] R[r 0=0000000000000000] R[r 0=0000000000000000] inst=[ff2473b7] lui     t2, 0xff247
C0:        971 [1] pc=[0000000080000538] W[r 7=ffffffffff2468ad][1] R[r 7=ffffffffff247000] R[r 0=0000000000000000] inst=[8ad3839b] addiw   t2, t2, -1875
C0:        972 [1] pc=[000000008000053c] W[r 7=ffffffc91a2b4000][1] R[r 7=ffffffffff2468ad] R[r 0=0000000000000000] inst=[00e39393] slli    t2, t2, 14
C0:        994 [1] pc=[0000000080000540] W[r 7=ffffffc91a2b3c4d][1] R[r 7=ffffffc91a2b4000] R[r 0=0000000000000000] inst=[c4d38393] addi    t2, t2, -947
C0:        995 [1] pc=[0000000080000544] W[r 7=fffc91a2b3c4d000][1] R[r 7=ffffffc91a2b3c4d] R[r 0=0000000000000000] inst=[00c39393] slli    t2, t2, 12
C0:        996 [1] pc=[0000000080000548] W[r 7=fffc91a2b3c4d5e7][1] R[r 7=fffc91a2b3c4d000] R[r 0=0000000000000000] inst=[5e738393] addi    t2, t2, 1511
C0:        997 [1] pc=[000000008000054c] W[r 7=923456789abce000][1] R[r 7=fffc91a2b3c4d5e7] R[r 0=0000000000000000] inst=[00d39393] slli    t2, t2, 13
C0:        998 [1] pc=[0000000080000550] W[r 7=923456789abcdef0][1] R[r 7=923456789abce000] R[r 0=0000000000000000] inst=[ef038393] addi    t2, t2, -272
C0:        999 [1] pc=[0000000080000554] W[r 3=000000000000001f][1] R[r 0=0000000000000000] R[r 0=0000000000000000] inst=[01f00193] li      gp, 31
C0:       1000 [1] pc=[0000000080000558] W[r 0=0000000000000000][0] R[r10=923456789abcdef0] R[r 7=923456789abcdef0] inst=[347514e3] bne     a0, t2, pc + 2888
C0:       1001 [1] pc=[000000008000055c] W[r11=ffffffffff247000][1] R[r 0=0000000000000000] R[r 0=0000000000000000] inst=[ff2475b7] lui     a1, 0xff247
C0:       1002 [1] pc=[0000000080000560] W[r11=ffffffffff2468ad][1] R[r11=ffffffffff247000] R[r 0=0000000000000000] inst=[8ad5859b] addiw   a1, a1, -1875
C0:       1003 [1] pc=[0000000080000564] W[r11=ffffffc91a2b4000][1] R[r11=ffffffffff2468ad] R[r 0=0000000000000000] inst=[00e59593] slli    a1, a1, 14
C0:       1004 [1] pc=[0000000080000568] W[r11=ffffffc91a2b3c4d][1] R[r11=ffffffc91a2b4000] R[r 0=0000000000000000] inst=[c4d58593] addi    a1, a1, -947
C0:       1005 [1] pc=[000000008000056c] W[r11=fffc91a2b3c4d000][1] R[r11=ffffffc91a2b3c4d] R[r 0=0000000000000000] inst=[00c59593] slli    a1, a1, 12
C0:       1006 [1] pc=[0000000080000570] W[r11=fffc91a2b3c4d5e7][1] R[r11=fffc91a2b3c4d000] R[r 0=0000000000000000] inst=[5e758593] addi    a1, a1, 1511
C0:       1007 [1] pc=[0000000080000574] W[r11=923456789abce000][1] R[r11=fffc91a2b3c4d5e7] R[r 0=0000000000000000] inst=[00d59593] slli    a1, a1, 13
C0:       1008 [1] pc=[0000000080000578] W[r11=923456789abcdef0][1] R[r11=923456789abce000] R[r 0=0000000000000000] inst=[ef058593] addi    a1, a1, -272
C0:       1009 [1] pc=[000000008000057c] W[r12=0000000000000000][1] R[r 0=0000000000000000] R[r 0=0000000000000000] inst=[00000613] li      a2, 0
C0:       1031 [1] pc=[0000000080000580] W[r 1=0000000000000000][0] R[r11=923456789abcdef0] R[r 0=0000000000000000] inst=[f20580d3] fmv.d.x ft1, a1
C0:       1032 [1] pc=[0000000080000584] W[r 2=0000000000000000][0] R[r12=0000000000000000] R[r 0=0000000000000000] inst=[f2060153] fmv.d.x ft2, a2
C0:       1036 [1] pc=[0000000080000588] W[r 0=0000000000000000][0] R[r 1=0000000000000003] R[r 2=923456789abcdef3] inst=[2220a053] fsgnjx.d ft0, ft1, ft2
C0:       1040 [1] pc=[000000008000058c] W[r10=923456789abcdef0][1] R[r 0=0000000000000000] R[r 0=0000000000000000] inst=[e2000553] fmv.x.d a0, ft0
C0:       1041 [1] pc=[0000000080000590] W[r 7=ffffffffff247000][1] R[r 0=0000000000000000] R[r 0=0000000000000000] inst=[ff2473b7] lui     t2, 0xff247
C0:       1042 [1] pc=[0000000080000594] W[r 7=ffffffffff2468ad][1] R[r 7=ffffffffff247000] R[r 0=0000000000000000] inst=[8ad3839b] addiw   t2, t2, -1875
C0:       1043 [1] pc=[0000000080000598] W[r 7=ffffffc91a2b4000][1] R[r 7=ffffffffff2468ad] R[r 0=0000000000000000] inst=[00e39393] slli    t2, t2, 14
C0:       1044 [1] pc=[000000008000059c] W[r 7=ffffffc91a2b3c4d][1] R[r 7=ffffffc91a2b4000] R[r 0=0000000000000000] inst=[c4d38393] addi    t2, t2, -947
C0:       1045 [1] pc=[00000000800005a0] W[r 7=fffc91a2b3c4d000][1] R[r 7=ffffffc91a2b3c4d] R[r 0=0000000000000000] inst=[00c39393] slli    t2, t2, 12
C0:       1046 [1] pc=[00000000800005a4] W[r 7=fffc91a2b3c4d5e7][1] R[r 7=fffc91a2b3c4d000] R[r 0=0000000000000000] inst=[5e738393] addi    t2, t2, 1511
C0:       1047 [1] pc=[00000000800005a8] W[r 7=923456789abce000][1] R[r 7=fffc91a2b3c4d5e7] R[r 0=0000000000000000] inst=[00d39393] slli    t2, t2, 13
C0:       1048 [1] pc=[00000000800005ac] W[r 7=923456789abcdef0][1] R[r 7=923456789abce000] R[r 0=0000000000000000] inst=[ef038393] addi    t2, t2, -272
C0:       1049 [1] pc=[00000000800005b0] W[r 3=0000000000000020][1] R[r 0=0000000000000000] R[r 0=0000000000000000] inst=[02000193] li      gp, 32
C0:       1050 [1] pc=[00000000800005b4] W[r 0=0000000000000000][0] R[r10=923456789abcdef0] R[r 7=923456789abcdef0] inst=[2e7516e3] bne     a0, t2, pc + 2796
C0:       1051 [1] pc=[00000000800005b8] W[r11=ffffffffff247000][1] R[r 0=0000000000000000] R[r 0=0000000000000000] inst=[ff2475b7] lui     a1, 0xff247
C0:       1052 [1] pc=[00000000800005bc] W[r11=ffffffffff2468ad][1] R[r11=ffffffffff247000] R[r 0=0000000000000000] inst=[8ad5859b] addiw   a1, a1, -1875
C0:       1074 [1] pc=[00000000800005c0] W[r11=ffffffc91a2b4000][1] R[r11=ffffffffff2468ad] R[r 0=0000000000000000] inst=[00e59593] slli    a1, a1, 14
C0:       1075 [1] pc=[00000000800005c4] W[r11=ffffffc91a2b3c4d][1] R[r11=ffffffc91a2b4000] R[r 0=0000000000000000] inst=[c4d58593] addi    a1, a1, -947
C0:       1076 [1] pc=[00000000800005c8] W[r11=fffc91a2b3c4d000][1] R[r11=ffffffc91a2b3c4d] R[r 0=0000000000000000] inst=[00c59593] slli    a1, a1, 12
C0:       1077 [1] pc=[00000000800005cc] W[r11=fffc91a2b3c4d5e7][1] R[r11=fffc91a2b3c4d000] R[r 0=0000000000000000] inst=[5e758593] addi    a1, a1, 1511
C0:       1078 [1] pc=[00000000800005d0] W[r11=923456789abce000][1] R[r11=fffc91a2b3c4d5e7] R[r 0=0000000000000000] inst=[00d59593] slli    a1, a1, 13
C0:       1079 [1] pc=[00000000800005d4] W[r11=923456789abcdef0][1] R[r11=923456789abce000] R[r 0=0000000000000000] inst=[ef058593] addi    a1, a1, -272
C0:       1080 [1] pc=[00000000800005d8] W[r12=ffffffffffffffff][1] R[r 0=0000000000000000] R[r 0=0000000000000000] inst=[fff00613] li      a2, -1
C0:       1081 [1] pc=[00000000800005dc] W[r 1=0000000000000000][0] R[r11=923456789abcdef0] R[r 0=0000000000000000] inst=[f20580d3] fmv.d.x ft1, a1
C0:       1082 [1] pc=[00000000800005e0] W[r 2=0000000000000000][0] R[r12=ffffffffffffffff] R[r 0=0000000000000000] inst=[f2060153] fmv.d.x ft2, a2
C0:       1086 [1] pc=[00000000800005e4] W[r 0=0000000000000000][0] R[r 1=ffffffffff2468af] R[r 2=923456789abcdef3] inst=[2220a053] fsgnjx.d ft0, ft1, ft2
C0:       1090 [1] pc=[00000000800005e8] W[r10=123456789abcdef0][1] R[r 0=0000000000000000] R[r 0=0000000000000000] inst=[e2000553] fmv.x.d a0, ft0
C0:       1091 [1] pc=[00000000800005ec] W[r 7=0000000000247000][1] R[r 0=0000000000000000] R[r 0=0000000000000000] inst=[002473b7] lui     t2, 0x247
C0:       1092 [1] pc=[00000000800005f0] W[r 7=00000000002468ad][1] R[r 7=0000000000247000] R[r 0=0000000000000000] inst=[8ad3839b] addiw   t2, t2, -1875
C0:       1093 [1] pc=[00000000800005f4] W[r 7=000000091a2b4000][1] R[r 7=00000000002468ad] R[r 0=0000000000000000] inst=[00e39393] slli    t2, t2, 14
C0:       1094 [1] pc=[00000000800005f8] W[r 7=000000091a2b3c4d][1] R[r 7=000000091a2b4000] R[r 0=0000000000000000] inst=[c4d38393] addi    t2, t2, -947
C0:       1095 [1] pc=[00000000800005fc] W[r 7=000091a2b3c4d000][1] R[r 7=000000091a2b3c4d] R[r 0=0000000000000000] inst=[00c39393] slli    t2, t2, 12
C0:       1117 [1] pc=[0000000080000600] W[r 7=000091a2b3c4d5e7][1] R[r 7=000091a2b3c4d000] R[r 0=0000000000000000] inst=[5e738393] addi    t2, t2, 1511
C0:       1118 [1] pc=[0000000080000604] W[r 7=123456789abce000][1] R[r 7=000091a2b3c4d5e7] R[r 0=0000000000000000] inst=[00d39393] slli    t2, t2, 13
C0:       1119 [1] pc=[0000000080000608] W[r 7=123456789abcdef0][1] R[r 7=123456789abce000] R[r 0=0000000000000000] inst=[ef038393] addi    t2, t2, -272
C0:       1120 [1] pc=[000000008000060c] W[r 3=0000000000000021][1] R[r 0=0000000000000000] R[r 0=0000000000000000] inst=[02100193] li      gp, 33
C0:       1121 [1] pc=[0000000080000610] W[r 0=0000000000000000][0] R[r10=123456789abcdef0] R[r 7=123456789abcdef0] inst=[287518e3] bne     a0, t2, pc + 2704
C0:       1122 [1] pc=[0000000080000614] W[r11=0000000000000001][1] R[r 0=0000000000000000] R[r 0=0000000000000000] inst=[0010059b] addiw   a1, zero, 1
C0:       1123 [1] pc=[0000000080000618] W[r11=0000004000000000][1] R[r11=0000000000000001] R[r 0=0000000000000000] inst=[02659593] slli    a1, a1, 38
C0:       1124 [1] pc=[000000008000061c] W[r11=0000003fffffff09][1] R[r11=0000004000000000] R[r 0=0000000000000000] inst=[f0958593] addi    a1, a1, -247
C0:       1125 [1] pc=[0000000080000620] W[r11=0007ffffffe12000][1] R[r11=0000003fffffff09] R[r 0=0000000000000000] inst=[00d59593] slli    a1, a1, 13
C0:       1126 [1] pc=[0000000080000624] W[r11=0007ffffffe12345][1] R[r11=0007ffffffe12000] R[r 0=0000000000000000] inst=[34558593] addi    a1, a1, 837
C0:       1127 [1] pc=[0000000080000628] W[r11=7ffffffe12345000][1] R[r11=0007ffffffe12345] R[r 0=0000000000000000] inst=[00c59593] slli    a1, a1, 12
C0:       1128 [1] pc=[000000008000062c] W[r11=7ffffffe12345678][1] R[r11=7ffffffe12345000] R[r 0=0000000000000000] inst=[67858593] addi    a1, a1, 1656
C0:       1129 [1] pc=[0000000080000630] W[r12=0000000000000000][1] R[r 0=0000000000000000] R[r 0=0000000000000000] inst=[00000613] li      a2, 0
C0:       1130 [1] pc=[0000000080000634] W[r 1=0000000000000000][0] R[r11=7ffffffe12345678] R[r 0=0000000000000000] inst=[f20580d3] fmv.d.x ft1, a1
C0:       1131 [1] pc=[0000000080000638] W[r 2=0000000000000000][0] R[r12=0000000000000000] R[r 0=0000000000000000] inst=[f2060153] fmv.d.x ft2, a2
C0:       1135 [1] pc=[000000008000063c] W[r 0=0000000000000000][0] R[r 1=123456789abcdef3] R[r 2=923456789abcdef3] inst=[20208053] fsgnj.s ft0, ft1, ft2
C0:       1157 [1] pc=[0000000080000640] W[r10=000000007fc00000][1] R[r 0=0000000000000000] R[r 0=0000000000000000] inst=[e0000553] fmv.x.w a0, ft0
C0:       1158 [1] pc=[0000000080000644] W[r 7=000000007fc00000][1] R[r 0=0000000000000000] R[r 0=0000000000000000] inst=[7fc003b7] lui     t2, 0x7fc00
C0:       1159 [1] pc=[0000000080000648] W[r 3=0000000000000028][1] R[r 0=0000000000000000] R[r 0=0000000000000000] inst=[02800193] li      gp, 40
C0:       1160 [1] pc=[000000008000064c] W[r 0=0000000000000000][0] R[r10=000000007fc00000] R[r 7=000000007fc00000] inst=[24751ae3] bne     a0, t2, pc + 2644
C0:       1161 [1] pc=[0000000080000650] W[r11=0000000000000001][1] R[r 0=0000000000000000] R[r 0=0000000000000000] inst=[0010059b] addiw   a1, zero, 1
C0:       1162 [1] pc=[0000000080000654] W[r11=0000004000000000][1] R[r11=0000000000000001] R[r 0=0000000000000000] inst=[02659593] slli    a1, a1, 38
C0:       1163 [1] pc=[0000000080000658] W[r11=0000003fffffff09][1] R[r11=0000004000000000] R[r 0=0000000000000000] inst=[f0958593] addi    a1, a1, -247
C0:       1164 [1] pc=[000000008000065c] W[r11=0007ffffffe12000][1] R[r11=0000003fffffff09] R[r 0=0000000000000000] inst=[00d59593] slli    a1, a1, 13
C0:       1165 [1] pc=[0000000080000660] W[r11=0007ffffffe12345][1] R[r11=0007ffffffe12000] R[r 0=0000000000000000] inst=[34558593] addi    a1, a1, 837
C0:       1166 [1] pc=[0000000080000664] W[r11=7ffffffe12345000][1] R[r11=0007ffffffe12345] R[r 0=0000000000000000] inst=[00c59593] slli    a1, a1, 12
C0:       1167 [1] pc=[0000000080000668] W[r11=7ffffffe12345678][1] R[r11=7ffffffe12345000] R[r 0=0000000000000000] inst=[67858593] addi    a1, a1, 1656
C0:       1168 [1] pc=[000000008000066c] W[r12=0000000000000000][1] R[r 0=0000000000000000] R[r 0=0000000000000000] inst=[00000613] li      a2, 0
C0:       1169 [1] pc=[0000000080000670] W[r 1=0000000000000000][0] R[r11=7ffffffe12345678] R[r 0=0000000000000000] inst=[f20580d3] fmv.d.x ft1, a1
C0:       1170 [1] pc=[0000000080000674] W[r 2=0000000000000000][0] R[r12=0000000000000000] R[r 0=0000000000000000] inst=[f2060153] fmv.d.x ft2, a2
C0:       1174 [1] pc=[0000000080000678] W[r 0=0000000000000000][0] R[r 1=000000007fc00003] R[r 2=923456789abcdef3] inst=[20208053] fsgnj.s ft0, ft1, ft2
C0:       1178 [1] pc=[000000008000067c] W[r10=ffffffff7fc00000][1] R[r 0=0000000000000000] R[r 0=0000000000000000] inst=[e2000553] fmv.x.d a0, ft0
C0:       1200 [1] pc=[0000000080000680] W[r 7=fffffffffffffdff][1] R[r 0=0000000000000000] R[r 0=0000000000000000] inst=[dff0039b] addiw   t2, zero, -513
C0:       1201 [1] pc=[0000000080000684] W[r 7=ffffffff7fc00000][1] R[r 7=fffffffffffffdff] R[r 0=0000000000000000] inst=[01639393] slli    t2, t2, 22
C0:       1202 [1] pc=[0000000080000688] W[r 3=000000000000008c][1] R[r 0=0000000000000000] R[r 0=0000000000000000] inst=[08c00193] li      gp, 140
C0:       1203 [1] pc=[000000008000068c] W[r 0=0000000000000000][0] R[r10=ffffffff7fc00000] R[r 7=ffffffff7fc00000] inst=[20751ae3] bne     a0, t2, pc + 2580
C0:       1204 [1] pc=[0000000080000690] W[r11=ffffffffffe12000][1] R[r 0=0000000000000000] R[r 0=0000000000000000] inst=[ffe125b7] lui     a1, 0xffe12
C0:       1205 [1] pc=[0000000080000694] W[r11=ffffffffffe12345][1] R[r11=ffffffffffe12000] R[r 0=0000000000000000] inst=[3455859b] addiw   a1, a1, 837
C0:       1206 [1] pc=[0000000080000698] W[r11=fffffffe12345000][1] R[r11=ffffffffffe12345] R[r 0=0000000000000000] inst=[00c59593] slli    a1, a1, 12
C0:       1207 [1] pc=[000000008000069c] W[r11=fffffffe12345678][1] R[r11=fffffffe12345000] R[r 0=0000000000000000] inst=[67858593] addi    a1, a1, 1656
C0:       1208 [1] pc=[00000000800006a0] W[r12=0000000000000000][1] R[r 0=0000000000000000] R[r 0=0000000000000000] inst=[00000613] li      a2, 0
C0:       1209 [1] pc=[00000000800006a4] W[r 1=0000000000000000][0] R[r11=fffffffe12345678] R[r 0=0000000000000000] inst=[f20580d3] fmv.d.x ft1, a1
C0:       1210 [1] pc=[00000000800006a8] W[r 2=0000000000000000][0] R[r12=0000000000000000] R[r 0=0000000000000000] inst=[f2060153] fmv.d.x ft2, a2
C0:       1214 [1] pc=[00000000800006ac] W[r 0=0000000000000000][0] R[r 1=ffffffff7fc00003] R[r 2=923456789abcdef3] inst=[20208053] fsgnj.s ft0, ft1, ft2
C0:       1218 [1] pc=[00000000800006b0] W[r10=000000007fc00000][1] R[r 0=0000000000000000] R[r 0=0000000000000000] inst=[e0000553] fmv.x.w a0, ft0
C0:       1219 [1] pc=[00000000800006b4] W[r 7=000000007fc00000][1] R[r 0=0000000000000000] R[r 0=0000000000000000] inst=[7fc003b7] lui     t2, 0x7fc00
C0:       1220 [1] pc=[00000000800006b8] W[r 3=0000000000000029][1] R[r 0=0000000000000000] R[r 0=0000000000000000] inst=[02900193] li      gp, 41
C0:       1221 [1] pc=[00000000800006bc] W[r 0=0000000000000000][0] R[r10=000000007fc00000] R[r 7=000000007fc00000] inst=[1e7512e3] bne     a0, t2, pc + 2532
C0:       1243 [1] pc=[00000000800006c0] W[r11=ffffffffffe12000][1] R[r 0=0000000000000000] R[r 0=0000000000000000] inst=[ffe125b7] lui     a1, 0xffe12
C0:       1244 [1] pc=[00000000800006c4] W[r11=ffffffffffe12345][1] R[r11=ffffffffffe12000] R[r 0=0000000000000000] inst=[3455859b] addiw   a1, a1, 837
C0:       1245 [1] pc=[00000000800006c8] W[r11=fffffffe12345000][1] R[r11=ffffffffffe12345] R[r 0=0000000000000000] inst=[00c59593] slli    a1, a1, 12
C0:       1246 [1] pc=[00000000800006cc] W[r11=fffffffe12345678][1] R[r11=fffffffe12345000] R[r 0=0000000000000000] inst=[67858593] addi    a1, a1, 1656
C0:       1247 [1] pc=[00000000800006d0] W[r12=0000000000000000][1] R[r 0=0000000000000000] R[r 0=0000000000000000] inst=[00000613] li      a2, 0
C0:       1248 [1] pc=[00000000800006d4] W[r 1=0000000000000000][0] R[r11=fffffffe12345678] R[r 0=0000000000000000] inst=[f20580d3] fmv.d.x ft1, a1
C0:       1249 [1] pc=[00000000800006d8] W[r 2=0000000000000000][0] R[r12=0000000000000000] R[r 0=0000000000000000] inst=[f2060153] fmv.d.x ft2, a2
C0:       1253 [1] pc=[00000000800006dc] W[r 0=0000000000000000][0] R[r 1=000000007fc00003] R[r 2=923456789abcdef3] inst=[20208053] fsgnj.s ft0, ft1, ft2
C0:       1257 [1] pc=[00000000800006e0] W[r10=ffffffff7fc00000][1] R[r 0=0000000000000000] R[r 0=0000000000000000] inst=[e2000553] fmv.x.d a0, ft0
C0:       1258 [1] pc=[00000000800006e4] W[r 7=fffffffffffffdff][1] R[r 0=0000000000000000] R[r 0=0000000000000000] inst=[dff0039b] addiw   t2, zero, -513
C0:       1259 [1] pc=[00000000800006e8] W[r 7=ffffffff7fc00000][1] R[r 7=fffffffffffffdff] R[r 0=0000000000000000] inst=[01639393] slli    t2, t2, 22
C0:       1260 [1] pc=[00000000800006ec] W[r 3=000000000000008d][1] R[r 0=0000000000000000] R[r 0=0000000000000000] inst=[08d00193] li      gp, 141
C0:       1261 [1] pc=[00000000800006f0] W[r 0=0000000000000000][0] R[r10=ffffffff7fc00000] R[r 7=ffffffff7fc00000] inst=[1a7518e3] bne     a0, t2, pc + 2480
C0:       1262 [1] pc=[00000000800006f4] W[r11=0000000000000001][1] R[r 0=0000000000000000] R[r 0=0000000000000000] inst=[0010059b] addiw   a1, zero, 1
C0:       1263 [1] pc=[00000000800006f8] W[r11=0000004000000000][1] R[r11=0000000000000001] R[r 0=0000000000000000] inst=[02659593] slli    a1, a1, 38
C0:       1264 [1] pc=[00000000800006fc] W[r11=0000003fffffff89][1] R[r11=0000004000000000] R[r 0=0000000000000000] inst=[f8958593] addi    a1, a1, -119
C0:       1286 [1] pc=[0000000080000700] W[r11=0007fffffff12000][1] R[r11=0000003fffffff89] R[r 0=0000000000000000] inst=[00d59593] slli    a1, a1, 13
C0:       1287 [1] pc=[0000000080000704] W[r11=0007fffffff12345][1] R[r11=0007fffffff12000] R[r 0=0000000000000000] inst=[34558593] addi    a1, a1, 837
C0:       1288 [1] pc=[0000000080000708] W[r11=7fffffff12345000][1] R[r11=0007fffffff12345] R[r 0=0000000000000000] inst=[00c59593] slli    a1, a1, 12
C0:       1289 [1] pc=[000000008000070c] W[r11=7fffffff12345678][1] R[r11=7fffffff12345000] R[r 0=0000000000000000] inst=[67858593] addi    a1, a1, 1656
C0:       1290 [1] pc=[0000000080000710] W[r12=0000000000000000][1] R[r 0=0000000000000000] R[r 0=0000000000000000] inst=[00000613] li      a2, 0
C0:       1291 [1] pc=[0000000080000714] W[r 1=0000000000000000][0] R[r11=7fffffff12345678] R[r 0=0000000000000000] inst=[f20580d3] fmv.d.x ft1, a1
C0:       1292 [1] pc=[0000000080000718] W[r 2=0000000000000000][0] R[r12=0000000000000000] R[r 0=0000000000000000] inst=[f2060153] fmv.d.x ft2, a2
C0:       1296 [1] pc=[000000008000071c] W[r 0=0000000000000000][0] R[r 1=0000003fffffff8b] R[r 2=923456789abcdef3] inst=[20208053] fsgnj.s ft0, ft1, ft2
C0:       1300 [1] pc=[0000000080000720] W[r10=000000007fc00000][1] R[r 0=0000000000000000] R[r 0=0000000000000000] inst=[e0000553] fmv.x.w a0, ft0
C0:       1301 [1] pc=[0000000080000724] W[r 7=000000007fc00000][1] R[r 0=0000000000000000] R[r 0=0000000000000000] inst=[7fc003b7] lui     t2, 0x7fc00
C0:       1302 [1] pc=[0000000080000728] W[r 3=000000000000002a][1] R[r 0=0000000000000000] R[r 0=0000000000000000] inst=[02a00193] li      gp, 42
C0:       1303 [1] pc=[000000008000072c] W[r 0=0000000000000000][0] R[r10=000000007fc00000] R[r 7=000000007fc00000] inst=[16751ae3] bne     a0, t2, pc + 2420
C0:       1304 [1] pc=[0000000080000730] W[r11=0000000000000001][1] R[r 0=0000000000000000] R[r 0=0000000000000000] inst=[0010059b] addiw   a1, zero, 1
C0:       1305 [1] pc=[0000000080000734] W[r11=0000004000000000][1] R[r11=0000000000000001] R[r 0=0000000000000000] inst=[02659593] slli    a1, a1, 38
C0:       1306 [1] pc=[0000000080000738] W[r11=0000003fffffff89][1] R[r11=0000004000000000] R[r 0=0000000000000000] inst=[f8958593] addi    a1, a1, -119
C0:       1307 [1] pc=[000000008000073c] W[r11=0007fffffff12000][1] R[r11=0000003fffffff89] R[r 0=0000000000000000] inst=[00d59593] slli    a1, a1, 13
C0:       1329 [1] pc=[0000000080000740] W[r11=0007fffffff12345][1] R[r11=0007fffffff12000] R[r 0=0000000000000000] inst=[34558593] addi    a1, a1, 837
C0:       1330 [1] pc=[0000000080000744] W[r11=7fffffff12345000][1] R[r11=0007fffffff12345] R[r 0=0000000000000000] inst=[00c59593] slli    a1, a1, 12
C0:       1331 [1] pc=[0000000080000748] W[r11=7fffffff12345678][1] R[r11=7fffffff12345000] R[r 0=0000000000000000] inst=[67858593] addi    a1, a1, 1656
C0:       1332 [1] pc=[000000008000074c] W[r12=0000000000000000][1] R[r 0=0000000000000000] R[r 0=0000000000000000] inst=[00000613] li      a2, 0
C0:       1333 [1] pc=[0000000080000750] W[r 1=0000000000000000][0] R[r11=7fffffff12345678] R[r 0=0000000000000000] inst=[f20580d3] fmv.d.x ft1, a1
C0:       1334 [1] pc=[0000000080000754] W[r 2=0000000000000000][0] R[r12=0000000000000000] R[r 0=0000000000000000] inst=[f2060153] fmv.d.x ft2, a2
C0:       1338 [1] pc=[0000000080000758] W[r 0=0000000000000000][0] R[r 1=0007fffffff12003] R[r 2=923456789abcdef3] inst=[20208053] fsgnj.s ft0, ft1, ft2
C0:       1342 [1] pc=[000000008000075c] W[r10=ffffffff7fc00000][1] R[r 0=0000000000000000] R[r 0=0000000000000000] inst=[e2000553] fmv.x.d a0, ft0
C0:       1343 [1] pc=[0000000080000760] W[r 7=fffffffffffffdff][1] R[r 0=0000000000000000] R[r 0=0000000000000000] inst=[dff0039b] addiw   t2, zero, -513
C0:       1344 [1] pc=[0000000080000764] W[r 7=ffffffff7fc00000][1] R[r 7=fffffffffffffdff] R[r 0=0000000000000000] inst=[01639393] slli    t2, t2, 22
C0:       1345 [1] pc=[0000000080000768] W[r 3=000000000000008e][1] R[r 0=0000000000000000] R[r 0=0000000000000000] inst=[08e00193] li      gp, 142
C0:       1346 [1] pc=[000000008000076c] W[r 0=0000000000000000][0] R[r10=ffffffff7fc00000] R[r 7=ffffffff7fc00000] inst=[12751ae3] bne     a0, t2, pc + 2356
C0:       1347 [1] pc=[0000000080000770] W[r11=fffffffffff12000][1] R[r 0=0000000000000000] R[r 0=0000000000000000] inst=[fff125b7] lui     a1, 0xfff12
C0:       1348 [1] pc=[0000000080000774] W[r11=fffffffffff12345][1] R[r11=fffffffffff12000] R[r 0=0000000000000000] inst=[3455859b] addiw   a1, a1, 837
C0:       1349 [1] pc=[0000000080000778] W[r11=ffffffff12345000][1] R[r11=fffffffffff12345] R[r 0=0000000000000000] inst=[00c59593] slli    a1, a1, 12
C0:       1350 [1] pc=[000000008000077c] W[r11=ffffffff12345678][1] R[r11=ffffffff12345000] R[r 0=0000000000000000] inst=[67858593] addi    a1, a1, 1656
C0:       1372 [1] pc=[0000000080000780] W[r12=0000000000000000][1] R[r 0=0000000000000000] R[r 0=0000000000000000] inst=[00000613] li      a2, 0
C0:       1373 [1] pc=[0000000080000784] W[r 1=0000000000000000][0] R[r11=ffffffff12345678] R[r 0=0000000000000000] inst=[f20580d3] fmv.d.x ft1, a1
C0:       1374 [1] pc=[0000000080000788] W[r 2=0000000000000000][0] R[r12=0000000000000000] R[r 0=0000000000000000] inst=[f2060153] fmv.d.x ft2, a2
C0:       1378 [1] pc=[000000008000078c] W[r 0=0000000000000000][0] R[r 1=ffffffff1234567b] R[r 2=923456789abcdef3] inst=[20208053] fsgnj.s ft0, ft1, ft2
C0:       1382 [1] pc=[0000000080000790] W[r10=0000000012345678][1] R[r 0=0000000000000000] R[r 0=0000000000000000] inst=[e0000553] fmv.x.w a0, ft0
C0:       1383 [1] pc=[0000000080000794] W[r 7=0000000012345000][1] R[r 0=0000000000000000] R[r 0=0000000000000000] inst=[123453b7] lui     t2, 0x12345
C0:       1384 [1] pc=[0000000080000798] W[r 7=0000000012345678][1] R[r 7=0000000012345000] R[r 0=0000000000000000] inst=[6783839b] addiw   t2, t2, 1656
C0:       1385 [1] pc=[000000008000079c] W[r 3=000000000000002b][1] R[r 0=0000000000000000] R[r 0=0000000000000000] inst=[02b00193] li      gp, 43
C0:       1386 [1] pc=[00000000800007a0] W[r 0=0000000000000000][0] R[r10=0000000012345678] R[r 7=0000000012345678] inst=[107510e3] bne     a0, t2, pc + 2304
C0:       1387 [1] pc=[00000000800007a4] W[r11=fffffffffff12000][1] R[r 0=0000000000000000] R[r 0=0000000000000000] inst=[fff125b7] lui     a1, 0xfff12
C0:       1388 [1] pc=[00000000800007a8] W[r11=fffffffffff12345][1] R[r11=fffffffffff12000] R[r 0=0000000000000000] inst=[3455859b] addiw   a1, a1, 837
C0:       1389 [1] pc=[00000000800007ac] W[r11=ffffffff12345000][1] R[r11=fffffffffff12345] R[r 0=0000000000000000] inst=[00c59593] slli    a1, a1, 12
C0:       1390 [1] pc=[00000000800007b0] W[r11=ffffffff12345678][1] R[r11=ffffffff12345000] R[r 0=0000000000000000] inst=[67858593] addi    a1, a1, 1656
C0:       1391 [1] pc=[00000000800007b4] W[r12=0000000000000000][1] R[r 0=0000000000000000] R[r 0=0000000000000000] inst=[00000613] li      a2, 0
C0:       1392 [1] pc=[00000000800007b8] W[r 1=0000000000000000][0] R[r11=ffffffff12345678] R[r 0=0000000000000000] inst=[f20580d3] fmv.d.x ft1, a1
C0:       1393 [1] pc=[00000000800007bc] W[r 2=0000000000000000][0] R[r12=0000000000000000] R[r 0=0000000000000000] inst=[f2060153] fmv.d.x ft2, a2
C0:       1415 [1] pc=[00000000800007c0] W[r 0=0000000000000000][0] R[r 1=000000001234567b] R[r 2=923456789abcdef3] inst=[20208053] fsgnj.s ft0, ft1, ft2
C0:       1419 [1] pc=[00000000800007c4] W[r10=ffffffff12345678][1] R[r 0=0000000000000000] R[r 0=0000000000000000] inst=[e2000553] fmv.x.d a0, ft0
C0:       1420 [1] pc=[00000000800007c8] W[r 7=fffffffffff12000][1] R[r 0=0000000000000000] R[r 0=0000000000000000] inst=[fff123b7] lui     t2, 0xfff12
C0:       1421 [1] pc=[00000000800007cc] W[r 7=fffffffffff12345][1] R[r 7=fffffffffff12000] R[r 0=0000000000000000] inst=[3453839b] addiw   t2, t2, 837
C0:       1422 [1] pc=[00000000800007d0] W[r 7=ffffffff12345000][1] R[r 7=fffffffffff12345] R[r 0=0000000000000000] inst=[00c39393] slli    t2, t2, 12
C0:       1423 [1] pc=[00000000800007d4] W[r 7=ffffffff12345678][1] R[r 7=ffffffff12345000] R[r 0=0000000000000000] inst=[67838393] addi    t2, t2, 1656
C0:       1424 [1] pc=[00000000800007d8] W[r 3=000000000000008f][1] R[r 0=0000000000000000] R[r 0=0000000000000000] inst=[08f00193] li      gp, 143
C0:       1425 [1] pc=[00000000800007dc] W[r 0=0000000000000000][0] R[r10=ffffffff12345678] R[r 7=ffffffff12345678] inst=[0c7512e3] bne     a0, t2, pc + 2244
C0:       1426 [1] pc=[00000000800007e0] W[r11=0000000000000001][1] R[r 0=0000000000000000] R[r 0=0000000000000000] inst=[0010059b] addiw   a1, zero, 1
C0:       1427 [1] pc=[00000000800007e4] W[r11=0000004000000000][1] R[r11=0000000000000001] R[r 0=0000000000000000] inst=[02659593] slli    a1, a1, 38
C0:       1428 [1] pc=[00000000800007e8] W[r11=0000003fffffff09][1] R[r11=0000004000000000] R[r 0=0000000000000000] inst=[f0958593] addi    a1, a1, -247
C0:       1429 [1] pc=[00000000800007ec] W[r11=0007ffffffe12000][1] R[r11=0000003fffffff09] R[r 0=0000000000000000] inst=[00d59593] slli    a1, a1, 13
C0:       1430 [1] pc=[00000000800007f0] W[r11=0007ffffffe12345][1] R[r11=0007ffffffe12000] R[r 0=0000000000000000] inst=[34558593] addi    a1, a1, 837
C0:       1431 [1] pc=[00000000800007f4] W[r11=7ffffffe12345000][1] R[r11=0007ffffffe12345] R[r 0=0000000000000000] inst=[00c59593] slli    a1, a1, 12
C0:       1432 [1] pc=[00000000800007f8] W[r11=7ffffffe12345678][1] R[r11=7ffffffe12345000] R[r 0=0000000000000000] inst=[67858593] addi    a1, a1, 1656
C0:       1433 [1] pc=[00000000800007fc] W[r12=0000000000000001][1] R[r 0=0000000000000000] R[r 0=0000000000000000] inst=[0010061b] addiw   a2, zero, 1
C0:       1455 [1] pc=[0000000080000800] W[r12=0000000080000000][1] R[r12=0000000000000001] R[r 0=0000000000000000] inst=[01f61613] slli    a2, a2, 31
C0:       1456 [1] pc=[0000000080000804] W[r 1=0000000000000000][0] R[r11=7ffffffe12345678] R[r 0=0000000000000000] inst=[f20580d3] fmv.d.x ft1, a1
C0:       1457 [1] pc=[0000000080000808] W[r 2=0000000000000000][0] R[r12=0000000080000000] R[r 0=0000000000000000] inst=[f2060153] fmv.d.x ft2, a2
C0:       1461 [1] pc=[000000008000080c] W[r 0=0000000000000000][0] R[r 1=7ffffffe1234567b] R[r 2=923456789abcdef3] inst=[20208053] fsgnj.s ft0, ft1, ft2
C0:       1465 [1] pc=[0000000080000810] W[r10=000000007fc00000][1] R[r 0=0000000000000000] R[r 0=0000000000000000] inst=[e0000553] fmv.x.w a0, ft0
C0:       1466 [1] pc=[0000000080000814] W[r 7=000000007fc00000][1] R[r 0=0000000000000000] R[r 0=0000000000000000] inst=[7fc003b7] lui     t2, 0x7fc00
C0:       1467 [1] pc=[0000000080000818] W[r 3=0000000000000032][1] R[r 0=0000000000000000] R[r 0=0000000000000000] inst=[03200193] li      gp, 50
C0:       1468 [1] pc=[000000008000081c] W[r 0=0000000000000000][0] R[r10=000000007fc00000] R[r 7=000000007fc00000] inst=[087512e3] bne     a0, t2, pc + 2180
C0:       1469 [1] pc=[0000000080000820] W[r11=0000000000000001][1] R[r 0=0000000000000000] R[r 0=0000000000000000] inst=[0010059b] addiw   a1, zero, 1
C0:       1470 [1] pc=[0000000080000824] W[r11=0000004000000000][1] R[r11=0000000000000001] R[r 0=0000000000000000] inst=[02659593] slli    a1, a1, 38
C0:       1471 [1] pc=[0000000080000828] W[r11=0000003fffffff09][1] R[r11=0000004000000000] R[r 0=0000000000000000] inst=[f0958593] addi    a1, a1, -247
C0:       1472 [1] pc=[000000008000082c] W[r11=0007ffffffe12000][1] R[r11=0000003fffffff09] R[r 0=0000000000000000] inst=[00d59593] slli    a1, a1, 13
C0:       1473 [1] pc=[0000000080000830] W[r11=0007ffffffe12345][1] R[r11=0007ffffffe12000] R[r 0=0000000000000000] inst=[34558593] addi    a1, a1, 837
C0:       1474 [1] pc=[0000000080000834] W[r11=7ffffffe12345000][1] R[r11=0007ffffffe12345] R[r 0=0000000000000000] inst=[00c59593] slli    a1, a1, 12
C0:       1475 [1] pc=[0000000080000838] W[r11=7ffffffe12345678][1] R[r11=7ffffffe12345000] R[r 0=0000000000000000] inst=[67858593] addi    a1, a1, 1656
C0:       1476 [1] pc=[000000008000083c] W[r12=0000000000000001][1] R[r 0=0000000000000000] R[r 0=0000000000000000] inst=[0010061b] addiw   a2, zero, 1
C0:       1498 [1] pc=[0000000080000840] W[r12=0000000080000000][1] R[r12=0000000000000001] R[r 0=0000000000000000] inst=[01f61613] slli    a2, a2, 31
C0:       1499 [1] pc=[0000000080000844] W[r 1=0000000000000000][0] R[r11=7ffffffe12345678] R[r 0=0000000000000000] inst=[f20580d3] fmv.d.x ft1, a1
C0:       1500 [1] pc=[0000000080000848] W[r 2=0000000000000000][0] R[r12=0000000080000000] R[r 0=0000000000000000] inst=[f2060153] fmv.d.x ft2, a2
C0:       1504 [1] pc=[000000008000084c] W[r 0=0000000000000000][0] R[r 1=7ffffffe1234567b] R[r 2=923456789abcdef3] inst=[20208053] fsgnj.s ft0, ft1, ft2
C0:       1508 [1] pc=[0000000080000850] W[r10=ffffffff7fc00000][1] R[r 0=0000000000000000] R[r 0=0000000000000000] inst=[e2000553] fmv.x.d a0, ft0
C0:       1509 [1] pc=[0000000080000854] W[r 7=fffffffffffffdff][1] R[r 0=0000000000000000] R[r 0=0000000000000000] inst=[dff0039b] addiw   t2, zero, -513
C0:       1510 [1] pc=[0000000080000858] W[r 7=ffffffff7fc00000][1] R[r 7=fffffffffffffdff] R[r 0=0000000000000000] inst=[01639393] slli    t2, t2, 22
C0:       1511 [1] pc=[000000008000085c] W[r 3=0000000000000096][1] R[r 0=0000000000000000] R[r 0=0000000000000000] inst=[09600193] li      gp, 150
C0:       1512 [1] pc=[0000000080000860] W[r 0=0000000000000000][0] R[r10=ffffffff7fc00000] R[r 7=ffffffff7fc00000] inst=[047510e3] bne     a0, t2, pc + 2112
C0:       1513 [1] pc=[0000000080000864] W[r11=ffffffffffe12000][1] R[r 0=0000000000000000] R[r 0=0000000000000000] inst=[ffe125b7] lui     a1, 0xffe12
C0:       1514 [1] pc=[0000000080000868] W[r11=ffffffffffe12345][1] R[r11=ffffffffffe12000] R[r 0=0000000000000000] inst=[3455859b] addiw   a1, a1, 837
C0:       1515 [1] pc=[000000008000086c] W[r11=fffffffe12345000][1] R[r11=ffffffffffe12345] R[r 0=0000000000000000] inst=[00c59593] slli    a1, a1, 12
C0:       1516 [1] pc=[0000000080000870] W[r11=fffffffe12345678][1] R[r11=fffffffe12345000] R[r 0=0000000000000000] inst=[67858593] addi    a1, a1, 1656
C0:       1517 [1] pc=[0000000080000874] W[r12=0000000000000001][1] R[r 0=0000000000000000] R[r 0=0000000000000000] inst=[0010061b] addiw   a2, zero, 1
C0:       1518 [1] pc=[0000000080000878] W[r12=0000000080000000][1] R[r12=0000000000000001] R[r 0=0000000000000000] inst=[01f61613] slli    a2, a2, 31
C0:       1519 [1] pc=[000000008000087c] W[r 1=0000000000000000][0] R[r11=fffffffe12345678] R[r 0=0000000000000000] inst=[f20580d3] fmv.d.x ft1, a1
C0:       1541 [1] pc=[0000000080000880] W[r 2=0000000000000000][0] R[r12=0000000080000000] R[r 0=0000000000000000] inst=[f2060153] fmv.d.x ft2, a2
C0:       1545 [1] pc=[0000000080000884] W[r 0=0000000000000000][0] R[r 1=0000000080000003] R[r 2=923456789abcdef3] inst=[20208053] fsgnj.s ft0, ft1, ft2
C0:       1549 [1] pc=[0000000080000888] W[r10=000000007fc00000][1] R[r 0=0000000000000000] R[r 0=0000000000000000] inst=[e0000553] fmv.x.w a0, ft0
C0:       1550 [1] pc=[000000008000088c] W[r 7=000000007fc00000][1] R[r 0=0000000000000000] R[r 0=0000000000000000] inst=[7fc003b7] lui     t2, 0x7fc00
C0:       1551 [1] pc=[0000000080000890] W[r 3=0000000000000033][1] R[r 0=0000000000000000] R[r 0=0000000000000000] inst=[03300193] li      gp, 51
C0:       1552 [1] pc=[0000000080000894] W[r 0=0000000000000000][0] R[r10=000000007fc00000] R[r 7=000000007fc00000] inst=[007516e3] bne     a0, t2, pc + 2060
C0:       1553 [1] pc=[0000000080000898] W[r11=ffffffffffe12000][1] R[r 0=0000000000000000] R[r 0=0000000000000000] inst=[ffe125b7] lui     a1, 0xffe12
C0:       1554 [1] pc=[000000008000089c] W[r11=ffffffffffe12345][1] R[r11=ffffffffffe12000] R[r 0=0000000000000000] inst=[3455859b] addiw   a1, a1, 837
C0:       1555 [1] pc=[00000000800008a0] W[r11=fffffffe12345000][1] R[r11=ffffffffffe12345] R[r 0=0000000000000000] inst=[00c59593] slli    a1, a1, 12
C0:       1556 [1] pc=[00000000800008a4] W[r11=fffffffe12345678][1] R[r11=fffffffe12345000] R[r 0=0000000000000000] inst=[67858593] addi    a1, a1, 1656
C0:       1557 [1] pc=[00000000800008a8] W[r12=0000000000000001][1] R[r 0=0000000000000000] R[r 0=0000000000000000] inst=[0010061b] addiw   a2, zero, 1
C0:       1558 [1] pc=[00000000800008ac] W[r12=0000000080000000][1] R[r12=0000000000000001] R[r 0=0000000000000000] inst=[01f61613] slli    a2, a2, 31
C0:       1559 [1] pc=[00000000800008b0] W[r 1=0000000000000000][0] R[r11=fffffffe12345678] R[r 0=0000000000000000] inst=[f20580d3] fmv.d.x ft1, a1
C0:       1560 [1] pc=[00000000800008b4] W[r 2=0000000000000000][0] R[r12=0000000080000000] R[r 0=0000000000000000] inst=[f2060153] fmv.d.x ft2, a2
C0:       1564 [1] pc=[00000000800008b8] W[r 0=0000000000000000][0] R[r 1=fffffffe1234567b] R[r 2=923456789abcdef3] inst=[20208053] fsgnj.s ft0, ft1, ft2
C0:       1568 [1] pc=[00000000800008bc] W[r10=ffffffff7fc00000][1] R[r 0=0000000000000000] R[r 0=0000000000000000] inst=[e2000553] fmv.x.d a0, ft0
C0:       1590 [1] pc=[00000000800008c0] W[r 7=fffffffffffffdff][1] R[r 0=0000000000000000] R[r 0=0000000000000000] inst=[dff0039b] addiw   t2, zero, -513
C0:       1591 [1] pc=[00000000800008c4] W[r 7=ffffffff7fc00000][1] R[r 7=fffffffffffffdff] R[r 0=0000000000000000] inst=[01639393] slli    t2, t2, 22
C0:       1592 [1] pc=[00000000800008c8] W[r 3=0000000000000097][1] R[r 0=0000000000000000] R[r 0=0000000000000000] inst=[09700193] li      gp, 151
C0:       1593 [1] pc=[00000000800008cc] W[r 0=0000000000000000][0] R[r10=ffffffff7fc00000] R[r 7=ffffffff7fc00000] inst=[7c751a63] bne     a0, t2, pc + 2004
C0:       1594 [1] pc=[00000000800008d0] W[r11=0000000000000001][1] R[r 0=0000000000000000] R[r 0=0000000000000000] inst=[0010059b] addiw   a1, zero, 1
C0:       1595 [1] pc=[00000000800008d4] W[r11=0000004000000000][1] R[r11=0000000000000001] R[r 0=0000000000000000] inst=[02659593] slli    a1, a1, 38
C0:       1596 [1] pc=[00000000800008d8] W[r11=0000003fffffff89][1] R[r11=0000004000000000] R[r 0=0000000000000000] inst=[f8958593] addi    a1, a1, -119
C0:       1597 [1] pc=[00000000800008dc] W[r11=0007fffffff12000][1] R[r11=0000003fffffff89] R[r 0=0000000000000000] inst=[00d59593] slli    a1, a1, 13
C0:       1598 [1] pc=[00000000800008e0] W[r11=0007fffffff12345][1] R[r11=0007fffffff12000] R[r 0=0000000000000000] inst=[34558593] addi    a1, a1, 837
C0:       1599 [1] pc=[00000000800008e4] W[r11=7fffffff12345000][1] R[r11=0007fffffff12345] R[r 0=0000000000000000] inst=[00c59593] slli    a1, a1, 12
C0:       1600 [1] pc=[00000000800008e8] W[r11=7fffffff12345678][1] R[r11=7fffffff12345000] R[r 0=0000000000000000] inst=[67858593] addi    a1, a1, 1656
C0:       1601 [1] pc=[00000000800008ec] W[r12=0000000000000001][1] R[r 0=0000000000000000] R[r 0=0000000000000000] inst=[0010061b] addiw   a2, zero, 1
C0:       1602 [1] pc=[00000000800008f0] W[r12=0000000080000000][1] R[r12=0000000000000001] R[r 0=0000000000000000] inst=[01f61613] slli    a2, a2, 31
C0:       1603 [1] pc=[00000000800008f4] W[r 1=0000000000000000][0] R[r11=7fffffff12345678] R[r 0=0000000000000000] inst=[f20580d3] fmv.d.x ft1, a1
C0:       1604 [1] pc=[00000000800008f8] W[r 2=0000000000000000][0] R[r12=0000000080000000] R[r 0=0000000000000000] inst=[f2060153] fmv.d.x ft2, a2
C0:       1608 [1] pc=[00000000800008fc] W[r 0=0000000000000000][0] R[r 1=7fffffff1234567b] R[r 2=923456789abcdef3] inst=[20208053] fsgnj.s ft0, ft1, ft2
C0:       1630 [1] pc=[0000000080000900] W[r10=000000007fc00000][1] R[r 0=0000000000000000] R[r 0=0000000000000000] inst=[e0000553] fmv.x.w a0, ft0
C0:       1631 [1] pc=[0000000080000904] W[r 7=000000007fc00000][1] R[r 0=0000000000000000] R[r 0=0000000000000000] inst=[7fc003b7] lui     t2, 0x7fc00
C0:       1632 [1] pc=[0000000080000908] W[r 3=0000000000000034][1] R[r 0=0000000000000000] R[r 0=0000000000000000] inst=[03400193] li      gp, 52
C0:       1633 [1] pc=[000000008000090c] W[r 0=0000000000000000][0] R[r10=000000007fc00000] R[r 7=000000007fc00000] inst=[78751a63] bne     a0, t2, pc + 1940
C0:       1634 [1] pc=[0000000080000910] W[r11=0000000000000001][1] R[r 0=0000000000000000] R[r 0=0000000000000000] inst=[0010059b] addiw   a1, zero, 1
C0:       1635 [1] pc=[0000000080000914] W[r11=0000004000000000][1] R[r11=0000000000000001] R[r 0=0000000000000000] inst=[02659593] slli    a1, a1, 38
C0:       1636 [1] pc=[0000000080000918] W[r11=0000003fffffff89][1] R[r11=0000004000000000] R[r 0=0000000000000000] inst=[f8958593] addi    a1, a1, -119
C0:       1637 [1] pc=[000000008000091c] W[r11=0007fffffff12000][1] R[r11=0000003fffffff89] R[r 0=0000000000000000] inst=[00d59593] slli    a1, a1, 13
C0:       1638 [1] pc=[0000000080000920] W[r11=0007fffffff12345][1] R[r11=0007fffffff12000] R[r 0=0000000000000000] inst=[34558593] addi    a1, a1, 837
C0:       1639 [1] pc=[0000000080000924] W[r11=7fffffff12345000][1] R[r11=0007fffffff12345] R[r 0=0000000000000000] inst=[00c59593] slli    a1, a1, 12
C0:       1640 [1] pc=[0000000080000928] W[r11=7fffffff12345678][1] R[r11=7fffffff12345000] R[r 0=0000000000000000] inst=[67858593] addi    a1, a1, 1656
C0:       1641 [1] pc=[000000008000092c] W[r12=0000000000000001][1] R[r 0=0000000000000000] R[r 0=0000000000000000] inst=[0010061b] addiw   a2, zero, 1
C0:       1642 [1] pc=[0000000080000930] W[r12=0000000080000000][1] R[r12=0000000000000001] R[r 0=0000000000000000] inst=[01f61613] slli    a2, a2, 31
C0:       1643 [1] pc=[0000000080000934] W[r 1=0000000000000000][0] R[r11=7fffffff12345678] R[r 0=0000000000000000] inst=[f20580d3] fmv.d.x ft1, a1
C0:       1644 [1] pc=[0000000080000938] W[r 2=0000000000000000][0] R[r12=0000000080000000] R[r 0=0000000000000000] inst=[f2060153] fmv.d.x ft2, a2
C0:       1648 [1] pc=[000000008000093c] W[r 0=0000000000000000][0] R[r 1=7fffffff1234567b] R[r 2=923456789abcdef3] inst=[20208053] fsgnj.s ft0, ft1, ft2
C0:       1670 [1] pc=[0000000080000940] W[r10=ffffffff7fc00000][1] R[r 0=0000000000000000] R[r 0=0000000000000000] inst=[e2000553] fmv.x.d a0, ft0
C0:       1671 [1] pc=[0000000080000944] W[r 7=fffffffffffffdff][1] R[r 0=0000000000000000] R[r 0=0000000000000000] inst=[dff0039b] addiw   t2, zero, -513
C0:       1672 [1] pc=[0000000080000948] W[r 7=ffffffff7fc00000][1] R[r 7=fffffffffffffdff] R[r 0=0000000000000000] inst=[01639393] slli    t2, t2, 22
C0:       1673 [1] pc=[000000008000094c] W[r 3=0000000000000098][1] R[r 0=0000000000000000] R[r 0=0000000000000000] inst=[09800193] li      gp, 152
C0:       1674 [1] pc=[0000000080000950] W[r 0=0000000000000000][0] R[r10=ffffffff7fc00000] R[r 7=ffffffff7fc00000] inst=[74751863] bne     a0, t2, pc + 1872
C0:       1675 [1] pc=[0000000080000954] W[r11=fffffffffff12000][1] R[r 0=0000000000000000] R[r 0=0000000000000000] inst=[fff125b7] lui     a1, 0xfff12
C0:       1676 [1] pc=[0000000080000958] W[r11=fffffffffff12345][1] R[r11=fffffffffff12000] R[r 0=0000000000000000] inst=[3455859b] addiw   a1, a1, 837
C0:       1677 [1] pc=[000000008000095c] W[r11=ffffffff12345000][1] R[r11=fffffffffff12345] R[r 0=0000000000000000] inst=[00c59593] slli    a1, a1, 12
C0:       1678 [1] pc=[0000000080000960] W[r11=ffffffff12345678][1] R[r11=ffffffff12345000] R[r 0=0000000000000000] inst=[67858593] addi    a1, a1, 1656
C0:       1679 [1] pc=[0000000080000964] W[r12=0000000000000001][1] R[r 0=0000000000000000] R[r 0=0000000000000000] inst=[0010061b] addiw   a2, zero, 1
C0:       1680 [1] pc=[0000000080000968] W[r12=0000000080000000][1] R[r12=0000000000000001] R[r 0=0000000000000000] inst=[01f61613] slli    a2, a2, 31
C0:       1681 [1] pc=[000000008000096c] W[r 1=0000000000000000][0] R[r11=ffffffff12345678] R[r 0=0000000000000000] inst=[f20580d3] fmv.d.x ft1, a1
C0:       1682 [1] pc=[0000000080000970] W[r 2=0000000000000000][0] R[r12=0000000080000000] R[r 0=0000000000000000] inst=[f2060153] fmv.d.x ft2, a2
C0:       1686 [1] pc=[0000000080000974] W[r 0=0000000000000000][0] R[r 1=ffffffff1234567b] R[r 2=923456789abcdef3] inst=[20208053] fsgnj.s ft0, ft1, ft2
C0:       1690 [1] pc=[0000000080000978] W[r10=0000000012345678][1] R[r 0=0000000000000000] R[r 0=0000000000000000] inst=[e0000553] fmv.x.w a0, ft0
C0:       1691 [1] pc=[000000008000097c] W[r 7=0000000012345000][1] R[r 0=0000000000000000] R[r 0=0000000000000000] inst=[123453b7] lui     t2, 0x12345
C0:       1713 [1] pc=[0000000080000980] W[r 7=0000000012345678][1] R[r 7=0000000012345000] R[r 0=0000000000000000] inst=[6783839b] addiw   t2, t2, 1656
C0:       1714 [1] pc=[0000000080000984] W[r 3=0000000000000035][1] R[r 0=0000000000000000] R[r 0=0000000000000000] inst=[03500193] li      gp, 53
C0:       1715 [1] pc=[0000000080000988] W[r 0=0000000000000000][0] R[r10=0000000012345678] R[r 7=0000000012345678] inst=[70751c63] bne     a0, t2, pc + 1816
C0:       1716 [1] pc=[000000008000098c] W[r11=fffffffffff12000][1] R[r 0=0000000000000000] R[r 0=0000000000000000] inst=[fff125b7] lui     a1, 0xfff12
C0:       1717 [1] pc=[0000000080000990] W[r11=fffffffffff12345][1] R[r11=fffffffffff12000] R[r 0=0000000000000000] inst=[3455859b] addiw   a1, a1, 837
C0:       1718 [1] pc=[0000000080000994] W[r11=ffffffff12345000][1] R[r11=fffffffffff12345] R[r 0=0000000000000000] inst=[00c59593] slli    a1, a1, 12
C0:       1719 [1] pc=[0000000080000998] W[r11=ffffffff12345678][1] R[r11=ffffffff12345000] R[r 0=0000000000000000] inst=[67858593] addi    a1, a1, 1656
C0:       1720 [1] pc=[000000008000099c] W[r12=0000000000000001][1] R[r 0=0000000000000000] R[r 0=0000000000000000] inst=[0010061b] addiw   a2, zero, 1
C0:       1721 [1] pc=[00000000800009a0] W[r12=0000000080000000][1] R[r12=0000000000000001] R[r 0=0000000000000000] inst=[01f61613] slli    a2, a2, 31
C0:       1722 [1] pc=[00000000800009a4] W[r 1=0000000000000000][0] R[r11=ffffffff12345678] R[r 0=0000000000000000] inst=[f20580d3] fmv.d.x ft1, a1
C0:       1723 [1] pc=[00000000800009a8] W[r 2=0000000000000000][0] R[r12=0000000080000000] R[r 0=0000000000000000] inst=[f2060153] fmv.d.x ft2, a2
C0:       1727 [1] pc=[00000000800009ac] W[r 0=0000000000000000][0] R[r 1=ffffffff1234567b] R[r 2=923456789abcdef3] inst=[20208053] fsgnj.s ft0, ft1, ft2
C0:       1731 [1] pc=[00000000800009b0] W[r10=ffffffff12345678][1] R[r 0=0000000000000000] R[r 0=0000000000000000] inst=[e2000553] fmv.x.d a0, ft0
C0:       1732 [1] pc=[00000000800009b4] W[r 7=fffffffffff12000][1] R[r 0=0000000000000000] R[r 0=0000000000000000] inst=[fff123b7] lui     t2, 0xfff12
C0:       1733 [1] pc=[00000000800009b8] W[r 7=fffffffffff12345][1] R[r 7=fffffffffff12000] R[r 0=0000000000000000] inst=[3453839b] addiw   t2, t2, 837
C0:       1734 [1] pc=[00000000800009bc] W[r 7=ffffffff12345000][1] R[r 7=fffffffffff12345] R[r 0=0000000000000000] inst=[00c39393] slli    t2, t2, 12
C0:       1756 [1] pc=[00000000800009c0] W[r 7=ffffffff12345678][1] R[r 7=ffffffff12345000] R[r 0=0000000000000000] inst=[67838393] addi    t2, t2, 1656
C0:       1757 [1] pc=[00000000800009c4] W[r 3=0000000000000099][1] R[r 0=0000000000000000] R[r 0=0000000000000000] inst=[09900193] li      gp, 153
C0:       1758 [1] pc=[00000000800009c8] W[r 0=0000000000000000][0] R[r10=ffffffff12345678] R[r 7=ffffffff12345678] inst=[6c751c63] bne     a0, t2, pc + 1752
C0:       1759 [1] pc=[00000000800009cc] W[r11=0000000000000001][1] R[r 0=0000000000000000] R[r 0=0000000000000000] inst=[0010059b] addiw   a1, zero, 1
C0:       1760 [1] pc=[00000000800009d0] W[r11=0000004000000000][1] R[r11=0000000000000001] R[r 0=0000000000000000] inst=[02659593] slli    a1, a1, 38
C0:       1761 [1] pc=[00000000800009d4] W[r11=0000003fffffff09][1] R[r11=0000004000000000] R[r 0=0000000000000000] inst=[f0958593] addi    a1, a1, -247
C0:       1762 [1] pc=[00000000800009d8] W[r11=0007ffffffe12000][1] R[r11=0000003fffffff09] R[r 0=0000000000000000] inst=[00d59593] slli    a1, a1, 13
C0:       1763 [1] pc=[00000000800009dc] W[r11=0007ffffffe12345][1] R[r11=0007ffffffe12000] R[r 0=0000000000000000] inst=[34558593] addi    a1, a1, 837
C0:       1764 [1] pc=[00000000800009e0] W[r11=7ffffffe12345000][1] R[r11=0007ffffffe12345] R[r 0=0000000000000000] inst=[00c59593] slli    a1, a1, 12
C0:       1765 [1] pc=[00000000800009e4] W[r11=7ffffffe12345678][1] R[r11=7ffffffe12345000] R[r 0=0000000000000000] inst=[67858593] addi    a1, a1, 1656
C0:       1766 [1] pc=[00000000800009e8] W[r12=ffffffff80000000][1] R[r 0=0000000000000000] R[r 0=0000000000000000] inst=[80000637] lui     a2, 0x80000
C0:       1767 [1] pc=[00000000800009ec] W[r 1=0000000000000000][0] R[r11=7ffffffe12345678] R[r 0=0000000000000000] inst=[f20580d3] fmv.d.x ft1, a1
C0:       1768 [1] pc=[00000000800009f0] W[r 2=0000000000000000][0] R[r12=ffffffff80000000] R[r 0=0000000000000000] inst=[f2060153] fmv.d.x ft2, a2
C0:       1772 [1] pc=[00000000800009f4] W[r 0=0000000000000000][0] R[r 1=ffffffff1234567b] R[r 2=923456789abcdef3] inst=[20208053] fsgnj.s ft0, ft1, ft2
C0:       1776 [1] pc=[00000000800009f8] W[r10=ffffffffffc00000][1] R[r 0=0000000000000000] R[r 0=0000000000000000] inst=[e0000553] fmv.x.w a0, ft0
C0:       1777 [1] pc=[00000000800009fc] W[r 7=ffffffffffc00000][1] R[r 0=0000000000000000] R[r 0=0000000000000000] inst=[ffc003b7] lui     t2, 0xffc00
C0:       1799 [1] pc=[0000000080000a00] W[r 3=000000000000003c][1] R[r 0=0000000000000000] R[r 0=0000000000000000] inst=[03c00193] li      gp, 60
C0:       1800 [1] pc=[0000000080000a04] W[r 0=0000000000000000][0] R[r10=ffffffffffc00000] R[r 7=ffffffffffc00000] inst=[68751e63] bne     a0, t2, pc + 1692
C0:       1801 [1] pc=[0000000080000a08] W[r11=0000000000000001][1] R[r 0=0000000000000000] R[r 0=0000000000000000] inst=[0010059b] addiw   a1, zero, 1
C0:       1802 [1] pc=[0000000080000a0c] W[r11=0000004000000000][1] R[r11=0000000000000001] R[r 0=0000000000000000] inst=[02659593] slli    a1, a1, 38
C0:       1803 [1] pc=[0000000080000a10] W[r11=0000003fffffff09][1] R[r11=0000004000000000] R[r 0=0000000000000000] inst=[f0958593] addi    a1, a1, -247
C0:       1804 [1] pc=[0000000080000a14] W[r11=0007ffffffe12000][1] R[r11=0000003fffffff09] R[r 0=0000000000000000] inst=[00d59593] slli    a1, a1, 13
C0:       1805 [1] pc=[0000000080000a18] W[r11=0007ffffffe12345][1] R[r11=0007ffffffe12000] R[r 0=0000000000000000] inst=[34558593] addi    a1, a1, 837
C0:       1806 [1] pc=[0000000080000a1c] W[r11=7ffffffe12345000][1] R[r11=0007ffffffe12345] R[r 0=0000000000000000] inst=[00c59593] slli    a1, a1, 12
C0:       1807 [1] pc=[0000000080000a20] W[r11=7ffffffe12345678][1] R[r11=7ffffffe12345000] R[r 0=0000000000000000] inst=[67858593] addi    a1, a1, 1656
C0:       1808 [1] pc=[0000000080000a24] W[r12=ffffffff80000000][1] R[r 0=0000000000000000] R[r 0=0000000000000000] inst=[80000637] lui     a2, 0x80000
C0:       1809 [1] pc=[0000000080000a28] W[r 1=0000000000000000][0] R[r11=7ffffffe12345678] R[r 0=0000000000000000] inst=[f20580d3] fmv.d.x ft1, a1
C0:       1810 [1] pc=[0000000080000a2c] W[r 2=0000000000000000][0] R[r12=ffffffff80000000] R[r 0=0000000000000000] inst=[f2060153] fmv.d.x ft2, a2
C0:       1814 [1] pc=[0000000080000a30] W[r 0=0000000000000000][0] R[r 1=ffffffffffc00003] R[r 2=ffffffffffc00003] inst=[20208053] fsgnj.s ft0, ft1, ft2
C0:       1818 [1] pc=[0000000080000a34] W[r10=ffffffffffc00000][1] R[r 0=0000000000000000] R[r 0=0000000000000000] inst=[e2000553] fmv.x.d a0, ft0
C0:       1819 [1] pc=[0000000080000a38] W[r 7=ffffffffffc00000][1] R[r 0=0000000000000000] R[r 0=0000000000000000] inst=[ffc003b7] lui     t2, 0xffc00
C0:       1820 [1] pc=[0000000080000a3c] W[r 3=00000000000000a0][1] R[r 0=0000000000000000] R[r 0=0000000000000000] inst=[0a000193] li      gp, 160
C0:       1842 [1] pc=[0000000080000a40] W[r 0=0000000000000000][0] R[r10=ffffffffffc00000] R[r 7=ffffffffffc00000] inst=[66751063] bne     a0, t2, pc + 1632
C0:       1843 [1] pc=[0000000080000a44] W[r11=ffffffffffe12000][1] R[r 0=0000000000000000] R[r 0=0000000000000000] inst=[ffe125b7] lui     a1, 0xffe12
C0:       1844 [1] pc=[0000000080000a48] W[r11=ffffffffffe12345][1] R[r11=ffffffffffe12000] R[r 0=0000000000000000] inst=[3455859b] addiw   a1, a1, 837
C0:       1845 [1] pc=[0000000080000a4c] W[r11=fffffffe12345000][1] R[r11=ffffffffffe12345] R[r 0=0000000000000000] inst=[00c59593] slli    a1, a1, 12
C0:       1846 [1] pc=[0000000080000a50] W[r11=fffffffe12345678][1] R[r11=fffffffe12345000] R[r 0=0000000000000000] inst=[67858593] addi    a1, a1, 1656
C0:       1847 [1] pc=[0000000080000a54] W[r12=ffffffff80000000][1] R[r 0=0000000000000000] R[r 0=0000000000000000] inst=[80000637] lui     a2, 0x80000
C0:       1848 [1] pc=[0000000080000a58] W[r 1=0000000000000000][0] R[r11=fffffffe12345678] R[r 0=0000000000000000] inst=[f20580d3] fmv.d.x ft1, a1
C0:       1849 [1] pc=[0000000080000a5c] W[r 2=0000000000000000][0] R[r12=ffffffff80000000] R[r 0=0000000000000000] inst=[f2060153] fmv.d.x ft2, a2
C0:       1853 [1] pc=[0000000080000a60] W[r 0=0000000000000000][0] R[r 1=ffffffffffc00003] R[r 2=ffffffffffc00003] inst=[20208053] fsgnj.s ft0, ft1, ft2
C0:       1857 [1] pc=[0000000080000a64] W[r10=ffffffffffc00000][1] R[r 0=0000000000000000] R[r 0=0000000000000000] inst=[e0000553] fmv.x.w a0, ft0
C0:       1858 [1] pc=[0000000080000a68] W[r 7=ffffffffffc00000][1] R[r 0=0000000000000000] R[r 0=0000000000000000] inst=[ffc003b7] lui     t2, 0xffc00
C0:       1859 [1] pc=[0000000080000a6c] W[r 3=000000000000003d][1] R[r 0=0000000000000000] R[r 0=0000000000000000] inst=[03d00193] li      gp, 61
C0:       1860 [1] pc=[0000000080000a70] W[r 0=0000000000000000][0] R[r10=ffffffffffc00000] R[r 7=ffffffffffc00000] inst=[62751863] bne     a0, t2, pc + 1584
C0:       1861 [1] pc=[0000000080000a74] W[r11=ffffffffffe12000][1] R[r 0=0000000000000000] R[r 0=0000000000000000] inst=[ffe125b7] lui     a1, 0xffe12
C0:       1862 [1] pc=[0000000080000a78] W[r11=ffffffffffe12345][1] R[r11=ffffffffffe12000] R[r 0=0000000000000000] inst=[3455859b] addiw   a1, a1, 837
C0:       1863 [1] pc=[0000000080000a7c] W[r11=fffffffe12345000][1] R[r11=ffffffffffe12345] R[r 0=0000000000000000] inst=[00c59593] slli    a1, a1, 12
C0:       1885 [1] pc=[0000000080000a80] W[r11=fffffffe12345678][1] R[r11=fffffffe12345000] R[r 0=0000000000000000] inst=[67858593] addi    a1, a1, 1656
C0:       1886 [1] pc=[0000000080000a84] W[r12=ffffffff80000000][1] R[r 0=0000000000000000] R[r 0=0000000000000000] inst=[80000637] lui     a2, 0x80000
C0:       1887 [1] pc=[0000000080000a88] W[r 1=0000000000000000][0] R[r11=fffffffe12345678] R[r 0=0000000000000000] inst=[f20580d3] fmv.d.x ft1, a1
C0:       1888 [1] pc=[0000000080000a8c] W[r 2=0000000000000000][0] R[r12=ffffffff80000000] R[r 0=0000000000000000] inst=[f2060153] fmv.d.x ft2, a2
C0:       1892 [1] pc=[0000000080000a90] W[r 0=0000000000000000][0] R[r 1=fffffffe12345003] R[r 2=ffffffffffc00003] inst=[20208053] fsgnj.s ft0, ft1, ft2
C0:       1896 [1] pc=[0000000080000a94] W[r10=ffffffffffc00000][1] R[r 0=0000000000000000] R[r 0=0000000000000000] inst=[e2000553] fmv.x.d a0, ft0
C0:       1897 [1] pc=[0000000080000a98] W[r 7=ffffffffffc00000][1] R[r 0=0000000000000000] R[r 0=0000000000000000] inst=[ffc003b7] lui     t2, 0xffc00
C0:       1898 [1] pc=[0000000080000a9c] W[r 3=00000000000000a1][1] R[r 0=0000000000000000] R[r 0=0000000000000000] inst=[0a100193] li      gp, 161
C0:       1899 [1] pc=[0000000080000aa0] W[r 0=0000000000000000][0] R[r10=ffffffffffc00000] R[r 7=ffffffffffc00000] inst=[60751063] bne     a0, t2, pc + 1536
C0:       1900 [1] pc=[0000000080000aa4] W[r11=fffffffffff12000][1] R[r 0=0000000000000000] R[r 0=0000000000000000] inst=[fff125b7] lui     a1, 0xfff12
C0:       1901 [1] pc=[0000000080000aa8] W[r11=fffffffffff12345][1] R[r11=fffffffffff12000] R[r 0=0000000000000000] inst=[3455859b] addiw   a1, a1, 837
C0:       1902 [1] pc=[0000000080000aac] W[r11=ffffffff12345000][1] R[r11=fffffffffff12345] R[r 0=0000000000000000] inst=[00c59593] slli    a1, a1, 12
C0:       1903 [1] pc=[0000000080000ab0] W[r11=ffffffff12345678][1] R[r11=ffffffff12345000] R[r 0=0000000000000000] inst=[67858593] addi    a1, a1, 1656
C0:       1904 [1] pc=[0000000080000ab4] W[r12=ffffffff80000000][1] R[r 0=0000000000000000] R[r 0=0000000000000000] inst=[80000637] lui     a2, 0x80000
C0:       1905 [1] pc=[0000000080000ab8] W[r 1=0000000000000000][0] R[r11=ffffffff12345678] R[r 0=0000000000000000] inst=[f20580d3] fmv.d.x ft1, a1
C0:       1906 [1] pc=[0000000080000abc] W[r 2=0000000000000000][0] R[r12=ffffffff80000000] R[r 0=0000000000000000] inst=[f2060153] fmv.d.x ft2, a2
C0:       1928 [1] pc=[0000000080000ac0] W[r 0=0000000000000000][0] R[r 1=ffffffffffc00003] R[r 2=ffffffffffc00003] inst=[20208053] fsgnj.s ft0, ft1, ft2
C0:       1932 [1] pc=[0000000080000ac4] W[r10=ffffffff92345678][1] R[r 0=0000000000000000] R[r 0=0000000000000000] inst=[e0000553] fmv.x.w a0, ft0
C0:       1933 [1] pc=[0000000080000ac8] W[r 7=ffffffff92345000][1] R[r 0=0000000000000000] R[r 0=0000000000000000] inst=[923453b7] lui     t2, 0x92345
C0:       1934 [1] pc=[0000000080000acc] W[r 7=ffffffff92345678][1] R[r 7=ffffffff92345000] R[r 0=0000000000000000] inst=[6783839b] addiw   t2, t2, 1656
C0:       1935 [1] pc=[0000000080000ad0] W[r 3=000000000000003e][1] R[r 0=0000000000000000] R[r 0=0000000000000000] inst=[03e00193] li      gp, 62
C0:       1936 [1] pc=[0000000080000ad4] W[r 0=0000000000000000][0] R[r10=ffffffff92345678] R[r 7=ffffffff92345678] inst=[5c751663] bne     a0, t2, pc + 1484
C0:       1937 [1] pc=[0000000080000ad8] W[r11=fffffffffff12000][1] R[r 0=0000000000000000] R[r 0=0000000000000000] inst=[fff125b7] lui     a1, 0xfff12
C0:       1938 [1] pc=[0000000080000adc] W[r11=fffffffffff12345][1] R[r11=fffffffffff12000] R[r 0=0000000000000000] inst=[3455859b] addiw   a1, a1, 837
C0:       1939 [1] pc=[0000000080000ae0] W[r11=ffffffff12345000][1] R[r11=fffffffffff12345] R[r 0=0000000000000000] inst=[00c59593] slli    a1, a1, 12
C0:       1940 [1] pc=[0000000080000ae4] W[r11=ffffffff12345678][1] R[r11=ffffffff12345000] R[r 0=0000000000000000] inst=[67858593] addi    a1, a1, 1656
C0:       1941 [1] pc=[0000000080000ae8] W[r12=ffffffff80000000][1] R[r 0=0000000000000000] R[r 0=0000000000000000] inst=[80000637] lui     a2, 0x80000
C0:       1942 [1] pc=[0000000080000aec] W[r 1=0000000000000000][0] R[r11=ffffffff12345678] R[r 0=0000000000000000] inst=[f20580d3] fmv.d.x ft1, a1
C0:       1943 [1] pc=[0000000080000af0] W[r 2=0000000000000000][0] R[r12=ffffffff80000000] R[r 0=0000000000000000] inst=[f2060153] fmv.d.x ft2, a2
C0:       1947 [1] pc=[0000000080000af4] W[r 0=0000000000000000][0] R[r 1=ffffffff9234567b] R[r 2=ffffffffffc00003] inst=[20208053] fsgnj.s ft0, ft1, ft2
C0:       1951 [1] pc=[0000000080000af8] W[r10=ffffffff92345678][1] R[r 0=0000000000000000] R[r 0=0000000000000000] inst=[e2000553] fmv.x.d a0, ft0
C0:       1952 [1] pc=[0000000080000afc] W[r 7=ffffffff92345000][1] R[r 0=0000000000000000] R[r 0=0000000000000000] inst=[923453b7] lui     t2, 0x92345
C0:       1974 [1] pc=[0000000080000b00] W[r 7=ffffffff92345678][1] R[r 7=ffffffff92345000] R[r 0=0000000000000000] inst=[6783839b] addiw   t2, t2, 1656
C0:       1975 [1] pc=[0000000080000b04] W[r 3=00000000000000a2][1] R[r 0=0000000000000000] R[r 0=0000000000000000] inst=[0a200193] li      gp, 162
C0:       1976 [1] pc=[0000000080000b08] W[r 0=0000000000000000][0] R[r10=ffffffff92345678] R[r 7=ffffffff92345678] inst=[58751c63] bne     a0, t2, pc + 1432
C0:       1977 [1] pc=[0000000080000b0c] W[r11=fffffffffff12000][1] R[r 0=0000000000000000] R[r 0=0000000000000000] inst=[fff125b7] lui     a1, 0xfff12
C0:       1978 [1] pc=[0000000080000b10] W[r11=fffffffffff12345][1] R[r11=fffffffffff12000] R[r 0=0000000000000000] inst=[3455859b] addiw   a1, a1, 837
C0:       1979 [1] pc=[0000000080000b14] W[r11=ffffffff12345000][1] R[r11=fffffffffff12345] R[r 0=0000000000000000] inst=[00c59593] slli    a1, a1, 12
C0:       1980 [1] pc=[0000000080000b18] W[r11=ffffffff12345678][1] R[r11=ffffffff12345000] R[r 0=0000000000000000] inst=[67858593] addi    a1, a1, 1656
C0:       1981 [1] pc=[0000000080000b1c] W[r12=0000000000000001][1] R[r 0=0000000000000000] R[r 0=0000000000000000] inst=[0010061b] addiw   a2, zero, 1
C0:       1982 [1] pc=[0000000080000b20] W[r12=0000000100000000][1] R[r12=0000000000000001] R[r 0=0000000000000000] inst=[02061613] slli    a2, a2, 32
C0:       1983 [1] pc=[0000000080000b24] W[r12=00000000ffffffff][1] R[r12=0000000100000000] R[r 0=0000000000000000] inst=[fff60613] addi    a2, a2, -1
C0:       1984 [1] pc=[0000000080000b28] W[r12=7fffffff80000000][1] R[r12=00000000ffffffff] R[r 0=0000000000000000] inst=[01f61613] slli    a2, a2, 31
C0:       1985 [1] pc=[0000000080000b2c] W[r 1=0000000000000000][0] R[r11=ffffffff12345678] R[r 0=0000000000000000] inst=[f20580d3] fmv.d.x ft1, a1
C0:       1986 [1] pc=[0000000080000b30] W[r 2=0000000000000000][0] R[r12=7fffffff80000000] R[r 0=0000000000000000] inst=[f2060153] fmv.d.x ft2, a2
C0:       1990 [1] pc=[0000000080000b34] W[r 0=0000000000000000][0] R[r 1=ffffffff1234567b] R[r 2=ffffffffffc00003] inst=[20208053] fsgnj.s ft0, ft1, ft2
C0:       1994 [1] pc=[0000000080000b38] W[r10=0000000012345678][1] R[r 0=0000000000000000] R[r 0=0000000000000000] inst=[e0000553] fmv.x.w a0, ft0
C0:       1995 [1] pc=[0000000080000b3c] W[r 7=0000000012345000][1] R[r 0=0000000000000000] R[r 0=0000000000000000] inst=[123453b7] lui     t2, 0x12345
C0:       2017 [1] pc=[0000000080000b40] W[r 7=0000000012345678][1] R[r 7=0000000012345000] R[r 0=0000000000000000] inst=[6783839b] addiw   t2, t2, 1656
C0:       2018 [1] pc=[0000000080000b44] W[r 3=000000000000003f][1] R[r 0=0000000000000000] R[r 0=0000000000000000] inst=[03f00193] li      gp, 63
C0:       2019 [1] pc=[0000000080000b48] W[r 0=0000000000000000][0] R[r10=0000000012345678] R[r 7=0000000012345678] inst=[54751c63] bne     a0, t2, pc + 1368
C0:       2020 [1] pc=[0000000080000b4c] W[r11=fffffffffff12000][1] R[r 0=0000000000000000] R[r 0=0000000000000000] inst=[fff125b7] lui     a1, 0xfff12
C0:       2021 [1] pc=[0000000080000b50] W[r11=fffffffffff12345][1] R[r11=fffffffffff12000] R[r 0=0000000000000000] inst=[3455859b] addiw   a1, a1, 837
C0:       2022 [1] pc=[0000000080000b54] W[r11=ffffffff12345000][1] R[r11=fffffffffff12345] R[r 0=0000000000000000] inst=[00c59593] slli    a1, a1, 12
C0:       2023 [1] pc=[0000000080000b58] W[r11=ffffffff12345678][1] R[r11=ffffffff12345000] R[r 0=0000000000000000] inst=[67858593] addi    a1, a1, 1656
C0:       2024 [1] pc=[0000000080000b5c] W[r12=0000000000000001][1] R[r 0=0000000000000000] R[r 0=0000000000000000] inst=[0010061b] addiw   a2, zero, 1
C0:       2025 [1] pc=[0000000080000b60] W[r12=0000000100000000][1] R[r12=0000000000000001] R[r 0=0000000000000000] inst=[02061613] slli    a2, a2, 32
C0:       2026 [1] pc=[0000000080000b64] W[r12=00000000ffffffff][1] R[r12=0000000100000000] R[r 0=0000000000000000] inst=[fff60613] addi    a2, a2, -1
C0:       2027 [1] pc=[0000000080000b68] W[r12=7fffffff80000000][1] R[r12=00000000ffffffff] R[r 0=0000000000000000] inst=[01f61613] slli    a2, a2, 31
C0:       2028 [1] pc=[0000000080000b6c] W[r 1=0000000000000000][0] R[r11=ffffffff12345678] R[r 0=0000000000000000] inst=[f20580d3] fmv.d.x ft1, a1
C0:       2029 [1] pc=[0000000080000b70] W[r 2=0000000000000000][0] R[r12=7fffffff80000000] R[r 0=0000000000000000] inst=[f2060153] fmv.d.x ft2, a2
C0:       2033 [1] pc=[0000000080000b74] W[r 0=0000000000000000][0] R[r 1=ffffffff1234567b] R[r 2=ffffffffffc00003] inst=[20208053] fsgnj.s ft0, ft1, ft2
C0:       2037 [1] pc=[0000000080000b78] W[r10=ffffffff12345678][1] R[r 0=0000000000000000] R[r 0=0000000000000000] inst=[e2000553] fmv.x.d a0, ft0
C0:       2038 [1] pc=[0000000080000b7c] W[r 7=fffffffffff12000][1] R[r 0=0000000000000000] R[r 0=0000000000000000] inst=[fff123b7] lui     t2, 0xfff12
C0:       2060 [1] pc=[0000000080000b80] W[r 7=fffffffffff12345][1] R[r 7=fffffffffff12000] R[r 0=0000000000000000] inst=[3453839b] addiw   t2, t2, 837
C0:       2061 [1] pc=[0000000080000b84] W[r 7=ffffffff12345000][1] R[r 7=fffffffffff12345] R[r 0=0000000000000000] inst=[00c39393] slli    t2, t2, 12
C0:       2062 [1] pc=[0000000080000b88] W[r 7=ffffffff12345678][1] R[r 7=ffffffff12345000] R[r 0=0000000000000000] inst=[67838393] addi    t2, t2, 1656
C0:       2063 [1] pc=[0000000080000b8c] W[r 3=00000000000000a3][1] R[r 0=0000000000000000] R[r 0=0000000000000000] inst=[0a300193] li      gp, 163
C0:       2064 [1] pc=[0000000080000b90] W[r 0=0000000000000000][0] R[r10=ffffffff12345678] R[r 7=ffffffff12345678] inst=[50751863] bne     a0, t2, pc + 1296
C0:       2065 [1] pc=[0000000080000b94] W[r11=fffffffffff11000][1] R[r 0=0000000000000000] R[r 0=0000000000000000] inst=[fff115b7] lui     a1, 0xfff11
C0:       2066 [1] pc=[0000000080000b98] W[r11=fffffffffff11111][1] R[r11=fffffffffff11000] R[r 0=0000000000000000] inst=[1115859b] addiw   a1, a1, 273
C0:       2067 [1] pc=[0000000080000b9c] W[r11=ffffffff11111000][1] R[r11=fffffffffff11111] R[r 0=0000000000000000] inst=[00c59593] slli    a1, a1, 12
C0:       2068 [1] pc=[0000000080000ba0] W[r11=ffffffff11111111][1] R[r11=ffffffff11111000] R[r 0=0000000000000000] inst=[11158593] addi    a1, a1, 273
C0:       2069 [1] pc=[0000000080000ba4] W[r12=fffffffffff11000][1] R[r 0=0000000000000000] R[r 0=0000000000000000] inst=[fff11637] lui     a2, 0xfff11
C0:       2070 [1] pc=[0000000080000ba8] W[r12=fffffffffff11111][1] R[r12=fffffffffff11000] R[r 0=0000000000000000] inst=[1116061b] addiw   a2, a2, 273
C0:       2071 [1] pc=[0000000080000bac] W[r12=ffffffff11111000][1] R[r12=fffffffffff11111] R[r 0=0000000000000000] inst=[00c61613] slli    a2, a2, 12
C0:       2072 [1] pc=[0000000080000bb0] W[r12=ffffffff11111111][1] R[r12=ffffffff11111000] R[r 0=0000000000000000] inst=[11160613] addi    a2, a2, 273
C0:       2073 [1] pc=[0000000080000bb4] W[r 1=0000000000000000][0] R[r11=ffffffff11111111] R[r 0=0000000000000000] inst=[f20580d3] fmv.d.x ft1, a1
C0:       2074 [1] pc=[0000000080000bb8] W[r 2=0000000000000000][0] R[r12=ffffffff11111111] R[r 0=0000000000000000] inst=[f2060153] fmv.d.x ft2, a2
C0:       2078 [1] pc=[0000000080000bbc] W[r 0=0000000000000000][0] R[r 1=ffffffff11111113] R[r 2=ffffffffffc00003] inst=[22208053] fsgnj.d ft0, ft1, ft2
C0:       2100 [1] pc=[0000000080000bc0] W[r10=0000000000000001][1] R[r 0=0000000000000000] R[r 0=0000000000000000] inst=[a0002553] feq.s   a0, ft0, ft0
C0:       2103 [1] pc=[0000000080000bc4] W[r10=0000000000000000][1] R[r10=0000000000000001] R[r 0=0000000000000000] inst=[fff50513] addi    a0, a0, -1
C0:       2104 [1] pc=[0000000080000bc8] W[r 0=0000000000000000][0] R[r10=0000000000000000] R[r 0=0000000000000000] inst=[00051463] bnez    a0, pc + 8
C0:       2105 [1] pc=[0000000080000bcc] W[r10=0000000011111111][1] R[r 0=0000000000000000] R[r 0=0000000000000000] inst=[e0000553] fmv.x.w a0, ft0
C0:       2106 [1] pc=[0000000080000bd0] W[r 7=0000000011111000][1] R[r 0=0000000000000000] R[r 0=0000000000000000] inst=[111113b7] lui     t2, 0x11111
C0:       2107 [1] pc=[0000000080000bd4] W[r 7=0000000011111111][1] R[r 7=0000000011111000] R[r 0=0000000000000000] inst=[1113839b] addiw   t2, t2, 273
C0:       2108 [1] pc=[0000000080000bd8] W[r 3=0000000000000046][1] R[r 0=0000000000000000] R[r 0=0000000000000000] inst=[04600193] li      gp, 70
C0:       2109 [1] pc=[0000000080000bdc] W[r 0=0000000000000000][0] R[r10=0000000011111111] R[r 7=0000000011111111] inst=[4c751263] bne     a0, t2, pc + 1220
C0:       2110 [1] pc=[0000000080000be0] W[r11=fffffffffff11000][1] R[r 0=0000000000000000] R[r 0=0000000000000000] inst=[fff115b7] lui     a1, 0xfff11
C0:       2111 [1] pc=[0000000080000be4] W[r11=fffffffffff11111][1] R[r11=fffffffffff11000] R[r 0=0000000000000000] inst=[1115859b] addiw   a1, a1, 273
C0:       2112 [1] pc=[0000000080000be8] W[r11=ffffffff11111000][1] R[r11=fffffffffff11111] R[r 0=0000000000000000] inst=[00c59593] slli    a1, a1, 12
C0:       2113 [1] pc=[0000000080000bec] W[r11=ffffffff11111111][1] R[r11=ffffffff11111000] R[r 0=0000000000000000] inst=[11158593] addi    a1, a1, 273
C0:       2114 [1] pc=[0000000080000bf0] W[r12=fffffffffff11000][1] R[r 0=0000000000000000] R[r 0=0000000000000000] inst=[fff11637] lui     a2, 0xfff11
C0:       2115 [1] pc=[0000000080000bf4] W[r12=fffffffffff11111][1] R[r12=fffffffffff11000] R[r 0=0000000000000000] inst=[1116061b] addiw   a2, a2, 273
C0:       2116 [1] pc=[0000000080000bf8] W[r12=ffffffff11111000][1] R[r12=fffffffffff11111] R[r 0=0000000000000000] inst=[00c61613] slli    a2, a2, 12
C0:       2117 [1] pc=[0000000080000bfc] W[r12=ffffffff11111111][1] R[r12=ffffffff11111000] R[r 0=0000000000000000] inst=[11160613] addi    a2, a2, 273
C0:       2139 [1] pc=[0000000080000c00] W[r 1=0000000000000000][0] R[r11=ffffffff11111111] R[r 0=0000000000000000] inst=[f20580d3] fmv.d.x ft1, a1
C0:       2140 [1] pc=[0000000080000c04] W[r 2=0000000000000000][0] R[r12=ffffffff11111111] R[r 0=0000000000000000] inst=[f2060153] fmv.d.x ft2, a2
C0:       2144 [1] pc=[0000000080000c08] W[r 0=0000000000000000][0] R[r 1=ffffffff11111113] R[r 2=ffffffffffc00003] inst=[22208053] fsgnj.d ft0, ft1, ft2
C0:       2148 [1] pc=[0000000080000c0c] W[r10=ffffffff11111111][1] R[r 0=0000000000000000] R[r 0=0000000000000000] inst=[e2000553] fmv.x.d a0, ft0
C0:       2149 [1] pc=[0000000080000c10] W[r 7=fffffffffff11000][1] R[r 0=0000000000000000] R[r 0=0000000000000000] inst=[fff113b7] lui     t2, 0xfff11
C0:       2150 [1] pc=[0000000080000c14] W[r 7=fffffffffff11111][1] R[r 7=fffffffffff11000] R[r 0=0000000000000000] inst=[1113839b] addiw   t2, t2, 273
C0:       2151 [1] pc=[0000000080000c18] W[r 7=ffffffff11111000][1] R[r 7=fffffffffff11111] R[r 0=0000000000000000] inst=[00c39393] slli    t2, t2, 12
C0:       2152 [1] pc=[0000000080000c1c] W[r 7=ffffffff11111111][1] R[r 7=ffffffff11111000] R[r 0=0000000000000000] inst=[11138393] addi    t2, t2, 273
C0:       2153 [1] pc=[0000000080000c20] W[r 3=00000000000000aa][1] R[r 0=0000000000000000] R[r 0=0000000000000000] inst=[0aa00193] li      gp, 170
C0:       2154 [1] pc=[0000000080000c24] W[r 0=0000000000000000][0] R[r10=ffffffff11111111] R[r 7=ffffffff11111111] inst=[46751e63] bne     a0, t2, pc + 1148
C0:       2155 [1] pc=[0000000080000c28] W[r11=fffffffffff11000][1] R[r 0=0000000000000000] R[r 0=0000000000000000] inst=[fff115b7] lui     a1, 0xfff11
C0:       2156 [1] pc=[0000000080000c2c] W[r11=fffffffffff11111][1] R[r11=fffffffffff11000] R[r 0=0000000000000000] inst=[1115859b] addiw   a1, a1, 273
C0:       2157 [1] pc=[0000000080000c30] W[r11=ffffffff11111000][1] R[r11=fffffffffff11111] R[r 0=0000000000000000] inst=[00c59593] slli    a1, a1, 12
C0:       2158 [1] pc=[0000000080000c34] W[r11=ffffffff11111111][1] R[r11=ffffffff11111000] R[r 0=0000000000000000] inst=[11158593] addi    a1, a1, 273
C0:       2159 [1] pc=[0000000080000c38] W[r12=0000000000000001][1] R[r 0=0000000000000000] R[r 0=0000000000000000] inst=[0010061b] addiw   a2, zero, 1
C0:       2160 [1] pc=[0000000080000c3c] W[r12=0000008000000000][1] R[r12=0000000000000001] R[r 0=0000000000000000] inst=[02761613] slli    a2, a2, 39
C0:       2182 [1] pc=[0000000080000c40] W[r12=0000007fffffff11][1] R[r12=0000008000000000] R[r 0=0000000000000000] inst=[f1160613] addi    a2, a2, -239
C0:       2183 [1] pc=[0000000080000c44] W[r12=0007fffffff11000][1] R[r12=0000007fffffff11] R[r 0=0000000000000000] inst=[00c61613] slli    a2, a2, 12
C0:       2184 [1] pc=[0000000080000c48] W[r12=0007fffffff11111][1] R[r12=0007fffffff11000] R[r 0=0000000000000000] inst=[11160613] addi    a2, a2, 273
C0:       2185 [1] pc=[0000000080000c4c] W[r12=7fffffff11111000][1] R[r12=0007fffffff11111] R[r 0=0000000000000000] inst=[00c61613] slli    a2, a2, 12
C0:       2186 [1] pc=[0000000080000c50] W[r12=7fffffff11111111][1] R[r12=7fffffff11111000] R[r 0=0000000000000000] inst=[11160613] addi    a2, a2, 273
C0:       2187 [1] pc=[0000000080000c54] W[r 1=0000000000000000][0] R[r11=ffffffff11111111] R[r 0=0000000000000000] inst=[f20580d3] fmv.d.x ft1, a1
C0:       2188 [1] pc=[0000000080000c58] W[r 2=0000000000000000][0] R[r12=7fffffff11111111] R[r 0=0000000000000000] inst=[f2060153] fmv.d.x ft2, a2
C0:       2192 [1] pc=[0000000080000c5c] W[r 0=0000000000000000][0] R[r 1=ffffffff11111113] R[r 2=ffffffffffc00003] inst=[22208053] fsgnj.d ft0, ft1, ft2
C0:       2196 [1] pc=[0000000080000c60] W[r10=0000000000000000][1] R[r 0=0000000000000000] R[r 0=0000000000000000] inst=[a0002553] feq.s   a0, ft0, ft0
C0:       2199 [1] pc=[0000000080000c64] W[r10=0000000000000000][1] R[r10=0000000000000000] R[r 0=0000000000000000] inst=[00050513] mv      a0, a0
C0:       2200 [1] pc=[0000000080000c68] W[r 0=0000000000000000][0] R[r10=0000000000000000] R[r 0=0000000000000000] inst=[00051463] bnez    a0, pc + 8
C0:       2201 [1] pc=[0000000080000c6c] W[r10=0000000011111111][1] R[r 0=0000000000000000] R[r 0=0000000000000000] inst=[e0000553] fmv.x.w a0, ft0
C0:       2202 [1] pc=[0000000080000c70] W[r 7=0000000011111000][1] R[r 0=0000000000000000] R[r 0=0000000000000000] inst=[111113b7] lui     t2, 0x11111
C0:       2203 [1] pc=[0000000080000c74] W[r 7=0000000011111111][1] R[r 7=0000000011111000] R[r 0=0000000000000000] inst=[1113839b] addiw   t2, t2, 273
C0:       2204 [1] pc=[0000000080000c78] W[r 3=0000000000000047][1] R[r 0=0000000000000000] R[r 0=0000000000000000] inst=[04700193] li      gp, 71
C0:       2205 [1] pc=[0000000080000c7c] W[r 0=0000000000000000][0] R[r10=0000000011111111] R[r 7=0000000011111111] inst=[42751263] bne     a0, t2, pc + 1060
C0:       2227 [1] pc=[0000000080000c80] W[r11=fffffffffff11000][1] R[r 0=0000000000000000] R[r 0=0000000000000000] inst=[fff115b7] lui     a1, 0xfff11
C0:       2228 [1] pc=[0000000080000c84] W[r11=fffffffffff11111][1] R[r11=fffffffffff11000] R[r 0=0000000000000000] inst=[1115859b] addiw   a1, a1, 273
C0:       2229 [1] pc=[0000000080000c88] W[r11=ffffffff11111000][1] R[r11=fffffffffff11111] R[r 0=0000000000000000] inst=[00c59593] slli    a1, a1, 12
C0:       2230 [1] pc=[0000000080000c8c] W[r11=ffffffff11111111][1] R[r11=ffffffff11111000] R[r 0=0000000000000000] inst=[11158593] addi    a1, a1, 273
C0:       2231 [1] pc=[0000000080000c90] W[r12=0000000000000001][1] R[r 0=0000000000000000] R[r 0=0000000000000000] inst=[0010061b] addiw   a2, zero, 1
C0:       2232 [1] pc=[0000000080000c94] W[r12=0000008000000000][1] R[r12=0000000000000001] R[r 0=0000000000000000] inst=[02761613] slli    a2, a2, 39
C0:       2233 [1] pc=[0000000080000c98] W[r12=0000007fffffff11][1] R[r12=0000008000000000] R[r 0=0000000000000000] inst=[f1160613] addi    a2, a2, -239
C0:       2234 [1] pc=[0000000080000c9c] W[r12=0007fffffff11000][1] R[r12=0000007fffffff11] R[r 0=0000000000000000] inst=[00c61613] slli    a2, a2, 12
C0:       2235 [1] pc=[0000000080000ca0] W[r12=0007fffffff11111][1] R[r12=0007fffffff11000] R[r 0=0000000000000000] inst=[11160613] addi    a2, a2, 273
C0:       2236 [1] pc=[0000000080000ca4] W[r12=7fffffff11111000][1] R[r12=0007fffffff11111] R[r 0=0000000000000000] inst=[00c61613] slli    a2, a2, 12
C0:       2237 [1] pc=[0000000080000ca8] W[r12=7fffffff11111111][1] R[r12=7fffffff11111000] R[r 0=0000000000000000] inst=[11160613] addi    a2, a2, 273
C0:       2238 [1] pc=[0000000080000cac] W[r 1=0000000000000000][0] R[r11=ffffffff11111111] R[r 0=0000000000000000] inst=[f20580d3] fmv.d.x ft1, a1
C0:       2239 [1] pc=[0000000080000cb0] W[r 2=0000000000000000][0] R[r12=7fffffff11111111] R[r 0=0000000000000000] inst=[f2060153] fmv.d.x ft2, a2
C0:       2243 [1] pc=[0000000080000cb4] W[r 0=0000000000000000][0] R[r 1=ffffffff11111113] R[r 2=ffffffffffc00003] inst=[22208053] fsgnj.d ft0, ft1, ft2
C0:       2247 [1] pc=[0000000080000cb8] W[r10=7fffffff11111111][1] R[r 0=0000000000000000] R[r 0=0000000000000000] inst=[e2000553] fmv.x.d a0, ft0
C0:       2248 [1] pc=[0000000080000cbc] W[r 7=0000000000000001][1] R[r 0=0000000000000000] R[r 0=0000000000000000] inst=[0010039b] addiw   t2, zero, 1
C0:       2270 [1] pc=[0000000080000cc0] W[r 7=0000008000000000][1] R[r 7=0000000000000001] R[r 0=0000000000000000] inst=[02739393] slli    t2, t2, 39
C0:       2271 [1] pc=[0000000080000cc4] W[r 7=0000007fffffff11][1] R[r 7=0000008000000000] R[r 0=0000000000000000] inst=[f1138393] addi    t2, t2, -239
C0:       2272 [1] pc=[0000000080000cc8] W[r 7=0007fffffff11000][1] R[r 7=0000007fffffff11] R[r 0=0000000000000000] inst=[00c39393] slli    t2, t2, 12
C0:       2273 [1] pc=[0000000080000ccc] W[r 7=0007fffffff11111][1] R[r 7=0007fffffff11000] R[r 0=0000000000000000] inst=[11138393] addi    t2, t2, 273
C0:       2274 [1] pc=[0000000080000cd0] W[r 7=7fffffff11111000][1] R[r 7=0007fffffff11111] R[r 0=0000000000000000] inst=[00c39393] slli    t2, t2, 12
C0:       2275 [1] pc=[0000000080000cd4] W[r 7=7fffffff11111111][1] R[r 7=7fffffff11111000] R[r 0=0000000000000000] inst=[11138393] addi    t2, t2, 273
C0:       2276 [1] pc=[0000000080000cd8] W[r 3=00000000000000ab][1] R[r 0=0000000000000000] R[r 0=0000000000000000] inst=[0ab00193] li      gp, 171
C0:       2277 [1] pc=[0000000080000cdc] W[r 0=0000000000000000][0] R[r10=7fffffff11111111] R[r 7=7fffffff11111111] inst=[3c751263] bne     a0, t2, pc + 964
C0:       2278 [1] pc=[0000000080000ce0] W[r11=fffffffffff11000][1] R[r 0=0000000000000000] R[r 0=0000000000000000] inst=[fff115b7] lui     a1, 0xfff11
C0:       2279 [1] pc=[0000000080000ce4] W[r11=fffffffffff11111][1] R[r11=fffffffffff11000] R[r 0=0000000000000000] inst=[1115859b] addiw   a1, a1, 273
C0:       2280 [1] pc=[0000000080000ce8] W[r11=ffffffff11111000][1] R[r11=fffffffffff11111] R[r 0=0000000000000000] inst=[00c59593] slli    a1, a1, 12
C0:       2281 [1] pc=[0000000080000cec] W[r11=ffffffff11111111][1] R[r11=ffffffff11111000] R[r 0=0000000000000000] inst=[11158593] addi    a1, a1, 273
C0:       2282 [1] pc=[0000000080000cf0] W[r12=ffffffff91111000][1] R[r 0=0000000000000000] R[r 0=0000000000000000] inst=[91111637] lui     a2, 0x91111
C0:       2283 [1] pc=[0000000080000cf4] W[r12=ffffffff91111111][1] R[r12=ffffffff91111000] R[r 0=0000000000000000] inst=[1116061b] addiw   a2, a2, 273
C0:       2284 [1] pc=[0000000080000cf8] W[r 1=0000000000000000][0] R[r11=ffffffff11111111] R[r 0=0000000000000000] inst=[f20580d3] fmv.d.x ft1, a1
C0:       2285 [1] pc=[0000000080000cfc] W[r 2=0000000000000000][0] R[r12=ffffffff91111111] R[r 0=0000000000000000] inst=[f2060153] fmv.d.x ft2, a2
C0:       2307 [1] pc=[0000000080000d00] W[r 0=0000000000000000][0] R[r 1=ffffffff11111113] R[r 2=ffffffffffc00003] inst=[22208053] fsgnj.d ft0, ft1, ft2
C0:       2311 [1] pc=[0000000080000d04] W[r10=0000000000000001][1] R[r 0=0000000000000000] R[r 0=0000000000000000] inst=[a0002553] feq.s   a0, ft0, ft0
C0:       2314 [1] pc=[0000000080000d08] W[r10=0000000000000000][1] R[r10=0000000000000001] R[r 0=0000000000000000] inst=[fff50513] addi    a0, a0, -1
C0:       2315 [1] pc=[0000000080000d0c] W[r 0=0000000000000000][0] R[r10=0000000000000000] R[r 0=0000000000000000] inst=[00051463] bnez    a0, pc + 8
C0:       2316 [1] pc=[0000000080000d10] W[r10=0000000011111111][1] R[r 0=0000000000000000] R[r 0=0000000000000000] inst=[e0000553] fmv.x.w a0, ft0
C0:       2317 [1] pc=[0000000080000d14] W[r 7=0000000011111000][1] R[r 0=0000000000000000] R[r 0=0000000000000000] inst=[111113b7] lui     t2, 0x11111
C0:       2318 [1] pc=[0000000080000d18] W[r 7=0000000011111111][1] R[r 7=0000000011111000] R[r 0=0000000000000000] inst=[1113839b] addiw   t2, t2, 273
C0:       2319 [1] pc=[0000000080000d1c] W[r 3=0000000000000048][1] R[r 0=0000000000000000] R[r 0=0000000000000000] inst=[04800193] li      gp, 72
C0:       2320 [1] pc=[0000000080000d20] W[r 0=0000000000000000][0] R[r10=0000000011111111] R[r 7=0000000011111111] inst=[38751063] bne     a0, t2, pc + 896
C0:       2321 [1] pc=[0000000080000d24] W[r11=fffffffffff11000][1] R[r 0=0000000000000000] R[r 0=0000000000000000] inst=[fff115b7] lui     a1, 0xfff11
C0:       2322 [1] pc=[0000000080000d28] W[r11=fffffffffff11111][1] R[r11=fffffffffff11000] R[r 0=0000000000000000] inst=[1115859b] addiw   a1, a1, 273
C0:       2323 [1] pc=[0000000080000d2c] W[r11=ffffffff11111000][1] R[r11=fffffffffff11111] R[r 0=0000000000000000] inst=[00c59593] slli    a1, a1, 12
C0:       2324 [1] pc=[0000000080000d30] W[r11=ffffffff11111111][1] R[r11=ffffffff11111000] R[r 0=0000000000000000] inst=[11158593] addi    a1, a1, 273
C0:       2325 [1] pc=[0000000080000d34] W[r12=ffffffff91111000][1] R[r 0=0000000000000000] R[r 0=0000000000000000] inst=[91111637] lui     a2, 0x91111
C0:       2326 [1] pc=[0000000080000d38] W[r12=ffffffff91111111][1] R[r12=ffffffff91111000] R[r 0=0000000000000000] inst=[1116061b] addiw   a2, a2, 273
C0:       2327 [1] pc=[0000000080000d3c] W[r 1=0000000000000000][0] R[r11=ffffffff11111111] R[r 0=0000000000000000] inst=[f20580d3] fmv.d.x ft1, a1
C0:       2349 [1] pc=[0000000080000d40] W[r 2=0000000000000000][0] R[r12=ffffffff91111111] R[r 0=0000000000000000] inst=[f2060153] fmv.d.x ft2, a2
C0:       2353 [1] pc=[0000000080000d44] W[r 0=0000000000000000][0] R[r 1=ffffffff91111113] R[r 2=ffffffffffc00003] inst=[22208053] fsgnj.d ft0, ft1, ft2
C0:       2357 [1] pc=[0000000080000d48] W[r10=ffffffff11111111][1] R[r 0=0000000000000000] R[r 0=0000000000000000] inst=[e2000553] fmv.x.d a0, ft0
C0:       2358 [1] pc=[0000000080000d4c] W[r 7=fffffffffff11000][1] R[r 0=0000000000000000] R[r 0=0000000000000000] inst=[fff113b7] lui     t2, 0xfff11
C0:       2359 [1] pc=[0000000080000d50] W[r 7=fffffffffff11111][1] R[r 7=fffffffffff11000] R[r 0=0000000000000000] inst=[1113839b] addiw   t2, t2, 273
C0:       2360 [1] pc=[0000000080000d54] W[r 7=ffffffff11111000][1] R[r 7=fffffffffff11111] R[r 0=0000000000000000] inst=[00c39393] slli    t2, t2, 12
C0:       2361 [1] pc=[0000000080000d58] W[r 7=ffffffff11111111][1] R[r 7=ffffffff11111000] R[r 0=0000000000000000] inst=[11138393] addi    t2, t2, 273
C0:       2362 [1] pc=[0000000080000d5c] W[r 3=00000000000000ac][1] R[r 0=0000000000000000] R[r 0=0000000000000000] inst=[0ac00193] li      gp, 172
C0:       2363 [1] pc=[0000000080000d60] W[r 0=0000000000000000][0] R[r10=ffffffff11111111] R[r 7=ffffffff11111111] inst=[34751063] bne     a0, t2, pc + 832
C0:       2364 [1] pc=[0000000080000d64] W[r11=fffffffffff11000][1] R[r 0=0000000000000000] R[r 0=0000000000000000] inst=[fff115b7] lui     a1, 0xfff11
C0:       2365 [1] pc=[0000000080000d68] W[r11=fffffffffff11111][1] R[r11=fffffffffff11000] R[r 0=0000000000000000] inst=[1115859b] addiw   a1, a1, 273
C0:       2366 [1] pc=[0000000080000d6c] W[r11=ffffffff11111000][1] R[r11=fffffffffff11111] R[r 0=0000000000000000] inst=[00c59593] slli    a1, a1, 12
C0:       2367 [1] pc=[0000000080000d70] W[r11=ffffffff11111111][1] R[r11=ffffffff11111000] R[r 0=0000000000000000] inst=[11158593] addi    a1, a1, 273
C0:       2368 [1] pc=[0000000080000d74] W[r12=ffffffffffffffff][1] R[r 0=0000000000000000] R[r 0=0000000000000000] inst=[fff0061b] addiw   a2, zero, -1
C0:       2369 [1] pc=[0000000080000d78] W[r12=8000000000000000][1] R[r12=ffffffffffffffff] R[r 0=0000000000000000] inst=[03f61613] slli    a2, a2, 63
C0:       2370 [1] pc=[0000000080000d7c] W[r 1=0000000000000000][0] R[r11=ffffffff11111111] R[r 0=0000000000000000] inst=[f20580d3] fmv.d.x ft1, a1
C0:       2392 [1] pc=[0000000080000d80] W[r 2=0000000000000000][0] R[r12=8000000000000000] R[r 0=0000000000000000] inst=[f2060153] fmv.d.x ft2, a2
C0:       2396 [1] pc=[0000000080000d84] W[r 0=0000000000000000][0] R[r 1=8000000000000003] R[r 2=ffffffffffc00003] inst=[22208053] fsgnj.d ft0, ft1, ft2
C0:       2400 [1] pc=[0000000080000d88] W[r10=0000000000000001][1] R[r 0=0000000000000000] R[r 0=0000000000000000] inst=[a0002553] feq.s   a0, ft0, ft0
C0:       2403 [1] pc=[0000000080000d8c] W[r10=0000000000000000][1] R[r10=0000000000000001] R[r 0=0000000000000000] inst=[fff50513] addi    a0, a0, -1
C0:       2404 [1] pc=[0000000080000d90] W[r 0=0000000000000000][0] R[r10=0000000000000000] R[r 0=0000000000000000] inst=[00051463] bnez    a0, pc + 8
C0:       2405 [1] pc=[0000000080000d94] W[r10=0000000011111111][1] R[r 0=0000000000000000] R[r 0=0000000000000000] inst=[e0000553] fmv.x.w a0, ft0
C0:       2406 [1] pc=[0000000080000d98] W[r 7=0000000011111000][1] R[r 0=0000000000000000] R[r 0=0000000000000000] inst=[111113b7] lui     t2, 0x11111
C0:       2407 [1] pc=[0000000080000d9c] W[r 7=0000000011111111][1] R[r 7=0000000011111000] R[r 0=0000000000000000] inst=[1113839b] addiw   t2, t2, 273
C0:       2408 [1] pc=[0000000080000da0] W[r 3=0000000000000049][1] R[r 0=0000000000000000] R[r 0=0000000000000000] inst=[04900193] li      gp, 73
C0:       2409 [1] pc=[0000000080000da4] W[r 0=0000000000000000][0] R[r10=0000000011111111] R[r 7=0000000011111111] inst=[2e751e63] bne     a0, t2, pc + 764
C0:       2410 [1] pc=[0000000080000da8] W[r11=fffffffffff11000][1] R[r 0=0000000000000000] R[r 0=0000000000000000] inst=[fff115b7] lui     a1, 0xfff11
C0:       2411 [1] pc=[0000000080000dac] W[r11=fffffffffff11111][1] R[r11=fffffffffff11000] R[r 0=0000000000000000] inst=[1115859b] addiw   a1, a1, 273
C0:       2412 [1] pc=[0000000080000db0] W[r11=ffffffff11111000][1] R[r11=fffffffffff11111] R[r 0=0000000000000000] inst=[00c59593] slli    a1, a1, 12
C0:       2413 [1] pc=[0000000080000db4] W[r11=ffffffff11111111][1] R[r11=ffffffff11111000] R[r 0=0000000000000000] inst=[11158593] addi    a1, a1, 273
C0:       2414 [1] pc=[0000000080000db8] W[r12=ffffffffffffffff][1] R[r 0=0000000000000000] R[r 0=0000000000000000] inst=[fff0061b] addiw   a2, zero, -1
C0:       2415 [1] pc=[0000000080000dbc] W[r12=8000000000000000][1] R[r12=ffffffffffffffff] R[r 0=0000000000000000] inst=[03f61613] slli    a2, a2, 63
C0:       2437 [1] pc=[0000000080000dc0] W[r 1=0000000000000000][0] R[r11=ffffffff11111111] R[r 0=0000000000000000] inst=[f20580d3] fmv.d.x ft1, a1
C0:       2438 [1] pc=[0000000080000dc4] W[r 2=0000000000000000][0] R[r12=8000000000000000] R[r 0=0000000000000000] inst=[f2060153] fmv.d.x ft2, a2
C0:       2442 [1] pc=[0000000080000dc8] W[r 0=0000000000000000][0] R[r 1=8000000000000003] R[r 2=ffffffffffc00003] inst=[22208053] fsgnj.d ft0, ft1, ft2
C0:       2446 [1] pc=[0000000080000dcc] W[r10=ffffffff11111111][1] R[r 0=0000000000000000] R[r 0=0000000000000000] inst=[e2000553] fmv.x.d a0, ft0
C0:       2447 [1] pc=[0000000080000dd0] W[r 7=fffffffffff11000][1] R[r 0=0000000000000000] R[r 0=0000000000000000] inst=[fff113b7] lui     t2, 0xfff11
C0:       2448 [1] pc=[0000000080000dd4] W[r 7=fffffffffff11111][1] R[r 7=fffffffffff11000] R[r 0=0000000000000000] inst=[1113839b] addiw   t2, t2, 273
C0:       2449 [1] pc=[0000000080000dd8] W[r 7=ffffffff11111000][1] R[r 7=fffffffffff11111] R[r 0=0000000000000000] inst=[00c39393] slli    t2, t2, 12
C0:       2450 [1] pc=[0000000080000ddc] W[r 7=ffffffff11111111][1] R[r 7=ffffffff11111000] R[r 0=0000000000000000] inst=[11138393] addi    t2, t2, 273
C0:       2451 [1] pc=[0000000080000de0] W[r 3=00000000000000ad][1] R[r 0=0000000000000000] R[r 0=0000000000000000] inst=[0ad00193] li      gp, 173
C0:       2452 [1] pc=[0000000080000de4] W[r 0=0000000000000000][0] R[r10=ffffffff11111111] R[r 7=ffffffff11111111] inst=[2a751e63] bne     a0, t2, pc + 700
C0:       2453 [1] pc=[0000000080000de8] W[r11=0000000000000001][1] R[r 0=0000000000000000] R[r 0=0000000000000000] inst=[0010059b] addiw   a1, zero, 1
C0:       2454 [1] pc=[0000000080000dec] W[r11=0000008000000000][1] R[r11=0000000000000001] R[r 0=0000000000000000] inst=[02759593] slli    a1, a1, 39
C0:       2455 [1] pc=[0000000080000df0] W[r11=0000007fffffff11][1] R[r11=0000008000000000] R[r 0=0000000000000000] inst=[f1158593] addi    a1, a1, -239
C0:       2456 [1] pc=[0000000080000df4] W[r11=0007fffffff11000][1] R[r11=0000007fffffff11] R[r 0=0000000000000000] inst=[00c59593] slli    a1, a1, 12
C0:       2457 [1] pc=[0000000080000df8] W[r11=0007fffffff11111][1] R[r11=0007fffffff11000] R[r 0=0000000000000000] inst=[11158593] addi    a1, a1, 273
C0:       2458 [1] pc=[0000000080000dfc] W[r11=7fffffff11111000][1] R[r11=0007fffffff11111] R[r 0=0000000000000000] inst=[00c59593] slli    a1, a1, 12
C0:       2480 [1] pc=[0000000080000e00] W[r11=7fffffff11111111][1] R[r11=7fffffff11111000] R[r 0=0000000000000000] inst=[11158593] addi    a1, a1, 273
C0:       2481 [1] pc=[0000000080000e04] W[r12=fffffffffff11000][1] R[r 0=0000000000000000] R[r 0=0000000000000000] inst=[fff11637] lui     a2, 0xfff11
C0:       2482 [1] pc=[0000000080000e08] W[r12=fffffffffff11111][1] R[r12=fffffffffff11000] R[r 0=0000000000000000] inst=[1116061b] addiw   a2, a2, 273
C0:       2483 [1] pc=[0000000080000e0c] W[r12=ffffffff11111000][1] R[r12=fffffffffff11111] R[r 0=0000000000000000] inst=[00c61613] slli    a2, a2, 12
C0:       2484 [1] pc=[0000000080000e10] W[r12=ffffffff11111111][1] R[r12=ffffffff11111000] R[r 0=0000000000000000] inst=[11160613] addi    a2, a2, 273
C0:       2485 [1] pc=[0000000080000e14] W[r 1=0000000000000000][0] R[r11=7fffffff11111111] R[r 0=0000000000000000] inst=[f20580d3] fmv.d.x ft1, a1
C0:       2486 [1] pc=[0000000080000e18] W[r 2=0000000000000000][0] R[r12=ffffffff11111111] R[r 0=0000000000000000] inst=[f2060153] fmv.d.x ft2, a2
C0:       2490 [1] pc=[0000000080000e1c] W[r 0=0000000000000000][0] R[r 1=7fffffff11111113] R[r 2=ffffffffffc00003] inst=[22208053] fsgnj.d ft0, ft1, ft2
C0:       2494 [1] pc=[0000000080000e20] W[r10=0000000000000001][1] R[r 0=0000000000000000] R[r 0=0000000000000000] inst=[a0002553] feq.s   a0, ft0, ft0
C0:       2497 [1] pc=[0000000080000e24] W[r10=0000000000000000][1] R[r10=0000000000000001] R[r 0=0000000000000000] inst=[fff50513] addi    a0, a0, -1
C0:       2498 [1] pc=[0000000080000e28] W[r 0=0000000000000000][0] R[r10=0000000000000000] R[r 0=0000000000000000] inst=[00051463] bnez    a0, pc + 8
C0:       2499 [1] pc=[0000000080000e2c] W[r10=0000000011111111][1] R[r 0=0000000000000000] R[r 0=0000000000000000] inst=[e0000553] fmv.x.w a0, ft0
C0:       2500 [1] pc=[0000000080000e30] W[r 7=0000000011111000][1] R[r 0=0000000000000000] R[r 0=0000000000000000] inst=[111113b7] lui     t2, 0x11111
C0:       2501 [1] pc=[0000000080000e34] W[r 7=0000000011111111][1] R[r 7=0000000011111000] R[r 0=0000000000000000] inst=[1113839b] addiw   t2, t2, 273
C0:       2502 [1] pc=[0000000080000e38] W[r 3=000000000000004a][1] R[r 0=0000000000000000] R[r 0=0000000000000000] inst=[04a00193] li      gp, 74
C0:       2503 [1] pc=[0000000080000e3c] W[r 0=0000000000000000][0] R[r10=0000000011111111] R[r 7=0000000011111111] inst=[26751263] bne     a0, t2, pc + 612
C0:       2525 [1] pc=[0000000080000e40] W[r11=0000000000000001][1] R[r 0=0000000000000000] R[r 0=0000000000000000] inst=[0010059b] addiw   a1, zero, 1
C0:       2526 [1] pc=[0000000080000e44] W[r11=0000008000000000][1] R[r11=0000000000000001] R[r 0=0000000000000000] inst=[02759593] slli    a1, a1, 39
C0:       2527 [1] pc=[0000000080000e48] W[r11=0000007fffffff11][1] R[r11=0000008000000000] R[r 0=0000000000000000] inst=[f1158593] addi    a1, a1, -239
C0:       2528 [1] pc=[0000000080000e4c] W[r11=0007fffffff11000][1] R[r11=0000007fffffff11] R[r 0=0000000000000000] inst=[00c59593] slli    a1, a1, 12
C0:       2529 [1] pc=[0000000080000e50] W[r11=0007fffffff11111][1] R[r11=0007fffffff11000] R[r 0=0000000000000000] inst=[11158593] addi    a1, a1, 273
C0:       2530 [1] pc=[0000000080000e54] W[r11=7fffffff11111000][1] R[r11=0007fffffff11111] R[r 0=0000000000000000] inst=[00c59593] slli    a1, a1, 12
C0:       2531 [1] pc=[0000000080000e58] W[r11=7fffffff11111111][1] R[r11=7fffffff11111000] R[r 0=0000000000000000] inst=[11158593] addi    a1, a1, 273
C0:       2532 [1] pc=[0000000080000e5c] W[r12=fffffffffff11000][1] R[r 0=0000000000000000] R[r 0=0000000000000000] inst=[fff11637] lui     a2, 0xfff11
C0:       2533 [1] pc=[0000000080000e60] W[r12=fffffffffff11111][1] R[r12=fffffffffff11000] R[r 0=0000000000000000] inst=[1116061b] addiw   a2, a2, 273
C0:       2534 [1] pc=[0000000080000e64] W[r12=ffffffff11111000][1] R[r12=fffffffffff11111] R[r 0=0000000000000000] inst=[00c61613] slli    a2, a2, 12
C0:       2535 [1] pc=[0000000080000e68] W[r12=ffffffff11111111][1] R[r12=ffffffff11111000] R[r 0=0000000000000000] inst=[11160613] addi    a2, a2, 273
C0:       2536 [1] pc=[0000000080000e6c] W[r 1=0000000000000000][0] R[r11=7fffffff11111111] R[r 0=0000000000000000] inst=[f20580d3] fmv.d.x ft1, a1
C0:       2537 [1] pc=[0000000080000e70] W[r 2=0000000000000000][0] R[r12=ffffffff11111111] R[r 0=0000000000000000] inst=[f2060153] fmv.d.x ft2, a2
C0:       2541 [1] pc=[0000000080000e74] W[r 0=0000000000000000][0] R[r 1=7fffffff11111113] R[r 2=ffffffffffc00003] inst=[22208053] fsgnj.d ft0, ft1, ft2
C0:       2545 [1] pc=[0000000080000e78] W[r10=ffffffff11111111][1] R[r 0=0000000000000000] R[r 0=0000000000000000] inst=[e2000553] fmv.x.d a0, ft0
C0:       2546 [1] pc=[0000000080000e7c] W[r 7=fffffffffff11000][1] R[r 0=0000000000000000] R[r 0=0000000000000000] inst=[fff113b7] lui     t2, 0xfff11
C0:       2568 [1] pc=[0000000080000e80] W[r 7=fffffffffff11111][1] R[r 7=fffffffffff11000] R[r 0=0000000000000000] inst=[1113839b] addiw   t2, t2, 273
C0:       2569 [1] pc=[0000000080000e84] W[r 7=ffffffff11111000][1] R[r 7=fffffffffff11111] R[r 0=0000000000000000] inst=[00c39393] slli    t2, t2, 12
C0:       2570 [1] pc=[0000000080000e88] W[r 7=ffffffff11111111][1] R[r 7=ffffffff11111000] R[r 0=0000000000000000] inst=[11138393] addi    t2, t2, 273
C0:       2571 [1] pc=[0000000080000e8c] W[r 3=00000000000000ae][1] R[r 0=0000000000000000] R[r 0=0000000000000000] inst=[0ae00193] li      gp, 174
C0:       2572 [1] pc=[0000000080000e90] W[r 0=0000000000000000][0] R[r10=ffffffff11111111] R[r 7=ffffffff11111111] inst=[20751863] bne     a0, t2, pc + 528
C0:       2573 [1] pc=[0000000080000e94] W[r11=0000000000000001][1] R[r 0=0000000000000000] R[r 0=0000000000000000] inst=[0010059b] addiw   a1, zero, 1
C0:       2574 [1] pc=[0000000080000e98] W[r11=0000008000000000][1] R[r11=0000000000000001] R[r 0=0000000000000000] inst=[02759593] slli    a1, a1, 39
C0:       2575 [1] pc=[0000000080000e9c] W[r11=0000007fffffff11][1] R[r11=0000008000000000] R[r 0=0000000000000000] inst=[f1158593] addi    a1, a1, -239
C0:       2576 [1] pc=[0000000080000ea0] W[r11=0007fffffff11000][1] R[r11=0000007fffffff11] R[r 0=0000000000000000] inst=[00c59593] slli    a1, a1, 12
C0:       2577 [1] pc=[0000000080000ea4] W[r11=0007fffffff11111][1] R[r11=0007fffffff11000] R[r 0=0000000000000000] inst=[11158593] addi    a1, a1, 273
C0:       2578 [1] pc=[0000000080000ea8] W[r11=7fffffff11111000][1] R[r11=0007fffffff11111] R[r 0=0000000000000000] inst=[00c59593] slli    a1, a1, 12
C0:       2579 [1] pc=[0000000080000eac] W[r11=7fffffff11111111][1] R[r11=7fffffff11111000] R[r 0=0000000000000000] inst=[11158593] addi    a1, a1, 273
C0:       2580 [1] pc=[0000000080000eb0] W[r12=0000000000000001][1] R[r 0=0000000000000000] R[r 0=0000000000000000] inst=[0010061b] addiw   a2, zero, 1
C0:       2581 [1] pc=[0000000080000eb4] W[r12=0000008000000000][1] R[r12=0000000000000001] R[r 0=0000000000000000] inst=[02761613] slli    a2, a2, 39
C0:       2582 [1] pc=[0000000080000eb8] W[r12=0000007fffffff11][1] R[r12=0000008000000000] R[r 0=0000000000000000] inst=[f1160613] addi    a2, a2, -239
C0:       2583 [1] pc=[0000000080000ebc] W[r12=0007fffffff11000][1] R[r12=0000007fffffff11] R[r 0=0000000000000000] inst=[00c61613] slli    a2, a2, 12
C0:       2605 [1] pc=[0000000080000ec0] W[r12=0007fffffff11111][1] R[r12=0007fffffff11000] R[r 0=0000000000000000] inst=[11160613] addi    a2, a2, 273
C0:       2606 [1] pc=[0000000080000ec4] W[r12=7fffffff11111000][1] R[r12=0007fffffff11111] R[r 0=0000000000000000] inst=[00c61613] slli    a2, a2, 12
C0:       2607 [1] pc=[0000000080000ec8] W[r12=7fffffff11111111][1] R[r12=7fffffff11111000] R[r 0=0000000000000000] inst=[11160613] addi    a2, a2, 273
C0:       2608 [1] pc=[0000000080000ecc] W[r 1=0000000000000000][0] R[r11=7fffffff11111111] R[r 0=0000000000000000] inst=[f20580d3] fmv.d.x ft1, a1
C0:       2609 [1] pc=[0000000080000ed0] W[r 2=0000000000000000][0] R[r12=7fffffff11111111] R[r 0=0000000000000000] inst=[f2060153] fmv.d.x ft2, a2
C0:       2613 [1] pc=[0000000080000ed4] W[r 0=0000000000000000][0] R[r 1=7fffffff11111113] R[r 2=ffffffffffc00003] inst=[22208053] fsgnj.d ft0, ft1, ft2
C0:       2617 [1] pc=[0000000080000ed8] W[r10=0000000000000000][1] R[r 0=0000000000000000] R[r 0=0000000000000000] inst=[a0002553] feq.s   a0, ft0, ft0
C0:       2620 [1] pc=[0000000080000edc] W[r10=0000000000000000][1] R[r10=0000000000000000] R[r 0=0000000000000000] inst=[00050513] mv      a0, a0
C0:       2621 [1] pc=[0000000080000ee0] W[r 0=0000000000000000][0] R[r10=0000000000000000] R[r 0=0000000000000000] inst=[00051463] bnez    a0, pc + 8
C0:       2622 [1] pc=[0000000080000ee4] W[r10=0000000011111111][1] R[r 0=0000000000000000] R[r 0=0000000000000000] inst=[e0000553] fmv.x.w a0, ft0
C0:       2623 [1] pc=[0000000080000ee8] W[r 7=0000000011111000][1] R[r 0=0000000000000000] R[r 0=0000000000000000] inst=[111113b7] lui     t2, 0x11111
C0:       2624 [1] pc=[0000000080000eec] W[r 7=0000000011111111][1] R[r 7=0000000011111000] R[r 0=0000000000000000] inst=[1113839b] addiw   t2, t2, 273
C0:       2625 [1] pc=[0000000080000ef0] W[r 3=000000000000004b][1] R[r 0=0000000000000000] R[r 0=0000000000000000] inst=[04b00193] li      gp, 75
C0:       2626 [1] pc=[0000000080000ef4] W[r 0=0000000000000000][0] R[r10=0000000011111111] R[r 7=0000000011111111] inst=[1a751663] bne     a0, t2, pc + 428
C0:       2627 [1] pc=[0000000080000ef8] W[r11=0000000000000001][1] R[r 0=0000000000000000] R[r 0=0000000000000000] inst=[0010059b] addiw   a1, zero, 1
C0:       2628 [1] pc=[0000000080000efc] W[r11=0000008000000000][1] R[r11=0000000000000001] R[r 0=0000000000000000] inst=[02759593] slli    a1, a1, 39
C0:       2650 [1] pc=[0000000080000f00] W[r11=0000007fffffff11][1] R[r11=0000008000000000] R[r 0=0000000000000000] inst=[f1158593] addi    a1, a1, -239
C0:       2651 [1] pc=[0000000080000f04] W[r11=0007fffffff11000][1] R[r11=0000007fffffff11] R[r 0=0000000000000000] inst=[00c59593] slli    a1, a1, 12
C0:       2652 [1] pc=[0000000080000f08] W[r11=0007fffffff11111][1] R[r11=0007fffffff11000] R[r 0=0000000000000000] inst=[11158593] addi    a1, a1, 273
C0:       2653 [1] pc=[0000000080000f0c] W[r11=7fffffff11111000][1] R[r11=0007fffffff11111] R[r 0=0000000000000000] inst=[00c59593] slli    a1, a1, 12
C0:       2654 [1] pc=[0000000080000f10] W[r11=7fffffff11111111][1] R[r11=7fffffff11111000] R[r 0=0000000000000000] inst=[11158593] addi    a1, a1, 273
C0:       2655 [1] pc=[0000000080000f14] W[r12=0000000000000001][1] R[r 0=0000000000000000] R[r 0=0000000000000000] inst=[0010061b] addiw   a2, zero, 1
C0:       2656 [1] pc=[0000000080000f18] W[r12=0000008000000000][1] R[r12=0000000000000001] R[r 0=0000000000000000] inst=[02761613] slli    a2, a2, 39
C0:       2657 [1] pc=[0000000080000f1c] W[r12=0000007fffffff11][1] R[r12=0000008000000000] R[r 0=0000000000000000] inst=[f1160613] addi    a2, a2, -239
C0:       2658 [1] pc=[0000000080000f20] W[r12=0007fffffff11000][1] R[r12=0000007fffffff11] R[r 0=0000000000000000] inst=[00c61613] slli    a2, a2, 12
C0:       2659 [1] pc=[0000000080000f24] W[r12=0007fffffff11111][1] R[r12=0007fffffff11000] R[r 0=0000000000000000] inst=[11160613] addi    a2, a2, 273
C0:       2660 [1] pc=[0000000080000f28] W[r12=7fffffff11111000][1] R[r12=0007fffffff11111] R[r 0=0000000000000000] inst=[00c61613] slli    a2, a2, 12
C0:       2661 [1] pc=[0000000080000f2c] W[r12=7fffffff11111111][1] R[r12=7fffffff11111000] R[r 0=0000000000000000] inst=[11160613] addi    a2, a2, 273
C0:       2662 [1] pc=[0000000080000f30] W[r 1=0000000000000000][0] R[r11=7fffffff11111111] R[r 0=0000000000000000] inst=[f20580d3] fmv.d.x ft1, a1
C0:       2663 [1] pc=[0000000080000f34] W[r 2=0000000000000000][0] R[r12=7fffffff11111111] R[r 0=0000000000000000] inst=[f2060153] fmv.d.x ft2, a2
C0:       2667 [1] pc=[0000000080000f38] W[r 0=0000000000000000][0] R[r 1=7fffffff11111113] R[r 2=ffffffffffc00003] inst=[22208053] fsgnj.d ft0, ft1, ft2
C0:       2671 [1] pc=[0000000080000f3c] W[r10=7fffffff11111111][1] R[r 0=0000000000000000] R[r 0=0000000000000000] inst=[e2000553] fmv.x.d a0, ft0
C0:       2693 [1] pc=[0000000080000f40] W[r 7=0000000000000001][1] R[r 0=0000000000000000] R[r 0=0000000000000000] inst=[0010039b] addiw   t2, zero, 1
C0:       2694 [1] pc=[0000000080000f44] W[r 7=0000008000000000][1] R[r 7=0000000000000001] R[r 0=0000000000000000] inst=[02739393] slli    t2, t2, 39
C0:       2695 [1] pc=[0000000080000f48] W[r 7=0000007fffffff11][1] R[r 7=0000008000000000] R[r 0=0000000000000000] inst=[f1138393] addi    t2, t2, -239
C0:       2696 [1] pc=[0000000080000f4c] W[r 7=0007fffffff11000][1] R[r 7=0000007fffffff11] R[r 0=0000000000000000] inst=[00c39393] slli    t2, t2, 12
C0:       2697 [1] pc=[0000000080000f50] W[r 7=0007fffffff11111][1] R[r 7=0007fffffff11000] R[r 0=0000000000000000] inst=[11138393] addi    t2, t2, 273
C0:       2698 [1] pc=[0000000080000f54] W[r 7=7fffffff11111000][1] R[r 7=0007fffffff11111] R[r 0=0000000000000000] inst=[00c39393] slli    t2, t2, 12
C0:       2699 [1] pc=[0000000080000f58] W[r 7=7fffffff11111111][1] R[r 7=7fffffff11111000] R[r 0=0000000000000000] inst=[11138393] addi    t2, t2, 273
C0:       2700 [1] pc=[0000000080000f5c] W[r 3=00000000000000af][1] R[r 0=0000000000000000] R[r 0=0000000000000000] inst=[0af00193] li      gp, 175
C0:       2701 [1] pc=[0000000080000f60] W[r 0=0000000000000000][0] R[r10=7fffffff11111111] R[r 7=7fffffff11111111] inst=[14751063] bne     a0, t2, pc + 320
C0:       2702 [1] pc=[0000000080000f64] W[r11=0000000000000001][1] R[r 0=0000000000000000] R[r 0=0000000000000000] inst=[0010059b] addiw   a1, zero, 1
C0:       2703 [1] pc=[0000000080000f68] W[r11=0000008000000000][1] R[r11=0000000000000001] R[r 0=0000000000000000] inst=[02759593] slli    a1, a1, 39
C0:       2704 [1] pc=[0000000080000f6c] W[r11=0000007fffffff11][1] R[r11=0000008000000000] R[r 0=0000000000000000] inst=[f1158593] addi    a1, a1, -239
C0:       2705 [1] pc=[0000000080000f70] W[r11=0007fffffff11000][1] R[r11=0000007fffffff11] R[r 0=0000000000000000] inst=[00c59593] slli    a1, a1, 12
C0:       2706 [1] pc=[0000000080000f74] W[r11=0007fffffff11111][1] R[r11=0007fffffff11000] R[r 0=0000000000000000] inst=[11158593] addi    a1, a1, 273
C0:       2707 [1] pc=[0000000080000f78] W[r11=7fffffff11111000][1] R[r11=0007fffffff11111] R[r 0=0000000000000000] inst=[00c59593] slli    a1, a1, 12
C0:       2708 [1] pc=[0000000080000f7c] W[r11=7fffffff11111111][1] R[r11=7fffffff11111000] R[r 0=0000000000000000] inst=[11158593] addi    a1, a1, 273
C0:       2730 [1] pc=[0000000080000f80] W[r12=ffffffff91111000][1] R[r 0=0000000000000000] R[r 0=0000000000000000] inst=[91111637] lui     a2, 0x91111
C0:       2731 [1] pc=[0000000080000f84] W[r12=ffffffff91111111][1] R[r12=ffffffff91111000] R[r 0=0000000000000000] inst=[1116061b] addiw   a2, a2, 273
C0:       2732 [1] pc=[0000000080000f88] W[r 1=0000000000000000][0] R[r11=7fffffff11111111] R[r 0=0000000000000000] inst=[f20580d3] fmv.d.x ft1, a1
C0:       2733 [1] pc=[0000000080000f8c] W[r 2=0000000000000000][0] R[r12=ffffffff91111111] R[r 0=0000000000000000] inst=[f2060153] fmv.d.x ft2, a2
C0:       2737 [1] pc=[0000000080000f90] W[r 0=0000000000000000][0] R[r 1=7fffffff11111113] R[r 2=ffffffffffc00003] inst=[22208053] fsgnj.d ft0, ft1, ft2
C0:       2741 [1] pc=[0000000080000f94] W[r10=0000000000000001][1] R[r 0=0000000000000000] R[r 0=0000000000000000] inst=[a0002553] feq.s   a0, ft0, ft0
C0:       2744 [1] pc=[0000000080000f98] W[r10=0000000000000000][1] R[r10=0000000000000001] R[r 0=0000000000000000] inst=[fff50513] addi    a0, a0, -1
C0:       2745 [1] pc=[0000000080000f9c] W[r 0=0000000000000000][0] R[r10=0000000000000000] R[r 0=0000000000000000] inst=[00051463] bnez    a0, pc + 8
C0:       2746 [1] pc=[0000000080000fa0] W[r10=0000000011111111][1] R[r 0=0000000000000000] R[r 0=0000000000000000] inst=[e0000553] fmv.x.w a0, ft0
C0:       2747 [1] pc=[0000000080000fa4] W[r 7=0000000011111000][1] R[r 0=0000000000000000] R[r 0=0000000000000000] inst=[111113b7] lui     t2, 0x11111
C0:       2748 [1] pc=[0000000080000fa8] W[r 7=0000000011111111][1] R[r 7=0000000011111000] R[r 0=0000000000000000] inst=[1113839b] addiw   t2, t2, 273
C0:       2749 [1] pc=[0000000080000fac] W[r 3=000000000000004c][1] R[r 0=0000000000000000] R[r 0=0000000000000000] inst=[04c00193] li      gp, 76
C0:       2750 [1] pc=[0000000080000fb0] W[r 0=0000000000000000][0] R[r10=0000000011111111] R[r 7=0000000011111111] inst=[0e751863] bne     a0, t2, pc + 240
C0:       2751 [1] pc=[0000000080000fb4] W[r11=0000000000000001][1] R[r 0=0000000000000000] R[r 0=0000000000000000] inst=[0010059b] addiw   a1, zero, 1
C0:       2752 [1] pc=[0000000080000fb8] W[r11=0000008000000000][1] R[r11=0000000000000001] R[r 0=0000000000000000] inst=[02759593] slli    a1, a1, 39
C0:       2753 [1] pc=[0000000080000fbc] W[r11=0000007fffffff11][1] R[r11=0000008000000000] R[r 0=0000000000000000] inst=[f1158593] addi    a1, a1, -239
C0:       2775 [1] pc=[0000000080000fc0] W[r11=0007fffffff11000][1] R[r11=0000007fffffff11] R[r 0=0000000000000000] inst=[00c59593] slli    a1, a1, 12
C0:       2776 [1] pc=[0000000080000fc4] W[r11=0007fffffff11111][1] R[r11=0007fffffff11000] R[r 0=0000000000000000] inst=[11158593] addi    a1, a1, 273
C0:       2777 [1] pc=[0000000080000fc8] W[r11=7fffffff11111000][1] R[r11=0007fffffff11111] R[r 0=0000000000000000] inst=[00c59593] slli    a1, a1, 12
C0:       2778 [1] pc=[0000000080000fcc] W[r11=7fffffff11111111][1] R[r11=7fffffff11111000] R[r 0=0000000000000000] inst=[11158593] addi    a1, a1, 273
C0:       2779 [1] pc=[0000000080000fd0] W[r12=ffffffff91111000][1] R[r 0=0000000000000000] R[r 0=0000000000000000] inst=[91111637] lui     a2, 0x91111
C0:       2780 [1] pc=[0000000080000fd4] W[r12=ffffffff91111111][1] R[r12=ffffffff91111000] R[r 0=0000000000000000] inst=[1116061b] addiw   a2, a2, 273
C0:       2781 [1] pc=[0000000080000fd8] W[r 1=0000000000000000][0] R[r11=7fffffff11111111] R[r 0=0000000000000000] inst=[f20580d3] fmv.d.x ft1, a1
C0:       2782 [1] pc=[0000000080000fdc] W[r 2=0000000000000000][0] R[r12=ffffffff91111111] R[r 0=0000000000000000] inst=[f2060153] fmv.d.x ft2, a2
C0:       2786 [1] pc=[0000000080000fe0] W[r 0=0000000000000000][0] R[r 1=7fffffff11111113] R[r 2=ffffffffffc00003] inst=[22208053] fsgnj.d ft0, ft1, ft2
C0:       2790 [1] pc=[0000000080000fe4] W[r10=ffffffff11111111][1] R[r 0=0000000000000000] R[r 0=0000000000000000] inst=[e2000553] fmv.x.d a0, ft0
C0:       2791 [1] pc=[0000000080000fe8] W[r 7=fffffffffff11000][1] R[r 0=0000000000000000] R[r 0=0000000000000000] inst=[fff113b7] lui     t2, 0xfff11
C0:       2792 [1] pc=[0000000080000fec] W[r 7=fffffffffff11111][1] R[r 7=fffffffffff11000] R[r 0=0000000000000000] inst=[1113839b] addiw   t2, t2, 273
C0:       2793 [1] pc=[0000000080000ff0] W[r 7=ffffffff11111000][1] R[r 7=fffffffffff11111] R[r 0=0000000000000000] inst=[00c39393] slli    t2, t2, 12
C0:       2794 [1] pc=[0000000080000ff4] W[r 7=ffffffff11111111][1] R[r 7=ffffffff11111000] R[r 0=0000000000000000] inst=[11138393] addi    t2, t2, 273
C0:       2795 [1] pc=[0000000080000ff8] W[r 3=00000000000000b0][1] R[r 0=0000000000000000] R[r 0=0000000000000000] inst=[0b000193] li      gp, 176
C0:       2796 [1] pc=[0000000080000ffc] W[r 0=0000000000000000][0] R[r10=ffffffff11111111] R[r 7=ffffffff11111111] inst=[0a751263] bne     a0, t2, pc + 164
C0:       2818 [1] pc=[0000000080001000] W[r11=0000000000000001][1] R[r 0=0000000000000000] R[r 0=0000000000000000] inst=[0010059b] addiw   a1, zero, 1
C0:       2819 [1] pc=[0000000080001004] W[r11=0000008000000000][1] R[r11=0000000000000001] R[r 0=0000000000000000] inst=[02759593] slli    a1, a1, 39
C0:       2820 [1] pc=[0000000080001008] W[r11=0000007fffffff11][1] R[r11=0000008000000000] R[r 0=0000000000000000] inst=[f1158593] addi    a1, a1, -239
C0:       2821 [1] pc=[000000008000100c] W[r11=0007fffffff11000][1] R[r11=0000007fffffff11] R[r 0=0000000000000000] inst=[00c59593] slli    a1, a1, 12
C0:       2822 [1] pc=[0000000080001010] W[r11=0007fffffff11111][1] R[r11=0007fffffff11000] R[r 0=0000000000000000] inst=[11158593] addi    a1, a1, 273
C0:       2823 [1] pc=[0000000080001014] W[r11=7fffffff11111000][1] R[r11=0007fffffff11111] R[r 0=0000000000000000] inst=[00c59593] slli    a1, a1, 12
C0:       2824 [1] pc=[0000000080001018] W[r11=7fffffff11111111][1] R[r11=7fffffff11111000] R[r 0=0000000000000000] inst=[11158593] addi    a1, a1, 273
C0:       2825 [1] pc=[000000008000101c] W[r12=ffffffffffffffff][1] R[r 0=0000000000000000] R[r 0=0000000000000000] inst=[fff0061b] addiw   a2, zero, -1
C0:       2826 [1] pc=[0000000080001020] W[r12=8000000000000000][1] R[r12=ffffffffffffffff] R[r 0=0000000000000000] inst=[03f61613] slli    a2, a2, 63
C0:       2827 [1] pc=[0000000080001024] W[r 1=0000000000000000][0] R[r11=7fffffff11111111] R[r 0=0000000000000000] inst=[f20580d3] fmv.d.x ft1, a1
C0:       2828 [1] pc=[0000000080001028] W[r 2=0000000000000000][0] R[r12=8000000000000000] R[r 0=0000000000000000] inst=[f2060153] fmv.d.x ft2, a2
C0:       2832 [1] pc=[000000008000102c] W[r 0=0000000000000000][0] R[r 1=7fffffff11111113] R[r 2=ffffffffffc00003] inst=[22208053] fsgnj.d ft0, ft1, ft2
C0:       2836 [1] pc=[0000000080001030] W[r10=0000000000000001][1] R[r 0=0000000000000000] R[r 0=0000000000000000] inst=[a0002553] feq.s   a0, ft0, ft0
C0:       2839 [1] pc=[0000000080001034] W[r10=0000000000000000][1] R[r10=0000000000000001] R[r 0=0000000000000000] inst=[fff50513] addi    a0, a0, -1
C0:       2840 [1] pc=[0000000080001038] W[r 0=0000000000000000][0] R[r10=0000000000000000] R[r 0=0000000000000000] inst=[00051463] bnez    a0, pc + 8
C0:       2841 [1] pc=[000000008000103c] W[r10=0000000011111111][1] R[r 0=0000000000000000] R[r 0=0000000000000000] inst=[e0000553] fmv.x.w a0, ft0
C0:       2863 [1] pc=[0000000080001040] W[r 7=0000000011111000][1] R[r 0=0000000000000000] R[r 0=0000000000000000] inst=[111113b7] lui     t2, 0x11111
C0:       2864 [1] pc=[0000000080001044] W[r 7=0000000011111111][1] R[r 7=0000000011111000] R[r 0=0000000000000000] inst=[1113839b] addiw   t2, t2, 273
C0:       2865 [1] pc=[0000000080001048] W[r 3=000000000000004d][1] R[r 0=0000000000000000] R[r 0=0000000000000000] inst=[04d00193] li      gp, 77
C0:       2866 [1] pc=[000000008000104c] W[r 0=0000000000000000][0] R[r10=0000000011111111] R[r 7=0000000011111111] inst=[04751a63] bne     a0, t2, pc + 84
C0:       2867 [1] pc=[0000000080001050] W[r11=0000000000000001][1] R[r 0=0000000000000000] R[r 0=0000000000000000] inst=[0010059b] addiw   a1, zero, 1
C0:       2868 [1] pc=[0000000080001054] W[r11=0000008000000000][1] R[r11=0000000000000001] R[r 0=0000000000000000] inst=[02759593] slli    a1, a1, 39
C0:       2869 [1] pc=[0000000080001058] W[r11=0000007fffffff11][1] R[r11=0000008000000000] R[r 0=0000000000000000] inst=[f1158593] addi    a1, a1, -239
C0:       2870 [1] pc=[000000008000105c] W[r11=0007fffffff11000][1] R[r11=0000007fffffff11] R[r 0=0000000000000000] inst=[00c59593] slli    a1, a1, 12
C0:       2871 [1] pc=[0000000080001060] W[r11=0007fffffff11111][1] R[r11=0007fffffff11000] R[r 0=0000000000000000] inst=[11158593] addi    a1, a1, 273
C0:       2872 [1] pc=[0000000080001064] W[r11=7fffffff11111000][1] R[r11=0007fffffff11111] R[r 0=0000000000000000] inst=[00c59593] slli    a1, a1, 12
C0:       2873 [1] pc=[0000000080001068] W[r11=7fffffff11111111][1] R[r11=7fffffff11111000] R[r 0=0000000000000000] inst=[11158593] addi    a1, a1, 273
C0:       2874 [1] pc=[000000008000106c] W[r12=ffffffffffffffff][1] R[r 0=0000000000000000] R[r 0=0000000000000000] inst=[fff0061b] addiw   a2, zero, -1
C0:       2875 [1] pc=[0000000080001070] W[r12=8000000000000000][1] R[r12=ffffffffffffffff] R[r 0=0000000000000000] inst=[03f61613] slli    a2, a2, 63
C0:       2876 [1] pc=[0000000080001074] W[r 1=0000000000000000][0] R[r11=7fffffff11111111] R[r 0=0000000000000000] inst=[f20580d3] fmv.d.x ft1, a1
C0:       2877 [1] pc=[0000000080001078] W[r 2=0000000000000000][0] R[r12=8000000000000000] R[r 0=0000000000000000] inst=[f2060153] fmv.d.x ft2, a2
C0:       2881 [1] pc=[000000008000107c] W[r 0=0000000000000000][0] R[r 1=7fffffff11111113] R[r 2=ffffffffffc00003] inst=[22208053] fsgnj.d ft0, ft1, ft2
C0:       2903 [1] pc=[0000000080001080] W[r10=ffffffff11111111][1] R[r 0=0000000000000000] R[r 0=0000000000000000] inst=[e2000553] fmv.x.d a0, ft0
C0:       2904 [1] pc=[0000000080001084] W[r 7=fffffffffff11000][1] R[r 0=0000000000000000] R[r 0=0000000000000000] inst=[fff113b7] lui     t2, 0xfff11
C0:       2905 [1] pc=[0000000080001088] W[r 7=fffffffffff11111][1] R[r 7=fffffffffff11000] R[r 0=0000000000000000] inst=[1113839b] addiw   t2, t2, 273
C0:       2906 [1] pc=[000000008000108c] W[r 7=ffffffff11111000][1] R[r 7=fffffffffff11111] R[r 0=0000000000000000] inst=[00c39393] slli    t2, t2, 12
C0:       2907 [1] pc=[0000000080001090] W[r 7=ffffffff11111111][1] R[r 7=ffffffff11111000] R[r 0=0000000000000000] inst=[11138393] addi    t2, t2, 273
C0:       2908 [1] pc=[0000000080001094] W[r 3=00000000000000b1][1] R[r 0=0000000000000000] R[r 0=0000000000000000] inst=[0b100193] li      gp, 177
C0:       2909 [1] pc=[0000000080001098] W[r 0=0000000000000000][0] R[r10=ffffffff11111111] R[r 7=ffffffff11111111] inst=[00751463] bne     a0, t2, pc + 8
C0:       2910 [1] pc=[000000008000109c] W[r 0=0000000000000000][0] R[r 0=0000000000000000] R[r 3=00000000000000b1] inst=[02301063] bne     zero, gp, pc + 32
C0:       2914 [1] pc=[00000000800010bc] W[r 0=0000000000000000][0] R[r 0=0000000000000000] R[r 0=0000000000000000] inst=[0ff0000f] fence   iorw,iorw
C0:       2936 [1] pc=[00000000800010c0] W[r 3=0000000000000001][1] R[r 0=0000000000000000] R[r 0=0000000000000000] inst=[00100193] li      gp, 1
C0:       2937 [1] pc=[00000000800010c4] W[r17=000000000000005d][1] R[r 0=0000000000000000] R[r 0=0000000000000000] inst=[05d00893] li      a7, 93
C0:       2938 [1] pc=[00000000800010c8] W[r10=0000000000000000][1] R[r 0=0000000000000000] R[r 0=0000000000000000] inst=[00000513] li      a0, 0
C0:       2939 [0] pc=[00000000800010cc] W[r 0=0000000000000000][0] R[r 0=0000000000000000] R[r 0=0000000000000000] inst=[00000073] ecall
C0:       2944 [1] pc=[0000000080000004] W[r30=0000000000000008][1] R[r 0=0000000000000000] R[r 0=0000000000000000] inst=[34202f73] csrr    t5, unknown_342
C0:       2945 [1] pc=[0000000080000008] W[r31=0000000000000008][1] R[r 0=0000000000000000] R[r 0=0000000000000000] inst=[00800f93] li      t6, 8
C0:       2947 [1] pc=[000000008000000c] W[r 0=0000000000000000][0] R[r30=0000000000000008] R[r31=0000000000000008] inst=[07ff0663] beq     t5, t6, pc + 108
C0:       2972 [1] pc=[0000000080000078] W[r30=0000000080002078][1] R[r 0=0000000000000000] R[r 0=0000000000000000] inst=[00002f17] auipc   t5, 0x2
C0:       2989 [1] pc=[000000008000007c] W[r 0=0000000000000000][0] R[r30=0000000080002078] R[r 3=0000000000000001] inst=[f83f2423] sw      gp, -120(t5)
C0:       2990 [1] pc=[0000000080000080] W[r 0=0000000080000084][1] R[r 0=0000000000000000] R[r 0=0000000000000000] inst=[ff9ff06f] j       pc - 0x8
C0:       2991 [1] pc=[0000000080000078] W[r30=0000000080002078][1] R[r 0=0000000000000000] R[r 0=0000000000000000] inst=[00002f17] auipc   t5, 0x2
C0:       2992 [1] pc=[000000008000007c] W[r 0=0000000000000000][0] R[r30=0000000080002078] R[r 3=0000000000000001] inst=[f83f2423] sw      gp, -120(t5)
C0:       2993 [1] pc=[0000000080000080] W[r 0=0000000080000084][1] R[r 0=0000000000000000] R[r 0=0000000000000000] inst=[ff9ff06f] j       pc - 0x8
C0:       2994 [1] pc=[0000000080000078] W[r30=0000000080002078][1] R[r 0=0000000000000000] R[r 0=0000000000000000] inst=[00002f17] auipc   t5, 0x2
C0:       2995 [1] pc=[000000008000007c] W[r 0=0000000000000000][0] R[r30=0000000080002078] R[r 3=0000000000000001] inst=[f83f2423] sw      gp, -120(t5)
C0:       2996 [1] pc=[0000000080000080] W[r 0=0000000080000084][1] R[r 0=0000000000000000] R[r 0=0000000000000000] inst=[ff9ff06f] j       pc - 0x8
C0:       2997 [1] pc=[0000000080000078] W[r30=0000000080002078][1] R[r 0=0000000000000000] R[r 0=0000000000000000] inst=[00002f17] auipc   t5, 0x2
C0:       3023 [1] pc=[000000008000007c] W[r 0=0000000000000000][0] R[r30=0000000080002078] R[r 3=0000000000000001] inst=[f83f2423] sw      gp, -120(t5)
C0:       3024 [1] pc=[0000000080000080] W[r 0=0000000080000084][1] R[r 0=0000000000000000] R[r 0=0000000000000000] inst=[ff9ff06f] j       pc - 0x8
C0:       3025 [1] pc=[0000000080000078] W[r30=0000000080002078][1] R[r 0=0000000000000000] R[r 0=0000000000000000] inst=[00002f17] auipc   t5, 0x2
C0:       3026 [1] pc=[000000008000007c] W[r 0=0000000000000000][0] R[r30=0000000080002078] R[r 3=0000000000000001] inst=[f83f2423] sw      gp, -120(t5)
C0:       3027 [1] pc=[0000000080000080] W[r 0=0000000080000084][1] R[r 0=0000000000000000] R[r 0=0000000000000000] inst=[ff9ff06f] j       pc - 0x8
C0:       3028 [1] pc=[0000000080000078] W[r30=0000000080002078][1] R[r 0=0000000000000000] R[r 0=0000000000000000] inst=[00002f17] auipc   t5, 0x2
C0:       3029 [1] pc=[000000008000007c] W[r 0=0000000000000000][0] R[r30=0000000080002078] R[r 3=0000000000000001] inst=[f83f2423] sw      gp, -120(t5)
C0:       3030 [1] pc=[0000000080000080] W[r 0=0000000080000084][1] R[r 0=0000000000000000] R[r 0=0000000000000000] inst=[ff9ff06f] j       pc - 0x8
C0:       3031 [1] pc=[0000000080000078] W[r30=0000000080002078][1] R[r 0=0000000000000000] R[r 0=0000000000000000] inst=[00002f17] auipc   t5, 0x2
C0:       3032 [1] pc=[000000008000007c] W[r 0=0000000000000000][0] R[r30=0000000080002078] R[r 3=0000000000000001] inst=[f83f2423] sw      gp, -120(t5)
C0:       3033 [1] pc=[0000000080000080] W[r 0=0000000080000084][1] R[r 0=0000000000000000] R[r 0=0000000000000000] inst=[ff9ff06f] j       pc - 0x8
C0:       3034 [1] pc=[0000000080000078] W[r30=0000000080002078][1] R[r 0=0000000000000000] R[r 0=0000000000000000] inst=[00002f17] auipc   t5, 0x2
C0:       3035 [1] pc=[000000008000007c] W[r 0=0000000000000000][0] R[r30=0000000080002078] R[r 3=0000000000000001] inst=[f83f2423] sw      gp, -120(t5)
C0:       3036 [1] pc=[0000000080000080] W[r 0=0000000080000084][1] R[r 0=0000000000000000] R[r 0=0000000000000000] inst=[ff9ff06f] j       pc - 0x8
C0:       3037 [1] pc=[0000000080000078] W[r30=0000000080002078][1] R[r 0=0000000000000000] R[r 0=0000000000000000] inst=[00002f17] auipc   t5, 0x2
C0:       3038 [1] pc=[000000008000007c] W[r 0=0000000000000000][0] R[r30=0000000080002078] R[r 3=0000000000000001] inst=[f83f2423] sw      gp, -120(t5)
C0:       3039 [1] pc=[0000000080000080] W[r 0=0000000080000084][1] R[r 0=0000000000000000] R[r 0=0000000000000000] inst=[ff9ff06f] j       pc - 0x8
C0:       3040 [1] pc=[0000000080000078] W[r30=0000000080002078][1] R[r 0=0000000000000000] R[r 0=0000000000000000] inst=[00002f17] auipc   t5, 0x2
C0:       3041 [1] pc=[000000008000007c] W[r 0=0000000000000000][0] R[r30=0000000080002078] R[r 3=0000000000000001] inst=[f83f2423] sw      gp, -120(t5)
C0:       3042 [1] pc=[0000000080000080] W[r 0=0000000080000084][1] R[r 0=0000000000000000] R[r 0=0000000000000000] inst=[ff9ff06f] j       pc - 0x8
C0:       3043 [1] pc=[0000000080000078] W[r30=0000000080002078][1] R[r 0=0000000000000000] R[r 0=0000000000000000] inst=[00002f17] auipc   t5, 0x2
C0:       3044 [1] pc=[000000008000007c] W[r 0=0000000000000000][0] R[r30=0000000080002078] R[r 3=0000000000000001] inst=[f83f2423] sw      gp, -120(t5)
C0:       3045 [1] pc=[0000000080000080] W[r 0=0000000080000084][1] R[r 0=0000000000000000] R[r 0=0000000000000000] inst=[ff9ff06f] j       pc - 0x8
C0:       3046 [1] pc=[0000000080000078] W[r30=0000000080002078][1] R[r 0=0000000000000000] R[r 0=0000000000000000] inst=[00002f17] auipc   t5, 0x2
C0:       3047 [1] pc=[000000008000007c] W[r 0=0000000000000000][0] R[r30=0000000080002078] R[r 3=0000000000000001] inst=[f83f2423] sw      gp, -120(t5)
C0:       3048 [1] pc=[0000000080000080] W[r 0=0000000080000084][1] R[r 0=0000000000000000] R[r 0=0000000000000000] inst=[ff9ff06f] j       pc - 0x8
C0:       3049 [1] pc=[0000000080000078] W[r30=0000000080002078][1] R[r 0=0000000000000000] R[r 0=0000000000000000] inst=[00002f17] auipc   t5, 0x2
C0:       3050 [1] pc=[000000008000007c] W[r 0=0000000000000000][0] R[r30=0000000080002078] R[r 3=0000000000000001] inst=[f83f2423] sw      gp, -120(t5)
C0:       3051 [1] pc=[0000000080000080] W[r 0=0000000080000084][1] R[r 0=0000000000000000] R[r 0=0000000000000000] inst=[ff9ff06f] j       pc - 0x8
C0:       3052 [1] pc=[0000000080000078] W[r30=0000000080002078][1] R[r 0=0000000000000000] R[r 0=0000000000000000] inst=[00002f17] auipc   t5, 0x2
C0:       3053 [1] pc=[000000008000007c] W[r 0=0000000000000000][0] R[r30=0000000080002078] R[r 3=0000000000000001] inst=[f83f2423] sw      gp, -120(t5)
C0:       3054 [1] pc=[0000000080000080] W[r 0=0000000080000084][1] R[r 0=0000000000000000] R[r 0=0000000000000000] inst=[ff9ff06f] j       pc - 0x8
C0:       3055 [1] pc=[0000000080000078] W[r30=0000000080002078][1] R[r 0=0000000000000000] R[r 0=0000000000000000] inst=[00002f17] auipc   t5, 0x2
*** PASSED *** Completed after 59661 cycles
