using random seed 1632258109
This emulator compiled with JTAG Remote Bitbang client. To enable, use +jtag_rbb_enable=1.
Listening on port 36911
== Loading device model file '/home/fleker/Desktop/chipyard/generators/testchipip/src/main/resources/dramsim2_ini/DDR3_micron_64M_8B_x4_sg15.ini' == 
== Loading system model file '/home/fleker/Desktop/chipyard/generators/testchipip/src/main/resources/dramsim2_ini/system.ini' == 
===== MemorySystem 0 =====
CH. 0 TOTAL_STORAGE : 4096MB | 1 Ranks | 16 Devices per rank
DRAMSim2 Clock Frequency =666666666Hz, CPU Clock Frequency=100000000Hz
C0:         19 [1] pc=[0000000000010040] W[r10=0000000000010040][1] R[r 0=0000000000000000] R[r 0=0000000000000000] inst=[00000517] auipc   a0, 0x0
C0:         20 [1] pc=[0000000000010044] W[r10=0000000000010000][1] R[r10=0000000000010040] R[r 0=0000000000000000] inst=[fc050513] addi    a0, a0, -64
C0:         21 [1] pc=[0000000000010048] W[r 0=0000000000000000][1] R[r10=0000000000010000] R[r 0=0000000000000000] inst=[30551073] csrw    unknown_305, a0
C0:         26 [1] pc=[000000000001004c] W[r 5=800000000094112d][1] R[r 0=0000000000000000] R[r 0=0000000000000000] inst=[301022f3] csrr    t0, unknown_301
C0:         29 [1] pc=[0000000000010050] W[r 5=ffffe00000000025][1] R[r 5=800000000094112d] R[r 0=0000000000000000] inst=[4122d293] srai    t0, t0, 18
C0:         30 [1] pc=[0000000000010054] W[r 5=0000000000000001][1] R[r 5=ffffe00000000025] R[r 0=0000000000000000] inst=[0012f293] andi    t0, t0, 1
C0:         31 [1] pc=[0000000000010058] W[r 0=0000000000000000][0] R[r 5=0000000000000001] R[r 0=0000000000000000] inst=[00028463] beqz    t0, pc + 8
C0:         32 [1] pc=[000000000001005c] W[r 0=0000000000000000][1] R[r 0=0000000000000000] R[r 0=0000000000000000] inst=[30301073] csrw    unknown_303, zero
C0:         37 [1] pc=[0000000000010060] W[r10=0000000000000008][1] R[r 0=0000000000000000] R[r 0=0000000000000000] inst=[00800513] li      a0, 8
C0:         38 [1] pc=[0000000000010064] W[r 0=0000000000000000][1] R[r10=0000000000000008] R[r 0=0000000000000000] inst=[30451073] csrw    unknown_304, a0
C0:         43 [1] pc=[0000000000010068] W[r 0=0000000a00001800][1] R[r10=0000000000000008] R[r 0=0000000000000000] inst=[30052073] csrs    unknown_300, a0
C0:         48 [1] pc=[000000000001006c] W[r 0=0000000000000000][0] R[r 0=0000000000000000] R[r 0=0000000000000000] inst=[10500073] wfi
C0:         51 [0] pc=[0000000000010070] W[r 0=0000000000000000][0] R[r31=0000000000000008] R[r 0=0000000000000000] inst=[ffdff06f] j       pc - 0x4
C0:         70 [1] pc=[0000000000010000] W[r11=0000000002000000][1] R[r 0=0000000000000000] R[r 0=0000000000000000] inst=[020005b7] lui     a1, 0x2000
C0:         71 [1] pc=[0000000000010004] W[r10=0000000000000000][1] R[r 0=0000000000000000] R[r 0=0000000000000000] inst=[f1402573] csrr    a0, unknown_f14
C0:         74 [1] pc=[0000000000010008] W[r 0=0000000000000000][0] R[r10=0000000000000000] R[r 0=0000000000000000] inst=[00050463] beqz    a0, pc + 8
C0:         78 [1] pc=[0000000000010010] W[r12=0000000002000004][1] R[r11=0000000002000000] R[r 0=0000000000000000] inst=[00458613] addi    a2, a1, 4
C0:         79 [1] pc=[0000000000010014] W[r13=0000000000000001][1] R[r 0=0000000000000000] R[r 0=0000000000000000] inst=[00100693] li      a3, 1
C0:         80 [1] pc=[0000000000010018] W[r 0=0000000000000000][0] R[r12=0000000002000004] R[r13=0000000000000001] inst=[00d62023] sw      a3, 0(a2)
C0:         81 [1] pc=[000000000001001c] W[r12=0000000002000008][1] R[r12=0000000002000004] R[r 0=0000000000000000] inst=[00460613] addi    a2, a2, 4
C0:         87 [1] pc=[0000000000010020] W[r13=0000000000000000][0] R[r12=0000000002000008] R[r 0=0000000000000000] inst=[ffc62683] lw      a3, -4(a2)
C0:         95 [1] pc=[0000000000010024] W[r 0=0000000000000000][0] R[r13=0000000000000000] R[r 0=0000000000000000] inst=[fe069ae3] bnez    a3, pc - 12
C0:         96 [1] pc=[0000000000010028] W[r 0=000000000001002c][1] R[r 0=0000000000000000] R[r 0=0000000000000000] inst=[05c0006f] j       pc + 0x5c
C0:        116 [1] pc=[0000000000010084] W[r 0=0000000000000000][0] R[r11=0000000002000000] R[r 0=0000000000000000] inst=[0005a023] sw      zero, 0(a1)
C0:        117 [1] pc=[0000000000010088] W[r10=0000000000004000][1] R[r 0=0000000000000000] R[r 0=0000000000000000] inst=[00004537] lui     a0, 0x4
C0:        123 [1] pc=[000000000001008c] W[r10=0000000000000000][0] R[r10=0000000000004000] R[r 0=0000000000000000] inst=[00056503] lwu     a0, 0(a0)
C0:        135 [1] pc=[0000000000010090] W[r 0=0000000000010070][1] R[r10=0000000080000000] R[r 0=0000000000000000] inst=[34151073] csrw    unknown_341, a0
C0:        136 [1] pc=[0000000000010094] W[r10=0000000000000000][1] R[r 0=0000000000000000] R[r 0=0000000000000000] inst=[f1402573] csrr    a0, unknown_f14
C0:        137 [1] pc=[0000000000010098] W[r11=0000000000010098][1] R[r 0=0000000000000000] R[r 0=0000000000000000] inst=[00000597] auipc   a1, 0x0
C0:        138 [1] pc=[000000000001009c] W[r11=00000000000100b0][1] R[r11=0000000000010098] R[r 0=0000000000000000] inst=[01858593] addi    a1, a1, 24
C0:        139 [1] pc=[00000000000100a0] W[r12=0000000000000080][1] R[r 0=0000000000000000] R[r 0=0000000000000000] inst=[08000613] li      a2, 128
C0:        140 [1] pc=[00000000000100a4] W[r 0=0000000a00001880][1] R[r12=0000000000000080] R[r 0=0000000000000000] inst=[30063073] csrc    unknown_300, a2
C0:        145 [1] pc=[00000000000100a8] W[r 0=0000000000000000][0] R[r 0=0000000000000000] R[r 0=0000000000000000] inst=[30200073] mret
C0:        166 [1] pc=[0000000080000000] W[r 0=0000000080000004][1] R[r 0=0000000000000000] R[r 0=0000000000000000] inst=[0840006f] j       pc + 0x84
C0:        189 [1] pc=[0000000080000084] W[r 1=0000000000000000][1] R[r 0=0000000000000000] R[r 0=0000000000000000] inst=[00000093] li      ra, 0
C0:        190 [1] pc=[0000000080000088] W[r 2=0000000000000000][1] R[r 0=0000000000000000] R[r 0=0000000000000000] inst=[00000113] li      sp, 0
C0:        191 [1] pc=[000000008000008c] W[r 3=0000000000000000][1] R[r 0=0000000000000000] R[r 0=0000000000000000] inst=[00000193] li      gp, 0
C0:        192 [1] pc=[0000000080000090] W[r 4=0000000000000000][1] R[r 0=0000000000000000] R[r 0=0000000000000000] inst=[00000213] li      tp, 0
C0:        193 [1] pc=[0000000080000094] W[r 5=0000000000000000][1] R[r 0=0000000000000000] R[r 0=0000000000000000] inst=[00000293] li      t0, 0
C0:        194 [1] pc=[0000000080000098] W[r 6=0000000000000000][1] R[r 0=0000000000000000] R[r 0=0000000000000000] inst=[00000313] li      t1, 0
C0:        195 [1] pc=[000000008000009c] W[r 7=0000000000000000][1] R[r 0=0000000000000000] R[r 0=0000000000000000] inst=[00000393] li      t2, 0
C0:        196 [1] pc=[00000000800000a0] W[r 8=0000000000000000][1] R[r 0=0000000000000000] R[r 0=0000000000000000] inst=[00000413] li      s0, 0
C0:        197 [1] pc=[00000000800000a4] W[r 9=0000000000000000][1] R[r 0=0000000000000000] R[r 0=0000000000000000] inst=[00000493] li      s1, 0
C0:        198 [1] pc=[00000000800000a8] W[r10=0000000000000000][1] R[r 0=0000000000000000] R[r 0=0000000000000000] inst=[00000513] li      a0, 0
C0:        199 [1] pc=[00000000800000ac] W[r11=0000000000000000][1] R[r 0=0000000000000000] R[r 0=0000000000000000] inst=[00000593] li      a1, 0
C0:        200 [1] pc=[00000000800000b0] W[r12=0000000000000000][1] R[r 0=0000000000000000] R[r 0=0000000000000000] inst=[00000613] li      a2, 0
C0:        201 [1] pc=[00000000800000b4] W[r13=0000000000000000][1] R[r 0=0000000000000000] R[r 0=0000000000000000] inst=[00000693] li      a3, 0
C0:        202 [1] pc=[00000000800000b8] W[r14=0000000000000000][1] R[r 0=0000000000000000] R[r 0=0000000000000000] inst=[00000713] li      a4, 0
C0:        203 [1] pc=[00000000800000bc] W[r15=0000000000000000][1] R[r 0=0000000000000000] R[r 0=0000000000000000] inst=[00000793] li      a5, 0
C0:        225 [1] pc=[00000000800000c0] W[r16=0000000000000000][1] R[r 0=0000000000000000] R[r 0=0000000000000000] inst=[00000813] li      a6, 0
C0:        226 [1] pc=[00000000800000c4] W[r17=0000000000000000][1] R[r 0=0000000000000000] R[r 0=0000000000000000] inst=[00000893] li      a7, 0
C0:        227 [1] pc=[00000000800000c8] W[r18=0000000000000000][1] R[r 0=0000000000000000] R[r 0=0000000000000000] inst=[00000913] li      s2, 0
C0:        228 [1] pc=[00000000800000cc] W[r19=0000000000000000][1] R[r 0=0000000000000000] R[r 0=0000000000000000] inst=[00000993] li      s3, 0
C0:        229 [1] pc=[00000000800000d0] W[r20=0000000000000000][1] R[r 0=0000000000000000] R[r 0=0000000000000000] inst=[00000a13] li      s4, 0
C0:        230 [1] pc=[00000000800000d4] W[r21=0000000000000000][1] R[r 0=0000000000000000] R[r 0=0000000000000000] inst=[00000a93] li      s5, 0
C0:        231 [1] pc=[00000000800000d8] W[r22=0000000000000000][1] R[r 0=0000000000000000] R[r 0=0000000000000000] inst=[00000b13] li      s6, 0
C0:        232 [1] pc=[00000000800000dc] W[r23=0000000000000000][1] R[r 0=0000000000000000] R[r 0=0000000000000000] inst=[00000b93] li      s7, 0
C0:        233 [1] pc=[00000000800000e0] W[r24=0000000000000000][1] R[r 0=0000000000000000] R[r 0=0000000000000000] inst=[00000c13] li      s8, 0
C0:        234 [1] pc=[00000000800000e4] W[r25=0000000000000000][1] R[r 0=0000000000000000] R[r 0=0000000000000000] inst=[00000c93] li      s9, 0
C0:        235 [1] pc=[00000000800000e8] W[r26=0000000000000000][1] R[r 0=0000000000000000] R[r 0=0000000000000000] inst=[00000d13] li      s10, 0
C0:        236 [1] pc=[00000000800000ec] W[r27=0000000000000000][1] R[r 0=0000000000000000] R[r 0=0000000000000000] inst=[00000d93] li      s11, 0
C0:        237 [1] pc=[00000000800000f0] W[r28=0000000000000000][1] R[r 0=0000000000000000] R[r 0=0000000000000000] inst=[00000e13] li      t3, 0
C0:        238 [1] pc=[00000000800000f4] W[r29=0000000000000000][1] R[r 0=0000000000000000] R[r 0=0000000000000000] inst=[00000e93] li      t4, 0
C0:        239 [1] pc=[00000000800000f8] W[r30=0000000000000000][1] R[r 0=0000000000000000] R[r 0=0000000000000000] inst=[00000f13] li      t5, 0
C0:        240 [1] pc=[00000000800000fc] W[r31=0000000000000000][1] R[r 0=0000000000000000] R[r 0=0000000000000000] inst=[00000f93] li      t6, 0
C0:        262 [1] pc=[0000000080000100] W[r10=0000000000000000][1] R[r 0=0000000000000000] R[r 0=0000000000000000] inst=[f1402573] csrr    a0, unknown_f14
C0:        265 [1] pc=[0000000080000104] W[r 0=0000000000000000][0] R[r10=0000000000000000] R[r 0=0000000000000000] inst=[00051063] bnez    a0, pc + 0
C0:        266 [1] pc=[0000000080000108] W[r 5=0000000080000108][1] R[r 0=0000000000000000] R[r 0=0000000000000000] inst=[00000297] auipc   t0, 0x0
C0:        267 [1] pc=[000000008000010c] W[r 5=0000000080000118][1] R[r 5=0000000080000108] R[r 0=0000000000000000] inst=[01028293] addi    t0, t0, 16
C0:        268 [1] pc=[0000000080000110] W[r 0=0000000000010000][1] R[r 5=0000000080000118] R[r 0=0000000000000000] inst=[30529073] csrw    unknown_305, t0
C0:        273 [1] pc=[0000000080000114] W[r 0=0000000000000000][1] R[r 0=0000000000000000] R[r 0=0000000000000000] inst=[18005073] csrwi   unknown_180, 0
C0:        278 [1] pc=[0000000080000118] W[r 5=0000000080000118][1] R[r 0=0000000000000000] R[r 0=0000000000000000] inst=[00000297] auipc   t0, 0x0
C0:        279 [1] pc=[000000008000011c] W[r 5=000000008000013c][1] R[r 5=0000000080000118] R[r 0=0000000000000000] inst=[02428293] addi    t0, t0, 36
C0:        280 [1] pc=[0000000080000120] W[r 0=0000000080000118][1] R[r 5=000000008000013c] R[r 0=0000000000000000] inst=[30529073] csrw    unknown_305, t0
C0:        285 [1] pc=[0000000080000124] W[r 5=0000000000000001][1] R[r 0=0000000000000000] R[r 0=0000000000000000] inst=[0010029b] addiw   t0, zero, 1
C0:        286 [1] pc=[0000000080000128] W[r 5=0020000000000000][1] R[r 5=0000000000000001] R[r 0=0000000000000000] inst=[03529293] slli    t0, t0, 53
C0:        287 [1] pc=[000000008000012c] W[r 5=001fffffffffffff][1] R[r 5=0020000000000000] R[r 0=0000000000000000] inst=[fff28293] addi    t0, t0, -1
C0:        288 [1] pc=[0000000080000130] W[r 0=0000000000000000][1] R[r 5=001fffffffffffff] R[r 0=0000000000000000] inst=[3b029073] csrw    unknown_3b0, t0
C0:        293 [1] pc=[0000000080000134] W[r 5=000000000000001f][1] R[r 0=0000000000000000] R[r 0=0000000000000000] inst=[01f00293] li      t0, 31
C0:        294 [1] pc=[0000000080000138] W[r 0=0000000000000000][1] R[r 5=000000000000001f] R[r 0=0000000000000000] inst=[3a029073] csrw    unknown_3a0, t0
C0:        299 [1] pc=[000000008000013c] W[r 0=0000000000000008][1] R[r 0=0000000000000000] R[r 0=0000000000000000] inst=[30405073] csrwi   unknown_304, 0
C0:        316 [1] pc=[0000000080000140] W[r 5=0000000080000140][1] R[r 0=0000000000000000] R[r 0=0000000000000000] inst=[00000297] auipc   t0, 0x0
C0:        317 [1] pc=[0000000080000144] W[r 5=0000000080000154][1] R[r 5=0000000080000140] R[r 0=0000000000000000] inst=[01428293] addi    t0, t0, 20
C0:        318 [1] pc=[0000000080000148] W[r 0=000000008000013c][1] R[r 5=0000000080000154] R[r 0=0000000000000000] inst=[30529073] csrw    unknown_305, t0
C0:        323 [1] pc=[000000008000014c] W[r 0=0000000000000000][1] R[r 0=0000000000000000] R[r 0=0000000000000000] inst=[30205073] csrwi   unknown_302, 0
C0:        328 [1] pc=[0000000080000150] W[r 0=0000000000000000][1] R[r 0=0000000000000000] R[r 0=0000000000000000] inst=[30305073] csrwi   unknown_303, 0
C0:        333 [1] pc=[0000000080000154] W[r 3=0000000000000000][1] R[r 0=0000000000000000] R[r 0=0000000000000000] inst=[00000193] li      gp, 0
C0:        334 [1] pc=[0000000080000158] W[r 5=0000000080000158][1] R[r 0=0000000000000000] R[r 0=0000000000000000] inst=[00000297] auipc   t0, 0x0
C0:        335 [1] pc=[000000008000015c] W[r 5=0000000080000004][1] R[r 5=0000000080000158] R[r 0=0000000000000000] inst=[eac28293] addi    t0, t0, -340
C0:        336 [1] pc=[0000000080000160] W[r 0=0000000080000154][1] R[r 5=0000000080000004] R[r 0=0000000000000000] inst=[30529073] csrw    unknown_305, t0
C0:        341 [1] pc=[0000000080000164] W[r10=0000000000000001][1] R[r 0=0000000000000000] R[r 0=0000000000000000] inst=[00100513] li      a0, 1
C0:        342 [1] pc=[0000000080000168] W[r10=0000000080000000][1] R[r10=0000000000000001] R[r 0=0000000000000000] inst=[01f51513] slli    a0, a0, 31
C0:        343 [1] pc=[000000008000016c] W[r 0=0000000000000000][0] R[r10=0000000080000000] R[r 0=0000000000000000] inst=[00055c63] bgez    a0, pc + 24
C0:        368 [1] pc=[0000000080000184] W[r 5=0000000000000184][1] R[r 0=0000000000000000] R[r 0=0000000000000000] inst=[80000297] auipc   t0, 0x80000
C0:        369 [1] pc=[0000000080000188] W[r 5=0000000000000000][1] R[r 5=0000000000000184] R[r 0=0000000000000000] inst=[e7c28293] addi    t0, t0, -388
C0:        370 [1] pc=[000000008000018c] W[r 0=0000000000000000][0] R[r 5=0000000000000000] R[r 0=0000000000000000] inst=[00028a63] beqz    t0, pc + 20
C0:        374 [1] pc=[00000000800001a0] W[r 0=0000000a00000080][1] R[r 0=0000000000000000] R[r 0=0000000000000000] inst=[30005073] csrwi   unknown_300, 0
C0:        379 [1] pc=[00000000800001a4] W[r10=0000000000002000][1] R[r 0=0000000000000000] R[r 0=0000000000000000] inst=[00002537] lui     a0, 0x2
C0:        380 [1] pc=[00000000800001a8] W[r 0=0000000a00000000][1] R[r10=0000000000002000] R[r 0=0000000000000000] inst=[30052073] csrs    unknown_300, a0
C0:        385 [1] pc=[00000000800001ac] W[r 0=0000000000000000][1] R[r 0=0000000000000000] R[r 0=0000000000000000] inst=[00305073] csrwi   fcsr, 0
C0:        390 [1] pc=[00000000800001b0] W[r 5=00000000800001b0][1] R[r 0=0000000000000000] R[r 0=0000000000000000] inst=[00000297] auipc   t0, 0x0
C0:        391 [1] pc=[00000000800001b4] W[r 5=00000000800001c4][1] R[r 5=00000000800001b0] R[r 0=0000000000000000] inst=[01428293] addi    t0, t0, 20
C0:        392 [1] pc=[00000000800001b8] W[r 0=0000000080000000][1] R[r 5=00000000800001c4] R[r 0=0000000000000000] inst=[34129073] csrw    unknown_341, t0
C0:        393 [1] pc=[00000000800001bc] W[r10=0000000000000000][1] R[r 0=0000000000000000] R[r 0=0000000000000000] inst=[f1402573] csrr    a0, unknown_f14
C0:        415 [1] pc=[00000000800001c0] W[r 0=0000000000000000][0] R[r 0=0000000000000000] R[r 0=0000000000000000] inst=[30200073] mret
C0:        420 [1] pc=[00000000800001c4] W[r 3=0000000000000002][1] R[r 0=0000000000000000] R[r 0=0000000000000000] inst=[00200193] li      gp, 2
C0:        421 [1] pc=[00000000800001c8] W[r10=00000000800021c8][1] R[r 0=0000000000000000] R[r 0=0000000000000000] inst=[00002517] auipc   a0, 0x2
C0:        422 [1] pc=[00000000800001cc] W[r10=0000000080002000][1] R[r10=00000000800021c8] R[r 0=0000000000000000] inst=[e3850513] addi    a0, a0, -456
C0:        439 [1] pc=[00000000800001d0] W[r 0=0000000000000000][0] R[r10=0000000080002000] R[r 0=0000000000000000] inst=[00052007] flw     ft0, 0(a0)
C0:        440 [1] pc=[00000000800001d4] W[r 1=0000000000000000][0] R[r10=0000000080002000] R[r 0=0000000000000000] inst=[00452087] flw     ft1, 4(a0)
C0:        441 [1] pc=[00000000800001d8] W[r 2=0000000000000000][0] R[r10=0000000080002000] R[r 0=0000000000000000] inst=[00852107] flw     ft2, 8(a0)
C0:        442 [1] pc=[00000000800001dc] W[r13=0000000040600000][1] R[r10=0000000080002000] R[r 0=0000000000000000] inst=[00c52683] lw      a3, 12(a0)
C0:        445 [1] pc=[00000000800001e0] W[r 3=0000000000000000][0] R[r 0=0000000000000000] R[r 1=0000000000000003] inst=[101071c3] fmadd.s ft3, ft0, ft1, ft2
C0:        449 [1] pc=[00000000800001e4] W[r10=0000000040600000][1] R[r 3=0000000080002003] R[r 0=0000000000000000] inst=[e0018553] fmv.x.w a0, ft3
C0:        450 [1] pc=[00000000800001e8] W[r11=0000000000000000][1] R[r 0=0000000000000000] R[r 0=0000000000000000] inst=[001015f3] csrrw   a1, fflags, zero
C0:        455 [1] pc=[00000000800001ec] W[r12=0000000000000000][1] R[r 0=0000000000000000] R[r 0=0000000000000000] inst=[00000613] li      a2, 0
C0:        456 [1] pc=[00000000800001f0] W[r 0=0000000000000000][0] R[r10=0000000040600000] R[r13=0000000040600000] inst=[24d51463] bne     a0, a3, pc + 584
C0:        457 [1] pc=[00000000800001f4] W[r 0=0000000000000000][0] R[r11=0000000000000000] R[r12=0000000000000000] inst=[24c59263] bne     a1, a2, pc + 580
C0:        458 [1] pc=[00000000800001f8] W[r 3=0000000000000003][1] R[r 0=0000000000000000] R[r 0=0000000000000000] inst=[00300193] li      gp, 3
C0:        459 [1] pc=[00000000800001fc] W[r10=00000000800021fc][1] R[r 0=0000000000000000] R[r 0=0000000000000000] inst=[00002517] auipc   a0, 0x2
C0:        481 [1] pc=[0000000080000200] W[r10=0000000080002010][1] R[r10=00000000800021fc] R[r 0=0000000000000000] inst=[e1450513] addi    a0, a0, -492
C0:        482 [1] pc=[0000000080000204] W[r 0=0000000000000000][0] R[r10=0000000080002010] R[r 0=0000000000000000] inst=[00052007] flw     ft0, 0(a0)
C0:        483 [1] pc=[0000000080000208] W[r 1=0000000000000000][0] R[r10=0000000080002010] R[r 0=0000000000000000] inst=[00452087] flw     ft1, 4(a0)
C0:        484 [1] pc=[000000008000020c] W[r 2=0000000000000000][0] R[r10=0000000080002010] R[r 0=0000000000000000] inst=[00852107] flw     ft2, 8(a0)
C0:        485 [1] pc=[0000000080000210] W[r13=00000000449a8666][1] R[r10=0000000080002010] R[r 0=0000000000000000] inst=[00c52683] lw      a3, 12(a0)
C0:        488 [1] pc=[0000000080000214] W[r 3=0000000000000000][0] R[r 0=0000000000000000] R[r 1=0000000040600003] inst=[101071c3] fmadd.s ft3, ft0, ft1, ft2
C0:        492 [1] pc=[0000000080000218] W[r10=00000000449a8666][1] R[r 3=0000000080002013] R[r 0=0000000000000000] inst=[e0018553] fmv.x.w a0, ft3
C0:        493 [1] pc=[000000008000021c] W[r11=0000000000000001][1] R[r 0=0000000000000000] R[r 0=0000000000000000] inst=[001015f3] csrrw   a1, fflags, zero
C0:        498 [1] pc=[0000000080000220] W[r12=0000000000000001][1] R[r 0=0000000000000000] R[r 0=0000000000000000] inst=[00100613] li      a2, 1
C0:        499 [1] pc=[0000000080000224] W[r 0=0000000000000000][0] R[r10=00000000449a8666] R[r13=00000000449a8666] inst=[20d51a63] bne     a0, a3, pc + 532
C0:        500 [1] pc=[0000000080000228] W[r 0=0000000000000000][0] R[r11=0000000000000001] R[r12=0000000000000001] inst=[20c59863] bne     a1, a2, pc + 528
C0:        501 [1] pc=[000000008000022c] W[r 3=0000000000000004][1] R[r 0=0000000000000000] R[r 0=0000000000000000] inst=[00400193] li      gp, 4
C0:        502 [1] pc=[0000000080000230] W[r10=0000000080002230][1] R[r 0=0000000000000000] R[r 0=0000000000000000] inst=[00002517] auipc   a0, 0x2
C0:        503 [1] pc=[0000000080000234] W[r10=0000000080002020][1] R[r10=0000000080002230] R[r 0=0000000000000000] inst=[df050513] addi    a0, a0, -528
C0:        504 [1] pc=[0000000080000238] W[r 0=0000000000000000][0] R[r10=0000000080002020] R[r 0=0000000000000000] inst=[00052007] flw     ft0, 0(a0)
C0:        505 [1] pc=[000000008000023c] W[r 1=0000000000000000][0] R[r10=0000000080002020] R[r 0=0000000000000000] inst=[00452087] flw     ft1, 4(a0)
C0:        527 [1] pc=[0000000080000240] W[r 2=0000000000000000][0] R[r10=0000000080002020] R[r 0=0000000000000000] inst=[00852107] flw     ft2, 8(a0)
C0:        528 [1] pc=[0000000080000244] W[r13=ffffffffc1400000][1] R[r10=0000000080002020] R[r 0=0000000000000000] inst=[00c52683] lw      a3, 12(a0)
C0:        531 [1] pc=[0000000080000248] W[r 3=0000000000000000][0] R[r 0=0000000000000000] R[r 1=00000000449a8667] inst=[101071c3] fmadd.s ft3, ft0, ft1, ft2
C0:        535 [1] pc=[000000008000024c] W[r10=ffffffffc1400000][1] R[r 3=0000000080002023] R[r 0=0000000000000000] inst=[e0018553] fmv.x.w a0, ft3
C0:        536 [1] pc=[0000000080000250] W[r11=0000000000000000][1] R[r 0=0000000000000000] R[r 0=0000000000000000] inst=[001015f3] csrrw   a1, fflags, zero
C0:        541 [1] pc=[0000000080000254] W[r12=0000000000000000][1] R[r 0=0000000000000000] R[r 0=0000000000000000] inst=[00000613] li      a2, 0
C0:        542 [1] pc=[0000000080000258] W[r 0=0000000000000000][0] R[r10=ffffffffc1400000] R[r13=ffffffffc1400000] inst=[1ed51063] bne     a0, a3, pc + 480
C0:        543 [1] pc=[000000008000025c] W[r 0=0000000000000000][0] R[r11=0000000000000000] R[r12=0000000000000000] inst=[1cc59e63] bne     a1, a2, pc + 476
C0:        544 [1] pc=[0000000080000260] W[r 3=0000000000000005][1] R[r 0=0000000000000000] R[r 0=0000000000000000] inst=[00500193] li      gp, 5
C0:        545 [1] pc=[0000000080000264] W[r10=0000000080002264][1] R[r 0=0000000000000000] R[r 0=0000000000000000] inst=[00002517] auipc   a0, 0x2
C0:        546 [1] pc=[0000000080000268] W[r10=0000000080002030][1] R[r10=0000000080002264] R[r 0=0000000000000000] inst=[dcc50513] addi    a0, a0, -564
C0:        547 [1] pc=[000000008000026c] W[r 0=0000000000000000][0] R[r10=0000000080002030] R[r 0=0000000000000000] inst=[00052007] flw     ft0, 0(a0)
C0:        548 [1] pc=[0000000080000270] W[r 1=0000000000000000][0] R[r10=0000000080002030] R[r 0=0000000000000000] inst=[00452087] flw     ft1, 4(a0)
C0:        549 [1] pc=[0000000080000274] W[r 2=0000000000000000][0] R[r10=0000000080002030] R[r 0=0000000000000000] inst=[00852107] flw     ft2, 8(a0)
C0:        550 [1] pc=[0000000080000278] W[r13=ffffffffc0600000][1] R[r10=0000000080002030] R[r 0=0000000000000000] inst=[00c52683] lw      a3, 12(a0)
C0:        553 [1] pc=[000000008000027c] W[r 3=0000000000000000][0] R[r 0=0000000000000000] R[r 1=ffffffffc1400003] inst=[101071cf] fnmadd.s ft3, ft0, ft1, ft2
C0:        575 [1] pc=[0000000080000280] W[r10=ffffffffc0600000][1] R[r 3=0000000080002033] R[r 0=0000000000000000] inst=[e0018553] fmv.x.w a0, ft3
C0:        576 [1] pc=[0000000080000284] W[r11=0000000000000000][1] R[r 0=0000000000000000] R[r 0=0000000000000000] inst=[001015f3] csrrw   a1, fflags, zero
C0:        581 [1] pc=[0000000080000288] W[r12=0000000000000000][1] R[r 0=0000000000000000] R[r 0=0000000000000000] inst=[00000613] li      a2, 0
C0:        582 [1] pc=[000000008000028c] W[r 0=0000000000000000][0] R[r10=ffffffffc0600000] R[r13=ffffffffc0600000] inst=[1ad51663] bne     a0, a3, pc + 428
C0:        583 [1] pc=[0000000080000290] W[r 0=0000000000000000][0] R[r11=0000000000000000] R[r12=0000000000000000] inst=[1ac59463] bne     a1, a2, pc + 424
C0:        584 [1] pc=[0000000080000294] W[r 3=0000000000000006][1] R[r 0=0000000000000000] R[r 0=0000000000000000] inst=[00600193] li      gp, 6
C0:        585 [1] pc=[0000000080000298] W[r10=0000000080002298][1] R[r 0=0000000000000000] R[r 0=0000000000000000] inst=[00002517] auipc   a0, 0x2
C0:        586 [1] pc=[000000008000029c] W[r10=0000000080002040][1] R[r10=0000000080002298] R[r 0=0000000000000000] inst=[da850513] addi    a0, a0, -600
C0:        603 [1] pc=[00000000800002a0] W[r 0=0000000000000000][0] R[r10=0000000080002040] R[r 0=0000000000000000] inst=[00052007] flw     ft0, 0(a0)
C0:        604 [1] pc=[00000000800002a4] W[r 1=0000000000000000][0] R[r10=0000000080002040] R[r 0=0000000000000000] inst=[00452087] flw     ft1, 4(a0)
C0:        605 [1] pc=[00000000800002a8] W[r 2=0000000000000000][0] R[r10=0000000080002040] R[r 0=0000000000000000] inst=[00852107] flw     ft2, 8(a0)
C0:        606 [1] pc=[00000000800002ac] W[r13=ffffffffc49a8666][1] R[r10=0000000080002040] R[r 0=0000000000000000] inst=[00c52683] lw      a3, 12(a0)
C0:        609 [1] pc=[00000000800002b0] W[r 3=0000000000000000][0] R[r 0=0000000000000000] R[r 1=ffffffffc0600003] inst=[101071cf] fnmadd.s ft3, ft0, ft1, ft2
C0:        613 [1] pc=[00000000800002b4] W[r10=ffffffffc49a8666][1] R[r 3=0000000080002043] R[r 0=0000000000000000] inst=[e0018553] fmv.x.w a0, ft3
C0:        614 [1] pc=[00000000800002b8] W[r11=0000000000000001][1] R[r 0=0000000000000000] R[r 0=0000000000000000] inst=[001015f3] csrrw   a1, fflags, zero
C0:        619 [1] pc=[00000000800002bc] W[r12=0000000000000001][1] R[r 0=0000000000000000] R[r 0=0000000000000000] inst=[00100613] li      a2, 1
C0:        636 [1] pc=[00000000800002c0] W[r 0=0000000000000000][0] R[r10=ffffffffc49a8666] R[r13=ffffffffc49a8666] inst=[16d51c63] bne     a0, a3, pc + 376
C0:        637 [1] pc=[00000000800002c4] W[r 0=0000000000000000][0] R[r11=0000000000000001] R[r12=0000000000000001] inst=[16c59a63] bne     a1, a2, pc + 372
C0:        638 [1] pc=[00000000800002c8] W[r 3=0000000000000007][1] R[r 0=0000000000000000] R[r 0=0000000000000000] inst=[00700193] li      gp, 7
C0:        639 [1] pc=[00000000800002cc] W[r10=00000000800022cc][1] R[r 0=0000000000000000] R[r 0=0000000000000000] inst=[00002517] auipc   a0, 0x2
C0:        640 [1] pc=[00000000800002d0] W[r10=0000000080002050][1] R[r10=00000000800022cc] R[r 0=0000000000000000] inst=[d8450513] addi    a0, a0, -636
C0:        641 [1] pc=[00000000800002d4] W[r 0=0000000000000000][0] R[r10=0000000080002050] R[r 0=0000000000000000] inst=[00052007] flw     ft0, 0(a0)
C0:        642 [1] pc=[00000000800002d8] W[r 1=0000000000000000][0] R[r10=0000000080002050] R[r 0=0000000000000000] inst=[00452087] flw     ft1, 4(a0)
C0:        643 [1] pc=[00000000800002dc] W[r 2=0000000000000000][0] R[r10=0000000080002050] R[r 0=0000000000000000] inst=[00852107] flw     ft2, 8(a0)
C0:        644 [1] pc=[00000000800002e0] W[r13=0000000041400000][1] R[r10=0000000080002050] R[r 0=0000000000000000] inst=[00c52683] lw      a3, 12(a0)
C0:        647 [1] pc=[00000000800002e4] W[r 3=0000000000000000][0] R[r 0=0000000000000000] R[r 1=0000000000000003] inst=[101071cf] fnmadd.s ft3, ft0, ft1, ft2
C0:        651 [1] pc=[00000000800002e8] W[r10=0000000041400000][1] R[r 3=0000000080002053] R[r 0=0000000000000000] inst=[e0018553] fmv.x.w a0, ft3
C0:        652 [1] pc=[00000000800002ec] W[r11=0000000000000000][1] R[r 0=0000000000000000] R[r 0=0000000000000000] inst=[001015f3] csrrw   a1, fflags, zero
C0:        657 [1] pc=[00000000800002f0] W[r12=0000000000000000][1] R[r 0=0000000000000000] R[r 0=0000000000000000] inst=[00000613] li      a2, 0
C0:        658 [1] pc=[00000000800002f4] W[r 0=0000000000000000][0] R[r10=0000000041400000] R[r13=0000000041400000] inst=[14d51263] bne     a0, a3, pc + 324
C0:        659 [1] pc=[00000000800002f8] W[r 0=0000000000000000][0] R[r11=0000000000000000] R[r12=0000000000000000] inst=[14c59063] bne     a1, a2, pc + 320
C0:        660 [1] pc=[00000000800002fc] W[r 3=0000000000000008][1] R[r 0=0000000000000000] R[r 0=0000000000000000] inst=[00800193] li      gp, 8
C0:        682 [1] pc=[0000000080000300] W[r10=0000000080002300][1] R[r 0=0000000000000000] R[r 0=0000000000000000] inst=[00002517] auipc   a0, 0x2
C0:        683 [1] pc=[0000000080000304] W[r10=0000000080002060][1] R[r10=0000000080002300] R[r 0=0000000000000000] inst=[d6050513] addi    a0, a0, -672
C0:        684 [1] pc=[0000000080000308] W[r 0=0000000000000000][0] R[r10=0000000080002060] R[r 0=0000000000000000] inst=[00052007] flw     ft0, 0(a0)
C0:        685 [1] pc=[000000008000030c] W[r 1=0000000000000000][0] R[r10=0000000080002060] R[r 0=0000000000000000] inst=[00452087] flw     ft1, 4(a0)
C0:        686 [1] pc=[0000000080000310] W[r 2=0000000000000000][0] R[r10=0000000080002060] R[r 0=0000000000000000] inst=[00852107] flw     ft2, 8(a0)
C0:        687 [1] pc=[0000000080000314] W[r13=000000003fc00000][1] R[r10=0000000080002060] R[r 0=0000000000000000] inst=[00c52683] lw      a3, 12(a0)
C0:        690 [1] pc=[0000000080000318] W[r 3=0000000000000000][0] R[r 0=0000000000000000] R[r 1=0000000041400003] inst=[101071c7] fmsub.s ft3, ft0, ft1, ft2
C0:        694 [1] pc=[000000008000031c] W[r10=000000003fc00000][1] R[r 3=0000000080002063] R[r 0=0000000000000000] inst=[e0018553] fmv.x.w a0, ft3
C0:        695 [1] pc=[0000000080000320] W[r11=0000000000000000][1] R[r 0=0000000000000000] R[r 0=0000000000000000] inst=[001015f3] csrrw   a1, fflags, zero
C0:        700 [1] pc=[0000000080000324] W[r12=0000000000000000][1] R[r 0=0000000000000000] R[r 0=0000000000000000] inst=[00000613] li      a2, 0
C0:        701 [1] pc=[0000000080000328] W[r 0=0000000000000000][0] R[r10=000000003fc00000] R[r13=000000003fc00000] inst=[10d51863] bne     a0, a3, pc + 272
C0:        702 [1] pc=[000000008000032c] W[r 0=0000000000000000][0] R[r11=0000000000000000] R[r12=0000000000000000] inst=[10c59663] bne     a1, a2, pc + 268
C0:        703 [1] pc=[0000000080000330] W[r 3=0000000000000009][1] R[r 0=0000000000000000] R[r 0=0000000000000000] inst=[00900193] li      gp, 9
C0:        704 [1] pc=[0000000080000334] W[r10=0000000080002334][1] R[r 0=0000000000000000] R[r 0=0000000000000000] inst=[00002517] auipc   a0, 0x2
C0:        705 [1] pc=[0000000080000338] W[r10=0000000080002070][1] R[r10=0000000080002334] R[r 0=0000000000000000] inst=[d3c50513] addi    a0, a0, -708
C0:        706 [1] pc=[000000008000033c] W[r 0=0000000000000000][0] R[r10=0000000080002070] R[r 0=0000000000000000] inst=[00052007] flw     ft0, 0(a0)
C0:        728 [1] pc=[0000000080000340] W[r 1=0000000000000000][0] R[r10=0000000080002070] R[r 0=0000000000000000] inst=[00452087] flw     ft1, 4(a0)
C0:        729 [1] pc=[0000000080000344] W[r 2=0000000000000000][0] R[r10=0000000080002070] R[r 0=0000000000000000] inst=[00852107] flw     ft2, 8(a0)
C0:        730 [1] pc=[0000000080000348] W[r13=00000000449a4000][1] R[r10=0000000080002070] R[r 0=0000000000000000] inst=[00c52683] lw      a3, 12(a0)
C0:        733 [1] pc=[000000008000034c] W[r 3=0000000000000000][0] R[r 0=0000000000000000] R[r 1=000000003fc00003] inst=[101071c7] fmsub.s ft3, ft0, ft1, ft2
C0:        737 [1] pc=[0000000080000350] W[r10=00000000449a4000][1] R[r 3=0000000080002073] R[r 0=0000000000000000] inst=[e0018553] fmv.x.w a0, ft3
C0:        738 [1] pc=[0000000080000354] W[r11=0000000000000001][1] R[r 0=0000000000000000] R[r 0=0000000000000000] inst=[001015f3] csrrw   a1, fflags, zero
C0:        743 [1] pc=[0000000080000358] W[r12=0000000000000001][1] R[r 0=0000000000000000] R[r 0=0000000000000000] inst=[00100613] li      a2, 1
C0:        744 [1] pc=[000000008000035c] W[r 0=0000000000000000][0] R[r10=00000000449a4000] R[r13=00000000449a4000] inst=[0cd51e63] bne     a0, a3, pc + 220
C0:        745 [1] pc=[0000000080000360] W[r 0=0000000000000000][0] R[r11=0000000000000001] R[r12=0000000000000001] inst=[0cc59c63] bne     a1, a2, pc + 216
C0:        746 [1] pc=[0000000080000364] W[r 3=000000000000000a][1] R[r 0=0000000000000000] R[r 0=0000000000000000] inst=[00a00193] li      gp, 10
C0:        747 [1] pc=[0000000080000368] W[r10=0000000080002368][1] R[r 0=0000000000000000] R[r 0=0000000000000000] inst=[00002517] auipc   a0, 0x2
C0:        748 [1] pc=[000000008000036c] W[r10=0000000080002080][1] R[r10=0000000080002368] R[r 0=0000000000000000] inst=[d1850513] addi    a0, a0, -744
C0:        765 [1] pc=[0000000080000370] W[r 0=0000000000000000][0] R[r10=0000000080002080] R[r 0=0000000000000000] inst=[00052007] flw     ft0, 0(a0)
C0:        766 [1] pc=[0000000080000374] W[r 1=0000000000000000][0] R[r10=0000000080002080] R[r 0=0000000000000000] inst=[00452087] flw     ft1, 4(a0)
C0:        767 [1] pc=[0000000080000378] W[r 2=0000000000000000][0] R[r10=0000000080002080] R[r 0=0000000000000000] inst=[00852107] flw     ft2, 8(a0)
C0:        768 [1] pc=[000000008000037c] W[r13=ffffffffc1000000][1] R[r10=0000000080002080] R[r 0=0000000000000000] inst=[00c52683] lw      a3, 12(a0)
C0:        790 [1] pc=[0000000080000380] W[r 3=0000000000000000][0] R[r 0=0000000000000000] R[r 1=00000000449a4003] inst=[101071c7] fmsub.s ft3, ft0, ft1, ft2
C0:        794 [1] pc=[0000000080000384] W[r10=ffffffffc1000000][1] R[r 3=0000000080002083] R[r 0=0000000000000000] inst=[e0018553] fmv.x.w a0, ft3
C0:        795 [1] pc=[0000000080000388] W[r11=0000000000000000][1] R[r 0=0000000000000000] R[r 0=0000000000000000] inst=[001015f3] csrrw   a1, fflags, zero
C0:        800 [1] pc=[000000008000038c] W[r12=0000000000000000][1] R[r 0=0000000000000000] R[r 0=0000000000000000] inst=[00000613] li      a2, 0
C0:        801 [1] pc=[0000000080000390] W[r 0=0000000000000000][0] R[r10=ffffffffc1000000] R[r13=ffffffffc1000000] inst=[0ad51463] bne     a0, a3, pc + 168
C0:        802 [1] pc=[0000000080000394] W[r 0=0000000000000000][0] R[r11=0000000000000000] R[r12=0000000000000000] inst=[0ac59263] bne     a1, a2, pc + 164
C0:        803 [1] pc=[0000000080000398] W[r 3=000000000000000b][1] R[r 0=0000000000000000] R[r 0=0000000000000000] inst=[00b00193] li      gp, 11
C0:        804 [1] pc=[000000008000039c] W[r10=000000008000239c][1] R[r 0=0000000000000000] R[r 0=0000000000000000] inst=[00002517] auipc   a0, 0x2
C0:        805 [1] pc=[00000000800003a0] W[r10=0000000080002090][1] R[r10=000000008000239c] R[r 0=0000000000000000] inst=[cf450513] addi    a0, a0, -780
C0:        806 [1] pc=[00000000800003a4] W[r 0=0000000000000000][0] R[r10=0000000080002090] R[r 0=0000000000000000] inst=[00052007] flw     ft0, 0(a0)
C0:        807 [1] pc=[00000000800003a8] W[r 1=0000000000000000][0] R[r10=0000000080002090] R[r 0=0000000000000000] inst=[00452087] flw     ft1, 4(a0)
C0:        808 [1] pc=[00000000800003ac] W[r 2=0000000000000000][0] R[r10=0000000080002090] R[r 0=0000000000000000] inst=[00852107] flw     ft2, 8(a0)
C0:        809 [1] pc=[00000000800003b0] W[r13=ffffffffbfc00000][1] R[r10=0000000080002090] R[r 0=0000000000000000] inst=[00c52683] lw      a3, 12(a0)
C0:        812 [1] pc=[00000000800003b4] W[r 3=0000000000000000][0] R[r 0=0000000000000000] R[r 1=ffffffffc1000003] inst=[101071cb] fnmsub.s ft3, ft0, ft1, ft2
C0:        816 [1] pc=[00000000800003b8] W[r10=ffffffffbfc00000][1] R[r 3=0000000080002093] R[r 0=0000000000000000] inst=[e0018553] fmv.x.w a0, ft3
C0:        817 [1] pc=[00000000800003bc] W[r11=0000000000000000][1] R[r 0=0000000000000000] R[r 0=0000000000000000] inst=[001015f3] csrrw   a1, fflags, zero
C0:        838 [1] pc=[00000000800003c0] W[r12=0000000000000000][1] R[r 0=0000000000000000] R[r 0=0000000000000000] inst=[00000613] li      a2, 0
C0:        839 [1] pc=[00000000800003c4] W[r 0=0000000000000000][0] R[r10=ffffffffbfc00000] R[r13=ffffffffbfc00000] inst=[06d51a63] bne     a0, a3, pc + 116
C0:        840 [1] pc=[00000000800003c8] W[r 0=0000000000000000][0] R[r11=0000000000000000] R[r12=0000000000000000] inst=[06c59863] bne     a1, a2, pc + 112
C0:        841 [1] pc=[00000000800003cc] W[r 3=000000000000000c][1] R[r 0=0000000000000000] R[r 0=0000000000000000] inst=[00c00193] li      gp, 12
C0:        842 [1] pc=[00000000800003d0] W[r10=00000000800023d0][1] R[r 0=0000000000000000] R[r 0=0000000000000000] inst=[00002517] auipc   a0, 0x2
C0:        843 [1] pc=[00000000800003d4] W[r10=00000000800020a0][1] R[r10=00000000800023d0] R[r 0=0000000000000000] inst=[cd050513] addi    a0, a0, -816
C0:        844 [1] pc=[00000000800003d8] W[r 0=0000000000000000][0] R[r10=00000000800020a0] R[r 0=0000000000000000] inst=[00052007] flw     ft0, 0(a0)
C0:        845 [1] pc=[00000000800003dc] W[r 1=0000000000000000][0] R[r10=00000000800020a0] R[r 0=0000000000000000] inst=[00452087] flw     ft1, 4(a0)
C0:        846 [1] pc=[00000000800003e0] W[r 2=0000000000000000][0] R[r10=00000000800020a0] R[r 0=0000000000000000] inst=[00852107] flw     ft2, 8(a0)
C0:        847 [1] pc=[00000000800003e4] W[r13=ffffffffc49a4000][1] R[r10=00000000800020a0] R[r 0=0000000000000000] inst=[00c52683] lw      a3, 12(a0)
C0:        850 [1] pc=[00000000800003e8] W[r 3=0000000000000000][0] R[r 0=0000000000000000] R[r 1=ffffffffbfc00003] inst=[101071cb] fnmsub.s ft3, ft0, ft1, ft2
C0:        854 [1] pc=[00000000800003ec] W[r10=ffffffffc49a4000][1] R[r 3=00000000800020a3] R[r 0=0000000000000000] inst=[e0018553] fmv.x.w a0, ft3
C0:        855 [1] pc=[00000000800003f0] W[r11=0000000000000001][1] R[r 0=0000000000000000] R[r 0=0000000000000000] inst=[001015f3] csrrw   a1, fflags, zero
C0:        860 [1] pc=[00000000800003f4] W[r12=0000000000000001][1] R[r 0=0000000000000000] R[r 0=0000000000000000] inst=[00100613] li      a2, 1
C0:        861 [1] pc=[00000000800003f8] W[r 0=0000000000000000][0] R[r10=ffffffffc49a4000] R[r13=ffffffffc49a4000] inst=[04d51063] bne     a0, a3, pc + 64
C0:        862 [1] pc=[00000000800003fc] W[r 0=0000000000000000][0] R[r11=0000000000000001] R[r12=0000000000000001] inst=[02c59e63] bne     a1, a2, pc + 60
C0:        884 [1] pc=[0000000080000400] W[r 3=000000000000000d][1] R[r 0=0000000000000000] R[r 0=0000000000000000] inst=[00d00193] li      gp, 13
C0:        885 [1] pc=[0000000080000404] W[r10=0000000080002404][1] R[r 0=0000000000000000] R[r 0=0000000000000000] inst=[00002517] auipc   a0, 0x2
C0:        886 [1] pc=[0000000080000408] W[r10=00000000800020b0][1] R[r10=0000000080002404] R[r 0=0000000000000000] inst=[cac50513] addi    a0, a0, -852
C0:        887 [1] pc=[000000008000040c] W[r 0=0000000000000000][0] R[r10=00000000800020b0] R[r 0=0000000000000000] inst=[00052007] flw     ft0, 0(a0)
C0:        888 [1] pc=[0000000080000410] W[r 1=0000000000000000][0] R[r10=00000000800020b0] R[r 0=0000000000000000] inst=[00452087] flw     ft1, 4(a0)
C0:        889 [1] pc=[0000000080000414] W[r 2=0000000000000000][0] R[r10=00000000800020b0] R[r 0=0000000000000000] inst=[00852107] flw     ft2, 8(a0)
C0:        890 [1] pc=[0000000080000418] W[r13=0000000041000000][1] R[r10=00000000800020b0] R[r 0=0000000000000000] inst=[00c52683] lw      a3, 12(a0)
C0:        893 [1] pc=[000000008000041c] W[r 3=0000000000000000][0] R[r 0=0000000000000000] R[r 1=ffffffffc49a4003] inst=[101071cb] fnmsub.s ft3, ft0, ft1, ft2
C0:        897 [1] pc=[0000000080000420] W[r10=0000000041000000][1] R[r 3=00000000800020b3] R[r 0=0000000000000000] inst=[e0018553] fmv.x.w a0, ft3
C0:        898 [1] pc=[0000000080000424] W[r11=0000000000000000][1] R[r 0=0000000000000000] R[r 0=0000000000000000] inst=[001015f3] csrrw   a1, fflags, zero
C0:        903 [1] pc=[0000000080000428] W[r12=0000000000000000][1] R[r 0=0000000000000000] R[r 0=0000000000000000] inst=[00000613] li      a2, 0
C0:        904 [1] pc=[000000008000042c] W[r 0=0000000000000000][0] R[r10=0000000041000000] R[r13=0000000041000000] inst=[00d51663] bne     a0, a3, pc + 12
C0:        905 [1] pc=[0000000080000430] W[r 0=0000000000000000][0] R[r11=0000000000000000] R[r12=0000000000000000] inst=[00c59463] bne     a1, a2, pc + 8
C0:        906 [1] pc=[0000000080000434] W[r 0=0000000000000000][0] R[r 0=0000000000000000] R[r 3=000000000000000d] inst=[02301063] bne     zero, gp, pc + 32
C0:        931 [1] pc=[0000000080000454] W[r 0=0000000000000000][0] R[r 0=0000000000000000] R[r 0=0000000000000000] inst=[0ff0000f] fence   iorw,iorw
C0:        932 [1] pc=[0000000080000458] W[r 3=0000000000000001][1] R[r 0=0000000000000000] R[r 0=0000000000000000] inst=[00100193] li      gp, 1
C0:        933 [1] pc=[000000008000045c] W[r17=000000000000005d][1] R[r 0=0000000000000000] R[r 0=0000000000000000] inst=[05d00893] li      a7, 93
C0:        934 [1] pc=[0000000080000460] W[r10=0000000000000000][1] R[r 0=0000000000000000] R[r 0=0000000000000000] inst=[00000513] li      a0, 0
C0:        935 [0] pc=[0000000080000464] W[r 0=0000000000000000][0] R[r 0=0000000000000000] R[r 0=0000000000000000] inst=[00000073] ecall
C0:        940 [1] pc=[0000000080000004] W[r30=0000000000000008][1] R[r 0=0000000000000000] R[r 0=0000000000000000] inst=[34202f73] csrr    t5, unknown_342
C0:        941 [1] pc=[0000000080000008] W[r31=0000000000000008][1] R[r 0=0000000000000000] R[r 0=0000000000000000] inst=[00800f93] li      t6, 8
C0:        943 [1] pc=[000000008000000c] W[r 0=0000000000000000][0] R[r30=0000000000000008] R[r31=0000000000000008] inst=[07ff0663] beq     t5, t6, pc + 108
C0:        968 [1] pc=[0000000080000078] W[r30=0000000080001078][1] R[r 0=0000000000000000] R[r 0=0000000000000000] inst=[00001f17] auipc   t5, 0x1
C0:        985 [1] pc=[000000008000007c] W[r 0=0000000000000000][0] R[r30=0000000080001078] R[r 3=0000000000000001] inst=[f83f2423] sw      gp, -120(t5)
C0:        986 [1] pc=[0000000080000080] W[r 0=0000000080000084][1] R[r 0=0000000000000000] R[r 0=0000000000000000] inst=[ff9ff06f] j       pc - 0x8
C0:        987 [1] pc=[0000000080000078] W[r30=0000000080001078][1] R[r 0=0000000000000000] R[r 0=0000000000000000] inst=[00001f17] auipc   t5, 0x1
C0:        988 [1] pc=[000000008000007c] W[r 0=0000000000000000][0] R[r30=0000000080001078] R[r 3=0000000000000001] inst=[f83f2423] sw      gp, -120(t5)
C0:        989 [1] pc=[0000000080000080] W[r 0=0000000080000084][1] R[r 0=0000000000000000] R[r 0=0000000000000000] inst=[ff9ff06f] j       pc - 0x8
C0:        990 [1] pc=[0000000080000078] W[r30=0000000080001078][1] R[r 0=0000000000000000] R[r 0=0000000000000000] inst=[00001f17] auipc   t5, 0x1
C0:        991 [1] pc=[000000008000007c] W[r 0=0000000000000000][0] R[r30=0000000080001078] R[r 3=0000000000000001] inst=[f83f2423] sw      gp, -120(t5)
C0:        992 [1] pc=[0000000080000080] W[r 0=0000000080000084][1] R[r 0=0000000000000000] R[r 0=0000000000000000] inst=[ff9ff06f] j       pc - 0x8
C0:        993 [1] pc=[0000000080000078] W[r30=0000000080001078][1] R[r 0=0000000000000000] R[r 0=0000000000000000] inst=[00001f17] auipc   t5, 0x1
C0:       1019 [1] pc=[000000008000007c] W[r 0=0000000000000000][0] R[r30=0000000080001078] R[r 3=0000000000000001] inst=[f83f2423] sw      gp, -120(t5)
C0:       1020 [1] pc=[0000000080000080] W[r 0=0000000080000084][1] R[r 0=0000000000000000] R[r 0=0000000000000000] inst=[ff9ff06f] j       pc - 0x8
C0:       1021 [1] pc=[0000000080000078] W[r30=0000000080001078][1] R[r 0=0000000000000000] R[r 0=0000000000000000] inst=[00001f17] auipc   t5, 0x1
C0:       1022 [1] pc=[000000008000007c] W[r 0=0000000000000000][0] R[r30=0000000080001078] R[r 3=0000000000000001] inst=[f83f2423] sw      gp, -120(t5)
C0:       1023 [1] pc=[0000000080000080] W[r 0=0000000080000084][1] R[r 0=0000000000000000] R[r 0=0000000000000000] inst=[ff9ff06f] j       pc - 0x8
C0:       1024 [1] pc=[0000000080000078] W[r30=0000000080001078][1] R[r 0=0000000000000000] R[r 0=0000000000000000] inst=[00001f17] auipc   t5, 0x1
C0:       1025 [1] pc=[000000008000007c] W[r 0=0000000000000000][0] R[r30=0000000080001078] R[r 3=0000000000000001] inst=[f83f2423] sw      gp, -120(t5)
C0:       1026 [1] pc=[0000000080000080] W[r 0=0000000080000084][1] R[r 0=0000000000000000] R[r 0=0000000000000000] inst=[ff9ff06f] j       pc - 0x8
C0:       1027 [1] pc=[0000000080000078] W[r30=0000000080001078][1] R[r 0=0000000000000000] R[r 0=0000000000000000] inst=[00001f17] auipc   t5, 0x1
C0:       1028 [1] pc=[000000008000007c] W[r 0=0000000000000000][0] R[r30=0000000080001078] R[r 3=0000000000000001] inst=[f83f2423] sw      gp, -120(t5)
C0:       1029 [1] pc=[0000000080000080] W[r 0=0000000080000084][1] R[r 0=0000000000000000] R[r 0=0000000000000000] inst=[ff9ff06f] j       pc - 0x8
C0:       1030 [1] pc=[0000000080000078] W[r30=0000000080001078][1] R[r 0=0000000000000000] R[r 0=0000000000000000] inst=[00001f17] auipc   t5, 0x1
C0:       1031 [1] pc=[000000008000007c] W[r 0=0000000000000000][0] R[r30=0000000080001078] R[r 3=0000000000000001] inst=[f83f2423] sw      gp, -120(t5)
C0:       1032 [1] pc=[0000000080000080] W[r 0=0000000080000084][1] R[r 0=0000000000000000] R[r 0=0000000000000000] inst=[ff9ff06f] j       pc - 0x8
C0:       1033 [1] pc=[0000000080000078] W[r30=0000000080001078][1] R[r 0=0000000000000000] R[r 0=0000000000000000] inst=[00001f17] auipc   t5, 0x1
C0:       1034 [1] pc=[000000008000007c] W[r 0=0000000000000000][0] R[r30=0000000080001078] R[r 3=0000000000000001] inst=[f83f2423] sw      gp, -120(t5)
C0:       1035 [1] pc=[0000000080000080] W[r 0=0000000080000084][1] R[r 0=0000000000000000] R[r 0=0000000000000000] inst=[ff9ff06f] j       pc - 0x8
C0:       1036 [1] pc=[0000000080000078] W[r30=0000000080001078][1] R[r 0=0000000000000000] R[r 0=0000000000000000] inst=[00001f17] auipc   t5, 0x1
C0:       1037 [1] pc=[000000008000007c] W[r 0=0000000000000000][0] R[r30=0000000080001078] R[r 3=0000000000000001] inst=[f83f2423] sw      gp, -120(t5)
C0:       1038 [1] pc=[0000000080000080] W[r 0=0000000080000084][1] R[r 0=0000000000000000] R[r 0=0000000000000000] inst=[ff9ff06f] j       pc - 0x8
C0:       1039 [1] pc=[0000000080000078] W[r30=0000000080001078][1] R[r 0=0000000000000000] R[r 0=0000000000000000] inst=[00001f17] auipc   t5, 0x1
C0:       1040 [1] pc=[000000008000007c] W[r 0=0000000000000000][0] R[r30=0000000080001078] R[r 3=0000000000000001] inst=[f83f2423] sw      gp, -120(t5)
C0:       1041 [1] pc=[0000000080000080] W[r 0=0000000080000084][1] R[r 0=0000000000000000] R[r 0=0000000000000000] inst=[ff9ff06f] j       pc - 0x8
C0:       1042 [1] pc=[0000000080000078] W[r30=0000000080001078][1] R[r 0=0000000000000000] R[r 0=0000000000000000] inst=[00001f17] auipc   t5, 0x1
C0:       1043 [1] pc=[000000008000007c] W[r 0=0000000000000000][0] R[r30=0000000080001078] R[r 3=0000000000000001] inst=[f83f2423] sw      gp, -120(t5)
C0:       1044 [1] pc=[0000000080000080] W[r 0=0000000080000084][1] R[r 0=0000000000000000] R[r 0=0000000000000000] inst=[ff9ff06f] j       pc - 0x8
C0:       1045 [1] pc=[0000000080000078] W[r30=0000000080001078][1] R[r 0=0000000000000000] R[r 0=0000000000000000] inst=[00001f17] auipc   t5, 0x1
C0:       1046 [1] pc=[000000008000007c] W[r 0=0000000000000000][0] R[r30=0000000080001078] R[r 3=0000000000000001] inst=[f83f2423] sw      gp, -120(t5)
C0:       1047 [1] pc=[0000000080000080] W[r 0=0000000080000084][1] R[r 0=0000000000000000] R[r 0=0000000000000000] inst=[ff9ff06f] j       pc - 0x8
C0:       1048 [1] pc=[0000000080000078] W[r30=0000000080001078][1] R[r 0=0000000000000000] R[r 0=0000000000000000] inst=[00001f17] auipc   t5, 0x1
C0:       1049 [1] pc=[000000008000007c] W[r 0=0000000000000000][0] R[r30=0000000080001078] R[r 3=0000000000000001] inst=[f83f2423] sw      gp, -120(t5)
C0:       1050 [1] pc=[0000000080000080] W[r 0=0000000080000084][1] R[r 0=0000000000000000] R[r 0=0000000000000000] inst=[ff9ff06f] j       pc - 0x8
C0:       1051 [1] pc=[0000000080000078] W[r30=0000000080001078][1] R[r 0=0000000000000000] R[r 0=0000000000000000] inst=[00001f17] auipc   t5, 0x1
*** PASSED *** Completed after 70384 cycles
