using random seed 1632263158
This emulator compiled with JTAG Remote Bitbang client. To enable, use +jtag_rbb_enable=1.
Listening on port 43401
== Loading device model file '/home/fleker/Desktop/chipyard/generators/testchipip/src/main/resources/dramsim2_ini/DDR3_micron_64M_8B_x4_sg15.ini' == 
== Loading system model file '/home/fleker/Desktop/chipyard/generators/testchipip/src/main/resources/dramsim2_ini/system.ini' == 
===== MemorySystem 0 =====
CH. 0 TOTAL_STORAGE : 4096MB | 1 Ranks | 16 Devices per rank
DRAMSim2 Clock Frequency =666666666Hz, CPU Clock Frequency=100000000Hz
C0:         19 [1] pc=[0000000000010040] W[r10=0000000000010040][1] R[r 0=0000000000000000] R[r 0=0000000000000000] inst=[00000517] auipc   a0, 0x0
C0:         20 [1] pc=[0000000000010044] W[r10=0000000000010000][1] R[r10=0000000000010040] R[r 0=0000000000000000] inst=[fc050513] addi    a0, a0, -64
C0:         21 [1] pc=[0000000000010048] W[r 0=0000000000000000][1] R[r10=0000000000010000] R[r 0=0000000000000000] inst=[30551073] csrw    unknown_305, a0
C0:         26 [1] pc=[000000000001004c] W[r 5=800000000094112d][1] R[r 0=0000000000000000] R[r 0=0000000000000000] inst=[301022f3] csrr    t0, unknown_301
C0:         29 [1] pc=[0000000000010050] W[r 5=ffffe00000000025][1] R[r 5=800000000094112d] R[r 0=0000000000000000] inst=[4122d293] srai    t0, t0, 18
C0:         30 [1] pc=[0000000000010054] W[r 5=0000000000000001][1] R[r 5=ffffe00000000025] R[r 0=0000000000000000] inst=[0012f293] andi    t0, t0, 1
C0:         31 [1] pc=[0000000000010058] W[r 0=0000000000000000][0] R[r 5=0000000000000001] R[r 0=0000000000000000] inst=[00028463] beqz    t0, pc + 8
C0:         32 [1] pc=[000000000001005c] W[r 0=0000000000000000][1] R[r 0=0000000000000000] R[r 0=0000000000000000] inst=[30301073] csrw    unknown_303, zero
C0:         37 [1] pc=[0000000000010060] W[r10=0000000000000008][1] R[r 0=0000000000000000] R[r 0=0000000000000000] inst=[00800513] li      a0, 8
C0:         38 [1] pc=[0000000000010064] W[r 0=0000000000000000][1] R[r10=0000000000000008] R[r 0=0000000000000000] inst=[30451073] csrw    unknown_304, a0
C0:         43 [1] pc=[0000000000010068] W[r 0=0000000a00001800][1] R[r10=0000000000000008] R[r 0=0000000000000000] inst=[30052073] csrs    unknown_300, a0
C0:         48 [1] pc=[000000000001006c] W[r 0=0000000000000000][0] R[r 0=0000000000000000] R[r 0=0000000000000000] inst=[10500073] wfi
C0:         51 [0] pc=[0000000000010070] W[r 0=0000000000000000][0] R[r31=0000000000000008] R[r 0=0000000000000000] inst=[ffdff06f] j       pc - 0x4
C0:         70 [1] pc=[0000000000010000] W[r11=0000000002000000][1] R[r 0=0000000000000000] R[r 0=0000000000000000] inst=[020005b7] lui     a1, 0x2000
C0:         71 [1] pc=[0000000000010004] W[r10=0000000000000000][1] R[r 0=0000000000000000] R[r 0=0000000000000000] inst=[f1402573] csrr    a0, unknown_f14
C0:         74 [1] pc=[0000000000010008] W[r 0=0000000000000000][0] R[r10=0000000000000000] R[r 0=0000000000000000] inst=[00050463] beqz    a0, pc + 8
C0:         78 [1] pc=[0000000000010010] W[r12=0000000002000004][1] R[r11=0000000002000000] R[r 0=0000000000000000] inst=[00458613] addi    a2, a1, 4
C0:         79 [1] pc=[0000000000010014] W[r13=0000000000000001][1] R[r 0=0000000000000000] R[r 0=0000000000000000] inst=[00100693] li      a3, 1
C0:         80 [1] pc=[0000000000010018] W[r 0=0000000000000000][0] R[r12=0000000002000004] R[r13=0000000000000001] inst=[00d62023] sw      a3, 0(a2)
C0:         81 [1] pc=[000000000001001c] W[r12=0000000002000008][1] R[r12=0000000002000004] R[r 0=0000000000000000] inst=[00460613] addi    a2, a2, 4
C0:         87 [1] pc=[0000000000010020] W[r13=0000000000000000][0] R[r12=0000000002000008] R[r 0=0000000000000000] inst=[ffc62683] lw      a3, -4(a2)
C0:         95 [1] pc=[0000000000010024] W[r 0=0000000000000000][0] R[r13=0000000000000000] R[r 0=0000000000000000] inst=[fe069ae3] bnez    a3, pc - 12
C0:         96 [1] pc=[0000000000010028] W[r 0=000000000001002c][1] R[r 0=0000000000000000] R[r 0=0000000000000000] inst=[05c0006f] j       pc + 0x5c
C0:        116 [1] pc=[0000000000010084] W[r 0=0000000000000000][0] R[r11=0000000002000000] R[r 0=0000000000000000] inst=[0005a023] sw      zero, 0(a1)
C0:        117 [1] pc=[0000000000010088] W[r10=0000000000004000][1] R[r 0=0000000000000000] R[r 0=0000000000000000] inst=[00004537] lui     a0, 0x4
C0:        123 [1] pc=[000000000001008c] W[r10=0000000000000000][0] R[r10=0000000000004000] R[r 0=0000000000000000] inst=[00056503] lwu     a0, 0(a0)
C0:        135 [1] pc=[0000000000010090] W[r 0=0000000000010070][1] R[r10=0000000080000000] R[r 0=0000000000000000] inst=[34151073] csrw    unknown_341, a0
C0:        136 [1] pc=[0000000000010094] W[r10=0000000000000000][1] R[r 0=0000000000000000] R[r 0=0000000000000000] inst=[f1402573] csrr    a0, unknown_f14
C0:        137 [1] pc=[0000000000010098] W[r11=0000000000010098][1] R[r 0=0000000000000000] R[r 0=0000000000000000] inst=[00000597] auipc   a1, 0x0
C0:        138 [1] pc=[000000000001009c] W[r11=00000000000100b0][1] R[r11=0000000000010098] R[r 0=0000000000000000] inst=[01858593] addi    a1, a1, 24
C0:        139 [1] pc=[00000000000100a0] W[r12=0000000000000080][1] R[r 0=0000000000000000] R[r 0=0000000000000000] inst=[08000613] li      a2, 128
C0:        140 [1] pc=[00000000000100a4] W[r 0=0000000a00001880][1] R[r12=0000000000000080] R[r 0=0000000000000000] inst=[30063073] csrc    unknown_300, a2
C0:        145 [1] pc=[00000000000100a8] W[r 0=0000000000000000][0] R[r 0=0000000000000000] R[r 0=0000000000000000] inst=[30200073] mret
C0:        166 [1] pc=[0000000080000000] W[r 0=0000000080000004][1] R[r 0=0000000000000000] R[r 0=0000000000000000] inst=[0840006f] j       pc + 0x84
C0:        189 [1] pc=[0000000080000084] W[r 1=0000000000000000][1] R[r 0=0000000000000000] R[r 0=0000000000000000] inst=[00000093] li      ra, 0
C0:        190 [1] pc=[0000000080000088] W[r 2=0000000000000000][1] R[r 0=0000000000000000] R[r 0=0000000000000000] inst=[00000113] li      sp, 0
C0:        191 [1] pc=[000000008000008c] W[r 3=0000000000000000][1] R[r 0=0000000000000000] R[r 0=0000000000000000] inst=[00000193] li      gp, 0
C0:        192 [1] pc=[0000000080000090] W[r 4=0000000000000000][1] R[r 0=0000000000000000] R[r 0=0000000000000000] inst=[00000213] li      tp, 0
C0:        193 [1] pc=[0000000080000094] W[r 5=0000000000000000][1] R[r 0=0000000000000000] R[r 0=0000000000000000] inst=[00000293] li      t0, 0
C0:        194 [1] pc=[0000000080000098] W[r 6=0000000000000000][1] R[r 0=0000000000000000] R[r 0=0000000000000000] inst=[00000313] li      t1, 0
C0:        195 [1] pc=[000000008000009c] W[r 7=0000000000000000][1] R[r 0=0000000000000000] R[r 0=0000000000000000] inst=[00000393] li      t2, 0
C0:        196 [1] pc=[00000000800000a0] W[r 8=0000000000000000][1] R[r 0=0000000000000000] R[r 0=0000000000000000] inst=[00000413] li      s0, 0
C0:        197 [1] pc=[00000000800000a4] W[r 9=0000000000000000][1] R[r 0=0000000000000000] R[r 0=0000000000000000] inst=[00000493] li      s1, 0
C0:        198 [1] pc=[00000000800000a8] W[r10=0000000000000000][1] R[r 0=0000000000000000] R[r 0=0000000000000000] inst=[00000513] li      a0, 0
C0:        199 [1] pc=[00000000800000ac] W[r11=0000000000000000][1] R[r 0=0000000000000000] R[r 0=0000000000000000] inst=[00000593] li      a1, 0
C0:        200 [1] pc=[00000000800000b0] W[r12=0000000000000000][1] R[r 0=0000000000000000] R[r 0=0000000000000000] inst=[00000613] li      a2, 0
C0:        201 [1] pc=[00000000800000b4] W[r13=0000000000000000][1] R[r 0=0000000000000000] R[r 0=0000000000000000] inst=[00000693] li      a3, 0
C0:        202 [1] pc=[00000000800000b8] W[r14=0000000000000000][1] R[r 0=0000000000000000] R[r 0=0000000000000000] inst=[00000713] li      a4, 0
C0:        203 [1] pc=[00000000800000bc] W[r15=0000000000000000][1] R[r 0=0000000000000000] R[r 0=0000000000000000] inst=[00000793] li      a5, 0
C0:        225 [1] pc=[00000000800000c0] W[r16=0000000000000000][1] R[r 0=0000000000000000] R[r 0=0000000000000000] inst=[00000813] li      a6, 0
C0:        226 [1] pc=[00000000800000c4] W[r17=0000000000000000][1] R[r 0=0000000000000000] R[r 0=0000000000000000] inst=[00000893] li      a7, 0
C0:        227 [1] pc=[00000000800000c8] W[r18=0000000000000000][1] R[r 0=0000000000000000] R[r 0=0000000000000000] inst=[00000913] li      s2, 0
C0:        228 [1] pc=[00000000800000cc] W[r19=0000000000000000][1] R[r 0=0000000000000000] R[r 0=0000000000000000] inst=[00000993] li      s3, 0
C0:        229 [1] pc=[00000000800000d0] W[r20=0000000000000000][1] R[r 0=0000000000000000] R[r 0=0000000000000000] inst=[00000a13] li      s4, 0
C0:        230 [1] pc=[00000000800000d4] W[r21=0000000000000000][1] R[r 0=0000000000000000] R[r 0=0000000000000000] inst=[00000a93] li      s5, 0
C0:        231 [1] pc=[00000000800000d8] W[r22=0000000000000000][1] R[r 0=0000000000000000] R[r 0=0000000000000000] inst=[00000b13] li      s6, 0
C0:        232 [1] pc=[00000000800000dc] W[r23=0000000000000000][1] R[r 0=0000000000000000] R[r 0=0000000000000000] inst=[00000b93] li      s7, 0
C0:        233 [1] pc=[00000000800000e0] W[r24=0000000000000000][1] R[r 0=0000000000000000] R[r 0=0000000000000000] inst=[00000c13] li      s8, 0
C0:        234 [1] pc=[00000000800000e4] W[r25=0000000000000000][1] R[r 0=0000000000000000] R[r 0=0000000000000000] inst=[00000c93] li      s9, 0
C0:        235 [1] pc=[00000000800000e8] W[r26=0000000000000000][1] R[r 0=0000000000000000] R[r 0=0000000000000000] inst=[00000d13] li      s10, 0
C0:        236 [1] pc=[00000000800000ec] W[r27=0000000000000000][1] R[r 0=0000000000000000] R[r 0=0000000000000000] inst=[00000d93] li      s11, 0
C0:        237 [1] pc=[00000000800000f0] W[r28=0000000000000000][1] R[r 0=0000000000000000] R[r 0=0000000000000000] inst=[00000e13] li      t3, 0
C0:        238 [1] pc=[00000000800000f4] W[r29=0000000000000000][1] R[r 0=0000000000000000] R[r 0=0000000000000000] inst=[00000e93] li      t4, 0
C0:        239 [1] pc=[00000000800000f8] W[r30=0000000000000000][1] R[r 0=0000000000000000] R[r 0=0000000000000000] inst=[00000f13] li      t5, 0
C0:        240 [1] pc=[00000000800000fc] W[r31=0000000000000000][1] R[r 0=0000000000000000] R[r 0=0000000000000000] inst=[00000f93] li      t6, 0
C0:        262 [1] pc=[0000000080000100] W[r10=0000000000000000][1] R[r 0=0000000000000000] R[r 0=0000000000000000] inst=[f1402573] csrr    a0, unknown_f14
C0:        265 [1] pc=[0000000080000104] W[r 0=0000000000000000][0] R[r10=0000000000000000] R[r 0=0000000000000000] inst=[00051063] bnez    a0, pc + 0
C0:        266 [1] pc=[0000000080000108] W[r 5=0000000080000108][1] R[r 0=0000000000000000] R[r 0=0000000000000000] inst=[00000297] auipc   t0, 0x0
C0:        267 [1] pc=[000000008000010c] W[r 5=0000000080000118][1] R[r 5=0000000080000108] R[r 0=0000000000000000] inst=[01028293] addi    t0, t0, 16
C0:        268 [1] pc=[0000000080000110] W[r 0=0000000000010000][1] R[r 5=0000000080000118] R[r 0=0000000000000000] inst=[30529073] csrw    unknown_305, t0
C0:        273 [1] pc=[0000000080000114] W[r 0=0000000000000000][1] R[r 0=0000000000000000] R[r 0=0000000000000000] inst=[18005073] csrwi   unknown_180, 0
C0:        278 [1] pc=[0000000080000118] W[r 5=0000000080000118][1] R[r 0=0000000000000000] R[r 0=0000000000000000] inst=[00000297] auipc   t0, 0x0
C0:        279 [1] pc=[000000008000011c] W[r 5=000000008000013c][1] R[r 5=0000000080000118] R[r 0=0000000000000000] inst=[02428293] addi    t0, t0, 36
C0:        280 [1] pc=[0000000080000120] W[r 0=0000000080000118][1] R[r 5=000000008000013c] R[r 0=0000000000000000] inst=[30529073] csrw    unknown_305, t0
C0:        285 [1] pc=[0000000080000124] W[r 5=0000000000000001][1] R[r 0=0000000000000000] R[r 0=0000000000000000] inst=[0010029b] addiw   t0, zero, 1
C0:        286 [1] pc=[0000000080000128] W[r 5=0020000000000000][1] R[r 5=0000000000000001] R[r 0=0000000000000000] inst=[03529293] slli    t0, t0, 53
C0:        287 [1] pc=[000000008000012c] W[r 5=001fffffffffffff][1] R[r 5=0020000000000000] R[r 0=0000000000000000] inst=[fff28293] addi    t0, t0, -1
C0:        288 [1] pc=[0000000080000130] W[r 0=0000000000000000][1] R[r 5=001fffffffffffff] R[r 0=0000000000000000] inst=[3b029073] csrw    unknown_3b0, t0
C0:        293 [1] pc=[0000000080000134] W[r 5=000000000000001f][1] R[r 0=0000000000000000] R[r 0=0000000000000000] inst=[01f00293] li      t0, 31
C0:        294 [1] pc=[0000000080000138] W[r 0=0000000000000000][1] R[r 5=000000000000001f] R[r 0=0000000000000000] inst=[3a029073] csrw    unknown_3a0, t0
C0:        299 [1] pc=[000000008000013c] W[r 0=0000000000000008][1] R[r 0=0000000000000000] R[r 0=0000000000000000] inst=[30405073] csrwi   unknown_304, 0
C0:        316 [1] pc=[0000000080000140] W[r 5=0000000080000140][1] R[r 0=0000000000000000] R[r 0=0000000000000000] inst=[00000297] auipc   t0, 0x0
C0:        317 [1] pc=[0000000080000144] W[r 5=0000000080000154][1] R[r 5=0000000080000140] R[r 0=0000000000000000] inst=[01428293] addi    t0, t0, 20
C0:        318 [1] pc=[0000000080000148] W[r 0=000000008000013c][1] R[r 5=0000000080000154] R[r 0=0000000000000000] inst=[30529073] csrw    unknown_305, t0
C0:        323 [1] pc=[000000008000014c] W[r 0=0000000000000000][1] R[r 0=0000000000000000] R[r 0=0000000000000000] inst=[30205073] csrwi   unknown_302, 0
C0:        328 [1] pc=[0000000080000150] W[r 0=0000000000000000][1] R[r 0=0000000000000000] R[r 0=0000000000000000] inst=[30305073] csrwi   unknown_303, 0
C0:        333 [1] pc=[0000000080000154] W[r 3=0000000000000000][1] R[r 0=0000000000000000] R[r 0=0000000000000000] inst=[00000193] li      gp, 0
C0:        334 [1] pc=[0000000080000158] W[r 5=0000000080000158][1] R[r 0=0000000000000000] R[r 0=0000000000000000] inst=[00000297] auipc   t0, 0x0
C0:        335 [1] pc=[000000008000015c] W[r 5=0000000080000004][1] R[r 5=0000000080000158] R[r 0=0000000000000000] inst=[eac28293] addi    t0, t0, -340
C0:        336 [1] pc=[0000000080000160] W[r 0=0000000080000154][1] R[r 5=0000000080000004] R[r 0=0000000000000000] inst=[30529073] csrw    unknown_305, t0
C0:        341 [1] pc=[0000000080000164] W[r10=0000000000000001][1] R[r 0=0000000000000000] R[r 0=0000000000000000] inst=[00100513] li      a0, 1
C0:        342 [1] pc=[0000000080000168] W[r10=0000000080000000][1] R[r10=0000000000000001] R[r 0=0000000000000000] inst=[01f51513] slli    a0, a0, 31
C0:        343 [1] pc=[000000008000016c] W[r 0=0000000000000000][0] R[r10=0000000080000000] R[r 0=0000000000000000] inst=[00055c63] bgez    a0, pc + 24
C0:        368 [1] pc=[0000000080000184] W[r 5=0000000000000184][1] R[r 0=0000000000000000] R[r 0=0000000000000000] inst=[80000297] auipc   t0, 0x80000
C0:        369 [1] pc=[0000000080000188] W[r 5=0000000000000000][1] R[r 5=0000000000000184] R[r 0=0000000000000000] inst=[e7c28293] addi    t0, t0, -388
C0:        370 [1] pc=[000000008000018c] W[r 0=0000000000000000][0] R[r 5=0000000000000000] R[r 0=0000000000000000] inst=[00028a63] beqz    t0, pc + 20
C0:        374 [1] pc=[00000000800001a0] W[r 0=0000000a00000080][1] R[r 0=0000000000000000] R[r 0=0000000000000000] inst=[30005073] csrwi   unknown_300, 0
C0:        379 [1] pc=[00000000800001a4] W[r 5=00000000800001a4][1] R[r 0=0000000000000000] R[r 0=0000000000000000] inst=[00000297] auipc   t0, 0x0
C0:        380 [1] pc=[00000000800001a8] W[r 5=00000000800001b8][1] R[r 5=00000000800001a4] R[r 0=0000000000000000] inst=[01428293] addi    t0, t0, 20
C0:        381 [1] pc=[00000000800001ac] W[r 0=0000000080000000][1] R[r 5=00000000800001b8] R[r 0=0000000000000000] inst=[34129073] csrw    unknown_341, t0
C0:        382 [1] pc=[00000000800001b0] W[r10=0000000000000000][1] R[r 0=0000000000000000] R[r 0=0000000000000000] inst=[f1402573] csrr    a0, unknown_f14
C0:        383 [1] pc=[00000000800001b4] W[r 0=0000000000000000][0] R[r 0=0000000000000000] R[r 0=0000000000000000] inst=[30200073] mret
C0:        388 [1] pc=[00000000800001b8] W[r 1=00000000800021b8][1] R[r 0=0000000000000000] R[r 0=0000000000000000] inst=[00002097] auipc   ra, 0x2
C0:        389 [1] pc=[00000000800001bc] W[r 1=0000000080002000][1] R[r 1=00000000800021b8] R[r 0=0000000000000000] inst=[e4808093] addi    ra, ra, -440
C0:        427 [1] pc=[00000000800001c0] W[r14=00ff00ff00ff00ff][1] R[r 1=0000000080002000] R[r 0=0000000000000000] inst=[0000b703] ld      a4, 0(ra)
C0:        428 [1] pc=[00000000800001c4] W[r 7=0000000000ff0000][1] R[r 0=0000000000000000] R[r 0=0000000000000000] inst=[00ff03b7] lui     t2, 0xff0
C0:        429 [1] pc=[00000000800001c8] W[r 7=0000000000ff00ff][1] R[r 7=0000000000ff0000] R[r 0=0000000000000000] inst=[0ff3839b] addiw   t2, t2, 255
C0:        430 [1] pc=[00000000800001cc] W[r 7=000000ff00ff0000][1] R[r 7=0000000000ff00ff] R[r 0=0000000000000000] inst=[01039393] slli    t2, t2, 16
C0:        431 [1] pc=[00000000800001d0] W[r 7=000000ff00ff00ff][1] R[r 7=000000ff00ff0000] R[r 0=0000000000000000] inst=[0ff38393] addi    t2, t2, 255
C0:        432 [1] pc=[00000000800001d4] W[r 7=00ff00ff00ff0000][1] R[r 7=000000ff00ff00ff] R[r 0=0000000000000000] inst=[01039393] slli    t2, t2, 16
C0:        433 [1] pc=[00000000800001d8] W[r 7=00ff00ff00ff00ff][1] R[r 7=00ff00ff00ff0000] R[r 0=0000000000000000] inst=[0ff38393] addi    t2, t2, 255
C0:        434 [1] pc=[00000000800001dc] W[r 3=0000000000000002][1] R[r 0=0000000000000000] R[r 0=0000000000000000] inst=[00200193] li      gp, 2
C0:        435 [1] pc=[00000000800001e0] W[r 0=0000000000000000][0] R[r14=00ff00ff00ff00ff] R[r 7=00ff00ff00ff00ff] inst=[3a771263] bne     a4, t2, pc + 932
C0:        436 [1] pc=[00000000800001e4] W[r 1=00000000800021e4][1] R[r 0=0000000000000000] R[r 0=0000000000000000] inst=[00002097] auipc   ra, 0x2
C0:        437 [1] pc=[00000000800001e8] W[r 1=0000000080002000][1] R[r 1=00000000800021e4] R[r 0=0000000000000000] inst=[e1c08093] addi    ra, ra, -484
C0:        438 [1] pc=[00000000800001ec] W[r14=ff00ff00ff00ff00][1] R[r 1=0000000080002000] R[r 0=0000000000000000] inst=[0080b703] ld      a4, 8(ra)
C0:        439 [1] pc=[00000000800001f0] W[r 7=ffffffffff010000][1] R[r 0=0000000000000000] R[r 0=0000000000000000] inst=[ff0103b7] lui     t2, 0xff010
C0:        440 [1] pc=[00000000800001f4] W[r 7=ffffffffff00ff01][1] R[r 7=ffffffffff010000] R[r 0=0000000000000000] inst=[f013839b] addiw   t2, t2, -255
C0:        441 [1] pc=[00000000800001f8] W[r 7=ffffff00ff010000][1] R[r 7=ffffffffff00ff01] R[r 0=0000000000000000] inst=[01039393] slli    t2, t2, 16
C0:        442 [1] pc=[00000000800001fc] W[r 7=ffffff00ff00ff01][1] R[r 7=ffffff00ff010000] R[r 0=0000000000000000] inst=[f0138393] addi    t2, t2, -255
C0:        464 [1] pc=[0000000080000200] W[r 7=ff00ff00ff010000][1] R[r 7=ffffff00ff00ff01] R[r 0=0000000000000000] inst=[01039393] slli    t2, t2, 16
C0:        465 [1] pc=[0000000080000204] W[r 7=ff00ff00ff00ff00][1] R[r 7=ff00ff00ff010000] R[r 0=0000000000000000] inst=[f0038393] addi    t2, t2, -256
C0:        466 [1] pc=[0000000080000208] W[r 3=0000000000000003][1] R[r 0=0000000000000000] R[r 0=0000000000000000] inst=[00300193] li      gp, 3
C0:        467 [1] pc=[000000008000020c] W[r 0=0000000000000000][0] R[r14=ff00ff00ff00ff00] R[r 7=ff00ff00ff00ff00] inst=[36771c63] bne     a4, t2, pc + 888
C0:        468 [1] pc=[0000000080000210] W[r 1=0000000080002210][1] R[r 0=0000000000000000] R[r 0=0000000000000000] inst=[00002097] auipc   ra, 0x2
C0:        469 [1] pc=[0000000080000214] W[r 1=0000000080002000][1] R[r 1=0000000080002210] R[r 0=0000000000000000] inst=[df008093] addi    ra, ra, -528
C0:        470 [1] pc=[0000000080000218] W[r14=0ff00ff00ff00ff0][1] R[r 1=0000000080002000] R[r 0=0000000000000000] inst=[0100b703] ld      a4, 16(ra)
C0:        471 [1] pc=[000000008000021c] W[r 7=0000000000010000][1] R[r 0=0000000000000000] R[r 0=0000000000000000] inst=[000103b7] lui     t2, 0x10
C0:        472 [1] pc=[0000000080000220] W[r 7=000000000000ff01][1] R[r 7=0000000000010000] R[r 0=0000000000000000] inst=[f013839b] addiw   t2, t2, -255
C0:        473 [1] pc=[0000000080000224] W[r 7=00000000ff010000][1] R[r 7=000000000000ff01] R[r 0=0000000000000000] inst=[01039393] slli    t2, t2, 16
C0:        474 [1] pc=[0000000080000228] W[r 7=00000000ff00ff01][1] R[r 7=00000000ff010000] R[r 0=0000000000000000] inst=[f0138393] addi    t2, t2, -255
C0:        475 [1] pc=[000000008000022c] W[r 7=0000ff00ff010000][1] R[r 7=00000000ff00ff01] R[r 0=0000000000000000] inst=[01039393] slli    t2, t2, 16
C0:        476 [1] pc=[0000000080000230] W[r 7=0000ff00ff00ff01][1] R[r 7=0000ff00ff010000] R[r 0=0000000000000000] inst=[f0138393] addi    t2, t2, -255
C0:        477 [1] pc=[0000000080000234] W[r 7=0ff00ff00ff01000][1] R[r 7=0000ff00ff00ff01] R[r 0=0000000000000000] inst=[00c39393] slli    t2, t2, 12
C0:        478 [1] pc=[0000000080000238] W[r 7=0ff00ff00ff00ff0][1] R[r 7=0ff00ff00ff01000] R[r 0=0000000000000000] inst=[ff038393] addi    t2, t2, -16
C0:        479 [1] pc=[000000008000023c] W[r 3=0000000000000004][1] R[r 0=0000000000000000] R[r 0=0000000000000000] inst=[00400193] li      gp, 4
C0:        501 [1] pc=[0000000080000240] W[r 0=0000000000000000][0] R[r14=0ff00ff00ff00ff0] R[r 7=0ff00ff00ff00ff0] inst=[34771263] bne     a4, t2, pc + 836
C0:        502 [1] pc=[0000000080000244] W[r 1=0000000080002244][1] R[r 0=0000000000000000] R[r 0=0000000000000000] inst=[00002097] auipc   ra, 0x2
C0:        503 [1] pc=[0000000080000248] W[r 1=0000000080002000][1] R[r 1=0000000080002244] R[r 0=0000000000000000] inst=[dbc08093] addi    ra, ra, -580
C0:        504 [1] pc=[000000008000024c] W[r14=f00ff00ff00ff00f][1] R[r 1=0000000080002000] R[r 0=0000000000000000] inst=[0180b703] ld      a4, 24(ra)
C0:        505 [1] pc=[0000000080000250] W[r 7=ffffffffffff0000][1] R[r 0=0000000000000000] R[r 0=0000000000000000] inst=[ffff03b7] lui     t2, 0xffff0
C0:        506 [1] pc=[0000000080000254] W[r 7=ffffffffffff00ff][1] R[r 7=ffffffffffff0000] R[r 0=0000000000000000] inst=[0ff3839b] addiw   t2, t2, 255
C0:        507 [1] pc=[0000000080000258] W[r 7=ffffffff00ff0000][1] R[r 7=ffffffffffff00ff] R[r 0=0000000000000000] inst=[01039393] slli    t2, t2, 16
C0:        508 [1] pc=[000000008000025c] W[r 7=ffffffff00ff00ff][1] R[r 7=ffffffff00ff0000] R[r 0=0000000000000000] inst=[0ff38393] addi    t2, t2, 255
C0:        509 [1] pc=[0000000080000260] W[r 7=ffff00ff00ff0000][1] R[r 7=ffffffff00ff00ff] R[r 0=0000000000000000] inst=[01039393] slli    t2, t2, 16
C0:        510 [1] pc=[0000000080000264] W[r 7=ffff00ff00ff00ff][1] R[r 7=ffff00ff00ff0000] R[r 0=0000000000000000] inst=[0ff38393] addi    t2, t2, 255
C0:        511 [1] pc=[0000000080000268] W[r 7=f00ff00ff00ff000][1] R[r 7=ffff00ff00ff00ff] R[r 0=0000000000000000] inst=[00c39393] slli    t2, t2, 12
C0:        512 [1] pc=[000000008000026c] W[r 7=f00ff00ff00ff00f][1] R[r 7=f00ff00ff00ff000] R[r 0=0000000000000000] inst=[00f38393] addi    t2, t2, 15
C0:        513 [1] pc=[0000000080000270] W[r 3=0000000000000005][1] R[r 0=0000000000000000] R[r 0=0000000000000000] inst=[00500193] li      gp, 5
C0:        514 [1] pc=[0000000080000274] W[r 0=0000000000000000][0] R[r14=f00ff00ff00ff00f] R[r 7=f00ff00ff00ff00f] inst=[30771863] bne     a4, t2, pc + 784
C0:        515 [1] pc=[0000000080000278] W[r 1=0000000080002278][1] R[r 0=0000000000000000] R[r 0=0000000000000000] inst=[00002097] auipc   ra, 0x2
C0:        516 [1] pc=[000000008000027c] W[r 1=0000000080002018][1] R[r 1=0000000080002278] R[r 0=0000000000000000] inst=[da008093] addi    ra, ra, -608
C0:        538 [1] pc=[0000000080000280] W[r14=00ff00ff00ff00ff][1] R[r 1=0000000080002018] R[r 0=0000000000000000] inst=[fe80b703] ld      a4, -24(ra)
C0:        539 [1] pc=[0000000080000284] W[r 7=0000000000ff0000][1] R[r 0=0000000000000000] R[r 0=0000000000000000] inst=[00ff03b7] lui     t2, 0xff0
C0:        540 [1] pc=[0000000080000288] W[r 7=0000000000ff00ff][1] R[r 7=0000000000ff0000] R[r 0=0000000000000000] inst=[0ff3839b] addiw   t2, t2, 255
C0:        541 [1] pc=[000000008000028c] W[r 7=000000ff00ff0000][1] R[r 7=0000000000ff00ff] R[r 0=0000000000000000] inst=[01039393] slli    t2, t2, 16
C0:        542 [1] pc=[0000000080000290] W[r 7=000000ff00ff00ff][1] R[r 7=000000ff00ff0000] R[r 0=0000000000000000] inst=[0ff38393] addi    t2, t2, 255
C0:        543 [1] pc=[0000000080000294] W[r 7=00ff00ff00ff0000][1] R[r 7=000000ff00ff00ff] R[r 0=0000000000000000] inst=[01039393] slli    t2, t2, 16
C0:        544 [1] pc=[0000000080000298] W[r 7=00ff00ff00ff00ff][1] R[r 7=00ff00ff00ff0000] R[r 0=0000000000000000] inst=[0ff38393] addi    t2, t2, 255
C0:        545 [1] pc=[000000008000029c] W[r 3=0000000000000006][1] R[r 0=0000000000000000] R[r 0=0000000000000000] inst=[00600193] li      gp, 6
C0:        546 [1] pc=[00000000800002a0] W[r 0=0000000000000000][0] R[r14=00ff00ff00ff00ff] R[r 7=00ff00ff00ff00ff] inst=[2e771263] bne     a4, t2, pc + 740
C0:        547 [1] pc=[00000000800002a4] W[r 1=00000000800022a4][1] R[r 0=0000000000000000] R[r 0=0000000000000000] inst=[00002097] auipc   ra, 0x2
C0:        548 [1] pc=[00000000800002a8] W[r 1=0000000080002018][1] R[r 1=00000000800022a4] R[r 0=0000000000000000] inst=[d7408093] addi    ra, ra, -652
C0:        549 [1] pc=[00000000800002ac] W[r14=ff00ff00ff00ff00][1] R[r 1=0000000080002018] R[r 0=0000000000000000] inst=[ff00b703] ld      a4, -16(ra)
C0:        550 [1] pc=[00000000800002b0] W[r 7=ffffffffff010000][1] R[r 0=0000000000000000] R[r 0=0000000000000000] inst=[ff0103b7] lui     t2, 0xff010
C0:        551 [1] pc=[00000000800002b4] W[r 7=ffffffffff00ff01][1] R[r 7=ffffffffff010000] R[r 0=0000000000000000] inst=[f013839b] addiw   t2, t2, -255
C0:        552 [1] pc=[00000000800002b8] W[r 7=ffffff00ff010000][1] R[r 7=ffffffffff00ff01] R[r 0=0000000000000000] inst=[01039393] slli    t2, t2, 16
C0:        553 [1] pc=[00000000800002bc] W[r 7=ffffff00ff00ff01][1] R[r 7=ffffff00ff010000] R[r 0=0000000000000000] inst=[f0138393] addi    t2, t2, -255
C0:        575 [1] pc=[00000000800002c0] W[r 7=ff00ff00ff010000][1] R[r 7=ffffff00ff00ff01] R[r 0=0000000000000000] inst=[01039393] slli    t2, t2, 16
C0:        576 [1] pc=[00000000800002c4] W[r 7=ff00ff00ff00ff00][1] R[r 7=ff00ff00ff010000] R[r 0=0000000000000000] inst=[f0038393] addi    t2, t2, -256
C0:        577 [1] pc=[00000000800002c8] W[r 3=0000000000000007][1] R[r 0=0000000000000000] R[r 0=0000000000000000] inst=[00700193] li      gp, 7
C0:        578 [1] pc=[00000000800002cc] W[r 0=0000000000000000][0] R[r14=ff00ff00ff00ff00] R[r 7=ff00ff00ff00ff00] inst=[2a771c63] bne     a4, t2, pc + 696
C0:        579 [1] pc=[00000000800002d0] W[r 1=00000000800022d0][1] R[r 0=0000000000000000] R[r 0=0000000000000000] inst=[00002097] auipc   ra, 0x2
C0:        580 [1] pc=[00000000800002d4] W[r 1=0000000080002018][1] R[r 1=00000000800022d0] R[r 0=0000000000000000] inst=[d4808093] addi    ra, ra, -696
C0:        581 [1] pc=[00000000800002d8] W[r14=0ff00ff00ff00ff0][1] R[r 1=0000000080002018] R[r 0=0000000000000000] inst=[ff80b703] ld      a4, -8(ra)
C0:        582 [1] pc=[00000000800002dc] W[r 7=0000000000010000][1] R[r 0=0000000000000000] R[r 0=0000000000000000] inst=[000103b7] lui     t2, 0x10
C0:        583 [1] pc=[00000000800002e0] W[r 7=000000000000ff01][1] R[r 7=0000000000010000] R[r 0=0000000000000000] inst=[f013839b] addiw   t2, t2, -255
C0:        584 [1] pc=[00000000800002e4] W[r 7=00000000ff010000][1] R[r 7=000000000000ff01] R[r 0=0000000000000000] inst=[01039393] slli    t2, t2, 16
C0:        585 [1] pc=[00000000800002e8] W[r 7=00000000ff00ff01][1] R[r 7=00000000ff010000] R[r 0=0000000000000000] inst=[f0138393] addi    t2, t2, -255
C0:        586 [1] pc=[00000000800002ec] W[r 7=0000ff00ff010000][1] R[r 7=00000000ff00ff01] R[r 0=0000000000000000] inst=[01039393] slli    t2, t2, 16
C0:        587 [1] pc=[00000000800002f0] W[r 7=0000ff00ff00ff01][1] R[r 7=0000ff00ff010000] R[r 0=0000000000000000] inst=[f0138393] addi    t2, t2, -255
C0:        588 [1] pc=[00000000800002f4] W[r 7=0ff00ff00ff01000][1] R[r 7=0000ff00ff00ff01] R[r 0=0000000000000000] inst=[00c39393] slli    t2, t2, 12
C0:        589 [1] pc=[00000000800002f8] W[r 7=0ff00ff00ff00ff0][1] R[r 7=0ff00ff00ff01000] R[r 0=0000000000000000] inst=[ff038393] addi    t2, t2, -16
C0:        590 [1] pc=[00000000800002fc] W[r 3=0000000000000008][1] R[r 0=0000000000000000] R[r 0=0000000000000000] inst=[00800193] li      gp, 8
C0:        612 [1] pc=[0000000080000300] W[r 0=0000000000000000][0] R[r14=0ff00ff00ff00ff0] R[r 7=0ff00ff00ff00ff0] inst=[28771263] bne     a4, t2, pc + 644
C0:        613 [1] pc=[0000000080000304] W[r 1=0000000080002304][1] R[r 0=0000000000000000] R[r 0=0000000000000000] inst=[00002097] auipc   ra, 0x2
C0:        614 [1] pc=[0000000080000308] W[r 1=0000000080002018][1] R[r 1=0000000080002304] R[r 0=0000000000000000] inst=[d1408093] addi    ra, ra, -748
C0:        615 [1] pc=[000000008000030c] W[r14=f00ff00ff00ff00f][1] R[r 1=0000000080002018] R[r 0=0000000000000000] inst=[0000b703] ld      a4, 0(ra)
C0:        616 [1] pc=[0000000080000310] W[r 7=ffffffffffff0000][1] R[r 0=0000000000000000] R[r 0=0000000000000000] inst=[ffff03b7] lui     t2, 0xffff0
C0:        617 [1] pc=[0000000080000314] W[r 7=ffffffffffff00ff][1] R[r 7=ffffffffffff0000] R[r 0=0000000000000000] inst=[0ff3839b] addiw   t2, t2, 255
C0:        618 [1] pc=[0000000080000318] W[r 7=ffffffff00ff0000][1] R[r 7=ffffffffffff00ff] R[r 0=0000000000000000] inst=[01039393] slli    t2, t2, 16
C0:        619 [1] pc=[000000008000031c] W[r 7=ffffffff00ff00ff][1] R[r 7=ffffffff00ff0000] R[r 0=0000000000000000] inst=[0ff38393] addi    t2, t2, 255
C0:        620 [1] pc=[0000000080000320] W[r 7=ffff00ff00ff0000][1] R[r 7=ffffffff00ff00ff] R[r 0=0000000000000000] inst=[01039393] slli    t2, t2, 16
C0:        621 [1] pc=[0000000080000324] W[r 7=ffff00ff00ff00ff][1] R[r 7=ffff00ff00ff0000] R[r 0=0000000000000000] inst=[0ff38393] addi    t2, t2, 255
C0:        622 [1] pc=[0000000080000328] W[r 7=f00ff00ff00ff000][1] R[r 7=ffff00ff00ff00ff] R[r 0=0000000000000000] inst=[00c39393] slli    t2, t2, 12
C0:        623 [1] pc=[000000008000032c] W[r 7=f00ff00ff00ff00f][1] R[r 7=f00ff00ff00ff000] R[r 0=0000000000000000] inst=[00f38393] addi    t2, t2, 15
C0:        624 [1] pc=[0000000080000330] W[r 3=0000000000000009][1] R[r 0=0000000000000000] R[r 0=0000000000000000] inst=[00900193] li      gp, 9
C0:        625 [1] pc=[0000000080000334] W[r 0=0000000000000000][0] R[r14=f00ff00ff00ff00f] R[r 7=f00ff00ff00ff00f] inst=[24771863] bne     a4, t2, pc + 592
C0:        626 [1] pc=[0000000080000338] W[r 1=0000000080002338][1] R[r 0=0000000000000000] R[r 0=0000000000000000] inst=[00002097] auipc   ra, 0x2
C0:        627 [1] pc=[000000008000033c] W[r 1=0000000080002000][1] R[r 1=0000000080002338] R[r 0=0000000000000000] inst=[cc808093] addi    ra, ra, -824
C0:        649 [1] pc=[0000000080000340] W[r 1=0000000080001fe0][1] R[r 1=0000000080002000] R[r 0=0000000000000000] inst=[fe008093] addi    ra, ra, -32
C0:        650 [1] pc=[0000000080000344] W[r 5=00ff00ff00ff00ff][1] R[r 1=0000000080001fe0] R[r 0=0000000000000000] inst=[0200b283] ld      t0, 32(ra)
C0:        651 [1] pc=[0000000080000348] W[r 7=0000000000ff0000][1] R[r 0=0000000000000000] R[r 0=0000000000000000] inst=[00ff03b7] lui     t2, 0xff0
C0:        652 [1] pc=[000000008000034c] W[r 7=0000000000ff00ff][1] R[r 7=0000000000ff0000] R[r 0=0000000000000000] inst=[0ff3839b] addiw   t2, t2, 255
C0:        653 [1] pc=[0000000080000350] W[r 7=000000ff00ff0000][1] R[r 7=0000000000ff00ff] R[r 0=0000000000000000] inst=[01039393] slli    t2, t2, 16
C0:        654 [1] pc=[0000000080000354] W[r 7=000000ff00ff00ff][1] R[r 7=000000ff00ff0000] R[r 0=0000000000000000] inst=[0ff38393] addi    t2, t2, 255
C0:        655 [1] pc=[0000000080000358] W[r 7=00ff00ff00ff0000][1] R[r 7=000000ff00ff00ff] R[r 0=0000000000000000] inst=[01039393] slli    t2, t2, 16
C0:        656 [1] pc=[000000008000035c] W[r 7=00ff00ff00ff00ff][1] R[r 7=00ff00ff00ff0000] R[r 0=0000000000000000] inst=[0ff38393] addi    t2, t2, 255
C0:        657 [1] pc=[0000000080000360] W[r 3=000000000000000a][1] R[r 0=0000000000000000] R[r 0=0000000000000000] inst=[00a00193] li      gp, 10
C0:        658 [1] pc=[0000000080000364] W[r 0=0000000000000000][0] R[r 5=00ff00ff00ff00ff] R[r 7=00ff00ff00ff00ff] inst=[22729063] bne     t0, t2, pc + 544
C0:        659 [1] pc=[0000000080000368] W[r 1=0000000080002368][1] R[r 0=0000000000000000] R[r 0=0000000000000000] inst=[00002097] auipc   ra, 0x2
C0:        660 [1] pc=[000000008000036c] W[r 1=0000000080002000][1] R[r 1=0000000080002368] R[r 0=0000000000000000] inst=[c9808093] addi    ra, ra, -872
C0:        661 [1] pc=[0000000080000370] W[r 1=0000000080001ffd][1] R[r 1=0000000080002000] R[r 0=0000000000000000] inst=[ffd08093] addi    ra, ra, -3
C0:        662 [1] pc=[0000000080000374] W[r 5=ff00ff00ff00ff00][1] R[r 1=0000000080001ffd] R[r 0=0000000000000000] inst=[00b0b283] ld      t0, 11(ra)
C0:        663 [1] pc=[0000000080000378] W[r 7=ffffffffff010000][1] R[r 0=0000000000000000] R[r 0=0000000000000000] inst=[ff0103b7] lui     t2, 0xff010
C0:        664 [1] pc=[000000008000037c] W[r 7=ffffffffff00ff01][1] R[r 7=ffffffffff010000] R[r 0=0000000000000000] inst=[f013839b] addiw   t2, t2, -255
C0:        686 [1] pc=[0000000080000380] W[r 7=ffffff00ff010000][1] R[r 7=ffffffffff00ff01] R[r 0=0000000000000000] inst=[01039393] slli    t2, t2, 16
C0:        687 [1] pc=[0000000080000384] W[r 7=ffffff00ff00ff01][1] R[r 7=ffffff00ff010000] R[r 0=0000000000000000] inst=[f0138393] addi    t2, t2, -255
C0:        688 [1] pc=[0000000080000388] W[r 7=ff00ff00ff010000][1] R[r 7=ffffff00ff00ff01] R[r 0=0000000000000000] inst=[01039393] slli    t2, t2, 16
C0:        689 [1] pc=[000000008000038c] W[r 7=ff00ff00ff00ff00][1] R[r 7=ff00ff00ff010000] R[r 0=0000000000000000] inst=[f0038393] addi    t2, t2, -256
C0:        690 [1] pc=[0000000080000390] W[r 3=000000000000000b][1] R[r 0=0000000000000000] R[r 0=0000000000000000] inst=[00b00193] li      gp, 11
C0:        691 [1] pc=[0000000080000394] W[r 0=0000000000000000][0] R[r 5=ff00ff00ff00ff00] R[r 7=ff00ff00ff00ff00] inst=[1e729863] bne     t0, t2, pc + 496
C0:        692 [1] pc=[0000000080000398] W[r 3=000000000000000c][1] R[r 0=0000000000000000] R[r 0=0000000000000000] inst=[00c00193] li      gp, 12
C0:        693 [1] pc=[000000008000039c] W[r 4=0000000000000000][1] R[r 0=0000000000000000] R[r 0=0000000000000000] inst=[00000213] li      tp, 0
C0:        694 [1] pc=[00000000800003a0] W[r 1=00000000800023a0][1] R[r 0=0000000000000000] R[r 0=0000000000000000] inst=[00002097] auipc   ra, 0x2
C0:        695 [1] pc=[00000000800003a4] W[r 1=0000000080002008][1] R[r 1=00000000800023a0] R[r 0=0000000000000000] inst=[c6808093] addi    ra, ra, -920
C0:        696 [1] pc=[00000000800003a8] W[r14=0ff00ff00ff00ff0][1] R[r 1=0000000080002008] R[r 0=0000000000000000] inst=[0080b703] ld      a4, 8(ra)
C0:        698 [1] pc=[00000000800003ac] W[r 6=0ff00ff00ff00ff0][1] R[r14=0ff00ff00ff00ff0] R[r 0=0000000000000000] inst=[00070313] mv      t1, a4
C0:        699 [1] pc=[00000000800003b0] W[r 7=0000000000010000][1] R[r 0=0000000000000000] R[r 0=0000000000000000] inst=[000103b7] lui     t2, 0x10
C0:        700 [1] pc=[00000000800003b4] W[r 7=000000000000ff01][1] R[r 7=0000000000010000] R[r 0=0000000000000000] inst=[f013839b] addiw   t2, t2, -255
C0:        701 [1] pc=[00000000800003b8] W[r 7=00000000ff010000][1] R[r 7=000000000000ff01] R[r 0=0000000000000000] inst=[01039393] slli    t2, t2, 16
C0:        702 [1] pc=[00000000800003bc] W[r 7=00000000ff00ff01][1] R[r 7=00000000ff010000] R[r 0=0000000000000000] inst=[f0138393] addi    t2, t2, -255
C0:        724 [1] pc=[00000000800003c0] W[r 7=0000ff00ff010000][1] R[r 7=00000000ff00ff01] R[r 0=0000000000000000] inst=[01039393] slli    t2, t2, 16
C0:        725 [1] pc=[00000000800003c4] W[r 7=0000ff00ff00ff01][1] R[r 7=0000ff00ff010000] R[r 0=0000000000000000] inst=[f0138393] addi    t2, t2, -255
C0:        726 [1] pc=[00000000800003c8] W[r 7=0ff00ff00ff01000][1] R[r 7=0000ff00ff00ff01] R[r 0=0000000000000000] inst=[00c39393] slli    t2, t2, 12
C0:        727 [1] pc=[00000000800003cc] W[r 7=0ff00ff00ff00ff0][1] R[r 7=0ff00ff00ff01000] R[r 0=0000000000000000] inst=[ff038393] addi    t2, t2, -16
C0:        728 [1] pc=[00000000800003d0] W[r 0=0000000000000000][0] R[r 6=0ff00ff00ff00ff0] R[r 7=0ff00ff00ff00ff0] inst=[1a731a63] bne     t1, t2, pc + 436
C0:        729 [1] pc=[00000000800003d4] W[r 4=0000000000000001][1] R[r 4=0000000000000000] R[r 0=0000000000000000] inst=[00120213] addi    tp, tp, 1
C0:        730 [1] pc=[00000000800003d8] W[r 5=0000000000000002][1] R[r 0=0000000000000000] R[r 0=0000000000000000] inst=[00200293] li      t0, 2
C0:        731 [1] pc=[00000000800003dc] W[r 0=0000000000000000][0] R[r 4=0000000000000001] R[r 5=0000000000000002] inst=[fc5212e3] bne     tp, t0, pc - 60
C0:        735 [1] pc=[00000000800003a0] W[r 1=00000000800023a0][1] R[r 0=0000000000000000] R[r 0=0000000000000000] inst=[00002097] auipc   ra, 0x2
C0:        736 [1] pc=[00000000800003a4] W[r 1=0000000080002008][1] R[r 1=00000000800023a0] R[r 0=0000000000000000] inst=[c6808093] addi    ra, ra, -920
C0:        737 [1] pc=[00000000800003a8] W[r14=0ff00ff00ff00ff0][1] R[r 1=0000000080002008] R[r 0=0000000000000000] inst=[0080b703] ld      a4, 8(ra)
C0:        739 [1] pc=[00000000800003ac] W[r 6=0ff00ff00ff00ff0][1] R[r14=0ff00ff00ff00ff0] R[r 0=0000000000000000] inst=[00070313] mv      t1, a4
C0:        740 [1] pc=[00000000800003b0] W[r 7=0000000000010000][1] R[r 0=0000000000000000] R[r 0=0000000000000000] inst=[000103b7] lui     t2, 0x10
C0:        741 [1] pc=[00000000800003b4] W[r 7=000000000000ff01][1] R[r 7=0000000000010000] R[r 0=0000000000000000] inst=[f013839b] addiw   t2, t2, -255
C0:        742 [1] pc=[00000000800003b8] W[r 7=00000000ff010000][1] R[r 7=000000000000ff01] R[r 0=0000000000000000] inst=[01039393] slli    t2, t2, 16
C0:        743 [1] pc=[00000000800003bc] W[r 7=00000000ff00ff01][1] R[r 7=00000000ff010000] R[r 0=0000000000000000] inst=[f0138393] addi    t2, t2, -255
C0:        744 [1] pc=[00000000800003c0] W[r 7=0000ff00ff010000][1] R[r 7=00000000ff00ff01] R[r 0=0000000000000000] inst=[01039393] slli    t2, t2, 16
C0:        745 [1] pc=[00000000800003c4] W[r 7=0000ff00ff00ff01][1] R[r 7=0000ff00ff010000] R[r 0=0000000000000000] inst=[f0138393] addi    t2, t2, -255
C0:        746 [1] pc=[00000000800003c8] W[r 7=0ff00ff00ff01000][1] R[r 7=0000ff00ff00ff01] R[r 0=0000000000000000] inst=[00c39393] slli    t2, t2, 12
C0:        747 [1] pc=[00000000800003cc] W[r 7=0ff00ff00ff00ff0][1] R[r 7=0ff00ff00ff01000] R[r 0=0000000000000000] inst=[ff038393] addi    t2, t2, -16
C0:        748 [1] pc=[00000000800003d0] W[r 0=0000000000000000][0] R[r 6=0ff00ff00ff00ff0] R[r 7=0ff00ff00ff00ff0] inst=[1a731a63] bne     t1, t2, pc + 436
C0:        749 [1] pc=[00000000800003d4] W[r 4=0000000000000002][1] R[r 4=0000000000000001] R[r 0=0000000000000000] inst=[00120213] addi    tp, tp, 1
C0:        750 [1] pc=[00000000800003d8] W[r 5=0000000000000002][1] R[r 0=0000000000000000] R[r 0=0000000000000000] inst=[00200293] li      t0, 2
C0:        751 [1] pc=[00000000800003dc] W[r 0=0000000000000000][0] R[r 4=0000000000000002] R[r 5=0000000000000002] inst=[fc5212e3] bne     tp, t0, pc - 60
C0:        752 [1] pc=[00000000800003e0] W[r 3=000000000000000d][1] R[r 0=0000000000000000] R[r 0=0000000000000000] inst=[00d00193] li      gp, 13
C0:        753 [1] pc=[00000000800003e4] W[r 4=0000000000000000][1] R[r 0=0000000000000000] R[r 0=0000000000000000] inst=[00000213] li      tp, 0
C0:        754 [1] pc=[00000000800003e8] W[r 1=00000000800023e8][1] R[r 0=0000000000000000] R[r 0=0000000000000000] inst=[00002097] auipc   ra, 0x2
C0:        755 [1] pc=[00000000800003ec] W[r 1=0000000080002010][1] R[r 1=00000000800023e8] R[r 0=0000000000000000] inst=[c2808093] addi    ra, ra, -984
C0:        756 [1] pc=[00000000800003f0] W[r14=f00ff00ff00ff00f][1] R[r 1=0000000080002010] R[r 0=0000000000000000] inst=[0080b703] ld      a4, 8(ra)
C0:        757 [1] pc=[00000000800003f4] W[r 0=0000000000000000][1] R[r 0=0000000000000000] R[r 0=0000000000000000] inst=[00000013] nop
C0:        758 [1] pc=[00000000800003f8] W[r 6=f00ff00ff00ff00f][1] R[r14=f00ff00ff00ff00f] R[r 0=0000000000000000] inst=[00070313] mv      t1, a4
C0:        759 [1] pc=[00000000800003fc] W[r 7=ffffffffffff0000][1] R[r 0=0000000000000000] R[r 0=0000000000000000] inst=[ffff03b7] lui     t2, 0xffff0
C0:        781 [1] pc=[0000000080000400] W[r 7=ffffffffffff00ff][1] R[r 7=ffffffffffff0000] R[r 0=0000000000000000] inst=[0ff3839b] addiw   t2, t2, 255
C0:        782 [1] pc=[0000000080000404] W[r 7=ffffffff00ff0000][1] R[r 7=ffffffffffff00ff] R[r 0=0000000000000000] inst=[01039393] slli    t2, t2, 16
C0:        783 [1] pc=[0000000080000408] W[r 7=ffffffff00ff00ff][1] R[r 7=ffffffff00ff0000] R[r 0=0000000000000000] inst=[0ff38393] addi    t2, t2, 255
C0:        784 [1] pc=[000000008000040c] W[r 7=ffff00ff00ff0000][1] R[r 7=ffffffff00ff00ff] R[r 0=0000000000000000] inst=[01039393] slli    t2, t2, 16
C0:        785 [1] pc=[0000000080000410] W[r 7=ffff00ff00ff00ff][1] R[r 7=ffff00ff00ff0000] R[r 0=0000000000000000] inst=[0ff38393] addi    t2, t2, 255
C0:        786 [1] pc=[0000000080000414] W[r 7=f00ff00ff00ff000][1] R[r 7=ffff00ff00ff00ff] R[r 0=0000000000000000] inst=[00c39393] slli    t2, t2, 12
C0:        787 [1] pc=[0000000080000418] W[r 7=f00ff00ff00ff00f][1] R[r 7=f00ff00ff00ff000] R[r 0=0000000000000000] inst=[00f38393] addi    t2, t2, 15
C0:        788 [1] pc=[000000008000041c] W[r 0=0000000000000000][0] R[r 6=f00ff00ff00ff00f] R[r 7=f00ff00ff00ff00f] inst=[16731463] bne     t1, t2, pc + 360
C0:        789 [1] pc=[0000000080000420] W[r 4=0000000000000001][1] R[r 4=0000000000000000] R[r 0=0000000000000000] inst=[00120213] addi    tp, tp, 1
C0:        790 [1] pc=[0000000080000424] W[r 5=0000000000000002][1] R[r 0=0000000000000000] R[r 0=0000000000000000] inst=[00200293] li      t0, 2
C0:        791 [1] pc=[0000000080000428] W[r 0=0000000000000000][0] R[r 4=0000000000000001] R[r 5=0000000000000002] inst=[fc5210e3] bne     tp, t0, pc - 64
C0:        795 [1] pc=[00000000800003e8] W[r 1=00000000800023e8][1] R[r 0=0000000000000000] R[r 0=0000000000000000] inst=[00002097] auipc   ra, 0x2
C0:        796 [1] pc=[00000000800003ec] W[r 1=0000000080002010][1] R[r 1=00000000800023e8] R[r 0=0000000000000000] inst=[c2808093] addi    ra, ra, -984
C0:        797 [1] pc=[00000000800003f0] W[r14=f00ff00ff00ff00f][1] R[r 1=0000000080002010] R[r 0=0000000000000000] inst=[0080b703] ld      a4, 8(ra)
C0:        798 [1] pc=[00000000800003f4] W[r 0=0000000000000000][1] R[r 0=0000000000000000] R[r 0=0000000000000000] inst=[00000013] nop
C0:        799 [1] pc=[00000000800003f8] W[r 6=f00ff00ff00ff00f][1] R[r14=f00ff00ff00ff00f] R[r 0=0000000000000000] inst=[00070313] mv      t1, a4
C0:        800 [1] pc=[00000000800003fc] W[r 7=ffffffffffff0000][1] R[r 0=0000000000000000] R[r 0=0000000000000000] inst=[ffff03b7] lui     t2, 0xffff0
C0:        801 [1] pc=[0000000080000400] W[r 7=ffffffffffff00ff][1] R[r 7=ffffffffffff0000] R[r 0=0000000000000000] inst=[0ff3839b] addiw   t2, t2, 255
C0:        802 [1] pc=[0000000080000404] W[r 7=ffffffff00ff0000][1] R[r 7=ffffffffffff00ff] R[r 0=0000000000000000] inst=[01039393] slli    t2, t2, 16
C0:        803 [1] pc=[0000000080000408] W[r 7=ffffffff00ff00ff][1] R[r 7=ffffffff00ff0000] R[r 0=0000000000000000] inst=[0ff38393] addi    t2, t2, 255
C0:        804 [1] pc=[000000008000040c] W[r 7=ffff00ff00ff0000][1] R[r 7=ffffffff00ff00ff] R[r 0=0000000000000000] inst=[01039393] slli    t2, t2, 16
C0:        805 [1] pc=[0000000080000410] W[r 7=ffff00ff00ff00ff][1] R[r 7=ffff00ff00ff0000] R[r 0=0000000000000000] inst=[0ff38393] addi    t2, t2, 255
C0:        806 [1] pc=[0000000080000414] W[r 7=f00ff00ff00ff000][1] R[r 7=ffff00ff00ff00ff] R[r 0=0000000000000000] inst=[00c39393] slli    t2, t2, 12
C0:        807 [1] pc=[0000000080000418] W[r 7=f00ff00ff00ff00f][1] R[r 7=f00ff00ff00ff000] R[r 0=0000000000000000] inst=[00f38393] addi    t2, t2, 15
C0:        808 [1] pc=[000000008000041c] W[r 0=0000000000000000][0] R[r 6=f00ff00ff00ff00f] R[r 7=f00ff00ff00ff00f] inst=[16731463] bne     t1, t2, pc + 360
C0:        809 [1] pc=[0000000080000420] W[r 4=0000000000000002][1] R[r 4=0000000000000001] R[r 0=0000000000000000] inst=[00120213] addi    tp, tp, 1
C0:        810 [1] pc=[0000000080000424] W[r 5=0000000000000002][1] R[r 0=0000000000000000] R[r 0=0000000000000000] inst=[00200293] li      t0, 2
C0:        811 [1] pc=[0000000080000428] W[r 0=0000000000000000][0] R[r 4=0000000000000002] R[r 5=0000000000000002] inst=[fc5210e3] bne     tp, t0, pc - 64
C0:        812 [1] pc=[000000008000042c] W[r 3=000000000000000e][1] R[r 0=0000000000000000] R[r 0=0000000000000000] inst=[00e00193] li      gp, 14
C0:        813 [1] pc=[0000000080000430] W[r 4=0000000000000000][1] R[r 0=0000000000000000] R[r 0=0000000000000000] inst=[00000213] li      tp, 0
C0:        814 [1] pc=[0000000080000434] W[r 1=0000000080002434][1] R[r 0=0000000000000000] R[r 0=0000000000000000] inst=[00002097] auipc   ra, 0x2
C0:        815 [1] pc=[0000000080000438] W[r 1=0000000080002000][1] R[r 1=0000000080002434] R[r 0=0000000000000000] inst=[bcc08093] addi    ra, ra, -1076
C0:        816 [1] pc=[000000008000043c] W[r14=ff00ff00ff00ff00][1] R[r 1=0000000080002000] R[r 0=0000000000000000] inst=[0080b703] ld      a4, 8(ra)
C0:        838 [1] pc=[0000000080000440] W[r 0=0000000000000000][1] R[r 0=0000000000000000] R[r 0=0000000000000000] inst=[00000013] nop
C0:        839 [1] pc=[0000000080000444] W[r 0=0000000000000000][1] R[r 0=0000000000000000] R[r 0=0000000000000000] inst=[00000013] nop
C0:        840 [1] pc=[0000000080000448] W[r 6=ff00ff00ff00ff00][1] R[r14=ff00ff00ff00ff00] R[r 0=0000000000000000] inst=[00070313] mv      t1, a4
C0:        841 [1] pc=[000000008000044c] W[r 7=ffffffffff010000][1] R[r 0=0000000000000000] R[r 0=0000000000000000] inst=[ff0103b7] lui     t2, 0xff010
C0:        842 [1] pc=[0000000080000450] W[r 7=ffffffffff00ff01][1] R[r 7=ffffffffff010000] R[r 0=0000000000000000] inst=[f013839b] addiw   t2, t2, -255
C0:        843 [1] pc=[0000000080000454] W[r 7=ffffff00ff010000][1] R[r 7=ffffffffff00ff01] R[r 0=0000000000000000] inst=[01039393] slli    t2, t2, 16
C0:        844 [1] pc=[0000000080000458] W[r 7=ffffff00ff00ff01][1] R[r 7=ffffff00ff010000] R[r 0=0000000000000000] inst=[f0138393] addi    t2, t2, -255
C0:        845 [1] pc=[000000008000045c] W[r 7=ff00ff00ff010000][1] R[r 7=ffffff00ff00ff01] R[r 0=0000000000000000] inst=[01039393] slli    t2, t2, 16
C0:        846 [1] pc=[0000000080000460] W[r 7=ff00ff00ff00ff00][1] R[r 7=ff00ff00ff010000] R[r 0=0000000000000000] inst=[f0038393] addi    t2, t2, -256
C0:        847 [1] pc=[0000000080000464] W[r 0=0000000000000000][0] R[r 6=ff00ff00ff00ff00] R[r 7=ff00ff00ff00ff00] inst=[12731063] bne     t1, t2, pc + 288
C0:        848 [1] pc=[0000000080000468] W[r 4=0000000000000001][1] R[r 4=0000000000000000] R[r 0=0000000000000000] inst=[00120213] addi    tp, tp, 1
C0:        849 [1] pc=[000000008000046c] W[r 5=0000000000000002][1] R[r 0=0000000000000000] R[r 0=0000000000000000] inst=[00200293] li      t0, 2
C0:        850 [1] pc=[0000000080000470] W[r 0=0000000000000000][0] R[r 4=0000000000000001] R[r 5=0000000000000002] inst=[fc5212e3] bne     tp, t0, pc - 60
C0:        854 [1] pc=[0000000080000434] W[r 1=0000000080002434][1] R[r 0=0000000000000000] R[r 0=0000000000000000] inst=[00002097] auipc   ra, 0x2
C0:        855 [1] pc=[0000000080000438] W[r 1=0000000080002000][1] R[r 1=0000000080002434] R[r 0=0000000000000000] inst=[bcc08093] addi    ra, ra, -1076
C0:        856 [1] pc=[000000008000043c] W[r14=ff00ff00ff00ff00][1] R[r 1=0000000080002000] R[r 0=0000000000000000] inst=[0080b703] ld      a4, 8(ra)
C0:        857 [1] pc=[0000000080000440] W[r 0=0000000000000000][1] R[r 0=0000000000000000] R[r 0=0000000000000000] inst=[00000013] nop
C0:        858 [1] pc=[0000000080000444] W[r 0=0000000000000000][1] R[r 0=0000000000000000] R[r 0=0000000000000000] inst=[00000013] nop
C0:        859 [1] pc=[0000000080000448] W[r 6=ff00ff00ff00ff00][1] R[r14=ff00ff00ff00ff00] R[r 0=0000000000000000] inst=[00070313] mv      t1, a4
C0:        860 [1] pc=[000000008000044c] W[r 7=ffffffffff010000][1] R[r 0=0000000000000000] R[r 0=0000000000000000] inst=[ff0103b7] lui     t2, 0xff010
C0:        861 [1] pc=[0000000080000450] W[r 7=ffffffffff00ff01][1] R[r 7=ffffffffff010000] R[r 0=0000000000000000] inst=[f013839b] addiw   t2, t2, -255
C0:        862 [1] pc=[0000000080000454] W[r 7=ffffff00ff010000][1] R[r 7=ffffffffff00ff01] R[r 0=0000000000000000] inst=[01039393] slli    t2, t2, 16
C0:        863 [1] pc=[0000000080000458] W[r 7=ffffff00ff00ff01][1] R[r 7=ffffff00ff010000] R[r 0=0000000000000000] inst=[f0138393] addi    t2, t2, -255
C0:        864 [1] pc=[000000008000045c] W[r 7=ff00ff00ff010000][1] R[r 7=ffffff00ff00ff01] R[r 0=0000000000000000] inst=[01039393] slli    t2, t2, 16
C0:        865 [1] pc=[0000000080000460] W[r 7=ff00ff00ff00ff00][1] R[r 7=ff00ff00ff010000] R[r 0=0000000000000000] inst=[f0038393] addi    t2, t2, -256
C0:        866 [1] pc=[0000000080000464] W[r 0=0000000000000000][0] R[r 6=ff00ff00ff00ff00] R[r 7=ff00ff00ff00ff00] inst=[12731063] bne     t1, t2, pc + 288
C0:        867 [1] pc=[0000000080000468] W[r 4=0000000000000002][1] R[r 4=0000000000000001] R[r 0=0000000000000000] inst=[00120213] addi    tp, tp, 1
C0:        868 [1] pc=[000000008000046c] W[r 5=0000000000000002][1] R[r 0=0000000000000000] R[r 0=0000000000000000] inst=[00200293] li      t0, 2
C0:        869 [1] pc=[0000000080000470] W[r 0=0000000000000000][0] R[r 4=0000000000000002] R[r 5=0000000000000002] inst=[fc5212e3] bne     tp, t0, pc - 60
C0:        873 [1] pc=[0000000080000474] W[r 3=000000000000000f][1] R[r 0=0000000000000000] R[r 0=0000000000000000] inst=[00f00193] li      gp, 15
C0:        874 [1] pc=[0000000080000478] W[r 4=0000000000000000][1] R[r 0=0000000000000000] R[r 0=0000000000000000] inst=[00000213] li      tp, 0
C0:        875 [1] pc=[000000008000047c] W[r 1=000000008000247c][1] R[r 0=0000000000000000] R[r 0=0000000000000000] inst=[00002097] auipc   ra, 0x2
C0:        897 [1] pc=[0000000080000480] W[r 1=0000000080002008][1] R[r 1=000000008000247c] R[r 0=0000000000000000] inst=[b8c08093] addi    ra, ra, -1140
C0:        898 [1] pc=[0000000080000484] W[r14=0ff00ff00ff00ff0][1] R[r 1=0000000080002008] R[r 0=0000000000000000] inst=[0080b703] ld      a4, 8(ra)
C0:        899 [1] pc=[0000000080000488] W[r 7=0000000000010000][1] R[r 0=0000000000000000] R[r 0=0000000000000000] inst=[000103b7] lui     t2, 0x10
C0:        900 [1] pc=[000000008000048c] W[r 7=000000000000ff01][1] R[r 7=0000000000010000] R[r 0=0000000000000000] inst=[f013839b] addiw   t2, t2, -255
C0:        901 [1] pc=[0000000080000490] W[r 7=00000000ff010000][1] R[r 7=000000000000ff01] R[r 0=0000000000000000] inst=[01039393] slli    t2, t2, 16
C0:        902 [1] pc=[0000000080000494] W[r 7=00000000ff00ff01][1] R[r 7=00000000ff010000] R[r 0=0000000000000000] inst=[f0138393] addi    t2, t2, -255
C0:        903 [1] pc=[0000000080000498] W[r 7=0000ff00ff010000][1] R[r 7=00000000ff00ff01] R[r 0=0000000000000000] inst=[01039393] slli    t2, t2, 16
C0:        904 [1] pc=[000000008000049c] W[r 7=0000ff00ff00ff01][1] R[r 7=0000ff00ff010000] R[r 0=0000000000000000] inst=[f0138393] addi    t2, t2, -255
C0:        905 [1] pc=[00000000800004a0] W[r 7=0ff00ff00ff01000][1] R[r 7=0000ff00ff00ff01] R[r 0=0000000000000000] inst=[00c39393] slli    t2, t2, 12
C0:        906 [1] pc=[00000000800004a4] W[r 7=0ff00ff00ff00ff0][1] R[r 7=0ff00ff00ff01000] R[r 0=0000000000000000] inst=[ff038393] addi    t2, t2, -16
C0:        907 [1] pc=[00000000800004a8] W[r 0=0000000000000000][0] R[r14=0ff00ff00ff00ff0] R[r 7=0ff00ff00ff00ff0] inst=[0c771e63] bne     a4, t2, pc + 220
C0:        908 [1] pc=[00000000800004ac] W[r 4=0000000000000001][1] R[r 4=0000000000000000] R[r 0=0000000000000000] inst=[00120213] addi    tp, tp, 1
C0:        909 [1] pc=[00000000800004b0] W[r 5=0000000000000002][1] R[r 0=0000000000000000] R[r 0=0000000000000000] inst=[00200293] li      t0, 2
C0:        910 [1] pc=[00000000800004b4] W[r 0=0000000000000000][0] R[r 4=0000000000000001] R[r 5=0000000000000002] inst=[fc5214e3] bne     tp, t0, pc - 56
C0:        914 [1] pc=[000000008000047c] W[r 1=000000008000247c][1] R[r 0=0000000000000000] R[r 0=0000000000000000] inst=[00002097] auipc   ra, 0x2
C0:        915 [1] pc=[0000000080000480] W[r 1=0000000080002008][1] R[r 1=000000008000247c] R[r 0=0000000000000000] inst=[b8c08093] addi    ra, ra, -1140
C0:        916 [1] pc=[0000000080000484] W[r14=0ff00ff00ff00ff0][1] R[r 1=0000000080002008] R[r 0=0000000000000000] inst=[0080b703] ld      a4, 8(ra)
C0:        917 [1] pc=[0000000080000488] W[r 7=0000000000010000][1] R[r 0=0000000000000000] R[r 0=0000000000000000] inst=[000103b7] lui     t2, 0x10
C0:        918 [1] pc=[000000008000048c] W[r 7=000000000000ff01][1] R[r 7=0000000000010000] R[r 0=0000000000000000] inst=[f013839b] addiw   t2, t2, -255
C0:        919 [1] pc=[0000000080000490] W[r 7=00000000ff010000][1] R[r 7=000000000000ff01] R[r 0=0000000000000000] inst=[01039393] slli    t2, t2, 16
C0:        920 [1] pc=[0000000080000494] W[r 7=00000000ff00ff01][1] R[r 7=00000000ff010000] R[r 0=0000000000000000] inst=[f0138393] addi    t2, t2, -255
C0:        921 [1] pc=[0000000080000498] W[r 7=0000ff00ff010000][1] R[r 7=00000000ff00ff01] R[r 0=0000000000000000] inst=[01039393] slli    t2, t2, 16
C0:        922 [1] pc=[000000008000049c] W[r 7=0000ff00ff00ff01][1] R[r 7=0000ff00ff010000] R[r 0=0000000000000000] inst=[f0138393] addi    t2, t2, -255
C0:        923 [1] pc=[00000000800004a0] W[r 7=0ff00ff00ff01000][1] R[r 7=0000ff00ff00ff01] R[r 0=0000000000000000] inst=[00c39393] slli    t2, t2, 12
C0:        924 [1] pc=[00000000800004a4] W[r 7=0ff00ff00ff00ff0][1] R[r 7=0ff00ff00ff01000] R[r 0=0000000000000000] inst=[ff038393] addi    t2, t2, -16
C0:        925 [1] pc=[00000000800004a8] W[r 0=0000000000000000][0] R[r14=0ff00ff00ff00ff0] R[r 7=0ff00ff00ff00ff0] inst=[0c771e63] bne     a4, t2, pc + 220
C0:        926 [1] pc=[00000000800004ac] W[r 4=0000000000000002][1] R[r 4=0000000000000001] R[r 0=0000000000000000] inst=[00120213] addi    tp, tp, 1
C0:        927 [1] pc=[00000000800004b0] W[r 5=0000000000000002][1] R[r 0=0000000000000000] R[r 0=0000000000000000] inst=[00200293] li      t0, 2
C0:        928 [1] pc=[00000000800004b4] W[r 0=0000000000000000][0] R[r 4=0000000000000002] R[r 5=0000000000000002] inst=[fc5214e3] bne     tp, t0, pc - 56
C0:        932 [1] pc=[00000000800004b8] W[r 3=0000000000000010][1] R[r 0=0000000000000000] R[r 0=0000000000000000] inst=[01000193] li      gp, 16
C0:        933 [1] pc=[00000000800004bc] W[r 4=0000000000000000][1] R[r 0=0000000000000000] R[r 0=0000000000000000] inst=[00000213] li      tp, 0
C0:        955 [1] pc=[00000000800004c0] W[r 1=00000000800024c0][1] R[r 0=0000000000000000] R[r 0=0000000000000000] inst=[00002097] auipc   ra, 0x2
C0:        956 [1] pc=[00000000800004c4] W[r 1=0000000080002010][1] R[r 1=00000000800024c0] R[r 0=0000000000000000] inst=[b5008093] addi    ra, ra, -1200
C0:        957 [1] pc=[00000000800004c8] W[r 0=0000000000000000][1] R[r 0=0000000000000000] R[r 0=0000000000000000] inst=[00000013] nop
C0:        958 [1] pc=[00000000800004cc] W[r14=f00ff00ff00ff00f][1] R[r 1=0000000080002010] R[r 0=0000000000000000] inst=[0080b703] ld      a4, 8(ra)
C0:        959 [1] pc=[00000000800004d0] W[r 7=ffffffffffff0000][1] R[r 0=0000000000000000] R[r 0=0000000000000000] inst=[ffff03b7] lui     t2, 0xffff0
C0:        960 [1] pc=[00000000800004d4] W[r 7=ffffffffffff00ff][1] R[r 7=ffffffffffff0000] R[r 0=0000000000000000] inst=[0ff3839b] addiw   t2, t2, 255
C0:        961 [1] pc=[00000000800004d8] W[r 7=ffffffff00ff0000][1] R[r 7=ffffffffffff00ff] R[r 0=0000000000000000] inst=[01039393] slli    t2, t2, 16
C0:        962 [1] pc=[00000000800004dc] W[r 7=ffffffff00ff00ff][1] R[r 7=ffffffff00ff0000] R[r 0=0000000000000000] inst=[0ff38393] addi    t2, t2, 255
C0:        963 [1] pc=[00000000800004e0] W[r 7=ffff00ff00ff0000][1] R[r 7=ffffffff00ff00ff] R[r 0=0000000000000000] inst=[01039393] slli    t2, t2, 16
C0:        964 [1] pc=[00000000800004e4] W[r 7=ffff00ff00ff00ff][1] R[r 7=ffff00ff00ff0000] R[r 0=0000000000000000] inst=[0ff38393] addi    t2, t2, 255
C0:        965 [1] pc=[00000000800004e8] W[r 7=f00ff00ff00ff000][1] R[r 7=ffff00ff00ff00ff] R[r 0=0000000000000000] inst=[00c39393] slli    t2, t2, 12
C0:        966 [1] pc=[00000000800004ec] W[r 7=f00ff00ff00ff00f][1] R[r 7=f00ff00ff00ff000] R[r 0=0000000000000000] inst=[00f38393] addi    t2, t2, 15
C0:        967 [1] pc=[00000000800004f0] W[r 0=0000000000000000][0] R[r14=f00ff00ff00ff00f] R[r 7=f00ff00ff00ff00f] inst=[08771a63] bne     a4, t2, pc + 148
C0:        968 [1] pc=[00000000800004f4] W[r 4=0000000000000001][1] R[r 4=0000000000000000] R[r 0=0000000000000000] inst=[00120213] addi    tp, tp, 1
C0:        969 [1] pc=[00000000800004f8] W[r 5=0000000000000002][1] R[r 0=0000000000000000] R[r 0=0000000000000000] inst=[00200293] li      t0, 2
C0:        970 [1] pc=[00000000800004fc] W[r 0=0000000000000000][0] R[r 4=0000000000000001] R[r 5=0000000000000002] inst=[fc5212e3] bne     tp, t0, pc - 60
C0:        974 [1] pc=[00000000800004c0] W[r 1=00000000800024c0][1] R[r 0=0000000000000000] R[r 0=0000000000000000] inst=[00002097] auipc   ra, 0x2
C0:        975 [1] pc=[00000000800004c4] W[r 1=0000000080002010][1] R[r 1=00000000800024c0] R[r 0=0000000000000000] inst=[b5008093] addi    ra, ra, -1200
C0:        976 [1] pc=[00000000800004c8] W[r 0=0000000000000000][1] R[r 0=0000000000000000] R[r 0=0000000000000000] inst=[00000013] nop
C0:        977 [1] pc=[00000000800004cc] W[r14=f00ff00ff00ff00f][1] R[r 1=0000000080002010] R[r 0=0000000000000000] inst=[0080b703] ld      a4, 8(ra)
C0:        978 [1] pc=[00000000800004d0] W[r 7=ffffffffffff0000][1] R[r 0=0000000000000000] R[r 0=0000000000000000] inst=[ffff03b7] lui     t2, 0xffff0
C0:        979 [1] pc=[00000000800004d4] W[r 7=ffffffffffff00ff][1] R[r 7=ffffffffffff0000] R[r 0=0000000000000000] inst=[0ff3839b] addiw   t2, t2, 255
C0:        980 [1] pc=[00000000800004d8] W[r 7=ffffffff00ff0000][1] R[r 7=ffffffffffff00ff] R[r 0=0000000000000000] inst=[01039393] slli    t2, t2, 16
C0:        981 [1] pc=[00000000800004dc] W[r 7=ffffffff00ff00ff][1] R[r 7=ffffffff00ff0000] R[r 0=0000000000000000] inst=[0ff38393] addi    t2, t2, 255
C0:        982 [1] pc=[00000000800004e0] W[r 7=ffff00ff00ff0000][1] R[r 7=ffffffff00ff00ff] R[r 0=0000000000000000] inst=[01039393] slli    t2, t2, 16
C0:        983 [1] pc=[00000000800004e4] W[r 7=ffff00ff00ff00ff][1] R[r 7=ffff00ff00ff0000] R[r 0=0000000000000000] inst=[0ff38393] addi    t2, t2, 255
C0:        984 [1] pc=[00000000800004e8] W[r 7=f00ff00ff00ff000][1] R[r 7=ffff00ff00ff00ff] R[r 0=0000000000000000] inst=[00c39393] slli    t2, t2, 12
C0:        985 [1] pc=[00000000800004ec] W[r 7=f00ff00ff00ff00f][1] R[r 7=f00ff00ff00ff000] R[r 0=0000000000000000] inst=[00f38393] addi    t2, t2, 15
C0:        986 [1] pc=[00000000800004f0] W[r 0=0000000000000000][0] R[r14=f00ff00ff00ff00f] R[r 7=f00ff00ff00ff00f] inst=[08771a63] bne     a4, t2, pc + 148
C0:        987 [1] pc=[00000000800004f4] W[r 4=0000000000000002][1] R[r 4=0000000000000001] R[r 0=0000000000000000] inst=[00120213] addi    tp, tp, 1
C0:        988 [1] pc=[00000000800004f8] W[r 5=0000000000000002][1] R[r 0=0000000000000000] R[r 0=0000000000000000] inst=[00200293] li      t0, 2
C0:        989 [1] pc=[00000000800004fc] W[r 0=0000000000000000][0] R[r 4=0000000000000002] R[r 5=0000000000000002] inst=[fc5212e3] bne     tp, t0, pc - 60
C0:       1014 [1] pc=[0000000080000500] W[r 3=0000000000000011][1] R[r 0=0000000000000000] R[r 0=0000000000000000] inst=[01100193] li      gp, 17
C0:       1015 [1] pc=[0000000080000504] W[r 4=0000000000000000][1] R[r 0=0000000000000000] R[r 0=0000000000000000] inst=[00000213] li      tp, 0
C0:       1016 [1] pc=[0000000080000508] W[r 1=0000000080002508][1] R[r 0=0000000000000000] R[r 0=0000000000000000] inst=[00002097] auipc   ra, 0x2
C0:       1017 [1] pc=[000000008000050c] W[r 1=0000000080002000][1] R[r 1=0000000080002508] R[r 0=0000000000000000] inst=[af808093] addi    ra, ra, -1288
C0:       1018 [1] pc=[0000000080000510] W[r 0=0000000000000000][1] R[r 0=0000000000000000] R[r 0=0000000000000000] inst=[00000013] nop
C0:       1019 [1] pc=[0000000080000514] W[r 0=0000000000000000][1] R[r 0=0000000000000000] R[r 0=0000000000000000] inst=[00000013] nop
C0:       1020 [1] pc=[0000000080000518] W[r14=ff00ff00ff00ff00][1] R[r 1=0000000080002000] R[r 0=0000000000000000] inst=[0080b703] ld      a4, 8(ra)
C0:       1021 [1] pc=[000000008000051c] W[r 7=ffffffffff010000][1] R[r 0=0000000000000000] R[r 0=0000000000000000] inst=[ff0103b7] lui     t2, 0xff010
C0:       1022 [1] pc=[0000000080000520] W[r 7=ffffffffff00ff01][1] R[r 7=ffffffffff010000] R[r 0=0000000000000000] inst=[f013839b] addiw   t2, t2, -255
C0:       1023 [1] pc=[0000000080000524] W[r 7=ffffff00ff010000][1] R[r 7=ffffffffff00ff01] R[r 0=0000000000000000] inst=[01039393] slli    t2, t2, 16
C0:       1024 [1] pc=[0000000080000528] W[r 7=ffffff00ff00ff01][1] R[r 7=ffffff00ff010000] R[r 0=0000000000000000] inst=[f0138393] addi    t2, t2, -255
C0:       1025 [1] pc=[000000008000052c] W[r 7=ff00ff00ff010000][1] R[r 7=ffffff00ff00ff01] R[r 0=0000000000000000] inst=[01039393] slli    t2, t2, 16
C0:       1026 [1] pc=[0000000080000530] W[r 7=ff00ff00ff00ff00][1] R[r 7=ff00ff00ff010000] R[r 0=0000000000000000] inst=[f0038393] addi    t2, t2, -256
C0:       1027 [1] pc=[0000000080000534] W[r 0=0000000000000000][0] R[r14=ff00ff00ff00ff00] R[r 7=ff00ff00ff00ff00] inst=[04771863] bne     a4, t2, pc + 80
C0:       1028 [1] pc=[0000000080000538] W[r 4=0000000000000001][1] R[r 4=0000000000000000] R[r 0=0000000000000000] inst=[00120213] addi    tp, tp, 1
C0:       1029 [1] pc=[000000008000053c] W[r 5=0000000000000002][1] R[r 0=0000000000000000] R[r 0=0000000000000000] inst=[00200293] li      t0, 2
C0:       1051 [1] pc=[0000000080000540] W[r 0=0000000000000000][0] R[r 4=0000000000000001] R[r 5=0000000000000002] inst=[fc5214e3] bne     tp, t0, pc - 56
C0:       1055 [1] pc=[0000000080000508] W[r 1=0000000080002508][1] R[r 0=0000000000000000] R[r 0=0000000000000000] inst=[00002097] auipc   ra, 0x2
C0:       1056 [1] pc=[000000008000050c] W[r 1=0000000080002000][1] R[r 1=0000000080002508] R[r 0=0000000000000000] inst=[af808093] addi    ra, ra, -1288
C0:       1057 [1] pc=[0000000080000510] W[r 0=0000000000000000][1] R[r 0=0000000000000000] R[r 0=0000000000000000] inst=[00000013] nop
C0:       1058 [1] pc=[0000000080000514] W[r 0=0000000000000000][1] R[r 0=0000000000000000] R[r 0=0000000000000000] inst=[00000013] nop
C0:       1059 [1] pc=[0000000080000518] W[r14=ff00ff00ff00ff00][1] R[r 1=0000000080002000] R[r 0=0000000000000000] inst=[0080b703] ld      a4, 8(ra)
C0:       1060 [1] pc=[000000008000051c] W[r 7=ffffffffff010000][1] R[r 0=0000000000000000] R[r 0=0000000000000000] inst=[ff0103b7] lui     t2, 0xff010
C0:       1061 [1] pc=[0000000080000520] W[r 7=ffffffffff00ff01][1] R[r 7=ffffffffff010000] R[r 0=0000000000000000] inst=[f013839b] addiw   t2, t2, -255
C0:       1062 [1] pc=[0000000080000524] W[r 7=ffffff00ff010000][1] R[r 7=ffffffffff00ff01] R[r 0=0000000000000000] inst=[01039393] slli    t2, t2, 16
C0:       1063 [1] pc=[0000000080000528] W[r 7=ffffff00ff00ff01][1] R[r 7=ffffff00ff010000] R[r 0=0000000000000000] inst=[f0138393] addi    t2, t2, -255
C0:       1064 [1] pc=[000000008000052c] W[r 7=ff00ff00ff010000][1] R[r 7=ffffff00ff00ff01] R[r 0=0000000000000000] inst=[01039393] slli    t2, t2, 16
C0:       1065 [1] pc=[0000000080000530] W[r 7=ff00ff00ff00ff00][1] R[r 7=ff00ff00ff010000] R[r 0=0000000000000000] inst=[f0038393] addi    t2, t2, -256
C0:       1066 [1] pc=[0000000080000534] W[r 0=0000000000000000][0] R[r14=ff00ff00ff00ff00] R[r 7=ff00ff00ff00ff00] inst=[04771863] bne     a4, t2, pc + 80
C0:       1067 [1] pc=[0000000080000538] W[r 4=0000000000000002][1] R[r 4=0000000000000001] R[r 0=0000000000000000] inst=[00120213] addi    tp, tp, 1
C0:       1068 [1] pc=[000000008000053c] W[r 5=0000000000000002][1] R[r 0=0000000000000000] R[r 0=0000000000000000] inst=[00200293] li      t0, 2
C0:       1069 [1] pc=[0000000080000540] W[r 0=0000000000000000][0] R[r 4=0000000000000002] R[r 5=0000000000000002] inst=[fc5214e3] bne     tp, t0, pc - 56
C0:       1073 [1] pc=[0000000080000544] W[r 5=0000000080002544][1] R[r 0=0000000000000000] R[r 0=0000000000000000] inst=[00002297] auipc   t0, 0x2
C0:       1074 [1] pc=[0000000080000548] W[r 5=0000000080002000][1] R[r 5=0000000080002544] R[r 0=0000000000000000] inst=[abc28293] addi    t0, t0, -1348
C0:       1075 [1] pc=[000000008000054c] W[r 2=00ff00ff00ff00ff][1] R[r 5=0000000080002000] R[r 0=0000000000000000] inst=[0002b103] ld      sp, 0(t0)
C0:       1077 [1] pc=[0000000080000550] W[r 2=0000000000000002][1] R[r 0=0000000000000000] R[r 0=0000000000000000] inst=[00200113] li      sp, 2
C0:       1078 [1] pc=[0000000080000554] W[r 7=0000000000000002][1] R[r 0=0000000000000000] R[r 0=0000000000000000] inst=[00200393] li      t2, 2
C0:       1079 [1] pc=[0000000080000558] W[r 3=0000000000000012][1] R[r 0=0000000000000000] R[r 0=0000000000000000] inst=[01200193] li      gp, 18
C0:       1080 [1] pc=[000000008000055c] W[r 0=0000000000000000][0] R[r 2=0000000000000002] R[r 7=0000000000000002] inst=[02711463] bne     sp, t2, pc + 40
C0:       1081 [1] pc=[0000000080000560] W[r 5=0000000080002560][1] R[r 0=0000000000000000] R[r 0=0000000000000000] inst=[00002297] auipc   t0, 0x2
C0:       1082 [1] pc=[0000000080000564] W[r 5=0000000080002000][1] R[r 5=0000000080002560] R[r 0=0000000000000000] inst=[aa028293] addi    t0, t0, -1376
C0:       1083 [1] pc=[0000000080000568] W[r 2=00ff00ff00ff00ff][1] R[r 5=0000000080002000] R[r 0=0000000000000000] inst=[0002b103] ld      sp, 0(t0)
C0:       1084 [1] pc=[000000008000056c] W[r 0=0000000000000000][1] R[r 0=0000000000000000] R[r 0=0000000000000000] inst=[00000013] nop
C0:       1085 [1] pc=[0000000080000570] W[r 2=0000000000000002][1] R[r 0=0000000000000000] R[r 0=0000000000000000] inst=[00200113] li      sp, 2
C0:       1086 [1] pc=[0000000080000574] W[r 7=0000000000000002][1] R[r 0=0000000000000000] R[r 0=0000000000000000] inst=[00200393] li      t2, 2
C0:       1087 [1] pc=[0000000080000578] W[r 3=0000000000000013][1] R[r 0=0000000000000000] R[r 0=0000000000000000] inst=[01300193] li      gp, 19
C0:       1088 [1] pc=[000000008000057c] W[r 0=0000000000000000][0] R[r 2=0000000000000002] R[r 7=0000000000000002] inst=[00711463] bne     sp, t2, pc + 8
C0:       1110 [1] pc=[0000000080000580] W[r 0=0000000000000000][0] R[r 0=0000000000000000] R[r 3=0000000000000013] inst=[02301063] bne     zero, gp, pc + 32
C0:       1114 [1] pc=[00000000800005a0] W[r 0=0000000000000000][0] R[r 0=0000000000000000] R[r 0=0000000000000000] inst=[0ff0000f] fence   iorw,iorw
C0:       1115 [1] pc=[00000000800005a4] W[r 3=0000000000000001][1] R[r 0=0000000000000000] R[r 0=0000000000000000] inst=[00100193] li      gp, 1
C0:       1116 [1] pc=[00000000800005a8] W[r17=000000000000005d][1] R[r 0=0000000000000000] R[r 0=0000000000000000] inst=[05d00893] li      a7, 93
C0:       1117 [1] pc=[00000000800005ac] W[r10=0000000000000000][1] R[r 0=0000000000000000] R[r 0=0000000000000000] inst=[00000513] li      a0, 0
C0:       1118 [0] pc=[00000000800005b0] W[r 0=0000000000000000][0] R[r 0=0000000000000000] R[r 0=0000000000000000] inst=[00000073] ecall
C0:       1123 [1] pc=[0000000080000004] W[r30=0000000000000008][1] R[r 0=0000000000000000] R[r 0=0000000000000000] inst=[34202f73] csrr    t5, unknown_342
C0:       1124 [1] pc=[0000000080000008] W[r31=0000000000000008][1] R[r 0=0000000000000000] R[r 0=0000000000000000] inst=[00800f93] li      t6, 8
C0:       1126 [1] pc=[000000008000000c] W[r 0=0000000000000000][0] R[r30=0000000000000008] R[r31=0000000000000008] inst=[07ff0663] beq     t5, t6, pc + 108
C0:       1151 [1] pc=[0000000080000078] W[r30=0000000080001078][1] R[r 0=0000000000000000] R[r 0=0000000000000000] inst=[00001f17] auipc   t5, 0x1
C0:       1168 [1] pc=[000000008000007c] W[r 0=0000000000000000][0] R[r30=0000000080001078] R[r 3=0000000000000001] inst=[f83f2423] sw      gp, -120(t5)
C0:       1169 [1] pc=[0000000080000080] W[r 0=0000000080000084][1] R[r 0=0000000000000000] R[r 0=0000000000000000] inst=[ff9ff06f] j       pc - 0x8
C0:       1170 [1] pc=[0000000080000078] W[r30=0000000080001078][1] R[r 0=0000000000000000] R[r 0=0000000000000000] inst=[00001f17] auipc   t5, 0x1
C0:       1171 [1] pc=[000000008000007c] W[r 0=0000000000000000][0] R[r30=0000000080001078] R[r 3=0000000000000001] inst=[f83f2423] sw      gp, -120(t5)
C0:       1172 [1] pc=[0000000080000080] W[r 0=0000000080000084][1] R[r 0=0000000000000000] R[r 0=0000000000000000] inst=[ff9ff06f] j       pc - 0x8
C0:       1173 [1] pc=[0000000080000078] W[r30=0000000080001078][1] R[r 0=0000000000000000] R[r 0=0000000000000000] inst=[00001f17] auipc   t5, 0x1
C0:       1174 [1] pc=[000000008000007c] W[r 0=0000000000000000][0] R[r30=0000000080001078] R[r 3=0000000000000001] inst=[f83f2423] sw      gp, -120(t5)
C0:       1175 [1] pc=[0000000080000080] W[r 0=0000000080000084][1] R[r 0=0000000000000000] R[r 0=0000000000000000] inst=[ff9ff06f] j       pc - 0x8
C0:       1176 [1] pc=[0000000080000078] W[r30=0000000080001078][1] R[r 0=0000000000000000] R[r 0=0000000000000000] inst=[00001f17] auipc   t5, 0x1
C0:       1177 [1] pc=[000000008000007c] W[r 0=0000000000000000][0] R[r30=0000000080001078] R[r 3=0000000000000001] inst=[f83f2423] sw      gp, -120(t5)
C0:       1178 [1] pc=[0000000080000080] W[r 0=0000000080000084][1] R[r 0=0000000000000000] R[r 0=0000000000000000] inst=[ff9ff06f] j       pc - 0x8
C0:       1179 [1] pc=[0000000080000078] W[r30=0000000080001078][1] R[r 0=0000000000000000] R[r 0=0000000000000000] inst=[00001f17] auipc   t5, 0x1
C0:       1180 [1] pc=[000000008000007c] W[r 0=0000000000000000][0] R[r30=0000000080001078] R[r 3=0000000000000001] inst=[f83f2423] sw      gp, -120(t5)
C0:       1181 [1] pc=[0000000080000080] W[r 0=0000000080000084][1] R[r 0=0000000000000000] R[r 0=0000000000000000] inst=[ff9ff06f] j       pc - 0x8
C0:       1182 [1] pc=[0000000080000078] W[r30=0000000080001078][1] R[r 0=0000000000000000] R[r 0=0000000000000000] inst=[00001f17] auipc   t5, 0x1
C0:       1183 [1] pc=[000000008000007c] W[r 0=0000000000000000][0] R[r30=0000000080001078] R[r 3=0000000000000001] inst=[f83f2423] sw      gp, -120(t5)
C0:       1184 [1] pc=[0000000080000080] W[r 0=0000000080000084][1] R[r 0=0000000000000000] R[r 0=0000000000000000] inst=[ff9ff06f] j       pc - 0x8
C0:       1185 [1] pc=[0000000080000078] W[r30=0000000080001078][1] R[r 0=0000000000000000] R[r 0=0000000000000000] inst=[00001f17] auipc   t5, 0x1
C0:       1186 [1] pc=[000000008000007c] W[r 0=0000000000000000][0] R[r30=0000000080001078] R[r 3=0000000000000001] inst=[f83f2423] sw      gp, -120(t5)
C0:       1187 [1] pc=[0000000080000080] W[r 0=0000000080000084][1] R[r 0=0000000000000000] R[r 0=0000000000000000] inst=[ff9ff06f] j       pc - 0x8
C0:       1188 [1] pc=[0000000080000078] W[r30=0000000080001078][1] R[r 0=0000000000000000] R[r 0=0000000000000000] inst=[00001f17] auipc   t5, 0x1
C0:       1189 [1] pc=[000000008000007c] W[r 0=0000000000000000][0] R[r30=0000000080001078] R[r 3=0000000000000001] inst=[f83f2423] sw      gp, -120(t5)
C0:       1190 [1] pc=[0000000080000080] W[r 0=0000000080000084][1] R[r 0=0000000000000000] R[r 0=0000000000000000] inst=[ff9ff06f] j       pc - 0x8
C0:       1191 [1] pc=[0000000080000078] W[r30=0000000080001078][1] R[r 0=0000000000000000] R[r 0=0000000000000000] inst=[00001f17] auipc   t5, 0x1
C0:       1192 [1] pc=[000000008000007c] W[r 0=0000000000000000][0] R[r30=0000000080001078] R[r 3=0000000000000001] inst=[f83f2423] sw      gp, -120(t5)
C0:       1193 [1] pc=[0000000080000080] W[r 0=0000000080000084][1] R[r 0=0000000000000000] R[r 0=0000000000000000] inst=[ff9ff06f] j       pc - 0x8
C0:       1194 [1] pc=[0000000080000078] W[r30=0000000080001078][1] R[r 0=0000000000000000] R[r 0=0000000000000000] inst=[00001f17] auipc   t5, 0x1
C0:       1195 [1] pc=[000000008000007c] W[r 0=0000000000000000][0] R[r30=0000000080001078] R[r 3=0000000000000001] inst=[f83f2423] sw      gp, -120(t5)
C0:       1196 [1] pc=[0000000080000080] W[r 0=0000000080000084][1] R[r 0=0000000000000000] R[r 0=0000000000000000] inst=[ff9ff06f] j       pc - 0x8
C0:       1197 [1] pc=[0000000080000078] W[r30=0000000080001078][1] R[r 0=0000000000000000] R[r 0=0000000000000000] inst=[00001f17] auipc   t5, 0x1
C0:       1198 [1] pc=[000000008000007c] W[r 0=0000000000000000][0] R[r30=0000000080001078] R[r 3=0000000000000001] inst=[f83f2423] sw      gp, -120(t5)
C0:       1199 [1] pc=[0000000080000080] W[r 0=0000000080000084][1] R[r 0=0000000000000000] R[r 0=0000000000000000] inst=[ff9ff06f] j       pc - 0x8
C0:       1200 [1] pc=[0000000080000078] W[r30=0000000080001078][1] R[r 0=0000000000000000] R[r 0=0000000000000000] inst=[00001f17] auipc   t5, 0x1
C0:       1201 [1] pc=[000000008000007c] W[r 0=0000000000000000][0] R[r30=0000000080001078] R[r 3=0000000000000001] inst=[f83f2423] sw      gp, -120(t5)
C0:       1202 [1] pc=[0000000080000080] W[r 0=0000000080000084][1] R[r 0=0000000000000000] R[r 0=0000000000000000] inst=[ff9ff06f] j       pc - 0x8
C0:       1203 [1] pc=[0000000080000078] W[r30=0000000080001078][1] R[r 0=0000000000000000] R[r 0=0000000000000000] inst=[00001f17] auipc   t5, 0x1
C0:       1204 [1] pc=[000000008000007c] W[r 0=0000000000000000][0] R[r30=0000000080001078] R[r 3=0000000000000001] inst=[f83f2423] sw      gp, -120(t5)
C0:       1205 [1] pc=[0000000080000080] W[r 0=0000000080000084][1] R[r 0=0000000000000000] R[r 0=0000000000000000] inst=[ff9ff06f] j       pc - 0x8
C0:       1206 [1] pc=[0000000080000078] W[r30=0000000080001078][1] R[r 0=0000000000000000] R[r 0=0000000000000000] inst=[00001f17] auipc   t5, 0x1
C0:       1207 [1] pc=[000000008000007c] W[r 0=0000000000000000][0] R[r30=0000000080001078] R[r 3=0000000000000001] inst=[f83f2423] sw      gp, -120(t5)
C0:       1208 [1] pc=[0000000080000080] W[r 0=0000000080000084][1] R[r 0=0000000000000000] R[r 0=0000000000000000] inst=[ff9ff06f] j       pc - 0x8
C0:       1209 [1] pc=[0000000080000078] W[r30=0000000080001078][1] R[r 0=0000000000000000] R[r 0=0000000000000000] inst=[00001f17] auipc   t5, 0x1
C0:       1235 [1] pc=[000000008000007c] W[r 0=0000000000000000][0] R[r30=0000000080001078] R[r 3=0000000000000001] inst=[f83f2423] sw      gp, -120(t5)
C0:       1236 [1] pc=[0000000080000080] W[r 0=0000000080000084][1] R[r 0=0000000000000000] R[r 0=0000000000000000] inst=[ff9ff06f] j       pc - 0x8
C0:       1237 [1] pc=[0000000080000078] W[r30=0000000080001078][1] R[r 0=0000000000000000] R[r 0=0000000000000000] inst=[00001f17] auipc   t5, 0x1
C0:       1238 [1] pc=[000000008000007c] W[r 0=0000000000000000][0] R[r30=0000000080001078] R[r 3=0000000000000001] inst=[f83f2423] sw      gp, -120(t5)
C0:       1239 [1] pc=[0000000080000080] W[r 0=0000000080000084][1] R[r 0=0000000000000000] R[r 0=0000000000000000] inst=[ff9ff06f] j       pc - 0x8
C0:       1240 [1] pc=[0000000080000078] W[r30=0000000080001078][1] R[r 0=0000000000000000] R[r 0=0000000000000000] inst=[00001f17] auipc   t5, 0x1
C0:       1241 [1] pc=[000000008000007c] W[r 0=0000000000000000][0] R[r30=0000000080001078] R[r 3=0000000000000001] inst=[f83f2423] sw      gp, -120(t5)
C0:       1242 [1] pc=[0000000080000080] W[r 0=0000000080000084][1] R[r 0=0000000000000000] R[r 0=0000000000000000] inst=[ff9ff06f] j       pc - 0x8
C0:       1243 [1] pc=[0000000080000078] W[r30=0000000080001078][1] R[r 0=0000000000000000] R[r 0=0000000000000000] inst=[00001f17] auipc   t5, 0x1
C0:       1244 [1] pc=[000000008000007c] W[r 0=0000000000000000][0] R[r30=0000000080001078] R[r 3=0000000000000001] inst=[f83f2423] sw      gp, -120(t5)
C0:       1245 [1] pc=[0000000080000080] W[r 0=0000000080000084][1] R[r 0=0000000000000000] R[r 0=0000000000000000] inst=[ff9ff06f] j       pc - 0x8
C0:       1246 [1] pc=[0000000080000078] W[r30=0000000080001078][1] R[r 0=0000000000000000] R[r 0=0000000000000000] inst=[00001f17] auipc   t5, 0x1
C0:       1247 [1] pc=[000000008000007c] W[r 0=0000000000000000][0] R[r30=0000000080001078] R[r 3=0000000000000001] inst=[f83f2423] sw      gp, -120(t5)
C0:       1248 [1] pc=[0000000080000080] W[r 0=0000000080000084][1] R[r 0=0000000000000000] R[r 0=0000000000000000] inst=[ff9ff06f] j       pc - 0x8
C0:       1249 [1] pc=[0000000080000078] W[r30=0000000080001078][1] R[r 0=0000000000000000] R[r 0=0000000000000000] inst=[00001f17] auipc   t5, 0x1
C0:       1250 [1] pc=[000000008000007c] W[r 0=0000000000000000][0] R[r30=0000000080001078] R[r 3=0000000000000001] inst=[f83f2423] sw      gp, -120(t5)
C0:       1251 [1] pc=[0000000080000080] W[r 0=0000000080000084][1] R[r 0=0000000000000000] R[r 0=0000000000000000] inst=[ff9ff06f] j       pc - 0x8
C0:       1252 [1] pc=[0000000080000078] W[r30=0000000080001078][1] R[r 0=0000000000000000] R[r 0=0000000000000000] inst=[00001f17] auipc   t5, 0x1
C0:       1253 [1] pc=[000000008000007c] W[r 0=0000000000000000][0] R[r30=0000000080001078] R[r 3=0000000000000001] inst=[f83f2423] sw      gp, -120(t5)
C0:       1254 [1] pc=[0000000080000080] W[r 0=0000000080000084][1] R[r 0=0000000000000000] R[r 0=0000000000000000] inst=[ff9ff06f] j       pc - 0x8
C0:       1255 [1] pc=[0000000080000078] W[r30=0000000080001078][1] R[r 0=0000000000000000] R[r 0=0000000000000000] inst=[00001f17] auipc   t5, 0x1
C0:       1256 [1] pc=[000000008000007c] W[r 0=0000000000000000][0] R[r30=0000000080001078] R[r 3=0000000000000001] inst=[f83f2423] sw      gp, -120(t5)
C0:       1257 [1] pc=[0000000080000080] W[r 0=0000000080000084][1] R[r 0=0000000000000000] R[r 0=0000000000000000] inst=[ff9ff06f] j       pc - 0x8
C0:       1258 [1] pc=[0000000080000078] W[r30=0000000080001078][1] R[r 0=0000000000000000] R[r 0=0000000000000000] inst=[00001f17] auipc   t5, 0x1
C0:       1259 [1] pc=[000000008000007c] W[r 0=0000000000000000][0] R[r30=0000000080001078] R[r 3=0000000000000001] inst=[f83f2423] sw      gp, -120(t5)
C0:       1260 [1] pc=[0000000080000080] W[r 0=0000000080000084][1] R[r 0=0000000000000000] R[r 0=0000000000000000] inst=[ff9ff06f] j       pc - 0x8
C0:       1261 [1] pc=[0000000080000078] W[r30=0000000080001078][1] R[r 0=0000000000000000] R[r 0=0000000000000000] inst=[00001f17] auipc   t5, 0x1
C0:       1262 [1] pc=[000000008000007c] W[r 0=0000000000000000][0] R[r30=0000000080001078] R[r 3=0000000000000001] inst=[f83f2423] sw      gp, -120(t5)
C0:       1263 [1] pc=[0000000080000080] W[r 0=0000000080000084][1] R[r 0=0000000000000000] R[r 0=0000000000000000] inst=[ff9ff06f] j       pc - 0x8
C0:       1264 [1] pc=[0000000080000078] W[r30=0000000080001078][1] R[r 0=0000000000000000] R[r 0=0000000000000000] inst=[00001f17] auipc   t5, 0x1
C0:       1265 [1] pc=[000000008000007c] W[r 0=0000000000000000][0] R[r30=0000000080001078] R[r 3=0000000000000001] inst=[f83f2423] sw      gp, -120(t5)
C0:       1266 [1] pc=[0000000080000080] W[r 0=0000000080000084][1] R[r 0=0000000000000000] R[r 0=0000000000000000] inst=[ff9ff06f] j       pc - 0x8
C0:       1267 [1] pc=[0000000080000078] W[r30=0000000080001078][1] R[r 0=0000000000000000] R[r 0=0000000000000000] inst=[00001f17] auipc   t5, 0x1
*** PASSED *** Completed after 72586 cycles
