using random seed 1632263120
This emulator compiled with JTAG Remote Bitbang client. To enable, use +jtag_rbb_enable=1.
Listening on port 36825
== Loading device model file '/home/fleker/Desktop/chipyard/generators/testchipip/src/main/resources/dramsim2_ini/DDR3_micron_64M_8B_x4_sg15.ini' == 
== Loading system model file '/home/fleker/Desktop/chipyard/generators/testchipip/src/main/resources/dramsim2_ini/system.ini' == 
===== MemorySystem 0 =====
CH. 0 TOTAL_STORAGE : 4096MB | 1 Ranks | 16 Devices per rank
DRAMSim2 Clock Frequency =666666666Hz, CPU Clock Frequency=100000000Hz
C0:         19 [1] pc=[0000000000010040] W[r10=0000000000010040][1] R[r 0=0000000000000000] R[r 0=0000000000000000] inst=[00000517] auipc   a0, 0x0
C0:         20 [1] pc=[0000000000010044] W[r10=0000000000010000][1] R[r10=0000000000010040] R[r 0=0000000000000000] inst=[fc050513] addi    a0, a0, -64
C0:         21 [1] pc=[0000000000010048] W[r 0=0000000000000000][1] R[r10=0000000000010000] R[r 0=0000000000000000] inst=[30551073] csrw    unknown_305, a0
C0:         26 [1] pc=[000000000001004c] W[r 5=800000000094112d][1] R[r 0=0000000000000000] R[r 0=0000000000000000] inst=[301022f3] csrr    t0, unknown_301
C0:         29 [1] pc=[0000000000010050] W[r 5=ffffe00000000025][1] R[r 5=800000000094112d] R[r 0=0000000000000000] inst=[4122d293] srai    t0, t0, 18
C0:         30 [1] pc=[0000000000010054] W[r 5=0000000000000001][1] R[r 5=ffffe00000000025] R[r 0=0000000000000000] inst=[0012f293] andi    t0, t0, 1
C0:         31 [1] pc=[0000000000010058] W[r 0=0000000000000000][0] R[r 5=0000000000000001] R[r 0=0000000000000000] inst=[00028463] beqz    t0, pc + 8
C0:         32 [1] pc=[000000000001005c] W[r 0=0000000000000000][1] R[r 0=0000000000000000] R[r 0=0000000000000000] inst=[30301073] csrw    unknown_303, zero
C0:         37 [1] pc=[0000000000010060] W[r10=0000000000000008][1] R[r 0=0000000000000000] R[r 0=0000000000000000] inst=[00800513] li      a0, 8
C0:         38 [1] pc=[0000000000010064] W[r 0=0000000000000000][1] R[r10=0000000000000008] R[r 0=0000000000000000] inst=[30451073] csrw    unknown_304, a0
C0:         43 [1] pc=[0000000000010068] W[r 0=0000000a00001800][1] R[r10=0000000000000008] R[r 0=0000000000000000] inst=[30052073] csrs    unknown_300, a0
C0:         48 [1] pc=[000000000001006c] W[r 0=0000000000000000][0] R[r 0=0000000000000000] R[r 0=0000000000000000] inst=[10500073] wfi
C0:         51 [0] pc=[0000000000010070] W[r 0=0000000000000000][0] R[r31=0000000000000008] R[r 0=0000000000000000] inst=[ffdff06f] j       pc - 0x4
C0:         70 [1] pc=[0000000000010000] W[r11=0000000002000000][1] R[r 0=0000000000000000] R[r 0=0000000000000000] inst=[020005b7] lui     a1, 0x2000
C0:         71 [1] pc=[0000000000010004] W[r10=0000000000000000][1] R[r 0=0000000000000000] R[r 0=0000000000000000] inst=[f1402573] csrr    a0, unknown_f14
C0:         74 [1] pc=[0000000000010008] W[r 0=0000000000000000][0] R[r10=0000000000000000] R[r 0=0000000000000000] inst=[00050463] beqz    a0, pc + 8
C0:         78 [1] pc=[0000000000010010] W[r12=0000000002000004][1] R[r11=0000000002000000] R[r 0=0000000000000000] inst=[00458613] addi    a2, a1, 4
C0:         79 [1] pc=[0000000000010014] W[r13=0000000000000001][1] R[r 0=0000000000000000] R[r 0=0000000000000000] inst=[00100693] li      a3, 1
C0:         80 [1] pc=[0000000000010018] W[r 0=0000000000000000][0] R[r12=0000000002000004] R[r13=0000000000000001] inst=[00d62023] sw      a3, 0(a2)
C0:         81 [1] pc=[000000000001001c] W[r12=0000000002000008][1] R[r12=0000000002000004] R[r 0=0000000000000000] inst=[00460613] addi    a2, a2, 4
C0:         87 [1] pc=[0000000000010020] W[r13=0000000000000000][0] R[r12=0000000002000008] R[r 0=0000000000000000] inst=[ffc62683] lw      a3, -4(a2)
C0:         95 [1] pc=[0000000000010024] W[r 0=0000000000000000][0] R[r13=0000000000000000] R[r 0=0000000000000000] inst=[fe069ae3] bnez    a3, pc - 12
C0:         96 [1] pc=[0000000000010028] W[r 0=000000000001002c][1] R[r 0=0000000000000000] R[r 0=0000000000000000] inst=[05c0006f] j       pc + 0x5c
C0:        116 [1] pc=[0000000000010084] W[r 0=0000000000000000][0] R[r11=0000000002000000] R[r 0=0000000000000000] inst=[0005a023] sw      zero, 0(a1)
C0:        117 [1] pc=[0000000000010088] W[r10=0000000000004000][1] R[r 0=0000000000000000] R[r 0=0000000000000000] inst=[00004537] lui     a0, 0x4
C0:        123 [1] pc=[000000000001008c] W[r10=0000000000000000][0] R[r10=0000000000004000] R[r 0=0000000000000000] inst=[00056503] lwu     a0, 0(a0)
C0:        135 [1] pc=[0000000000010090] W[r 0=0000000000010070][1] R[r10=0000000080000000] R[r 0=0000000000000000] inst=[34151073] csrw    unknown_341, a0
C0:        136 [1] pc=[0000000000010094] W[r10=0000000000000000][1] R[r 0=0000000000000000] R[r 0=0000000000000000] inst=[f1402573] csrr    a0, unknown_f14
C0:        137 [1] pc=[0000000000010098] W[r11=0000000000010098][1] R[r 0=0000000000000000] R[r 0=0000000000000000] inst=[00000597] auipc   a1, 0x0
C0:        138 [1] pc=[000000000001009c] W[r11=00000000000100b0][1] R[r11=0000000000010098] R[r 0=0000000000000000] inst=[01858593] addi    a1, a1, 24
C0:        139 [1] pc=[00000000000100a0] W[r12=0000000000000080][1] R[r 0=0000000000000000] R[r 0=0000000000000000] inst=[08000613] li      a2, 128
C0:        140 [1] pc=[00000000000100a4] W[r 0=0000000a00001880][1] R[r12=0000000000000080] R[r 0=0000000000000000] inst=[30063073] csrc    unknown_300, a2
C0:        145 [1] pc=[00000000000100a8] W[r 0=0000000000000000][0] R[r 0=0000000000000000] R[r 0=0000000000000000] inst=[30200073] mret
C0:        166 [1] pc=[0000000080000000] W[r 0=0000000080000004][1] R[r 0=0000000000000000] R[r 0=0000000000000000] inst=[0840006f] j       pc + 0x84
C0:        189 [1] pc=[0000000080000084] W[r 1=0000000000000000][1] R[r 0=0000000000000000] R[r 0=0000000000000000] inst=[00000093] li      ra, 0
C0:        190 [1] pc=[0000000080000088] W[r 2=0000000000000000][1] R[r 0=0000000000000000] R[r 0=0000000000000000] inst=[00000113] li      sp, 0
C0:        191 [1] pc=[000000008000008c] W[r 3=0000000000000000][1] R[r 0=0000000000000000] R[r 0=0000000000000000] inst=[00000193] li      gp, 0
C0:        192 [1] pc=[0000000080000090] W[r 4=0000000000000000][1] R[r 0=0000000000000000] R[r 0=0000000000000000] inst=[00000213] li      tp, 0
C0:        193 [1] pc=[0000000080000094] W[r 5=0000000000000000][1] R[r 0=0000000000000000] R[r 0=0000000000000000] inst=[00000293] li      t0, 0
C0:        194 [1] pc=[0000000080000098] W[r 6=0000000000000000][1] R[r 0=0000000000000000] R[r 0=0000000000000000] inst=[00000313] li      t1, 0
C0:        195 [1] pc=[000000008000009c] W[r 7=0000000000000000][1] R[r 0=0000000000000000] R[r 0=0000000000000000] inst=[00000393] li      t2, 0
C0:        196 [1] pc=[00000000800000a0] W[r 8=0000000000000000][1] R[r 0=0000000000000000] R[r 0=0000000000000000] inst=[00000413] li      s0, 0
C0:        197 [1] pc=[00000000800000a4] W[r 9=0000000000000000][1] R[r 0=0000000000000000] R[r 0=0000000000000000] inst=[00000493] li      s1, 0
C0:        198 [1] pc=[00000000800000a8] W[r10=0000000000000000][1] R[r 0=0000000000000000] R[r 0=0000000000000000] inst=[00000513] li      a0, 0
C0:        199 [1] pc=[00000000800000ac] W[r11=0000000000000000][1] R[r 0=0000000000000000] R[r 0=0000000000000000] inst=[00000593] li      a1, 0
C0:        200 [1] pc=[00000000800000b0] W[r12=0000000000000000][1] R[r 0=0000000000000000] R[r 0=0000000000000000] inst=[00000613] li      a2, 0
C0:        201 [1] pc=[00000000800000b4] W[r13=0000000000000000][1] R[r 0=0000000000000000] R[r 0=0000000000000000] inst=[00000693] li      a3, 0
C0:        202 [1] pc=[00000000800000b8] W[r14=0000000000000000][1] R[r 0=0000000000000000] R[r 0=0000000000000000] inst=[00000713] li      a4, 0
C0:        203 [1] pc=[00000000800000bc] W[r15=0000000000000000][1] R[r 0=0000000000000000] R[r 0=0000000000000000] inst=[00000793] li      a5, 0
C0:        225 [1] pc=[00000000800000c0] W[r16=0000000000000000][1] R[r 0=0000000000000000] R[r 0=0000000000000000] inst=[00000813] li      a6, 0
C0:        226 [1] pc=[00000000800000c4] W[r17=0000000000000000][1] R[r 0=0000000000000000] R[r 0=0000000000000000] inst=[00000893] li      a7, 0
C0:        227 [1] pc=[00000000800000c8] W[r18=0000000000000000][1] R[r 0=0000000000000000] R[r 0=0000000000000000] inst=[00000913] li      s2, 0
C0:        228 [1] pc=[00000000800000cc] W[r19=0000000000000000][1] R[r 0=0000000000000000] R[r 0=0000000000000000] inst=[00000993] li      s3, 0
C0:        229 [1] pc=[00000000800000d0] W[r20=0000000000000000][1] R[r 0=0000000000000000] R[r 0=0000000000000000] inst=[00000a13] li      s4, 0
C0:        230 [1] pc=[00000000800000d4] W[r21=0000000000000000][1] R[r 0=0000000000000000] R[r 0=0000000000000000] inst=[00000a93] li      s5, 0
C0:        231 [1] pc=[00000000800000d8] W[r22=0000000000000000][1] R[r 0=0000000000000000] R[r 0=0000000000000000] inst=[00000b13] li      s6, 0
C0:        232 [1] pc=[00000000800000dc] W[r23=0000000000000000][1] R[r 0=0000000000000000] R[r 0=0000000000000000] inst=[00000b93] li      s7, 0
C0:        233 [1] pc=[00000000800000e0] W[r24=0000000000000000][1] R[r 0=0000000000000000] R[r 0=0000000000000000] inst=[00000c13] li      s8, 0
C0:        234 [1] pc=[00000000800000e4] W[r25=0000000000000000][1] R[r 0=0000000000000000] R[r 0=0000000000000000] inst=[00000c93] li      s9, 0
C0:        235 [1] pc=[00000000800000e8] W[r26=0000000000000000][1] R[r 0=0000000000000000] R[r 0=0000000000000000] inst=[00000d13] li      s10, 0
C0:        236 [1] pc=[00000000800000ec] W[r27=0000000000000000][1] R[r 0=0000000000000000] R[r 0=0000000000000000] inst=[00000d93] li      s11, 0
C0:        237 [1] pc=[00000000800000f0] W[r28=0000000000000000][1] R[r 0=0000000000000000] R[r 0=0000000000000000] inst=[00000e13] li      t3, 0
C0:        238 [1] pc=[00000000800000f4] W[r29=0000000000000000][1] R[r 0=0000000000000000] R[r 0=0000000000000000] inst=[00000e93] li      t4, 0
C0:        239 [1] pc=[00000000800000f8] W[r30=0000000000000000][1] R[r 0=0000000000000000] R[r 0=0000000000000000] inst=[00000f13] li      t5, 0
C0:        240 [1] pc=[00000000800000fc] W[r31=0000000000000000][1] R[r 0=0000000000000000] R[r 0=0000000000000000] inst=[00000f93] li      t6, 0
C0:        262 [1] pc=[0000000080000100] W[r10=0000000000000000][1] R[r 0=0000000000000000] R[r 0=0000000000000000] inst=[f1402573] csrr    a0, unknown_f14
C0:        265 [1] pc=[0000000080000104] W[r 0=0000000000000000][0] R[r10=0000000000000000] R[r 0=0000000000000000] inst=[00051063] bnez    a0, pc + 0
C0:        266 [1] pc=[0000000080000108] W[r 5=0000000080000108][1] R[r 0=0000000000000000] R[r 0=0000000000000000] inst=[00000297] auipc   t0, 0x0
C0:        267 [1] pc=[000000008000010c] W[r 5=0000000080000118][1] R[r 5=0000000080000108] R[r 0=0000000000000000] inst=[01028293] addi    t0, t0, 16
C0:        268 [1] pc=[0000000080000110] W[r 0=0000000000010000][1] R[r 5=0000000080000118] R[r 0=0000000000000000] inst=[30529073] csrw    unknown_305, t0
C0:        273 [1] pc=[0000000080000114] W[r 0=0000000000000000][1] R[r 0=0000000000000000] R[r 0=0000000000000000] inst=[18005073] csrwi   unknown_180, 0
C0:        278 [1] pc=[0000000080000118] W[r 5=0000000080000118][1] R[r 0=0000000000000000] R[r 0=0000000000000000] inst=[00000297] auipc   t0, 0x0
C0:        279 [1] pc=[000000008000011c] W[r 5=000000008000013c][1] R[r 5=0000000080000118] R[r 0=0000000000000000] inst=[02428293] addi    t0, t0, 36
C0:        280 [1] pc=[0000000080000120] W[r 0=0000000080000118][1] R[r 5=000000008000013c] R[r 0=0000000000000000] inst=[30529073] csrw    unknown_305, t0
C0:        285 [1] pc=[0000000080000124] W[r 5=0000000000000001][1] R[r 0=0000000000000000] R[r 0=0000000000000000] inst=[0010029b] addiw   t0, zero, 1
C0:        286 [1] pc=[0000000080000128] W[r 5=0020000000000000][1] R[r 5=0000000000000001] R[r 0=0000000000000000] inst=[03529293] slli    t0, t0, 53
C0:        287 [1] pc=[000000008000012c] W[r 5=001fffffffffffff][1] R[r 5=0020000000000000] R[r 0=0000000000000000] inst=[fff28293] addi    t0, t0, -1
C0:        288 [1] pc=[0000000080000130] W[r 0=0000000000000000][1] R[r 5=001fffffffffffff] R[r 0=0000000000000000] inst=[3b029073] csrw    unknown_3b0, t0
C0:        293 [1] pc=[0000000080000134] W[r 5=000000000000001f][1] R[r 0=0000000000000000] R[r 0=0000000000000000] inst=[01f00293] li      t0, 31
C0:        294 [1] pc=[0000000080000138] W[r 0=0000000000000000][1] R[r 5=000000000000001f] R[r 0=0000000000000000] inst=[3a029073] csrw    unknown_3a0, t0
C0:        299 [1] pc=[000000008000013c] W[r 0=0000000000000008][1] R[r 0=0000000000000000] R[r 0=0000000000000000] inst=[30405073] csrwi   unknown_304, 0
C0:        316 [1] pc=[0000000080000140] W[r 5=0000000080000140][1] R[r 0=0000000000000000] R[r 0=0000000000000000] inst=[00000297] auipc   t0, 0x0
C0:        317 [1] pc=[0000000080000144] W[r 5=0000000080000154][1] R[r 5=0000000080000140] R[r 0=0000000000000000] inst=[01428293] addi    t0, t0, 20
C0:        318 [1] pc=[0000000080000148] W[r 0=000000008000013c][1] R[r 5=0000000080000154] R[r 0=0000000000000000] inst=[30529073] csrw    unknown_305, t0
C0:        323 [1] pc=[000000008000014c] W[r 0=0000000000000000][1] R[r 0=0000000000000000] R[r 0=0000000000000000] inst=[30205073] csrwi   unknown_302, 0
C0:        328 [1] pc=[0000000080000150] W[r 0=0000000000000000][1] R[r 0=0000000000000000] R[r 0=0000000000000000] inst=[30305073] csrwi   unknown_303, 0
C0:        333 [1] pc=[0000000080000154] W[r 3=0000000000000000][1] R[r 0=0000000000000000] R[r 0=0000000000000000] inst=[00000193] li      gp, 0
C0:        334 [1] pc=[0000000080000158] W[r 5=0000000080000158][1] R[r 0=0000000000000000] R[r 0=0000000000000000] inst=[00000297] auipc   t0, 0x0
C0:        335 [1] pc=[000000008000015c] W[r 5=0000000080000004][1] R[r 5=0000000080000158] R[r 0=0000000000000000] inst=[eac28293] addi    t0, t0, -340
C0:        336 [1] pc=[0000000080000160] W[r 0=0000000080000154][1] R[r 5=0000000080000004] R[r 0=0000000000000000] inst=[30529073] csrw    unknown_305, t0
C0:        341 [1] pc=[0000000080000164] W[r10=0000000000000001][1] R[r 0=0000000000000000] R[r 0=0000000000000000] inst=[00100513] li      a0, 1
C0:        342 [1] pc=[0000000080000168] W[r10=0000000080000000][1] R[r10=0000000000000001] R[r 0=0000000000000000] inst=[01f51513] slli    a0, a0, 31
C0:        343 [1] pc=[000000008000016c] W[r 0=0000000000000000][0] R[r10=0000000080000000] R[r 0=0000000000000000] inst=[00055c63] bgez    a0, pc + 24
C0:        368 [1] pc=[0000000080000184] W[r 5=0000000000000184][1] R[r 0=0000000000000000] R[r 0=0000000000000000] inst=[80000297] auipc   t0, 0x80000
C0:        369 [1] pc=[0000000080000188] W[r 5=0000000000000000][1] R[r 5=0000000000000184] R[r 0=0000000000000000] inst=[e7c28293] addi    t0, t0, -388
C0:        370 [1] pc=[000000008000018c] W[r 0=0000000000000000][0] R[r 5=0000000000000000] R[r 0=0000000000000000] inst=[00028a63] beqz    t0, pc + 20
C0:        374 [1] pc=[00000000800001a0] W[r 0=0000000a00000080][1] R[r 0=0000000000000000] R[r 0=0000000000000000] inst=[30005073] csrwi   unknown_300, 0
C0:        379 [1] pc=[00000000800001a4] W[r 5=00000000800001a4][1] R[r 0=0000000000000000] R[r 0=0000000000000000] inst=[00000297] auipc   t0, 0x0
C0:        380 [1] pc=[00000000800001a8] W[r 5=00000000800001b8][1] R[r 5=00000000800001a4] R[r 0=0000000000000000] inst=[01428293] addi    t0, t0, 20
C0:        381 [1] pc=[00000000800001ac] W[r 0=0000000080000000][1] R[r 5=00000000800001b8] R[r 0=0000000000000000] inst=[34129073] csrw    unknown_341, t0
C0:        382 [1] pc=[00000000800001b0] W[r10=0000000000000000][1] R[r 0=0000000000000000] R[r 0=0000000000000000] inst=[f1402573] csrr    a0, unknown_f14
C0:        383 [1] pc=[00000000800001b4] W[r 0=0000000000000000][0] R[r 0=0000000000000000] R[r 0=0000000000000000] inst=[30200073] mret
C0:        388 [1] pc=[00000000800001b8] W[r 1=00000000800021b8][1] R[r 0=0000000000000000] R[r 0=0000000000000000] inst=[00002097] auipc   ra, 0x2
C0:        389 [1] pc=[00000000800001bc] W[r 1=0000000080002000][1] R[r 1=00000000800021b8] R[r 0=0000000000000000] inst=[e4808093] addi    ra, ra, -440
C0:        411 [1] pc=[00000000800001c0] W[r 2=0000000000550000][1] R[r 0=0000000000000000] R[r 0=0000000000000000] inst=[00550137] lui     sp, 0x550
C0:        412 [1] pc=[00000000800001c4] W[r 2=0000000000550055][1] R[r 2=0000000000550000] R[r 0=0000000000000000] inst=[0551011b] addiw   sp, sp, 85
C0:        413 [1] pc=[00000000800001c8] W[r 2=0000005500550000][1] R[r 2=0000000000550055] R[r 0=0000000000000000] inst=[01011113] slli    sp, sp, 16
C0:        414 [1] pc=[00000000800001cc] W[r 2=0000005500550055][1] R[r 2=0000005500550000] R[r 0=0000000000000000] inst=[05510113] addi    sp, sp, 85
C0:        415 [1] pc=[00000000800001d0] W[r 2=00aa00aa00aa0000][1] R[r 2=0000005500550055] R[r 0=0000000000000000] inst=[01111113] slli    sp, sp, 17
C0:        416 [1] pc=[00000000800001d4] W[r 2=00aa00aa00aa00aa][1] R[r 2=00aa00aa00aa0000] R[r 0=0000000000000000] inst=[0aa10113] addi    sp, sp, 170
C0:        433 [1] pc=[00000000800001d8] W[r 0=0000000000000000][0] R[r 1=0000000080002000] R[r 2=00aa00aa00aa00aa] inst=[0020b023] sd      sp, 0(ra)
C0:        439 [1] pc=[00000000800001dc] W[r14=00aa00aa00aa00aa][1] R[r 1=0000000080002000] R[r 0=0000000000000000] inst=[0000b703] ld      a4, 0(ra)
C0:        440 [1] pc=[00000000800001e0] W[r 7=0000000000550000][1] R[r 0=0000000000000000] R[r 0=0000000000000000] inst=[005503b7] lui     t2, 0x550
C0:        441 [1] pc=[00000000800001e4] W[r 7=0000000000550055][1] R[r 7=0000000000550000] R[r 0=0000000000000000] inst=[0553839b] addiw   t2, t2, 85
C0:        442 [1] pc=[00000000800001e8] W[r 7=0000005500550000][1] R[r 7=0000000000550055] R[r 0=0000000000000000] inst=[01039393] slli    t2, t2, 16
C0:        443 [1] pc=[00000000800001ec] W[r 7=0000005500550055][1] R[r 7=0000005500550000] R[r 0=0000000000000000] inst=[05538393] addi    t2, t2, 85
C0:        444 [1] pc=[00000000800001f0] W[r 7=00aa00aa00aa0000][1] R[r 7=0000005500550055] R[r 0=0000000000000000] inst=[01139393] slli    t2, t2, 17
C0:        445 [1] pc=[00000000800001f4] W[r 7=00aa00aa00aa00aa][1] R[r 7=00aa00aa00aa0000] R[r 0=0000000000000000] inst=[0aa38393] addi    t2, t2, 170
C0:        446 [1] pc=[00000000800001f8] W[r 3=0000000000000002][1] R[r 0=0000000000000000] R[r 0=0000000000000000] inst=[00200193] li      gp, 2
C0:        447 [1] pc=[00000000800001fc] W[r 0=0000000000000000][0] R[r14=00aa00aa00aa00aa] R[r 7=00aa00aa00aa00aa] inst=[60771063] bne     a4, t2, pc + 1536
C0:        469 [1] pc=[0000000080000200] W[r 1=0000000080002200][1] R[r 0=0000000000000000] R[r 0=0000000000000000] inst=[00002097] auipc   ra, 0x2
C0:        470 [1] pc=[0000000080000204] W[r 1=0000000080002000][1] R[r 1=0000000080002200] R[r 0=0000000000000000] inst=[e0008093] addi    ra, ra, -512
C0:        471 [1] pc=[0000000080000208] W[r 2=ffffffffffd50000][1] R[r 0=0000000000000000] R[r 0=0000000000000000] inst=[ffd50137] lui     sp, 0xffd50
C0:        472 [1] pc=[000000008000020c] W[r 2=ffffffffffd50055][1] R[r 2=ffffffffffd50000] R[r 0=0000000000000000] inst=[0551011b] addiw   sp, sp, 85
C0:        473 [1] pc=[0000000080000210] W[r 2=ffffffd500550000][1] R[r 2=ffffffffffd50055] R[r 0=0000000000000000] inst=[01011113] slli    sp, sp, 16
C0:        474 [1] pc=[0000000080000214] W[r 2=ffffffd500550055][1] R[r 2=ffffffd500550000] R[r 0=0000000000000000] inst=[05510113] addi    sp, sp, 85
C0:        475 [1] pc=[0000000080000218] W[r 2=fffaa00aa00aa000][1] R[r 2=ffffffd500550055] R[r 0=0000000000000000] inst=[00d11113] slli    sp, sp, 13
C0:        476 [1] pc=[000000008000021c] W[r 2=fffaa00aa00aa00b][1] R[r 2=fffaa00aa00aa000] R[r 0=0000000000000000] inst=[00b10113] addi    sp, sp, 11
C0:        477 [1] pc=[0000000080000220] W[r 2=aa00aa00aa00b000][1] R[r 2=fffaa00aa00aa00b] R[r 0=0000000000000000] inst=[00c11113] slli    sp, sp, 12
C0:        478 [1] pc=[0000000080000224] W[r 2=aa00aa00aa00aa00][1] R[r 2=aa00aa00aa00b000] R[r 0=0000000000000000] inst=[a0010113] addi    sp, sp, -1536
C0:        479 [1] pc=[0000000080000228] W[r 0=0000000000000000][0] R[r 1=0000000080002000] R[r 2=aa00aa00aa00aa00] inst=[0020b423] sd      sp, 8(ra)
C0:        485 [1] pc=[000000008000022c] W[r14=aa00aa00aa00aa00][1] R[r 1=0000000080002000] R[r 0=0000000000000000] inst=[0080b703] ld      a4, 8(ra)
C0:        486 [1] pc=[0000000080000230] W[r 7=ffffffffffd50000][1] R[r 0=0000000000000000] R[r 0=0000000000000000] inst=[ffd503b7] lui     t2, 0xffd50
C0:        487 [1] pc=[0000000080000234] W[r 7=ffffffffffd50055][1] R[r 7=ffffffffffd50000] R[r 0=0000000000000000] inst=[0553839b] addiw   t2, t2, 85
C0:        488 [1] pc=[0000000080000238] W[r 7=ffffffd500550000][1] R[r 7=ffffffffffd50055] R[r 0=0000000000000000] inst=[01039393] slli    t2, t2, 16
C0:        489 [1] pc=[000000008000023c] W[r 7=ffffffd500550055][1] R[r 7=ffffffd500550000] R[r 0=0000000000000000] inst=[05538393] addi    t2, t2, 85
C0:        511 [1] pc=[0000000080000240] W[r 7=fffaa00aa00aa000][1] R[r 7=ffffffd500550055] R[r 0=0000000000000000] inst=[00d39393] slli    t2, t2, 13
C0:        512 [1] pc=[0000000080000244] W[r 7=fffaa00aa00aa00b][1] R[r 7=fffaa00aa00aa000] R[r 0=0000000000000000] inst=[00b38393] addi    t2, t2, 11
C0:        513 [1] pc=[0000000080000248] W[r 7=aa00aa00aa00b000][1] R[r 7=fffaa00aa00aa00b] R[r 0=0000000000000000] inst=[00c39393] slli    t2, t2, 12
C0:        514 [1] pc=[000000008000024c] W[r 7=aa00aa00aa00aa00][1] R[r 7=aa00aa00aa00b000] R[r 0=0000000000000000] inst=[a0038393] addi    t2, t2, -1536
C0:        515 [1] pc=[0000000080000250] W[r 3=0000000000000003][1] R[r 0=0000000000000000] R[r 0=0000000000000000] inst=[00300193] li      gp, 3
C0:        516 [1] pc=[0000000080000254] W[r 0=0000000000000000][0] R[r14=aa00aa00aa00aa00] R[r 7=aa00aa00aa00aa00] inst=[5a771463] bne     a4, t2, pc + 1448
C0:        517 [1] pc=[0000000080000258] W[r 1=0000000080002258][1] R[r 0=0000000000000000] R[r 0=0000000000000000] inst=[00002097] auipc   ra, 0x2
C0:        518 [1] pc=[000000008000025c] W[r 1=0000000080002000][1] R[r 1=0000000080002258] R[r 0=0000000000000000] inst=[da808093] addi    ra, ra, -600
C0:        519 [1] pc=[0000000080000260] W[r 2=0000000000550000][1] R[r 0=0000000000000000] R[r 0=0000000000000000] inst=[00550137] lui     sp, 0x550
C0:        520 [1] pc=[0000000080000264] W[r 2=0000000000550055][1] R[r 2=0000000000550000] R[r 0=0000000000000000] inst=[0551011b] addiw   sp, sp, 85
C0:        521 [1] pc=[0000000080000268] W[r 2=0000000aa00aa000][1] R[r 2=0000000000550055] R[r 0=0000000000000000] inst=[00d11113] slli    sp, sp, 13
C0:        522 [1] pc=[000000008000026c] W[r 2=0000000aa00aa00b][1] R[r 2=0000000aa00aa000] R[r 0=0000000000000000] inst=[00b10113] addi    sp, sp, 11
C0:        523 [1] pc=[0000000080000270] W[r 2=0000aa00aa00b000][1] R[r 2=0000000aa00aa00b] R[r 0=0000000000000000] inst=[00c11113] slli    sp, sp, 12
C0:        524 [1] pc=[0000000080000274] W[r 2=0000aa00aa00aa01][1] R[r 2=0000aa00aa00b000] R[r 0=0000000000000000] inst=[a0110113] addi    sp, sp, -1535
C0:        525 [1] pc=[0000000080000278] W[r 2=0aa00aa00aa01000][1] R[r 2=0000aa00aa00aa01] R[r 0=0000000000000000] inst=[00c11113] slli    sp, sp, 12
C0:        526 [1] pc=[000000008000027c] W[r 2=0aa00aa00aa00aa0][1] R[r 2=0aa00aa00aa01000] R[r 0=0000000000000000] inst=[aa010113] addi    sp, sp, -1376
C0:        548 [1] pc=[0000000080000280] W[r 0=0000000000000000][0] R[r 1=0000000080002000] R[r 2=0aa00aa00aa00aa0] inst=[0020b823] sd      sp, 16(ra)
C0:        554 [1] pc=[0000000080000284] W[r14=0aa00aa00aa00aa0][1] R[r 1=0000000080002000] R[r 0=0000000000000000] inst=[0100b703] ld      a4, 16(ra)
C0:        555 [1] pc=[0000000080000288] W[r 7=0000000000550000][1] R[r 0=0000000000000000] R[r 0=0000000000000000] inst=[005503b7] lui     t2, 0x550
C0:        556 [1] pc=[000000008000028c] W[r 7=0000000000550055][1] R[r 7=0000000000550000] R[r 0=0000000000000000] inst=[0553839b] addiw   t2, t2, 85
C0:        557 [1] pc=[0000000080000290] W[r 7=0000000aa00aa000][1] R[r 7=0000000000550055] R[r 0=0000000000000000] inst=[00d39393] slli    t2, t2, 13
C0:        558 [1] pc=[0000000080000294] W[r 7=0000000aa00aa00b][1] R[r 7=0000000aa00aa000] R[r 0=0000000000000000] inst=[00b38393] addi    t2, t2, 11
C0:        559 [1] pc=[0000000080000298] W[r 7=0000aa00aa00b000][1] R[r 7=0000000aa00aa00b] R[r 0=0000000000000000] inst=[00c39393] slli    t2, t2, 12
C0:        560 [1] pc=[000000008000029c] W[r 7=0000aa00aa00aa01][1] R[r 7=0000aa00aa00b000] R[r 0=0000000000000000] inst=[a0138393] addi    t2, t2, -1535
C0:        561 [1] pc=[00000000800002a0] W[r 7=0aa00aa00aa01000][1] R[r 7=0000aa00aa00aa01] R[r 0=0000000000000000] inst=[00c39393] slli    t2, t2, 12
C0:        562 [1] pc=[00000000800002a4] W[r 7=0aa00aa00aa00aa0][1] R[r 7=0aa00aa00aa01000] R[r 0=0000000000000000] inst=[aa038393] addi    t2, t2, -1376
C0:        563 [1] pc=[00000000800002a8] W[r 3=0000000000000004][1] R[r 0=0000000000000000] R[r 0=0000000000000000] inst=[00400193] li      gp, 4
C0:        564 [1] pc=[00000000800002ac] W[r 0=0000000000000000][0] R[r14=0aa00aa00aa00aa0] R[r 7=0aa00aa00aa00aa0] inst=[54771863] bne     a4, t2, pc + 1360
C0:        565 [1] pc=[00000000800002b0] W[r 1=00000000800022b0][1] R[r 0=0000000000000000] R[r 0=0000000000000000] inst=[00002097] auipc   ra, 0x2
C0:        566 [1] pc=[00000000800002b4] W[r 1=0000000080002000][1] R[r 1=00000000800022b0] R[r 0=0000000000000000] inst=[d5008093] addi    ra, ra, -688
C0:        567 [1] pc=[00000000800002b8] W[r 2=fffffffffffd0000][1] R[r 0=0000000000000000] R[r 0=0000000000000000] inst=[fffd0137] lui     sp, 0xfffd0
C0:        568 [1] pc=[00000000800002bc] W[r 2=fffffffffffd0055][1] R[r 2=fffffffffffd0000] R[r 0=0000000000000000] inst=[0551011b] addiw   sp, sp, 85
C0:        590 [1] pc=[00000000800002c0] W[r 2=fffffffd00550000][1] R[r 2=fffffffffffd0055] R[r 0=0000000000000000] inst=[01011113] slli    sp, sp, 16
C0:        591 [1] pc=[00000000800002c4] W[r 2=fffffffd00550055][1] R[r 2=fffffffd00550000] R[r 0=0000000000000000] inst=[05510113] addi    sp, sp, 85
C0:        592 [1] pc=[00000000800002c8] W[r 2=fffd005500550000][1] R[r 2=fffffffd00550055] R[r 0=0000000000000000] inst=[01011113] slli    sp, sp, 16
C0:        593 [1] pc=[00000000800002cc] W[r 2=fffd005500550055][1] R[r 2=fffd005500550000] R[r 0=0000000000000000] inst=[05510113] addi    sp, sp, 85
C0:        594 [1] pc=[00000000800002d0] W[r 2=a00aa00aa00aa000][1] R[r 2=fffd005500550055] R[r 0=0000000000000000] inst=[00d11113] slli    sp, sp, 13
C0:        595 [1] pc=[00000000800002d4] W[r 2=a00aa00aa00aa00a][1] R[r 2=a00aa00aa00aa000] R[r 0=0000000000000000] inst=[00a10113] addi    sp, sp, 10
C0:        596 [1] pc=[00000000800002d8] W[r 0=0000000000000000][0] R[r 1=0000000080002000] R[r 2=a00aa00aa00aa00a] inst=[0020bc23] sd      sp, 24(ra)
C0:        602 [1] pc=[00000000800002dc] W[r14=a00aa00aa00aa00a][1] R[r 1=0000000080002000] R[r 0=0000000000000000] inst=[0180b703] ld      a4, 24(ra)
C0:        603 [1] pc=[00000000800002e0] W[r 7=fffffffffffd0000][1] R[r 0=0000000000000000] R[r 0=0000000000000000] inst=[fffd03b7] lui     t2, 0xfffd0
C0:        604 [1] pc=[00000000800002e4] W[r 7=fffffffffffd0055][1] R[r 7=fffffffffffd0000] R[r 0=0000000000000000] inst=[0553839b] addiw   t2, t2, 85
C0:        605 [1] pc=[00000000800002e8] W[r 7=fffffffd00550000][1] R[r 7=fffffffffffd0055] R[r 0=0000000000000000] inst=[01039393] slli    t2, t2, 16
C0:        606 [1] pc=[00000000800002ec] W[r 7=fffffffd00550055][1] R[r 7=fffffffd00550000] R[r 0=0000000000000000] inst=[05538393] addi    t2, t2, 85
C0:        607 [1] pc=[00000000800002f0] W[r 7=fffd005500550000][1] R[r 7=fffffffd00550055] R[r 0=0000000000000000] inst=[01039393] slli    t2, t2, 16
C0:        608 [1] pc=[00000000800002f4] W[r 7=fffd005500550055][1] R[r 7=fffd005500550000] R[r 0=0000000000000000] inst=[05538393] addi    t2, t2, 85
C0:        609 [1] pc=[00000000800002f8] W[r 7=a00aa00aa00aa000][1] R[r 7=fffd005500550055] R[r 0=0000000000000000] inst=[00d39393] slli    t2, t2, 13
C0:        610 [1] pc=[00000000800002fc] W[r 7=a00aa00aa00aa00a][1] R[r 7=a00aa00aa00aa000] R[r 0=0000000000000000] inst=[00a38393] addi    t2, t2, 10
C0:        632 [1] pc=[0000000080000300] W[r 3=0000000000000005][1] R[r 0=0000000000000000] R[r 0=0000000000000000] inst=[00500193] li      gp, 5
C0:        633 [1] pc=[0000000080000304] W[r 0=0000000000000000][0] R[r14=a00aa00aa00aa00a] R[r 7=a00aa00aa00aa00a] inst=[4e771c63] bne     a4, t2, pc + 1272
C0:        634 [1] pc=[0000000080000308] W[r 1=0000000080002308][1] R[r 0=0000000000000000] R[r 0=0000000000000000] inst=[00002097] auipc   ra, 0x2
C0:        635 [1] pc=[000000008000030c] W[r 1=0000000080002038][1] R[r 1=0000000080002308] R[r 0=0000000000000000] inst=[d3008093] addi    ra, ra, -720
C0:        636 [1] pc=[0000000080000310] W[r 2=0000000000550000][1] R[r 0=0000000000000000] R[r 0=0000000000000000] inst=[00550137] lui     sp, 0x550
C0:        637 [1] pc=[0000000080000314] W[r 2=0000000000550055][1] R[r 2=0000000000550000] R[r 0=0000000000000000] inst=[0551011b] addiw   sp, sp, 85
C0:        638 [1] pc=[0000000080000318] W[r 2=0000005500550000][1] R[r 2=0000000000550055] R[r 0=0000000000000000] inst=[01011113] slli    sp, sp, 16
C0:        639 [1] pc=[000000008000031c] W[r 2=0000005500550055][1] R[r 2=0000005500550000] R[r 0=0000000000000000] inst=[05510113] addi    sp, sp, 85
C0:        640 [1] pc=[0000000080000320] W[r 2=00aa00aa00aa0000][1] R[r 2=0000005500550055] R[r 0=0000000000000000] inst=[01111113] slli    sp, sp, 17
C0:        641 [1] pc=[0000000080000324] W[r 2=00aa00aa00aa00aa][1] R[r 2=00aa00aa00aa0000] R[r 0=0000000000000000] inst=[0aa10113] addi    sp, sp, 170
C0:        642 [1] pc=[0000000080000328] W[r 0=0000000000000000][0] R[r 1=0000000080002038] R[r 2=00aa00aa00aa00aa] inst=[fe20b423] sd      sp, -24(ra)
C0:        648 [1] pc=[000000008000032c] W[r14=00aa00aa00aa00aa][1] R[r 1=0000000080002038] R[r 0=0000000000000000] inst=[fe80b703] ld      a4, -24(ra)
C0:        649 [1] pc=[0000000080000330] W[r 7=0000000000550000][1] R[r 0=0000000000000000] R[r 0=0000000000000000] inst=[005503b7] lui     t2, 0x550
C0:        650 [1] pc=[0000000080000334] W[r 7=0000000000550055][1] R[r 7=0000000000550000] R[r 0=0000000000000000] inst=[0553839b] addiw   t2, t2, 85
C0:        651 [1] pc=[0000000080000338] W[r 7=0000005500550000][1] R[r 7=0000000000550055] R[r 0=0000000000000000] inst=[01039393] slli    t2, t2, 16
C0:        652 [1] pc=[000000008000033c] W[r 7=0000005500550055][1] R[r 7=0000005500550000] R[r 0=0000000000000000] inst=[05538393] addi    t2, t2, 85
C0:        674 [1] pc=[0000000080000340] W[r 7=00aa00aa00aa0000][1] R[r 7=0000005500550055] R[r 0=0000000000000000] inst=[01139393] slli    t2, t2, 17
C0:        675 [1] pc=[0000000080000344] W[r 7=00aa00aa00aa00aa][1] R[r 7=00aa00aa00aa0000] R[r 0=0000000000000000] inst=[0aa38393] addi    t2, t2, 170
C0:        676 [1] pc=[0000000080000348] W[r 3=0000000000000006][1] R[r 0=0000000000000000] R[r 0=0000000000000000] inst=[00600193] li      gp, 6
C0:        677 [1] pc=[000000008000034c] W[r 0=0000000000000000][0] R[r14=00aa00aa00aa00aa] R[r 7=00aa00aa00aa00aa] inst=[4a771863] bne     a4, t2, pc + 1200
C0:        678 [1] pc=[0000000080000350] W[r 1=0000000080002350][1] R[r 0=0000000000000000] R[r 0=0000000000000000] inst=[00002097] auipc   ra, 0x2
C0:        679 [1] pc=[0000000080000354] W[r 1=0000000080002038][1] R[r 1=0000000080002350] R[r 0=0000000000000000] inst=[ce808093] addi    ra, ra, -792
C0:        680 [1] pc=[0000000080000358] W[r 2=ffffffffffd50000][1] R[r 0=0000000000000000] R[r 0=0000000000000000] inst=[ffd50137] lui     sp, 0xffd50
C0:        681 [1] pc=[000000008000035c] W[r 2=ffffffffffd50055][1] R[r 2=ffffffffffd50000] R[r 0=0000000000000000] inst=[0551011b] addiw   sp, sp, 85
C0:        682 [1] pc=[0000000080000360] W[r 2=ffffffd500550000][1] R[r 2=ffffffffffd50055] R[r 0=0000000000000000] inst=[01011113] slli    sp, sp, 16
C0:        683 [1] pc=[0000000080000364] W[r 2=ffffffd500550055][1] R[r 2=ffffffd500550000] R[r 0=0000000000000000] inst=[05510113] addi    sp, sp, 85
C0:        684 [1] pc=[0000000080000368] W[r 2=fffaa00aa00aa000][1] R[r 2=ffffffd500550055] R[r 0=0000000000000000] inst=[00d11113] slli    sp, sp, 13
C0:        685 [1] pc=[000000008000036c] W[r 2=fffaa00aa00aa00b][1] R[r 2=fffaa00aa00aa000] R[r 0=0000000000000000] inst=[00b10113] addi    sp, sp, 11
C0:        686 [1] pc=[0000000080000370] W[r 2=aa00aa00aa00b000][1] R[r 2=fffaa00aa00aa00b] R[r 0=0000000000000000] inst=[00c11113] slli    sp, sp, 12
C0:        687 [1] pc=[0000000080000374] W[r 2=aa00aa00aa00aa00][1] R[r 2=aa00aa00aa00b000] R[r 0=0000000000000000] inst=[a0010113] addi    sp, sp, -1536
C0:        688 [1] pc=[0000000080000378] W[r 0=0000000000000000][0] R[r 1=0000000080002038] R[r 2=aa00aa00aa00aa00] inst=[fe20b823] sd      sp, -16(ra)
C0:        694 [1] pc=[000000008000037c] W[r14=aa00aa00aa00aa00][1] R[r 1=0000000080002038] R[r 0=0000000000000000] inst=[ff00b703] ld      a4, -16(ra)
C0:        711 [1] pc=[0000000080000380] W[r 7=ffffffffffd50000][1] R[r 0=0000000000000000] R[r 0=0000000000000000] inst=[ffd503b7] lui     t2, 0xffd50
C0:        712 [1] pc=[0000000080000384] W[r 7=ffffffffffd50055][1] R[r 7=ffffffffffd50000] R[r 0=0000000000000000] inst=[0553839b] addiw   t2, t2, 85
C0:        713 [1] pc=[0000000080000388] W[r 7=ffffffd500550000][1] R[r 7=ffffffffffd50055] R[r 0=0000000000000000] inst=[01039393] slli    t2, t2, 16
C0:        714 [1] pc=[000000008000038c] W[r 7=ffffffd500550055][1] R[r 7=ffffffd500550000] R[r 0=0000000000000000] inst=[05538393] addi    t2, t2, 85
C0:        715 [1] pc=[0000000080000390] W[r 7=fffaa00aa00aa000][1] R[r 7=ffffffd500550055] R[r 0=0000000000000000] inst=[00d39393] slli    t2, t2, 13
C0:        716 [1] pc=[0000000080000394] W[r 7=fffaa00aa00aa00b][1] R[r 7=fffaa00aa00aa000] R[r 0=0000000000000000] inst=[00b38393] addi    t2, t2, 11
C0:        717 [1] pc=[0000000080000398] W[r 7=aa00aa00aa00b000][1] R[r 7=fffaa00aa00aa00b] R[r 0=0000000000000000] inst=[00c39393] slli    t2, t2, 12
C0:        718 [1] pc=[000000008000039c] W[r 7=aa00aa00aa00aa00][1] R[r 7=aa00aa00aa00b000] R[r 0=0000000000000000] inst=[a0038393] addi    t2, t2, -1536
C0:        719 [1] pc=[00000000800003a0] W[r 3=0000000000000007][1] R[r 0=0000000000000000] R[r 0=0000000000000000] inst=[00700193] li      gp, 7
C0:        720 [1] pc=[00000000800003a4] W[r 0=0000000000000000][0] R[r14=aa00aa00aa00aa00] R[r 7=aa00aa00aa00aa00] inst=[44771c63] bne     a4, t2, pc + 1112
C0:        721 [1] pc=[00000000800003a8] W[r 1=00000000800023a8][1] R[r 0=0000000000000000] R[r 0=0000000000000000] inst=[00002097] auipc   ra, 0x2
C0:        722 [1] pc=[00000000800003ac] W[r 1=0000000080002038][1] R[r 1=00000000800023a8] R[r 0=0000000000000000] inst=[c9008093] addi    ra, ra, -880
C0:        723 [1] pc=[00000000800003b0] W[r 2=0000000000550000][1] R[r 0=0000000000000000] R[r 0=0000000000000000] inst=[00550137] lui     sp, 0x550
C0:        724 [1] pc=[00000000800003b4] W[r 2=0000000000550055][1] R[r 2=0000000000550000] R[r 0=0000000000000000] inst=[0551011b] addiw   sp, sp, 85
C0:        725 [1] pc=[00000000800003b8] W[r 2=0000000aa00aa000][1] R[r 2=0000000000550055] R[r 0=0000000000000000] inst=[00d11113] slli    sp, sp, 13
C0:        726 [1] pc=[00000000800003bc] W[r 2=0000000aa00aa00b][1] R[r 2=0000000aa00aa000] R[r 0=0000000000000000] inst=[00b10113] addi    sp, sp, 11
C0:        748 [1] pc=[00000000800003c0] W[r 2=0000aa00aa00b000][1] R[r 2=0000000aa00aa00b] R[r 0=0000000000000000] inst=[00c11113] slli    sp, sp, 12
C0:        749 [1] pc=[00000000800003c4] W[r 2=0000aa00aa00aa01][1] R[r 2=0000aa00aa00b000] R[r 0=0000000000000000] inst=[a0110113] addi    sp, sp, -1535
C0:        750 [1] pc=[00000000800003c8] W[r 2=0aa00aa00aa01000][1] R[r 2=0000aa00aa00aa01] R[r 0=0000000000000000] inst=[00c11113] slli    sp, sp, 12
C0:        751 [1] pc=[00000000800003cc] W[r 2=0aa00aa00aa00aa0][1] R[r 2=0aa00aa00aa01000] R[r 0=0000000000000000] inst=[aa010113] addi    sp, sp, -1376
C0:        752 [1] pc=[00000000800003d0] W[r 0=0000000000000000][0] R[r 1=0000000080002038] R[r 2=0aa00aa00aa00aa0] inst=[fe20bc23] sd      sp, -8(ra)
C0:        758 [1] pc=[00000000800003d4] W[r14=0aa00aa00aa00aa0][1] R[r 1=0000000080002038] R[r 0=0000000000000000] inst=[ff80b703] ld      a4, -8(ra)
C0:        759 [1] pc=[00000000800003d8] W[r 7=0000000000550000][1] R[r 0=0000000000000000] R[r 0=0000000000000000] inst=[005503b7] lui     t2, 0x550
C0:        760 [1] pc=[00000000800003dc] W[r 7=0000000000550055][1] R[r 7=0000000000550000] R[r 0=0000000000000000] inst=[0553839b] addiw   t2, t2, 85
C0:        761 [1] pc=[00000000800003e0] W[r 7=0000000aa00aa000][1] R[r 7=0000000000550055] R[r 0=0000000000000000] inst=[00d39393] slli    t2, t2, 13
C0:        762 [1] pc=[00000000800003e4] W[r 7=0000000aa00aa00b][1] R[r 7=0000000aa00aa000] R[r 0=0000000000000000] inst=[00b38393] addi    t2, t2, 11
C0:        763 [1] pc=[00000000800003e8] W[r 7=0000aa00aa00b000][1] R[r 7=0000000aa00aa00b] R[r 0=0000000000000000] inst=[00c39393] slli    t2, t2, 12
C0:        764 [1] pc=[00000000800003ec] W[r 7=0000aa00aa00aa01][1] R[r 7=0000aa00aa00b000] R[r 0=0000000000000000] inst=[a0138393] addi    t2, t2, -1535
C0:        765 [1] pc=[00000000800003f0] W[r 7=0aa00aa00aa01000][1] R[r 7=0000aa00aa00aa01] R[r 0=0000000000000000] inst=[00c39393] slli    t2, t2, 12
C0:        766 [1] pc=[00000000800003f4] W[r 7=0aa00aa00aa00aa0][1] R[r 7=0aa00aa00aa01000] R[r 0=0000000000000000] inst=[aa038393] addi    t2, t2, -1376
C0:        767 [1] pc=[00000000800003f8] W[r 3=0000000000000008][1] R[r 0=0000000000000000] R[r 0=0000000000000000] inst=[00800193] li      gp, 8
C0:        768 [1] pc=[00000000800003fc] W[r 0=0000000000000000][0] R[r14=0aa00aa00aa00aa0] R[r 7=0aa00aa00aa00aa0] inst=[40771063] bne     a4, t2, pc + 1024
C0:        790 [1] pc=[0000000080000400] W[r 1=0000000080002400][1] R[r 0=0000000000000000] R[r 0=0000000000000000] inst=[00002097] auipc   ra, 0x2
C0:        791 [1] pc=[0000000080000404] W[r 1=0000000080002038][1] R[r 1=0000000080002400] R[r 0=0000000000000000] inst=[c3808093] addi    ra, ra, -968
C0:        792 [1] pc=[0000000080000408] W[r 2=fffffffffffd0000][1] R[r 0=0000000000000000] R[r 0=0000000000000000] inst=[fffd0137] lui     sp, 0xfffd0
C0:        793 [1] pc=[000000008000040c] W[r 2=fffffffffffd0055][1] R[r 2=fffffffffffd0000] R[r 0=0000000000000000] inst=[0551011b] addiw   sp, sp, 85
C0:        794 [1] pc=[0000000080000410] W[r 2=fffffffd00550000][1] R[r 2=fffffffffffd0055] R[r 0=0000000000000000] inst=[01011113] slli    sp, sp, 16
C0:        795 [1] pc=[0000000080000414] W[r 2=fffffffd00550055][1] R[r 2=fffffffd00550000] R[r 0=0000000000000000] inst=[05510113] addi    sp, sp, 85
C0:        796 [1] pc=[0000000080000418] W[r 2=fffd005500550000][1] R[r 2=fffffffd00550055] R[r 0=0000000000000000] inst=[01011113] slli    sp, sp, 16
C0:        797 [1] pc=[000000008000041c] W[r 2=fffd005500550055][1] R[r 2=fffd005500550000] R[r 0=0000000000000000] inst=[05510113] addi    sp, sp, 85
C0:        798 [1] pc=[0000000080000420] W[r 2=a00aa00aa00aa000][1] R[r 2=fffd005500550055] R[r 0=0000000000000000] inst=[00d11113] slli    sp, sp, 13
C0:        799 [1] pc=[0000000080000424] W[r 2=a00aa00aa00aa00a][1] R[r 2=a00aa00aa00aa000] R[r 0=0000000000000000] inst=[00a10113] addi    sp, sp, 10
C0:        800 [1] pc=[0000000080000428] W[r 0=0000000000000000][0] R[r 1=0000000080002038] R[r 2=a00aa00aa00aa00a] inst=[0020b023] sd      sp, 0(ra)
C0:        806 [1] pc=[000000008000042c] W[r14=a00aa00aa00aa00a][1] R[r 1=0000000080002038] R[r 0=0000000000000000] inst=[0000b703] ld      a4, 0(ra)
C0:        807 [1] pc=[0000000080000430] W[r 7=fffffffffffd0000][1] R[r 0=0000000000000000] R[r 0=0000000000000000] inst=[fffd03b7] lui     t2, 0xfffd0
C0:        808 [1] pc=[0000000080000434] W[r 7=fffffffffffd0055][1] R[r 7=fffffffffffd0000] R[r 0=0000000000000000] inst=[0553839b] addiw   t2, t2, 85
C0:        809 [1] pc=[0000000080000438] W[r 7=fffffffd00550000][1] R[r 7=fffffffffffd0055] R[r 0=0000000000000000] inst=[01039393] slli    t2, t2, 16
C0:        810 [1] pc=[000000008000043c] W[r 7=fffffffd00550055][1] R[r 7=fffffffd00550000] R[r 0=0000000000000000] inst=[05538393] addi    t2, t2, 85
C0:        832 [1] pc=[0000000080000440] W[r 7=fffd005500550000][1] R[r 7=fffffffd00550055] R[r 0=0000000000000000] inst=[01039393] slli    t2, t2, 16
C0:        833 [1] pc=[0000000080000444] W[r 7=fffd005500550055][1] R[r 7=fffd005500550000] R[r 0=0000000000000000] inst=[05538393] addi    t2, t2, 85
C0:        834 [1] pc=[0000000080000448] W[r 7=a00aa00aa00aa000][1] R[r 7=fffd005500550055] R[r 0=0000000000000000] inst=[00d39393] slli    t2, t2, 13
C0:        835 [1] pc=[000000008000044c] W[r 7=a00aa00aa00aa00a][1] R[r 7=a00aa00aa00aa000] R[r 0=0000000000000000] inst=[00a38393] addi    t2, t2, 10
C0:        836 [1] pc=[0000000080000450] W[r 3=0000000000000009][1] R[r 0=0000000000000000] R[r 0=0000000000000000] inst=[00900193] li      gp, 9
C0:        837 [1] pc=[0000000080000454] W[r 0=0000000000000000][0] R[r14=a00aa00aa00aa00a] R[r 7=a00aa00aa00aa00a] inst=[3a771463] bne     a4, t2, pc + 936
C0:        838 [1] pc=[0000000080000458] W[r 1=0000000080002458][1] R[r 0=0000000000000000] R[r 0=0000000000000000] inst=[00002097] auipc   ra, 0x2
C0:        839 [1] pc=[000000008000045c] W[r 1=0000000080002040][1] R[r 1=0000000080002458] R[r 0=0000000000000000] inst=[be808093] addi    ra, ra, -1048
C0:        840 [1] pc=[0000000080000460] W[r 2=0000000000247000][1] R[r 0=0000000000000000] R[r 0=0000000000000000] inst=[00247137] lui     sp, 0x247
C0:        841 [1] pc=[0000000080000464] W[r 2=00000000002468ad][1] R[r 2=0000000000247000] R[r 0=0000000000000000] inst=[8ad1011b] addiw   sp, sp, -1875
C0:        842 [1] pc=[0000000080000468] W[r 2=000000091a2b4000][1] R[r 2=00000000002468ad] R[r 0=0000000000000000] inst=[00e11113] slli    sp, sp, 14
C0:        843 [1] pc=[000000008000046c] W[r 2=000000091a2b3c09][1] R[r 2=000000091a2b4000] R[r 0=0000000000000000] inst=[c0910113] addi    sp, sp, -1015
C0:        844 [1] pc=[0000000080000470] W[r 2=0001234567812000][1] R[r 2=000000091a2b3c09] R[r 0=0000000000000000] inst=[00d11113] slli    sp, sp, 13
C0:        845 [1] pc=[0000000080000474] W[r 2=0001234567812345][1] R[r 2=0001234567812000] R[r 0=0000000000000000] inst=[34510113] addi    sp, sp, 837
C0:        846 [1] pc=[0000000080000478] W[r 2=1234567812345000][1] R[r 2=0001234567812345] R[r 0=0000000000000000] inst=[00c11113] slli    sp, sp, 12
C0:        847 [1] pc=[000000008000047c] W[r 2=1234567812345678][1] R[r 2=1234567812345000] R[r 0=0000000000000000] inst=[67810113] addi    sp, sp, 1656
C0:        869 [1] pc=[0000000080000480] W[r 4=0000000080002020][1] R[r 1=0000000080002040] R[r 0=0000000000000000] inst=[fe008213] addi    tp, ra, -32
C0:        886 [1] pc=[0000000080000484] W[r 0=0000000000000000][0] R[r 4=0000000080002020] R[r 2=1234567812345678] inst=[02223023] sd      sp, 32(tp)
C0:        892 [1] pc=[0000000080000488] W[r 5=1234567812345678][1] R[r 1=0000000080002040] R[r 0=0000000000000000] inst=[0000b283] ld      t0, 0(ra)
C0:        893 [1] pc=[000000008000048c] W[r 7=0000000000247000][1] R[r 0=0000000000000000] R[r 0=0000000000000000] inst=[002473b7] lui     t2, 0x247
C0:        894 [1] pc=[0000000080000490] W[r 7=00000000002468ad][1] R[r 7=0000000000247000] R[r 0=0000000000000000] inst=[8ad3839b] addiw   t2, t2, -1875
C0:        895 [1] pc=[0000000080000494] W[r 7=000000091a2b4000][1] R[r 7=00000000002468ad] R[r 0=0000000000000000] inst=[00e39393] slli    t2, t2, 14
C0:        896 [1] pc=[0000000080000498] W[r 7=000000091a2b3c09][1] R[r 7=000000091a2b4000] R[r 0=0000000000000000] inst=[c0938393] addi    t2, t2, -1015
C0:        897 [1] pc=[000000008000049c] W[r 7=0001234567812000][1] R[r 7=000000091a2b3c09] R[r 0=0000000000000000] inst=[00d39393] slli    t2, t2, 13
C0:        898 [1] pc=[00000000800004a0] W[r 7=0001234567812345][1] R[r 7=0001234567812000] R[r 0=0000000000000000] inst=[34538393] addi    t2, t2, 837
C0:        899 [1] pc=[00000000800004a4] W[r 7=1234567812345000][1] R[r 7=0001234567812345] R[r 0=0000000000000000] inst=[00c39393] slli    t2, t2, 12
C0:        900 [1] pc=[00000000800004a8] W[r 7=1234567812345678][1] R[r 7=1234567812345000] R[r 0=0000000000000000] inst=[67838393] addi    t2, t2, 1656
C0:        901 [1] pc=[00000000800004ac] W[r 3=000000000000000a][1] R[r 0=0000000000000000] R[r 0=0000000000000000] inst=[00a00193] li      gp, 10
C0:        902 [1] pc=[00000000800004b0] W[r 0=0000000000000000][0] R[r 5=1234567812345678] R[r 7=1234567812345678] inst=[34729663] bne     t0, t2, pc + 844
C0:        903 [1] pc=[00000000800004b4] W[r 1=00000000800024b4][1] R[r 0=0000000000000000] R[r 0=0000000000000000] inst=[00002097] auipc   ra, 0x2
C0:        904 [1] pc=[00000000800004b8] W[r 1=0000000080002040][1] R[r 1=00000000800024b4] R[r 0=0000000000000000] inst=[b8c08093] addi    ra, ra, -1140
C0:        905 [1] pc=[00000000800004bc] W[r 2=0000000000b04000][1] R[r 0=0000000000000000] R[r 0=0000000000000000] inst=[00b04137] lui     sp, 0xb04
C0:        927 [1] pc=[00000000800004c0] W[r 2=0000000000b04261][1] R[r 2=0000000000b04000] R[r 0=0000000000000000] inst=[2611011b] addiw   sp, sp, 609
C0:        928 [1] pc=[00000000800004c4] W[r 2=0000000b04261000][1] R[r 2=0000000000b04261] R[r 0=0000000000000000] inst=[00c11113] slli    sp, sp, 12
C0:        929 [1] pc=[00000000800004c8] W[r 2=0000000b0426130b][1] R[r 2=0000000b04261000] R[r 0=0000000000000000] inst=[30b10113] addi    sp, sp, 779
C0:        930 [1] pc=[00000000800004cc] W[r 2=0005821309858000][1] R[r 2=0000000b0426130b] R[r 0=0000000000000000] inst=[00f11113] slli    sp, sp, 15
C0:        931 [1] pc=[00000000800004d0] W[r 2=0005821309858213][1] R[r 2=0005821309858000] R[r 0=0000000000000000] inst=[21310113] addi    sp, sp, 531
C0:        932 [1] pc=[00000000800004d4] W[r 2=5821309858213000][1] R[r 2=0005821309858213] R[r 0=0000000000000000] inst=[00c11113] slli    sp, sp, 12
C0:        933 [1] pc=[00000000800004d8] W[r 2=5821309858213098][1] R[r 2=5821309858213000] R[r 0=0000000000000000] inst=[09810113] addi    sp, sp, 152
C0:        934 [1] pc=[00000000800004dc] W[r 1=000000008000203d][1] R[r 1=0000000080002040] R[r 0=0000000000000000] inst=[ffd08093] addi    ra, ra, -3
C0:        935 [1] pc=[00000000800004e0] W[r 0=0000000000000000][0] R[r 1=000000008000203d] R[r 2=5821309858213098] inst=[0020b5a3] sd      sp, 11(ra)
C0:        936 [1] pc=[00000000800004e4] W[r 4=00000000800024e4][1] R[r 0=0000000000000000] R[r 0=0000000000000000] inst=[00002217] auipc   tp, 0x2
C0:        937 [1] pc=[00000000800004e8] W[r 4=0000000080002048][1] R[r 4=00000000800024e4] R[r 0=0000000000000000] inst=[b6420213] addi    tp, tp, -1180
C0:        938 [1] pc=[00000000800004ec] W[r 5=5821309858213098][1] R[r 4=0000000080002048] R[r 0=0000000000000000] inst=[00023283] ld      t0, 0(tp)
C0:        939 [1] pc=[00000000800004f0] W[r 7=0000000000b04000][1] R[r 0=0000000000000000] R[r 0=0000000000000000] inst=[00b043b7] lui     t2, 0xb04
C0:        940 [1] pc=[00000000800004f4] W[r 7=0000000000b04261][1] R[r 7=0000000000b04000] R[r 0=0000000000000000] inst=[2613839b] addiw   t2, t2, 609
C0:        941 [1] pc=[00000000800004f8] W[r 7=0000000b04261000][1] R[r 7=0000000000b04261] R[r 0=0000000000000000] inst=[00c39393] slli    t2, t2, 12
C0:        942 [1] pc=[00000000800004fc] W[r 7=0000000b0426130b][1] R[r 7=0000000b04261000] R[r 0=0000000000000000] inst=[30b38393] addi    t2, t2, 779
C0:        964 [1] pc=[0000000080000500] W[r 7=0005821309858000][1] R[r 7=0000000b0426130b] R[r 0=0000000000000000] inst=[00f39393] slli    t2, t2, 15
C0:        965 [1] pc=[0000000080000504] W[r 7=0005821309858213][1] R[r 7=0005821309858000] R[r 0=0000000000000000] inst=[21338393] addi    t2, t2, 531
C0:        966 [1] pc=[0000000080000508] W[r 7=5821309858213000][1] R[r 7=0005821309858213] R[r 0=0000000000000000] inst=[00c39393] slli    t2, t2, 12
C0:        967 [1] pc=[000000008000050c] W[r 7=5821309858213098][1] R[r 7=5821309858213000] R[r 0=0000000000000000] inst=[09838393] addi    t2, t2, 152
C0:        968 [1] pc=[0000000080000510] W[r 3=000000000000000b][1] R[r 0=0000000000000000] R[r 0=0000000000000000] inst=[00b00193] li      gp, 11
C0:        969 [1] pc=[0000000080000514] W[r 0=0000000000000000][0] R[r 5=5821309858213098] R[r 7=5821309858213098] inst=[2e729463] bne     t0, t2, pc + 744
C0:        970 [1] pc=[0000000080000518] W[r 3=000000000000000c][1] R[r 0=0000000000000000] R[r 0=0000000000000000] inst=[00c00193] li      gp, 12
C0:        971 [1] pc=[000000008000051c] W[r 4=0000000000000000][1] R[r 0=0000000000000000] R[r 0=0000000000000000] inst=[00000213] li      tp, 0
C0:        972 [1] pc=[0000000080000520] W[r 1=000000000abbd000][1] R[r 0=0000000000000000] R[r 0=0000000000000000] inst=[0abbd0b7] lui     ra, 0xabbd
C0:        973 [1] pc=[0000000080000524] W[r 1=000000000abbccdd][1] R[r 1=000000000abbd000] R[r 0=0000000000000000] inst=[cdd0809b] addiw   ra, ra, -803
C0:        974 [1] pc=[0000000080000528] W[r 2=0000000080002528][1] R[r 0=0000000000000000] R[r 0=0000000000000000] inst=[00002117] auipc   sp, 0x2
C0:        975 [1] pc=[000000008000052c] W[r 2=0000000080002000][1] R[r 2=0000000080002528] R[r 0=0000000000000000] inst=[ad810113] addi    sp, sp, -1320
C0:        976 [1] pc=[0000000080000530] W[r 0=0000000000000000][0] R[r 2=0000000080002000] R[r 1=000000000abbccdd] inst=[00113023] sd      ra, 0(sp)
C0:        982 [1] pc=[0000000080000534] W[r14=000000000abbccdd][1] R[r 2=0000000080002000] R[r 0=0000000000000000] inst=[00013703] ld      a4, 0(sp)
C0:        983 [1] pc=[0000000080000538] W[r 7=000000000abbd000][1] R[r 0=0000000000000000] R[r 0=0000000000000000] inst=[0abbd3b7] lui     t2, 0xabbd
C0:        984 [1] pc=[000000008000053c] W[r 7=000000000abbccdd][1] R[r 7=000000000abbd000] R[r 0=0000000000000000] inst=[cdd3839b] addiw   t2, t2, -803
C0:       1008 [1] pc=[0000000080000540] W[r 0=0000000000000000][0] R[r14=000000000abbccdd] R[r 7=000000000abbccdd] inst=[2a771e63] bne     a4, t2, pc + 700
C0:       1009 [1] pc=[0000000080000544] W[r 4=0000000000000001][1] R[r 4=0000000000000000] R[r 0=0000000000000000] inst=[00120213] addi    tp, tp, 1
C0:       1010 [1] pc=[0000000080000548] W[r 5=0000000000000002][1] R[r 0=0000000000000000] R[r 0=0000000000000000] inst=[00200293] li      t0, 2
C0:       1011 [1] pc=[000000008000054c] W[r 0=0000000000000000][0] R[r 4=0000000000000001] R[r 5=0000000000000002] inst=[fc521ae3] bne     tp, t0, pc - 44
C0:       1015 [1] pc=[0000000080000520] W[r 1=000000000abbd000][1] R[r 0=0000000000000000] R[r 0=0000000000000000] inst=[0abbd0b7] lui     ra, 0xabbd
C0:       1016 [1] pc=[0000000080000524] W[r 1=000000000abbccdd][1] R[r 1=000000000abbd000] R[r 0=0000000000000000] inst=[cdd0809b] addiw   ra, ra, -803
C0:       1017 [1] pc=[0000000080000528] W[r 2=0000000080002528][1] R[r 0=0000000000000000] R[r 0=0000000000000000] inst=[00002117] auipc   sp, 0x2
C0:       1018 [1] pc=[000000008000052c] W[r 2=0000000080002000][1] R[r 2=0000000080002528] R[r 0=0000000000000000] inst=[ad810113] addi    sp, sp, -1320
C0:       1019 [1] pc=[0000000080000530] W[r 0=0000000000000000][0] R[r 2=0000000080002000] R[r 1=000000000abbccdd] inst=[00113023] sd      ra, 0(sp)
C0:       1025 [1] pc=[0000000080000534] W[r14=000000000abbccdd][1] R[r 2=0000000080002000] R[r 0=0000000000000000] inst=[00013703] ld      a4, 0(sp)
C0:       1026 [1] pc=[0000000080000538] W[r 7=000000000abbd000][1] R[r 0=0000000000000000] R[r 0=0000000000000000] inst=[0abbd3b7] lui     t2, 0xabbd
C0:       1027 [1] pc=[000000008000053c] W[r 7=000000000abbccdd][1] R[r 7=000000000abbd000] R[r 0=0000000000000000] inst=[cdd3839b] addiw   t2, t2, -803
C0:       1028 [1] pc=[0000000080000540] W[r 0=0000000000000000][0] R[r14=000000000abbccdd] R[r 7=000000000abbccdd] inst=[2a771e63] bne     a4, t2, pc + 700
C0:       1029 [1] pc=[0000000080000544] W[r 4=0000000000000002][1] R[r 4=0000000000000001] R[r 0=0000000000000000] inst=[00120213] addi    tp, tp, 1
C0:       1030 [1] pc=[0000000080000548] W[r 5=0000000000000002][1] R[r 0=0000000000000000] R[r 0=0000000000000000] inst=[00200293] li      t0, 2
C0:       1031 [1] pc=[000000008000054c] W[r 0=0000000000000000][0] R[r 4=0000000000000002] R[r 5=0000000000000002] inst=[fc521ae3] bne     tp, t0, pc - 44
C0:       1032 [1] pc=[0000000080000550] W[r 3=000000000000000d][1] R[r 0=0000000000000000] R[r 0=0000000000000000] inst=[00d00193] li      gp, 13
C0:       1033 [1] pc=[0000000080000554] W[r 4=0000000000000000][1] R[r 0=0000000000000000] R[r 0=0000000000000000] inst=[00000213] li      tp, 0
C0:       1034 [1] pc=[0000000080000558] W[r 1=000000000aabc000][1] R[r 0=0000000000000000] R[r 0=0000000000000000] inst=[0aabc0b7] lui     ra, 0xaabc
C0:       1035 [1] pc=[000000008000055c] W[r 1=000000000aabbccd][1] R[r 1=000000000aabc000] R[r 0=0000000000000000] inst=[ccd0809b] addiw   ra, ra, -819
C0:       1036 [1] pc=[0000000080000560] W[r 2=0000000080002560][1] R[r 0=0000000000000000] R[r 0=0000000000000000] inst=[00002117] auipc   sp, 0x2
C0:       1037 [1] pc=[0000000080000564] W[r 2=0000000080002000][1] R[r 2=0000000080002560] R[r 0=0000000000000000] inst=[aa010113] addi    sp, sp, -1376
C0:       1038 [1] pc=[0000000080000568] W[r 0=0000000000000000][1] R[r 0=0000000000000000] R[r 0=0000000000000000] inst=[00000013] nop
C0:       1039 [1] pc=[000000008000056c] W[r 0=0000000000000000][0] R[r 2=0000000080002000] R[r 1=000000000aabbccd] inst=[00113423] sd      ra, 8(sp)
C0:       1045 [1] pc=[0000000080000570] W[r14=000000000aabbccd][1] R[r 2=0000000080002000] R[r 0=0000000000000000] inst=[00813703] ld      a4, 8(sp)
C0:       1046 [1] pc=[0000000080000574] W[r 7=000000000aabc000][1] R[r 0=0000000000000000] R[r 0=0000000000000000] inst=[0aabc3b7] lui     t2, 0xaabc
C0:       1047 [1] pc=[0000000080000578] W[r 7=000000000aabbccd][1] R[r 7=000000000aabc000] R[r 0=0000000000000000] inst=[ccd3839b] addiw   t2, t2, -819
C0:       1048 [1] pc=[000000008000057c] W[r 0=0000000000000000][0] R[r14=000000000aabbccd] R[r 7=000000000aabbccd] inst=[28771063] bne     a4, t2, pc + 640
C0:       1070 [1] pc=[0000000080000580] W[r 4=0000000000000001][1] R[r 4=0000000000000000] R[r 0=0000000000000000] inst=[00120213] addi    tp, tp, 1
C0:       1071 [1] pc=[0000000080000584] W[r 5=0000000000000002][1] R[r 0=0000000000000000] R[r 0=0000000000000000] inst=[00200293] li      t0, 2
C0:       1072 [1] pc=[0000000080000588] W[r 0=0000000000000000][0] R[r 4=0000000000000001] R[r 5=0000000000000002] inst=[fc5218e3] bne     tp, t0, pc - 48
C0:       1076 [1] pc=[0000000080000558] W[r 1=000000000aabc000][1] R[r 0=0000000000000000] R[r 0=0000000000000000] inst=[0aabc0b7] lui     ra, 0xaabc
C0:       1077 [1] pc=[000000008000055c] W[r 1=000000000aabbccd][1] R[r 1=000000000aabc000] R[r 0=0000000000000000] inst=[ccd0809b] addiw   ra, ra, -819
C0:       1078 [1] pc=[0000000080000560] W[r 2=0000000080002560][1] R[r 0=0000000000000000] R[r 0=0000000000000000] inst=[00002117] auipc   sp, 0x2
C0:       1079 [1] pc=[0000000080000564] W[r 2=0000000080002000][1] R[r 2=0000000080002560] R[r 0=0000000000000000] inst=[aa010113] addi    sp, sp, -1376
C0:       1080 [1] pc=[0000000080000568] W[r 0=0000000000000000][1] R[r 0=0000000000000000] R[r 0=0000000000000000] inst=[00000013] nop
C0:       1081 [1] pc=[000000008000056c] W[r 0=0000000000000000][0] R[r 2=0000000080002000] R[r 1=000000000aabbccd] inst=[00113423] sd      ra, 8(sp)
C0:       1087 [1] pc=[0000000080000570] W[r14=000000000aabbccd][1] R[r 2=0000000080002000] R[r 0=0000000000000000] inst=[00813703] ld      a4, 8(sp)
C0:       1088 [1] pc=[0000000080000574] W[r 7=000000000aabc000][1] R[r 0=0000000000000000] R[r 0=0000000000000000] inst=[0aabc3b7] lui     t2, 0xaabc
C0:       1089 [1] pc=[0000000080000578] W[r 7=000000000aabbccd][1] R[r 7=000000000aabc000] R[r 0=0000000000000000] inst=[ccd3839b] addiw   t2, t2, -819
C0:       1090 [1] pc=[000000008000057c] W[r 0=0000000000000000][0] R[r14=000000000aabbccd] R[r 7=000000000aabbccd] inst=[28771063] bne     a4, t2, pc + 640
C0:       1091 [1] pc=[0000000080000580] W[r 4=0000000000000002][1] R[r 4=0000000000000001] R[r 0=0000000000000000] inst=[00120213] addi    tp, tp, 1
C0:       1092 [1] pc=[0000000080000584] W[r 5=0000000000000002][1] R[r 0=0000000000000000] R[r 0=0000000000000000] inst=[00200293] li      t0, 2
C0:       1093 [1] pc=[0000000080000588] W[r 0=0000000000000000][0] R[r 4=0000000000000002] R[r 5=0000000000000002] inst=[fc5218e3] bne     tp, t0, pc - 48
C0:       1094 [1] pc=[000000008000058c] W[r 3=000000000000000e][1] R[r 0=0000000000000000] R[r 0=0000000000000000] inst=[00e00193] li      gp, 14
C0:       1095 [1] pc=[0000000080000590] W[r 4=0000000000000000][1] R[r 0=0000000000000000] R[r 0=0000000000000000] inst=[00000213] li      tp, 0
C0:       1096 [1] pc=[0000000080000594] W[r 1=000000000daac000][1] R[r 0=0000000000000000] R[r 0=0000000000000000] inst=[0daac0b7] lui     ra, 0xdaac
C0:       1097 [1] pc=[0000000080000598] W[r 1=000000000daabbcc][1] R[r 1=000000000daac000] R[r 0=0000000000000000] inst=[bcc0809b] addiw   ra, ra, -1076
C0:       1098 [1] pc=[000000008000059c] W[r 2=000000008000259c][1] R[r 0=0000000000000000] R[r 0=0000000000000000] inst=[00002117] auipc   sp, 0x2
C0:       1099 [1] pc=[00000000800005a0] W[r 2=0000000080002000][1] R[r 2=000000008000259c] R[r 0=0000000000000000] inst=[a6410113] addi    sp, sp, -1436
C0:       1100 [1] pc=[00000000800005a4] W[r 0=0000000000000000][1] R[r 0=0000000000000000] R[r 0=0000000000000000] inst=[00000013] nop
C0:       1101 [1] pc=[00000000800005a8] W[r 0=0000000000000000][1] R[r 0=0000000000000000] R[r 0=0000000000000000] inst=[00000013] nop
C0:       1102 [1] pc=[00000000800005ac] W[r 0=0000000000000000][0] R[r 2=0000000080002000] R[r 1=000000000daabbcc] inst=[00113823] sd      ra, 16(sp)
C0:       1108 [1] pc=[00000000800005b0] W[r14=000000000daabbcc][1] R[r 2=0000000080002000] R[r 0=0000000000000000] inst=[01013703] ld      a4, 16(sp)
C0:       1109 [1] pc=[00000000800005b4] W[r 7=000000000daac000][1] R[r 0=0000000000000000] R[r 0=0000000000000000] inst=[0daac3b7] lui     t2, 0xdaac
C0:       1110 [1] pc=[00000000800005b8] W[r 7=000000000daabbcc][1] R[r 7=000000000daac000] R[r 0=0000000000000000] inst=[bcc3839b] addiw   t2, t2, -1076
C0:       1111 [1] pc=[00000000800005bc] W[r 0=0000000000000000][0] R[r14=000000000daabbcc] R[r 7=000000000daabbcc] inst=[24771063] bne     a4, t2, pc + 576
C0:       1133 [1] pc=[00000000800005c0] W[r 4=0000000000000001][1] R[r 4=0000000000000000] R[r 0=0000000000000000] inst=[00120213] addi    tp, tp, 1
C0:       1134 [1] pc=[00000000800005c4] W[r 5=0000000000000002][1] R[r 0=0000000000000000] R[r 0=0000000000000000] inst=[00200293] li      t0, 2
C0:       1135 [1] pc=[00000000800005c8] W[r 0=0000000000000000][0] R[r 4=0000000000000001] R[r 5=0000000000000002] inst=[fc5216e3] bne     tp, t0, pc - 52
C0:       1139 [1] pc=[0000000080000594] W[r 1=000000000daac000][1] R[r 0=0000000000000000] R[r 0=0000000000000000] inst=[0daac0b7] lui     ra, 0xdaac
C0:       1140 [1] pc=[0000000080000598] W[r 1=000000000daabbcc][1] R[r 1=000000000daac000] R[r 0=0000000000000000] inst=[bcc0809b] addiw   ra, ra, -1076
C0:       1141 [1] pc=[000000008000059c] W[r 2=000000008000259c][1] R[r 0=0000000000000000] R[r 0=0000000000000000] inst=[00002117] auipc   sp, 0x2
C0:       1142 [1] pc=[00000000800005a0] W[r 2=0000000080002000][1] R[r 2=000000008000259c] R[r 0=0000000000000000] inst=[a6410113] addi    sp, sp, -1436
C0:       1143 [1] pc=[00000000800005a4] W[r 0=0000000000000000][1] R[r 0=0000000000000000] R[r 0=0000000000000000] inst=[00000013] nop
C0:       1144 [1] pc=[00000000800005a8] W[r 0=0000000000000000][1] R[r 0=0000000000000000] R[r 0=0000000000000000] inst=[00000013] nop
C0:       1145 [1] pc=[00000000800005ac] W[r 0=0000000000000000][0] R[r 2=0000000080002000] R[r 1=000000000daabbcc] inst=[00113823] sd      ra, 16(sp)
C0:       1151 [1] pc=[00000000800005b0] W[r14=000000000daabbcc][1] R[r 2=0000000080002000] R[r 0=0000000000000000] inst=[01013703] ld      a4, 16(sp)
C0:       1152 [1] pc=[00000000800005b4] W[r 7=000000000daac000][1] R[r 0=0000000000000000] R[r 0=0000000000000000] inst=[0daac3b7] lui     t2, 0xdaac
C0:       1153 [1] pc=[00000000800005b8] W[r 7=000000000daabbcc][1] R[r 7=000000000daac000] R[r 0=0000000000000000] inst=[bcc3839b] addiw   t2, t2, -1076
C0:       1154 [1] pc=[00000000800005bc] W[r 0=0000000000000000][0] R[r14=000000000daabbcc] R[r 7=000000000daabbcc] inst=[24771063] bne     a4, t2, pc + 576
C0:       1155 [1] pc=[00000000800005c0] W[r 4=0000000000000002][1] R[r 4=0000000000000001] R[r 0=0000000000000000] inst=[00120213] addi    tp, tp, 1
C0:       1156 [1] pc=[00000000800005c4] W[r 5=0000000000000002][1] R[r 0=0000000000000000] R[r 0=0000000000000000] inst=[00200293] li      t0, 2
C0:       1157 [1] pc=[00000000800005c8] W[r 0=0000000000000000][0] R[r 4=0000000000000002] R[r 5=0000000000000002] inst=[fc5216e3] bne     tp, t0, pc - 52
C0:       1158 [1] pc=[00000000800005cc] W[r 3=000000000000000f][1] R[r 0=0000000000000000] R[r 0=0000000000000000] inst=[00f00193] li      gp, 15
C0:       1159 [1] pc=[00000000800005d0] W[r 4=0000000000000000][1] R[r 0=0000000000000000] R[r 0=0000000000000000] inst=[00000213] li      tp, 0
C0:       1160 [1] pc=[00000000800005d4] W[r 1=000000000ddab000][1] R[r 0=0000000000000000] R[r 0=0000000000000000] inst=[0ddab0b7] lui     ra, 0xddab
C0:       1161 [1] pc=[00000000800005d8] W[r 1=000000000ddaabbc][1] R[r 1=000000000ddab000] R[r 0=0000000000000000] inst=[bbc0809b] addiw   ra, ra, -1092
C0:       1162 [1] pc=[00000000800005dc] W[r 0=0000000000000000][1] R[r 0=0000000000000000] R[r 0=0000000000000000] inst=[00000013] nop
C0:       1163 [1] pc=[00000000800005e0] W[r 2=00000000800025e0][1] R[r 0=0000000000000000] R[r 0=0000000000000000] inst=[00002117] auipc   sp, 0x2
C0:       1164 [1] pc=[00000000800005e4] W[r 2=0000000080002000][1] R[r 2=00000000800025e0] R[r 0=0000000000000000] inst=[a2010113] addi    sp, sp, -1504
C0:       1165 [1] pc=[00000000800005e8] W[r 0=0000000000000000][0] R[r 2=0000000080002000] R[r 1=000000000ddaabbc] inst=[00113c23] sd      ra, 24(sp)
C0:       1171 [1] pc=[00000000800005ec] W[r14=000000000ddaabbc][1] R[r 2=0000000080002000] R[r 0=0000000000000000] inst=[01813703] ld      a4, 24(sp)
C0:       1172 [1] pc=[00000000800005f0] W[r 7=000000000ddab000][1] R[r 0=0000000000000000] R[r 0=0000000000000000] inst=[0ddab3b7] lui     t2, 0xddab
C0:       1173 [1] pc=[00000000800005f4] W[r 7=000000000ddaabbc][1] R[r 7=000000000ddab000] R[r 0=0000000000000000] inst=[bbc3839b] addiw   t2, t2, -1092
C0:       1174 [1] pc=[00000000800005f8] W[r 0=0000000000000000][0] R[r14=000000000ddaabbc] R[r 7=000000000ddaabbc] inst=[20771263] bne     a4, t2, pc + 516
C0:       1175 [1] pc=[00000000800005fc] W[r 4=0000000000000001][1] R[r 4=0000000000000000] R[r 0=0000000000000000] inst=[00120213] addi    tp, tp, 1
C0:       1197 [1] pc=[0000000080000600] W[r 5=0000000000000002][1] R[r 0=0000000000000000] R[r 0=0000000000000000] inst=[00200293] li      t0, 2
C0:       1198 [1] pc=[0000000080000604] W[r 0=0000000000000000][0] R[r 4=0000000000000001] R[r 5=0000000000000002] inst=[fc5218e3] bne     tp, t0, pc - 48
C0:       1202 [1] pc=[00000000800005d4] W[r 1=000000000ddab000][1] R[r 0=0000000000000000] R[r 0=0000000000000000] inst=[0ddab0b7] lui     ra, 0xddab
C0:       1203 [1] pc=[00000000800005d8] W[r 1=000000000ddaabbc][1] R[r 1=000000000ddab000] R[r 0=0000000000000000] inst=[bbc0809b] addiw   ra, ra, -1092
C0:       1204 [1] pc=[00000000800005dc] W[r 0=0000000000000000][1] R[r 0=0000000000000000] R[r 0=0000000000000000] inst=[00000013] nop
C0:       1205 [1] pc=[00000000800005e0] W[r 2=00000000800025e0][1] R[r 0=0000000000000000] R[r 0=0000000000000000] inst=[00002117] auipc   sp, 0x2
C0:       1206 [1] pc=[00000000800005e4] W[r 2=0000000080002000][1] R[r 2=00000000800025e0] R[r 0=0000000000000000] inst=[a2010113] addi    sp, sp, -1504
C0:       1207 [1] pc=[00000000800005e8] W[r 0=0000000000000000][0] R[r 2=0000000080002000] R[r 1=000000000ddaabbc] inst=[00113c23] sd      ra, 24(sp)
C0:       1213 [1] pc=[00000000800005ec] W[r14=000000000ddaabbc][1] R[r 2=0000000080002000] R[r 0=0000000000000000] inst=[01813703] ld      a4, 24(sp)
C0:       1214 [1] pc=[00000000800005f0] W[r 7=000000000ddab000][1] R[r 0=0000000000000000] R[r 0=0000000000000000] inst=[0ddab3b7] lui     t2, 0xddab
C0:       1215 [1] pc=[00000000800005f4] W[r 7=000000000ddaabbc][1] R[r 7=000000000ddab000] R[r 0=0000000000000000] inst=[bbc3839b] addiw   t2, t2, -1092
C0:       1216 [1] pc=[00000000800005f8] W[r 0=0000000000000000][0] R[r14=000000000ddaabbc] R[r 7=000000000ddaabbc] inst=[20771263] bne     a4, t2, pc + 516
C0:       1217 [1] pc=[00000000800005fc] W[r 4=0000000000000002][1] R[r 4=0000000000000001] R[r 0=0000000000000000] inst=[00120213] addi    tp, tp, 1
C0:       1218 [1] pc=[0000000080000600] W[r 5=0000000000000002][1] R[r 0=0000000000000000] R[r 0=0000000000000000] inst=[00200293] li      t0, 2
C0:       1219 [1] pc=[0000000080000604] W[r 0=0000000000000000][0] R[r 4=0000000000000002] R[r 5=0000000000000002] inst=[fc5218e3] bne     tp, t0, pc - 48
C0:       1220 [1] pc=[0000000080000608] W[r 3=0000000000000010][1] R[r 0=0000000000000000] R[r 0=0000000000000000] inst=[01000193] li      gp, 16
C0:       1221 [1] pc=[000000008000060c] W[r 4=0000000000000000][1] R[r 0=0000000000000000] R[r 0=0000000000000000] inst=[00000213] li      tp, 0
C0:       1222 [1] pc=[0000000080000610] W[r 1=000000000cddb000][1] R[r 0=0000000000000000] R[r 0=0000000000000000] inst=[0cddb0b7] lui     ra, 0xcddb
C0:       1223 [1] pc=[0000000080000614] W[r 1=000000000cddaabb][1] R[r 1=000000000cddb000] R[r 0=0000000000000000] inst=[abb0809b] addiw   ra, ra, -1349
C0:       1224 [1] pc=[0000000080000618] W[r 0=0000000000000000][1] R[r 0=0000000000000000] R[r 0=0000000000000000] inst=[00000013] nop
C0:       1225 [1] pc=[000000008000061c] W[r 2=000000008000261c][1] R[r 0=0000000000000000] R[r 0=0000000000000000] inst=[00002117] auipc   sp, 0x2
C0:       1226 [1] pc=[0000000080000620] W[r 2=0000000080002000][1] R[r 2=000000008000261c] R[r 0=0000000000000000] inst=[9e410113] addi    sp, sp, -1564
C0:       1227 [1] pc=[0000000080000624] W[r 0=0000000000000000][1] R[r 0=0000000000000000] R[r 0=0000000000000000] inst=[00000013] nop
C0:       1228 [1] pc=[0000000080000628] W[r 0=0000000000000000][0] R[r 2=0000000080002000] R[r 1=000000000cddaabb] inst=[02113023] sd      ra, 32(sp)
C0:       1234 [1] pc=[000000008000062c] W[r14=000000000cddaabb][1] R[r 2=0000000080002000] R[r 0=0000000000000000] inst=[02013703] ld      a4, 32(sp)
C0:       1235 [1] pc=[0000000080000630] W[r 7=000000000cddb000][1] R[r 0=0000000000000000] R[r 0=0000000000000000] inst=[0cddb3b7] lui     t2, 0xcddb
C0:       1236 [1] pc=[0000000080000634] W[r 7=000000000cddaabb][1] R[r 7=000000000cddb000] R[r 0=0000000000000000] inst=[abb3839b] addiw   t2, t2, -1349
C0:       1237 [1] pc=[0000000080000638] W[r 0=0000000000000000][0] R[r14=000000000cddaabb] R[r 7=000000000cddaabb] inst=[1c771263] bne     a4, t2, pc + 452
C0:       1238 [1] pc=[000000008000063c] W[r 4=0000000000000001][1] R[r 4=0000000000000000] R[r 0=0000000000000000] inst=[00120213] addi    tp, tp, 1
C0:       1260 [1] pc=[0000000080000640] W[r 5=0000000000000002][1] R[r 0=0000000000000000] R[r 0=0000000000000000] inst=[00200293] li      t0, 2
C0:       1261 [1] pc=[0000000080000644] W[r 0=0000000000000000][0] R[r 4=0000000000000001] R[r 5=0000000000000002] inst=[fc5216e3] bne     tp, t0, pc - 52
C0:       1265 [1] pc=[0000000080000610] W[r 1=000000000cddb000][1] R[r 0=0000000000000000] R[r 0=0000000000000000] inst=[0cddb0b7] lui     ra, 0xcddb
C0:       1266 [1] pc=[0000000080000614] W[r 1=000000000cddaabb][1] R[r 1=000000000cddb000] R[r 0=0000000000000000] inst=[abb0809b] addiw   ra, ra, -1349
C0:       1267 [1] pc=[0000000080000618] W[r 0=0000000000000000][1] R[r 0=0000000000000000] R[r 0=0000000000000000] inst=[00000013] nop
C0:       1268 [1] pc=[000000008000061c] W[r 2=000000008000261c][1] R[r 0=0000000000000000] R[r 0=0000000000000000] inst=[00002117] auipc   sp, 0x2
C0:       1269 [1] pc=[0000000080000620] W[r 2=0000000080002000][1] R[r 2=000000008000261c] R[r 0=0000000000000000] inst=[9e410113] addi    sp, sp, -1564
C0:       1270 [1] pc=[0000000080000624] W[r 0=0000000000000000][1] R[r 0=0000000000000000] R[r 0=0000000000000000] inst=[00000013] nop
C0:       1271 [1] pc=[0000000080000628] W[r 0=0000000000000000][0] R[r 2=0000000080002000] R[r 1=000000000cddaabb] inst=[02113023] sd      ra, 32(sp)
C0:       1277 [1] pc=[000000008000062c] W[r14=000000000cddaabb][1] R[r 2=0000000080002000] R[r 0=0000000000000000] inst=[02013703] ld      a4, 32(sp)
C0:       1278 [1] pc=[0000000080000630] W[r 7=000000000cddb000][1] R[r 0=0000000000000000] R[r 0=0000000000000000] inst=[0cddb3b7] lui     t2, 0xcddb
C0:       1279 [1] pc=[0000000080000634] W[r 7=000000000cddaabb][1] R[r 7=000000000cddb000] R[r 0=0000000000000000] inst=[abb3839b] addiw   t2, t2, -1349
C0:       1280 [1] pc=[0000000080000638] W[r 0=0000000000000000][0] R[r14=000000000cddaabb] R[r 7=000000000cddaabb] inst=[1c771263] bne     a4, t2, pc + 452
C0:       1281 [1] pc=[000000008000063c] W[r 4=0000000000000002][1] R[r 4=0000000000000001] R[r 0=0000000000000000] inst=[00120213] addi    tp, tp, 1
C0:       1282 [1] pc=[0000000080000640] W[r 5=0000000000000002][1] R[r 0=0000000000000000] R[r 0=0000000000000000] inst=[00200293] li      t0, 2
C0:       1283 [1] pc=[0000000080000644] W[r 0=0000000000000000][0] R[r 4=0000000000000002] R[r 5=0000000000000002] inst=[fc5216e3] bne     tp, t0, pc - 52
C0:       1284 [1] pc=[0000000080000648] W[r 3=0000000000000011][1] R[r 0=0000000000000000] R[r 0=0000000000000000] inst=[01100193] li      gp, 17
C0:       1285 [1] pc=[000000008000064c] W[r 4=0000000000000000][1] R[r 0=0000000000000000] R[r 0=0000000000000000] inst=[00000213] li      tp, 0
C0:       1286 [1] pc=[0000000080000650] W[r 1=000000000ccde000][1] R[r 0=0000000000000000] R[r 0=0000000000000000] inst=[0ccde0b7] lui     ra, 0xccde
C0:       1287 [1] pc=[0000000080000654] W[r 1=000000000ccddaab][1] R[r 1=000000000ccde000] R[r 0=0000000000000000] inst=[aab0809b] addiw   ra, ra, -1365
C0:       1288 [1] pc=[0000000080000658] W[r 0=0000000000000000][1] R[r 0=0000000000000000] R[r 0=0000000000000000] inst=[00000013] nop
C0:       1289 [1] pc=[000000008000065c] W[r 0=0000000000000000][1] R[r 0=0000000000000000] R[r 0=0000000000000000] inst=[00000013] nop
C0:       1290 [1] pc=[0000000080000660] W[r 2=0000000080002660][1] R[r 0=0000000000000000] R[r 0=0000000000000000] inst=[00002117] auipc   sp, 0x2
C0:       1291 [1] pc=[0000000080000664] W[r 2=0000000080002000][1] R[r 2=0000000080002660] R[r 0=0000000000000000] inst=[9a010113] addi    sp, sp, -1632
C0:       1292 [1] pc=[0000000080000668] W[r 0=0000000000000000][0] R[r 2=0000000080002000] R[r 1=000000000ccddaab] inst=[02113423] sd      ra, 40(sp)
C0:       1298 [1] pc=[000000008000066c] W[r14=000000000ccddaab][1] R[r 2=0000000080002000] R[r 0=0000000000000000] inst=[02813703] ld      a4, 40(sp)
C0:       1299 [1] pc=[0000000080000670] W[r 7=000000000ccde000][1] R[r 0=0000000000000000] R[r 0=0000000000000000] inst=[0ccde3b7] lui     t2, 0xccde
C0:       1300 [1] pc=[0000000080000674] W[r 7=000000000ccddaab][1] R[r 7=000000000ccde000] R[r 0=0000000000000000] inst=[aab3839b] addiw   t2, t2, -1365
C0:       1301 [1] pc=[0000000080000678] W[r 0=0000000000000000][0] R[r14=000000000ccddaab] R[r 7=000000000ccddaab] inst=[18771263] bne     a4, t2, pc + 388
C0:       1302 [1] pc=[000000008000067c] W[r 4=0000000000000001][1] R[r 4=0000000000000000] R[r 0=0000000000000000] inst=[00120213] addi    tp, tp, 1
C0:       1324 [1] pc=[0000000080000680] W[r 5=0000000000000002][1] R[r 0=0000000000000000] R[r 0=0000000000000000] inst=[00200293] li      t0, 2
C0:       1325 [1] pc=[0000000080000684] W[r 0=0000000000000000][0] R[r 4=0000000000000001] R[r 5=0000000000000002] inst=[fc5216e3] bne     tp, t0, pc - 52
C0:       1329 [1] pc=[0000000080000650] W[r 1=000000000ccde000][1] R[r 0=0000000000000000] R[r 0=0000000000000000] inst=[0ccde0b7] lui     ra, 0xccde
C0:       1330 [1] pc=[0000000080000654] W[r 1=000000000ccddaab][1] R[r 1=000000000ccde000] R[r 0=0000000000000000] inst=[aab0809b] addiw   ra, ra, -1365
C0:       1331 [1] pc=[0000000080000658] W[r 0=0000000000000000][1] R[r 0=0000000000000000] R[r 0=0000000000000000] inst=[00000013] nop
C0:       1332 [1] pc=[000000008000065c] W[r 0=0000000000000000][1] R[r 0=0000000000000000] R[r 0=0000000000000000] inst=[00000013] nop
C0:       1333 [1] pc=[0000000080000660] W[r 2=0000000080002660][1] R[r 0=0000000000000000] R[r 0=0000000000000000] inst=[00002117] auipc   sp, 0x2
C0:       1334 [1] pc=[0000000080000664] W[r 2=0000000080002000][1] R[r 2=0000000080002660] R[r 0=0000000000000000] inst=[9a010113] addi    sp, sp, -1632
C0:       1335 [1] pc=[0000000080000668] W[r 0=0000000000000000][0] R[r 2=0000000080002000] R[r 1=000000000ccddaab] inst=[02113423] sd      ra, 40(sp)
C0:       1341 [1] pc=[000000008000066c] W[r14=000000000ccddaab][1] R[r 2=0000000080002000] R[r 0=0000000000000000] inst=[02813703] ld      a4, 40(sp)
C0:       1342 [1] pc=[0000000080000670] W[r 7=000000000ccde000][1] R[r 0=0000000000000000] R[r 0=0000000000000000] inst=[0ccde3b7] lui     t2, 0xccde
C0:       1343 [1] pc=[0000000080000674] W[r 7=000000000ccddaab][1] R[r 7=000000000ccde000] R[r 0=0000000000000000] inst=[aab3839b] addiw   t2, t2, -1365
C0:       1344 [1] pc=[0000000080000678] W[r 0=0000000000000000][0] R[r14=000000000ccddaab] R[r 7=000000000ccddaab] inst=[18771263] bne     a4, t2, pc + 388
C0:       1345 [1] pc=[000000008000067c] W[r 4=0000000000000002][1] R[r 4=0000000000000001] R[r 0=0000000000000000] inst=[00120213] addi    tp, tp, 1
C0:       1346 [1] pc=[0000000080000680] W[r 5=0000000000000002][1] R[r 0=0000000000000000] R[r 0=0000000000000000] inst=[00200293] li      t0, 2
C0:       1347 [1] pc=[0000000080000684] W[r 0=0000000000000000][0] R[r 4=0000000000000002] R[r 5=0000000000000002] inst=[fc5216e3] bne     tp, t0, pc - 52
C0:       1348 [1] pc=[0000000080000688] W[r 3=0000000000000012][1] R[r 0=0000000000000000] R[r 0=0000000000000000] inst=[01200193] li      gp, 18
C0:       1349 [1] pc=[000000008000068c] W[r 4=0000000000000000][1] R[r 0=0000000000000000] R[r 0=0000000000000000] inst=[00000213] li      tp, 0
C0:       1350 [1] pc=[0000000080000690] W[r 2=0000000080002690][1] R[r 0=0000000000000000] R[r 0=0000000000000000] inst=[00002117] auipc   sp, 0x2
C0:       1351 [1] pc=[0000000080000694] W[r 2=0000000080002000][1] R[r 2=0000000080002690] R[r 0=0000000000000000] inst=[97010113] addi    sp, sp, -1680
C0:       1352 [1] pc=[0000000080000698] W[r 1=0000000000112000][1] R[r 0=0000000000000000] R[r 0=0000000000000000] inst=[001120b7] lui     ra, 0x112
C0:       1353 [1] pc=[000000008000069c] W[r 1=0000000000112233][1] R[r 1=0000000000112000] R[r 0=0000000000000000] inst=[2330809b] addiw   ra, ra, 563
C0:       1354 [1] pc=[00000000800006a0] W[r 0=0000000000000000][0] R[r 2=0000000080002000] R[r 1=0000000000112233] inst=[00113023] sd      ra, 0(sp)
C0:       1360 [1] pc=[00000000800006a4] W[r14=0000000000112233][1] R[r 2=0000000080002000] R[r 0=0000000000000000] inst=[00013703] ld      a4, 0(sp)
C0:       1361 [1] pc=[00000000800006a8] W[r 7=0000000000112000][1] R[r 0=0000000000000000] R[r 0=0000000000000000] inst=[001123b7] lui     t2, 0x112
C0:       1362 [1] pc=[00000000800006ac] W[r 7=0000000000112233][1] R[r 7=0000000000112000] R[r 0=0000000000000000] inst=[2333839b] addiw   t2, t2, 563
C0:       1363 [1] pc=[00000000800006b0] W[r 0=0000000000000000][0] R[r14=0000000000112233] R[r 7=0000000000112233] inst=[14771663] bne     a4, t2, pc + 332
C0:       1364 [1] pc=[00000000800006b4] W[r 4=0000000000000001][1] R[r 4=0000000000000000] R[r 0=0000000000000000] inst=[00120213] addi    tp, tp, 1
C0:       1365 [1] pc=[00000000800006b8] W[r 5=0000000000000002][1] R[r 0=0000000000000000] R[r 0=0000000000000000] inst=[00200293] li      t0, 2
C0:       1366 [1] pc=[00000000800006bc] W[r 0=0000000000000000][0] R[r 4=0000000000000001] R[r 5=0000000000000002] inst=[fc521ae3] bne     tp, t0, pc - 44
C0:       1370 [1] pc=[0000000080000690] W[r 2=0000000080002690][1] R[r 0=0000000000000000] R[r 0=0000000000000000] inst=[00002117] auipc   sp, 0x2
C0:       1371 [1] pc=[0000000080000694] W[r 2=0000000080002000][1] R[r 2=0000000080002690] R[r 0=0000000000000000] inst=[97010113] addi    sp, sp, -1680
C0:       1372 [1] pc=[0000000080000698] W[r 1=0000000000112000][1] R[r 0=0000000000000000] R[r 0=0000000000000000] inst=[001120b7] lui     ra, 0x112
C0:       1373 [1] pc=[000000008000069c] W[r 1=0000000000112233][1] R[r 1=0000000000112000] R[r 0=0000000000000000] inst=[2330809b] addiw   ra, ra, 563
C0:       1374 [1] pc=[00000000800006a0] W[r 0=0000000000000000][0] R[r 2=0000000080002000] R[r 1=0000000000112233] inst=[00113023] sd      ra, 0(sp)
C0:       1380 [1] pc=[00000000800006a4] W[r14=0000000000112233][1] R[r 2=0000000080002000] R[r 0=0000000000000000] inst=[00013703] ld      a4, 0(sp)
C0:       1381 [1] pc=[00000000800006a8] W[r 7=0000000000112000][1] R[r 0=0000000000000000] R[r 0=0000000000000000] inst=[001123b7] lui     t2, 0x112
C0:       1382 [1] pc=[00000000800006ac] W[r 7=0000000000112233][1] R[r 7=0000000000112000] R[r 0=0000000000000000] inst=[2333839b] addiw   t2, t2, 563
C0:       1383 [1] pc=[00000000800006b0] W[r 0=0000000000000000][0] R[r14=0000000000112233] R[r 7=0000000000112233] inst=[14771663] bne     a4, t2, pc + 332
C0:       1384 [1] pc=[00000000800006b4] W[r 4=0000000000000002][1] R[r 4=0000000000000001] R[r 0=0000000000000000] inst=[00120213] addi    tp, tp, 1
C0:       1385 [1] pc=[00000000800006b8] W[r 5=0000000000000002][1] R[r 0=0000000000000000] R[r 0=0000000000000000] inst=[00200293] li      t0, 2
C0:       1386 [1] pc=[00000000800006bc] W[r 0=0000000000000000][0] R[r 4=0000000000000002] R[r 5=0000000000000002] inst=[fc521ae3] bne     tp, t0, pc - 44
C0:       1408 [1] pc=[00000000800006c0] W[r 3=0000000000000013][1] R[r 0=0000000000000000] R[r 0=0000000000000000] inst=[01300193] li      gp, 19
C0:       1409 [1] pc=[00000000800006c4] W[r 4=0000000000000000][1] R[r 0=0000000000000000] R[r 0=0000000000000000] inst=[00000213] li      tp, 0
C0:       1410 [1] pc=[00000000800006c8] W[r 2=00000000800026c8][1] R[r 0=0000000000000000] R[r 0=0000000000000000] inst=[00002117] auipc   sp, 0x2
C0:       1411 [1] pc=[00000000800006cc] W[r 2=0000000080002000][1] R[r 2=00000000800026c8] R[r 0=0000000000000000] inst=[93810113] addi    sp, sp, -1736
C0:       1412 [1] pc=[00000000800006d0] W[r 1=0000000030011000][1] R[r 0=0000000000000000] R[r 0=0000000000000000] inst=[300110b7] lui     ra, 0x30011
C0:       1413 [1] pc=[00000000800006d4] W[r 1=0000000030011223][1] R[r 1=0000000030011000] R[r 0=0000000000000000] inst=[2230809b] addiw   ra, ra, 547
C0:       1414 [1] pc=[00000000800006d8] W[r 0=0000000000000000][1] R[r 0=0000000000000000] R[r 0=0000000000000000] inst=[00000013] nop
C0:       1415 [1] pc=[00000000800006dc] W[r 0=0000000000000000][0] R[r 2=0000000080002000] R[r 1=0000000030011223] inst=[00113423] sd      ra, 8(sp)
C0:       1421 [1] pc=[00000000800006e0] W[r14=0000000030011223][1] R[r 2=0000000080002000] R[r 0=0000000000000000] inst=[00813703] ld      a4, 8(sp)
C0:       1422 [1] pc=[00000000800006e4] W[r 7=0000000030011000][1] R[r 0=0000000000000000] R[r 0=0000000000000000] inst=[300113b7] lui     t2, 0x30011
C0:       1423 [1] pc=[00000000800006e8] W[r 7=0000000030011223][1] R[r 7=0000000030011000] R[r 0=0000000000000000] inst=[2233839b] addiw   t2, t2, 547
C0:       1424 [1] pc=[00000000800006ec] W[r 0=0000000000000000][0] R[r14=0000000030011223] R[r 7=0000000030011223] inst=[10771863] bne     a4, t2, pc + 272
C0:       1425 [1] pc=[00000000800006f0] W[r 4=0000000000000001][1] R[r 4=0000000000000000] R[r 0=0000000000000000] inst=[00120213] addi    tp, tp, 1
C0:       1426 [1] pc=[00000000800006f4] W[r 5=0000000000000002][1] R[r 0=0000000000000000] R[r 0=0000000000000000] inst=[00200293] li      t0, 2
C0:       1427 [1] pc=[00000000800006f8] W[r 0=0000000000000000][0] R[r 4=0000000000000001] R[r 5=0000000000000002] inst=[fc5218e3] bne     tp, t0, pc - 48
C0:       1431 [1] pc=[00000000800006c8] W[r 2=00000000800026c8][1] R[r 0=0000000000000000] R[r 0=0000000000000000] inst=[00002117] auipc   sp, 0x2
C0:       1432 [1] pc=[00000000800006cc] W[r 2=0000000080002000][1] R[r 2=00000000800026c8] R[r 0=0000000000000000] inst=[93810113] addi    sp, sp, -1736
C0:       1433 [1] pc=[00000000800006d0] W[r 1=0000000030011000][1] R[r 0=0000000000000000] R[r 0=0000000000000000] inst=[300110b7] lui     ra, 0x30011
C0:       1434 [1] pc=[00000000800006d4] W[r 1=0000000030011223][1] R[r 1=0000000030011000] R[r 0=0000000000000000] inst=[2230809b] addiw   ra, ra, 547
C0:       1435 [1] pc=[00000000800006d8] W[r 0=0000000000000000][1] R[r 0=0000000000000000] R[r 0=0000000000000000] inst=[00000013] nop
C0:       1436 [1] pc=[00000000800006dc] W[r 0=0000000000000000][0] R[r 2=0000000080002000] R[r 1=0000000030011223] inst=[00113423] sd      ra, 8(sp)
C0:       1442 [1] pc=[00000000800006e0] W[r14=0000000030011223][1] R[r 2=0000000080002000] R[r 0=0000000000000000] inst=[00813703] ld      a4, 8(sp)
C0:       1443 [1] pc=[00000000800006e4] W[r 7=0000000030011000][1] R[r 0=0000000000000000] R[r 0=0000000000000000] inst=[300113b7] lui     t2, 0x30011
C0:       1444 [1] pc=[00000000800006e8] W[r 7=0000000030011223][1] R[r 7=0000000030011000] R[r 0=0000000000000000] inst=[2233839b] addiw   t2, t2, 547
C0:       1445 [1] pc=[00000000800006ec] W[r 0=0000000000000000][0] R[r14=0000000030011223] R[r 7=0000000030011223] inst=[10771863] bne     a4, t2, pc + 272
C0:       1446 [1] pc=[00000000800006f0] W[r 4=0000000000000002][1] R[r 4=0000000000000001] R[r 0=0000000000000000] inst=[00120213] addi    tp, tp, 1
C0:       1447 [1] pc=[00000000800006f4] W[r 5=0000000000000002][1] R[r 0=0000000000000000] R[r 0=0000000000000000] inst=[00200293] li      t0, 2
C0:       1448 [1] pc=[00000000800006f8] W[r 0=0000000000000000][0] R[r 4=0000000000000002] R[r 5=0000000000000002] inst=[fc5218e3] bne     tp, t0, pc - 48
C0:       1449 [1] pc=[00000000800006fc] W[r 3=0000000000000014][1] R[r 0=0000000000000000] R[r 0=0000000000000000] inst=[01400193] li      gp, 20
C0:       1471 [1] pc=[0000000080000700] W[r 4=0000000000000000][1] R[r 0=0000000000000000] R[r 0=0000000000000000] inst=[00000213] li      tp, 0
C0:       1472 [1] pc=[0000000080000704] W[r 2=0000000080002704][1] R[r 0=0000000000000000] R[r 0=0000000000000000] inst=[00002117] auipc   sp, 0x2
C0:       1473 [1] pc=[0000000080000708] W[r 2=0000000080002000][1] R[r 2=0000000080002704] R[r 0=0000000000000000] inst=[8fc10113] addi    sp, sp, -1796
C0:       1474 [1] pc=[000000008000070c] W[r 1=0000000033001000][1] R[r 0=0000000000000000] R[r 0=0000000000000000] inst=[330010b7] lui     ra, 0x33001
C0:       1475 [1] pc=[0000000080000710] W[r 1=0000000033001122][1] R[r 1=0000000033001000] R[r 0=0000000000000000] inst=[1220809b] addiw   ra, ra, 290
C0:       1476 [1] pc=[0000000080000714] W[r 0=0000000000000000][1] R[r 0=0000000000000000] R[r 0=0000000000000000] inst=[00000013] nop
C0:       1477 [1] pc=[0000000080000718] W[r 0=0000000000000000][1] R[r 0=0000000000000000] R[r 0=0000000000000000] inst=[00000013] nop
C0:       1478 [1] pc=[000000008000071c] W[r 0=0000000000000000][0] R[r 2=0000000080002000] R[r 1=0000000033001122] inst=[00113823] sd      ra, 16(sp)
C0:       1484 [1] pc=[0000000080000720] W[r14=0000000033001122][1] R[r 2=0000000080002000] R[r 0=0000000000000000] inst=[01013703] ld      a4, 16(sp)
C0:       1485 [1] pc=[0000000080000724] W[r 7=0000000033001000][1] R[r 0=0000000000000000] R[r 0=0000000000000000] inst=[330013b7] lui     t2, 0x33001
C0:       1486 [1] pc=[0000000080000728] W[r 7=0000000033001122][1] R[r 7=0000000033001000] R[r 0=0000000000000000] inst=[1223839b] addiw   t2, t2, 290
C0:       1487 [1] pc=[000000008000072c] W[r 0=0000000000000000][0] R[r14=0000000033001122] R[r 7=0000000033001122] inst=[0c771863] bne     a4, t2, pc + 208
C0:       1488 [1] pc=[0000000080000730] W[r 4=0000000000000001][1] R[r 4=0000000000000000] R[r 0=0000000000000000] inst=[00120213] addi    tp, tp, 1
C0:       1489 [1] pc=[0000000080000734] W[r 5=0000000000000002][1] R[r 0=0000000000000000] R[r 0=0000000000000000] inst=[00200293] li      t0, 2
C0:       1490 [1] pc=[0000000080000738] W[r 0=0000000000000000][0] R[r 4=0000000000000001] R[r 5=0000000000000002] inst=[fc5216e3] bne     tp, t0, pc - 52
C0:       1494 [1] pc=[0000000080000704] W[r 2=0000000080002704][1] R[r 0=0000000000000000] R[r 0=0000000000000000] inst=[00002117] auipc   sp, 0x2
C0:       1495 [1] pc=[0000000080000708] W[r 2=0000000080002000][1] R[r 2=0000000080002704] R[r 0=0000000000000000] inst=[8fc10113] addi    sp, sp, -1796
C0:       1496 [1] pc=[000000008000070c] W[r 1=0000000033001000][1] R[r 0=0000000000000000] R[r 0=0000000000000000] inst=[330010b7] lui     ra, 0x33001
C0:       1497 [1] pc=[0000000080000710] W[r 1=0000000033001122][1] R[r 1=0000000033001000] R[r 0=0000000000000000] inst=[1220809b] addiw   ra, ra, 290
C0:       1498 [1] pc=[0000000080000714] W[r 0=0000000000000000][1] R[r 0=0000000000000000] R[r 0=0000000000000000] inst=[00000013] nop
C0:       1499 [1] pc=[0000000080000718] W[r 0=0000000000000000][1] R[r 0=0000000000000000] R[r 0=0000000000000000] inst=[00000013] nop
C0:       1500 [1] pc=[000000008000071c] W[r 0=0000000000000000][0] R[r 2=0000000080002000] R[r 1=0000000033001122] inst=[00113823] sd      ra, 16(sp)
C0:       1506 [1] pc=[0000000080000720] W[r14=0000000033001122][1] R[r 2=0000000080002000] R[r 0=0000000000000000] inst=[01013703] ld      a4, 16(sp)
C0:       1507 [1] pc=[0000000080000724] W[r 7=0000000033001000][1] R[r 0=0000000000000000] R[r 0=0000000000000000] inst=[330013b7] lui     t2, 0x33001
C0:       1508 [1] pc=[0000000080000728] W[r 7=0000000033001122][1] R[r 7=0000000033001000] R[r 0=0000000000000000] inst=[1223839b] addiw   t2, t2, 290
C0:       1509 [1] pc=[000000008000072c] W[r 0=0000000000000000][0] R[r14=0000000033001122] R[r 7=0000000033001122] inst=[0c771863] bne     a4, t2, pc + 208
C0:       1510 [1] pc=[0000000080000730] W[r 4=0000000000000002][1] R[r 4=0000000000000001] R[r 0=0000000000000000] inst=[00120213] addi    tp, tp, 1
C0:       1511 [1] pc=[0000000080000734] W[r 5=0000000000000002][1] R[r 0=0000000000000000] R[r 0=0000000000000000] inst=[00200293] li      t0, 2
C0:       1512 [1] pc=[0000000080000738] W[r 0=0000000000000000][0] R[r 4=0000000000000002] R[r 5=0000000000000002] inst=[fc5216e3] bne     tp, t0, pc - 52
C0:       1513 [1] pc=[000000008000073c] W[r 3=0000000000000015][1] R[r 0=0000000000000000] R[r 0=0000000000000000] inst=[01500193] li      gp, 21
C0:       1535 [1] pc=[0000000080000740] W[r 4=0000000000000000][1] R[r 0=0000000000000000] R[r 0=0000000000000000] inst=[00000213] li      tp, 0
C0:       1536 [1] pc=[0000000080000744] W[r 2=0000000080002744][1] R[r 0=0000000000000000] R[r 0=0000000000000000] inst=[00002117] auipc   sp, 0x2
C0:       1537 [1] pc=[0000000080000748] W[r 2=0000000080002000][1] R[r 2=0000000080002744] R[r 0=0000000000000000] inst=[8bc10113] addi    sp, sp, -1860
C0:       1538 [1] pc=[000000008000074c] W[r 0=0000000000000000][1] R[r 0=0000000000000000] R[r 0=0000000000000000] inst=[00000013] nop
C0:       1539 [1] pc=[0000000080000750] W[r 1=0000000023300000][1] R[r 0=0000000000000000] R[r 0=0000000000000000] inst=[233000b7] lui     ra, 0x23300
C0:       1540 [1] pc=[0000000080000754] W[r 1=0000000023300112][1] R[r 1=0000000023300000] R[r 0=0000000000000000] inst=[1120809b] addiw   ra, ra, 274
C0:       1541 [1] pc=[0000000080000758] W[r 0=0000000000000000][0] R[r 2=0000000080002000] R[r 1=0000000023300112] inst=[00113c23] sd      ra, 24(sp)
C0:       1547 [1] pc=[000000008000075c] W[r14=0000000023300112][1] R[r 2=0000000080002000] R[r 0=0000000000000000] inst=[01813703] ld      a4, 24(sp)
C0:       1548 [1] pc=[0000000080000760] W[r 7=0000000023300000][1] R[r 0=0000000000000000] R[r 0=0000000000000000] inst=[233003b7] lui     t2, 0x23300
C0:       1549 [1] pc=[0000000080000764] W[r 7=0000000023300112][1] R[r 7=0000000023300000] R[r 0=0000000000000000] inst=[1123839b] addiw   t2, t2, 274
C0:       1550 [1] pc=[0000000080000768] W[r 0=0000000000000000][0] R[r14=0000000023300112] R[r 7=0000000023300112] inst=[08771a63] bne     a4, t2, pc + 148
C0:       1551 [1] pc=[000000008000076c] W[r 4=0000000000000001][1] R[r 4=0000000000000000] R[r 0=0000000000000000] inst=[00120213] addi    tp, tp, 1
C0:       1552 [1] pc=[0000000080000770] W[r 5=0000000000000002][1] R[r 0=0000000000000000] R[r 0=0000000000000000] inst=[00200293] li      t0, 2
C0:       1553 [1] pc=[0000000080000774] W[r 0=0000000000000000][0] R[r 4=0000000000000001] R[r 5=0000000000000002] inst=[fc5218e3] bne     tp, t0, pc - 48
C0:       1557 [1] pc=[0000000080000744] W[r 2=0000000080002744][1] R[r 0=0000000000000000] R[r 0=0000000000000000] inst=[00002117] auipc   sp, 0x2
C0:       1558 [1] pc=[0000000080000748] W[r 2=0000000080002000][1] R[r 2=0000000080002744] R[r 0=0000000000000000] inst=[8bc10113] addi    sp, sp, -1860
C0:       1559 [1] pc=[000000008000074c] W[r 0=0000000000000000][1] R[r 0=0000000000000000] R[r 0=0000000000000000] inst=[00000013] nop
C0:       1560 [1] pc=[0000000080000750] W[r 1=0000000023300000][1] R[r 0=0000000000000000] R[r 0=0000000000000000] inst=[233000b7] lui     ra, 0x23300
C0:       1561 [1] pc=[0000000080000754] W[r 1=0000000023300112][1] R[r 1=0000000023300000] R[r 0=0000000000000000] inst=[1120809b] addiw   ra, ra, 274
C0:       1562 [1] pc=[0000000080000758] W[r 0=0000000000000000][0] R[r 2=0000000080002000] R[r 1=0000000023300112] inst=[00113c23] sd      ra, 24(sp)
C0:       1568 [1] pc=[000000008000075c] W[r14=0000000023300112][1] R[r 2=0000000080002000] R[r 0=0000000000000000] inst=[01813703] ld      a4, 24(sp)
C0:       1569 [1] pc=[0000000080000760] W[r 7=0000000023300000][1] R[r 0=0000000000000000] R[r 0=0000000000000000] inst=[233003b7] lui     t2, 0x23300
C0:       1570 [1] pc=[0000000080000764] W[r 7=0000000023300112][1] R[r 7=0000000023300000] R[r 0=0000000000000000] inst=[1123839b] addiw   t2, t2, 274
C0:       1571 [1] pc=[0000000080000768] W[r 0=0000000000000000][0] R[r14=0000000023300112] R[r 7=0000000023300112] inst=[08771a63] bne     a4, t2, pc + 148
C0:       1572 [1] pc=[000000008000076c] W[r 4=0000000000000002][1] R[r 4=0000000000000001] R[r 0=0000000000000000] inst=[00120213] addi    tp, tp, 1
C0:       1573 [1] pc=[0000000080000770] W[r 5=0000000000000002][1] R[r 0=0000000000000000] R[r 0=0000000000000000] inst=[00200293] li      t0, 2
C0:       1574 [1] pc=[0000000080000774] W[r 0=0000000000000000][0] R[r 4=0000000000000002] R[r 5=0000000000000002] inst=[fc5218e3] bne     tp, t0, pc - 48
C0:       1575 [1] pc=[0000000080000778] W[r 3=0000000000000016][1] R[r 0=0000000000000000] R[r 0=0000000000000000] inst=[01600193] li      gp, 22
C0:       1576 [1] pc=[000000008000077c] W[r 4=0000000000000000][1] R[r 0=0000000000000000] R[r 0=0000000000000000] inst=[00000213] li      tp, 0
C0:       1598 [1] pc=[0000000080000780] W[r 2=0000000080002780][1] R[r 0=0000000000000000] R[r 0=0000000000000000] inst=[00002117] auipc   sp, 0x2
C0:       1599 [1] pc=[0000000080000784] W[r 2=0000000080002000][1] R[r 2=0000000080002780] R[r 0=0000000000000000] inst=[88010113] addi    sp, sp, -1920
C0:       1600 [1] pc=[0000000080000788] W[r 0=0000000000000000][1] R[r 0=0000000000000000] R[r 0=0000000000000000] inst=[00000013] nop
C0:       1601 [1] pc=[000000008000078c] W[r 1=0000000022330000][1] R[r 0=0000000000000000] R[r 0=0000000000000000] inst=[223300b7] lui     ra, 0x22330
C0:       1602 [1] pc=[0000000080000790] W[r 1=0000000022330011][1] R[r 1=0000000022330000] R[r 0=0000000000000000] inst=[0110809b] addiw   ra, ra, 17
C0:       1603 [1] pc=[0000000080000794] W[r 0=0000000000000000][1] R[r 0=0000000000000000] R[r 0=0000000000000000] inst=[00000013] nop
C0:       1604 [1] pc=[0000000080000798] W[r 0=0000000000000000][0] R[r 2=0000000080002000] R[r 1=0000000022330011] inst=[02113023] sd      ra, 32(sp)
C0:       1610 [1] pc=[000000008000079c] W[r14=0000000022330011][1] R[r 2=0000000080002000] R[r 0=0000000000000000] inst=[02013703] ld      a4, 32(sp)
C0:       1611 [1] pc=[00000000800007a0] W[r 7=0000000022330000][1] R[r 0=0000000000000000] R[r 0=0000000000000000] inst=[223303b7] lui     t2, 0x22330
C0:       1612 [1] pc=[00000000800007a4] W[r 7=0000000022330011][1] R[r 7=0000000022330000] R[r 0=0000000000000000] inst=[0113839b] addiw   t2, t2, 17
C0:       1613 [1] pc=[00000000800007a8] W[r 0=0000000000000000][0] R[r14=0000000022330011] R[r 7=0000000022330011] inst=[04771a63] bne     a4, t2, pc + 84
C0:       1614 [1] pc=[00000000800007ac] W[r 4=0000000000000001][1] R[r 4=0000000000000000] R[r 0=0000000000000000] inst=[00120213] addi    tp, tp, 1
C0:       1615 [1] pc=[00000000800007b0] W[r 5=0000000000000002][1] R[r 0=0000000000000000] R[r 0=0000000000000000] inst=[00200293] li      t0, 2
C0:       1616 [1] pc=[00000000800007b4] W[r 0=0000000000000000][0] R[r 4=0000000000000001] R[r 5=0000000000000002] inst=[fc5216e3] bne     tp, t0, pc - 52
C0:       1620 [1] pc=[0000000080000780] W[r 2=0000000080002780][1] R[r 0=0000000000000000] R[r 0=0000000000000000] inst=[00002117] auipc   sp, 0x2
C0:       1621 [1] pc=[0000000080000784] W[r 2=0000000080002000][1] R[r 2=0000000080002780] R[r 0=0000000000000000] inst=[88010113] addi    sp, sp, -1920
C0:       1622 [1] pc=[0000000080000788] W[r 0=0000000000000000][1] R[r 0=0000000000000000] R[r 0=0000000000000000] inst=[00000013] nop
C0:       1623 [1] pc=[000000008000078c] W[r 1=0000000022330000][1] R[r 0=0000000000000000] R[r 0=0000000000000000] inst=[223300b7] lui     ra, 0x22330
C0:       1624 [1] pc=[0000000080000790] W[r 1=0000000022330011][1] R[r 1=0000000022330000] R[r 0=0000000000000000] inst=[0110809b] addiw   ra, ra, 17
C0:       1625 [1] pc=[0000000080000794] W[r 0=0000000000000000][1] R[r 0=0000000000000000] R[r 0=0000000000000000] inst=[00000013] nop
C0:       1626 [1] pc=[0000000080000798] W[r 0=0000000000000000][0] R[r 2=0000000080002000] R[r 1=0000000022330011] inst=[02113023] sd      ra, 32(sp)
C0:       1632 [1] pc=[000000008000079c] W[r14=0000000022330011][1] R[r 2=0000000080002000] R[r 0=0000000000000000] inst=[02013703] ld      a4, 32(sp)
C0:       1633 [1] pc=[00000000800007a0] W[r 7=0000000022330000][1] R[r 0=0000000000000000] R[r 0=0000000000000000] inst=[223303b7] lui     t2, 0x22330
C0:       1634 [1] pc=[00000000800007a4] W[r 7=0000000022330011][1] R[r 7=0000000022330000] R[r 0=0000000000000000] inst=[0113839b] addiw   t2, t2, 17
C0:       1635 [1] pc=[00000000800007a8] W[r 0=0000000000000000][0] R[r14=0000000022330011] R[r 7=0000000022330011] inst=[04771a63] bne     a4, t2, pc + 84
C0:       1636 [1] pc=[00000000800007ac] W[r 4=0000000000000002][1] R[r 4=0000000000000001] R[r 0=0000000000000000] inst=[00120213] addi    tp, tp, 1
C0:       1637 [1] pc=[00000000800007b0] W[r 5=0000000000000002][1] R[r 0=0000000000000000] R[r 0=0000000000000000] inst=[00200293] li      t0, 2
C0:       1638 [1] pc=[00000000800007b4] W[r 0=0000000000000000][0] R[r 4=0000000000000002] R[r 5=0000000000000002] inst=[fc5216e3] bne     tp, t0, pc - 52
C0:       1639 [1] pc=[00000000800007b8] W[r 3=0000000000000017][1] R[r 0=0000000000000000] R[r 0=0000000000000000] inst=[01700193] li      gp, 23
C0:       1640 [1] pc=[00000000800007bc] W[r 4=0000000000000000][1] R[r 0=0000000000000000] R[r 0=0000000000000000] inst=[00000213] li      tp, 0
C0:       1662 [1] pc=[00000000800007c0] W[r 2=00000000800027c0][1] R[r 0=0000000000000000] R[r 0=0000000000000000] inst=[00002117] auipc   sp, 0x2
C0:       1663 [1] pc=[00000000800007c4] W[r 2=0000000080002000][1] R[r 2=00000000800027c0] R[r 0=0000000000000000] inst=[84010113] addi    sp, sp, -1984
C0:       1664 [1] pc=[00000000800007c8] W[r 0=0000000000000000][1] R[r 0=0000000000000000] R[r 0=0000000000000000] inst=[00000013] nop
C0:       1665 [1] pc=[00000000800007cc] W[r 0=0000000000000000][1] R[r 0=0000000000000000] R[r 0=0000000000000000] inst=[00000013] nop
C0:       1666 [1] pc=[00000000800007d0] W[r 1=0000000012233000][1] R[r 0=0000000000000000] R[r 0=0000000000000000] inst=[122330b7] lui     ra, 0x12233
C0:       1667 [1] pc=[00000000800007d4] W[r 1=0000000012233001][1] R[r 1=0000000012233000] R[r 0=0000000000000000] inst=[0010809b] addiw   ra, ra, 1
C0:       1668 [1] pc=[00000000800007d8] W[r 0=0000000000000000][0] R[r 2=0000000080002000] R[r 1=0000000012233001] inst=[02113423] sd      ra, 40(sp)
C0:       1674 [1] pc=[00000000800007dc] W[r14=0000000012233001][1] R[r 2=0000000080002000] R[r 0=0000000000000000] inst=[02813703] ld      a4, 40(sp)
C0:       1675 [1] pc=[00000000800007e0] W[r 7=0000000012233000][1] R[r 0=0000000000000000] R[r 0=0000000000000000] inst=[122333b7] lui     t2, 0x12233
C0:       1676 [1] pc=[00000000800007e4] W[r 7=0000000012233001][1] R[r 7=0000000012233000] R[r 0=0000000000000000] inst=[0013839b] addiw   t2, t2, 1
C0:       1677 [1] pc=[00000000800007e8] W[r 0=0000000000000000][0] R[r14=0000000012233001] R[r 7=0000000012233001] inst=[00771a63] bne     a4, t2, pc + 20
C0:       1678 [1] pc=[00000000800007ec] W[r 4=0000000000000001][1] R[r 4=0000000000000000] R[r 0=0000000000000000] inst=[00120213] addi    tp, tp, 1
C0:       1679 [1] pc=[00000000800007f0] W[r 5=0000000000000002][1] R[r 0=0000000000000000] R[r 0=0000000000000000] inst=[00200293] li      t0, 2
C0:       1680 [1] pc=[00000000800007f4] W[r 0=0000000000000000][0] R[r 4=0000000000000001] R[r 5=0000000000000002] inst=[fc5216e3] bne     tp, t0, pc - 52
C0:       1684 [1] pc=[00000000800007c0] W[r 2=00000000800027c0][1] R[r 0=0000000000000000] R[r 0=0000000000000000] inst=[00002117] auipc   sp, 0x2
C0:       1685 [1] pc=[00000000800007c4] W[r 2=0000000080002000][1] R[r 2=00000000800027c0] R[r 0=0000000000000000] inst=[84010113] addi    sp, sp, -1984
C0:       1686 [1] pc=[00000000800007c8] W[r 0=0000000000000000][1] R[r 0=0000000000000000] R[r 0=0000000000000000] inst=[00000013] nop
C0:       1687 [1] pc=[00000000800007cc] W[r 0=0000000000000000][1] R[r 0=0000000000000000] R[r 0=0000000000000000] inst=[00000013] nop
C0:       1688 [1] pc=[00000000800007d0] W[r 1=0000000012233000][1] R[r 0=0000000000000000] R[r 0=0000000000000000] inst=[122330b7] lui     ra, 0x12233
C0:       1689 [1] pc=[00000000800007d4] W[r 1=0000000012233001][1] R[r 1=0000000012233000] R[r 0=0000000000000000] inst=[0010809b] addiw   ra, ra, 1
C0:       1690 [1] pc=[00000000800007d8] W[r 0=0000000000000000][0] R[r 2=0000000080002000] R[r 1=0000000012233001] inst=[02113423] sd      ra, 40(sp)
C0:       1696 [1] pc=[00000000800007dc] W[r14=0000000012233001][1] R[r 2=0000000080002000] R[r 0=0000000000000000] inst=[02813703] ld      a4, 40(sp)
C0:       1697 [1] pc=[00000000800007e0] W[r 7=0000000012233000][1] R[r 0=0000000000000000] R[r 0=0000000000000000] inst=[122333b7] lui     t2, 0x12233
C0:       1698 [1] pc=[00000000800007e4] W[r 7=0000000012233001][1] R[r 7=0000000012233000] R[r 0=0000000000000000] inst=[0013839b] addiw   t2, t2, 1
C0:       1699 [1] pc=[00000000800007e8] W[r 0=0000000000000000][0] R[r14=0000000012233001] R[r 7=0000000012233001] inst=[00771a63] bne     a4, t2, pc + 20
C0:       1700 [1] pc=[00000000800007ec] W[r 4=0000000000000002][1] R[r 4=0000000000000001] R[r 0=0000000000000000] inst=[00120213] addi    tp, tp, 1
C0:       1701 [1] pc=[00000000800007f0] W[r 5=0000000000000002][1] R[r 0=0000000000000000] R[r 0=0000000000000000] inst=[00200293] li      t0, 2
C0:       1702 [1] pc=[00000000800007f4] W[r 0=0000000000000000][0] R[r 4=0000000000000002] R[r 5=0000000000000002] inst=[fc5216e3] bne     tp, t0, pc - 52
C0:       1703 [1] pc=[00000000800007f8] W[r 0=0000000000000000][0] R[r 0=0000000000000000] R[r 3=0000000000000017] inst=[02301063] bne     zero, gp, pc + 32
C0:       1728 [1] pc=[0000000080000818] W[r 0=0000000000000000][0] R[r 0=0000000000000000] R[r 0=0000000000000000] inst=[0ff0000f] fence   iorw,iorw
C0:       1729 [1] pc=[000000008000081c] W[r 3=0000000000000001][1] R[r 0=0000000000000000] R[r 0=0000000000000000] inst=[00100193] li      gp, 1
C0:       1730 [1] pc=[0000000080000820] W[r17=000000000000005d][1] R[r 0=0000000000000000] R[r 0=0000000000000000] inst=[05d00893] li      a7, 93
C0:       1731 [1] pc=[0000000080000824] W[r10=0000000000000000][1] R[r 0=0000000000000000] R[r 0=0000000000000000] inst=[00000513] li      a0, 0
C0:       1732 [0] pc=[0000000080000828] W[r 0=0000000000000000][0] R[r 0=0000000000000000] R[r 0=0000000000000000] inst=[00000073] ecall
C0:       1737 [1] pc=[0000000080000004] W[r30=0000000000000008][1] R[r 0=0000000000000000] R[r 0=0000000000000000] inst=[34202f73] csrr    t5, unknown_342
C0:       1738 [1] pc=[0000000080000008] W[r31=0000000000000008][1] R[r 0=0000000000000000] R[r 0=0000000000000000] inst=[00800f93] li      t6, 8
C0:       1740 [1] pc=[000000008000000c] W[r 0=0000000000000000][0] R[r30=0000000000000008] R[r31=0000000000000008] inst=[07ff0663] beq     t5, t6, pc + 108
C0:       1765 [1] pc=[0000000080000078] W[r30=0000000080001078][1] R[r 0=0000000000000000] R[r 0=0000000000000000] inst=[00001f17] auipc   t5, 0x1
C0:       1782 [1] pc=[000000008000007c] W[r 0=0000000000000000][0] R[r30=0000000080001078] R[r 3=0000000000000001] inst=[f83f2423] sw      gp, -120(t5)
C0:       1783 [1] pc=[0000000080000080] W[r 0=0000000080000084][1] R[r 0=0000000000000000] R[r 0=0000000000000000] inst=[ff9ff06f] j       pc - 0x8
C0:       1784 [1] pc=[0000000080000078] W[r30=0000000080001078][1] R[r 0=0000000000000000] R[r 0=0000000000000000] inst=[00001f17] auipc   t5, 0x1
C0:       1785 [1] pc=[000000008000007c] W[r 0=0000000000000000][0] R[r30=0000000080001078] R[r 3=0000000000000001] inst=[f83f2423] sw      gp, -120(t5)
C0:       1786 [1] pc=[0000000080000080] W[r 0=0000000080000084][1] R[r 0=0000000000000000] R[r 0=0000000000000000] inst=[ff9ff06f] j       pc - 0x8
C0:       1787 [1] pc=[0000000080000078] W[r30=0000000080001078][1] R[r 0=0000000000000000] R[r 0=0000000000000000] inst=[00001f17] auipc   t5, 0x1
C0:       1788 [1] pc=[000000008000007c] W[r 0=0000000000000000][0] R[r30=0000000080001078] R[r 3=0000000000000001] inst=[f83f2423] sw      gp, -120(t5)
C0:       1789 [1] pc=[0000000080000080] W[r 0=0000000080000084][1] R[r 0=0000000000000000] R[r 0=0000000000000000] inst=[ff9ff06f] j       pc - 0x8
C0:       1790 [1] pc=[0000000080000078] W[r30=0000000080001078][1] R[r 0=0000000000000000] R[r 0=0000000000000000] inst=[00001f17] auipc   t5, 0x1
C0:       1791 [1] pc=[000000008000007c] W[r 0=0000000000000000][0] R[r30=0000000080001078] R[r 3=0000000000000001] inst=[f83f2423] sw      gp, -120(t5)
C0:       1792 [1] pc=[0000000080000080] W[r 0=0000000080000084][1] R[r 0=0000000000000000] R[r 0=0000000000000000] inst=[ff9ff06f] j       pc - 0x8
C0:       1793 [1] pc=[0000000080000078] W[r30=0000000080001078][1] R[r 0=0000000000000000] R[r 0=0000000000000000] inst=[00001f17] auipc   t5, 0x1
C0:       1794 [1] pc=[000000008000007c] W[r 0=0000000000000000][0] R[r30=0000000080001078] R[r 3=0000000000000001] inst=[f83f2423] sw      gp, -120(t5)
C0:       1795 [1] pc=[0000000080000080] W[r 0=0000000080000084][1] R[r 0=0000000000000000] R[r 0=0000000000000000] inst=[ff9ff06f] j       pc - 0x8
C0:       1796 [1] pc=[0000000080000078] W[r30=0000000080001078][1] R[r 0=0000000000000000] R[r 0=0000000000000000] inst=[00001f17] auipc   t5, 0x1
C0:       1797 [1] pc=[000000008000007c] W[r 0=0000000000000000][0] R[r30=0000000080001078] R[r 3=0000000000000001] inst=[f83f2423] sw      gp, -120(t5)
C0:       1798 [1] pc=[0000000080000080] W[r 0=0000000080000084][1] R[r 0=0000000000000000] R[r 0=0000000000000000] inst=[ff9ff06f] j       pc - 0x8
C0:       1799 [1] pc=[0000000080000078] W[r30=0000000080001078][1] R[r 0=0000000000000000] R[r 0=0000000000000000] inst=[00001f17] auipc   t5, 0x1
C0:       1800 [1] pc=[000000008000007c] W[r 0=0000000000000000][0] R[r30=0000000080001078] R[r 3=0000000000000001] inst=[f83f2423] sw      gp, -120(t5)
C0:       1801 [1] pc=[0000000080000080] W[r 0=0000000080000084][1] R[r 0=0000000000000000] R[r 0=0000000000000000] inst=[ff9ff06f] j       pc - 0x8
C0:       1802 [1] pc=[0000000080000078] W[r30=0000000080001078][1] R[r 0=0000000000000000] R[r 0=0000000000000000] inst=[00001f17] auipc   t5, 0x1
C0:       1803 [1] pc=[000000008000007c] W[r 0=0000000000000000][0] R[r30=0000000080001078] R[r 3=0000000000000001] inst=[f83f2423] sw      gp, -120(t5)
C0:       1804 [1] pc=[0000000080000080] W[r 0=0000000080000084][1] R[r 0=0000000000000000] R[r 0=0000000000000000] inst=[ff9ff06f] j       pc - 0x8
C0:       1805 [1] pc=[0000000080000078] W[r30=0000000080001078][1] R[r 0=0000000000000000] R[r 0=0000000000000000] inst=[00001f17] auipc   t5, 0x1
C0:       1806 [1] pc=[000000008000007c] W[r 0=0000000000000000][0] R[r30=0000000080001078] R[r 3=0000000000000001] inst=[f83f2423] sw      gp, -120(t5)
C0:       1807 [1] pc=[0000000080000080] W[r 0=0000000080000084][1] R[r 0=0000000000000000] R[r 0=0000000000000000] inst=[ff9ff06f] j       pc - 0x8
C0:       1808 [1] pc=[0000000080000078] W[r30=0000000080001078][1] R[r 0=0000000000000000] R[r 0=0000000000000000] inst=[00001f17] auipc   t5, 0x1
C0:       1809 [1] pc=[000000008000007c] W[r 0=0000000000000000][0] R[r30=0000000080001078] R[r 3=0000000000000001] inst=[f83f2423] sw      gp, -120(t5)
C0:       1810 [1] pc=[0000000080000080] W[r 0=0000000080000084][1] R[r 0=0000000000000000] R[r 0=0000000000000000] inst=[ff9ff06f] j       pc - 0x8
C0:       1811 [1] pc=[0000000080000078] W[r30=0000000080001078][1] R[r 0=0000000000000000] R[r 0=0000000000000000] inst=[00001f17] auipc   t5, 0x1
C0:       1812 [1] pc=[000000008000007c] W[r 0=0000000000000000][0] R[r30=0000000080001078] R[r 3=0000000000000001] inst=[f83f2423] sw      gp, -120(t5)
C0:       1813 [1] pc=[0000000080000080] W[r 0=0000000080000084][1] R[r 0=0000000000000000] R[r 0=0000000000000000] inst=[ff9ff06f] j       pc - 0x8
C0:       1814 [1] pc=[0000000080000078] W[r30=0000000080001078][1] R[r 0=0000000000000000] R[r 0=0000000000000000] inst=[00001f17] auipc   t5, 0x1
C0:       1815 [1] pc=[000000008000007c] W[r 0=0000000000000000][0] R[r30=0000000080001078] R[r 3=0000000000000001] inst=[f83f2423] sw      gp, -120(t5)
C0:       1816 [1] pc=[0000000080000080] W[r 0=0000000080000084][1] R[r 0=0000000000000000] R[r 0=0000000000000000] inst=[ff9ff06f] j       pc - 0x8
C0:       1817 [1] pc=[0000000080000078] W[r30=0000000080001078][1] R[r 0=0000000000000000] R[r 0=0000000000000000] inst=[00001f17] auipc   t5, 0x1
C0:       1818 [1] pc=[000000008000007c] W[r 0=0000000000000000][0] R[r30=0000000080001078] R[r 3=0000000000000001] inst=[f83f2423] sw      gp, -120(t5)
C0:       1819 [1] pc=[0000000080000080] W[r 0=0000000080000084][1] R[r 0=0000000000000000] R[r 0=0000000000000000] inst=[ff9ff06f] j       pc - 0x8
C0:       1820 [1] pc=[0000000080000078] W[r30=0000000080001078][1] R[r 0=0000000000000000] R[r 0=0000000000000000] inst=[00001f17] auipc   t5, 0x1
C0:       1821 [1] pc=[000000008000007c] W[r 0=0000000000000000][0] R[r30=0000000080001078] R[r 3=0000000000000001] inst=[f83f2423] sw      gp, -120(t5)
C0:       1822 [1] pc=[0000000080000080] W[r 0=0000000080000084][1] R[r 0=0000000000000000] R[r 0=0000000000000000] inst=[ff9ff06f] j       pc - 0x8
C0:       1823 [1] pc=[0000000080000078] W[r30=0000000080001078][1] R[r 0=0000000000000000] R[r 0=0000000000000000] inst=[00001f17] auipc   t5, 0x1
C0:       1824 [1] pc=[000000008000007c] W[r 0=0000000000000000][0] R[r30=0000000080001078] R[r 3=0000000000000001] inst=[f83f2423] sw      gp, -120(t5)
C0:       1825 [1] pc=[0000000080000080] W[r 0=0000000080000084][1] R[r 0=0000000000000000] R[r 0=0000000000000000] inst=[ff9ff06f] j       pc - 0x8
C0:       1826 [1] pc=[0000000080000078] W[r30=0000000080001078][1] R[r 0=0000000000000000] R[r 0=0000000000000000] inst=[00001f17] auipc   t5, 0x1
C0:       1852 [1] pc=[000000008000007c] W[r 0=0000000000000000][0] R[r30=0000000080001078] R[r 3=0000000000000001] inst=[f83f2423] sw      gp, -120(t5)
C0:       1853 [1] pc=[0000000080000080] W[r 0=0000000080000084][1] R[r 0=0000000000000000] R[r 0=0000000000000000] inst=[ff9ff06f] j       pc - 0x8
C0:       1854 [1] pc=[0000000080000078] W[r30=0000000080001078][1] R[r 0=0000000000000000] R[r 0=0000000000000000] inst=[00001f17] auipc   t5, 0x1
C0:       1855 [1] pc=[000000008000007c] W[r 0=0000000000000000][0] R[r30=0000000080001078] R[r 3=0000000000000001] inst=[f83f2423] sw      gp, -120(t5)
C0:       1856 [1] pc=[0000000080000080] W[r 0=0000000080000084][1] R[r 0=0000000000000000] R[r 0=0000000000000000] inst=[ff9ff06f] j       pc - 0x8
C0:       1857 [1] pc=[0000000080000078] W[r30=0000000080001078][1] R[r 0=0000000000000000] R[r 0=0000000000000000] inst=[00001f17] auipc   t5, 0x1
C0:       1858 [1] pc=[000000008000007c] W[r 0=0000000000000000][0] R[r30=0000000080001078] R[r 3=0000000000000001] inst=[f83f2423] sw      gp, -120(t5)
C0:       1859 [1] pc=[0000000080000080] W[r 0=0000000080000084][1] R[r 0=0000000000000000] R[r 0=0000000000000000] inst=[ff9ff06f] j       pc - 0x8
C0:       1860 [1] pc=[0000000080000078] W[r30=0000000080001078][1] R[r 0=0000000000000000] R[r 0=0000000000000000] inst=[00001f17] auipc   t5, 0x1
C0:       1861 [1] pc=[000000008000007c] W[r 0=0000000000000000][0] R[r30=0000000080001078] R[r 3=0000000000000001] inst=[f83f2423] sw      gp, -120(t5)
C0:       1862 [1] pc=[0000000080000080] W[r 0=0000000080000084][1] R[r 0=0000000000000000] R[r 0=0000000000000000] inst=[ff9ff06f] j       pc - 0x8
C0:       1863 [1] pc=[0000000080000078] W[r30=0000000080001078][1] R[r 0=0000000000000000] R[r 0=0000000000000000] inst=[00001f17] auipc   t5, 0x1
C0:       1864 [1] pc=[000000008000007c] W[r 0=0000000000000000][0] R[r30=0000000080001078] R[r 3=0000000000000001] inst=[f83f2423] sw      gp, -120(t5)
C0:       1865 [1] pc=[0000000080000080] W[r 0=0000000080000084][1] R[r 0=0000000000000000] R[r 0=0000000000000000] inst=[ff9ff06f] j       pc - 0x8
C0:       1866 [1] pc=[0000000080000078] W[r30=0000000080001078][1] R[r 0=0000000000000000] R[r 0=0000000000000000] inst=[00001f17] auipc   t5, 0x1
C0:       1867 [1] pc=[000000008000007c] W[r 0=0000000000000000][0] R[r30=0000000080001078] R[r 3=0000000000000001] inst=[f83f2423] sw      gp, -120(t5)
C0:       1868 [1] pc=[0000000080000080] W[r 0=0000000080000084][1] R[r 0=0000000000000000] R[r 0=0000000000000000] inst=[ff9ff06f] j       pc - 0x8
C0:       1869 [1] pc=[0000000080000078] W[r30=0000000080001078][1] R[r 0=0000000000000000] R[r 0=0000000000000000] inst=[00001f17] auipc   t5, 0x1
C0:       1870 [1] pc=[000000008000007c] W[r 0=0000000000000000][0] R[r30=0000000080001078] R[r 3=0000000000000001] inst=[f83f2423] sw      gp, -120(t5)
C0:       1871 [1] pc=[0000000080000080] W[r 0=0000000080000084][1] R[r 0=0000000000000000] R[r 0=0000000000000000] inst=[ff9ff06f] j       pc - 0x8
C0:       1872 [1] pc=[0000000080000078] W[r30=0000000080001078][1] R[r 0=0000000000000000] R[r 0=0000000000000000] inst=[00001f17] auipc   t5, 0x1
C0:       1873 [1] pc=[000000008000007c] W[r 0=0000000000000000][0] R[r30=0000000080001078] R[r 3=0000000000000001] inst=[f83f2423] sw      gp, -120(t5)
C0:       1874 [1] pc=[0000000080000080] W[r 0=0000000080000084][1] R[r 0=0000000000000000] R[r 0=0000000000000000] inst=[ff9ff06f] j       pc - 0x8
C0:       1875 [1] pc=[0000000080000078] W[r30=0000000080001078][1] R[r 0=0000000000000000] R[r 0=0000000000000000] inst=[00001f17] auipc   t5, 0x1
C0:       1876 [1] pc=[000000008000007c] W[r 0=0000000000000000][0] R[r30=0000000080001078] R[r 3=0000000000000001] inst=[f83f2423] sw      gp, -120(t5)
C0:       1877 [1] pc=[0000000080000080] W[r 0=0000000080000084][1] R[r 0=0000000000000000] R[r 0=0000000000000000] inst=[ff9ff06f] j       pc - 0x8
C0:       1878 [1] pc=[0000000080000078] W[r30=0000000080001078][1] R[r 0=0000000000000000] R[r 0=0000000000000000] inst=[00001f17] auipc   t5, 0x1
C0:       1879 [1] pc=[000000008000007c] W[r 0=0000000000000000][0] R[r30=0000000080001078] R[r 3=0000000000000001] inst=[f83f2423] sw      gp, -120(t5)
C0:       1880 [1] pc=[0000000080000080] W[r 0=0000000080000084][1] R[r 0=0000000000000000] R[r 0=0000000000000000] inst=[ff9ff06f] j       pc - 0x8
C0:       1881 [1] pc=[0000000080000078] W[r30=0000000080001078][1] R[r 0=0000000000000000] R[r 0=0000000000000000] inst=[00001f17] auipc   t5, 0x1
C0:       1882 [1] pc=[000000008000007c] W[r 0=0000000000000000][0] R[r30=0000000080001078] R[r 3=0000000000000001] inst=[f83f2423] sw      gp, -120(t5)
C0:       1883 [1] pc=[0000000080000080] W[r 0=0000000080000084][1] R[r 0=0000000000000000] R[r 0=0000000000000000] inst=[ff9ff06f] j       pc - 0x8
C0:       1884 [1] pc=[0000000080000078] W[r30=0000000080001078][1] R[r 0=0000000000000000] R[r 0=0000000000000000] inst=[00001f17] auipc   t5, 0x1
*** PASSED *** Completed after 81835 cycles
