using random seed 1632263125
This emulator compiled with JTAG Remote Bitbang client. To enable, use +jtag_rbb_enable=1.
Listening on port 36663
== Loading device model file '/home/fleker/Desktop/chipyard/generators/testchipip/src/main/resources/dramsim2_ini/DDR3_micron_64M_8B_x4_sg15.ini' == 
== Loading system model file '/home/fleker/Desktop/chipyard/generators/testchipip/src/main/resources/dramsim2_ini/system.ini' == 
===== MemorySystem 0 =====
CH. 0 TOTAL_STORAGE : 4096MB | 1 Ranks | 16 Devices per rank
DRAMSim2 Clock Frequency =666666666Hz, CPU Clock Frequency=100000000Hz
C0:         19 [1] pc=[0000000000010040] W[r10=0000000000010040][1] R[r 0=0000000000000000] R[r 0=0000000000000000] inst=[00000517] auipc   a0, 0x0
C0:         20 [1] pc=[0000000000010044] W[r10=0000000000010000][1] R[r10=0000000000010040] R[r 0=0000000000000000] inst=[fc050513] addi    a0, a0, -64
C0:         21 [1] pc=[0000000000010048] W[r 0=0000000000000000][1] R[r10=0000000000010000] R[r 0=0000000000000000] inst=[30551073] csrw    unknown_305, a0
C0:         26 [1] pc=[000000000001004c] W[r 5=800000000094112d][1] R[r 0=0000000000000000] R[r 0=0000000000000000] inst=[301022f3] csrr    t0, unknown_301
C0:         29 [1] pc=[0000000000010050] W[r 5=ffffe00000000025][1] R[r 5=800000000094112d] R[r 0=0000000000000000] inst=[4122d293] srai    t0, t0, 18
C0:         30 [1] pc=[0000000000010054] W[r 5=0000000000000001][1] R[r 5=ffffe00000000025] R[r 0=0000000000000000] inst=[0012f293] andi    t0, t0, 1
C0:         31 [1] pc=[0000000000010058] W[r 0=0000000000000000][0] R[r 5=0000000000000001] R[r 0=0000000000000000] inst=[00028463] beqz    t0, pc + 8
C0:         32 [1] pc=[000000000001005c] W[r 0=0000000000000000][1] R[r 0=0000000000000000] R[r 0=0000000000000000] inst=[30301073] csrw    unknown_303, zero
C0:         37 [1] pc=[0000000000010060] W[r10=0000000000000008][1] R[r 0=0000000000000000] R[r 0=0000000000000000] inst=[00800513] li      a0, 8
C0:         38 [1] pc=[0000000000010064] W[r 0=0000000000000000][1] R[r10=0000000000000008] R[r 0=0000000000000000] inst=[30451073] csrw    unknown_304, a0
C0:         43 [1] pc=[0000000000010068] W[r 0=0000000a00001800][1] R[r10=0000000000000008] R[r 0=0000000000000000] inst=[30052073] csrs    unknown_300, a0
C0:         48 [1] pc=[000000000001006c] W[r 0=0000000000000000][0] R[r 0=0000000000000000] R[r 0=0000000000000000] inst=[10500073] wfi
C0:         51 [0] pc=[0000000000010070] W[r 0=0000000000000000][0] R[r31=0000000000000008] R[r 0=0000000000000000] inst=[ffdff06f] j       pc - 0x4
C0:         70 [1] pc=[0000000000010000] W[r11=0000000002000000][1] R[r 0=0000000000000000] R[r 0=0000000000000000] inst=[020005b7] lui     a1, 0x2000
C0:         71 [1] pc=[0000000000010004] W[r10=0000000000000000][1] R[r 0=0000000000000000] R[r 0=0000000000000000] inst=[f1402573] csrr    a0, unknown_f14
C0:         74 [1] pc=[0000000000010008] W[r 0=0000000000000000][0] R[r10=0000000000000000] R[r 0=0000000000000000] inst=[00050463] beqz    a0, pc + 8
C0:         78 [1] pc=[0000000000010010] W[r12=0000000002000004][1] R[r11=0000000002000000] R[r 0=0000000000000000] inst=[00458613] addi    a2, a1, 4
C0:         79 [1] pc=[0000000000010014] W[r13=0000000000000001][1] R[r 0=0000000000000000] R[r 0=0000000000000000] inst=[00100693] li      a3, 1
C0:         80 [1] pc=[0000000000010018] W[r 0=0000000000000000][0] R[r12=0000000002000004] R[r13=0000000000000001] inst=[00d62023] sw      a3, 0(a2)
C0:         81 [1] pc=[000000000001001c] W[r12=0000000002000008][1] R[r12=0000000002000004] R[r 0=0000000000000000] inst=[00460613] addi    a2, a2, 4
C0:         87 [1] pc=[0000000000010020] W[r13=0000000000000000][0] R[r12=0000000002000008] R[r 0=0000000000000000] inst=[ffc62683] lw      a3, -4(a2)
C0:         95 [1] pc=[0000000000010024] W[r 0=0000000000000000][0] R[r13=0000000000000000] R[r 0=0000000000000000] inst=[fe069ae3] bnez    a3, pc - 12
C0:         96 [1] pc=[0000000000010028] W[r 0=000000000001002c][1] R[r 0=0000000000000000] R[r 0=0000000000000000] inst=[05c0006f] j       pc + 0x5c
C0:        116 [1] pc=[0000000000010084] W[r 0=0000000000000000][0] R[r11=0000000002000000] R[r 0=0000000000000000] inst=[0005a023] sw      zero, 0(a1)
C0:        117 [1] pc=[0000000000010088] W[r10=0000000000004000][1] R[r 0=0000000000000000] R[r 0=0000000000000000] inst=[00004537] lui     a0, 0x4
C0:        123 [1] pc=[000000000001008c] W[r10=0000000000000000][0] R[r10=0000000000004000] R[r 0=0000000000000000] inst=[00056503] lwu     a0, 0(a0)
C0:        135 [1] pc=[0000000000010090] W[r 0=0000000000010070][1] R[r10=0000000080000000] R[r 0=0000000000000000] inst=[34151073] csrw    unknown_341, a0
C0:        136 [1] pc=[0000000000010094] W[r10=0000000000000000][1] R[r 0=0000000000000000] R[r 0=0000000000000000] inst=[f1402573] csrr    a0, unknown_f14
C0:        137 [1] pc=[0000000000010098] W[r11=0000000000010098][1] R[r 0=0000000000000000] R[r 0=0000000000000000] inst=[00000597] auipc   a1, 0x0
C0:        138 [1] pc=[000000000001009c] W[r11=00000000000100b0][1] R[r11=0000000000010098] R[r 0=0000000000000000] inst=[01858593] addi    a1, a1, 24
C0:        139 [1] pc=[00000000000100a0] W[r12=0000000000000080][1] R[r 0=0000000000000000] R[r 0=0000000000000000] inst=[08000613] li      a2, 128
C0:        140 [1] pc=[00000000000100a4] W[r 0=0000000a00001880][1] R[r12=0000000000000080] R[r 0=0000000000000000] inst=[30063073] csrc    unknown_300, a2
C0:        145 [1] pc=[00000000000100a8] W[r 0=0000000000000000][0] R[r 0=0000000000000000] R[r 0=0000000000000000] inst=[30200073] mret
C0:        166 [1] pc=[0000000080000000] W[r 0=0000000080000004][1] R[r 0=0000000000000000] R[r 0=0000000000000000] inst=[0840006f] j       pc + 0x84
C0:        189 [1] pc=[0000000080000084] W[r 1=0000000000000000][1] R[r 0=0000000000000000] R[r 0=0000000000000000] inst=[00000093] li      ra, 0
C0:        190 [1] pc=[0000000080000088] W[r 2=0000000000000000][1] R[r 0=0000000000000000] R[r 0=0000000000000000] inst=[00000113] li      sp, 0
C0:        191 [1] pc=[000000008000008c] W[r 3=0000000000000000][1] R[r 0=0000000000000000] R[r 0=0000000000000000] inst=[00000193] li      gp, 0
C0:        192 [1] pc=[0000000080000090] W[r 4=0000000000000000][1] R[r 0=0000000000000000] R[r 0=0000000000000000] inst=[00000213] li      tp, 0
C0:        193 [1] pc=[0000000080000094] W[r 5=0000000000000000][1] R[r 0=0000000000000000] R[r 0=0000000000000000] inst=[00000293] li      t0, 0
C0:        194 [1] pc=[0000000080000098] W[r 6=0000000000000000][1] R[r 0=0000000000000000] R[r 0=0000000000000000] inst=[00000313] li      t1, 0
C0:        195 [1] pc=[000000008000009c] W[r 7=0000000000000000][1] R[r 0=0000000000000000] R[r 0=0000000000000000] inst=[00000393] li      t2, 0
C0:        196 [1] pc=[00000000800000a0] W[r 8=0000000000000000][1] R[r 0=0000000000000000] R[r 0=0000000000000000] inst=[00000413] li      s0, 0
C0:        197 [1] pc=[00000000800000a4] W[r 9=0000000000000000][1] R[r 0=0000000000000000] R[r 0=0000000000000000] inst=[00000493] li      s1, 0
C0:        198 [1] pc=[00000000800000a8] W[r10=0000000000000000][1] R[r 0=0000000000000000] R[r 0=0000000000000000] inst=[00000513] li      a0, 0
C0:        199 [1] pc=[00000000800000ac] W[r11=0000000000000000][1] R[r 0=0000000000000000] R[r 0=0000000000000000] inst=[00000593] li      a1, 0
C0:        200 [1] pc=[00000000800000b0] W[r12=0000000000000000][1] R[r 0=0000000000000000] R[r 0=0000000000000000] inst=[00000613] li      a2, 0
C0:        201 [1] pc=[00000000800000b4] W[r13=0000000000000000][1] R[r 0=0000000000000000] R[r 0=0000000000000000] inst=[00000693] li      a3, 0
C0:        202 [1] pc=[00000000800000b8] W[r14=0000000000000000][1] R[r 0=0000000000000000] R[r 0=0000000000000000] inst=[00000713] li      a4, 0
C0:        203 [1] pc=[00000000800000bc] W[r15=0000000000000000][1] R[r 0=0000000000000000] R[r 0=0000000000000000] inst=[00000793] li      a5, 0
C0:        225 [1] pc=[00000000800000c0] W[r16=0000000000000000][1] R[r 0=0000000000000000] R[r 0=0000000000000000] inst=[00000813] li      a6, 0
C0:        226 [1] pc=[00000000800000c4] W[r17=0000000000000000][1] R[r 0=0000000000000000] R[r 0=0000000000000000] inst=[00000893] li      a7, 0
C0:        227 [1] pc=[00000000800000c8] W[r18=0000000000000000][1] R[r 0=0000000000000000] R[r 0=0000000000000000] inst=[00000913] li      s2, 0
C0:        228 [1] pc=[00000000800000cc] W[r19=0000000000000000][1] R[r 0=0000000000000000] R[r 0=0000000000000000] inst=[00000993] li      s3, 0
C0:        229 [1] pc=[00000000800000d0] W[r20=0000000000000000][1] R[r 0=0000000000000000] R[r 0=0000000000000000] inst=[00000a13] li      s4, 0
C0:        230 [1] pc=[00000000800000d4] W[r21=0000000000000000][1] R[r 0=0000000000000000] R[r 0=0000000000000000] inst=[00000a93] li      s5, 0
C0:        231 [1] pc=[00000000800000d8] W[r22=0000000000000000][1] R[r 0=0000000000000000] R[r 0=0000000000000000] inst=[00000b13] li      s6, 0
C0:        232 [1] pc=[00000000800000dc] W[r23=0000000000000000][1] R[r 0=0000000000000000] R[r 0=0000000000000000] inst=[00000b93] li      s7, 0
C0:        233 [1] pc=[00000000800000e0] W[r24=0000000000000000][1] R[r 0=0000000000000000] R[r 0=0000000000000000] inst=[00000c13] li      s8, 0
C0:        234 [1] pc=[00000000800000e4] W[r25=0000000000000000][1] R[r 0=0000000000000000] R[r 0=0000000000000000] inst=[00000c93] li      s9, 0
C0:        235 [1] pc=[00000000800000e8] W[r26=0000000000000000][1] R[r 0=0000000000000000] R[r 0=0000000000000000] inst=[00000d13] li      s10, 0
C0:        236 [1] pc=[00000000800000ec] W[r27=0000000000000000][1] R[r 0=0000000000000000] R[r 0=0000000000000000] inst=[00000d93] li      s11, 0
C0:        237 [1] pc=[00000000800000f0] W[r28=0000000000000000][1] R[r 0=0000000000000000] R[r 0=0000000000000000] inst=[00000e13] li      t3, 0
C0:        238 [1] pc=[00000000800000f4] W[r29=0000000000000000][1] R[r 0=0000000000000000] R[r 0=0000000000000000] inst=[00000e93] li      t4, 0
C0:        239 [1] pc=[00000000800000f8] W[r30=0000000000000000][1] R[r 0=0000000000000000] R[r 0=0000000000000000] inst=[00000f13] li      t5, 0
C0:        240 [1] pc=[00000000800000fc] W[r31=0000000000000000][1] R[r 0=0000000000000000] R[r 0=0000000000000000] inst=[00000f93] li      t6, 0
C0:        262 [1] pc=[0000000080000100] W[r10=0000000000000000][1] R[r 0=0000000000000000] R[r 0=0000000000000000] inst=[f1402573] csrr    a0, unknown_f14
C0:        265 [1] pc=[0000000080000104] W[r 0=0000000000000000][0] R[r10=0000000000000000] R[r 0=0000000000000000] inst=[00051063] bnez    a0, pc + 0
C0:        266 [1] pc=[0000000080000108] W[r 5=0000000080000108][1] R[r 0=0000000000000000] R[r 0=0000000000000000] inst=[00000297] auipc   t0, 0x0
C0:        267 [1] pc=[000000008000010c] W[r 5=0000000080000118][1] R[r 5=0000000080000108] R[r 0=0000000000000000] inst=[01028293] addi    t0, t0, 16
C0:        268 [1] pc=[0000000080000110] W[r 0=0000000000010000][1] R[r 5=0000000080000118] R[r 0=0000000000000000] inst=[30529073] csrw    unknown_305, t0
C0:        273 [1] pc=[0000000080000114] W[r 0=0000000000000000][1] R[r 0=0000000000000000] R[r 0=0000000000000000] inst=[18005073] csrwi   unknown_180, 0
C0:        278 [1] pc=[0000000080000118] W[r 5=0000000080000118][1] R[r 0=0000000000000000] R[r 0=0000000000000000] inst=[00000297] auipc   t0, 0x0
C0:        279 [1] pc=[000000008000011c] W[r 5=000000008000013c][1] R[r 5=0000000080000118] R[r 0=0000000000000000] inst=[02428293] addi    t0, t0, 36
C0:        280 [1] pc=[0000000080000120] W[r 0=0000000080000118][1] R[r 5=000000008000013c] R[r 0=0000000000000000] inst=[30529073] csrw    unknown_305, t0
C0:        285 [1] pc=[0000000080000124] W[r 5=0000000000000001][1] R[r 0=0000000000000000] R[r 0=0000000000000000] inst=[0010029b] addiw   t0, zero, 1
C0:        286 [1] pc=[0000000080000128] W[r 5=0020000000000000][1] R[r 5=0000000000000001] R[r 0=0000000000000000] inst=[03529293] slli    t0, t0, 53
C0:        287 [1] pc=[000000008000012c] W[r 5=001fffffffffffff][1] R[r 5=0020000000000000] R[r 0=0000000000000000] inst=[fff28293] addi    t0, t0, -1
C0:        288 [1] pc=[0000000080000130] W[r 0=0000000000000000][1] R[r 5=001fffffffffffff] R[r 0=0000000000000000] inst=[3b029073] csrw    unknown_3b0, t0
C0:        293 [1] pc=[0000000080000134] W[r 5=000000000000001f][1] R[r 0=0000000000000000] R[r 0=0000000000000000] inst=[01f00293] li      t0, 31
C0:        294 [1] pc=[0000000080000138] W[r 0=0000000000000000][1] R[r 5=000000000000001f] R[r 0=0000000000000000] inst=[3a029073] csrw    unknown_3a0, t0
C0:        299 [1] pc=[000000008000013c] W[r 0=0000000000000008][1] R[r 0=0000000000000000] R[r 0=0000000000000000] inst=[30405073] csrwi   unknown_304, 0
C0:        316 [1] pc=[0000000080000140] W[r 5=0000000080000140][1] R[r 0=0000000000000000] R[r 0=0000000000000000] inst=[00000297] auipc   t0, 0x0
C0:        317 [1] pc=[0000000080000144] W[r 5=0000000080000154][1] R[r 5=0000000080000140] R[r 0=0000000000000000] inst=[01428293] addi    t0, t0, 20
C0:        318 [1] pc=[0000000080000148] W[r 0=000000008000013c][1] R[r 5=0000000080000154] R[r 0=0000000000000000] inst=[30529073] csrw    unknown_305, t0
C0:        323 [1] pc=[000000008000014c] W[r 0=0000000000000000][1] R[r 0=0000000000000000] R[r 0=0000000000000000] inst=[30205073] csrwi   unknown_302, 0
C0:        328 [1] pc=[0000000080000150] W[r 0=0000000000000000][1] R[r 0=0000000000000000] R[r 0=0000000000000000] inst=[30305073] csrwi   unknown_303, 0
C0:        333 [1] pc=[0000000080000154] W[r 3=0000000000000000][1] R[r 0=0000000000000000] R[r 0=0000000000000000] inst=[00000193] li      gp, 0
C0:        334 [1] pc=[0000000080000158] W[r 5=0000000080000158][1] R[r 0=0000000000000000] R[r 0=0000000000000000] inst=[00000297] auipc   t0, 0x0
C0:        335 [1] pc=[000000008000015c] W[r 5=0000000080000004][1] R[r 5=0000000080000158] R[r 0=0000000000000000] inst=[eac28293] addi    t0, t0, -340
C0:        336 [1] pc=[0000000080000160] W[r 0=0000000080000154][1] R[r 5=0000000080000004] R[r 0=0000000000000000] inst=[30529073] csrw    unknown_305, t0
C0:        341 [1] pc=[0000000080000164] W[r10=0000000000000001][1] R[r 0=0000000000000000] R[r 0=0000000000000000] inst=[00100513] li      a0, 1
C0:        342 [1] pc=[0000000080000168] W[r10=0000000080000000][1] R[r10=0000000000000001] R[r 0=0000000000000000] inst=[01f51513] slli    a0, a0, 31
C0:        343 [1] pc=[000000008000016c] W[r 0=0000000000000000][0] R[r10=0000000080000000] R[r 0=0000000000000000] inst=[00055c63] bgez    a0, pc + 24
C0:        368 [1] pc=[0000000080000184] W[r 5=0000000000000184][1] R[r 0=0000000000000000] R[r 0=0000000000000000] inst=[80000297] auipc   t0, 0x80000
C0:        369 [1] pc=[0000000080000188] W[r 5=0000000000000000][1] R[r 5=0000000000000184] R[r 0=0000000000000000] inst=[e7c28293] addi    t0, t0, -388
C0:        370 [1] pc=[000000008000018c] W[r 0=0000000000000000][0] R[r 5=0000000000000000] R[r 0=0000000000000000] inst=[00028a63] beqz    t0, pc + 20
C0:        374 [1] pc=[00000000800001a0] W[r 0=0000000a00000080][1] R[r 0=0000000000000000] R[r 0=0000000000000000] inst=[30005073] csrwi   unknown_300, 0
C0:        379 [1] pc=[00000000800001a4] W[r 5=00000000800001a4][1] R[r 0=0000000000000000] R[r 0=0000000000000000] inst=[00000297] auipc   t0, 0x0
C0:        380 [1] pc=[00000000800001a8] W[r 5=00000000800001b8][1] R[r 5=00000000800001a4] R[r 0=0000000000000000] inst=[01428293] addi    t0, t0, 20
C0:        381 [1] pc=[00000000800001ac] W[r 0=0000000080000000][1] R[r 5=00000000800001b8] R[r 0=0000000000000000] inst=[34129073] csrw    unknown_341, t0
C0:        382 [1] pc=[00000000800001b0] W[r10=0000000000000000][1] R[r 0=0000000000000000] R[r 0=0000000000000000] inst=[f1402573] csrr    a0, unknown_f14
C0:        383 [1] pc=[00000000800001b4] W[r 0=0000000000000000][0] R[r 0=0000000000000000] R[r 0=0000000000000000] inst=[30200073] mret
C0:        388 [1] pc=[00000000800001b8] W[r 1=0000000000000000][1] R[r 0=0000000000000000] R[r 0=0000000000000000] inst=[00000093] li      ra, 0
C0:        389 [1] pc=[00000000800001bc] W[r 2=0000000000000000][1] R[r 0=0000000000000000] R[r 0=0000000000000000] inst=[00000113] li      sp, 0
C0:        411 [1] pc=[00000000800001c0] W[r14=0000000000000000][1] R[r 1=0000000000000000] R[r 2=0000000000000000] inst=[40208733] sub     a4, ra, sp
C0:        412 [1] pc=[00000000800001c4] W[r 7=0000000000000000][1] R[r 0=0000000000000000] R[r 0=0000000000000000] inst=[00000393] li      t2, 0
C0:        413 [1] pc=[00000000800001c8] W[r 3=0000000000000002][1] R[r 0=0000000000000000] R[r 0=0000000000000000] inst=[00200193] li      gp, 2
C0:        414 [1] pc=[00000000800001cc] W[r 0=0000000000000000][0] R[r14=0000000000000000] R[r 7=0000000000000000] inst=[4a771e63] bne     a4, t2, pc + 1212
C0:        415 [1] pc=[00000000800001d0] W[r 1=0000000000000001][1] R[r 0=0000000000000000] R[r 0=0000000000000000] inst=[00100093] li      ra, 1
C0:        416 [1] pc=[00000000800001d4] W[r 2=0000000000000001][1] R[r 0=0000000000000000] R[r 0=0000000000000000] inst=[00100113] li      sp, 1
C0:        417 [1] pc=[00000000800001d8] W[r14=0000000000000000][1] R[r 1=0000000000000001] R[r 2=0000000000000001] inst=[40208733] sub     a4, ra, sp
C0:        418 [1] pc=[00000000800001dc] W[r 7=0000000000000000][1] R[r 0=0000000000000000] R[r 0=0000000000000000] inst=[00000393] li      t2, 0
C0:        419 [1] pc=[00000000800001e0] W[r 3=0000000000000003][1] R[r 0=0000000000000000] R[r 0=0000000000000000] inst=[00300193] li      gp, 3
C0:        420 [1] pc=[00000000800001e4] W[r 0=0000000000000000][0] R[r14=0000000000000000] R[r 7=0000000000000000] inst=[4a771263] bne     a4, t2, pc + 1188
C0:        421 [1] pc=[00000000800001e8] W[r 1=0000000000000003][1] R[r 0=0000000000000000] R[r 0=0000000000000000] inst=[00300093] li      ra, 3
C0:        422 [1] pc=[00000000800001ec] W[r 2=0000000000000007][1] R[r 0=0000000000000000] R[r 0=0000000000000000] inst=[00700113] li      sp, 7
C0:        423 [1] pc=[00000000800001f0] W[r14=fffffffffffffffc][1] R[r 1=0000000000000003] R[r 2=0000000000000007] inst=[40208733] sub     a4, ra, sp
C0:        424 [1] pc=[00000000800001f4] W[r 7=fffffffffffffffc][1] R[r 0=0000000000000000] R[r 0=0000000000000000] inst=[ffc00393] li      t2, -4
C0:        425 [1] pc=[00000000800001f8] W[r 3=0000000000000004][1] R[r 0=0000000000000000] R[r 0=0000000000000000] inst=[00400193] li      gp, 4
C0:        426 [1] pc=[00000000800001fc] W[r 0=0000000000000000][0] R[r14=fffffffffffffffc] R[r 7=fffffffffffffffc] inst=[48771663] bne     a4, t2, pc + 1164
C0:        448 [1] pc=[0000000080000200] W[r 1=0000000000000000][1] R[r 0=0000000000000000] R[r 0=0000000000000000] inst=[00000093] li      ra, 0
C0:        449 [1] pc=[0000000080000204] W[r 2=ffffffffffff8000][1] R[r 0=0000000000000000] R[r 0=0000000000000000] inst=[ffff8137] lui     sp, 0xffff8
C0:        450 [1] pc=[0000000080000208] W[r14=0000000000008000][1] R[r 1=0000000000000000] R[r 2=ffffffffffff8000] inst=[40208733] sub     a4, ra, sp
C0:        451 [1] pc=[000000008000020c] W[r 7=0000000000008000][1] R[r 0=0000000000000000] R[r 0=0000000000000000] inst=[000083b7] lui     t2, 0x8
C0:        452 [1] pc=[0000000080000210] W[r 3=0000000000000005][1] R[r 0=0000000000000000] R[r 0=0000000000000000] inst=[00500193] li      gp, 5
C0:        453 [1] pc=[0000000080000214] W[r 0=0000000000000000][0] R[r14=0000000000008000] R[r 7=0000000000008000] inst=[46771a63] bne     a4, t2, pc + 1140
C0:        454 [1] pc=[0000000080000218] W[r 1=ffffffff80000000][1] R[r 0=0000000000000000] R[r 0=0000000000000000] inst=[800000b7] lui     ra, 0x80000
C0:        455 [1] pc=[000000008000021c] W[r 2=0000000000000000][1] R[r 0=0000000000000000] R[r 0=0000000000000000] inst=[00000113] li      sp, 0
C0:        456 [1] pc=[0000000080000220] W[r14=ffffffff80000000][1] R[r 1=ffffffff80000000] R[r 2=0000000000000000] inst=[40208733] sub     a4, ra, sp
C0:        457 [1] pc=[0000000080000224] W[r 7=ffffffff80000000][1] R[r 0=0000000000000000] R[r 0=0000000000000000] inst=[800003b7] lui     t2, 0x80000
C0:        458 [1] pc=[0000000080000228] W[r 3=0000000000000006][1] R[r 0=0000000000000000] R[r 0=0000000000000000] inst=[00600193] li      gp, 6
C0:        459 [1] pc=[000000008000022c] W[r 0=0000000000000000][0] R[r14=ffffffff80000000] R[r 7=ffffffff80000000] inst=[44771e63] bne     a4, t2, pc + 1116
C0:        460 [1] pc=[0000000080000230] W[r 1=ffffffff80000000][1] R[r 0=0000000000000000] R[r 0=0000000000000000] inst=[800000b7] lui     ra, 0x80000
C0:        461 [1] pc=[0000000080000234] W[r 2=ffffffffffff8000][1] R[r 0=0000000000000000] R[r 0=0000000000000000] inst=[ffff8137] lui     sp, 0xffff8
C0:        462 [1] pc=[0000000080000238] W[r14=ffffffff80008000][1] R[r 1=ffffffff80000000] R[r 2=ffffffffffff8000] inst=[40208733] sub     a4, ra, sp
C0:        463 [1] pc=[000000008000023c] W[r 7=ffffffff80008000][1] R[r 0=0000000000000000] R[r 0=0000000000000000] inst=[800083b7] lui     t2, 0x80008
C0:        485 [1] pc=[0000000080000240] W[r 3=0000000000000007][1] R[r 0=0000000000000000] R[r 0=0000000000000000] inst=[00700193] li      gp, 7
C0:        486 [1] pc=[0000000080000244] W[r 0=0000000000000000][0] R[r14=ffffffff80008000] R[r 7=ffffffff80008000] inst=[44771263] bne     a4, t2, pc + 1092
C0:        487 [1] pc=[0000000080000248] W[r 1=0000000000000000][1] R[r 0=0000000000000000] R[r 0=0000000000000000] inst=[00000093] li      ra, 0
C0:        488 [1] pc=[000000008000024c] W[r 2=0000000000008000][1] R[r 0=0000000000000000] R[r 0=0000000000000000] inst=[00008137] lui     sp, 0x8
C0:        489 [1] pc=[0000000080000250] W[r 2=0000000000007fff][1] R[r 2=0000000000008000] R[r 0=0000000000000000] inst=[fff1011b] addiw   sp, sp, -1
C0:        490 [1] pc=[0000000080000254] W[r14=ffffffffffff8001][1] R[r 1=0000000000000000] R[r 2=0000000000007fff] inst=[40208733] sub     a4, ra, sp
C0:        491 [1] pc=[0000000080000258] W[r 7=ffffffffffff8000][1] R[r 0=0000000000000000] R[r 0=0000000000000000] inst=[ffff83b7] lui     t2, 0xffff8
C0:        492 [1] pc=[000000008000025c] W[r 7=ffffffffffff8001][1] R[r 7=ffffffffffff8000] R[r 0=0000000000000000] inst=[0013839b] addiw   t2, t2, 1
C0:        493 [1] pc=[0000000080000260] W[r 3=0000000000000008][1] R[r 0=0000000000000000] R[r 0=0000000000000000] inst=[00800193] li      gp, 8
C0:        494 [1] pc=[0000000080000264] W[r 0=0000000000000000][0] R[r14=ffffffffffff8001] R[r 7=ffffffffffff8001] inst=[42771263] bne     a4, t2, pc + 1060
C0:        495 [1] pc=[0000000080000268] W[r 1=ffffffff80000000][1] R[r 0=0000000000000000] R[r 0=0000000000000000] inst=[800000b7] lui     ra, 0x80000
C0:        496 [1] pc=[000000008000026c] W[r 1=000000007fffffff][1] R[r 1=ffffffff80000000] R[r 0=0000000000000000] inst=[fff0809b] addiw   ra, ra, -1
C0:        497 [1] pc=[0000000080000270] W[r 2=0000000000000000][1] R[r 0=0000000000000000] R[r 0=0000000000000000] inst=[00000113] li      sp, 0
C0:        498 [1] pc=[0000000080000274] W[r14=000000007fffffff][1] R[r 1=000000007fffffff] R[r 2=0000000000000000] inst=[40208733] sub     a4, ra, sp
C0:        499 [1] pc=[0000000080000278] W[r 7=ffffffff80000000][1] R[r 0=0000000000000000] R[r 0=0000000000000000] inst=[800003b7] lui     t2, 0x80000
C0:        500 [1] pc=[000000008000027c] W[r 7=000000007fffffff][1] R[r 7=ffffffff80000000] R[r 0=0000000000000000] inst=[fff3839b] addiw   t2, t2, -1
C0:        522 [1] pc=[0000000080000280] W[r 3=0000000000000009][1] R[r 0=0000000000000000] R[r 0=0000000000000000] inst=[00900193] li      gp, 9
C0:        523 [1] pc=[0000000080000284] W[r 0=0000000000000000][0] R[r14=000000007fffffff] R[r 7=000000007fffffff] inst=[40771263] bne     a4, t2, pc + 1028
C0:        524 [1] pc=[0000000080000288] W[r 1=ffffffff80000000][1] R[r 0=0000000000000000] R[r 0=0000000000000000] inst=[800000b7] lui     ra, 0x80000
C0:        525 [1] pc=[000000008000028c] W[r 1=000000007fffffff][1] R[r 1=ffffffff80000000] R[r 0=0000000000000000] inst=[fff0809b] addiw   ra, ra, -1
C0:        526 [1] pc=[0000000080000290] W[r 2=0000000000008000][1] R[r 0=0000000000000000] R[r 0=0000000000000000] inst=[00008137] lui     sp, 0x8
C0:        527 [1] pc=[0000000080000294] W[r 2=0000000000007fff][1] R[r 2=0000000000008000] R[r 0=0000000000000000] inst=[fff1011b] addiw   sp, sp, -1
C0:        528 [1] pc=[0000000080000298] W[r14=000000007fff8000][1] R[r 1=000000007fffffff] R[r 2=0000000000007fff] inst=[40208733] sub     a4, ra, sp
C0:        529 [1] pc=[000000008000029c] W[r 7=000000007fff8000][1] R[r 0=0000000000000000] R[r 0=0000000000000000] inst=[7fff83b7] lui     t2, 0x7fff8
C0:        530 [1] pc=[00000000800002a0] W[r 3=000000000000000a][1] R[r 0=0000000000000000] R[r 0=0000000000000000] inst=[00a00193] li      gp, 10
C0:        531 [1] pc=[00000000800002a4] W[r 0=0000000000000000][0] R[r14=000000007fff8000] R[r 7=000000007fff8000] inst=[3e771263] bne     a4, t2, pc + 996
C0:        532 [1] pc=[00000000800002a8] W[r 1=ffffffff80000000][1] R[r 0=0000000000000000] R[r 0=0000000000000000] inst=[800000b7] lui     ra, 0x80000
C0:        533 [1] pc=[00000000800002ac] W[r 2=0000000000008000][1] R[r 0=0000000000000000] R[r 0=0000000000000000] inst=[00008137] lui     sp, 0x8
C0:        534 [1] pc=[00000000800002b0] W[r 2=0000000000007fff][1] R[r 2=0000000000008000] R[r 0=0000000000000000] inst=[fff1011b] addiw   sp, sp, -1
C0:        535 [1] pc=[00000000800002b4] W[r14=ffffffff7fff8001][1] R[r 1=ffffffff80000000] R[r 2=0000000000007fff] inst=[40208733] sub     a4, ra, sp
C0:        536 [1] pc=[00000000800002b8] W[r 7=ffffffffffff0000][1] R[r 0=0000000000000000] R[r 0=0000000000000000] inst=[ffff03b7] lui     t2, 0xffff0
C0:        537 [1] pc=[00000000800002bc] W[r 7=fffffffffffeffff][1] R[r 7=ffffffffffff0000] R[r 0=0000000000000000] inst=[fff3839b] addiw   t2, t2, -1
C0:        559 [1] pc=[00000000800002c0] W[r 7=ffffffff7fff8000][1] R[r 7=fffffffffffeffff] R[r 0=0000000000000000] inst=[00f39393] slli    t2, t2, 15
C0:        560 [1] pc=[00000000800002c4] W[r 7=ffffffff7fff8001][1] R[r 7=ffffffff7fff8000] R[r 0=0000000000000000] inst=[00138393] addi    t2, t2, 1
C0:        561 [1] pc=[00000000800002c8] W[r 3=000000000000000b][1] R[r 0=0000000000000000] R[r 0=0000000000000000] inst=[00b00193] li      gp, 11
C0:        562 [1] pc=[00000000800002cc] W[r 0=0000000000000000][0] R[r14=ffffffff7fff8001] R[r 7=ffffffff7fff8001] inst=[3a771e63] bne     a4, t2, pc + 956
C0:        563 [1] pc=[00000000800002d0] W[r 1=ffffffff80000000][1] R[r 0=0000000000000000] R[r 0=0000000000000000] inst=[800000b7] lui     ra, 0x80000
C0:        564 [1] pc=[00000000800002d4] W[r 1=000000007fffffff][1] R[r 1=ffffffff80000000] R[r 0=0000000000000000] inst=[fff0809b] addiw   ra, ra, -1
C0:        565 [1] pc=[00000000800002d8] W[r 2=ffffffffffff8000][1] R[r 0=0000000000000000] R[r 0=0000000000000000] inst=[ffff8137] lui     sp, 0xffff8
C0:        566 [1] pc=[00000000800002dc] W[r14=0000000080007fff][1] R[r 1=000000007fffffff] R[r 2=ffffffffffff8000] inst=[40208733] sub     a4, ra, sp
C0:        567 [1] pc=[00000000800002e0] W[r 7=0000000000010000][1] R[r 0=0000000000000000] R[r 0=0000000000000000] inst=[000103b7] lui     t2, 0x10
C0:        568 [1] pc=[00000000800002e4] W[r 7=0000000000010001][1] R[r 7=0000000000010000] R[r 0=0000000000000000] inst=[0013839b] addiw   t2, t2, 1
C0:        569 [1] pc=[00000000800002e8] W[r 7=0000000080008000][1] R[r 7=0000000000010001] R[r 0=0000000000000000] inst=[00f39393] slli    t2, t2, 15
C0:        570 [1] pc=[00000000800002ec] W[r 7=0000000080007fff][1] R[r 7=0000000080008000] R[r 0=0000000000000000] inst=[fff38393] addi    t2, t2, -1
C0:        571 [1] pc=[00000000800002f0] W[r 3=000000000000000c][1] R[r 0=0000000000000000] R[r 0=0000000000000000] inst=[00c00193] li      gp, 12
C0:        572 [1] pc=[00000000800002f4] W[r 0=0000000000000000][0] R[r14=0000000080007fff] R[r 7=0000000080007fff] inst=[38771a63] bne     a4, t2, pc + 916
C0:        573 [1] pc=[00000000800002f8] W[r 1=0000000000000000][1] R[r 0=0000000000000000] R[r 0=0000000000000000] inst=[00000093] li      ra, 0
C0:        574 [1] pc=[00000000800002fc] W[r 2=ffffffffffffffff][1] R[r 0=0000000000000000] R[r 0=0000000000000000] inst=[fff00113] li      sp, -1
C0:        596 [1] pc=[0000000080000300] W[r14=0000000000000001][1] R[r 1=0000000000000000] R[r 2=ffffffffffffffff] inst=[40208733] sub     a4, ra, sp
C0:        597 [1] pc=[0000000080000304] W[r 7=0000000000000001][1] R[r 0=0000000000000000] R[r 0=0000000000000000] inst=[00100393] li      t2, 1
C0:        598 [1] pc=[0000000080000308] W[r 3=000000000000000d][1] R[r 0=0000000000000000] R[r 0=0000000000000000] inst=[00d00193] li      gp, 13
C0:        599 [1] pc=[000000008000030c] W[r 0=0000000000000000][0] R[r14=0000000000000001] R[r 7=0000000000000001] inst=[36771e63] bne     a4, t2, pc + 892
C0:        600 [1] pc=[0000000080000310] W[r 1=ffffffffffffffff][1] R[r 0=0000000000000000] R[r 0=0000000000000000] inst=[fff00093] li      ra, -1
C0:        601 [1] pc=[0000000080000314] W[r 2=0000000000000001][1] R[r 0=0000000000000000] R[r 0=0000000000000000] inst=[00100113] li      sp, 1
C0:        602 [1] pc=[0000000080000318] W[r14=fffffffffffffffe][1] R[r 1=ffffffffffffffff] R[r 2=0000000000000001] inst=[40208733] sub     a4, ra, sp
C0:        603 [1] pc=[000000008000031c] W[r 7=fffffffffffffffe][1] R[r 0=0000000000000000] R[r 0=0000000000000000] inst=[ffe00393] li      t2, -2
C0:        604 [1] pc=[0000000080000320] W[r 3=000000000000000e][1] R[r 0=0000000000000000] R[r 0=0000000000000000] inst=[00e00193] li      gp, 14
C0:        605 [1] pc=[0000000080000324] W[r 0=0000000000000000][0] R[r14=fffffffffffffffe] R[r 7=fffffffffffffffe] inst=[36771263] bne     a4, t2, pc + 868
C0:        606 [1] pc=[0000000080000328] W[r 1=ffffffffffffffff][1] R[r 0=0000000000000000] R[r 0=0000000000000000] inst=[fff00093] li      ra, -1
C0:        607 [1] pc=[000000008000032c] W[r 2=ffffffffffffffff][1] R[r 0=0000000000000000] R[r 0=0000000000000000] inst=[fff00113] li      sp, -1
C0:        608 [1] pc=[0000000080000330] W[r14=0000000000000000][1] R[r 1=ffffffffffffffff] R[r 2=ffffffffffffffff] inst=[40208733] sub     a4, ra, sp
C0:        609 [1] pc=[0000000080000334] W[r 7=0000000000000000][1] R[r 0=0000000000000000] R[r 0=0000000000000000] inst=[00000393] li      t2, 0
C0:        610 [1] pc=[0000000080000338] W[r 3=000000000000000f][1] R[r 0=0000000000000000] R[r 0=0000000000000000] inst=[00f00193] li      gp, 15
C0:        611 [1] pc=[000000008000033c] W[r 0=0000000000000000][0] R[r14=0000000000000000] R[r 7=0000000000000000] inst=[34771663] bne     a4, t2, pc + 844
C0:        633 [1] pc=[0000000080000340] W[r 1=000000000000000d][1] R[r 0=0000000000000000] R[r 0=0000000000000000] inst=[00d00093] li      ra, 13
C0:        634 [1] pc=[0000000080000344] W[r 2=000000000000000b][1] R[r 0=0000000000000000] R[r 0=0000000000000000] inst=[00b00113] li      sp, 11
C0:        635 [1] pc=[0000000080000348] W[r 1=0000000000000002][1] R[r 1=000000000000000d] R[r 2=000000000000000b] inst=[402080b3] sub     ra, ra, sp
C0:        636 [1] pc=[000000008000034c] W[r 7=0000000000000002][1] R[r 0=0000000000000000] R[r 0=0000000000000000] inst=[00200393] li      t2, 2
C0:        637 [1] pc=[0000000080000350] W[r 3=0000000000000010][1] R[r 0=0000000000000000] R[r 0=0000000000000000] inst=[01000193] li      gp, 16
C0:        638 [1] pc=[0000000080000354] W[r 0=0000000000000000][0] R[r 1=0000000000000002] R[r 7=0000000000000002] inst=[32709a63] bne     ra, t2, pc + 820
C0:        639 [1] pc=[0000000080000358] W[r 1=000000000000000e][1] R[r 0=0000000000000000] R[r 0=0000000000000000] inst=[00e00093] li      ra, 14
C0:        640 [1] pc=[000000008000035c] W[r 2=000000000000000b][1] R[r 0=0000000000000000] R[r 0=0000000000000000] inst=[00b00113] li      sp, 11
C0:        641 [1] pc=[0000000080000360] W[r 2=0000000000000003][1] R[r 1=000000000000000e] R[r 2=000000000000000b] inst=[40208133] sub     sp, ra, sp
C0:        642 [1] pc=[0000000080000364] W[r 7=0000000000000003][1] R[r 0=0000000000000000] R[r 0=0000000000000000] inst=[00300393] li      t2, 3
C0:        643 [1] pc=[0000000080000368] W[r 3=0000000000000011][1] R[r 0=0000000000000000] R[r 0=0000000000000000] inst=[01100193] li      gp, 17
C0:        644 [1] pc=[000000008000036c] W[r 0=0000000000000000][0] R[r 2=0000000000000003] R[r 7=0000000000000003] inst=[30711e63] bne     sp, t2, pc + 796
C0:        645 [1] pc=[0000000080000370] W[r 1=000000000000000d][1] R[r 0=0000000000000000] R[r 0=0000000000000000] inst=[00d00093] li      ra, 13
C0:        646 [1] pc=[0000000080000374] W[r 1=0000000000000000][1] R[r 1=000000000000000d] R[r 1=000000000000000d] inst=[401080b3] sub     ra, ra, ra
C0:        647 [1] pc=[0000000080000378] W[r 7=0000000000000000][1] R[r 0=0000000000000000] R[r 0=0000000000000000] inst=[00000393] li      t2, 0
C0:        648 [1] pc=[000000008000037c] W[r 3=0000000000000012][1] R[r 0=0000000000000000] R[r 0=0000000000000000] inst=[01200193] li      gp, 18
C0:        670 [1] pc=[0000000080000380] W[r 0=0000000000000000][0] R[r 1=0000000000000000] R[r 7=0000000000000000] inst=[30709463] bne     ra, t2, pc + 776
C0:        671 [1] pc=[0000000080000384] W[r 4=0000000000000000][1] R[r 0=0000000000000000] R[r 0=0000000000000000] inst=[00000213] li      tp, 0
C0:        672 [1] pc=[0000000080000388] W[r 1=000000000000000d][1] R[r 0=0000000000000000] R[r 0=0000000000000000] inst=[00d00093] li      ra, 13
C0:        673 [1] pc=[000000008000038c] W[r 2=000000000000000b][1] R[r 0=0000000000000000] R[r 0=0000000000000000] inst=[00b00113] li      sp, 11
C0:        674 [1] pc=[0000000080000390] W[r14=0000000000000002][1] R[r 1=000000000000000d] R[r 2=000000000000000b] inst=[40208733] sub     a4, ra, sp
C0:        675 [1] pc=[0000000080000394] W[r 6=0000000000000002][1] R[r14=0000000000000002] R[r 0=0000000000000000] inst=[00070313] mv      t1, a4
C0:        676 [1] pc=[0000000080000398] W[r 4=0000000000000001][1] R[r 4=0000000000000000] R[r 0=0000000000000000] inst=[00120213] addi    tp, tp, 1
C0:        677 [1] pc=[000000008000039c] W[r 5=0000000000000002][1] R[r 0=0000000000000000] R[r 0=0000000000000000] inst=[00200293] li      t0, 2
C0:        678 [1] pc=[00000000800003a0] W[r 0=0000000000000000][0] R[r 4=0000000000000001] R[r 5=0000000000000002] inst=[fe5214e3] bne     tp, t0, pc - 24
C0:        682 [1] pc=[0000000080000388] W[r 1=000000000000000d][1] R[r 0=0000000000000000] R[r 0=0000000000000000] inst=[00d00093] li      ra, 13
C0:        683 [1] pc=[000000008000038c] W[r 2=000000000000000b][1] R[r 0=0000000000000000] R[r 0=0000000000000000] inst=[00b00113] li      sp, 11
C0:        684 [1] pc=[0000000080000390] W[r14=0000000000000002][1] R[r 1=000000000000000d] R[r 2=000000000000000b] inst=[40208733] sub     a4, ra, sp
C0:        685 [1] pc=[0000000080000394] W[r 6=0000000000000002][1] R[r14=0000000000000002] R[r 0=0000000000000000] inst=[00070313] mv      t1, a4
C0:        686 [1] pc=[0000000080000398] W[r 4=0000000000000002][1] R[r 4=0000000000000001] R[r 0=0000000000000000] inst=[00120213] addi    tp, tp, 1
C0:        687 [1] pc=[000000008000039c] W[r 5=0000000000000002][1] R[r 0=0000000000000000] R[r 0=0000000000000000] inst=[00200293] li      t0, 2
C0:        688 [1] pc=[00000000800003a0] W[r 0=0000000000000000][0] R[r 4=0000000000000002] R[r 5=0000000000000002] inst=[fe5214e3] bne     tp, t0, pc - 24
C0:        689 [1] pc=[00000000800003a4] W[r 7=0000000000000002][1] R[r 0=0000000000000000] R[r 0=0000000000000000] inst=[00200393] li      t2, 2
C0:        690 [1] pc=[00000000800003a8] W[r 3=0000000000000013][1] R[r 0=0000000000000000] R[r 0=0000000000000000] inst=[01300193] li      gp, 19
C0:        691 [1] pc=[00000000800003ac] W[r 0=0000000000000000][0] R[r 6=0000000000000002] R[r 7=0000000000000002] inst=[2c731e63] bne     t1, t2, pc + 732
C0:        692 [1] pc=[00000000800003b0] W[r 4=0000000000000000][1] R[r 0=0000000000000000] R[r 0=0000000000000000] inst=[00000213] li      tp, 0
C0:        693 [1] pc=[00000000800003b4] W[r 1=000000000000000e][1] R[r 0=0000000000000000] R[r 0=0000000000000000] inst=[00e00093] li      ra, 14
C0:        694 [1] pc=[00000000800003b8] W[r 2=000000000000000b][1] R[r 0=0000000000000000] R[r 0=0000000000000000] inst=[00b00113] li      sp, 11
C0:        695 [1] pc=[00000000800003bc] W[r14=0000000000000003][1] R[r 1=000000000000000e] R[r 2=000000000000000b] inst=[40208733] sub     a4, ra, sp
C0:        717 [1] pc=[00000000800003c0] W[r 0=0000000000000000][1] R[r 0=0000000000000000] R[r 0=0000000000000000] inst=[00000013] nop
C0:        718 [1] pc=[00000000800003c4] W[r 6=0000000000000003][1] R[r14=0000000000000003] R[r 0=0000000000000000] inst=[00070313] mv      t1, a4
C0:        719 [1] pc=[00000000800003c8] W[r 4=0000000000000001][1] R[r 4=0000000000000000] R[r 0=0000000000000000] inst=[00120213] addi    tp, tp, 1
C0:        720 [1] pc=[00000000800003cc] W[r 5=0000000000000002][1] R[r 0=0000000000000000] R[r 0=0000000000000000] inst=[00200293] li      t0, 2
C0:        721 [1] pc=[00000000800003d0] W[r 0=0000000000000000][0] R[r 4=0000000000000001] R[r 5=0000000000000002] inst=[fe5212e3] bne     tp, t0, pc - 28
C0:        725 [1] pc=[00000000800003b4] W[r 1=000000000000000e][1] R[r 0=0000000000000000] R[r 0=0000000000000000] inst=[00e00093] li      ra, 14
C0:        726 [1] pc=[00000000800003b8] W[r 2=000000000000000b][1] R[r 0=0000000000000000] R[r 0=0000000000000000] inst=[00b00113] li      sp, 11
C0:        727 [1] pc=[00000000800003bc] W[r14=0000000000000003][1] R[r 1=000000000000000e] R[r 2=000000000000000b] inst=[40208733] sub     a4, ra, sp
C0:        728 [1] pc=[00000000800003c0] W[r 0=0000000000000000][1] R[r 0=0000000000000000] R[r 0=0000000000000000] inst=[00000013] nop
C0:        729 [1] pc=[00000000800003c4] W[r 6=0000000000000003][1] R[r14=0000000000000003] R[r 0=0000000000000000] inst=[00070313] mv      t1, a4
C0:        730 [1] pc=[00000000800003c8] W[r 4=0000000000000002][1] R[r 4=0000000000000001] R[r 0=0000000000000000] inst=[00120213] addi    tp, tp, 1
C0:        731 [1] pc=[00000000800003cc] W[r 5=0000000000000002][1] R[r 0=0000000000000000] R[r 0=0000000000000000] inst=[00200293] li      t0, 2
C0:        732 [1] pc=[00000000800003d0] W[r 0=0000000000000000][0] R[r 4=0000000000000002] R[r 5=0000000000000002] inst=[fe5212e3] bne     tp, t0, pc - 28
C0:        733 [1] pc=[00000000800003d4] W[r 7=0000000000000003][1] R[r 0=0000000000000000] R[r 0=0000000000000000] inst=[00300393] li      t2, 3
C0:        734 [1] pc=[00000000800003d8] W[r 3=0000000000000014][1] R[r 0=0000000000000000] R[r 0=0000000000000000] inst=[01400193] li      gp, 20
C0:        735 [1] pc=[00000000800003dc] W[r 0=0000000000000000][0] R[r 6=0000000000000003] R[r 7=0000000000000003] inst=[2a731663] bne     t1, t2, pc + 684
C0:        736 [1] pc=[00000000800003e0] W[r 4=0000000000000000][1] R[r 0=0000000000000000] R[r 0=0000000000000000] inst=[00000213] li      tp, 0
C0:        737 [1] pc=[00000000800003e4] W[r 1=000000000000000f][1] R[r 0=0000000000000000] R[r 0=0000000000000000] inst=[00f00093] li      ra, 15
C0:        738 [1] pc=[00000000800003e8] W[r 2=000000000000000b][1] R[r 0=0000000000000000] R[r 0=0000000000000000] inst=[00b00113] li      sp, 11
C0:        739 [1] pc=[00000000800003ec] W[r14=0000000000000004][1] R[r 1=000000000000000f] R[r 2=000000000000000b] inst=[40208733] sub     a4, ra, sp
C0:        740 [1] pc=[00000000800003f0] W[r 0=0000000000000000][1] R[r 0=0000000000000000] R[r 0=0000000000000000] inst=[00000013] nop
C0:        741 [1] pc=[00000000800003f4] W[r 0=0000000000000000][1] R[r 0=0000000000000000] R[r 0=0000000000000000] inst=[00000013] nop
C0:        742 [1] pc=[00000000800003f8] W[r 6=0000000000000004][1] R[r14=0000000000000004] R[r 0=0000000000000000] inst=[00070313] mv      t1, a4
C0:        743 [1] pc=[00000000800003fc] W[r 4=0000000000000001][1] R[r 4=0000000000000000] R[r 0=0000000000000000] inst=[00120213] addi    tp, tp, 1
C0:        765 [1] pc=[0000000080000400] W[r 5=0000000000000002][1] R[r 0=0000000000000000] R[r 0=0000000000000000] inst=[00200293] li      t0, 2
C0:        766 [1] pc=[0000000080000404] W[r 0=0000000000000000][0] R[r 4=0000000000000001] R[r 5=0000000000000002] inst=[fe5210e3] bne     tp, t0, pc - 32
C0:        770 [1] pc=[00000000800003e4] W[r 1=000000000000000f][1] R[r 0=0000000000000000] R[r 0=0000000000000000] inst=[00f00093] li      ra, 15
C0:        771 [1] pc=[00000000800003e8] W[r 2=000000000000000b][1] R[r 0=0000000000000000] R[r 0=0000000000000000] inst=[00b00113] li      sp, 11
C0:        772 [1] pc=[00000000800003ec] W[r14=0000000000000004][1] R[r 1=000000000000000f] R[r 2=000000000000000b] inst=[40208733] sub     a4, ra, sp
C0:        773 [1] pc=[00000000800003f0] W[r 0=0000000000000000][1] R[r 0=0000000000000000] R[r 0=0000000000000000] inst=[00000013] nop
C0:        774 [1] pc=[00000000800003f4] W[r 0=0000000000000000][1] R[r 0=0000000000000000] R[r 0=0000000000000000] inst=[00000013] nop
C0:        775 [1] pc=[00000000800003f8] W[r 6=0000000000000004][1] R[r14=0000000000000004] R[r 0=0000000000000000] inst=[00070313] mv      t1, a4
C0:        776 [1] pc=[00000000800003fc] W[r 4=0000000000000002][1] R[r 4=0000000000000001] R[r 0=0000000000000000] inst=[00120213] addi    tp, tp, 1
C0:        777 [1] pc=[0000000080000400] W[r 5=0000000000000002][1] R[r 0=0000000000000000] R[r 0=0000000000000000] inst=[00200293] li      t0, 2
C0:        778 [1] pc=[0000000080000404] W[r 0=0000000000000000][0] R[r 4=0000000000000002] R[r 5=0000000000000002] inst=[fe5210e3] bne     tp, t0, pc - 32
C0:        782 [1] pc=[0000000080000408] W[r 7=0000000000000004][1] R[r 0=0000000000000000] R[r 0=0000000000000000] inst=[00400393] li      t2, 4
C0:        783 [1] pc=[000000008000040c] W[r 3=0000000000000015][1] R[r 0=0000000000000000] R[r 0=0000000000000000] inst=[01500193] li      gp, 21
C0:        784 [1] pc=[0000000080000410] W[r 0=0000000000000000][0] R[r 6=0000000000000004] R[r 7=0000000000000004] inst=[26731c63] bne     t1, t2, pc + 632
C0:        785 [1] pc=[0000000080000414] W[r 4=0000000000000000][1] R[r 0=0000000000000000] R[r 0=0000000000000000] inst=[00000213] li      tp, 0
C0:        786 [1] pc=[0000000080000418] W[r 1=000000000000000d][1] R[r 0=0000000000000000] R[r 0=0000000000000000] inst=[00d00093] li      ra, 13
C0:        787 [1] pc=[000000008000041c] W[r 2=000000000000000b][1] R[r 0=0000000000000000] R[r 0=0000000000000000] inst=[00b00113] li      sp, 11
C0:        788 [1] pc=[0000000080000420] W[r14=0000000000000002][1] R[r 1=000000000000000d] R[r 2=000000000000000b] inst=[40208733] sub     a4, ra, sp
C0:        789 [1] pc=[0000000080000424] W[r 4=0000000000000001][1] R[r 4=0000000000000000] R[r 0=0000000000000000] inst=[00120213] addi    tp, tp, 1
C0:        790 [1] pc=[0000000080000428] W[r 5=0000000000000002][1] R[r 0=0000000000000000] R[r 0=0000000000000000] inst=[00200293] li      t0, 2
C0:        791 [1] pc=[000000008000042c] W[r 0=0000000000000000][0] R[r 4=0000000000000001] R[r 5=0000000000000002] inst=[fe5216e3] bne     tp, t0, pc - 20
C0:        795 [1] pc=[0000000080000418] W[r 1=000000000000000d][1] R[r 0=0000000000000000] R[r 0=0000000000000000] inst=[00d00093] li      ra, 13
C0:        796 [1] pc=[000000008000041c] W[r 2=000000000000000b][1] R[r 0=0000000000000000] R[r 0=0000000000000000] inst=[00b00113] li      sp, 11
C0:        797 [1] pc=[0000000080000420] W[r14=0000000000000002][1] R[r 1=000000000000000d] R[r 2=000000000000000b] inst=[40208733] sub     a4, ra, sp
C0:        798 [1] pc=[0000000080000424] W[r 4=0000000000000002][1] R[r 4=0000000000000001] R[r 0=0000000000000000] inst=[00120213] addi    tp, tp, 1
C0:        799 [1] pc=[0000000080000428] W[r 5=0000000000000002][1] R[r 0=0000000000000000] R[r 0=0000000000000000] inst=[00200293] li      t0, 2
C0:        800 [1] pc=[000000008000042c] W[r 0=0000000000000000][0] R[r 4=0000000000000002] R[r 5=0000000000000002] inst=[fe5216e3] bne     tp, t0, pc - 20
C0:        804 [1] pc=[0000000080000430] W[r 7=0000000000000002][1] R[r 0=0000000000000000] R[r 0=0000000000000000] inst=[00200393] li      t2, 2
C0:        805 [1] pc=[0000000080000434] W[r 3=0000000000000016][1] R[r 0=0000000000000000] R[r 0=0000000000000000] inst=[01600193] li      gp, 22
C0:        806 [1] pc=[0000000080000438] W[r 0=0000000000000000][0] R[r14=0000000000000002] R[r 7=0000000000000002] inst=[24771863] bne     a4, t2, pc + 592
C0:        807 [1] pc=[000000008000043c] W[r 4=0000000000000000][1] R[r 0=0000000000000000] R[r 0=0000000000000000] inst=[00000213] li      tp, 0
C0:        829 [1] pc=[0000000080000440] W[r 1=000000000000000e][1] R[r 0=0000000000000000] R[r 0=0000000000000000] inst=[00e00093] li      ra, 14
C0:        830 [1] pc=[0000000080000444] W[r 2=000000000000000b][1] R[r 0=0000000000000000] R[r 0=0000000000000000] inst=[00b00113] li      sp, 11
C0:        831 [1] pc=[0000000080000448] W[r 0=0000000000000000][1] R[r 0=0000000000000000] R[r 0=0000000000000000] inst=[00000013] nop
C0:        832 [1] pc=[000000008000044c] W[r14=0000000000000003][1] R[r 1=000000000000000e] R[r 2=000000000000000b] inst=[40208733] sub     a4, ra, sp
C0:        833 [1] pc=[0000000080000450] W[r 4=0000000000000001][1] R[r 4=0000000000000000] R[r 0=0000000000000000] inst=[00120213] addi    tp, tp, 1
C0:        834 [1] pc=[0000000080000454] W[r 5=0000000000000002][1] R[r 0=0000000000000000] R[r 0=0000000000000000] inst=[00200293] li      t0, 2
C0:        835 [1] pc=[0000000080000458] W[r 0=0000000000000000][0] R[r 4=0000000000000001] R[r 5=0000000000000002] inst=[fe5214e3] bne     tp, t0, pc - 24
C0:        839 [1] pc=[0000000080000440] W[r 1=000000000000000e][1] R[r 0=0000000000000000] R[r 0=0000000000000000] inst=[00e00093] li      ra, 14
C0:        840 [1] pc=[0000000080000444] W[r 2=000000000000000b][1] R[r 0=0000000000000000] R[r 0=0000000000000000] inst=[00b00113] li      sp, 11
C0:        841 [1] pc=[0000000080000448] W[r 0=0000000000000000][1] R[r 0=0000000000000000] R[r 0=0000000000000000] inst=[00000013] nop
C0:        842 [1] pc=[000000008000044c] W[r14=0000000000000003][1] R[r 1=000000000000000e] R[r 2=000000000000000b] inst=[40208733] sub     a4, ra, sp
C0:        843 [1] pc=[0000000080000450] W[r 4=0000000000000002][1] R[r 4=0000000000000001] R[r 0=0000000000000000] inst=[00120213] addi    tp, tp, 1
C0:        844 [1] pc=[0000000080000454] W[r 5=0000000000000002][1] R[r 0=0000000000000000] R[r 0=0000000000000000] inst=[00200293] li      t0, 2
C0:        845 [1] pc=[0000000080000458] W[r 0=0000000000000000][0] R[r 4=0000000000000002] R[r 5=0000000000000002] inst=[fe5214e3] bne     tp, t0, pc - 24
C0:        849 [1] pc=[000000008000045c] W[r 7=0000000000000003][1] R[r 0=0000000000000000] R[r 0=0000000000000000] inst=[00300393] li      t2, 3
C0:        850 [1] pc=[0000000080000460] W[r 3=0000000000000017][1] R[r 0=0000000000000000] R[r 0=0000000000000000] inst=[01700193] li      gp, 23
C0:        851 [1] pc=[0000000080000464] W[r 0=0000000000000000][0] R[r14=0000000000000003] R[r 7=0000000000000003] inst=[22771263] bne     a4, t2, pc + 548
C0:        852 [1] pc=[0000000080000468] W[r 4=0000000000000000][1] R[r 0=0000000000000000] R[r 0=0000000000000000] inst=[00000213] li      tp, 0
C0:        853 [1] pc=[000000008000046c] W[r 1=000000000000000f][1] R[r 0=0000000000000000] R[r 0=0000000000000000] inst=[00f00093] li      ra, 15
C0:        854 [1] pc=[0000000080000470] W[r 2=000000000000000b][1] R[r 0=0000000000000000] R[r 0=0000000000000000] inst=[00b00113] li      sp, 11
C0:        855 [1] pc=[0000000080000474] W[r 0=0000000000000000][1] R[r 0=0000000000000000] R[r 0=0000000000000000] inst=[00000013] nop
C0:        856 [1] pc=[0000000080000478] W[r 0=0000000000000000][1] R[r 0=0000000000000000] R[r 0=0000000000000000] inst=[00000013] nop
C0:        857 [1] pc=[000000008000047c] W[r14=0000000000000004][1] R[r 1=000000000000000f] R[r 2=000000000000000b] inst=[40208733] sub     a4, ra, sp
C0:        879 [1] pc=[0000000080000480] W[r 4=0000000000000001][1] R[r 4=0000000000000000] R[r 0=0000000000000000] inst=[00120213] addi    tp, tp, 1
C0:        880 [1] pc=[0000000080000484] W[r 5=0000000000000002][1] R[r 0=0000000000000000] R[r 0=0000000000000000] inst=[00200293] li      t0, 2
C0:        881 [1] pc=[0000000080000488] W[r 0=0000000000000000][0] R[r 4=0000000000000001] R[r 5=0000000000000002] inst=[fe5212e3] bne     tp, t0, pc - 28
C0:        885 [1] pc=[000000008000046c] W[r 1=000000000000000f][1] R[r 0=0000000000000000] R[r 0=0000000000000000] inst=[00f00093] li      ra, 15
C0:        886 [1] pc=[0000000080000470] W[r 2=000000000000000b][1] R[r 0=0000000000000000] R[r 0=0000000000000000] inst=[00b00113] li      sp, 11
C0:        887 [1] pc=[0000000080000474] W[r 0=0000000000000000][1] R[r 0=0000000000000000] R[r 0=0000000000000000] inst=[00000013] nop
C0:        888 [1] pc=[0000000080000478] W[r 0=0000000000000000][1] R[r 0=0000000000000000] R[r 0=0000000000000000] inst=[00000013] nop
C0:        889 [1] pc=[000000008000047c] W[r14=0000000000000004][1] R[r 1=000000000000000f] R[r 2=000000000000000b] inst=[40208733] sub     a4, ra, sp
C0:        890 [1] pc=[0000000080000480] W[r 4=0000000000000002][1] R[r 4=0000000000000001] R[r 0=0000000000000000] inst=[00120213] addi    tp, tp, 1
C0:        891 [1] pc=[0000000080000484] W[r 5=0000000000000002][1] R[r 0=0000000000000000] R[r 0=0000000000000000] inst=[00200293] li      t0, 2
C0:        892 [1] pc=[0000000080000488] W[r 0=0000000000000000][0] R[r 4=0000000000000002] R[r 5=0000000000000002] inst=[fe5212e3] bne     tp, t0, pc - 28
C0:        896 [1] pc=[000000008000048c] W[r 7=0000000000000004][1] R[r 0=0000000000000000] R[r 0=0000000000000000] inst=[00400393] li      t2, 4
C0:        897 [1] pc=[0000000080000490] W[r 3=0000000000000018][1] R[r 0=0000000000000000] R[r 0=0000000000000000] inst=[01800193] li      gp, 24
C0:        898 [1] pc=[0000000080000494] W[r 0=0000000000000000][0] R[r14=0000000000000004] R[r 7=0000000000000004] inst=[1e771a63] bne     a4, t2, pc + 500
C0:        899 [1] pc=[0000000080000498] W[r 4=0000000000000000][1] R[r 0=0000000000000000] R[r 0=0000000000000000] inst=[00000213] li      tp, 0
C0:        900 [1] pc=[000000008000049c] W[r 1=000000000000000d][1] R[r 0=0000000000000000] R[r 0=0000000000000000] inst=[00d00093] li      ra, 13
C0:        901 [1] pc=[00000000800004a0] W[r 0=0000000000000000][1] R[r 0=0000000000000000] R[r 0=0000000000000000] inst=[00000013] nop
C0:        902 [1] pc=[00000000800004a4] W[r 2=000000000000000b][1] R[r 0=0000000000000000] R[r 0=0000000000000000] inst=[00b00113] li      sp, 11
C0:        903 [1] pc=[00000000800004a8] W[r14=0000000000000002][1] R[r 1=000000000000000d] R[r 2=000000000000000b] inst=[40208733] sub     a4, ra, sp
C0:        904 [1] pc=[00000000800004ac] W[r 4=0000000000000001][1] R[r 4=0000000000000000] R[r 0=0000000000000000] inst=[00120213] addi    tp, tp, 1
C0:        905 [1] pc=[00000000800004b0] W[r 5=0000000000000002][1] R[r 0=0000000000000000] R[r 0=0000000000000000] inst=[00200293] li      t0, 2
C0:        906 [1] pc=[00000000800004b4] W[r 0=0000000000000000][0] R[r 4=0000000000000001] R[r 5=0000000000000002] inst=[fe5214e3] bne     tp, t0, pc - 24
C0:        910 [1] pc=[000000008000049c] W[r 1=000000000000000d][1] R[r 0=0000000000000000] R[r 0=0000000000000000] inst=[00d00093] li      ra, 13
C0:        911 [1] pc=[00000000800004a0] W[r 0=0000000000000000][1] R[r 0=0000000000000000] R[r 0=0000000000000000] inst=[00000013] nop
C0:        912 [1] pc=[00000000800004a4] W[r 2=000000000000000b][1] R[r 0=0000000000000000] R[r 0=0000000000000000] inst=[00b00113] li      sp, 11
C0:        913 [1] pc=[00000000800004a8] W[r14=0000000000000002][1] R[r 1=000000000000000d] R[r 2=000000000000000b] inst=[40208733] sub     a4, ra, sp
C0:        914 [1] pc=[00000000800004ac] W[r 4=0000000000000002][1] R[r 4=0000000000000001] R[r 0=0000000000000000] inst=[00120213] addi    tp, tp, 1
C0:        915 [1] pc=[00000000800004b0] W[r 5=0000000000000002][1] R[r 0=0000000000000000] R[r 0=0000000000000000] inst=[00200293] li      t0, 2
C0:        916 [1] pc=[00000000800004b4] W[r 0=0000000000000000][0] R[r 4=0000000000000002] R[r 5=0000000000000002] inst=[fe5214e3] bne     tp, t0, pc - 24
C0:        920 [1] pc=[00000000800004b8] W[r 7=0000000000000002][1] R[r 0=0000000000000000] R[r 0=0000000000000000] inst=[00200393] li      t2, 2
C0:        921 [1] pc=[00000000800004bc] W[r 3=0000000000000019][1] R[r 0=0000000000000000] R[r 0=0000000000000000] inst=[01900193] li      gp, 25
C0:        943 [1] pc=[00000000800004c0] W[r 0=0000000000000000][0] R[r14=0000000000000002] R[r 7=0000000000000002] inst=[1c771463] bne     a4, t2, pc + 456
C0:        944 [1] pc=[00000000800004c4] W[r 4=0000000000000000][1] R[r 0=0000000000000000] R[r 0=0000000000000000] inst=[00000213] li      tp, 0
C0:        945 [1] pc=[00000000800004c8] W[r 1=000000000000000e][1] R[r 0=0000000000000000] R[r 0=0000000000000000] inst=[00e00093] li      ra, 14
C0:        946 [1] pc=[00000000800004cc] W[r 0=0000000000000000][1] R[r 0=0000000000000000] R[r 0=0000000000000000] inst=[00000013] nop
C0:        947 [1] pc=[00000000800004d0] W[r 2=000000000000000b][1] R[r 0=0000000000000000] R[r 0=0000000000000000] inst=[00b00113] li      sp, 11
C0:        948 [1] pc=[00000000800004d4] W[r 0=0000000000000000][1] R[r 0=0000000000000000] R[r 0=0000000000000000] inst=[00000013] nop
C0:        949 [1] pc=[00000000800004d8] W[r14=0000000000000003][1] R[r 1=000000000000000e] R[r 2=000000000000000b] inst=[40208733] sub     a4, ra, sp
C0:        950 [1] pc=[00000000800004dc] W[r 4=0000000000000001][1] R[r 4=0000000000000000] R[r 0=0000000000000000] inst=[00120213] addi    tp, tp, 1
C0:        951 [1] pc=[00000000800004e0] W[r 5=0000000000000002][1] R[r 0=0000000000000000] R[r 0=0000000000000000] inst=[00200293] li      t0, 2
C0:        952 [1] pc=[00000000800004e4] W[r 0=0000000000000000][0] R[r 4=0000000000000001] R[r 5=0000000000000002] inst=[fe5212e3] bne     tp, t0, pc - 28
C0:        956 [1] pc=[00000000800004c8] W[r 1=000000000000000e][1] R[r 0=0000000000000000] R[r 0=0000000000000000] inst=[00e00093] li      ra, 14
C0:        957 [1] pc=[00000000800004cc] W[r 0=0000000000000000][1] R[r 0=0000000000000000] R[r 0=0000000000000000] inst=[00000013] nop
C0:        958 [1] pc=[00000000800004d0] W[r 2=000000000000000b][1] R[r 0=0000000000000000] R[r 0=0000000000000000] inst=[00b00113] li      sp, 11
C0:        959 [1] pc=[00000000800004d4] W[r 0=0000000000000000][1] R[r 0=0000000000000000] R[r 0=0000000000000000] inst=[00000013] nop
C0:        960 [1] pc=[00000000800004d8] W[r14=0000000000000003][1] R[r 1=000000000000000e] R[r 2=000000000000000b] inst=[40208733] sub     a4, ra, sp
C0:        961 [1] pc=[00000000800004dc] W[r 4=0000000000000002][1] R[r 4=0000000000000001] R[r 0=0000000000000000] inst=[00120213] addi    tp, tp, 1
C0:        962 [1] pc=[00000000800004e0] W[r 5=0000000000000002][1] R[r 0=0000000000000000] R[r 0=0000000000000000] inst=[00200293] li      t0, 2
C0:        963 [1] pc=[00000000800004e4] W[r 0=0000000000000000][0] R[r 4=0000000000000002] R[r 5=0000000000000002] inst=[fe5212e3] bne     tp, t0, pc - 28
C0:        967 [1] pc=[00000000800004e8] W[r 7=0000000000000003][1] R[r 0=0000000000000000] R[r 0=0000000000000000] inst=[00300393] li      t2, 3
C0:        968 [1] pc=[00000000800004ec] W[r 3=000000000000001a][1] R[r 0=0000000000000000] R[r 0=0000000000000000] inst=[01a00193] li      gp, 26
C0:        969 [1] pc=[00000000800004f0] W[r 0=0000000000000000][0] R[r14=0000000000000003] R[r 7=0000000000000003] inst=[18771c63] bne     a4, t2, pc + 408
C0:        970 [1] pc=[00000000800004f4] W[r 4=0000000000000000][1] R[r 0=0000000000000000] R[r 0=0000000000000000] inst=[00000213] li      tp, 0
C0:        971 [1] pc=[00000000800004f8] W[r 1=000000000000000f][1] R[r 0=0000000000000000] R[r 0=0000000000000000] inst=[00f00093] li      ra, 15
C0:        972 [1] pc=[00000000800004fc] W[r 0=0000000000000000][1] R[r 0=0000000000000000] R[r 0=0000000000000000] inst=[00000013] nop
C0:        994 [1] pc=[0000000080000500] W[r 0=0000000000000000][1] R[r 0=0000000000000000] R[r 0=0000000000000000] inst=[00000013] nop
C0:        995 [1] pc=[0000000080000504] W[r 2=000000000000000b][1] R[r 0=0000000000000000] R[r 0=0000000000000000] inst=[00b00113] li      sp, 11
C0:        996 [1] pc=[0000000080000508] W[r14=0000000000000004][1] R[r 1=000000000000000f] R[r 2=000000000000000b] inst=[40208733] sub     a4, ra, sp
C0:        997 [1] pc=[000000008000050c] W[r 4=0000000000000001][1] R[r 4=0000000000000000] R[r 0=0000000000000000] inst=[00120213] addi    tp, tp, 1
C0:        998 [1] pc=[0000000080000510] W[r 5=0000000000000002][1] R[r 0=0000000000000000] R[r 0=0000000000000000] inst=[00200293] li      t0, 2
C0:        999 [1] pc=[0000000080000514] W[r 0=0000000000000000][0] R[r 4=0000000000000001] R[r 5=0000000000000002] inst=[fe5212e3] bne     tp, t0, pc - 28
C0:       1003 [1] pc=[00000000800004f8] W[r 1=000000000000000f][1] R[r 0=0000000000000000] R[r 0=0000000000000000] inst=[00f00093] li      ra, 15
C0:       1004 [1] pc=[00000000800004fc] W[r 0=0000000000000000][1] R[r 0=0000000000000000] R[r 0=0000000000000000] inst=[00000013] nop
C0:       1005 [1] pc=[0000000080000500] W[r 0=0000000000000000][1] R[r 0=0000000000000000] R[r 0=0000000000000000] inst=[00000013] nop
C0:       1006 [1] pc=[0000000080000504] W[r 2=000000000000000b][1] R[r 0=0000000000000000] R[r 0=0000000000000000] inst=[00b00113] li      sp, 11
C0:       1007 [1] pc=[0000000080000508] W[r14=0000000000000004][1] R[r 1=000000000000000f] R[r 2=000000000000000b] inst=[40208733] sub     a4, ra, sp
C0:       1008 [1] pc=[000000008000050c] W[r 4=0000000000000002][1] R[r 4=0000000000000001] R[r 0=0000000000000000] inst=[00120213] addi    tp, tp, 1
C0:       1009 [1] pc=[0000000080000510] W[r 5=0000000000000002][1] R[r 0=0000000000000000] R[r 0=0000000000000000] inst=[00200293] li      t0, 2
C0:       1010 [1] pc=[0000000080000514] W[r 0=0000000000000000][0] R[r 4=0000000000000002] R[r 5=0000000000000002] inst=[fe5212e3] bne     tp, t0, pc - 28
C0:       1014 [1] pc=[0000000080000518] W[r 7=0000000000000004][1] R[r 0=0000000000000000] R[r 0=0000000000000000] inst=[00400393] li      t2, 4
C0:       1015 [1] pc=[000000008000051c] W[r 3=000000000000001b][1] R[r 0=0000000000000000] R[r 0=0000000000000000] inst=[01b00193] li      gp, 27
C0:       1016 [1] pc=[0000000080000520] W[r 0=0000000000000000][0] R[r14=0000000000000004] R[r 7=0000000000000004] inst=[16771463] bne     a4, t2, pc + 360
C0:       1017 [1] pc=[0000000080000524] W[r 4=0000000000000000][1] R[r 0=0000000000000000] R[r 0=0000000000000000] inst=[00000213] li      tp, 0
C0:       1018 [1] pc=[0000000080000528] W[r 2=000000000000000b][1] R[r 0=0000000000000000] R[r 0=0000000000000000] inst=[00b00113] li      sp, 11
C0:       1019 [1] pc=[000000008000052c] W[r 1=000000000000000d][1] R[r 0=0000000000000000] R[r 0=0000000000000000] inst=[00d00093] li      ra, 13
C0:       1020 [1] pc=[0000000080000530] W[r14=0000000000000002][1] R[r 1=000000000000000d] R[r 2=000000000000000b] inst=[40208733] sub     a4, ra, sp
C0:       1021 [1] pc=[0000000080000534] W[r 4=0000000000000001][1] R[r 4=0000000000000000] R[r 0=0000000000000000] inst=[00120213] addi    tp, tp, 1
C0:       1022 [1] pc=[0000000080000538] W[r 5=0000000000000002][1] R[r 0=0000000000000000] R[r 0=0000000000000000] inst=[00200293] li      t0, 2
C0:       1023 [1] pc=[000000008000053c] W[r 0=0000000000000000][0] R[r 4=0000000000000001] R[r 5=0000000000000002] inst=[fe5216e3] bne     tp, t0, pc - 20
C0:       1027 [1] pc=[0000000080000528] W[r 2=000000000000000b][1] R[r 0=0000000000000000] R[r 0=0000000000000000] inst=[00b00113] li      sp, 11
C0:       1028 [1] pc=[000000008000052c] W[r 1=000000000000000d][1] R[r 0=0000000000000000] R[r 0=0000000000000000] inst=[00d00093] li      ra, 13
C0:       1029 [1] pc=[0000000080000530] W[r14=0000000000000002][1] R[r 1=000000000000000d] R[r 2=000000000000000b] inst=[40208733] sub     a4, ra, sp
C0:       1030 [1] pc=[0000000080000534] W[r 4=0000000000000002][1] R[r 4=0000000000000001] R[r 0=0000000000000000] inst=[00120213] addi    tp, tp, 1
C0:       1031 [1] pc=[0000000080000538] W[r 5=0000000000000002][1] R[r 0=0000000000000000] R[r 0=0000000000000000] inst=[00200293] li      t0, 2
C0:       1032 [1] pc=[000000008000053c] W[r 0=0000000000000000][0] R[r 4=0000000000000002] R[r 5=0000000000000002] inst=[fe5216e3] bne     tp, t0, pc - 20
C0:       1057 [1] pc=[0000000080000540] W[r 7=0000000000000002][1] R[r 0=0000000000000000] R[r 0=0000000000000000] inst=[00200393] li      t2, 2
C0:       1058 [1] pc=[0000000080000544] W[r 3=000000000000001c][1] R[r 0=0000000000000000] R[r 0=0000000000000000] inst=[01c00193] li      gp, 28
C0:       1059 [1] pc=[0000000080000548] W[r 0=0000000000000000][0] R[r14=0000000000000002] R[r 7=0000000000000002] inst=[14771063] bne     a4, t2, pc + 320
C0:       1060 [1] pc=[000000008000054c] W[r 4=0000000000000000][1] R[r 0=0000000000000000] R[r 0=0000000000000000] inst=[00000213] li      tp, 0
C0:       1061 [1] pc=[0000000080000550] W[r 2=000000000000000b][1] R[r 0=0000000000000000] R[r 0=0000000000000000] inst=[00b00113] li      sp, 11
C0:       1062 [1] pc=[0000000080000554] W[r 1=000000000000000e][1] R[r 0=0000000000000000] R[r 0=0000000000000000] inst=[00e00093] li      ra, 14
C0:       1063 [1] pc=[0000000080000558] W[r 0=0000000000000000][1] R[r 0=0000000000000000] R[r 0=0000000000000000] inst=[00000013] nop
C0:       1064 [1] pc=[000000008000055c] W[r14=0000000000000003][1] R[r 1=000000000000000e] R[r 2=000000000000000b] inst=[40208733] sub     a4, ra, sp
C0:       1065 [1] pc=[0000000080000560] W[r 4=0000000000000001][1] R[r 4=0000000000000000] R[r 0=0000000000000000] inst=[00120213] addi    tp, tp, 1
C0:       1066 [1] pc=[0000000080000564] W[r 5=0000000000000002][1] R[r 0=0000000000000000] R[r 0=0000000000000000] inst=[00200293] li      t0, 2
C0:       1067 [1] pc=[0000000080000568] W[r 0=0000000000000000][0] R[r 4=0000000000000001] R[r 5=0000000000000002] inst=[fe5214e3] bne     tp, t0, pc - 24
C0:       1071 [1] pc=[0000000080000550] W[r 2=000000000000000b][1] R[r 0=0000000000000000] R[r 0=0000000000000000] inst=[00b00113] li      sp, 11
C0:       1072 [1] pc=[0000000080000554] W[r 1=000000000000000e][1] R[r 0=0000000000000000] R[r 0=0000000000000000] inst=[00e00093] li      ra, 14
C0:       1073 [1] pc=[0000000080000558] W[r 0=0000000000000000][1] R[r 0=0000000000000000] R[r 0=0000000000000000] inst=[00000013] nop
C0:       1074 [1] pc=[000000008000055c] W[r14=0000000000000003][1] R[r 1=000000000000000e] R[r 2=000000000000000b] inst=[40208733] sub     a4, ra, sp
C0:       1075 [1] pc=[0000000080000560] W[r 4=0000000000000002][1] R[r 4=0000000000000001] R[r 0=0000000000000000] inst=[00120213] addi    tp, tp, 1
C0:       1076 [1] pc=[0000000080000564] W[r 5=0000000000000002][1] R[r 0=0000000000000000] R[r 0=0000000000000000] inst=[00200293] li      t0, 2
C0:       1077 [1] pc=[0000000080000568] W[r 0=0000000000000000][0] R[r 4=0000000000000002] R[r 5=0000000000000002] inst=[fe5214e3] bne     tp, t0, pc - 24
C0:       1081 [1] pc=[000000008000056c] W[r 7=0000000000000003][1] R[r 0=0000000000000000] R[r 0=0000000000000000] inst=[00300393] li      t2, 3
C0:       1082 [1] pc=[0000000080000570] W[r 3=000000000000001d][1] R[r 0=0000000000000000] R[r 0=0000000000000000] inst=[01d00193] li      gp, 29
C0:       1083 [1] pc=[0000000080000574] W[r 0=0000000000000000][0] R[r14=0000000000000003] R[r 7=0000000000000003] inst=[10771a63] bne     a4, t2, pc + 276
C0:       1084 [1] pc=[0000000080000578] W[r 4=0000000000000000][1] R[r 0=0000000000000000] R[r 0=0000000000000000] inst=[00000213] li      tp, 0
C0:       1085 [1] pc=[000000008000057c] W[r 2=000000000000000b][1] R[r 0=0000000000000000] R[r 0=0000000000000000] inst=[00b00113] li      sp, 11
C0:       1107 [1] pc=[0000000080000580] W[r 1=000000000000000f][1] R[r 0=0000000000000000] R[r 0=0000000000000000] inst=[00f00093] li      ra, 15
C0:       1108 [1] pc=[0000000080000584] W[r 0=0000000000000000][1] R[r 0=0000000000000000] R[r 0=0000000000000000] inst=[00000013] nop
C0:       1109 [1] pc=[0000000080000588] W[r 0=0000000000000000][1] R[r 0=0000000000000000] R[r 0=0000000000000000] inst=[00000013] nop
C0:       1110 [1] pc=[000000008000058c] W[r14=0000000000000004][1] R[r 1=000000000000000f] R[r 2=000000000000000b] inst=[40208733] sub     a4, ra, sp
C0:       1111 [1] pc=[0000000080000590] W[r 4=0000000000000001][1] R[r 4=0000000000000000] R[r 0=0000000000000000] inst=[00120213] addi    tp, tp, 1
C0:       1112 [1] pc=[0000000080000594] W[r 5=0000000000000002][1] R[r 0=0000000000000000] R[r 0=0000000000000000] inst=[00200293] li      t0, 2
C0:       1113 [1] pc=[0000000080000598] W[r 0=0000000000000000][0] R[r 4=0000000000000001] R[r 5=0000000000000002] inst=[fe5212e3] bne     tp, t0, pc - 28
C0:       1117 [1] pc=[000000008000057c] W[r 2=000000000000000b][1] R[r 0=0000000000000000] R[r 0=0000000000000000] inst=[00b00113] li      sp, 11
C0:       1118 [1] pc=[0000000080000580] W[r 1=000000000000000f][1] R[r 0=0000000000000000] R[r 0=0000000000000000] inst=[00f00093] li      ra, 15
C0:       1119 [1] pc=[0000000080000584] W[r 0=0000000000000000][1] R[r 0=0000000000000000] R[r 0=0000000000000000] inst=[00000013] nop
C0:       1120 [1] pc=[0000000080000588] W[r 0=0000000000000000][1] R[r 0=0000000000000000] R[r 0=0000000000000000] inst=[00000013] nop
C0:       1121 [1] pc=[000000008000058c] W[r14=0000000000000004][1] R[r 1=000000000000000f] R[r 2=000000000000000b] inst=[40208733] sub     a4, ra, sp
C0:       1122 [1] pc=[0000000080000590] W[r 4=0000000000000002][1] R[r 4=0000000000000001] R[r 0=0000000000000000] inst=[00120213] addi    tp, tp, 1
C0:       1123 [1] pc=[0000000080000594] W[r 5=0000000000000002][1] R[r 0=0000000000000000] R[r 0=0000000000000000] inst=[00200293] li      t0, 2
C0:       1124 [1] pc=[0000000080000598] W[r 0=0000000000000000][0] R[r 4=0000000000000002] R[r 5=0000000000000002] inst=[fe5212e3] bne     tp, t0, pc - 28
C0:       1128 [1] pc=[000000008000059c] W[r 7=0000000000000004][1] R[r 0=0000000000000000] R[r 0=0000000000000000] inst=[00400393] li      t2, 4
C0:       1129 [1] pc=[00000000800005a0] W[r 3=000000000000001e][1] R[r 0=0000000000000000] R[r 0=0000000000000000] inst=[01e00193] li      gp, 30
C0:       1130 [1] pc=[00000000800005a4] W[r 0=0000000000000000][0] R[r14=0000000000000004] R[r 7=0000000000000004] inst=[0e771263] bne     a4, t2, pc + 228
C0:       1131 [1] pc=[00000000800005a8] W[r 4=0000000000000000][1] R[r 0=0000000000000000] R[r 0=0000000000000000] inst=[00000213] li      tp, 0
C0:       1132 [1] pc=[00000000800005ac] W[r 2=000000000000000b][1] R[r 0=0000000000000000] R[r 0=0000000000000000] inst=[00b00113] li      sp, 11
C0:       1133 [1] pc=[00000000800005b0] W[r 0=0000000000000000][1] R[r 0=0000000000000000] R[r 0=0000000000000000] inst=[00000013] nop
C0:       1134 [1] pc=[00000000800005b4] W[r 1=000000000000000d][1] R[r 0=0000000000000000] R[r 0=0000000000000000] inst=[00d00093] li      ra, 13
C0:       1135 [1] pc=[00000000800005b8] W[r14=0000000000000002][1] R[r 1=000000000000000d] R[r 2=000000000000000b] inst=[40208733] sub     a4, ra, sp
C0:       1136 [1] pc=[00000000800005bc] W[r 4=0000000000000001][1] R[r 4=0000000000000000] R[r 0=0000000000000000] inst=[00120213] addi    tp, tp, 1
C0:       1158 [1] pc=[00000000800005c0] W[r 5=0000000000000002][1] R[r 0=0000000000000000] R[r 0=0000000000000000] inst=[00200293] li      t0, 2
C0:       1159 [1] pc=[00000000800005c4] W[r 0=0000000000000000][0] R[r 4=0000000000000001] R[r 5=0000000000000002] inst=[fe5214e3] bne     tp, t0, pc - 24
C0:       1163 [1] pc=[00000000800005ac] W[r 2=000000000000000b][1] R[r 0=0000000000000000] R[r 0=0000000000000000] inst=[00b00113] li      sp, 11
C0:       1164 [1] pc=[00000000800005b0] W[r 0=0000000000000000][1] R[r 0=0000000000000000] R[r 0=0000000000000000] inst=[00000013] nop
C0:       1165 [1] pc=[00000000800005b4] W[r 1=000000000000000d][1] R[r 0=0000000000000000] R[r 0=0000000000000000] inst=[00d00093] li      ra, 13
C0:       1166 [1] pc=[00000000800005b8] W[r14=0000000000000002][1] R[r 1=000000000000000d] R[r 2=000000000000000b] inst=[40208733] sub     a4, ra, sp
C0:       1167 [1] pc=[00000000800005bc] W[r 4=0000000000000002][1] R[r 4=0000000000000001] R[r 0=0000000000000000] inst=[00120213] addi    tp, tp, 1
C0:       1168 [1] pc=[00000000800005c0] W[r 5=0000000000000002][1] R[r 0=0000000000000000] R[r 0=0000000000000000] inst=[00200293] li      t0, 2
C0:       1169 [1] pc=[00000000800005c4] W[r 0=0000000000000000][0] R[r 4=0000000000000002] R[r 5=0000000000000002] inst=[fe5214e3] bne     tp, t0, pc - 24
C0:       1173 [1] pc=[00000000800005c8] W[r 7=0000000000000002][1] R[r 0=0000000000000000] R[r 0=0000000000000000] inst=[00200393] li      t2, 2
C0:       1174 [1] pc=[00000000800005cc] W[r 3=000000000000001f][1] R[r 0=0000000000000000] R[r 0=0000000000000000] inst=[01f00193] li      gp, 31
C0:       1175 [1] pc=[00000000800005d0] W[r 0=0000000000000000][0] R[r14=0000000000000002] R[r 7=0000000000000002] inst=[0a771c63] bne     a4, t2, pc + 184
C0:       1176 [1] pc=[00000000800005d4] W[r 4=0000000000000000][1] R[r 0=0000000000000000] R[r 0=0000000000000000] inst=[00000213] li      tp, 0
C0:       1177 [1] pc=[00000000800005d8] W[r 2=000000000000000b][1] R[r 0=0000000000000000] R[r 0=0000000000000000] inst=[00b00113] li      sp, 11
C0:       1178 [1] pc=[00000000800005dc] W[r 0=0000000000000000][1] R[r 0=0000000000000000] R[r 0=0000000000000000] inst=[00000013] nop
C0:       1179 [1] pc=[00000000800005e0] W[r 1=000000000000000e][1] R[r 0=0000000000000000] R[r 0=0000000000000000] inst=[00e00093] li      ra, 14
C0:       1180 [1] pc=[00000000800005e4] W[r 0=0000000000000000][1] R[r 0=0000000000000000] R[r 0=0000000000000000] inst=[00000013] nop
C0:       1181 [1] pc=[00000000800005e8] W[r14=0000000000000003][1] R[r 1=000000000000000e] R[r 2=000000000000000b] inst=[40208733] sub     a4, ra, sp
C0:       1182 [1] pc=[00000000800005ec] W[r 4=0000000000000001][1] R[r 4=0000000000000000] R[r 0=0000000000000000] inst=[00120213] addi    tp, tp, 1
C0:       1183 [1] pc=[00000000800005f0] W[r 5=0000000000000002][1] R[r 0=0000000000000000] R[r 0=0000000000000000] inst=[00200293] li      t0, 2
C0:       1184 [1] pc=[00000000800005f4] W[r 0=0000000000000000][0] R[r 4=0000000000000001] R[r 5=0000000000000002] inst=[fe5212e3] bne     tp, t0, pc - 28
C0:       1188 [1] pc=[00000000800005d8] W[r 2=000000000000000b][1] R[r 0=0000000000000000] R[r 0=0000000000000000] inst=[00b00113] li      sp, 11
C0:       1189 [1] pc=[00000000800005dc] W[r 0=0000000000000000][1] R[r 0=0000000000000000] R[r 0=0000000000000000] inst=[00000013] nop
C0:       1190 [1] pc=[00000000800005e0] W[r 1=000000000000000e][1] R[r 0=0000000000000000] R[r 0=0000000000000000] inst=[00e00093] li      ra, 14
C0:       1191 [1] pc=[00000000800005e4] W[r 0=0000000000000000][1] R[r 0=0000000000000000] R[r 0=0000000000000000] inst=[00000013] nop
C0:       1192 [1] pc=[00000000800005e8] W[r14=0000000000000003][1] R[r 1=000000000000000e] R[r 2=000000000000000b] inst=[40208733] sub     a4, ra, sp
C0:       1193 [1] pc=[00000000800005ec] W[r 4=0000000000000002][1] R[r 4=0000000000000001] R[r 0=0000000000000000] inst=[00120213] addi    tp, tp, 1
C0:       1194 [1] pc=[00000000800005f0] W[r 5=0000000000000002][1] R[r 0=0000000000000000] R[r 0=0000000000000000] inst=[00200293] li      t0, 2
C0:       1195 [1] pc=[00000000800005f4] W[r 0=0000000000000000][0] R[r 4=0000000000000002] R[r 5=0000000000000002] inst=[fe5212e3] bne     tp, t0, pc - 28
C0:       1199 [1] pc=[00000000800005f8] W[r 7=0000000000000003][1] R[r 0=0000000000000000] R[r 0=0000000000000000] inst=[00300393] li      t2, 3
C0:       1200 [1] pc=[00000000800005fc] W[r 3=0000000000000020][1] R[r 0=0000000000000000] R[r 0=0000000000000000] inst=[02000193] li      gp, 32
C0:       1222 [1] pc=[0000000080000600] W[r 0=0000000000000000][0] R[r14=0000000000000003] R[r 7=0000000000000003] inst=[08771463] bne     a4, t2, pc + 136
C0:       1223 [1] pc=[0000000080000604] W[r 4=0000000000000000][1] R[r 0=0000000000000000] R[r 0=0000000000000000] inst=[00000213] li      tp, 0
C0:       1224 [1] pc=[0000000080000608] W[r 2=000000000000000b][1] R[r 0=0000000000000000] R[r 0=0000000000000000] inst=[00b00113] li      sp, 11
C0:       1225 [1] pc=[000000008000060c] W[r 0=0000000000000000][1] R[r 0=0000000000000000] R[r 0=0000000000000000] inst=[00000013] nop
C0:       1226 [1] pc=[0000000080000610] W[r 0=0000000000000000][1] R[r 0=0000000000000000] R[r 0=0000000000000000] inst=[00000013] nop
C0:       1227 [1] pc=[0000000080000614] W[r 1=000000000000000f][1] R[r 0=0000000000000000] R[r 0=0000000000000000] inst=[00f00093] li      ra, 15
C0:       1228 [1] pc=[0000000080000618] W[r14=0000000000000004][1] R[r 1=000000000000000f] R[r 2=000000000000000b] inst=[40208733] sub     a4, ra, sp
C0:       1229 [1] pc=[000000008000061c] W[r 4=0000000000000001][1] R[r 4=0000000000000000] R[r 0=0000000000000000] inst=[00120213] addi    tp, tp, 1
C0:       1230 [1] pc=[0000000080000620] W[r 5=0000000000000002][1] R[r 0=0000000000000000] R[r 0=0000000000000000] inst=[00200293] li      t0, 2
C0:       1231 [1] pc=[0000000080000624] W[r 0=0000000000000000][0] R[r 4=0000000000000001] R[r 5=0000000000000002] inst=[fe5212e3] bne     tp, t0, pc - 28
C0:       1235 [1] pc=[0000000080000608] W[r 2=000000000000000b][1] R[r 0=0000000000000000] R[r 0=0000000000000000] inst=[00b00113] li      sp, 11
C0:       1236 [1] pc=[000000008000060c] W[r 0=0000000000000000][1] R[r 0=0000000000000000] R[r 0=0000000000000000] inst=[00000013] nop
C0:       1237 [1] pc=[0000000080000610] W[r 0=0000000000000000][1] R[r 0=0000000000000000] R[r 0=0000000000000000] inst=[00000013] nop
C0:       1238 [1] pc=[0000000080000614] W[r 1=000000000000000f][1] R[r 0=0000000000000000] R[r 0=0000000000000000] inst=[00f00093] li      ra, 15
C0:       1239 [1] pc=[0000000080000618] W[r14=0000000000000004][1] R[r 1=000000000000000f] R[r 2=000000000000000b] inst=[40208733] sub     a4, ra, sp
C0:       1240 [1] pc=[000000008000061c] W[r 4=0000000000000002][1] R[r 4=0000000000000001] R[r 0=0000000000000000] inst=[00120213] addi    tp, tp, 1
C0:       1241 [1] pc=[0000000080000620] W[r 5=0000000000000002][1] R[r 0=0000000000000000] R[r 0=0000000000000000] inst=[00200293] li      t0, 2
C0:       1242 [1] pc=[0000000080000624] W[r 0=0000000000000000][0] R[r 4=0000000000000002] R[r 5=0000000000000002] inst=[fe5212e3] bne     tp, t0, pc - 28
C0:       1246 [1] pc=[0000000080000628] W[r 7=0000000000000004][1] R[r 0=0000000000000000] R[r 0=0000000000000000] inst=[00400393] li      t2, 4
C0:       1247 [1] pc=[000000008000062c] W[r 3=0000000000000021][1] R[r 0=0000000000000000] R[r 0=0000000000000000] inst=[02100193] li      gp, 33
C0:       1248 [1] pc=[0000000080000630] W[r 0=0000000000000000][0] R[r14=0000000000000004] R[r 7=0000000000000004] inst=[04771c63] bne     a4, t2, pc + 88
C0:       1249 [1] pc=[0000000080000634] W[r 1=fffffffffffffff1][1] R[r 0=0000000000000000] R[r 0=0000000000000000] inst=[ff100093] li      ra, -15
C0:       1250 [1] pc=[0000000080000638] W[r 2=000000000000000f][1] R[r 0=0000000000000000] R[r 1=fffffffffffffff1] inst=[40100133] sub     sp, zero, ra
C0:       1251 [1] pc=[000000008000063c] W[r 7=000000000000000f][1] R[r 0=0000000000000000] R[r 0=0000000000000000] inst=[00f00393] li      t2, 15
C0:       1273 [1] pc=[0000000080000640] W[r 3=0000000000000022][1] R[r 0=0000000000000000] R[r 0=0000000000000000] inst=[02200193] li      gp, 34
C0:       1274 [1] pc=[0000000080000644] W[r 0=0000000000000000][0] R[r 2=000000000000000f] R[r 7=000000000000000f] inst=[04711263] bne     sp, t2, pc + 68
C0:       1275 [1] pc=[0000000080000648] W[r 1=0000000000000020][1] R[r 0=0000000000000000] R[r 0=0000000000000000] inst=[02000093] li      ra, 32
C0:       1276 [1] pc=[000000008000064c] W[r 2=0000000000000020][1] R[r 1=0000000000000020] R[r 0=0000000000000000] inst=[40008133] sub     sp, ra, zero
C0:       1277 [1] pc=[0000000080000650] W[r 7=0000000000000020][1] R[r 0=0000000000000000] R[r 0=0000000000000000] inst=[02000393] li      t2, 32
C0:       1278 [1] pc=[0000000080000654] W[r 3=0000000000000023][1] R[r 0=0000000000000000] R[r 0=0000000000000000] inst=[02300193] li      gp, 35
C0:       1279 [1] pc=[0000000080000658] W[r 0=0000000000000000][0] R[r 2=0000000000000020] R[r 7=0000000000000020] inst=[02711863] bne     sp, t2, pc + 48
C0:       1280 [1] pc=[000000008000065c] W[r 1=0000000000000000][1] R[r 0=0000000000000000] R[r 0=0000000000000000] inst=[400000b3] sub     ra, zero, zero
C0:       1281 [1] pc=[0000000080000660] W[r 7=0000000000000000][1] R[r 0=0000000000000000] R[r 0=0000000000000000] inst=[00000393] li      t2, 0
C0:       1282 [1] pc=[0000000080000664] W[r 3=0000000000000024][1] R[r 0=0000000000000000] R[r 0=0000000000000000] inst=[02400193] li      gp, 36
C0:       1283 [1] pc=[0000000080000668] W[r 0=0000000000000000][0] R[r 1=0000000000000000] R[r 7=0000000000000000] inst=[02709063] bne     ra, t2, pc + 32
C0:       1284 [1] pc=[000000008000066c] W[r 1=0000000000000010][1] R[r 0=0000000000000000] R[r 0=0000000000000000] inst=[01000093] li      ra, 16
C0:       1285 [1] pc=[0000000080000670] W[r 2=000000000000001e][1] R[r 0=0000000000000000] R[r 0=0000000000000000] inst=[01e00113] li      sp, 30
C0:       1286 [1] pc=[0000000080000674] W[r 0=fffffffffffffff2][1] R[r 1=0000000000000010] R[r 2=000000000000001e] inst=[40208033] sub     zero, ra, sp
C0:       1287 [1] pc=[0000000080000678] W[r 7=0000000000000000][1] R[r 0=0000000000000000] R[r 0=0000000000000000] inst=[00000393] li      t2, 0
C0:       1288 [1] pc=[000000008000067c] W[r 3=0000000000000025][1] R[r 0=0000000000000000] R[r 0=0000000000000000] inst=[02500193] li      gp, 37
C0:       1310 [1] pc=[0000000080000680] W[r 0=0000000000000000][0] R[r 0=0000000000000000] R[r 7=0000000000000000] inst=[00701463] bne     zero, t2, pc + 8
C0:       1311 [1] pc=[0000000080000684] W[r 0=0000000000000000][0] R[r 0=0000000000000000] R[r 3=0000000000000025] inst=[02301063] bne     zero, gp, pc + 32
C0:       1315 [1] pc=[00000000800006a4] W[r 0=0000000000000000][0] R[r 0=0000000000000000] R[r 0=0000000000000000] inst=[0ff0000f] fence   iorw,iorw
C0:       1316 [1] pc=[00000000800006a8] W[r 3=0000000000000001][1] R[r 0=0000000000000000] R[r 0=0000000000000000] inst=[00100193] li      gp, 1
C0:       1317 [1] pc=[00000000800006ac] W[r17=000000000000005d][1] R[r 0=0000000000000000] R[r 0=0000000000000000] inst=[05d00893] li      a7, 93
C0:       1318 [1] pc=[00000000800006b0] W[r10=0000000000000000][1] R[r 0=0000000000000000] R[r 0=0000000000000000] inst=[00000513] li      a0, 0
C0:       1319 [0] pc=[00000000800006b4] W[r 0=0000000000000000][0] R[r 0=0000000000000000] R[r 0=0000000000000000] inst=[00000073] ecall
C0:       1324 [1] pc=[0000000080000004] W[r30=0000000000000008][1] R[r 0=0000000000000000] R[r 0=0000000000000000] inst=[34202f73] csrr    t5, unknown_342
C0:       1325 [1] pc=[0000000080000008] W[r31=0000000000000008][1] R[r 0=0000000000000000] R[r 0=0000000000000000] inst=[00800f93] li      t6, 8
C0:       1327 [1] pc=[000000008000000c] W[r 0=0000000000000000][0] R[r30=0000000000000008] R[r31=0000000000000008] inst=[07ff0663] beq     t5, t6, pc + 108
C0:       1352 [1] pc=[0000000080000078] W[r30=0000000080001078][1] R[r 0=0000000000000000] R[r 0=0000000000000000] inst=[00001f17] auipc   t5, 0x1
C0:       1369 [1] pc=[000000008000007c] W[r 0=0000000000000000][0] R[r30=0000000080001078] R[r 3=0000000000000001] inst=[f83f2423] sw      gp, -120(t5)
C0:       1370 [1] pc=[0000000080000080] W[r 0=0000000080000084][1] R[r 0=0000000000000000] R[r 0=0000000000000000] inst=[ff9ff06f] j       pc - 0x8
C0:       1371 [1] pc=[0000000080000078] W[r30=0000000080001078][1] R[r 0=0000000000000000] R[r 0=0000000000000000] inst=[00001f17] auipc   t5, 0x1
C0:       1372 [1] pc=[000000008000007c] W[r 0=0000000000000000][0] R[r30=0000000080001078] R[r 3=0000000000000001] inst=[f83f2423] sw      gp, -120(t5)
C0:       1373 [1] pc=[0000000080000080] W[r 0=0000000080000084][1] R[r 0=0000000000000000] R[r 0=0000000000000000] inst=[ff9ff06f] j       pc - 0x8
C0:       1374 [1] pc=[0000000080000078] W[r30=0000000080001078][1] R[r 0=0000000000000000] R[r 0=0000000000000000] inst=[00001f17] auipc   t5, 0x1
C0:       1375 [1] pc=[000000008000007c] W[r 0=0000000000000000][0] R[r30=0000000080001078] R[r 3=0000000000000001] inst=[f83f2423] sw      gp, -120(t5)
C0:       1376 [1] pc=[0000000080000080] W[r 0=0000000080000084][1] R[r 0=0000000000000000] R[r 0=0000000000000000] inst=[ff9ff06f] j       pc - 0x8
C0:       1377 [1] pc=[0000000080000078] W[r30=0000000080001078][1] R[r 0=0000000000000000] R[r 0=0000000000000000] inst=[00001f17] auipc   t5, 0x1
C0:       1378 [1] pc=[000000008000007c] W[r 0=0000000000000000][0] R[r30=0000000080001078] R[r 3=0000000000000001] inst=[f83f2423] sw      gp, -120(t5)
C0:       1379 [1] pc=[0000000080000080] W[r 0=0000000080000084][1] R[r 0=0000000000000000] R[r 0=0000000000000000] inst=[ff9ff06f] j       pc - 0x8
C0:       1380 [1] pc=[0000000080000078] W[r30=0000000080001078][1] R[r 0=0000000000000000] R[r 0=0000000000000000] inst=[00001f17] auipc   t5, 0x1
C0:       1381 [1] pc=[000000008000007c] W[r 0=0000000000000000][0] R[r30=0000000080001078] R[r 3=0000000000000001] inst=[f83f2423] sw      gp, -120(t5)
C0:       1382 [1] pc=[0000000080000080] W[r 0=0000000080000084][1] R[r 0=0000000000000000] R[r 0=0000000000000000] inst=[ff9ff06f] j       pc - 0x8
C0:       1383 [1] pc=[0000000080000078] W[r30=0000000080001078][1] R[r 0=0000000000000000] R[r 0=0000000000000000] inst=[00001f17] auipc   t5, 0x1
C0:       1384 [1] pc=[000000008000007c] W[r 0=0000000000000000][0] R[r30=0000000080001078] R[r 3=0000000000000001] inst=[f83f2423] sw      gp, -120(t5)
C0:       1385 [1] pc=[0000000080000080] W[r 0=0000000080000084][1] R[r 0=0000000000000000] R[r 0=0000000000000000] inst=[ff9ff06f] j       pc - 0x8
C0:       1386 [1] pc=[0000000080000078] W[r30=0000000080001078][1] R[r 0=0000000000000000] R[r 0=0000000000000000] inst=[00001f17] auipc   t5, 0x1
C0:       1387 [1] pc=[000000008000007c] W[r 0=0000000000000000][0] R[r30=0000000080001078] R[r 3=0000000000000001] inst=[f83f2423] sw      gp, -120(t5)
C0:       1388 [1] pc=[0000000080000080] W[r 0=0000000080000084][1] R[r 0=0000000000000000] R[r 0=0000000000000000] inst=[ff9ff06f] j       pc - 0x8
C0:       1389 [1] pc=[0000000080000078] W[r30=0000000080001078][1] R[r 0=0000000000000000] R[r 0=0000000000000000] inst=[00001f17] auipc   t5, 0x1
C0:       1390 [1] pc=[000000008000007c] W[r 0=0000000000000000][0] R[r30=0000000080001078] R[r 3=0000000000000001] inst=[f83f2423] sw      gp, -120(t5)
C0:       1391 [1] pc=[0000000080000080] W[r 0=0000000080000084][1] R[r 0=0000000000000000] R[r 0=0000000000000000] inst=[ff9ff06f] j       pc - 0x8
C0:       1392 [1] pc=[0000000080000078] W[r30=0000000080001078][1] R[r 0=0000000000000000] R[r 0=0000000000000000] inst=[00001f17] auipc   t5, 0x1
C0:       1393 [1] pc=[000000008000007c] W[r 0=0000000000000000][0] R[r30=0000000080001078] R[r 3=0000000000000001] inst=[f83f2423] sw      gp, -120(t5)
C0:       1394 [1] pc=[0000000080000080] W[r 0=0000000080000084][1] R[r 0=0000000000000000] R[r 0=0000000000000000] inst=[ff9ff06f] j       pc - 0x8
C0:       1395 [1] pc=[0000000080000078] W[r30=0000000080001078][1] R[r 0=0000000000000000] R[r 0=0000000000000000] inst=[00001f17] auipc   t5, 0x1
C0:       1396 [1] pc=[000000008000007c] W[r 0=0000000000000000][0] R[r30=0000000080001078] R[r 3=0000000000000001] inst=[f83f2423] sw      gp, -120(t5)
C0:       1397 [1] pc=[0000000080000080] W[r 0=0000000080000084][1] R[r 0=0000000000000000] R[r 0=0000000000000000] inst=[ff9ff06f] j       pc - 0x8
C0:       1398 [1] pc=[0000000080000078] W[r30=0000000080001078][1] R[r 0=0000000000000000] R[r 0=0000000000000000] inst=[00001f17] auipc   t5, 0x1
C0:       1399 [1] pc=[000000008000007c] W[r 0=0000000000000000][0] R[r30=0000000080001078] R[r 3=0000000000000001] inst=[f83f2423] sw      gp, -120(t5)
C0:       1400 [1] pc=[0000000080000080] W[r 0=0000000080000084][1] R[r 0=0000000000000000] R[r 0=0000000000000000] inst=[ff9ff06f] j       pc - 0x8
C0:       1401 [1] pc=[0000000080000078] W[r30=0000000080001078][1] R[r 0=0000000000000000] R[r 0=0000000000000000] inst=[00001f17] auipc   t5, 0x1
C0:       1402 [1] pc=[000000008000007c] W[r 0=0000000000000000][0] R[r30=0000000080001078] R[r 3=0000000000000001] inst=[f83f2423] sw      gp, -120(t5)
C0:       1403 [1] pc=[0000000080000080] W[r 0=0000000080000084][1] R[r 0=0000000000000000] R[r 0=0000000000000000] inst=[ff9ff06f] j       pc - 0x8
C0:       1404 [1] pc=[0000000080000078] W[r30=0000000080001078][1] R[r 0=0000000000000000] R[r 0=0000000000000000] inst=[00001f17] auipc   t5, 0x1
C0:       1405 [1] pc=[000000008000007c] W[r 0=0000000000000000][0] R[r30=0000000080001078] R[r 3=0000000000000001] inst=[f83f2423] sw      gp, -120(t5)
C0:       1406 [1] pc=[0000000080000080] W[r 0=0000000080000084][1] R[r 0=0000000000000000] R[r 0=0000000000000000] inst=[ff9ff06f] j       pc - 0x8
C0:       1407 [1] pc=[0000000080000078] W[r30=0000000080001078][1] R[r 0=0000000000000000] R[r 0=0000000000000000] inst=[00001f17] auipc   t5, 0x1
C0:       1408 [1] pc=[000000008000007c] W[r 0=0000000000000000][0] R[r30=0000000080001078] R[r 3=0000000000000001] inst=[f83f2423] sw      gp, -120(t5)
C0:       1409 [1] pc=[0000000080000080] W[r 0=0000000080000084][1] R[r 0=0000000000000000] R[r 0=0000000000000000] inst=[ff9ff06f] j       pc - 0x8
C0:       1410 [1] pc=[0000000080000078] W[r30=0000000080001078][1] R[r 0=0000000000000000] R[r 0=0000000000000000] inst=[00001f17] auipc   t5, 0x1
C0:       1436 [1] pc=[000000008000007c] W[r 0=0000000000000000][0] R[r30=0000000080001078] R[r 3=0000000000000001] inst=[f83f2423] sw      gp, -120(t5)
C0:       1437 [1] pc=[0000000080000080] W[r 0=0000000080000084][1] R[r 0=0000000000000000] R[r 0=0000000000000000] inst=[ff9ff06f] j       pc - 0x8
C0:       1438 [1] pc=[0000000080000078] W[r30=0000000080001078][1] R[r 0=0000000000000000] R[r 0=0000000000000000] inst=[00001f17] auipc   t5, 0x1
C0:       1439 [1] pc=[000000008000007c] W[r 0=0000000000000000][0] R[r30=0000000080001078] R[r 3=0000000000000001] inst=[f83f2423] sw      gp, -120(t5)
C0:       1440 [1] pc=[0000000080000080] W[r 0=0000000080000084][1] R[r 0=0000000000000000] R[r 0=0000000000000000] inst=[ff9ff06f] j       pc - 0x8
C0:       1441 [1] pc=[0000000080000078] W[r30=0000000080001078][1] R[r 0=0000000000000000] R[r 0=0000000000000000] inst=[00001f17] auipc   t5, 0x1
C0:       1442 [1] pc=[000000008000007c] W[r 0=0000000000000000][0] R[r30=0000000080001078] R[r 3=0000000000000001] inst=[f83f2423] sw      gp, -120(t5)
C0:       1443 [1] pc=[0000000080000080] W[r 0=0000000080000084][1] R[r 0=0000000000000000] R[r 0=0000000000000000] inst=[ff9ff06f] j       pc - 0x8
C0:       1444 [1] pc=[0000000080000078] W[r30=0000000080001078][1] R[r 0=0000000000000000] R[r 0=0000000000000000] inst=[00001f17] auipc   t5, 0x1
C0:       1445 [1] pc=[000000008000007c] W[r 0=0000000000000000][0] R[r30=0000000080001078] R[r 3=0000000000000001] inst=[f83f2423] sw      gp, -120(t5)
C0:       1446 [1] pc=[0000000080000080] W[r 0=0000000080000084][1] R[r 0=0000000000000000] R[r 0=0000000000000000] inst=[ff9ff06f] j       pc - 0x8
C0:       1447 [1] pc=[0000000080000078] W[r30=0000000080001078][1] R[r 0=0000000000000000] R[r 0=0000000000000000] inst=[00001f17] auipc   t5, 0x1
C0:       1448 [1] pc=[000000008000007c] W[r 0=0000000000000000][0] R[r30=0000000080001078] R[r 3=0000000000000001] inst=[f83f2423] sw      gp, -120(t5)
C0:       1449 [1] pc=[0000000080000080] W[r 0=0000000080000084][1] R[r 0=0000000000000000] R[r 0=0000000000000000] inst=[ff9ff06f] j       pc - 0x8
C0:       1450 [1] pc=[0000000080000078] W[r30=0000000080001078][1] R[r 0=0000000000000000] R[r 0=0000000000000000] inst=[00001f17] auipc   t5, 0x1
C0:       1451 [1] pc=[000000008000007c] W[r 0=0000000000000000][0] R[r30=0000000080001078] R[r 3=0000000000000001] inst=[f83f2423] sw      gp, -120(t5)
C0:       1452 [1] pc=[0000000080000080] W[r 0=0000000080000084][1] R[r 0=0000000000000000] R[r 0=0000000000000000] inst=[ff9ff06f] j       pc - 0x8
C0:       1453 [1] pc=[0000000080000078] W[r30=0000000080001078][1] R[r 0=0000000000000000] R[r 0=0000000000000000] inst=[00001f17] auipc   t5, 0x1
C0:       1454 [1] pc=[000000008000007c] W[r 0=0000000000000000][0] R[r30=0000000080001078] R[r 3=0000000000000001] inst=[f83f2423] sw      gp, -120(t5)
C0:       1455 [1] pc=[0000000080000080] W[r 0=0000000080000084][1] R[r 0=0000000000000000] R[r 0=0000000000000000] inst=[ff9ff06f] j       pc - 0x8
C0:       1456 [1] pc=[0000000080000078] W[r30=0000000080001078][1] R[r 0=0000000000000000] R[r 0=0000000000000000] inst=[00001f17] auipc   t5, 0x1
C0:       1457 [1] pc=[000000008000007c] W[r 0=0000000000000000][0] R[r30=0000000080001078] R[r 3=0000000000000001] inst=[f83f2423] sw      gp, -120(t5)
C0:       1458 [1] pc=[0000000080000080] W[r 0=0000000080000084][1] R[r 0=0000000000000000] R[r 0=0000000000000000] inst=[ff9ff06f] j       pc - 0x8
C0:       1459 [1] pc=[0000000080000078] W[r30=0000000080001078][1] R[r 0=0000000000000000] R[r 0=0000000000000000] inst=[00001f17] auipc   t5, 0x1
C0:       1460 [1] pc=[000000008000007c] W[r 0=0000000000000000][0] R[r30=0000000080001078] R[r 3=0000000000000001] inst=[f83f2423] sw      gp, -120(t5)
C0:       1461 [1] pc=[0000000080000080] W[r 0=0000000080000084][1] R[r 0=0000000000000000] R[r 0=0000000000000000] inst=[ff9ff06f] j       pc - 0x8
C0:       1462 [1] pc=[0000000080000078] W[r30=0000000080001078][1] R[r 0=0000000000000000] R[r 0=0000000000000000] inst=[00001f17] auipc   t5, 0x1
C0:       1463 [1] pc=[000000008000007c] W[r 0=0000000000000000][0] R[r30=0000000080001078] R[r 3=0000000000000001] inst=[f83f2423] sw      gp, -120(t5)
C0:       1464 [1] pc=[0000000080000080] W[r 0=0000000080000084][1] R[r 0=0000000000000000] R[r 0=0000000000000000] inst=[ff9ff06f] j       pc - 0x8
C0:       1465 [1] pc=[0000000080000078] W[r30=0000000080001078][1] R[r 0=0000000000000000] R[r 0=0000000000000000] inst=[00001f17] auipc   t5, 0x1
C0:       1466 [1] pc=[000000008000007c] W[r 0=0000000000000000][0] R[r30=0000000080001078] R[r 3=0000000000000001] inst=[f83f2423] sw      gp, -120(t5)
C0:       1467 [1] pc=[0000000080000080] W[r 0=0000000080000084][1] R[r 0=0000000000000000] R[r 0=0000000000000000] inst=[ff9ff06f] j       pc - 0x8
C0:       1468 [1] pc=[0000000080000078] W[r30=0000000080001078][1] R[r 0=0000000000000000] R[r 0=0000000000000000] inst=[00001f17] auipc   t5, 0x1
*** PASSED *** Completed after 25209 cycles
