using random seed 1632263529
This emulator compiled with JTAG Remote Bitbang client. To enable, use +jtag_rbb_enable=1.
Listening on port 46191
== Loading device model file '/home/fleker/Desktop/chipyard/generators/testchipip/src/main/resources/dramsim2_ini/DDR3_micron_64M_8B_x4_sg15.ini' == 
== Loading system model file '/home/fleker/Desktop/chipyard/generators/testchipip/src/main/resources/dramsim2_ini/system.ini' == 
===== MemorySystem 0 =====
CH. 0 TOTAL_STORAGE : 4096MB | 1 Ranks | 16 Devices per rank
DRAMSim2 Clock Frequency =666666666Hz, CPU Clock Frequency=100000000Hz
C0:         19 [1] pc=[0000000000010040] W[r10=0000000000010040][1] R[r 0=0000000000000000] R[r 0=0000000000000000] inst=[00000517] auipc   a0, 0x0
C0:         20 [1] pc=[0000000000010044] W[r10=0000000000010000][1] R[r10=0000000000010040] R[r 0=0000000000000000] inst=[fc050513] addi    a0, a0, -64
C0:         21 [1] pc=[0000000000010048] W[r 0=0000000000000000][1] R[r10=0000000000010000] R[r 0=0000000000000000] inst=[30551073] csrw    unknown_305, a0
C0:         26 [1] pc=[000000000001004c] W[r 5=800000000094112d][1] R[r 0=0000000000000000] R[r 0=0000000000000000] inst=[301022f3] csrr    t0, unknown_301
C0:         29 [1] pc=[0000000000010050] W[r 5=ffffe00000000025][1] R[r 5=800000000094112d] R[r 0=0000000000000000] inst=[4122d293] srai    t0, t0, 18
C0:         30 [1] pc=[0000000000010054] W[r 5=0000000000000001][1] R[r 5=ffffe00000000025] R[r 0=0000000000000000] inst=[0012f293] andi    t0, t0, 1
C0:         31 [1] pc=[0000000000010058] W[r 0=0000000000000000][0] R[r 5=0000000000000001] R[r 0=0000000000000000] inst=[00028463] beqz    t0, pc + 8
C0:         32 [1] pc=[000000000001005c] W[r 0=0000000000000000][1] R[r 0=0000000000000000] R[r 0=0000000000000000] inst=[30301073] csrw    unknown_303, zero
C0:         37 [1] pc=[0000000000010060] W[r10=0000000000000008][1] R[r 0=0000000000000000] R[r 0=0000000000000000] inst=[00800513] li      a0, 8
C0:         38 [1] pc=[0000000000010064] W[r 0=0000000000000000][1] R[r10=0000000000000008] R[r 0=0000000000000000] inst=[30451073] csrw    unknown_304, a0
C0:         43 [1] pc=[0000000000010068] W[r 0=0000000a00001800][1] R[r10=0000000000000008] R[r 0=0000000000000000] inst=[30052073] csrs    unknown_300, a0
C0:         48 [1] pc=[000000000001006c] W[r 0=0000000000000000][0] R[r 0=0000000000000000] R[r 0=0000000000000000] inst=[10500073] wfi
C0:         51 [0] pc=[0000000000010070] W[r 0=0000000000000000][0] R[r31=0000000000000008] R[r 0=0000000000000000] inst=[ffdff06f] j       pc - 0x4
C0:         70 [1] pc=[0000000000010000] W[r11=0000000002000000][1] R[r 0=0000000000000000] R[r 0=0000000000000000] inst=[020005b7] lui     a1, 0x2000
C0:         71 [1] pc=[0000000000010004] W[r10=0000000000000000][1] R[r 0=0000000000000000] R[r 0=0000000000000000] inst=[f1402573] csrr    a0, unknown_f14
C0:         74 [1] pc=[0000000000010008] W[r 0=0000000000000000][0] R[r10=0000000000000000] R[r 0=0000000000000000] inst=[00050463] beqz    a0, pc + 8
C0:         78 [1] pc=[0000000000010010] W[r12=0000000002000004][1] R[r11=0000000002000000] R[r 0=0000000000000000] inst=[00458613] addi    a2, a1, 4
C0:         79 [1] pc=[0000000000010014] W[r13=0000000000000001][1] R[r 0=0000000000000000] R[r 0=0000000000000000] inst=[00100693] li      a3, 1
C0:         80 [1] pc=[0000000000010018] W[r 0=0000000000000000][0] R[r12=0000000002000004] R[r13=0000000000000001] inst=[00d62023] sw      a3, 0(a2)
C0:         81 [1] pc=[000000000001001c] W[r12=0000000002000008][1] R[r12=0000000002000004] R[r 0=0000000000000000] inst=[00460613] addi    a2, a2, 4
C0:         87 [1] pc=[0000000000010020] W[r13=0000000000000000][0] R[r12=0000000002000008] R[r 0=0000000000000000] inst=[ffc62683] lw      a3, -4(a2)
C0:         95 [1] pc=[0000000000010024] W[r 0=0000000000000000][0] R[r13=0000000000000000] R[r 0=0000000000000000] inst=[fe069ae3] bnez    a3, pc - 12
C0:         96 [1] pc=[0000000000010028] W[r 0=000000000001002c][1] R[r 0=0000000000000000] R[r 0=0000000000000000] inst=[05c0006f] j       pc + 0x5c
C0:        116 [1] pc=[0000000000010084] W[r 0=0000000000000000][0] R[r11=0000000002000000] R[r 0=0000000000000000] inst=[0005a023] sw      zero, 0(a1)
C0:        117 [1] pc=[0000000000010088] W[r10=0000000000004000][1] R[r 0=0000000000000000] R[r 0=0000000000000000] inst=[00004537] lui     a0, 0x4
C0:        123 [1] pc=[000000000001008c] W[r10=0000000000000000][0] R[r10=0000000000004000] R[r 0=0000000000000000] inst=[00056503] lwu     a0, 0(a0)
C0:        135 [1] pc=[0000000000010090] W[r 0=0000000000010070][1] R[r10=0000000080000000] R[r 0=0000000000000000] inst=[34151073] csrw    unknown_341, a0
C0:        136 [1] pc=[0000000000010094] W[r10=0000000000000000][1] R[r 0=0000000000000000] R[r 0=0000000000000000] inst=[f1402573] csrr    a0, unknown_f14
C0:        137 [1] pc=[0000000000010098] W[r11=0000000000010098][1] R[r 0=0000000000000000] R[r 0=0000000000000000] inst=[00000597] auipc   a1, 0x0
C0:        138 [1] pc=[000000000001009c] W[r11=00000000000100b0][1] R[r11=0000000000010098] R[r 0=0000000000000000] inst=[01858593] addi    a1, a1, 24
C0:        139 [1] pc=[00000000000100a0] W[r12=0000000000000080][1] R[r 0=0000000000000000] R[r 0=0000000000000000] inst=[08000613] li      a2, 128
C0:        140 [1] pc=[00000000000100a4] W[r 0=0000000a00001880][1] R[r12=0000000000000080] R[r 0=0000000000000000] inst=[30063073] csrc    unknown_300, a2
C0:        145 [1] pc=[00000000000100a8] W[r 0=0000000000000000][0] R[r 0=0000000000000000] R[r 0=0000000000000000] inst=[30200073] mret
C0:        166 [1] pc=[0000000080000000] W[r 0=0000000080000004][1] R[r 0=0000000000000000] R[r 0=0000000000000000] inst=[0840006f] j       pc + 0x84
C0:        189 [1] pc=[0000000080000084] W[r 1=0000000000000000][1] R[r 0=0000000000000000] R[r 0=0000000000000000] inst=[00000093] li      ra, 0
C0:        190 [1] pc=[0000000080000088] W[r 2=0000000000000000][1] R[r 0=0000000000000000] R[r 0=0000000000000000] inst=[00000113] li      sp, 0
C0:        191 [1] pc=[000000008000008c] W[r 3=0000000000000000][1] R[r 0=0000000000000000] R[r 0=0000000000000000] inst=[00000193] li      gp, 0
C0:        192 [1] pc=[0000000080000090] W[r 4=0000000000000000][1] R[r 0=0000000000000000] R[r 0=0000000000000000] inst=[00000213] li      tp, 0
C0:        193 [1] pc=[0000000080000094] W[r 5=0000000000000000][1] R[r 0=0000000000000000] R[r 0=0000000000000000] inst=[00000293] li      t0, 0
C0:        194 [1] pc=[0000000080000098] W[r 6=0000000000000000][1] R[r 0=0000000000000000] R[r 0=0000000000000000] inst=[00000313] li      t1, 0
C0:        195 [1] pc=[000000008000009c] W[r 7=0000000000000000][1] R[r 0=0000000000000000] R[r 0=0000000000000000] inst=[00000393] li      t2, 0
C0:        196 [1] pc=[00000000800000a0] W[r 8=0000000000000000][1] R[r 0=0000000000000000] R[r 0=0000000000000000] inst=[00000413] li      s0, 0
C0:        197 [1] pc=[00000000800000a4] W[r 9=0000000000000000][1] R[r 0=0000000000000000] R[r 0=0000000000000000] inst=[00000493] li      s1, 0
C0:        198 [1] pc=[00000000800000a8] W[r10=0000000000000000][1] R[r 0=0000000000000000] R[r 0=0000000000000000] inst=[00000513] li      a0, 0
C0:        199 [1] pc=[00000000800000ac] W[r11=0000000000000000][1] R[r 0=0000000000000000] R[r 0=0000000000000000] inst=[00000593] li      a1, 0
C0:        200 [1] pc=[00000000800000b0] W[r12=0000000000000000][1] R[r 0=0000000000000000] R[r 0=0000000000000000] inst=[00000613] li      a2, 0
C0:        201 [1] pc=[00000000800000b4] W[r13=0000000000000000][1] R[r 0=0000000000000000] R[r 0=0000000000000000] inst=[00000693] li      a3, 0
C0:        202 [1] pc=[00000000800000b8] W[r14=0000000000000000][1] R[r 0=0000000000000000] R[r 0=0000000000000000] inst=[00000713] li      a4, 0
C0:        203 [1] pc=[00000000800000bc] W[r15=0000000000000000][1] R[r 0=0000000000000000] R[r 0=0000000000000000] inst=[00000793] li      a5, 0
C0:        225 [1] pc=[00000000800000c0] W[r16=0000000000000000][1] R[r 0=0000000000000000] R[r 0=0000000000000000] inst=[00000813] li      a6, 0
C0:        226 [1] pc=[00000000800000c4] W[r17=0000000000000000][1] R[r 0=0000000000000000] R[r 0=0000000000000000] inst=[00000893] li      a7, 0
C0:        227 [1] pc=[00000000800000c8] W[r18=0000000000000000][1] R[r 0=0000000000000000] R[r 0=0000000000000000] inst=[00000913] li      s2, 0
C0:        228 [1] pc=[00000000800000cc] W[r19=0000000000000000][1] R[r 0=0000000000000000] R[r 0=0000000000000000] inst=[00000993] li      s3, 0
C0:        229 [1] pc=[00000000800000d0] W[r20=0000000000000000][1] R[r 0=0000000000000000] R[r 0=0000000000000000] inst=[00000a13] li      s4, 0
C0:        230 [1] pc=[00000000800000d4] W[r21=0000000000000000][1] R[r 0=0000000000000000] R[r 0=0000000000000000] inst=[00000a93] li      s5, 0
C0:        231 [1] pc=[00000000800000d8] W[r22=0000000000000000][1] R[r 0=0000000000000000] R[r 0=0000000000000000] inst=[00000b13] li      s6, 0
C0:        232 [1] pc=[00000000800000dc] W[r23=0000000000000000][1] R[r 0=0000000000000000] R[r 0=0000000000000000] inst=[00000b93] li      s7, 0
C0:        233 [1] pc=[00000000800000e0] W[r24=0000000000000000][1] R[r 0=0000000000000000] R[r 0=0000000000000000] inst=[00000c13] li      s8, 0
C0:        234 [1] pc=[00000000800000e4] W[r25=0000000000000000][1] R[r 0=0000000000000000] R[r 0=0000000000000000] inst=[00000c93] li      s9, 0
C0:        235 [1] pc=[00000000800000e8] W[r26=0000000000000000][1] R[r 0=0000000000000000] R[r 0=0000000000000000] inst=[00000d13] li      s10, 0
C0:        236 [1] pc=[00000000800000ec] W[r27=0000000000000000][1] R[r 0=0000000000000000] R[r 0=0000000000000000] inst=[00000d93] li      s11, 0
C0:        237 [1] pc=[00000000800000f0] W[r28=0000000000000000][1] R[r 0=0000000000000000] R[r 0=0000000000000000] inst=[00000e13] li      t3, 0
C0:        238 [1] pc=[00000000800000f4] W[r29=0000000000000000][1] R[r 0=0000000000000000] R[r 0=0000000000000000] inst=[00000e93] li      t4, 0
C0:        239 [1] pc=[00000000800000f8] W[r30=0000000000000000][1] R[r 0=0000000000000000] R[r 0=0000000000000000] inst=[00000f13] li      t5, 0
C0:        240 [1] pc=[00000000800000fc] W[r31=0000000000000000][1] R[r 0=0000000000000000] R[r 0=0000000000000000] inst=[00000f93] li      t6, 0
C0:        262 [1] pc=[0000000080000100] W[r10=0000000000000000][1] R[r 0=0000000000000000] R[r 0=0000000000000000] inst=[f1402573] csrr    a0, unknown_f14
C0:        265 [1] pc=[0000000080000104] W[r 0=0000000000000000][0] R[r10=0000000000000000] R[r 0=0000000000000000] inst=[00051063] bnez    a0, pc + 0
C0:        266 [1] pc=[0000000080000108] W[r 5=0000000080000108][1] R[r 0=0000000000000000] R[r 0=0000000000000000] inst=[00000297] auipc   t0, 0x0
C0:        267 [1] pc=[000000008000010c] W[r 5=0000000080000118][1] R[r 5=0000000080000108] R[r 0=0000000000000000] inst=[01028293] addi    t0, t0, 16
C0:        268 [1] pc=[0000000080000110] W[r 0=0000000000010000][1] R[r 5=0000000080000118] R[r 0=0000000000000000] inst=[30529073] csrw    unknown_305, t0
C0:        273 [1] pc=[0000000080000114] W[r 0=0000000000000000][1] R[r 0=0000000000000000] R[r 0=0000000000000000] inst=[18005073] csrwi   unknown_180, 0
C0:        278 [1] pc=[0000000080000118] W[r 5=0000000080000118][1] R[r 0=0000000000000000] R[r 0=0000000000000000] inst=[00000297] auipc   t0, 0x0
C0:        279 [1] pc=[000000008000011c] W[r 5=000000008000013c][1] R[r 5=0000000080000118] R[r 0=0000000000000000] inst=[02428293] addi    t0, t0, 36
C0:        280 [1] pc=[0000000080000120] W[r 0=0000000080000118][1] R[r 5=000000008000013c] R[r 0=0000000000000000] inst=[30529073] csrw    unknown_305, t0
C0:        285 [1] pc=[0000000080000124] W[r 5=0000000000000001][1] R[r 0=0000000000000000] R[r 0=0000000000000000] inst=[0010029b] addiw   t0, zero, 1
C0:        286 [1] pc=[0000000080000128] W[r 5=0020000000000000][1] R[r 5=0000000000000001] R[r 0=0000000000000000] inst=[03529293] slli    t0, t0, 53
C0:        287 [1] pc=[000000008000012c] W[r 5=001fffffffffffff][1] R[r 5=0020000000000000] R[r 0=0000000000000000] inst=[fff28293] addi    t0, t0, -1
C0:        288 [1] pc=[0000000080000130] W[r 0=0000000000000000][1] R[r 5=001fffffffffffff] R[r 0=0000000000000000] inst=[3b029073] csrw    unknown_3b0, t0
C0:        293 [1] pc=[0000000080000134] W[r 5=000000000000001f][1] R[r 0=0000000000000000] R[r 0=0000000000000000] inst=[01f00293] li      t0, 31
C0:        294 [1] pc=[0000000080000138] W[r 0=0000000000000000][1] R[r 5=000000000000001f] R[r 0=0000000000000000] inst=[3a029073] csrw    unknown_3a0, t0
C0:        299 [1] pc=[000000008000013c] W[r 0=0000000000000008][1] R[r 0=0000000000000000] R[r 0=0000000000000000] inst=[30405073] csrwi   unknown_304, 0
C0:        316 [1] pc=[0000000080000140] W[r 5=0000000080000140][1] R[r 0=0000000000000000] R[r 0=0000000000000000] inst=[00000297] auipc   t0, 0x0
C0:        317 [1] pc=[0000000080000144] W[r 5=0000000080000154][1] R[r 5=0000000080000140] R[r 0=0000000000000000] inst=[01428293] addi    t0, t0, 20
C0:        318 [1] pc=[0000000080000148] W[r 0=000000008000013c][1] R[r 5=0000000080000154] R[r 0=0000000000000000] inst=[30529073] csrw    unknown_305, t0
C0:        323 [1] pc=[000000008000014c] W[r 0=0000000000000000][1] R[r 0=0000000000000000] R[r 0=0000000000000000] inst=[30205073] csrwi   unknown_302, 0
C0:        328 [1] pc=[0000000080000150] W[r 0=0000000000000000][1] R[r 0=0000000000000000] R[r 0=0000000000000000] inst=[30305073] csrwi   unknown_303, 0
C0:        333 [1] pc=[0000000080000154] W[r 3=0000000000000000][1] R[r 0=0000000000000000] R[r 0=0000000000000000] inst=[00000193] li      gp, 0
C0:        334 [1] pc=[0000000080000158] W[r 5=0000000080000158][1] R[r 0=0000000000000000] R[r 0=0000000000000000] inst=[00000297] auipc   t0, 0x0
C0:        335 [1] pc=[000000008000015c] W[r 5=0000000080000004][1] R[r 5=0000000080000158] R[r 0=0000000000000000] inst=[eac28293] addi    t0, t0, -340
C0:        336 [1] pc=[0000000080000160] W[r 0=0000000080000154][1] R[r 5=0000000080000004] R[r 0=0000000000000000] inst=[30529073] csrw    unknown_305, t0
C0:        341 [1] pc=[0000000080000164] W[r10=0000000000000001][1] R[r 0=0000000000000000] R[r 0=0000000000000000] inst=[00100513] li      a0, 1
C0:        342 [1] pc=[0000000080000168] W[r10=0000000080000000][1] R[r10=0000000000000001] R[r 0=0000000000000000] inst=[01f51513] slli    a0, a0, 31
C0:        343 [1] pc=[000000008000016c] W[r 0=0000000000000000][0] R[r10=0000000080000000] R[r 0=0000000000000000] inst=[00055c63] bgez    a0, pc + 24
C0:        368 [1] pc=[0000000080000184] W[r 5=0000000000000184][1] R[r 0=0000000000000000] R[r 0=0000000000000000] inst=[80000297] auipc   t0, 0x80000
C0:        369 [1] pc=[0000000080000188] W[r 5=0000000000000000][1] R[r 5=0000000000000184] R[r 0=0000000000000000] inst=[e7c28293] addi    t0, t0, -388
C0:        370 [1] pc=[000000008000018c] W[r 0=0000000000000000][0] R[r 5=0000000000000000] R[r 0=0000000000000000] inst=[00028a63] beqz    t0, pc + 20
C0:        374 [1] pc=[00000000800001a0] W[r 0=0000000a00000080][1] R[r 0=0000000000000000] R[r 0=0000000000000000] inst=[30005073] csrwi   unknown_300, 0
C0:        379 [1] pc=[00000000800001a4] W[r10=0000000000002000][1] R[r 0=0000000000000000] R[r 0=0000000000000000] inst=[00002537] lui     a0, 0x2
C0:        380 [1] pc=[00000000800001a8] W[r10=0000000000001800][1] R[r10=0000000000002000] R[r 0=0000000000000000] inst=[8005051b] addiw   a0, a0, -2048
C0:        381 [1] pc=[00000000800001ac] W[r 0=0000000a00000000][1] R[r10=0000000000001800] R[r 0=0000000000000000] inst=[30052073] csrs    unknown_300, a0
C0:        386 [1] pc=[00000000800001b0] W[r 5=00000000800001b0][1] R[r 0=0000000000000000] R[r 0=0000000000000000] inst=[00000297] auipc   t0, 0x0
C0:        387 [1] pc=[00000000800001b4] W[r 5=00000000800001c4][1] R[r 5=00000000800001b0] R[r 0=0000000000000000] inst=[01428293] addi    t0, t0, 20
C0:        388 [1] pc=[00000000800001b8] W[r 0=0000000080000000][1] R[r 5=00000000800001c4] R[r 0=0000000000000000] inst=[34129073] csrw    unknown_341, t0
C0:        389 [1] pc=[00000000800001bc] W[r10=0000000000000000][1] R[r 0=0000000000000000] R[r 0=0000000000000000] inst=[f1402573] csrr    a0, unknown_f14
C0:        411 [1] pc=[00000000800001c0] W[r 0=0000000000000000][0] R[r 0=0000000000000000] R[r 0=0000000000000000] inst=[30200073] mret
C0:        416 [1] pc=[00000000800001c4] W[r10=ffffffffffffffff][1] R[r 0=0000000000000000] R[r 0=0000000000000000] inst=[fff0051b] addiw   a0, zero, -1
C0:        417 [1] pc=[00000000800001c8] W[r10=8000000000000000][1] R[r10=ffffffffffffffff] R[r 0=0000000000000000] inst=[03f51513] slli    a0, a0, 63
C0:        418 [1] pc=[00000000800001cc] W[r11=00000000800021cc][1] R[r 0=0000000000000000] R[r 0=0000000000000000] inst=[00002597] auipc   a1, 0x2
C0:        419 [1] pc=[00000000800001d0] W[r11=0000000080002000][1] R[r11=00000000800021cc] R[r 0=0000000000000000] inst=[e3458593] addi    a1, a1, -460
C0:        420 [1] pc=[00000000800001d4] W[r11=0000000000080002][1] R[r11=0000000080002000] R[r 0=0000000000000000] inst=[00c5d593] srli    a1, a1, 12
C0:        421 [1] pc=[00000000800001d8] W[r11=8000000000080002][1] R[r11=0000000000080002] R[r10=8000000000000000] inst=[00a5e5b3] or      a1, a1, a0
C0:        422 [1] pc=[00000000800001dc] W[r 0=0000000000000000][1] R[r11=8000000000080002] R[r 0=0000000000000000] inst=[18059073] csrw    unknown_180, a1
C0:        427 [1] pc=[00000000800001e0] W[r 0=0000000000000000][0] R[r 0=0000000000000000] R[r 0=0000000000000000] inst=[12000073] sfence.vma zero, zero
C0:        432 [1] pc=[00000000800001e4] W[r11=0000000000021000][1] R[r 0=0000000000000000] R[r 0=0000000000000000] inst=[000215b7] lui     a1, 0x21
C0:        433 [1] pc=[00000000800001e8] W[r11=0000000000020800][1] R[r11=0000000000021000] R[r 0=0000000000000000] inst=[8005859b] addiw   a1, a1, -2048
C0:        434 [1] pc=[00000000800001ec] W[r 0=0000000a00000080][1] R[r11=0000000000020800] R[r 0=0000000000000000] inst=[3005a073] csrs    unknown_300, a1
C0:        439 [1] pc=[00000000800001f0] W[r 3=0000000000000002][1] R[r 0=0000000000000000] R[r 0=0000000000000000] inst=[00200193] li      gp, 2
C0:        440 [1] pc=[00000000800001f4] W[r 7=0000000000000001][1] R[r 0=0000000000000000] R[r 0=0000000000000000] inst=[00100393] li      t2, 1
C0:        441 [1] pc=[00000000800001f8] W[r10=00000000000021f8][1] R[r 0=0000000000000000] R[r 0=0000000000000000] inst=[80002517] auipc   a0, 0x80002
C0:        472 [0] pc=[00000000800001fc] W[r 0=0000000000000000][0] R[r10=00000000000021f8] R[r 7=0000000000000001] inst=[e0752823] sw      t2, -496(a0)
C0:        477 [1] pc=[0000000080000004] W[r30=000000000000000f][1] R[r 0=0000000000000000] R[r 0=0000000000000000] inst=[34202f73] csrr    t5, unknown_342
C0:        478 [1] pc=[0000000080000008] W[r31=0000000000000008][1] R[r 0=0000000000000000] R[r 0=0000000000000000] inst=[00800f93] li      t6, 8
C0:        480 [1] pc=[000000008000000c] W[r 0=0000000000000000][0] R[r30=000000000000000f] R[r31=0000000000000008] inst=[07ff0663] beq     t5, t6, pc + 108
C0:        481 [1] pc=[0000000080000010] W[r31=0000000000000009][1] R[r 0=0000000000000000] R[r 0=0000000000000000] inst=[00900f93] li      t6, 9
C0:        482 [1] pc=[0000000080000014] W[r 0=0000000000000000][0] R[r30=000000000000000f] R[r31=0000000000000009] inst=[07ff0263] beq     t5, t6, pc + 100
C0:        483 [1] pc=[0000000080000018] W[r31=000000000000000b][1] R[r 0=0000000000000000] R[r 0=0000000000000000] inst=[00b00f93] li      t6, 11
C0:        484 [1] pc=[000000008000001c] W[r 0=0000000000000000][0] R[r30=000000000000000f] R[r31=000000000000000b] inst=[05ff0e63] beq     t5, t6, pc + 92
C0:        485 [1] pc=[0000000080000020] W[r30=0000000080000020][1] R[r 0=0000000000000000] R[r 0=0000000000000000] inst=[00000f17] auipc   t5, 0x0
C0:        486 [1] pc=[0000000080000024] W[r30=00000000800002c4][1] R[r30=0000000080000020] R[r 0=0000000000000000] inst=[2a4f0f13] addi    t5, t5, 676
C0:        487 [1] pc=[0000000080000028] W[r 0=0000000000000000][0] R[r30=00000000800002c4] R[r 0=0000000000000000] inst=[000f0463] beqz    t5, pc + 8
C0:        488 [1] pc=[000000008000002c] W[r 0=0000000080000030][1] R[r30=00000000800002c4] R[r 0=0000000000000000] inst=[000f0067] jr      t5
C0:        513 [1] pc=[00000000800002c4] W[r 5=000000000000000f][1] R[r 0=0000000000000000] R[r 0=0000000000000000] inst=[342022f3] csrr    t0, unknown_342
C0:        516 [1] pc=[00000000800002c8] W[r 5=0000000000000000][1] R[r 5=000000000000000f] R[r 0=0000000000000000] inst=[ff128293] addi    t0, t0, -15
C0:        517 [1] pc=[00000000800002cc] W[r 0=0000000000000000][0] R[r 5=0000000000000000] R[r 0=0000000000000000] inst=[06029263] bnez    t0, pc + 100
C0:        518 [1] pc=[00000000800002d0] W[r 6=0000000000000002][1] R[r 0=0000000000000000] R[r 0=0000000000000000] inst=[00200313] li      t1, 2
C0:        519 [1] pc=[00000000800002d4] W[r 0=0000000000000000][0] R[r 3=0000000000000002] R[r 6=0000000000000002] inst=[02619263] bne     gp, t1, pc + 36
C0:        520 [1] pc=[00000000800002d8] W[r 5=00000000800022d8][1] R[r 0=0000000000000000] R[r 0=0000000000000000] inst=[00002297] auipc   t0, 0x2
C0:        521 [1] pc=[00000000800002dc] W[r 5=000000002000005f][1] R[r 5=00000000800022d8] R[r 0=0000000000000000] inst=[d282a283] lw      t0, -728(t0)
C0:        523 [1] pc=[00000000800002e0] W[r 6=0000000000000000][1] R[r 5=000000002000005f] R[r 0=0000000000000000] inst=[0802f313] andi    t1, t0, 128
C0:        524 [1] pc=[00000000800002e4] W[r 0=0000000000000000][0] R[r 6=0000000000000000] R[r 0=0000000000000000] inst=[04031663] bnez    t1, pc + 76
C0:        525 [1] pc=[00000000800002e8] W[r 5=00000000800001fc][1] R[r 0=0000000000000000] R[r 0=0000000000000000] inst=[341022f3] csrr    t0, unknown_341
C0:        528 [1] pc=[00000000800002ec] W[r 5=0000000080000200][1] R[r 5=00000000800001fc] R[r 0=0000000000000000] inst=[00428293] addi    t0, t0, 4
C0:        529 [1] pc=[00000000800002f0] W[r 0=00000000800001fc][1] R[r 5=0000000080000200] R[r 0=0000000000000000] inst=[34129073] csrw    unknown_341, t0
C0:        530 [1] pc=[00000000800002f4] W[r 0=0000000000000000][0] R[r 0=0000000000000000] R[r 0=0000000000000000] inst=[30200073] mret
C0:        535 [1] pc=[0000000080000200] W[r 3=0000000000000003][1] R[r 0=0000000000000000] R[r 0=0000000000000000] inst=[00300193] li      gp, 3
C0:        536 [1] pc=[0000000080000204] W[r11=0000000000041000][1] R[r 0=0000000000000000] R[r 0=0000000000000000] inst=[000415b7] lui     a1, 0x41
C0:        537 [1] pc=[0000000080000208] W[r11=0000000000040800][1] R[r11=0000000000041000] R[r 0=0000000000000000] inst=[8005859b] addiw   a1, a1, -2048
C0:        538 [1] pc=[000000008000020c] W[r 0=0000000a00020080][1] R[r11=0000000000040800] R[r 0=0000000000000000] inst=[3005a073] csrs    unknown_300, a1
C0:        543 [1] pc=[0000000080000210] W[r 5=0000000000002210][1] R[r 0=0000000000000000] R[r 0=0000000000000000] inst=[80002297] auipc   t0, 0x80002
C0:        544 [1] pc=[0000000080000214] W[r 5=0000000000000000][1] R[r 5=0000000000002210] R[r 0=0000000000000000] inst=[df82a283] lw      t0, -520(t0)
C0:        546 [1] pc=[0000000080000218] W[r 0=0000000000000000][0] R[r 5=0000000000000000] R[r 0=0000000000000000] inst=[10029c63] bnez    t0, pc + 280
C0:        547 [1] pc=[000000008000021c] W[r10=000000000000221c][1] R[r 0=0000000000000000] R[r 0=0000000000000000] inst=[80002517] auipc   a0, 0x80002
C0:        548 [0] pc=[0000000080000220] W[r 0=0000000000000000][0] R[r10=000000000000221c] R[r 7=0000000000000001] inst=[de752623] sw      t2, -532(a0)
C0:        553 [1] pc=[0000000080000004] W[r30=000000000000000f][1] R[r 0=0000000000000000] R[r 0=0000000000000000] inst=[34202f73] csrr    t5, unknown_342
C0:        554 [1] pc=[0000000080000008] W[r31=0000000000000008][1] R[r 0=0000000000000000] R[r 0=0000000000000000] inst=[00800f93] li      t6, 8
C0:        556 [1] pc=[000000008000000c] W[r 0=0000000000000000][0] R[r30=000000000000000f] R[r31=0000000000000008] inst=[07ff0663] beq     t5, t6, pc + 108
C0:        557 [1] pc=[0000000080000010] W[r31=0000000000000009][1] R[r 0=0000000000000000] R[r 0=0000000000000000] inst=[00900f93] li      t6, 9
C0:        558 [1] pc=[0000000080000014] W[r 0=0000000000000000][0] R[r30=000000000000000f] R[r31=0000000000000009] inst=[07ff0263] beq     t5, t6, pc + 100
C0:        559 [1] pc=[0000000080000018] W[r31=000000000000000b][1] R[r 0=0000000000000000] R[r 0=0000000000000000] inst=[00b00f93] li      t6, 11
C0:        560 [1] pc=[000000008000001c] W[r 0=0000000000000000][0] R[r30=000000000000000f] R[r31=000000000000000b] inst=[05ff0e63] beq     t5, t6, pc + 92
C0:        561 [1] pc=[0000000080000020] W[r30=0000000080000020][1] R[r 0=0000000000000000] R[r 0=0000000000000000] inst=[00000f17] auipc   t5, 0x0
C0:        562 [1] pc=[0000000080000024] W[r30=00000000800002c4][1] R[r30=0000000080000020] R[r 0=0000000000000000] inst=[2a4f0f13] addi    t5, t5, 676
C0:        563 [1] pc=[0000000080000028] W[r 0=0000000000000000][0] R[r30=00000000800002c4] R[r 0=0000000000000000] inst=[000f0463] beqz    t5, pc + 8
C0:        564 [1] pc=[000000008000002c] W[r 0=0000000080000030][1] R[r30=00000000800002c4] R[r 0=0000000000000000] inst=[000f0067] jr      t5
C0:        565 [1] pc=[00000000800002c4] W[r 5=000000000000000f][1] R[r 0=0000000000000000] R[r 0=0000000000000000] inst=[342022f3] csrr    t0, unknown_342
C0:        568 [1] pc=[00000000800002c8] W[r 5=0000000000000000][1] R[r 5=000000000000000f] R[r 0=0000000000000000] inst=[ff128293] addi    t0, t0, -15
C0:        569 [1] pc=[00000000800002cc] W[r 0=0000000000000000][0] R[r 5=0000000000000000] R[r 0=0000000000000000] inst=[06029263] bnez    t0, pc + 100
C0:        570 [1] pc=[00000000800002d0] W[r 6=0000000000000002][1] R[r 0=0000000000000000] R[r 0=0000000000000000] inst=[00200313] li      t1, 2
C0:        571 [1] pc=[00000000800002d4] W[r 0=0000000000000000][0] R[r 3=0000000000000003] R[r 6=0000000000000002] inst=[02619263] bne     gp, t1, pc + 36
C0:        575 [1] pc=[00000000800002f8] W[r 6=0000000000000003][1] R[r 0=0000000000000000] R[r 0=0000000000000000] inst=[00300313] li      t1, 3
C0:        576 [1] pc=[00000000800002fc] W[r 0=0000000000000000][0] R[r 3=0000000000000003] R[r 6=0000000000000003] inst=[02619463] bne     gp, t1, pc + 40
C0:        598 [1] pc=[0000000080000300] W[r 5=0000000080002300][1] R[r 0=0000000000000000] R[r 0=0000000000000000] inst=[00002297] auipc   t0, 0x2
C0:        599 [1] pc=[0000000080000304] W[r 5=000000002000005f][1] R[r 5=0000000080002300] R[r 0=0000000000000000] inst=[d002a283] lw      t0, -768(t0)
C0:        601 [1] pc=[0000000080000308] W[r 6=0000000000000000][1] R[r 5=000000002000005f] R[r 0=0000000000000000] inst=[0802f313] andi    t1, t0, 128
C0:        602 [1] pc=[000000008000030c] W[r 0=0000000000000000][0] R[r 6=0000000000000000] R[r 0=0000000000000000] inst=[02031263] bnez    t1, pc + 36
C0:        603 [1] pc=[0000000080000310] W[r 5=00000000200000df][1] R[r 5=000000002000005f] R[r 0=0000000000000000] inst=[0802e293] ori     t0, t0, 128
C0:        604 [1] pc=[0000000080000314] W[r 6=0000000080002314][1] R[r 0=0000000000000000] R[r 0=0000000000000000] inst=[00002317] auipc   t1, 0x2
C0:        605 [1] pc=[0000000080000318] W[r 0=0000000000000000][0] R[r 6=0000000080002314] R[r 5=00000000200000df] inst=[ce532623] sw      t0, -788(t1)
C0:        606 [1] pc=[000000008000031c] W[r 0=0000000000000000][0] R[r 0=0000000000000000] R[r 0=0000000000000000] inst=[12000073] sfence.vma zero, zero
C0:        611 [1] pc=[0000000080000320] W[r 0=0000000000000000][0] R[r 0=0000000000000000] R[r 0=0000000000000000] inst=[30200073] mret
C0:        625 [1] pc=[0000000080000220] W[r 0=0000000000000000][0] R[r10=000000000000221c] R[r 7=0000000000000001] inst=[de752623] sw      t2, -532(a0)
C0:        626 [1] pc=[0000000080000224] W[r 5=0000000000002224][1] R[r 0=0000000000000000] R[r 0=0000000000000000] inst=[80002297] auipc   t0, 0x80002
C0:        632 [1] pc=[0000000080000228] W[r 5=0000000000000001][1] R[r 5=0000000000002224] R[r 0=0000000000000000] inst=[de42a283] lw      t0, -540(t0)
C0:        634 [1] pc=[000000008000022c] W[r 0=0000000000000000][0] R[r 5=0000000000000001] R[r 7=0000000000000001] inst=[10729263] bne     t0, t2, pc + 260
C0:        635 [1] pc=[0000000080000230] W[r 5=0000000000020000][1] R[r 0=0000000000000000] R[r 0=0000000000000000] inst=[000202b7] lui     t0, 0x20
C0:        636 [1] pc=[0000000080000234] W[r 0=0000000a00060080][1] R[r 5=0000000000020000] R[r 0=0000000000000000] inst=[3002b073] csrc    unknown_300, t0
C0:        641 [1] pc=[0000000080000238] W[r 5=0000000080002238][1] R[r 0=0000000000000000] R[r 0=0000000000000000] inst=[00002297] auipc   t0, 0x2
C0:        642 [1] pc=[000000008000023c] W[r 5=00000000200000df][1] R[r 5=0000000080002238] R[r 0=0000000000000000] inst=[dc82a283] lw      t0, -568(t0)
C0:        664 [1] pc=[0000000080000240] W[r10=00000000000000c0][1] R[r 0=0000000000000000] R[r 0=0000000000000000] inst=[0c000513] li      a0, 192
C0:        665 [1] pc=[0000000080000244] W[r 5=00000000000000c0][1] R[r 5=00000000200000df] R[r10=00000000000000c0] inst=[00a2f2b3] and     t0, t0, a0
C0:        666 [1] pc=[0000000080000248] W[r 0=0000000000000000][0] R[r 5=00000000000000c0] R[r10=00000000000000c0] inst=[0ea29463] bne     t0, a0, pc + 232
C0:        667 [1] pc=[000000008000024c] W[r 5=0000000000020000][1] R[r 0=0000000000000000] R[r 0=0000000000000000] inst=[000202b7] lui     t0, 0x20
C0:        668 [1] pc=[0000000080000250] W[r 0=0000000a00040080][1] R[r 5=0000000000020000] R[r 0=0000000000000000] inst=[3002a073] csrs    unknown_300, t0
C0:        673 [1] pc=[0000000080000254] W[r 3=0000000000000004][1] R[r 0=0000000000000000] R[r 0=0000000000000000] inst=[00400193] li      gp, 4
C0:        674 [1] pc=[0000000080000258] W[r10=0000000000002258][1] R[r 0=0000000000000000] R[r 0=0000000000000000] inst=[80002517] auipc   a0, 0x80002
C0:        675 [1] pc=[000000008000025c] W[r10=00000000200000df][1] R[r10=0000000000002258] R[r 0=0000000000000000] inst=[da852503] lw      a0, -600(a0)
C0:        677 [1] pc=[0000000080000260] W[r10=00000000200004df][1] R[r10=00000000200000df] R[r 0=0000000000000000] inst=[40056513] ori     a0, a0, 1024
C0:        678 [1] pc=[0000000080000264] W[r 5=0000000000002264][1] R[r 0=0000000000000000] R[r 0=0000000000000000] inst=[80002297] auipc   t0, 0x80002
C0:        679 [1] pc=[0000000080000268] W[r 0=0000000000000000][0] R[r 5=0000000000002264] R[r10=00000000200004df] inst=[d8a2ae23] sw      a0, -612(t0)
C0:        680 [1] pc=[000000008000026c] W[r 0=0000000000000000][0] R[r 0=0000000000000000] R[r 0=0000000000000000] inst=[12000073] sfence.vma zero, zero
C0:        685 [1] pc=[0000000080000270] W[r 5=0000000000002270][1] R[r 0=0000000000000000] R[r 0=0000000000000000] inst=[80002297] auipc   t0, 0x80002
C0:        695 [0] pc=[0000000080000274] W[r 0=0000000000000000][0] R[r 5=0000000000002270] R[r10=00000000200004df] inst=[d8a2a823] sw      a0, -624(t0)
C0:        700 [1] pc=[0000000080000004] W[r30=000000000000000f][1] R[r 0=0000000000000000] R[r 0=0000000000000000] inst=[34202f73] csrr    t5, unknown_342
C0:        701 [1] pc=[0000000080000008] W[r31=0000000000000008][1] R[r 0=0000000000000000] R[r 0=0000000000000000] inst=[00800f93] li      t6, 8
C0:        703 [1] pc=[000000008000000c] W[r 0=0000000000000000][0] R[r30=000000000000000f] R[r31=0000000000000008] inst=[07ff0663] beq     t5, t6, pc + 108
C0:        704 [1] pc=[0000000080000010] W[r31=0000000000000009][1] R[r 0=0000000000000000] R[r 0=0000000000000000] inst=[00900f93] li      t6, 9
C0:        705 [1] pc=[0000000080000014] W[r 0=0000000000000000][0] R[r30=000000000000000f] R[r31=0000000000000009] inst=[07ff0263] beq     t5, t6, pc + 100
C0:        706 [1] pc=[0000000080000018] W[r31=000000000000000b][1] R[r 0=0000000000000000] R[r 0=0000000000000000] inst=[00b00f93] li      t6, 11
C0:        707 [1] pc=[000000008000001c] W[r 0=0000000000000000][0] R[r30=000000000000000f] R[r31=000000000000000b] inst=[05ff0e63] beq     t5, t6, pc + 92
C0:        708 [1] pc=[0000000080000020] W[r30=0000000080000020][1] R[r 0=0000000000000000] R[r 0=0000000000000000] inst=[00000f17] auipc   t5, 0x0
C0:        709 [1] pc=[0000000080000024] W[r30=00000000800002c4][1] R[r30=0000000080000020] R[r 0=0000000000000000] inst=[2a4f0f13] addi    t5, t5, 676
C0:        710 [1] pc=[0000000080000028] W[r 0=0000000000000000][0] R[r30=00000000800002c4] R[r 0=0000000000000000] inst=[000f0463] beqz    t5, pc + 8
C0:        711 [1] pc=[000000008000002c] W[r 0=0000000080000030][1] R[r30=00000000800002c4] R[r 0=0000000000000000] inst=[000f0067] jr      t5
C0:        712 [1] pc=[00000000800002c4] W[r 5=000000000000000f][1] R[r 0=0000000000000000] R[r 0=0000000000000000] inst=[342022f3] csrr    t0, unknown_342
C0:        715 [1] pc=[00000000800002c8] W[r 5=0000000000000000][1] R[r 5=000000000000000f] R[r 0=0000000000000000] inst=[ff128293] addi    t0, t0, -15
C0:        716 [1] pc=[00000000800002cc] W[r 0=0000000000000000][0] R[r 5=0000000000000000] R[r 0=0000000000000000] inst=[06029263] bnez    t0, pc + 100
C0:        717 [1] pc=[00000000800002d0] W[r 6=0000000000000002][1] R[r 0=0000000000000000] R[r 0=0000000000000000] inst=[00200313] li      t1, 2
C0:        718 [1] pc=[00000000800002d4] W[r 0=0000000000000000][0] R[r 3=0000000000000004] R[r 6=0000000000000002] inst=[02619263] bne     gp, t1, pc + 36
C0:        719 [1] pc=[00000000800002f8] W[r 6=0000000000000003][1] R[r 0=0000000000000000] R[r 0=0000000000000000] inst=[00300313] li      t1, 3
C0:        720 [1] pc=[00000000800002fc] W[r 0=0000000000000000][0] R[r 3=0000000000000004] R[r 6=0000000000000003] inst=[02619463] bne     gp, t1, pc + 40
C0:        724 [1] pc=[0000000080000324] W[r 6=0000000000000004][1] R[r 0=0000000000000000] R[r 0=0000000000000000] inst=[00400313] li      t1, 4
C0:        725 [1] pc=[0000000080000328] W[r 0=0000000000000000][0] R[r 3=0000000000000004] R[r 6=0000000000000004] inst=[00619463] bne     gp, t1, pc + 8
C0:        726 [1] pc=[000000008000032c] W[r 0=0000000080000330][1] R[r 0=0000000000000000] R[r 0=0000000000000000] inst=[f85ff06f] j       pc - 0x7c
C0:        751 [1] pc=[00000000800002b0] W[r 0=0000000000000000][0] R[r 0=0000000000000000] R[r 0=0000000000000000] inst=[0ff0000f] fence   iorw,iorw
C0:        752 [1] pc=[00000000800002b4] W[r 3=0000000000000001][1] R[r 0=0000000000000000] R[r 0=0000000000000000] inst=[00100193] li      gp, 1
C0:        753 [1] pc=[00000000800002b8] W[r17=000000000000005d][1] R[r 0=0000000000000000] R[r 0=0000000000000000] inst=[05d00893] li      a7, 93
C0:        754 [1] pc=[00000000800002bc] W[r10=0000000000000000][1] R[r 0=0000000000000000] R[r 0=0000000000000000] inst=[00000513] li      a0, 0
C0:        755 [0] pc=[00000000800002c0] W[r 0=0000000000000000][0] R[r 0=0000000000000000] R[r 0=0000000000000000] inst=[00000073] ecall
C0:        760 [1] pc=[0000000080000004] W[r30=000000000000000b][1] R[r 0=0000000000000000] R[r 0=0000000000000000] inst=[34202f73] csrr    t5, unknown_342
C0:        761 [1] pc=[0000000080000008] W[r31=0000000000000008][1] R[r 0=0000000000000000] R[r 0=0000000000000000] inst=[00800f93] li      t6, 8
C0:        763 [1] pc=[000000008000000c] W[r 0=0000000000000000][0] R[r30=000000000000000b] R[r31=0000000000000008] inst=[07ff0663] beq     t5, t6, pc + 108
C0:        764 [1] pc=[0000000080000010] W[r31=0000000000000009][1] R[r 0=0000000000000000] R[r 0=0000000000000000] inst=[00900f93] li      t6, 9
C0:        765 [1] pc=[0000000080000014] W[r 0=0000000000000000][0] R[r30=000000000000000b] R[r31=0000000000000009] inst=[07ff0263] beq     t5, t6, pc + 100
C0:        766 [1] pc=[0000000080000018] W[r31=000000000000000b][1] R[r 0=0000000000000000] R[r 0=0000000000000000] inst=[00b00f93] li      t6, 11
C0:        767 [1] pc=[000000008000001c] W[r 0=0000000000000000][0] R[r30=000000000000000b] R[r31=000000000000000b] inst=[05ff0e63] beq     t5, t6, pc + 92
C0:        794 [1] pc=[0000000080000078] W[r30=0000000080001078][1] R[r 0=0000000000000000] R[r 0=0000000000000000] inst=[00001f17] auipc   t5, 0x1
C0:        811 [1] pc=[000000008000007c] W[r 0=0000000000000000][0] R[r30=0000000080001078] R[r 3=0000000000000001] inst=[f83f2423] sw      gp, -120(t5)
C0:        812 [1] pc=[0000000080000080] W[r 0=0000000080000084][1] R[r 0=0000000000000000] R[r 0=0000000000000000] inst=[ff9ff06f] j       pc - 0x8
C0:        813 [1] pc=[0000000080000078] W[r30=0000000080001078][1] R[r 0=0000000000000000] R[r 0=0000000000000000] inst=[00001f17] auipc   t5, 0x1
C0:        814 [1] pc=[000000008000007c] W[r 0=0000000000000000][0] R[r30=0000000080001078] R[r 3=0000000000000001] inst=[f83f2423] sw      gp, -120(t5)
C0:        815 [1] pc=[0000000080000080] W[r 0=0000000080000084][1] R[r 0=0000000000000000] R[r 0=0000000000000000] inst=[ff9ff06f] j       pc - 0x8
C0:        816 [1] pc=[0000000080000078] W[r30=0000000080001078][1] R[r 0=0000000000000000] R[r 0=0000000000000000] inst=[00001f17] auipc   t5, 0x1
C0:        817 [1] pc=[000000008000007c] W[r 0=0000000000000000][0] R[r30=0000000080001078] R[r 3=0000000000000001] inst=[f83f2423] sw      gp, -120(t5)
C0:        818 [1] pc=[0000000080000080] W[r 0=0000000080000084][1] R[r 0=0000000000000000] R[r 0=0000000000000000] inst=[ff9ff06f] j       pc - 0x8
C0:        819 [1] pc=[0000000080000078] W[r30=0000000080001078][1] R[r 0=0000000000000000] R[r 0=0000000000000000] inst=[00001f17] auipc   t5, 0x1
C0:        820 [1] pc=[000000008000007c] W[r 0=0000000000000000][0] R[r30=0000000080001078] R[r 3=0000000000000001] inst=[f83f2423] sw      gp, -120(t5)
C0:        821 [1] pc=[0000000080000080] W[r 0=0000000080000084][1] R[r 0=0000000000000000] R[r 0=0000000000000000] inst=[ff9ff06f] j       pc - 0x8
C0:        822 [1] pc=[0000000080000078] W[r30=0000000080001078][1] R[r 0=0000000000000000] R[r 0=0000000000000000] inst=[00001f17] auipc   t5, 0x1
C0:        823 [1] pc=[000000008000007c] W[r 0=0000000000000000][0] R[r30=0000000080001078] R[r 3=0000000000000001] inst=[f83f2423] sw      gp, -120(t5)
C0:        824 [1] pc=[0000000080000080] W[r 0=0000000080000084][1] R[r 0=0000000000000000] R[r 0=0000000000000000] inst=[ff9ff06f] j       pc - 0x8
C0:        825 [1] pc=[0000000080000078] W[r30=0000000080001078][1] R[r 0=0000000000000000] R[r 0=0000000000000000] inst=[00001f17] auipc   t5, 0x1
C0:        826 [1] pc=[000000008000007c] W[r 0=0000000000000000][0] R[r30=0000000080001078] R[r 3=0000000000000001] inst=[f83f2423] sw      gp, -120(t5)
C0:        827 [1] pc=[0000000080000080] W[r 0=0000000080000084][1] R[r 0=0000000000000000] R[r 0=0000000000000000] inst=[ff9ff06f] j       pc - 0x8
C0:        828 [1] pc=[0000000080000078] W[r30=0000000080001078][1] R[r 0=0000000000000000] R[r 0=0000000000000000] inst=[00001f17] auipc   t5, 0x1
C0:        829 [1] pc=[000000008000007c] W[r 0=0000000000000000][0] R[r30=0000000080001078] R[r 3=0000000000000001] inst=[f83f2423] sw      gp, -120(t5)
C0:        830 [1] pc=[0000000080000080] W[r 0=0000000080000084][1] R[r 0=0000000000000000] R[r 0=0000000000000000] inst=[ff9ff06f] j       pc - 0x8
C0:        831 [1] pc=[0000000080000078] W[r30=0000000080001078][1] R[r 0=0000000000000000] R[r 0=0000000000000000] inst=[00001f17] auipc   t5, 0x1
C0:        832 [1] pc=[000000008000007c] W[r 0=0000000000000000][0] R[r30=0000000080001078] R[r 3=0000000000000001] inst=[f83f2423] sw      gp, -120(t5)
C0:        833 [1] pc=[0000000080000080] W[r 0=0000000080000084][1] R[r 0=0000000000000000] R[r 0=0000000000000000] inst=[ff9ff06f] j       pc - 0x8
C0:        834 [1] pc=[0000000080000078] W[r30=0000000080001078][1] R[r 0=0000000000000000] R[r 0=0000000000000000] inst=[00001f17] auipc   t5, 0x1
C0:        835 [1] pc=[000000008000007c] W[r 0=0000000000000000][0] R[r30=0000000080001078] R[r 3=0000000000000001] inst=[f83f2423] sw      gp, -120(t5)
C0:        836 [1] pc=[0000000080000080] W[r 0=0000000080000084][1] R[r 0=0000000000000000] R[r 0=0000000000000000] inst=[ff9ff06f] j       pc - 0x8
C0:        837 [1] pc=[0000000080000078] W[r30=0000000080001078][1] R[r 0=0000000000000000] R[r 0=0000000000000000] inst=[00001f17] auipc   t5, 0x1
C0:        838 [1] pc=[000000008000007c] W[r 0=0000000000000000][0] R[r30=0000000080001078] R[r 3=0000000000000001] inst=[f83f2423] sw      gp, -120(t5)
C0:        839 [1] pc=[0000000080000080] W[r 0=0000000080000084][1] R[r 0=0000000000000000] R[r 0=0000000000000000] inst=[ff9ff06f] j       pc - 0x8
C0:        840 [1] pc=[0000000080000078] W[r30=0000000080001078][1] R[r 0=0000000000000000] R[r 0=0000000000000000] inst=[00001f17] auipc   t5, 0x1
C0:        841 [1] pc=[000000008000007c] W[r 0=0000000000000000][0] R[r30=0000000080001078] R[r 3=0000000000000001] inst=[f83f2423] sw      gp, -120(t5)
C0:        842 [1] pc=[0000000080000080] W[r 0=0000000080000084][1] R[r 0=0000000000000000] R[r 0=0000000000000000] inst=[ff9ff06f] j       pc - 0x8
C0:        843 [1] pc=[0000000080000078] W[r30=0000000080001078][1] R[r 0=0000000000000000] R[r 0=0000000000000000] inst=[00001f17] auipc   t5, 0x1
C0:        844 [1] pc=[000000008000007c] W[r 0=0000000000000000][0] R[r30=0000000080001078] R[r 3=0000000000000001] inst=[f83f2423] sw      gp, -120(t5)
C0:        845 [1] pc=[0000000080000080] W[r 0=0000000080000084][1] R[r 0=0000000000000000] R[r 0=0000000000000000] inst=[ff9ff06f] j       pc - 0x8
C0:        846 [1] pc=[0000000080000078] W[r30=0000000080001078][1] R[r 0=0000000000000000] R[r 0=0000000000000000] inst=[00001f17] auipc   t5, 0x1
C0:        847 [1] pc=[000000008000007c] W[r 0=0000000000000000][0] R[r30=0000000080001078] R[r 3=0000000000000001] inst=[f83f2423] sw      gp, -120(t5)
C0:        848 [1] pc=[0000000080000080] W[r 0=0000000080000084][1] R[r 0=0000000000000000] R[r 0=0000000000000000] inst=[ff9ff06f] j       pc - 0x8
C0:        849 [1] pc=[0000000080000078] W[r30=0000000080001078][1] R[r 0=0000000000000000] R[r 0=0000000000000000] inst=[00001f17] auipc   t5, 0x1
C0:        850 [1] pc=[000000008000007c] W[r 0=0000000000000000][0] R[r30=0000000080001078] R[r 3=0000000000000001] inst=[f83f2423] sw      gp, -120(t5)
C0:        851 [1] pc=[0000000080000080] W[r 0=0000000080000084][1] R[r 0=0000000000000000] R[r 0=0000000000000000] inst=[ff9ff06f] j       pc - 0x8
C0:        852 [1] pc=[0000000080000078] W[r30=0000000080001078][1] R[r 0=0000000000000000] R[r 0=0000000000000000] inst=[00001f17] auipc   t5, 0x1
C0:        853 [1] pc=[000000008000007c] W[r 0=0000000000000000][0] R[r30=0000000080001078] R[r 3=0000000000000001] inst=[f83f2423] sw      gp, -120(t5)
C0:        854 [1] pc=[0000000080000080] W[r 0=0000000080000084][1] R[r 0=0000000000000000] R[r 0=0000000000000000] inst=[ff9ff06f] j       pc - 0x8
C0:        855 [1] pc=[0000000080000078] W[r30=0000000080001078][1] R[r 0=0000000000000000] R[r 0=0000000000000000] inst=[00001f17] auipc   t5, 0x1
C0:        856 [1] pc=[000000008000007c] W[r 0=0000000000000000][0] R[r30=0000000080001078] R[r 3=0000000000000001] inst=[f83f2423] sw      gp, -120(t5)
C0:        857 [1] pc=[0000000080000080] W[r 0=0000000080000084][1] R[r 0=0000000000000000] R[r 0=0000000000000000] inst=[ff9ff06f] j       pc - 0x8
C0:        858 [1] pc=[0000000080000078] W[r30=0000000080001078][1] R[r 0=0000000000000000] R[r 0=0000000000000000] inst=[00001f17] auipc   t5, 0x1
C0:        859 [1] pc=[000000008000007c] W[r 0=0000000000000000][0] R[r30=0000000080001078] R[r 3=0000000000000001] inst=[f83f2423] sw      gp, -120(t5)
C0:        860 [1] pc=[0000000080000080] W[r 0=0000000080000084][1] R[r 0=0000000000000000] R[r 0=0000000000000000] inst=[ff9ff06f] j       pc - 0x8
C0:        861 [1] pc=[0000000080000078] W[r30=0000000080001078][1] R[r 0=0000000000000000] R[r 0=0000000000000000] inst=[00001f17] auipc   t5, 0x1
C0:        862 [1] pc=[000000008000007c] W[r 0=0000000000000000][0] R[r30=0000000080001078] R[r 3=0000000000000001] inst=[f83f2423] sw      gp, -120(t5)
C0:        863 [1] pc=[0000000080000080] W[r 0=0000000080000084][1] R[r 0=0000000000000000] R[r 0=0000000000000000] inst=[ff9ff06f] j       pc - 0x8
C0:        864 [1] pc=[0000000080000078] W[r30=0000000080001078][1] R[r 0=0000000000000000] R[r 0=0000000000000000] inst=[00001f17] auipc   t5, 0x1
C0:        865 [1] pc=[000000008000007c] W[r 0=0000000000000000][0] R[r30=0000000080001078] R[r 3=0000000000000001] inst=[f83f2423] sw      gp, -120(t5)
C0:        866 [1] pc=[0000000080000080] W[r 0=0000000080000084][1] R[r 0=0000000000000000] R[r 0=0000000000000000] inst=[ff9ff06f] j       pc - 0x8
C0:        867 [1] pc=[0000000080000078] W[r30=0000000080001078][1] R[r 0=0000000000000000] R[r 0=0000000000000000] inst=[00001f17] auipc   t5, 0x1
C0:        868 [1] pc=[000000008000007c] W[r 0=0000000000000000][0] R[r30=0000000080001078] R[r 3=0000000000000001] inst=[f83f2423] sw      gp, -120(t5)
C0:        869 [1] pc=[0000000080000080] W[r 0=0000000080000084][1] R[r 0=0000000000000000] R[r 0=0000000000000000] inst=[ff9ff06f] j       pc - 0x8
C0:        870 [1] pc=[0000000080000078] W[r30=0000000080001078][1] R[r 0=0000000000000000] R[r 0=0000000000000000] inst=[00001f17] auipc   t5, 0x1
C0:        871 [1] pc=[000000008000007c] W[r 0=0000000000000000][0] R[r30=0000000080001078] R[r 3=0000000000000001] inst=[f83f2423] sw      gp, -120(t5)
C0:        872 [1] pc=[0000000080000080] W[r 0=0000000080000084][1] R[r 0=0000000000000000] R[r 0=0000000000000000] inst=[ff9ff06f] j       pc - 0x8
C0:        873 [1] pc=[0000000080000078] W[r30=0000000080001078][1] R[r 0=0000000000000000] R[r 0=0000000000000000] inst=[00001f17] auipc   t5, 0x1
C0:        874 [1] pc=[000000008000007c] W[r 0=0000000000000000][0] R[r30=0000000080001078] R[r 3=0000000000000001] inst=[f83f2423] sw      gp, -120(t5)
C0:        875 [1] pc=[0000000080000080] W[r 0=0000000080000084][1] R[r 0=0000000000000000] R[r 0=0000000000000000] inst=[ff9ff06f] j       pc - 0x8
C0:        876 [1] pc=[0000000080000078] W[r30=0000000080001078][1] R[r 0=0000000000000000] R[r 0=0000000000000000] inst=[00001f17] auipc   t5, 0x1
C0:        877 [1] pc=[000000008000007c] W[r 0=0000000000000000][0] R[r30=0000000080001078] R[r 3=0000000000000001] inst=[f83f2423] sw      gp, -120(t5)
C0:        878 [1] pc=[0000000080000080] W[r 0=0000000080000084][1] R[r 0=0000000000000000] R[r 0=0000000000000000] inst=[ff9ff06f] j       pc - 0x8
C0:        879 [1] pc=[0000000080000078] W[r30=0000000080001078][1] R[r 0=0000000000000000] R[r 0=0000000000000000] inst=[00001f17] auipc   t5, 0x1
C0:        880 [1] pc=[000000008000007c] W[r 0=0000000000000000][0] R[r30=0000000080001078] R[r 3=0000000000000001] inst=[f83f2423] sw      gp, -120(t5)
C0:        881 [1] pc=[0000000080000080] W[r 0=0000000080000084][1] R[r 0=0000000000000000] R[r 0=0000000000000000] inst=[ff9ff06f] j       pc - 0x8
C0:        882 [1] pc=[0000000080000078] W[r30=0000000080001078][1] R[r 0=0000000000000000] R[r 0=0000000000000000] inst=[00001f17] auipc   t5, 0x1
C0:        908 [1] pc=[000000008000007c] W[r 0=0000000000000000][0] R[r30=0000000080001078] R[r 3=0000000000000001] inst=[f83f2423] sw      gp, -120(t5)
C0:        909 [1] pc=[0000000080000080] W[r 0=0000000080000084][1] R[r 0=0000000000000000] R[r 0=0000000000000000] inst=[ff9ff06f] j       pc - 0x8
C0:        910 [1] pc=[0000000080000078] W[r30=0000000080001078][1] R[r 0=0000000000000000] R[r 0=0000000000000000] inst=[00001f17] auipc   t5, 0x1
C0:        911 [1] pc=[000000008000007c] W[r 0=0000000000000000][0] R[r30=0000000080001078] R[r 3=0000000000000001] inst=[f83f2423] sw      gp, -120(t5)
C0:        912 [1] pc=[0000000080000080] W[r 0=0000000080000084][1] R[r 0=0000000000000000] R[r 0=0000000000000000] inst=[ff9ff06f] j       pc - 0x8
C0:        913 [1] pc=[0000000080000078] W[r30=0000000080001078][1] R[r 0=0000000000000000] R[r 0=0000000000000000] inst=[00001f17] auipc   t5, 0x1
C0:        914 [1] pc=[000000008000007c] W[r 0=0000000000000000][0] R[r30=0000000080001078] R[r 3=0000000000000001] inst=[f83f2423] sw      gp, -120(t5)
C0:        915 [1] pc=[0000000080000080] W[r 0=0000000080000084][1] R[r 0=0000000000000000] R[r 0=0000000000000000] inst=[ff9ff06f] j       pc - 0x8
C0:        916 [1] pc=[0000000080000078] W[r30=0000000080001078][1] R[r 0=0000000000000000] R[r 0=0000000000000000] inst=[00001f17] auipc   t5, 0x1
C0:        917 [1] pc=[000000008000007c] W[r 0=0000000000000000][0] R[r30=0000000080001078] R[r 3=0000000000000001] inst=[f83f2423] sw      gp, -120(t5)
C0:        918 [1] pc=[0000000080000080] W[r 0=0000000080000084][1] R[r 0=0000000000000000] R[r 0=0000000000000000] inst=[ff9ff06f] j       pc - 0x8
C0:        919 [1] pc=[0000000080000078] W[r30=0000000080001078][1] R[r 0=0000000000000000] R[r 0=0000000000000000] inst=[00001f17] auipc   t5, 0x1
C0:        920 [1] pc=[000000008000007c] W[r 0=0000000000000000][0] R[r30=0000000080001078] R[r 3=0000000000000001] inst=[f83f2423] sw      gp, -120(t5)
C0:        921 [1] pc=[0000000080000080] W[r 0=0000000080000084][1] R[r 0=0000000000000000] R[r 0=0000000000000000] inst=[ff9ff06f] j       pc - 0x8
C0:        922 [1] pc=[0000000080000078] W[r30=0000000080001078][1] R[r 0=0000000000000000] R[r 0=0000000000000000] inst=[00001f17] auipc   t5, 0x1
C0:        923 [1] pc=[000000008000007c] W[r 0=0000000000000000][0] R[r30=0000000080001078] R[r 3=0000000000000001] inst=[f83f2423] sw      gp, -120(t5)
C0:        924 [1] pc=[0000000080000080] W[r 0=0000000080000084][1] R[r 0=0000000000000000] R[r 0=0000000000000000] inst=[ff9ff06f] j       pc - 0x8
C0:        925 [1] pc=[0000000080000078] W[r30=0000000080001078][1] R[r 0=0000000000000000] R[r 0=0000000000000000] inst=[00001f17] auipc   t5, 0x1
C0:        926 [1] pc=[000000008000007c] W[r 0=0000000000000000][0] R[r30=0000000080001078] R[r 3=0000000000000001] inst=[f83f2423] sw      gp, -120(t5)
C0:        927 [1] pc=[0000000080000080] W[r 0=0000000080000084][1] R[r 0=0000000000000000] R[r 0=0000000000000000] inst=[ff9ff06f] j       pc - 0x8
C0:        928 [1] pc=[0000000080000078] W[r30=0000000080001078][1] R[r 0=0000000000000000] R[r 0=0000000000000000] inst=[00001f17] auipc   t5, 0x1
C0:        929 [1] pc=[000000008000007c] W[r 0=0000000000000000][0] R[r30=0000000080001078] R[r 3=0000000000000001] inst=[f83f2423] sw      gp, -120(t5)
C0:        930 [1] pc=[0000000080000080] W[r 0=0000000080000084][1] R[r 0=0000000000000000] R[r 0=0000000000000000] inst=[ff9ff06f] j       pc - 0x8
C0:        931 [1] pc=[0000000080000078] W[r30=0000000080001078][1] R[r 0=0000000000000000] R[r 0=0000000000000000] inst=[00001f17] auipc   t5, 0x1
C0:        932 [1] pc=[000000008000007c] W[r 0=0000000000000000][0] R[r30=0000000080001078] R[r 3=0000000000000001] inst=[f83f2423] sw      gp, -120(t5)
C0:        933 [1] pc=[0000000080000080] W[r 0=0000000080000084][1] R[r 0=0000000000000000] R[r 0=0000000000000000] inst=[ff9ff06f] j       pc - 0x8
C0:        934 [1] pc=[0000000080000078] W[r30=0000000080001078][1] R[r 0=0000000000000000] R[r 0=0000000000000000] inst=[00001f17] auipc   t5, 0x1
C0:        935 [1] pc=[000000008000007c] W[r 0=0000000000000000][0] R[r30=0000000080001078] R[r 3=0000000000000001] inst=[f83f2423] sw      gp, -120(t5)
C0:        936 [1] pc=[0000000080000080] W[r 0=0000000080000084][1] R[r 0=0000000000000000] R[r 0=0000000000000000] inst=[ff9ff06f] j       pc - 0x8
C0:        937 [1] pc=[0000000080000078] W[r30=0000000080001078][1] R[r 0=0000000000000000] R[r 0=0000000000000000] inst=[00001f17] auipc   t5, 0x1
C0:        938 [1] pc=[000000008000007c] W[r 0=0000000000000000][0] R[r30=0000000080001078] R[r 3=0000000000000001] inst=[f83f2423] sw      gp, -120(t5)
C0:        939 [1] pc=[0000000080000080] W[r 0=0000000080000084][1] R[r 0=0000000000000000] R[r 0=0000000000000000] inst=[ff9ff06f] j       pc - 0x8
C0:        940 [1] pc=[0000000080000078] W[r30=0000000080001078][1] R[r 0=0000000000000000] R[r 0=0000000000000000] inst=[00001f17] auipc   t5, 0x1
*** PASSED *** Completed after 64873 cycles
