using random seed 1632258092
This emulator compiled with JTAG Remote Bitbang client. To enable, use +jtag_rbb_enable=1.
Listening on port 40437
== Loading device model file '/home/fleker/Desktop/chipyard/generators/testchipip/src/main/resources/dramsim2_ini/DDR3_micron_64M_8B_x4_sg15.ini' == 
== Loading system model file '/home/fleker/Desktop/chipyard/generators/testchipip/src/main/resources/dramsim2_ini/system.ini' == 
===== MemorySystem 0 =====
CH. 0 TOTAL_STORAGE : 4096MB | 1 Ranks | 16 Devices per rank
DRAMSim2 Clock Frequency =666666666Hz, CPU Clock Frequency=100000000Hz
C0:         19 [1] pc=[0000000000010040] W[r10=0000000000010040][1] R[r 0=0000000000000000] R[r 0=0000000000000000] inst=[00000517] auipc   a0, 0x0
C0:         20 [1] pc=[0000000000010044] W[r10=0000000000010000][1] R[r10=0000000000010040] R[r 0=0000000000000000] inst=[fc050513] addi    a0, a0, -64
C0:         21 [1] pc=[0000000000010048] W[r 0=0000000000000000][1] R[r10=0000000000010000] R[r 0=0000000000000000] inst=[30551073] csrw    unknown_305, a0
C0:         26 [1] pc=[000000000001004c] W[r 5=800000000094112d][1] R[r 0=0000000000000000] R[r 0=0000000000000000] inst=[301022f3] csrr    t0, unknown_301
C0:         29 [1] pc=[0000000000010050] W[r 5=ffffe00000000025][1] R[r 5=800000000094112d] R[r 0=0000000000000000] inst=[4122d293] srai    t0, t0, 18
C0:         30 [1] pc=[0000000000010054] W[r 5=0000000000000001][1] R[r 5=ffffe00000000025] R[r 0=0000000000000000] inst=[0012f293] andi    t0, t0, 1
C0:         31 [1] pc=[0000000000010058] W[r 0=0000000000000000][0] R[r 5=0000000000000001] R[r 0=0000000000000000] inst=[00028463] beqz    t0, pc + 8
C0:         32 [1] pc=[000000000001005c] W[r 0=0000000000000000][1] R[r 0=0000000000000000] R[r 0=0000000000000000] inst=[30301073] csrw    unknown_303, zero
C0:         37 [1] pc=[0000000000010060] W[r10=0000000000000008][1] R[r 0=0000000000000000] R[r 0=0000000000000000] inst=[00800513] li      a0, 8
C0:         38 [1] pc=[0000000000010064] W[r 0=0000000000000000][1] R[r10=0000000000000008] R[r 0=0000000000000000] inst=[30451073] csrw    unknown_304, a0
C0:         43 [1] pc=[0000000000010068] W[r 0=0000000a00001800][1] R[r10=0000000000000008] R[r 0=0000000000000000] inst=[30052073] csrs    unknown_300, a0
C0:         48 [1] pc=[000000000001006c] W[r 0=0000000000000000][0] R[r 0=0000000000000000] R[r 0=0000000000000000] inst=[10500073] wfi
C0:         51 [0] pc=[0000000000010070] W[r 0=0000000000000000][0] R[r31=0000000000000008] R[r 0=0000000000000000] inst=[ffdff06f] j       pc - 0x4
C0:         70 [1] pc=[0000000000010000] W[r11=0000000002000000][1] R[r 0=0000000000000000] R[r 0=0000000000000000] inst=[020005b7] lui     a1, 0x2000
C0:         71 [1] pc=[0000000000010004] W[r10=0000000000000000][1] R[r 0=0000000000000000] R[r 0=0000000000000000] inst=[f1402573] csrr    a0, unknown_f14
C0:         74 [1] pc=[0000000000010008] W[r 0=0000000000000000][0] R[r10=0000000000000000] R[r 0=0000000000000000] inst=[00050463] beqz    a0, pc + 8
C0:         78 [1] pc=[0000000000010010] W[r12=0000000002000004][1] R[r11=0000000002000000] R[r 0=0000000000000000] inst=[00458613] addi    a2, a1, 4
C0:         79 [1] pc=[0000000000010014] W[r13=0000000000000001][1] R[r 0=0000000000000000] R[r 0=0000000000000000] inst=[00100693] li      a3, 1
C0:         80 [1] pc=[0000000000010018] W[r 0=0000000000000000][0] R[r12=0000000002000004] R[r13=0000000000000001] inst=[00d62023] sw      a3, 0(a2)
C0:         81 [1] pc=[000000000001001c] W[r12=0000000002000008][1] R[r12=0000000002000004] R[r 0=0000000000000000] inst=[00460613] addi    a2, a2, 4
C0:         87 [1] pc=[0000000000010020] W[r13=0000000000000000][0] R[r12=0000000002000008] R[r 0=0000000000000000] inst=[ffc62683] lw      a3, -4(a2)
C0:         95 [1] pc=[0000000000010024] W[r 0=0000000000000000][0] R[r13=0000000000000000] R[r 0=0000000000000000] inst=[fe069ae3] bnez    a3, pc - 12
C0:         96 [1] pc=[0000000000010028] W[r 0=000000000001002c][1] R[r 0=0000000000000000] R[r 0=0000000000000000] inst=[05c0006f] j       pc + 0x5c
C0:        116 [1] pc=[0000000000010084] W[r 0=0000000000000000][0] R[r11=0000000002000000] R[r 0=0000000000000000] inst=[0005a023] sw      zero, 0(a1)
C0:        117 [1] pc=[0000000000010088] W[r10=0000000000004000][1] R[r 0=0000000000000000] R[r 0=0000000000000000] inst=[00004537] lui     a0, 0x4
C0:        123 [1] pc=[000000000001008c] W[r10=0000000000000000][0] R[r10=0000000000004000] R[r 0=0000000000000000] inst=[00056503] lwu     a0, 0(a0)
C0:        135 [1] pc=[0000000000010090] W[r 0=0000000000010070][1] R[r10=0000000080000000] R[r 0=0000000000000000] inst=[34151073] csrw    unknown_341, a0
C0:        136 [1] pc=[0000000000010094] W[r10=0000000000000000][1] R[r 0=0000000000000000] R[r 0=0000000000000000] inst=[f1402573] csrr    a0, unknown_f14
C0:        137 [1] pc=[0000000000010098] W[r11=0000000000010098][1] R[r 0=0000000000000000] R[r 0=0000000000000000] inst=[00000597] auipc   a1, 0x0
C0:        138 [1] pc=[000000000001009c] W[r11=00000000000100b0][1] R[r11=0000000000010098] R[r 0=0000000000000000] inst=[01858593] addi    a1, a1, 24
C0:        139 [1] pc=[00000000000100a0] W[r12=0000000000000080][1] R[r 0=0000000000000000] R[r 0=0000000000000000] inst=[08000613] li      a2, 128
C0:        140 [1] pc=[00000000000100a4] W[r 0=0000000a00001880][1] R[r12=0000000000000080] R[r 0=0000000000000000] inst=[30063073] csrc    unknown_300, a2
C0:        145 [1] pc=[00000000000100a8] W[r 0=0000000000000000][0] R[r 0=0000000000000000] R[r 0=0000000000000000] inst=[30200073] mret
C0:        166 [1] pc=[0000000080000000] W[r 0=0000000080000004][1] R[r 0=0000000000000000] R[r 0=0000000000000000] inst=[0840006f] j       pc + 0x84
C0:        189 [1] pc=[0000000080000084] W[r 1=0000000000000000][1] R[r 0=0000000000000000] R[r 0=0000000000000000] inst=[00000093] li      ra, 0
C0:        190 [1] pc=[0000000080000088] W[r 2=0000000000000000][1] R[r 0=0000000000000000] R[r 0=0000000000000000] inst=[00000113] li      sp, 0
C0:        191 [1] pc=[000000008000008c] W[r 3=0000000000000000][1] R[r 0=0000000000000000] R[r 0=0000000000000000] inst=[00000193] li      gp, 0
C0:        192 [1] pc=[0000000080000090] W[r 4=0000000000000000][1] R[r 0=0000000000000000] R[r 0=0000000000000000] inst=[00000213] li      tp, 0
C0:        193 [1] pc=[0000000080000094] W[r 5=0000000000000000][1] R[r 0=0000000000000000] R[r 0=0000000000000000] inst=[00000293] li      t0, 0
C0:        194 [1] pc=[0000000080000098] W[r 6=0000000000000000][1] R[r 0=0000000000000000] R[r 0=0000000000000000] inst=[00000313] li      t1, 0
C0:        195 [1] pc=[000000008000009c] W[r 7=0000000000000000][1] R[r 0=0000000000000000] R[r 0=0000000000000000] inst=[00000393] li      t2, 0
C0:        196 [1] pc=[00000000800000a0] W[r 8=0000000000000000][1] R[r 0=0000000000000000] R[r 0=0000000000000000] inst=[00000413] li      s0, 0
C0:        197 [1] pc=[00000000800000a4] W[r 9=0000000000000000][1] R[r 0=0000000000000000] R[r 0=0000000000000000] inst=[00000493] li      s1, 0
C0:        198 [1] pc=[00000000800000a8] W[r10=0000000000000000][1] R[r 0=0000000000000000] R[r 0=0000000000000000] inst=[00000513] li      a0, 0
C0:        199 [1] pc=[00000000800000ac] W[r11=0000000000000000][1] R[r 0=0000000000000000] R[r 0=0000000000000000] inst=[00000593] li      a1, 0
C0:        200 [1] pc=[00000000800000b0] W[r12=0000000000000000][1] R[r 0=0000000000000000] R[r 0=0000000000000000] inst=[00000613] li      a2, 0
C0:        201 [1] pc=[00000000800000b4] W[r13=0000000000000000][1] R[r 0=0000000000000000] R[r 0=0000000000000000] inst=[00000693] li      a3, 0
C0:        202 [1] pc=[00000000800000b8] W[r14=0000000000000000][1] R[r 0=0000000000000000] R[r 0=0000000000000000] inst=[00000713] li      a4, 0
C0:        203 [1] pc=[00000000800000bc] W[r15=0000000000000000][1] R[r 0=0000000000000000] R[r 0=0000000000000000] inst=[00000793] li      a5, 0
C0:        225 [1] pc=[00000000800000c0] W[r16=0000000000000000][1] R[r 0=0000000000000000] R[r 0=0000000000000000] inst=[00000813] li      a6, 0
C0:        226 [1] pc=[00000000800000c4] W[r17=0000000000000000][1] R[r 0=0000000000000000] R[r 0=0000000000000000] inst=[00000893] li      a7, 0
C0:        227 [1] pc=[00000000800000c8] W[r18=0000000000000000][1] R[r 0=0000000000000000] R[r 0=0000000000000000] inst=[00000913] li      s2, 0
C0:        228 [1] pc=[00000000800000cc] W[r19=0000000000000000][1] R[r 0=0000000000000000] R[r 0=0000000000000000] inst=[00000993] li      s3, 0
C0:        229 [1] pc=[00000000800000d0] W[r20=0000000000000000][1] R[r 0=0000000000000000] R[r 0=0000000000000000] inst=[00000a13] li      s4, 0
C0:        230 [1] pc=[00000000800000d4] W[r21=0000000000000000][1] R[r 0=0000000000000000] R[r 0=0000000000000000] inst=[00000a93] li      s5, 0
C0:        231 [1] pc=[00000000800000d8] W[r22=0000000000000000][1] R[r 0=0000000000000000] R[r 0=0000000000000000] inst=[00000b13] li      s6, 0
C0:        232 [1] pc=[00000000800000dc] W[r23=0000000000000000][1] R[r 0=0000000000000000] R[r 0=0000000000000000] inst=[00000b93] li      s7, 0
C0:        233 [1] pc=[00000000800000e0] W[r24=0000000000000000][1] R[r 0=0000000000000000] R[r 0=0000000000000000] inst=[00000c13] li      s8, 0
C0:        234 [1] pc=[00000000800000e4] W[r25=0000000000000000][1] R[r 0=0000000000000000] R[r 0=0000000000000000] inst=[00000c93] li      s9, 0
C0:        235 [1] pc=[00000000800000e8] W[r26=0000000000000000][1] R[r 0=0000000000000000] R[r 0=0000000000000000] inst=[00000d13] li      s10, 0
C0:        236 [1] pc=[00000000800000ec] W[r27=0000000000000000][1] R[r 0=0000000000000000] R[r 0=0000000000000000] inst=[00000d93] li      s11, 0
C0:        237 [1] pc=[00000000800000f0] W[r28=0000000000000000][1] R[r 0=0000000000000000] R[r 0=0000000000000000] inst=[00000e13] li      t3, 0
C0:        238 [1] pc=[00000000800000f4] W[r29=0000000000000000][1] R[r 0=0000000000000000] R[r 0=0000000000000000] inst=[00000e93] li      t4, 0
C0:        239 [1] pc=[00000000800000f8] W[r30=0000000000000000][1] R[r 0=0000000000000000] R[r 0=0000000000000000] inst=[00000f13] li      t5, 0
C0:        240 [1] pc=[00000000800000fc] W[r31=0000000000000000][1] R[r 0=0000000000000000] R[r 0=0000000000000000] inst=[00000f93] li      t6, 0
C0:        262 [1] pc=[0000000080000100] W[r10=0000000000000000][1] R[r 0=0000000000000000] R[r 0=0000000000000000] inst=[f1402573] csrr    a0, unknown_f14
C0:        265 [1] pc=[0000000080000104] W[r 0=0000000000000000][0] R[r10=0000000000000000] R[r 0=0000000000000000] inst=[00051063] bnez    a0, pc + 0
C0:        266 [1] pc=[0000000080000108] W[r 5=0000000080000108][1] R[r 0=0000000000000000] R[r 0=0000000000000000] inst=[00000297] auipc   t0, 0x0
C0:        267 [1] pc=[000000008000010c] W[r 5=0000000080000118][1] R[r 5=0000000080000108] R[r 0=0000000000000000] inst=[01028293] addi    t0, t0, 16
C0:        268 [1] pc=[0000000080000110] W[r 0=0000000000010000][1] R[r 5=0000000080000118] R[r 0=0000000000000000] inst=[30529073] csrw    unknown_305, t0
C0:        273 [1] pc=[0000000080000114] W[r 0=0000000000000000][1] R[r 0=0000000000000000] R[r 0=0000000000000000] inst=[18005073] csrwi   unknown_180, 0
C0:        278 [1] pc=[0000000080000118] W[r 5=0000000080000118][1] R[r 0=0000000000000000] R[r 0=0000000000000000] inst=[00000297] auipc   t0, 0x0
C0:        279 [1] pc=[000000008000011c] W[r 5=000000008000013c][1] R[r 5=0000000080000118] R[r 0=0000000000000000] inst=[02428293] addi    t0, t0, 36
C0:        280 [1] pc=[0000000080000120] W[r 0=0000000080000118][1] R[r 5=000000008000013c] R[r 0=0000000000000000] inst=[30529073] csrw    unknown_305, t0
C0:        285 [1] pc=[0000000080000124] W[r 5=0000000000000001][1] R[r 0=0000000000000000] R[r 0=0000000000000000] inst=[0010029b] addiw   t0, zero, 1
C0:        286 [1] pc=[0000000080000128] W[r 5=0020000000000000][1] R[r 5=0000000000000001] R[r 0=0000000000000000] inst=[03529293] slli    t0, t0, 53
C0:        287 [1] pc=[000000008000012c] W[r 5=001fffffffffffff][1] R[r 5=0020000000000000] R[r 0=0000000000000000] inst=[fff28293] addi    t0, t0, -1
C0:        288 [1] pc=[0000000080000130] W[r 0=0000000000000000][1] R[r 5=001fffffffffffff] R[r 0=0000000000000000] inst=[3b029073] csrw    unknown_3b0, t0
C0:        293 [1] pc=[0000000080000134] W[r 5=000000000000001f][1] R[r 0=0000000000000000] R[r 0=0000000000000000] inst=[01f00293] li      t0, 31
C0:        294 [1] pc=[0000000080000138] W[r 0=0000000000000000][1] R[r 5=000000000000001f] R[r 0=0000000000000000] inst=[3a029073] csrw    unknown_3a0, t0
C0:        299 [1] pc=[000000008000013c] W[r 0=0000000000000008][1] R[r 0=0000000000000000] R[r 0=0000000000000000] inst=[30405073] csrwi   unknown_304, 0
C0:        316 [1] pc=[0000000080000140] W[r 5=0000000080000140][1] R[r 0=0000000000000000] R[r 0=0000000000000000] inst=[00000297] auipc   t0, 0x0
C0:        317 [1] pc=[0000000080000144] W[r 5=0000000080000154][1] R[r 5=0000000080000140] R[r 0=0000000000000000] inst=[01428293] addi    t0, t0, 20
C0:        318 [1] pc=[0000000080000148] W[r 0=000000008000013c][1] R[r 5=0000000080000154] R[r 0=0000000000000000] inst=[30529073] csrw    unknown_305, t0
C0:        323 [1] pc=[000000008000014c] W[r 0=0000000000000000][1] R[r 0=0000000000000000] R[r 0=0000000000000000] inst=[30205073] csrwi   unknown_302, 0
C0:        328 [1] pc=[0000000080000150] W[r 0=0000000000000000][1] R[r 0=0000000000000000] R[r 0=0000000000000000] inst=[30305073] csrwi   unknown_303, 0
C0:        333 [1] pc=[0000000080000154] W[r 3=0000000000000000][1] R[r 0=0000000000000000] R[r 0=0000000000000000] inst=[00000193] li      gp, 0
C0:        334 [1] pc=[0000000080000158] W[r 5=0000000080000158][1] R[r 0=0000000000000000] R[r 0=0000000000000000] inst=[00000297] auipc   t0, 0x0
C0:        335 [1] pc=[000000008000015c] W[r 5=0000000080000004][1] R[r 5=0000000080000158] R[r 0=0000000000000000] inst=[eac28293] addi    t0, t0, -340
C0:        336 [1] pc=[0000000080000160] W[r 0=0000000080000154][1] R[r 5=0000000080000004] R[r 0=0000000000000000] inst=[30529073] csrw    unknown_305, t0
C0:        341 [1] pc=[0000000080000164] W[r10=0000000000000001][1] R[r 0=0000000000000000] R[r 0=0000000000000000] inst=[00100513] li      a0, 1
C0:        342 [1] pc=[0000000080000168] W[r10=0000000080000000][1] R[r10=0000000000000001] R[r 0=0000000000000000] inst=[01f51513] slli    a0, a0, 31
C0:        343 [1] pc=[000000008000016c] W[r 0=0000000000000000][0] R[r10=0000000080000000] R[r 0=0000000000000000] inst=[00055c63] bgez    a0, pc + 24
C0:        368 [1] pc=[0000000080000184] W[r 5=0000000000000184][1] R[r 0=0000000000000000] R[r 0=0000000000000000] inst=[80000297] auipc   t0, 0x80000
C0:        369 [1] pc=[0000000080000188] W[r 5=0000000000000000][1] R[r 5=0000000000000184] R[r 0=0000000000000000] inst=[e7c28293] addi    t0, t0, -388
C0:        370 [1] pc=[000000008000018c] W[r 0=0000000000000000][0] R[r 5=0000000000000000] R[r 0=0000000000000000] inst=[00028a63] beqz    t0, pc + 20
C0:        374 [1] pc=[00000000800001a0] W[r 0=0000000a00000080][1] R[r 0=0000000000000000] R[r 0=0000000000000000] inst=[30005073] csrwi   unknown_300, 0
C0:        379 [1] pc=[00000000800001a4] W[r10=0000000000002000][1] R[r 0=0000000000000000] R[r 0=0000000000000000] inst=[00002537] lui     a0, 0x2
C0:        380 [1] pc=[00000000800001a8] W[r10=0000000000001800][1] R[r10=0000000000002000] R[r 0=0000000000000000] inst=[8005051b] addiw   a0, a0, -2048
C0:        381 [1] pc=[00000000800001ac] W[r 0=0000000a00000000][1] R[r10=0000000000001800] R[r 0=0000000000000000] inst=[30052073] csrs    unknown_300, a0
C0:        386 [1] pc=[00000000800001b0] W[r 5=00000000800001b0][1] R[r 0=0000000000000000] R[r 0=0000000000000000] inst=[00000297] auipc   t0, 0x0
C0:        387 [1] pc=[00000000800001b4] W[r 5=00000000800001c4][1] R[r 5=00000000800001b0] R[r 0=0000000000000000] inst=[01428293] addi    t0, t0, 20
C0:        388 [1] pc=[00000000800001b8] W[r 0=0000000080000000][1] R[r 5=00000000800001c4] R[r 0=0000000000000000] inst=[34129073] csrw    unknown_341, t0
C0:        389 [1] pc=[00000000800001bc] W[r10=0000000000000000][1] R[r 0=0000000000000000] R[r 0=0000000000000000] inst=[f1402573] csrr    a0, unknown_f14
C0:        411 [1] pc=[00000000800001c0] W[r 0=0000000000000000][0] R[r 0=0000000000000000] R[r 0=0000000000000000] inst=[30200073] mret
C0:        416 [1] pc=[00000000800001c4] W[r 3=0000000000000002][1] R[r 0=0000000000000000] R[r 0=0000000000000000] inst=[00200193] li      gp, 2
C0:        417 [0] pc=[00000000800001c8] W[r 8=0000000000000000][0] R[r 0=0000000000000000] R[r 0=0000000000000000] inst=[00000000] c.addi4spn s0, sp, 0
C0:        422 [1] pc=[0000000080000004] W[r30=0000000000000002][1] R[r 0=0000000000000000] R[r 0=0000000000000000] inst=[34202f73] csrr    t5, unknown_342
C0:        423 [1] pc=[0000000080000008] W[r31=0000000000000008][1] R[r 0=0000000000000000] R[r 0=0000000000000000] inst=[00800f93] li      t6, 8
C0:        425 [1] pc=[000000008000000c] W[r 0=0000000000000000][0] R[r30=0000000000000002] R[r31=0000000000000008] inst=[07ff0663] beq     t5, t6, pc + 108
C0:        426 [1] pc=[0000000080000010] W[r31=0000000000000009][1] R[r 0=0000000000000000] R[r 0=0000000000000000] inst=[00900f93] li      t6, 9
C0:        427 [1] pc=[0000000080000014] W[r 0=0000000000000000][0] R[r30=0000000000000002] R[r31=0000000000000009] inst=[07ff0263] beq     t5, t6, pc + 100
C0:        428 [1] pc=[0000000080000018] W[r31=000000000000000b][1] R[r 0=0000000000000000] R[r 0=0000000000000000] inst=[00b00f93] li      t6, 11
C0:        429 [1] pc=[000000008000001c] W[r 0=0000000000000000][0] R[r30=0000000000000002] R[r31=000000000000000b] inst=[05ff0e63] beq     t5, t6, pc + 92
C0:        430 [1] pc=[0000000080000020] W[r30=0000000080000020][1] R[r 0=0000000000000000] R[r 0=0000000000000000] inst=[00000f17] auipc   t5, 0x0
C0:        431 [1] pc=[0000000080000024] W[r30=0000000080000300][1] R[r30=0000000080000020] R[r 0=0000000000000000] inst=[2e0f0f13] addi    t5, t5, 736
C0:        432 [1] pc=[0000000080000028] W[r 0=0000000000000000][0] R[r30=0000000080000300] R[r 0=0000000000000000] inst=[000f0463] beqz    t5, pc + 8
C0:        433 [1] pc=[000000008000002c] W[r 0=0000000080000030][1] R[r30=0000000080000300] R[r 0=0000000000000000] inst=[000f0067] jr      t5
C0:        458 [1] pc=[0000000080000300] W[r 0=0000000080000304][1] R[r 0=0000000000000000] R[r 0=0000000000000000] inst=[0400006f] j       pc + 0x40
C0:        481 [1] pc=[0000000080000340] W[r 6=0000000000000002][1] R[r 0=0000000000000000] R[r 0=0000000000000000] inst=[00200313] li      t1, 2
C0:        482 [1] pc=[0000000080000344] W[r 5=0000000000000002][1] R[r 0=0000000000000000] R[r 0=0000000000000000] inst=[342022f3] csrr    t0, unknown_342
C0:        485 [1] pc=[0000000080000348] W[r 0=0000000000000000][0] R[r 5=0000000000000002] R[r 6=0000000000000002] inst=[f66294e3] bne     t0, t1, pc - 152
C0:        486 [1] pc=[000000008000034c] W[r 5=00000000800001c8][1] R[r 0=0000000000000000] R[r 0=0000000000000000] inst=[341022f3] csrr    t0, unknown_341
C0:        487 [1] pc=[0000000080000350] W[r 7=0000000000000000][1] R[r 0=0000000000000000] R[r 0=0000000000000000] inst=[343023f3] csrr    t2, unknown_343
C0:        490 [1] pc=[0000000080000354] W[r 0=0000000000000000][0] R[r 7=0000000000000000] R[r 0=0000000000000000] inst=[00038e63] beqz    t2, pc + 28
C0:        494 [1] pc=[0000000080000370] W[r 6=0000000080000370][1] R[r 0=0000000000000000] R[r 0=0000000000000000] inst=[00000317] auipc   t1, 0x0
C0:        495 [1] pc=[0000000080000374] W[r 6=00000000800001c8][1] R[r 6=0000000080000370] R[r 0=0000000000000000] inst=[e5830313] addi    t1, t1, -424
C0:        496 [1] pc=[0000000080000378] W[r 0=0000000000000000][0] R[r 5=00000000800001c8] R[r 6=00000000800001c8] inst=[04628263] beq     t0, t1, pc + 68
C0:        521 [1] pc=[00000000800003bc] W[r 5=00000000800001d0][1] R[r 5=00000000800001c8] R[r 0=0000000000000000] inst=[00828293] addi    t0, t0, 8
C0:        538 [1] pc=[00000000800003c0] W[r 0=00000000800001c8][1] R[r 5=00000000800001d0] R[r 0=0000000000000000] inst=[34129073] csrw    unknown_341, t0
C0:        539 [1] pc=[00000000800003c4] W[r 0=0000000000000000][0] R[r 0=0000000000000000] R[r 0=0000000000000000] inst=[30200073] mret
C0:        544 [1] pc=[00000000800001d0] W[r 5=0000000000002000][1] R[r 0=0000000000000000] R[r 0=0000000000000000] inst=[000022b7] lui     t0, 0x2
C0:        545 [1] pc=[00000000800001d4] W[r 5=0000000000001800][1] R[r 5=0000000000002000] R[r 0=0000000000000000] inst=[8002829b] addiw   t0, t0, -2048
C0:        546 [1] pc=[00000000800001d8] W[r 0=0000000a00000080][1] R[r 5=0000000000001800] R[r 0=0000000000000000] inst=[3002b073] csrc    unknown_300, t0
C0:        551 [1] pc=[00000000800001dc] W[r 6=0000000000001000][1] R[r 0=0000000000000000] R[r 0=0000000000000000] inst=[00001337] lui     t1, 0x1
C0:        552 [1] pc=[00000000800001e0] W[r 6=0000000000000800][1] R[r 6=0000000000001000] R[r 0=0000000000000000] inst=[8003031b] addiw   t1, t1, -2048
C0:        553 [1] pc=[00000000800001e4] W[r 0=0000000a00000080][1] R[r 6=0000000000000800] R[r 0=0000000000000000] inst=[30032073] csrs    unknown_300, t1
C0:        558 [1] pc=[00000000800001e8] W[r 7=0000000a00000880][1] R[r 0=0000000000000000] R[r 0=0000000000000000] inst=[300023f3] csrr    t2, unknown_300
C0:        561 [1] pc=[00000000800001ec] W[r 7=0000000000000800][1] R[r 7=0000000a00000880] R[r 5=0000000000001800] inst=[0053f3b3] and     t2, t2, t0
C0:        562 [1] pc=[00000000800001f0] W[r 0=0000000000000000][0] R[r 6=0000000000000800] R[r 7=0000000000000800] inst=[0c731e63] bne     t1, t2, pc + 220
C0:        563 [1] pc=[00000000800001f4] W[r 0=0000000000000080][1] R[r 0=0000000000000000] R[r 0=0000000000000000] inst=[34415073] csrwi   unknown_344, 2
C0:        568 [1] pc=[00000000800001f8] W[r 0=0000000000000000][1] R[r 0=0000000000000000] R[r 0=0000000000000000] inst=[30415073] csrwi   unknown_304, 2
C0:        573 [1] pc=[00000000800001fc] W[r 5=00000000800001fc][1] R[r 0=0000000000000000] R[r 0=0000000000000000] inst=[00000297] auipc   t0, 0x0
C0:        590 [1] pc=[0000000080000200] W[r 5=0000000080000301][1] R[r 5=00000000800001fc] R[r 0=0000000000000000] inst=[10528293] addi    t0, t0, 261
C0:        591 [1] pc=[0000000080000204] W[r 8=0000000080000004][1] R[r 5=0000000080000301] R[r 0=0000000000000000] inst=[30529473] csrrw   s0, unknown_305, t0
C0:        596 [1] pc=[0000000080000208] W[r 5=0000000080000301][1] R[r 0=0000000000000000] R[r 0=0000000000000000] inst=[305022f3] csrr    t0, unknown_305
C0:        599 [1] pc=[000000008000020c] W[r 5=0000000000000001][1] R[r 5=0000000080000301] R[r 0=0000000000000000] inst=[0012f293] andi    t0, t0, 1
C0:        600 [1] pc=[0000000080000210] W[r 0=0000000000000000][0] R[r 5=0000000000000001] R[r 0=0000000000000000] inst=[00028663] beqz    t0, pc + 12
C0:        601 [1] pc=[0000000080000214] W[r 0=0000000a00000880][1] R[r 0=0000000000000000] R[r 0=0000000000000000] inst=[30046073] csrsi   unknown_300, 8
C0:        606 [0] pc=[0000000080000218] W[r 0=0000000000000000][0] R[r 0=0000000000000000] R[r 0=0000000000000000] inst=[0000006f] j       pc + 0x0
C0:        611 [1] pc=[0000000080000304] W[r 0=0000000080000308][1] R[r 0=0000000000000000] R[r 0=0000000000000000] inst=[f19ff06f] j       pc - 0xe8
C0:        613 [1] pc=[000000008000021c] W[r 0=0000000080000301][1] R[r 8=0000000080000004] R[r 0=0000000000000000] inst=[30541073] csrw    unknown_305, s0
C0:        618 [1] pc=[0000000080000220] W[r 0=0000000000000000][1] R[r 0=0000000000000000] R[r 0=0000000000000000] inst=[30315073] csrwi   unknown_303, 2
C0:        623 [1] pc=[0000000080000224] W[r 5=0000000080000224][1] R[r 0=0000000000000000] R[r 0=0000000000000000] inst=[00000297] auipc   t0, 0x0
C0:        624 [1] pc=[0000000080000228] W[r 5=000000008000024c][1] R[r 5=0000000080000224] R[r 0=0000000000000000] inst=[02828293] addi    t0, t0, 40
C0:        625 [1] pc=[000000008000022c] W[r 0=0000000080000218][1] R[r 5=000000008000024c] R[r 0=0000000000000000] inst=[34129073] csrw    unknown_341, t0
C0:        626 [1] pc=[0000000080000230] W[r 5=0000000000002000][1] R[r 0=0000000000000000] R[r 0=0000000000000000] inst=[000022b7] lui     t0, 0x2
C0:        627 [1] pc=[0000000080000234] W[r 5=0000000000001800][1] R[r 5=0000000000002000] R[r 0=0000000000000000] inst=[8002829b] addiw   t0, t0, -2048
C0:        628 [1] pc=[0000000080000238] W[r 0=0000000a00001880][1] R[r 5=0000000000001800] R[r 0=0000000000000000] inst=[3002b073] csrc    unknown_300, t0
C0:        633 [1] pc=[000000008000023c] W[r 6=0000000000001000][1] R[r 0=0000000000000000] R[r 0=0000000000000000] inst=[00001337] lui     t1, 0x1
C0:        650 [1] pc=[0000000080000240] W[r 6=0000000000000800][1] R[r 6=0000000000001000] R[r 0=0000000000000000] inst=[8003031b] addiw   t1, t1, -2048
C0:        651 [1] pc=[0000000080000244] W[r 0=0000000a00000080][1] R[r 6=0000000000000800] R[r 0=0000000000000000] inst=[30032073] csrs    unknown_300, t1
C0:        656 [1] pc=[0000000080000248] W[r 0=0000000000000000][0] R[r 0=0000000000000000] R[r 0=0000000000000000] inst=[30200073] mret
C0:        661 [1] pc=[000000008000024c] W[r 0=0000000000000000][0] R[r 0=0000000000000000] R[r 0=0000000000000000] inst=[10500073] wfi
C0:        666 [1] pc=[0000000080000250] W[r 0=0000000000000000][0] R[r 0=0000000000000000] R[r 0=0000000000000000] inst=[12000073] sfence.vma zero, zero
C0:        671 [1] pc=[0000000080000254] W[r 5=0000000000000000][1] R[r 0=0000000000000000] R[r 0=0000000000000000] inst=[180022f3] csrr    t0, unknown_180
C0:        672 [0] pc=[0000000080000258] W[r 8=0000000000000000][0] R[r 0=0000000000000000] R[r 0=0000000000000000] inst=[00000000] c.addi4spn s0, sp, 0
C0:        677 [1] pc=[0000000080000004] W[r30=0000000000000002][1] R[r 0=0000000000000000] R[r 0=0000000000000000] inst=[34202f73] csrr    t5, unknown_342
C0:        678 [1] pc=[0000000080000008] W[r31=0000000000000008][1] R[r 0=0000000000000000] R[r 0=0000000000000000] inst=[00800f93] li      t6, 8
C0:        680 [1] pc=[000000008000000c] W[r 0=0000000000000000][0] R[r30=0000000000000002] R[r31=0000000000000008] inst=[07ff0663] beq     t5, t6, pc + 108
C0:        681 [1] pc=[0000000080000010] W[r31=0000000000000009][1] R[r 0=0000000000000000] R[r 0=0000000000000000] inst=[00900f93] li      t6, 9
C0:        682 [1] pc=[0000000080000014] W[r 0=0000000000000000][0] R[r30=0000000000000002] R[r31=0000000000000009] inst=[07ff0263] beq     t5, t6, pc + 100
C0:        683 [1] pc=[0000000080000018] W[r31=000000000000000b][1] R[r 0=0000000000000000] R[r 0=0000000000000000] inst=[00b00f93] li      t6, 11
C0:        684 [1] pc=[000000008000001c] W[r 0=0000000000000000][0] R[r30=0000000000000002] R[r31=000000000000000b] inst=[05ff0e63] beq     t5, t6, pc + 92
C0:        685 [1] pc=[0000000080000020] W[r30=0000000080000020][1] R[r 0=0000000000000000] R[r 0=0000000000000000] inst=[00000f17] auipc   t5, 0x0
C0:        686 [1] pc=[0000000080000024] W[r30=0000000080000300][1] R[r30=0000000080000020] R[r 0=0000000000000000] inst=[2e0f0f13] addi    t5, t5, 736
C0:        687 [1] pc=[0000000080000028] W[r 0=0000000000000000][0] R[r30=0000000080000300] R[r 0=0000000000000000] inst=[000f0463] beqz    t5, pc + 8
C0:        688 [1] pc=[000000008000002c] W[r 0=0000000080000030][1] R[r30=0000000080000300] R[r 0=0000000000000000] inst=[000f0067] jr      t5
C0:        689 [1] pc=[0000000080000300] W[r 0=0000000080000304][1] R[r 0=0000000000000000] R[r 0=0000000000000000] inst=[0400006f] j       pc + 0x40
C0:        690 [1] pc=[0000000080000340] W[r 6=0000000000000002][1] R[r 0=0000000000000000] R[r 0=0000000000000000] inst=[00200313] li      t1, 2
C0:        691 [1] pc=[0000000080000344] W[r 5=0000000000000002][1] R[r 0=0000000000000000] R[r 0=0000000000000000] inst=[342022f3] csrr    t0, unknown_342
C0:        694 [1] pc=[0000000080000348] W[r 0=0000000000000000][0] R[r 5=0000000000000002] R[r 6=0000000000000002] inst=[f66294e3] bne     t0, t1, pc - 152
C0:        695 [1] pc=[000000008000034c] W[r 5=0000000080000258][1] R[r 0=0000000000000000] R[r 0=0000000000000000] inst=[341022f3] csrr    t0, unknown_341
C0:        696 [1] pc=[0000000080000350] W[r 7=0000000000000000][1] R[r 0=0000000000000000] R[r 0=0000000000000000] inst=[343023f3] csrr    t2, unknown_343
C0:        699 [1] pc=[0000000080000354] W[r 0=0000000000000000][0] R[r 7=0000000000000000] R[r 0=0000000000000000] inst=[00038e63] beqz    t2, pc + 28
C0:        703 [1] pc=[0000000080000370] W[r 6=0000000080000370][1] R[r 0=0000000000000000] R[r 0=0000000000000000] inst=[00000317] auipc   t1, 0x0
C0:        704 [1] pc=[0000000080000374] W[r 6=00000000800001c8][1] R[r 6=0000000080000370] R[r 0=0000000000000000] inst=[e5830313] addi    t1, t1, -424
C0:        705 [1] pc=[0000000080000378] W[r 0=0000000000000000][0] R[r 5=0000000080000258] R[r 6=00000000800001c8] inst=[04628263] beq     t0, t1, pc + 68
C0:        706 [1] pc=[000000008000037c] W[r 6=000000008000037c][1] R[r 0=0000000000000000] R[r 0=0000000000000000] inst=[00000317] auipc   t1, 0x0
C0:        707 [1] pc=[0000000080000380] W[r 6=0000000080000258][1] R[r 6=000000008000037c] R[r 0=0000000000000000] inst=[edc30313] addi    t1, t1, -292
C0:        708 [1] pc=[0000000080000384] W[r 0=0000000000000000][0] R[r 5=0000000080000258] R[r 6=0000000080000258] inst=[04628263] beq     t0, t1, pc + 68
C0:        712 [1] pc=[00000000800003c8] W[r 6=0000000000100000][1] R[r 0=0000000000000000] R[r 0=0000000000000000] inst=[00100337] lui     t1, 0x100
C0:        713 [1] pc=[00000000800003cc] W[r 0=0000000a00000880][1] R[r 6=0000000000100000] R[r 0=0000000000000000] inst=[30032073] csrs    unknown_300, t1
C0:        718 [1] pc=[00000000800003d0] W[r 0=00000000800003d4][1] R[r 0=0000000000000000] R[r 0=0000000000000000] inst=[fedff06f] j       pc - 0x14
C0:        722 [1] pc=[00000000800003bc] W[r 5=0000000080000260][1] R[r 5=0000000080000258] R[r 0=0000000000000000] inst=[00828293] addi    t0, t0, 8
C0:        723 [1] pc=[00000000800003c0] W[r 0=0000000080000258][1] R[r 5=0000000080000260] R[r 0=0000000000000000] inst=[34129073] csrw    unknown_341, t0
C0:        724 [1] pc=[00000000800003c4] W[r 0=0000000000000000][0] R[r 0=0000000000000000] R[r 0=0000000000000000] inst=[30200073] mret
C0:        729 [0] pc=[0000000080000260] W[r 0=0000000000000000][0] R[r 0=0000000012000073] R[r 0=0000000000000000] inst=[12000073] sfence.vma zero, zero
C0:        734 [1] pc=[0000000080000004] W[r30=0000000000000002][1] R[r 0=0000000000000000] R[r 0=0000000000000000] inst=[34202f73] csrr    t5, unknown_342
C0:        735 [1] pc=[0000000080000008] W[r31=0000000000000008][1] R[r 0=0000000000000000] R[r 0=0000000000000000] inst=[00800f93] li      t6, 8
C0:        737 [1] pc=[000000008000000c] W[r 0=0000000000000000][0] R[r30=0000000000000002] R[r31=0000000000000008] inst=[07ff0663] beq     t5, t6, pc + 108
C0:        738 [1] pc=[0000000080000010] W[r31=0000000000000009][1] R[r 0=0000000000000000] R[r 0=0000000000000000] inst=[00900f93] li      t6, 9
C0:        739 [1] pc=[0000000080000014] W[r 0=0000000000000000][0] R[r30=0000000000000002] R[r31=0000000000000009] inst=[07ff0263] beq     t5, t6, pc + 100
C0:        740 [1] pc=[0000000080000018] W[r31=000000000000000b][1] R[r 0=0000000000000000] R[r 0=0000000000000000] inst=[00b00f93] li      t6, 11
C0:        741 [1] pc=[000000008000001c] W[r 0=0000000000000000][0] R[r30=0000000000000002] R[r31=000000000000000b] inst=[05ff0e63] beq     t5, t6, pc + 92
C0:        742 [1] pc=[0000000080000020] W[r30=0000000080000020][1] R[r 0=0000000000000000] R[r 0=0000000000000000] inst=[00000f17] auipc   t5, 0x0
C0:        743 [1] pc=[0000000080000024] W[r30=0000000080000300][1] R[r30=0000000080000020] R[r 0=0000000000000000] inst=[2e0f0f13] addi    t5, t5, 736
C0:        744 [1] pc=[0000000080000028] W[r 0=0000000000000000][0] R[r30=0000000080000300] R[r 0=0000000000000000] inst=[000f0463] beqz    t5, pc + 8
C0:        745 [1] pc=[000000008000002c] W[r 0=0000000080000030][1] R[r30=0000000080000300] R[r 0=0000000000000000] inst=[000f0067] jr      t5
C0:        746 [1] pc=[0000000080000300] W[r 0=0000000080000304][1] R[r 0=0000000000000000] R[r 0=0000000000000000] inst=[0400006f] j       pc + 0x40
C0:        747 [1] pc=[0000000080000340] W[r 6=0000000000000002][1] R[r 0=0000000000000000] R[r 0=0000000000000000] inst=[00200313] li      t1, 2
C0:        748 [1] pc=[0000000080000344] W[r 5=0000000000000002][1] R[r 0=0000000000000000] R[r 0=0000000000000000] inst=[342022f3] csrr    t0, unknown_342
C0:        751 [1] pc=[0000000080000348] W[r 0=0000000000000000][0] R[r 5=0000000000000002] R[r 6=0000000000000002] inst=[f66294e3] bne     t0, t1, pc - 152
C0:        752 [1] pc=[000000008000034c] W[r 5=0000000080000260][1] R[r 0=0000000000000000] R[r 0=0000000000000000] inst=[341022f3] csrr    t0, unknown_341
C0:        753 [1] pc=[0000000080000350] W[r 7=0000000012000073][1] R[r 0=0000000000000000] R[r 0=0000000000000000] inst=[343023f3] csrr    t2, unknown_343
C0:        756 [1] pc=[0000000080000354] W[r 0=0000000000000000][0] R[r 7=0000000012000073] R[r 0=0000000000000000] inst=[00038e63] beqz    t2, pc + 28
C0:        776 [1] pc=[0000000080000358] W[r 6=0000000000000073][1] R[r 5=0000000080000260] R[r 0=0000000000000000] inst=[0002d303] lhu     t1, 0(t0)
C0:        779 [1] pc=[000000008000035c] W[r 7=0000000012000000][1] R[r 7=0000000012000073] R[r 6=0000000000000073] inst=[0063c3b3] xor     t2, t2, t1
C0:        780 [1] pc=[0000000080000360] W[r 6=0000000000001200][1] R[r 5=0000000080000260] R[r 0=0000000000000000] inst=[0022d303] lhu     t1, 2(t0)
C0:        783 [1] pc=[0000000080000364] W[r 6=0000000012000000][1] R[r 6=0000000000001200] R[r 0=0000000000000000] inst=[01031313] slli    t1, t1, 16
C0:        784 [1] pc=[0000000080000368] W[r 7=0000000000000000][1] R[r 7=0000000012000000] R[r 6=0000000012000000] inst=[0063c3b3] xor     t2, t2, t1
C0:        785 [1] pc=[000000008000036c] W[r 0=0000000000000000][0] R[r 7=0000000000000000] R[r 0=0000000000000000] inst=[f40392e3] bnez    t2, pc - 188
C0:        786 [1] pc=[0000000080000370] W[r 6=0000000080000370][1] R[r 0=0000000000000000] R[r 0=0000000000000000] inst=[00000317] auipc   t1, 0x0
C0:        787 [1] pc=[0000000080000374] W[r 6=00000000800001c8][1] R[r 6=0000000080000370] R[r 0=0000000000000000] inst=[e5830313] addi    t1, t1, -424
C0:        788 [1] pc=[0000000080000378] W[r 0=0000000000000000][0] R[r 5=0000000080000260] R[r 6=00000000800001c8] inst=[04628263] beq     t0, t1, pc + 68
C0:        789 [1] pc=[000000008000037c] W[r 6=000000008000037c][1] R[r 0=0000000000000000] R[r 0=0000000000000000] inst=[00000317] auipc   t1, 0x0
C0:        790 [1] pc=[0000000080000380] W[r 6=0000000080000258][1] R[r 6=000000008000037c] R[r 0=0000000000000000] inst=[edc30313] addi    t1, t1, -292
C0:        791 [1] pc=[0000000080000384] W[r 0=0000000000000000][0] R[r 5=0000000080000260] R[r 6=0000000080000258] inst=[04628263] beq     t0, t1, pc + 68
C0:        792 [1] pc=[0000000080000388] W[r 6=0000000080000388][1] R[r 0=0000000000000000] R[r 0=0000000000000000] inst=[00000317] auipc   t1, 0x0
C0:        793 [1] pc=[000000008000038c] W[r 6=0000000080000260][1] R[r 6=0000000080000388] R[r 0=0000000000000000] inst=[ed830313] addi    t1, t1, -296
C0:        794 [1] pc=[0000000080000390] W[r 0=0000000000000000][0] R[r 5=0000000080000260] R[r 6=0000000080000260] inst=[02628663] beq     t0, t1, pc + 44
C0:        798 [1] pc=[00000000800003bc] W[r 5=0000000080000268][1] R[r 5=0000000080000260] R[r 0=0000000000000000] inst=[00828293] addi    t0, t0, 8
C0:        799 [1] pc=[00000000800003c0] W[r 0=0000000080000260][1] R[r 5=0000000080000268] R[r 0=0000000000000000] inst=[34129073] csrw    unknown_341, t0
C0:        800 [1] pc=[00000000800003c4] W[r 0=0000000000000000][0] R[r 0=0000000000000000] R[r 0=0000000000000000] inst=[30200073] mret
C0:        805 [0] pc=[0000000080000268] W[r 5=0000000000000000][0] R[r 0=00000000180022f3] R[r 0=0000000000000000] inst=[180022f3] csrr    t0, unknown_180
C0:        810 [1] pc=[0000000080000004] W[r30=0000000000000002][1] R[r 0=0000000000000000] R[r 0=0000000000000000] inst=[34202f73] csrr    t5, unknown_342
C0:        811 [1] pc=[0000000080000008] W[r31=0000000000000008][1] R[r 0=0000000000000000] R[r 0=0000000000000000] inst=[00800f93] li      t6, 8
C0:        813 [1] pc=[000000008000000c] W[r 0=0000000000000000][0] R[r30=0000000000000002] R[r31=0000000000000008] inst=[07ff0663] beq     t5, t6, pc + 108
C0:        814 [1] pc=[0000000080000010] W[r31=0000000000000009][1] R[r 0=0000000000000000] R[r 0=0000000000000000] inst=[00900f93] li      t6, 9
C0:        815 [1] pc=[0000000080000014] W[r 0=0000000000000000][0] R[r30=0000000000000002] R[r31=0000000000000009] inst=[07ff0263] beq     t5, t6, pc + 100
C0:        816 [1] pc=[0000000080000018] W[r31=000000000000000b][1] R[r 0=0000000000000000] R[r 0=0000000000000000] inst=[00b00f93] li      t6, 11
C0:        817 [1] pc=[000000008000001c] W[r 0=0000000000000000][0] R[r30=0000000000000002] R[r31=000000000000000b] inst=[05ff0e63] beq     t5, t6, pc + 92
C0:        818 [1] pc=[0000000080000020] W[r30=0000000080000020][1] R[r 0=0000000000000000] R[r 0=0000000000000000] inst=[00000f17] auipc   t5, 0x0
C0:        819 [1] pc=[0000000080000024] W[r30=0000000080000300][1] R[r30=0000000080000020] R[r 0=0000000000000000] inst=[2e0f0f13] addi    t5, t5, 736
C0:        820 [1] pc=[0000000080000028] W[r 0=0000000000000000][0] R[r30=0000000080000300] R[r 0=0000000000000000] inst=[000f0463] beqz    t5, pc + 8
C0:        821 [1] pc=[000000008000002c] W[r 0=0000000080000030][1] R[r30=0000000080000300] R[r 0=0000000000000000] inst=[000f0067] jr      t5
C0:        822 [1] pc=[0000000080000300] W[r 0=0000000080000304][1] R[r 0=0000000000000000] R[r 0=0000000000000000] inst=[0400006f] j       pc + 0x40
C0:        823 [1] pc=[0000000080000340] W[r 6=0000000000000002][1] R[r 0=0000000000000000] R[r 0=0000000000000000] inst=[00200313] li      t1, 2
C0:        824 [1] pc=[0000000080000344] W[r 5=0000000000000002][1] R[r 0=0000000000000000] R[r 0=0000000000000000] inst=[342022f3] csrr    t0, unknown_342
C0:        827 [1] pc=[0000000080000348] W[r 0=0000000000000000][0] R[r 5=0000000000000002] R[r 6=0000000000000002] inst=[f66294e3] bne     t0, t1, pc - 152
C0:        828 [1] pc=[000000008000034c] W[r 5=0000000080000268][1] R[r 0=0000000000000000] R[r 0=0000000000000000] inst=[341022f3] csrr    t0, unknown_341
C0:        829 [1] pc=[0000000080000350] W[r 7=00000000180022f3][1] R[r 0=0000000000000000] R[r 0=0000000000000000] inst=[343023f3] csrr    t2, unknown_343
C0:        832 [1] pc=[0000000080000354] W[r 0=0000000000000000][0] R[r 7=00000000180022f3] R[r 0=0000000000000000] inst=[00038e63] beqz    t2, pc + 28
C0:        833 [1] pc=[0000000080000358] W[r 6=00000000000022f3][1] R[r 5=0000000080000268] R[r 0=0000000000000000] inst=[0002d303] lhu     t1, 0(t0)
C0:        836 [1] pc=[000000008000035c] W[r 7=0000000018000000][1] R[r 7=00000000180022f3] R[r 6=00000000000022f3] inst=[0063c3b3] xor     t2, t2, t1
C0:        837 [1] pc=[0000000080000360] W[r 6=0000000000001800][1] R[r 5=0000000080000268] R[r 0=0000000000000000] inst=[0022d303] lhu     t1, 2(t0)
C0:        840 [1] pc=[0000000080000364] W[r 6=0000000018000000][1] R[r 6=0000000000001800] R[r 0=0000000000000000] inst=[01031313] slli    t1, t1, 16
C0:        841 [1] pc=[0000000080000368] W[r 7=0000000000000000][1] R[r 7=0000000018000000] R[r 6=0000000018000000] inst=[0063c3b3] xor     t2, t2, t1
C0:        842 [1] pc=[000000008000036c] W[r 0=0000000000000000][0] R[r 7=0000000000000000] R[r 0=0000000000000000] inst=[f40392e3] bnez    t2, pc - 188
C0:        843 [1] pc=[0000000080000370] W[r 6=0000000080000370][1] R[r 0=0000000000000000] R[r 0=0000000000000000] inst=[00000317] auipc   t1, 0x0
C0:        844 [1] pc=[0000000080000374] W[r 6=00000000800001c8][1] R[r 6=0000000080000370] R[r 0=0000000000000000] inst=[e5830313] addi    t1, t1, -424
C0:        845 [1] pc=[0000000080000378] W[r 0=0000000000000000][0] R[r 5=0000000080000268] R[r 6=00000000800001c8] inst=[04628263] beq     t0, t1, pc + 68
C0:        846 [1] pc=[000000008000037c] W[r 6=000000008000037c][1] R[r 0=0000000000000000] R[r 0=0000000000000000] inst=[00000317] auipc   t1, 0x0
C0:        847 [1] pc=[0000000080000380] W[r 6=0000000080000258][1] R[r 6=000000008000037c] R[r 0=0000000000000000] inst=[edc30313] addi    t1, t1, -292
C0:        848 [1] pc=[0000000080000384] W[r 0=0000000000000000][0] R[r 5=0000000080000268] R[r 6=0000000080000258] inst=[04628263] beq     t0, t1, pc + 68
C0:        849 [1] pc=[0000000080000388] W[r 6=0000000080000388][1] R[r 0=0000000000000000] R[r 0=0000000000000000] inst=[00000317] auipc   t1, 0x0
C0:        850 [1] pc=[000000008000038c] W[r 6=0000000080000260][1] R[r 6=0000000080000388] R[r 0=0000000000000000] inst=[ed830313] addi    t1, t1, -296
C0:        851 [1] pc=[0000000080000390] W[r 0=0000000000000000][0] R[r 5=0000000080000268] R[r 6=0000000080000260] inst=[02628663] beq     t0, t1, pc + 44
C0:        855 [1] pc=[0000000080000394] W[r 6=0000000080000394][1] R[r 0=0000000000000000] R[r 0=0000000000000000] inst=[00000317] auipc   t1, 0x0
C0:        856 [1] pc=[0000000080000398] W[r 6=0000000080000268][1] R[r 6=0000000080000394] R[r 0=0000000000000000] inst=[ed430313] addi    t1, t1, -300
C0:        857 [1] pc=[000000008000039c] W[r 0=0000000000000000][0] R[r 5=0000000080000268] R[r 6=0000000080000268] inst=[02628063] beq     t0, t1, pc + 32
C0:        861 [1] pc=[00000000800003bc] W[r 5=0000000080000270][1] R[r 5=0000000080000268] R[r 0=0000000000000000] inst=[00828293] addi    t0, t0, 8
C0:        862 [1] pc=[00000000800003c0] W[r 0=0000000080000268][1] R[r 5=0000000080000270] R[r 0=0000000000000000] inst=[34129073] csrw    unknown_341, t0
C0:        863 [1] pc=[00000000800003c4] W[r 0=0000000000000000][0] R[r 0=0000000000000000] R[r 0=0000000000000000] inst=[30200073] mret
C0:        868 [1] pc=[0000000080000270] W[r 5=0000000080000270][1] R[r 0=0000000000000000] R[r 0=0000000000000000] inst=[00000297] auipc   t0, 0x0
C0:        869 [1] pc=[0000000080000274] W[r 5=0000000080000290][1] R[r 5=0000000080000270] R[r 0=0000000000000000] inst=[02028293] addi    t0, t0, 32
C0:        870 [1] pc=[0000000080000278] W[r 0=0000000000000000][1] R[r 5=0000000080000290] R[r 0=0000000000000000] inst=[14129073] csrw    unknown_141, t0
C0:        871 [1] pc=[000000008000027c] W[r 5=0000000000000100][1] R[r 0=0000000000000000] R[r 0=0000000000000000] inst=[10000293] li      t0, 256
C0:        893 [1] pc=[0000000080000280] W[r 0=0000000200000000][1] R[r 5=0000000000000100] R[r 0=0000000000000000] inst=[1002a073] csrs    unknown_100, t0
C0:        898 [1] pc=[0000000080000284] W[r 5=0000000000000020][1] R[r 0=0000000000000000] R[r 0=0000000000000000] inst=[02000293] li      t0, 32
C0:        899 [1] pc=[0000000080000288] W[r 0=0000000200000100][1] R[r 5=0000000000000020] R[r 0=0000000000000000] inst=[1002b073] csrc    unknown_100, t0
C0:        904 [1] pc=[000000008000028c] W[r 0=0000000000000000][0] R[r 0=0000000000000000] R[r 0=0000000000000000] inst=[10200073] sret
C0:        909 [0] pc=[0000000080000290] W[r 8=0000000000000000][0] R[r 0=0000000000000000] R[r 0=0000000000000000] inst=[00000000] c.addi4spn s0, sp, 0
C0:        914 [1] pc=[0000000080000004] W[r30=0000000000000002][1] R[r 0=0000000000000000] R[r 0=0000000000000000] inst=[34202f73] csrr    t5, unknown_342
C0:        915 [1] pc=[0000000080000008] W[r31=0000000000000008][1] R[r 0=0000000000000000] R[r 0=0000000000000000] inst=[00800f93] li      t6, 8
C0:        917 [1] pc=[000000008000000c] W[r 0=0000000000000000][0] R[r30=0000000000000002] R[r31=0000000000000008] inst=[07ff0663] beq     t5, t6, pc + 108
C0:        918 [1] pc=[0000000080000010] W[r31=0000000000000009][1] R[r 0=0000000000000000] R[r 0=0000000000000000] inst=[00900f93] li      t6, 9
C0:        919 [1] pc=[0000000080000014] W[r 0=0000000000000000][0] R[r30=0000000000000002] R[r31=0000000000000009] inst=[07ff0263] beq     t5, t6, pc + 100
C0:        920 [1] pc=[0000000080000018] W[r31=000000000000000b][1] R[r 0=0000000000000000] R[r 0=0000000000000000] inst=[00b00f93] li      t6, 11
C0:        921 [1] pc=[000000008000001c] W[r 0=0000000000000000][0] R[r30=0000000000000002] R[r31=000000000000000b] inst=[05ff0e63] beq     t5, t6, pc + 92
C0:        922 [1] pc=[0000000080000020] W[r30=0000000080000020][1] R[r 0=0000000000000000] R[r 0=0000000000000000] inst=[00000f17] auipc   t5, 0x0
C0:        923 [1] pc=[0000000080000024] W[r30=0000000080000300][1] R[r30=0000000080000020] R[r 0=0000000000000000] inst=[2e0f0f13] addi    t5, t5, 736
C0:        924 [1] pc=[0000000080000028] W[r 0=0000000000000000][0] R[r30=0000000080000300] R[r 0=0000000000000000] inst=[000f0463] beqz    t5, pc + 8
C0:        925 [1] pc=[000000008000002c] W[r 0=0000000080000030][1] R[r30=0000000080000300] R[r 0=0000000000000000] inst=[000f0067] jr      t5
C0:        926 [1] pc=[0000000080000300] W[r 0=0000000080000304][1] R[r 0=0000000000000000] R[r 0=0000000000000000] inst=[0400006f] j       pc + 0x40
C0:        927 [1] pc=[0000000080000340] W[r 6=0000000000000002][1] R[r 0=0000000000000000] R[r 0=0000000000000000] inst=[00200313] li      t1, 2
C0:        928 [1] pc=[0000000080000344] W[r 5=0000000000000002][1] R[r 0=0000000000000000] R[r 0=0000000000000000] inst=[342022f3] csrr    t0, unknown_342
C0:        931 [1] pc=[0000000080000348] W[r 0=0000000000000000][0] R[r 5=0000000000000002] R[r 6=0000000000000002] inst=[f66294e3] bne     t0, t1, pc - 152
C0:        932 [1] pc=[000000008000034c] W[r 5=0000000080000290][1] R[r 0=0000000000000000] R[r 0=0000000000000000] inst=[341022f3] csrr    t0, unknown_341
C0:        933 [1] pc=[0000000080000350] W[r 7=0000000000000000][1] R[r 0=0000000000000000] R[r 0=0000000000000000] inst=[343023f3] csrr    t2, unknown_343
C0:        936 [1] pc=[0000000080000354] W[r 0=0000000000000000][0] R[r 7=0000000000000000] R[r 0=0000000000000000] inst=[00038e63] beqz    t2, pc + 28
C0:        940 [1] pc=[0000000080000370] W[r 6=0000000080000370][1] R[r 0=0000000000000000] R[r 0=0000000000000000] inst=[00000317] auipc   t1, 0x0
C0:        941 [1] pc=[0000000080000374] W[r 6=00000000800001c8][1] R[r 6=0000000080000370] R[r 0=0000000000000000] inst=[e5830313] addi    t1, t1, -424
C0:        942 [1] pc=[0000000080000378] W[r 0=0000000000000000][0] R[r 5=0000000080000290] R[r 6=00000000800001c8] inst=[04628263] beq     t0, t1, pc + 68
C0:        943 [1] pc=[000000008000037c] W[r 6=000000008000037c][1] R[r 0=0000000000000000] R[r 0=0000000000000000] inst=[00000317] auipc   t1, 0x0
C0:        944 [1] pc=[0000000080000380] W[r 6=0000000080000258][1] R[r 6=000000008000037c] R[r 0=0000000000000000] inst=[edc30313] addi    t1, t1, -292
C0:        945 [1] pc=[0000000080000384] W[r 0=0000000000000000][0] R[r 5=0000000080000290] R[r 6=0000000080000258] inst=[04628263] beq     t0, t1, pc + 68
C0:        946 [1] pc=[0000000080000388] W[r 6=0000000080000388][1] R[r 0=0000000000000000] R[r 0=0000000000000000] inst=[00000317] auipc   t1, 0x0
C0:        947 [1] pc=[000000008000038c] W[r 6=0000000080000260][1] R[r 6=0000000080000388] R[r 0=0000000000000000] inst=[ed830313] addi    t1, t1, -296
C0:        948 [1] pc=[0000000080000390] W[r 0=0000000000000000][0] R[r 5=0000000080000290] R[r 6=0000000080000260] inst=[02628663] beq     t0, t1, pc + 44
C0:        949 [1] pc=[0000000080000394] W[r 6=0000000080000394][1] R[r 0=0000000000000000] R[r 0=0000000000000000] inst=[00000317] auipc   t1, 0x0
C0:        950 [1] pc=[0000000080000398] W[r 6=0000000080000268][1] R[r 6=0000000080000394] R[r 0=0000000000000000] inst=[ed430313] addi    t1, t1, -300
C0:        951 [1] pc=[000000008000039c] W[r 0=0000000000000000][0] R[r 5=0000000080000290] R[r 6=0000000080000268] inst=[02628063] beq     t0, t1, pc + 32
C0:        952 [1] pc=[00000000800003a0] W[r 6=00000000800003a0][1] R[r 0=0000000000000000] R[r 0=0000000000000000] inst=[00000317] auipc   t1, 0x0
C0:        953 [1] pc=[00000000800003a4] W[r 6=0000000080000290][1] R[r 6=00000000800003a0] R[r 0=0000000000000000] inst=[ef030313] addi    t1, t1, -272
C0:        954 [1] pc=[00000000800003a8] W[r 0=0000000000000000][0] R[r 5=0000000080000290] R[r 6=0000000080000290] inst=[02628663] beq     t0, t1, pc + 44
C0:        958 [1] pc=[00000000800003d4] W[r 6=0000000000400000][1] R[r 0=0000000000000000] R[r 0=0000000000000000] inst=[00400337] lui     t1, 0x400
C0:        959 [1] pc=[00000000800003d8] W[r 0=0000000a001008a0][1] R[r 6=0000000000400000] R[r 0=0000000000000000] inst=[30032073] csrs    unknown_300, t1
C0:        964 [1] pc=[00000000800003dc] W[r 0=00000000800003e0][1] R[r 0=0000000000000000] R[r 0=0000000000000000] inst=[fe1ff06f] j       pc - 0x20
C0:        965 [1] pc=[00000000800003bc] W[r 5=0000000080000298][1] R[r 5=0000000080000290] R[r 0=0000000000000000] inst=[00828293] addi    t0, t0, 8
C0:        966 [1] pc=[00000000800003c0] W[r 0=0000000080000290][1] R[r 5=0000000080000298] R[r 0=0000000000000000] inst=[34129073] csrw    unknown_341, t0
C0:        967 [1] pc=[00000000800003c4] W[r 0=0000000000000000][0] R[r 0=0000000000000000] R[r 0=0000000000000000] inst=[30200073] mret
C0:        972 [1] pc=[0000000080000298] W[r 5=0000000080000298][1] R[r 0=0000000000000000] R[r 0=0000000000000000] inst=[00000297] auipc   t0, 0x0
C0:        973 [1] pc=[000000008000029c] W[r 5=00000000800002a8][1] R[r 5=0000000080000298] R[r 0=0000000000000000] inst=[01028293] addi    t0, t0, 16
C0:        974 [1] pc=[00000000800002a0] W[r 0=0000000080000290][1] R[r 5=00000000800002a8] R[r 0=0000000000000000] inst=[14129073] csrw    unknown_141, t0
C0:        975 [0] pc=[00000000800002a4] W[r 0=0000000000000000][0] R[r 0=0000000010200073] R[r 0=0000000000000000] inst=[10200073] sret
C0:        980 [1] pc=[0000000080000004] W[r30=0000000000000002][1] R[r 0=0000000000000000] R[r 0=0000000000000000] inst=[34202f73] csrr    t5, unknown_342
C0:        981 [1] pc=[0000000080000008] W[r31=0000000000000008][1] R[r 0=0000000000000000] R[r 0=0000000000000000] inst=[00800f93] li      t6, 8
C0:        983 [1] pc=[000000008000000c] W[r 0=0000000000000000][0] R[r30=0000000000000002] R[r31=0000000000000008] inst=[07ff0663] beq     t5, t6, pc + 108
C0:        984 [1] pc=[0000000080000010] W[r31=0000000000000009][1] R[r 0=0000000000000000] R[r 0=0000000000000000] inst=[00900f93] li      t6, 9
C0:        985 [1] pc=[0000000080000014] W[r 0=0000000000000000][0] R[r30=0000000000000002] R[r31=0000000000000009] inst=[07ff0263] beq     t5, t6, pc + 100
C0:        986 [1] pc=[0000000080000018] W[r31=000000000000000b][1] R[r 0=0000000000000000] R[r 0=0000000000000000] inst=[00b00f93] li      t6, 11
C0:        987 [1] pc=[000000008000001c] W[r 0=0000000000000000][0] R[r30=0000000000000002] R[r31=000000000000000b] inst=[05ff0e63] beq     t5, t6, pc + 92
C0:        988 [1] pc=[0000000080000020] W[r30=0000000080000020][1] R[r 0=0000000000000000] R[r 0=0000000000000000] inst=[00000f17] auipc   t5, 0x0
C0:        989 [1] pc=[0000000080000024] W[r30=0000000080000300][1] R[r30=0000000080000020] R[r 0=0000000000000000] inst=[2e0f0f13] addi    t5, t5, 736
C0:        990 [1] pc=[0000000080000028] W[r 0=0000000000000000][0] R[r30=0000000080000300] R[r 0=0000000000000000] inst=[000f0463] beqz    t5, pc + 8
C0:        991 [1] pc=[000000008000002c] W[r 0=0000000080000030][1] R[r30=0000000080000300] R[r 0=0000000000000000] inst=[000f0067] jr      t5
C0:        992 [1] pc=[0000000080000300] W[r 0=0000000080000304][1] R[r 0=0000000000000000] R[r 0=0000000000000000] inst=[0400006f] j       pc + 0x40
C0:        993 [1] pc=[0000000080000340] W[r 6=0000000000000002][1] R[r 0=0000000000000000] R[r 0=0000000000000000] inst=[00200313] li      t1, 2
C0:        994 [1] pc=[0000000080000344] W[r 5=0000000000000002][1] R[r 0=0000000000000000] R[r 0=0000000000000000] inst=[342022f3] csrr    t0, unknown_342
C0:        997 [1] pc=[0000000080000348] W[r 0=0000000000000000][0] R[r 5=0000000000000002] R[r 6=0000000000000002] inst=[f66294e3] bne     t0, t1, pc - 152
C0:        998 [1] pc=[000000008000034c] W[r 5=00000000800002a4][1] R[r 0=0000000000000000] R[r 0=0000000000000000] inst=[341022f3] csrr    t0, unknown_341
C0:        999 [1] pc=[0000000080000350] W[r 7=0000000010200073][1] R[r 0=0000000000000000] R[r 0=0000000000000000] inst=[343023f3] csrr    t2, unknown_343
C0:       1002 [1] pc=[0000000080000354] W[r 0=0000000000000000][0] R[r 7=0000000010200073] R[r 0=0000000000000000] inst=[00038e63] beqz    t2, pc + 28
C0:       1022 [1] pc=[0000000080000358] W[r 6=0000000000000073][1] R[r 5=00000000800002a4] R[r 0=0000000000000000] inst=[0002d303] lhu     t1, 0(t0)
C0:       1025 [1] pc=[000000008000035c] W[r 7=0000000010200000][1] R[r 7=0000000010200073] R[r 6=0000000000000073] inst=[0063c3b3] xor     t2, t2, t1
C0:       1026 [1] pc=[0000000080000360] W[r 6=0000000000001020][1] R[r 5=00000000800002a4] R[r 0=0000000000000000] inst=[0022d303] lhu     t1, 2(t0)
C0:       1029 [1] pc=[0000000080000364] W[r 6=0000000010200000][1] R[r 6=0000000000001020] R[r 0=0000000000000000] inst=[01031313] slli    t1, t1, 16
C0:       1030 [1] pc=[0000000080000368] W[r 7=0000000000000000][1] R[r 7=0000000010200000] R[r 6=0000000010200000] inst=[0063c3b3] xor     t2, t2, t1
C0:       1031 [1] pc=[000000008000036c] W[r 0=0000000000000000][0] R[r 7=0000000000000000] R[r 0=0000000000000000] inst=[f40392e3] bnez    t2, pc - 188
C0:       1032 [1] pc=[0000000080000370] W[r 6=0000000080000370][1] R[r 0=0000000000000000] R[r 0=0000000000000000] inst=[00000317] auipc   t1, 0x0
C0:       1033 [1] pc=[0000000080000374] W[r 6=00000000800001c8][1] R[r 6=0000000080000370] R[r 0=0000000000000000] inst=[e5830313] addi    t1, t1, -424
C0:       1034 [1] pc=[0000000080000378] W[r 0=0000000000000000][0] R[r 5=00000000800002a4] R[r 6=00000000800001c8] inst=[04628263] beq     t0, t1, pc + 68
C0:       1035 [1] pc=[000000008000037c] W[r 6=000000008000037c][1] R[r 0=0000000000000000] R[r 0=0000000000000000] inst=[00000317] auipc   t1, 0x0
C0:       1036 [1] pc=[0000000080000380] W[r 6=0000000080000258][1] R[r 6=000000008000037c] R[r 0=0000000000000000] inst=[edc30313] addi    t1, t1, -292
C0:       1037 [1] pc=[0000000080000384] W[r 0=0000000000000000][0] R[r 5=00000000800002a4] R[r 6=0000000080000258] inst=[04628263] beq     t0, t1, pc + 68
C0:       1038 [1] pc=[0000000080000388] W[r 6=0000000080000388][1] R[r 0=0000000000000000] R[r 0=0000000000000000] inst=[00000317] auipc   t1, 0x0
C0:       1039 [1] pc=[000000008000038c] W[r 6=0000000080000260][1] R[r 6=0000000080000388] R[r 0=0000000000000000] inst=[ed830313] addi    t1, t1, -296
C0:       1040 [1] pc=[0000000080000390] W[r 0=0000000000000000][0] R[r 5=00000000800002a4] R[r 6=0000000080000260] inst=[02628663] beq     t0, t1, pc + 44
C0:       1041 [1] pc=[0000000080000394] W[r 6=0000000080000394][1] R[r 0=0000000000000000] R[r 0=0000000000000000] inst=[00000317] auipc   t1, 0x0
C0:       1042 [1] pc=[0000000080000398] W[r 6=0000000080000268][1] R[r 6=0000000080000394] R[r 0=0000000000000000] inst=[ed430313] addi    t1, t1, -300
C0:       1043 [1] pc=[000000008000039c] W[r 0=0000000000000000][0] R[r 5=00000000800002a4] R[r 6=0000000080000268] inst=[02628063] beq     t0, t1, pc + 32
C0:       1047 [1] pc=[00000000800003a0] W[r 6=00000000800003a0][1] R[r 0=0000000000000000] R[r 0=0000000000000000] inst=[00000317] auipc   t1, 0x0
C0:       1048 [1] pc=[00000000800003a4] W[r 6=0000000080000290][1] R[r 6=00000000800003a0] R[r 0=0000000000000000] inst=[ef030313] addi    t1, t1, -272
C0:       1049 [1] pc=[00000000800003a8] W[r 0=0000000000000000][0] R[r 5=00000000800002a4] R[r 6=0000000080000290] inst=[02628663] beq     t0, t1, pc + 44
C0:       1050 [1] pc=[00000000800003ac] W[r 6=00000000800003ac][1] R[r 0=0000000000000000] R[r 0=0000000000000000] inst=[00000317] auipc   t1, 0x0
C0:       1051 [1] pc=[00000000800003b0] W[r 6=00000000800002a4][1] R[r 6=00000000800003ac] R[r 0=0000000000000000] inst=[ef830313] addi    t1, t1, -264
C0:       1052 [1] pc=[00000000800003b4] W[r 0=0000000000000000][0] R[r 5=00000000800002a4] R[r 6=00000000800002a4] inst=[02628663] beq     t0, t1, pc + 44
C0:       1056 [1] pc=[00000000800003e0] W[r 0=00000000800003e4][1] R[r 0=0000000000000000] R[r 0=0000000000000000] inst=[fddff06f] j       pc - 0x24
C0:       1058 [1] pc=[00000000800003bc] W[r 5=00000000800002ac][1] R[r 5=00000000800002a4] R[r 0=0000000000000000] inst=[00828293] addi    t0, t0, 8
C0:       1059 [1] pc=[00000000800003c0] W[r 0=00000000800002a4][1] R[r 5=00000000800002ac] R[r 0=0000000000000000] inst=[34129073] csrw    unknown_341, t0
C0:       1060 [1] pc=[00000000800003c4] W[r 0=0000000000000000][0] R[r 0=0000000000000000] R[r 0=0000000000000000] inst=[30200073] mret
C0:       1065 [1] pc=[00000000800002ac] W[r 0=0000000000000000][0] R[r 0=0000000000000000] R[r 3=0000000000000002] inst=[02301063] bne     zero, gp, pc + 32
C0:       1090 [1] pc=[00000000800002cc] W[r 0=0000000000000000][0] R[r 0=0000000000000000] R[r 0=0000000000000000] inst=[0ff0000f] fence   iorw,iorw
C0:       1091 [1] pc=[00000000800002d0] W[r 3=0000000000000001][1] R[r 0=0000000000000000] R[r 0=0000000000000000] inst=[00100193] li      gp, 1
C0:       1092 [1] pc=[00000000800002d4] W[r17=000000000000005d][1] R[r 0=0000000000000000] R[r 0=0000000000000000] inst=[05d00893] li      a7, 93
C0:       1093 [1] pc=[00000000800002d8] W[r10=0000000000000000][1] R[r 0=0000000000000000] R[r 0=0000000000000000] inst=[00000513] li      a0, 0
C0:       1094 [0] pc=[00000000800002dc] W[r 0=0000000000000000][0] R[r 0=0000000000000000] R[r 0=0000000000000000] inst=[00000073] ecall
C0:       1099 [1] pc=[0000000080000004] W[r30=0000000000000009][1] R[r 0=0000000000000000] R[r 0=0000000000000000] inst=[34202f73] csrr    t5, unknown_342
C0:       1100 [1] pc=[0000000080000008] W[r31=0000000000000008][1] R[r 0=0000000000000000] R[r 0=0000000000000000] inst=[00800f93] li      t6, 8
C0:       1102 [1] pc=[000000008000000c] W[r 0=0000000000000000][0] R[r30=0000000000000009] R[r31=0000000000000008] inst=[07ff0663] beq     t5, t6, pc + 108
C0:       1103 [1] pc=[0000000080000010] W[r31=0000000000000009][1] R[r 0=0000000000000000] R[r 0=0000000000000000] inst=[00900f93] li      t6, 9
C0:       1104 [1] pc=[0000000080000014] W[r 0=0000000000000000][0] R[r30=0000000000000009] R[r31=0000000000000009] inst=[07ff0263] beq     t5, t6, pc + 100
C0:       1129 [1] pc=[0000000080000078] W[r30=0000000080001078][1] R[r 0=0000000000000000] R[r 0=0000000000000000] inst=[00001f17] auipc   t5, 0x1
C0:       1146 [1] pc=[000000008000007c] W[r 0=0000000000000000][0] R[r30=0000000080001078] R[r 3=0000000000000001] inst=[f83f2423] sw      gp, -120(t5)
C0:       1147 [1] pc=[0000000080000080] W[r 0=0000000080000084][1] R[r 0=0000000000000000] R[r 0=0000000000000000] inst=[ff9ff06f] j       pc - 0x8
C0:       1148 [1] pc=[0000000080000078] W[r30=0000000080001078][1] R[r 0=0000000000000000] R[r 0=0000000000000000] inst=[00001f17] auipc   t5, 0x1
C0:       1149 [1] pc=[000000008000007c] W[r 0=0000000000000000][0] R[r30=0000000080001078] R[r 3=0000000000000001] inst=[f83f2423] sw      gp, -120(t5)
C0:       1150 [1] pc=[0000000080000080] W[r 0=0000000080000084][1] R[r 0=0000000000000000] R[r 0=0000000000000000] inst=[ff9ff06f] j       pc - 0x8
C0:       1151 [1] pc=[0000000080000078] W[r30=0000000080001078][1] R[r 0=0000000000000000] R[r 0=0000000000000000] inst=[00001f17] auipc   t5, 0x1
C0:       1152 [1] pc=[000000008000007c] W[r 0=0000000000000000][0] R[r30=0000000080001078] R[r 3=0000000000000001] inst=[f83f2423] sw      gp, -120(t5)
C0:       1153 [1] pc=[0000000080000080] W[r 0=0000000080000084][1] R[r 0=0000000000000000] R[r 0=0000000000000000] inst=[ff9ff06f] j       pc - 0x8
C0:       1154 [1] pc=[0000000080000078] W[r30=0000000080001078][1] R[r 0=0000000000000000] R[r 0=0000000000000000] inst=[00001f17] auipc   t5, 0x1
C0:       1155 [1] pc=[000000008000007c] W[r 0=0000000000000000][0] R[r30=0000000080001078] R[r 3=0000000000000001] inst=[f83f2423] sw      gp, -120(t5)
C0:       1156 [1] pc=[0000000080000080] W[r 0=0000000080000084][1] R[r 0=0000000000000000] R[r 0=0000000000000000] inst=[ff9ff06f] j       pc - 0x8
C0:       1157 [1] pc=[0000000080000078] W[r30=0000000080001078][1] R[r 0=0000000000000000] R[r 0=0000000000000000] inst=[00001f17] auipc   t5, 0x1
C0:       1158 [1] pc=[000000008000007c] W[r 0=0000000000000000][0] R[r30=0000000080001078] R[r 3=0000000000000001] inst=[f83f2423] sw      gp, -120(t5)
C0:       1159 [1] pc=[0000000080000080] W[r 0=0000000080000084][1] R[r 0=0000000000000000] R[r 0=0000000000000000] inst=[ff9ff06f] j       pc - 0x8
C0:       1160 [1] pc=[0000000080000078] W[r30=0000000080001078][1] R[r 0=0000000000000000] R[r 0=0000000000000000] inst=[00001f17] auipc   t5, 0x1
C0:       1161 [1] pc=[000000008000007c] W[r 0=0000000000000000][0] R[r30=0000000080001078] R[r 3=0000000000000001] inst=[f83f2423] sw      gp, -120(t5)
C0:       1162 [1] pc=[0000000080000080] W[r 0=0000000080000084][1] R[r 0=0000000000000000] R[r 0=0000000000000000] inst=[ff9ff06f] j       pc - 0x8
C0:       1163 [1] pc=[0000000080000078] W[r30=0000000080001078][1] R[r 0=0000000000000000] R[r 0=0000000000000000] inst=[00001f17] auipc   t5, 0x1
C0:       1164 [1] pc=[000000008000007c] W[r 0=0000000000000000][0] R[r30=0000000080001078] R[r 3=0000000000000001] inst=[f83f2423] sw      gp, -120(t5)
C0:       1165 [1] pc=[0000000080000080] W[r 0=0000000080000084][1] R[r 0=0000000000000000] R[r 0=0000000000000000] inst=[ff9ff06f] j       pc - 0x8
C0:       1166 [1] pc=[0000000080000078] W[r30=0000000080001078][1] R[r 0=0000000000000000] R[r 0=0000000000000000] inst=[00001f17] auipc   t5, 0x1
C0:       1167 [1] pc=[000000008000007c] W[r 0=0000000000000000][0] R[r30=0000000080001078] R[r 3=0000000000000001] inst=[f83f2423] sw      gp, -120(t5)
C0:       1168 [1] pc=[0000000080000080] W[r 0=0000000080000084][1] R[r 0=0000000000000000] R[r 0=0000000000000000] inst=[ff9ff06f] j       pc - 0x8
C0:       1169 [1] pc=[0000000080000078] W[r30=0000000080001078][1] R[r 0=0000000000000000] R[r 0=0000000000000000] inst=[00001f17] auipc   t5, 0x1
C0:       1170 [1] pc=[000000008000007c] W[r 0=0000000000000000][0] R[r30=0000000080001078] R[r 3=0000000000000001] inst=[f83f2423] sw      gp, -120(t5)
C0:       1171 [1] pc=[0000000080000080] W[r 0=0000000080000084][1] R[r 0=0000000000000000] R[r 0=0000000000000000] inst=[ff9ff06f] j       pc - 0x8
C0:       1172 [1] pc=[0000000080000078] W[r30=0000000080001078][1] R[r 0=0000000000000000] R[r 0=0000000000000000] inst=[00001f17] auipc   t5, 0x1
C0:       1173 [1] pc=[000000008000007c] W[r 0=0000000000000000][0] R[r30=0000000080001078] R[r 3=0000000000000001] inst=[f83f2423] sw      gp, -120(t5)
C0:       1174 [1] pc=[0000000080000080] W[r 0=0000000080000084][1] R[r 0=0000000000000000] R[r 0=0000000000000000] inst=[ff9ff06f] j       pc - 0x8
C0:       1175 [1] pc=[0000000080000078] W[r30=0000000080001078][1] R[r 0=0000000000000000] R[r 0=0000000000000000] inst=[00001f17] auipc   t5, 0x1
C0:       1176 [1] pc=[000000008000007c] W[r 0=0000000000000000][0] R[r30=0000000080001078] R[r 3=0000000000000001] inst=[f83f2423] sw      gp, -120(t5)
C0:       1177 [1] pc=[0000000080000080] W[r 0=0000000080000084][1] R[r 0=0000000000000000] R[r 0=0000000000000000] inst=[ff9ff06f] j       pc - 0x8
C0:       1178 [1] pc=[0000000080000078] W[r30=0000000080001078][1] R[r 0=0000000000000000] R[r 0=0000000000000000] inst=[00001f17] auipc   t5, 0x1
C0:       1179 [1] pc=[000000008000007c] W[r 0=0000000000000000][0] R[r30=0000000080001078] R[r 3=0000000000000001] inst=[f83f2423] sw      gp, -120(t5)
C0:       1180 [1] pc=[0000000080000080] W[r 0=0000000080000084][1] R[r 0=0000000000000000] R[r 0=0000000000000000] inst=[ff9ff06f] j       pc - 0x8
C0:       1181 [1] pc=[0000000080000078] W[r30=0000000080001078][1] R[r 0=0000000000000000] R[r 0=0000000000000000] inst=[00001f17] auipc   t5, 0x1
C0:       1182 [1] pc=[000000008000007c] W[r 0=0000000000000000][0] R[r30=0000000080001078] R[r 3=0000000000000001] inst=[f83f2423] sw      gp, -120(t5)
C0:       1183 [1] pc=[0000000080000080] W[r 0=0000000080000084][1] R[r 0=0000000000000000] R[r 0=0000000000000000] inst=[ff9ff06f] j       pc - 0x8
C0:       1184 [1] pc=[0000000080000078] W[r30=0000000080001078][1] R[r 0=0000000000000000] R[r 0=0000000000000000] inst=[00001f17] auipc   t5, 0x1
C0:       1185 [1] pc=[000000008000007c] W[r 0=0000000000000000][0] R[r30=0000000080001078] R[r 3=0000000000000001] inst=[f83f2423] sw      gp, -120(t5)
C0:       1186 [1] pc=[0000000080000080] W[r 0=0000000080000084][1] R[r 0=0000000000000000] R[r 0=0000000000000000] inst=[ff9ff06f] j       pc - 0x8
C0:       1187 [1] pc=[0000000080000078] W[r30=0000000080001078][1] R[r 0=0000000000000000] R[r 0=0000000000000000] inst=[00001f17] auipc   t5, 0x1
C0:       1188 [1] pc=[000000008000007c] W[r 0=0000000000000000][0] R[r30=0000000080001078] R[r 3=0000000000000001] inst=[f83f2423] sw      gp, -120(t5)
C0:       1189 [1] pc=[0000000080000080] W[r 0=0000000080000084][1] R[r 0=0000000000000000] R[r 0=0000000000000000] inst=[ff9ff06f] j       pc - 0x8
C0:       1190 [1] pc=[0000000080000078] W[r30=0000000080001078][1] R[r 0=0000000000000000] R[r 0=0000000000000000] inst=[00001f17] auipc   t5, 0x1
C0:       1191 [1] pc=[000000008000007c] W[r 0=0000000000000000][0] R[r30=0000000080001078] R[r 3=0000000000000001] inst=[f83f2423] sw      gp, -120(t5)
C0:       1192 [1] pc=[0000000080000080] W[r 0=0000000080000084][1] R[r 0=0000000000000000] R[r 0=0000000000000000] inst=[ff9ff06f] j       pc - 0x8
C0:       1193 [1] pc=[0000000080000078] W[r30=0000000080001078][1] R[r 0=0000000000000000] R[r 0=0000000000000000] inst=[00001f17] auipc   t5, 0x1
C0:       1194 [1] pc=[000000008000007c] W[r 0=0000000000000000][0] R[r30=0000000080001078] R[r 3=0000000000000001] inst=[f83f2423] sw      gp, -120(t5)
C0:       1195 [1] pc=[0000000080000080] W[r 0=0000000080000084][1] R[r 0=0000000000000000] R[r 0=0000000000000000] inst=[ff9ff06f] j       pc - 0x8
C0:       1196 [1] pc=[0000000080000078] W[r30=0000000080001078][1] R[r 0=0000000000000000] R[r 0=0000000000000000] inst=[00001f17] auipc   t5, 0x1
C0:       1197 [1] pc=[000000008000007c] W[r 0=0000000000000000][0] R[r30=0000000080001078] R[r 3=0000000000000001] inst=[f83f2423] sw      gp, -120(t5)
C0:       1198 [1] pc=[0000000080000080] W[r 0=0000000080000084][1] R[r 0=0000000000000000] R[r 0=0000000000000000] inst=[ff9ff06f] j       pc - 0x8
C0:       1199 [1] pc=[0000000080000078] W[r30=0000000080001078][1] R[r 0=0000000000000000] R[r 0=0000000000000000] inst=[00001f17] auipc   t5, 0x1
C0:       1225 [1] pc=[000000008000007c] W[r 0=0000000000000000][0] R[r30=0000000080001078] R[r 3=0000000000000001] inst=[f83f2423] sw      gp, -120(t5)
C0:       1226 [1] pc=[0000000080000080] W[r 0=0000000080000084][1] R[r 0=0000000000000000] R[r 0=0000000000000000] inst=[ff9ff06f] j       pc - 0x8
C0:       1227 [1] pc=[0000000080000078] W[r30=0000000080001078][1] R[r 0=0000000000000000] R[r 0=0000000000000000] inst=[00001f17] auipc   t5, 0x1
C0:       1228 [1] pc=[000000008000007c] W[r 0=0000000000000000][0] R[r30=0000000080001078] R[r 3=0000000000000001] inst=[f83f2423] sw      gp, -120(t5)
C0:       1229 [1] pc=[0000000080000080] W[r 0=0000000080000084][1] R[r 0=0000000000000000] R[r 0=0000000000000000] inst=[ff9ff06f] j       pc - 0x8
C0:       1230 [1] pc=[0000000080000078] W[r30=0000000080001078][1] R[r 0=0000000000000000] R[r 0=0000000000000000] inst=[00001f17] auipc   t5, 0x1
C0:       1231 [1] pc=[000000008000007c] W[r 0=0000000000000000][0] R[r30=0000000080001078] R[r 3=0000000000000001] inst=[f83f2423] sw      gp, -120(t5)
C0:       1232 [1] pc=[0000000080000080] W[r 0=0000000080000084][1] R[r 0=0000000000000000] R[r 0=0000000000000000] inst=[ff9ff06f] j       pc - 0x8
C0:       1233 [1] pc=[0000000080000078] W[r30=0000000080001078][1] R[r 0=0000000000000000] R[r 0=0000000000000000] inst=[00001f17] auipc   t5, 0x1
C0:       1234 [1] pc=[000000008000007c] W[r 0=0000000000000000][0] R[r30=0000000080001078] R[r 3=0000000000000001] inst=[f83f2423] sw      gp, -120(t5)
C0:       1235 [1] pc=[0000000080000080] W[r 0=0000000080000084][1] R[r 0=0000000000000000] R[r 0=0000000000000000] inst=[ff9ff06f] j       pc - 0x8
C0:       1236 [1] pc=[0000000080000078] W[r30=0000000080001078][1] R[r 0=0000000000000000] R[r 0=0000000000000000] inst=[00001f17] auipc   t5, 0x1
C0:       1237 [1] pc=[000000008000007c] W[r 0=0000000000000000][0] R[r30=0000000080001078] R[r 3=0000000000000001] inst=[f83f2423] sw      gp, -120(t5)
C0:       1238 [1] pc=[0000000080000080] W[r 0=0000000080000084][1] R[r 0=0000000000000000] R[r 0=0000000000000000] inst=[ff9ff06f] j       pc - 0x8
C0:       1239 [1] pc=[0000000080000078] W[r30=0000000080001078][1] R[r 0=0000000000000000] R[r 0=0000000000000000] inst=[00001f17] auipc   t5, 0x1
C0:       1240 [1] pc=[000000008000007c] W[r 0=0000000000000000][0] R[r30=0000000080001078] R[r 3=0000000000000001] inst=[f83f2423] sw      gp, -120(t5)
C0:       1241 [1] pc=[0000000080000080] W[r 0=0000000080000084][1] R[r 0=0000000000000000] R[r 0=0000000000000000] inst=[ff9ff06f] j       pc - 0x8
C0:       1242 [1] pc=[0000000080000078] W[r30=0000000080001078][1] R[r 0=0000000000000000] R[r 0=0000000000000000] inst=[00001f17] auipc   t5, 0x1
C0:       1243 [1] pc=[000000008000007c] W[r 0=0000000000000000][0] R[r30=0000000080001078] R[r 3=0000000000000001] inst=[f83f2423] sw      gp, -120(t5)
C0:       1244 [1] pc=[0000000080000080] W[r 0=0000000080000084][1] R[r 0=0000000000000000] R[r 0=0000000000000000] inst=[ff9ff06f] j       pc - 0x8
C0:       1245 [1] pc=[0000000080000078] W[r30=0000000080001078][1] R[r 0=0000000000000000] R[r 0=0000000000000000] inst=[00001f17] auipc   t5, 0x1
C0:       1246 [1] pc=[000000008000007c] W[r 0=0000000000000000][0] R[r30=0000000080001078] R[r 3=0000000000000001] inst=[f83f2423] sw      gp, -120(t5)
C0:       1247 [1] pc=[0000000080000080] W[r 0=0000000080000084][1] R[r 0=0000000000000000] R[r 0=0000000000000000] inst=[ff9ff06f] j       pc - 0x8
C0:       1248 [1] pc=[0000000080000078] W[r30=0000000080001078][1] R[r 0=0000000000000000] R[r 0=0000000000000000] inst=[00001f17] auipc   t5, 0x1
C0:       1249 [1] pc=[000000008000007c] W[r 0=0000000000000000][0] R[r30=0000000080001078] R[r 3=0000000000000001] inst=[f83f2423] sw      gp, -120(t5)
C0:       1250 [1] pc=[0000000080000080] W[r 0=0000000080000084][1] R[r 0=0000000000000000] R[r 0=0000000000000000] inst=[ff9ff06f] j       pc - 0x8
C0:       1251 [1] pc=[0000000080000078] W[r30=0000000080001078][1] R[r 0=0000000000000000] R[r 0=0000000000000000] inst=[00001f17] auipc   t5, 0x1
C0:       1252 [1] pc=[000000008000007c] W[r 0=0000000000000000][0] R[r30=0000000080001078] R[r 3=0000000000000001] inst=[f83f2423] sw      gp, -120(t5)
C0:       1253 [1] pc=[0000000080000080] W[r 0=0000000080000084][1] R[r 0=0000000000000000] R[r 0=0000000000000000] inst=[ff9ff06f] j       pc - 0x8
C0:       1254 [1] pc=[0000000080000078] W[r30=0000000080001078][1] R[r 0=0000000000000000] R[r 0=0000000000000000] inst=[00001f17] auipc   t5, 0x1
C0:       1255 [1] pc=[000000008000007c] W[r 0=0000000000000000][0] R[r30=0000000080001078] R[r 3=0000000000000001] inst=[f83f2423] sw      gp, -120(t5)
C0:       1256 [1] pc=[0000000080000080] W[r 0=0000000080000084][1] R[r 0=0000000000000000] R[r 0=0000000000000000] inst=[ff9ff06f] j       pc - 0x8
C0:       1257 [1] pc=[0000000080000078] W[r30=0000000080001078][1] R[r 0=0000000000000000] R[r 0=0000000000000000] inst=[00001f17] auipc   t5, 0x1
*** PASSED *** Completed after 15778 cycles
