using random seed 1632263033
This emulator compiled with JTAG Remote Bitbang client. To enable, use +jtag_rbb_enable=1.
Listening on port 42047
== Loading device model file '/home/fleker/Desktop/chipyard/generators/testchipip/src/main/resources/dramsim2_ini/DDR3_micron_64M_8B_x4_sg15.ini' == 
== Loading system model file '/home/fleker/Desktop/chipyard/generators/testchipip/src/main/resources/dramsim2_ini/system.ini' == 
===== MemorySystem 0 =====
CH. 0 TOTAL_STORAGE : 4096MB | 1 Ranks | 16 Devices per rank
DRAMSim2 Clock Frequency =666666666Hz, CPU Clock Frequency=100000000Hz
C0:         19 [1] pc=[0000000000010040] W[r10=0000000000010040][1] R[r 0=0000000000000000] R[r 0=0000000000000000] inst=[00000517] auipc   a0, 0x0
C0:         20 [1] pc=[0000000000010044] W[r10=0000000000010000][1] R[r10=0000000000010040] R[r 0=0000000000000000] inst=[fc050513] addi    a0, a0, -64
C0:         21 [1] pc=[0000000000010048] W[r 0=0000000000000000][1] R[r10=0000000000010000] R[r 0=0000000000000000] inst=[30551073] csrw    unknown_305, a0
C0:         26 [1] pc=[000000000001004c] W[r 5=800000000094112d][1] R[r 0=0000000000000000] R[r 0=0000000000000000] inst=[301022f3] csrr    t0, unknown_301
C0:         29 [1] pc=[0000000000010050] W[r 5=ffffe00000000025][1] R[r 5=800000000094112d] R[r 0=0000000000000000] inst=[4122d293] srai    t0, t0, 18
C0:         30 [1] pc=[0000000000010054] W[r 5=0000000000000001][1] R[r 5=ffffe00000000025] R[r 0=0000000000000000] inst=[0012f293] andi    t0, t0, 1
C0:         31 [1] pc=[0000000000010058] W[r 0=0000000000000000][0] R[r 5=0000000000000001] R[r 0=0000000000000000] inst=[00028463] beqz    t0, pc + 8
C0:         32 [1] pc=[000000000001005c] W[r 0=0000000000000000][1] R[r 0=0000000000000000] R[r 0=0000000000000000] inst=[30301073] csrw    unknown_303, zero
C0:         37 [1] pc=[0000000000010060] W[r10=0000000000000008][1] R[r 0=0000000000000000] R[r 0=0000000000000000] inst=[00800513] li      a0, 8
C0:         38 [1] pc=[0000000000010064] W[r 0=0000000000000000][1] R[r10=0000000000000008] R[r 0=0000000000000000] inst=[30451073] csrw    unknown_304, a0
C0:         43 [1] pc=[0000000000010068] W[r 0=0000000a00001800][1] R[r10=0000000000000008] R[r 0=0000000000000000] inst=[30052073] csrs    unknown_300, a0
C0:         48 [1] pc=[000000000001006c] W[r 0=0000000000000000][0] R[r 0=0000000000000000] R[r 0=0000000000000000] inst=[10500073] wfi
C0:         51 [0] pc=[0000000000010070] W[r 0=0000000000000000][0] R[r31=0000000000000008] R[r 0=0000000000000000] inst=[ffdff06f] j       pc - 0x4
C0:         70 [1] pc=[0000000000010000] W[r11=0000000002000000][1] R[r 0=0000000000000000] R[r 0=0000000000000000] inst=[020005b7] lui     a1, 0x2000
C0:         71 [1] pc=[0000000000010004] W[r10=0000000000000000][1] R[r 0=0000000000000000] R[r 0=0000000000000000] inst=[f1402573] csrr    a0, unknown_f14
C0:         74 [1] pc=[0000000000010008] W[r 0=0000000000000000][0] R[r10=0000000000000000] R[r 0=0000000000000000] inst=[00050463] beqz    a0, pc + 8
C0:         78 [1] pc=[0000000000010010] W[r12=0000000002000004][1] R[r11=0000000002000000] R[r 0=0000000000000000] inst=[00458613] addi    a2, a1, 4
C0:         79 [1] pc=[0000000000010014] W[r13=0000000000000001][1] R[r 0=0000000000000000] R[r 0=0000000000000000] inst=[00100693] li      a3, 1
C0:         80 [1] pc=[0000000000010018] W[r 0=0000000000000000][0] R[r12=0000000002000004] R[r13=0000000000000001] inst=[00d62023] sw      a3, 0(a2)
C0:         81 [1] pc=[000000000001001c] W[r12=0000000002000008][1] R[r12=0000000002000004] R[r 0=0000000000000000] inst=[00460613] addi    a2, a2, 4
C0:         87 [1] pc=[0000000000010020] W[r13=0000000000000000][0] R[r12=0000000002000008] R[r 0=0000000000000000] inst=[ffc62683] lw      a3, -4(a2)
C0:         95 [1] pc=[0000000000010024] W[r 0=0000000000000000][0] R[r13=0000000000000000] R[r 0=0000000000000000] inst=[fe069ae3] bnez    a3, pc - 12
C0:         96 [1] pc=[0000000000010028] W[r 0=000000000001002c][1] R[r 0=0000000000000000] R[r 0=0000000000000000] inst=[05c0006f] j       pc + 0x5c
C0:        116 [1] pc=[0000000000010084] W[r 0=0000000000000000][0] R[r11=0000000002000000] R[r 0=0000000000000000] inst=[0005a023] sw      zero, 0(a1)
C0:        117 [1] pc=[0000000000010088] W[r10=0000000000004000][1] R[r 0=0000000000000000] R[r 0=0000000000000000] inst=[00004537] lui     a0, 0x4
C0:        123 [1] pc=[000000000001008c] W[r10=0000000000000000][0] R[r10=0000000000004000] R[r 0=0000000000000000] inst=[00056503] lwu     a0, 0(a0)
C0:        135 [1] pc=[0000000000010090] W[r 0=0000000000010070][1] R[r10=0000000080000000] R[r 0=0000000000000000] inst=[34151073] csrw    unknown_341, a0
C0:        136 [1] pc=[0000000000010094] W[r10=0000000000000000][1] R[r 0=0000000000000000] R[r 0=0000000000000000] inst=[f1402573] csrr    a0, unknown_f14
C0:        137 [1] pc=[0000000000010098] W[r11=0000000000010098][1] R[r 0=0000000000000000] R[r 0=0000000000000000] inst=[00000597] auipc   a1, 0x0
C0:        138 [1] pc=[000000000001009c] W[r11=00000000000100b0][1] R[r11=0000000000010098] R[r 0=0000000000000000] inst=[01858593] addi    a1, a1, 24
C0:        139 [1] pc=[00000000000100a0] W[r12=0000000000000080][1] R[r 0=0000000000000000] R[r 0=0000000000000000] inst=[08000613] li      a2, 128
C0:        140 [1] pc=[00000000000100a4] W[r 0=0000000a00001880][1] R[r12=0000000000000080] R[r 0=0000000000000000] inst=[30063073] csrc    unknown_300, a2
C0:        145 [1] pc=[00000000000100a8] W[r 0=0000000000000000][0] R[r 0=0000000000000000] R[r 0=0000000000000000] inst=[30200073] mret
C0:        166 [1] pc=[0000000080000000] W[r 0=0000000080000004][1] R[r 0=0000000000000000] R[r 0=0000000000000000] inst=[0840006f] j       pc + 0x84
C0:        189 [1] pc=[0000000080000084] W[r 1=0000000000000000][1] R[r 0=0000000000000000] R[r 0=0000000000000000] inst=[00000093] li      ra, 0
C0:        190 [1] pc=[0000000080000088] W[r 2=0000000000000000][1] R[r 0=0000000000000000] R[r 0=0000000000000000] inst=[00000113] li      sp, 0
C0:        191 [1] pc=[000000008000008c] W[r 3=0000000000000000][1] R[r 0=0000000000000000] R[r 0=0000000000000000] inst=[00000193] li      gp, 0
C0:        192 [1] pc=[0000000080000090] W[r 4=0000000000000000][1] R[r 0=0000000000000000] R[r 0=0000000000000000] inst=[00000213] li      tp, 0
C0:        193 [1] pc=[0000000080000094] W[r 5=0000000000000000][1] R[r 0=0000000000000000] R[r 0=0000000000000000] inst=[00000293] li      t0, 0
C0:        194 [1] pc=[0000000080000098] W[r 6=0000000000000000][1] R[r 0=0000000000000000] R[r 0=0000000000000000] inst=[00000313] li      t1, 0
C0:        195 [1] pc=[000000008000009c] W[r 7=0000000000000000][1] R[r 0=0000000000000000] R[r 0=0000000000000000] inst=[00000393] li      t2, 0
C0:        196 [1] pc=[00000000800000a0] W[r 8=0000000000000000][1] R[r 0=0000000000000000] R[r 0=0000000000000000] inst=[00000413] li      s0, 0
C0:        197 [1] pc=[00000000800000a4] W[r 9=0000000000000000][1] R[r 0=0000000000000000] R[r 0=0000000000000000] inst=[00000493] li      s1, 0
C0:        198 [1] pc=[00000000800000a8] W[r10=0000000000000000][1] R[r 0=0000000000000000] R[r 0=0000000000000000] inst=[00000513] li      a0, 0
C0:        199 [1] pc=[00000000800000ac] W[r11=0000000000000000][1] R[r 0=0000000000000000] R[r 0=0000000000000000] inst=[00000593] li      a1, 0
C0:        200 [1] pc=[00000000800000b0] W[r12=0000000000000000][1] R[r 0=0000000000000000] R[r 0=0000000000000000] inst=[00000613] li      a2, 0
C0:        201 [1] pc=[00000000800000b4] W[r13=0000000000000000][1] R[r 0=0000000000000000] R[r 0=0000000000000000] inst=[00000693] li      a3, 0
C0:        202 [1] pc=[00000000800000b8] W[r14=0000000000000000][1] R[r 0=0000000000000000] R[r 0=0000000000000000] inst=[00000713] li      a4, 0
C0:        203 [1] pc=[00000000800000bc] W[r15=0000000000000000][1] R[r 0=0000000000000000] R[r 0=0000000000000000] inst=[00000793] li      a5, 0
C0:        225 [1] pc=[00000000800000c0] W[r16=0000000000000000][1] R[r 0=0000000000000000] R[r 0=0000000000000000] inst=[00000813] li      a6, 0
C0:        226 [1] pc=[00000000800000c4] W[r17=0000000000000000][1] R[r 0=0000000000000000] R[r 0=0000000000000000] inst=[00000893] li      a7, 0
C0:        227 [1] pc=[00000000800000c8] W[r18=0000000000000000][1] R[r 0=0000000000000000] R[r 0=0000000000000000] inst=[00000913] li      s2, 0
C0:        228 [1] pc=[00000000800000cc] W[r19=0000000000000000][1] R[r 0=0000000000000000] R[r 0=0000000000000000] inst=[00000993] li      s3, 0
C0:        229 [1] pc=[00000000800000d0] W[r20=0000000000000000][1] R[r 0=0000000000000000] R[r 0=0000000000000000] inst=[00000a13] li      s4, 0
C0:        230 [1] pc=[00000000800000d4] W[r21=0000000000000000][1] R[r 0=0000000000000000] R[r 0=0000000000000000] inst=[00000a93] li      s5, 0
C0:        231 [1] pc=[00000000800000d8] W[r22=0000000000000000][1] R[r 0=0000000000000000] R[r 0=0000000000000000] inst=[00000b13] li      s6, 0
C0:        232 [1] pc=[00000000800000dc] W[r23=0000000000000000][1] R[r 0=0000000000000000] R[r 0=0000000000000000] inst=[00000b93] li      s7, 0
C0:        233 [1] pc=[00000000800000e0] W[r24=0000000000000000][1] R[r 0=0000000000000000] R[r 0=0000000000000000] inst=[00000c13] li      s8, 0
C0:        234 [1] pc=[00000000800000e4] W[r25=0000000000000000][1] R[r 0=0000000000000000] R[r 0=0000000000000000] inst=[00000c93] li      s9, 0
C0:        235 [1] pc=[00000000800000e8] W[r26=0000000000000000][1] R[r 0=0000000000000000] R[r 0=0000000000000000] inst=[00000d13] li      s10, 0
C0:        236 [1] pc=[00000000800000ec] W[r27=0000000000000000][1] R[r 0=0000000000000000] R[r 0=0000000000000000] inst=[00000d93] li      s11, 0
C0:        237 [1] pc=[00000000800000f0] W[r28=0000000000000000][1] R[r 0=0000000000000000] R[r 0=0000000000000000] inst=[00000e13] li      t3, 0
C0:        238 [1] pc=[00000000800000f4] W[r29=0000000000000000][1] R[r 0=0000000000000000] R[r 0=0000000000000000] inst=[00000e93] li      t4, 0
C0:        239 [1] pc=[00000000800000f8] W[r30=0000000000000000][1] R[r 0=0000000000000000] R[r 0=0000000000000000] inst=[00000f13] li      t5, 0
C0:        240 [1] pc=[00000000800000fc] W[r31=0000000000000000][1] R[r 0=0000000000000000] R[r 0=0000000000000000] inst=[00000f93] li      t6, 0
C0:        262 [1] pc=[0000000080000100] W[r10=0000000000000000][1] R[r 0=0000000000000000] R[r 0=0000000000000000] inst=[f1402573] csrr    a0, unknown_f14
C0:        265 [1] pc=[0000000080000104] W[r 0=0000000000000000][0] R[r10=0000000000000000] R[r 0=0000000000000000] inst=[00051063] bnez    a0, pc + 0
C0:        266 [1] pc=[0000000080000108] W[r 5=0000000080000108][1] R[r 0=0000000000000000] R[r 0=0000000000000000] inst=[00000297] auipc   t0, 0x0
C0:        267 [1] pc=[000000008000010c] W[r 5=0000000080000118][1] R[r 5=0000000080000108] R[r 0=0000000000000000] inst=[01028293] addi    t0, t0, 16
C0:        268 [1] pc=[0000000080000110] W[r 0=0000000000010000][1] R[r 5=0000000080000118] R[r 0=0000000000000000] inst=[30529073] csrw    unknown_305, t0
C0:        273 [1] pc=[0000000080000114] W[r 0=0000000000000000][1] R[r 0=0000000000000000] R[r 0=0000000000000000] inst=[18005073] csrwi   unknown_180, 0
C0:        278 [1] pc=[0000000080000118] W[r 5=0000000080000118][1] R[r 0=0000000000000000] R[r 0=0000000000000000] inst=[00000297] auipc   t0, 0x0
C0:        279 [1] pc=[000000008000011c] W[r 5=000000008000013c][1] R[r 5=0000000080000118] R[r 0=0000000000000000] inst=[02428293] addi    t0, t0, 36
C0:        280 [1] pc=[0000000080000120] W[r 0=0000000080000118][1] R[r 5=000000008000013c] R[r 0=0000000000000000] inst=[30529073] csrw    unknown_305, t0
C0:        285 [1] pc=[0000000080000124] W[r 5=0000000000000001][1] R[r 0=0000000000000000] R[r 0=0000000000000000] inst=[0010029b] addiw   t0, zero, 1
C0:        286 [1] pc=[0000000080000128] W[r 5=0020000000000000][1] R[r 5=0000000000000001] R[r 0=0000000000000000] inst=[03529293] slli    t0, t0, 53
C0:        287 [1] pc=[000000008000012c] W[r 5=001fffffffffffff][1] R[r 5=0020000000000000] R[r 0=0000000000000000] inst=[fff28293] addi    t0, t0, -1
C0:        288 [1] pc=[0000000080000130] W[r 0=0000000000000000][1] R[r 5=001fffffffffffff] R[r 0=0000000000000000] inst=[3b029073] csrw    unknown_3b0, t0
C0:        293 [1] pc=[0000000080000134] W[r 5=000000000000001f][1] R[r 0=0000000000000000] R[r 0=0000000000000000] inst=[01f00293] li      t0, 31
C0:        294 [1] pc=[0000000080000138] W[r 0=0000000000000000][1] R[r 5=000000000000001f] R[r 0=0000000000000000] inst=[3a029073] csrw    unknown_3a0, t0
C0:        299 [1] pc=[000000008000013c] W[r 0=0000000000000008][1] R[r 0=0000000000000000] R[r 0=0000000000000000] inst=[30405073] csrwi   unknown_304, 0
C0:        316 [1] pc=[0000000080000140] W[r 5=0000000080000140][1] R[r 0=0000000000000000] R[r 0=0000000000000000] inst=[00000297] auipc   t0, 0x0
C0:        317 [1] pc=[0000000080000144] W[r 5=0000000080000154][1] R[r 5=0000000080000140] R[r 0=0000000000000000] inst=[01428293] addi    t0, t0, 20
C0:        318 [1] pc=[0000000080000148] W[r 0=000000008000013c][1] R[r 5=0000000080000154] R[r 0=0000000000000000] inst=[30529073] csrw    unknown_305, t0
C0:        323 [1] pc=[000000008000014c] W[r 0=0000000000000000][1] R[r 0=0000000000000000] R[r 0=0000000000000000] inst=[30205073] csrwi   unknown_302, 0
C0:        328 [1] pc=[0000000080000150] W[r 0=0000000000000000][1] R[r 0=0000000000000000] R[r 0=0000000000000000] inst=[30305073] csrwi   unknown_303, 0
C0:        333 [1] pc=[0000000080000154] W[r 3=0000000000000000][1] R[r 0=0000000000000000] R[r 0=0000000000000000] inst=[00000193] li      gp, 0
C0:        334 [1] pc=[0000000080000158] W[r 5=0000000080000158][1] R[r 0=0000000000000000] R[r 0=0000000000000000] inst=[00000297] auipc   t0, 0x0
C0:        335 [1] pc=[000000008000015c] W[r 5=0000000080000004][1] R[r 5=0000000080000158] R[r 0=0000000000000000] inst=[eac28293] addi    t0, t0, -340
C0:        336 [1] pc=[0000000080000160] W[r 0=0000000080000154][1] R[r 5=0000000080000004] R[r 0=0000000000000000] inst=[30529073] csrw    unknown_305, t0
C0:        341 [1] pc=[0000000080000164] W[r10=0000000000000001][1] R[r 0=0000000000000000] R[r 0=0000000000000000] inst=[00100513] li      a0, 1
C0:        342 [1] pc=[0000000080000168] W[r10=0000000080000000][1] R[r10=0000000000000001] R[r 0=0000000000000000] inst=[01f51513] slli    a0, a0, 31
C0:        343 [1] pc=[000000008000016c] W[r 0=0000000000000000][0] R[r10=0000000080000000] R[r 0=0000000000000000] inst=[00055c63] bgez    a0, pc + 24
C0:        368 [1] pc=[0000000080000184] W[r 5=0000000000000184][1] R[r 0=0000000000000000] R[r 0=0000000000000000] inst=[80000297] auipc   t0, 0x80000
C0:        369 [1] pc=[0000000080000188] W[r 5=0000000000000000][1] R[r 5=0000000000000184] R[r 0=0000000000000000] inst=[e7c28293] addi    t0, t0, -388
C0:        370 [1] pc=[000000008000018c] W[r 0=0000000000000000][0] R[r 5=0000000000000000] R[r 0=0000000000000000] inst=[00028a63] beqz    t0, pc + 20
C0:        374 [1] pc=[00000000800001a0] W[r 0=0000000a00000080][1] R[r 0=0000000000000000] R[r 0=0000000000000000] inst=[30005073] csrwi   unknown_300, 0
C0:        379 [1] pc=[00000000800001a4] W[r 5=00000000800001a4][1] R[r 0=0000000000000000] R[r 0=0000000000000000] inst=[00000297] auipc   t0, 0x0
C0:        380 [1] pc=[00000000800001a8] W[r 5=00000000800001b8][1] R[r 5=00000000800001a4] R[r 0=0000000000000000] inst=[01428293] addi    t0, t0, 20
C0:        381 [1] pc=[00000000800001ac] W[r 0=0000000080000000][1] R[r 5=00000000800001b8] R[r 0=0000000000000000] inst=[34129073] csrw    unknown_341, t0
C0:        382 [1] pc=[00000000800001b0] W[r10=0000000000000000][1] R[r 0=0000000000000000] R[r 0=0000000000000000] inst=[f1402573] csrr    a0, unknown_f14
C0:        383 [1] pc=[00000000800001b4] W[r 0=0000000000000000][0] R[r 0=0000000000000000] R[r 0=0000000000000000] inst=[30200073] mret
C0:        388 [1] pc=[00000000800001b8] W[r 1=00000000800021b8][1] R[r 0=0000000000000000] R[r 0=0000000000000000] inst=[00002097] auipc   ra, 0x2
C0:        389 [1] pc=[00000000800001bc] W[r 1=0000000080002000][1] R[r 1=00000000800021b8] R[r 0=0000000000000000] inst=[e4808093] addi    ra, ra, -440
C0:        411 [1] pc=[00000000800001c0] W[r 2=0000000000aa0000][1] R[r 0=0000000000000000] R[r 0=0000000000000000] inst=[00aa0137] lui     sp, 0xaa0
C0:        412 [1] pc=[00000000800001c4] W[r 2=0000000000aa00aa][1] R[r 2=0000000000aa0000] R[r 0=0000000000000000] inst=[0aa1011b] addiw   sp, sp, 170
C0:        429 [1] pc=[00000000800001c8] W[r 0=0000000000000000][0] R[r 1=0000000080002000] R[r 2=0000000000aa00aa] inst=[0020a023] sw      sp, 0(ra)
C0:        435 [1] pc=[00000000800001cc] W[r14=0000000000aa00aa][1] R[r 1=0000000080002000] R[r 0=0000000000000000] inst=[0000a703] lw      a4, 0(ra)
C0:        436 [1] pc=[00000000800001d0] W[r 7=0000000000aa0000][1] R[r 0=0000000000000000] R[r 0=0000000000000000] inst=[00aa03b7] lui     t2, 0xaa0
C0:        437 [1] pc=[00000000800001d4] W[r 7=0000000000aa00aa][1] R[r 7=0000000000aa0000] R[r 0=0000000000000000] inst=[0aa3839b] addiw   t2, t2, 170
C0:        438 [1] pc=[00000000800001d8] W[r 3=0000000000000002][1] R[r 0=0000000000000000] R[r 0=0000000000000000] inst=[00200193] li      gp, 2
C0:        439 [1] pc=[00000000800001dc] W[r 0=0000000000000000][0] R[r14=0000000000aa00aa] R[r 7=0000000000aa00aa] inst=[46771063] bne     a4, t2, pc + 1120
C0:        440 [1] pc=[00000000800001e0] W[r 1=00000000800021e0][1] R[r 0=0000000000000000] R[r 0=0000000000000000] inst=[00002097] auipc   ra, 0x2
C0:        441 [1] pc=[00000000800001e4] W[r 1=0000000080002000][1] R[r 1=00000000800021e0] R[r 0=0000000000000000] inst=[e2008093] addi    ra, ra, -480
C0:        442 [1] pc=[00000000800001e8] W[r 2=ffffffffaa00b000][1] R[r 0=0000000000000000] R[r 0=0000000000000000] inst=[aa00b137] lui     sp, 0xaa00b
C0:        443 [1] pc=[00000000800001ec] W[r 2=ffffffffaa00aa00][1] R[r 2=ffffffffaa00b000] R[r 0=0000000000000000] inst=[a001011b] addiw   sp, sp, -1536
C0:        444 [1] pc=[00000000800001f0] W[r 0=0000000000000000][0] R[r 1=0000000080002000] R[r 2=ffffffffaa00aa00] inst=[0020a223] sw      sp, 4(ra)
C0:        450 [1] pc=[00000000800001f4] W[r14=ffffffffaa00aa00][1] R[r 1=0000000080002000] R[r 0=0000000000000000] inst=[0040a703] lw      a4, 4(ra)
C0:        451 [1] pc=[00000000800001f8] W[r 7=ffffffffaa00b000][1] R[r 0=0000000000000000] R[r 0=0000000000000000] inst=[aa00b3b7] lui     t2, 0xaa00b
C0:        452 [1] pc=[00000000800001fc] W[r 7=ffffffffaa00aa00][1] R[r 7=ffffffffaa00b000] R[r 0=0000000000000000] inst=[a003839b] addiw   t2, t2, -1536
C0:        474 [1] pc=[0000000080000200] W[r 3=0000000000000003][1] R[r 0=0000000000000000] R[r 0=0000000000000000] inst=[00300193] li      gp, 3
C0:        475 [1] pc=[0000000080000204] W[r 0=0000000000000000][0] R[r14=ffffffffaa00aa00] R[r 7=ffffffffaa00aa00] inst=[42771c63] bne     a4, t2, pc + 1080
C0:        476 [1] pc=[0000000080000208] W[r 1=0000000080002208][1] R[r 0=0000000000000000] R[r 0=0000000000000000] inst=[00002097] auipc   ra, 0x2
C0:        477 [1] pc=[000000008000020c] W[r 1=0000000080002000][1] R[r 1=0000000080002208] R[r 0=0000000000000000] inst=[df808093] addi    ra, ra, -520
C0:        478 [1] pc=[0000000080000210] W[r 2=000000000aa01000][1] R[r 0=0000000000000000] R[r 0=0000000000000000] inst=[0aa01137] lui     sp, 0xaa01
C0:        479 [1] pc=[0000000080000214] W[r 2=000000000aa00aa0][1] R[r 2=000000000aa01000] R[r 0=0000000000000000] inst=[aa01011b] addiw   sp, sp, -1376
C0:        480 [1] pc=[0000000080000218] W[r 0=0000000000000000][0] R[r 1=0000000080002000] R[r 2=000000000aa00aa0] inst=[0020a423] sw      sp, 8(ra)
C0:        486 [1] pc=[000000008000021c] W[r14=000000000aa00aa0][1] R[r 1=0000000080002000] R[r 0=0000000000000000] inst=[0080a703] lw      a4, 8(ra)
C0:        487 [1] pc=[0000000080000220] W[r 7=000000000aa01000][1] R[r 0=0000000000000000] R[r 0=0000000000000000] inst=[0aa013b7] lui     t2, 0xaa01
C0:        488 [1] pc=[0000000080000224] W[r 7=000000000aa00aa0][1] R[r 7=000000000aa01000] R[r 0=0000000000000000] inst=[aa03839b] addiw   t2, t2, -1376
C0:        489 [1] pc=[0000000080000228] W[r 3=0000000000000004][1] R[r 0=0000000000000000] R[r 0=0000000000000000] inst=[00400193] li      gp, 4
C0:        490 [1] pc=[000000008000022c] W[r 0=0000000000000000][0] R[r14=000000000aa00aa0] R[r 7=000000000aa00aa0] inst=[40771863] bne     a4, t2, pc + 1040
C0:        491 [1] pc=[0000000080000230] W[r 1=0000000080002230][1] R[r 0=0000000000000000] R[r 0=0000000000000000] inst=[00002097] auipc   ra, 0x2
C0:        492 [1] pc=[0000000080000234] W[r 1=0000000080002000][1] R[r 1=0000000080002230] R[r 0=0000000000000000] inst=[dd008093] addi    ra, ra, -560
C0:        493 [1] pc=[0000000080000238] W[r 2=ffffffffa00aa000][1] R[r 0=0000000000000000] R[r 0=0000000000000000] inst=[a00aa137] lui     sp, 0xa00aa
C0:        494 [1] pc=[000000008000023c] W[r 2=ffffffffa00aa00a][1] R[r 2=ffffffffa00aa000] R[r 0=0000000000000000] inst=[00a1011b] addiw   sp, sp, 10
C0:        516 [1] pc=[0000000080000240] W[r 0=0000000000000000][0] R[r 1=0000000080002000] R[r 2=ffffffffa00aa00a] inst=[0020a623] sw      sp, 12(ra)
C0:        522 [1] pc=[0000000080000244] W[r14=ffffffffa00aa00a][1] R[r 1=0000000080002000] R[r 0=0000000000000000] inst=[00c0a703] lw      a4, 12(ra)
C0:        523 [1] pc=[0000000080000248] W[r 7=ffffffffa00aa000][1] R[r 0=0000000000000000] R[r 0=0000000000000000] inst=[a00aa3b7] lui     t2, 0xa00aa
C0:        524 [1] pc=[000000008000024c] W[r 7=ffffffffa00aa00a][1] R[r 7=ffffffffa00aa000] R[r 0=0000000000000000] inst=[00a3839b] addiw   t2, t2, 10
C0:        525 [1] pc=[0000000080000250] W[r 3=0000000000000005][1] R[r 0=0000000000000000] R[r 0=0000000000000000] inst=[00500193] li      gp, 5
C0:        526 [1] pc=[0000000080000254] W[r 0=0000000000000000][0] R[r14=ffffffffa00aa00a] R[r 7=ffffffffa00aa00a] inst=[3e771463] bne     a4, t2, pc + 1000
C0:        527 [1] pc=[0000000080000258] W[r 1=0000000080002258][1] R[r 0=0000000000000000] R[r 0=0000000000000000] inst=[00002097] auipc   ra, 0x2
C0:        528 [1] pc=[000000008000025c] W[r 1=000000008000201c][1] R[r 1=0000000080002258] R[r 0=0000000000000000] inst=[dc408093] addi    ra, ra, -572
C0:        529 [1] pc=[0000000080000260] W[r 2=0000000000aa0000][1] R[r 0=0000000000000000] R[r 0=0000000000000000] inst=[00aa0137] lui     sp, 0xaa0
C0:        530 [1] pc=[0000000080000264] W[r 2=0000000000aa00aa][1] R[r 2=0000000000aa0000] R[r 0=0000000000000000] inst=[0aa1011b] addiw   sp, sp, 170
C0:        531 [1] pc=[0000000080000268] W[r 0=0000000000000000][0] R[r 1=000000008000201c] R[r 2=0000000000aa00aa] inst=[fe20aa23] sw      sp, -12(ra)
C0:        537 [1] pc=[000000008000026c] W[r14=0000000000aa00aa][1] R[r 1=000000008000201c] R[r 0=0000000000000000] inst=[ff40a703] lw      a4, -12(ra)
C0:        538 [1] pc=[0000000080000270] W[r 7=0000000000aa0000][1] R[r 0=0000000000000000] R[r 0=0000000000000000] inst=[00aa03b7] lui     t2, 0xaa0
C0:        539 [1] pc=[0000000080000274] W[r 7=0000000000aa00aa][1] R[r 7=0000000000aa0000] R[r 0=0000000000000000] inst=[0aa3839b] addiw   t2, t2, 170
C0:        540 [1] pc=[0000000080000278] W[r 3=0000000000000006][1] R[r 0=0000000000000000] R[r 0=0000000000000000] inst=[00600193] li      gp, 6
C0:        541 [1] pc=[000000008000027c] W[r 0=0000000000000000][0] R[r14=0000000000aa00aa] R[r 7=0000000000aa00aa] inst=[3c771063] bne     a4, t2, pc + 960
C0:        563 [1] pc=[0000000080000280] W[r 1=0000000080002280][1] R[r 0=0000000000000000] R[r 0=0000000000000000] inst=[00002097] auipc   ra, 0x2
C0:        564 [1] pc=[0000000080000284] W[r 1=000000008000201c][1] R[r 1=0000000080002280] R[r 0=0000000000000000] inst=[d9c08093] addi    ra, ra, -612
C0:        565 [1] pc=[0000000080000288] W[r 2=ffffffffaa00b000][1] R[r 0=0000000000000000] R[r 0=0000000000000000] inst=[aa00b137] lui     sp, 0xaa00b
C0:        566 [1] pc=[000000008000028c] W[r 2=ffffffffaa00aa00][1] R[r 2=ffffffffaa00b000] R[r 0=0000000000000000] inst=[a001011b] addiw   sp, sp, -1536
C0:        567 [1] pc=[0000000080000290] W[r 0=0000000000000000][0] R[r 1=000000008000201c] R[r 2=ffffffffaa00aa00] inst=[fe20ac23] sw      sp, -8(ra)
C0:        573 [1] pc=[0000000080000294] W[r14=ffffffffaa00aa00][1] R[r 1=000000008000201c] R[r 0=0000000000000000] inst=[ff80a703] lw      a4, -8(ra)
C0:        574 [1] pc=[0000000080000298] W[r 7=ffffffffaa00b000][1] R[r 0=0000000000000000] R[r 0=0000000000000000] inst=[aa00b3b7] lui     t2, 0xaa00b
C0:        575 [1] pc=[000000008000029c] W[r 7=ffffffffaa00aa00][1] R[r 7=ffffffffaa00b000] R[r 0=0000000000000000] inst=[a003839b] addiw   t2, t2, -1536
C0:        576 [1] pc=[00000000800002a0] W[r 3=0000000000000007][1] R[r 0=0000000000000000] R[r 0=0000000000000000] inst=[00700193] li      gp, 7
C0:        577 [1] pc=[00000000800002a4] W[r 0=0000000000000000][0] R[r14=ffffffffaa00aa00] R[r 7=ffffffffaa00aa00] inst=[38771c63] bne     a4, t2, pc + 920
C0:        578 [1] pc=[00000000800002a8] W[r 1=00000000800022a8][1] R[r 0=0000000000000000] R[r 0=0000000000000000] inst=[00002097] auipc   ra, 0x2
C0:        579 [1] pc=[00000000800002ac] W[r 1=000000008000201c][1] R[r 1=00000000800022a8] R[r 0=0000000000000000] inst=[d7408093] addi    ra, ra, -652
C0:        580 [1] pc=[00000000800002b0] W[r 2=000000000aa01000][1] R[r 0=0000000000000000] R[r 0=0000000000000000] inst=[0aa01137] lui     sp, 0xaa01
C0:        581 [1] pc=[00000000800002b4] W[r 2=000000000aa00aa0][1] R[r 2=000000000aa01000] R[r 0=0000000000000000] inst=[aa01011b] addiw   sp, sp, -1376
C0:        582 [1] pc=[00000000800002b8] W[r 0=0000000000000000][0] R[r 1=000000008000201c] R[r 2=000000000aa00aa0] inst=[fe20ae23] sw      sp, -4(ra)
C0:        588 [1] pc=[00000000800002bc] W[r14=000000000aa00aa0][1] R[r 1=000000008000201c] R[r 0=0000000000000000] inst=[ffc0a703] lw      a4, -4(ra)
C0:        605 [1] pc=[00000000800002c0] W[r 7=000000000aa01000][1] R[r 0=0000000000000000] R[r 0=0000000000000000] inst=[0aa013b7] lui     t2, 0xaa01
C0:        606 [1] pc=[00000000800002c4] W[r 7=000000000aa00aa0][1] R[r 7=000000000aa01000] R[r 0=0000000000000000] inst=[aa03839b] addiw   t2, t2, -1376
C0:        607 [1] pc=[00000000800002c8] W[r 3=0000000000000008][1] R[r 0=0000000000000000] R[r 0=0000000000000000] inst=[00800193] li      gp, 8
C0:        608 [1] pc=[00000000800002cc] W[r 0=0000000000000000][0] R[r14=000000000aa00aa0] R[r 7=000000000aa00aa0] inst=[36771863] bne     a4, t2, pc + 880
C0:        609 [1] pc=[00000000800002d0] W[r 1=00000000800022d0][1] R[r 0=0000000000000000] R[r 0=0000000000000000] inst=[00002097] auipc   ra, 0x2
C0:        610 [1] pc=[00000000800002d4] W[r 1=000000008000201c][1] R[r 1=00000000800022d0] R[r 0=0000000000000000] inst=[d4c08093] addi    ra, ra, -692
C0:        611 [1] pc=[00000000800002d8] W[r 2=ffffffffa00aa000][1] R[r 0=0000000000000000] R[r 0=0000000000000000] inst=[a00aa137] lui     sp, 0xa00aa
C0:        612 [1] pc=[00000000800002dc] W[r 2=ffffffffa00aa00a][1] R[r 2=ffffffffa00aa000] R[r 0=0000000000000000] inst=[00a1011b] addiw   sp, sp, 10
C0:        613 [1] pc=[00000000800002e0] W[r 0=0000000000000000][0] R[r 1=000000008000201c] R[r 2=ffffffffa00aa00a] inst=[0020a023] sw      sp, 0(ra)
C0:        619 [1] pc=[00000000800002e4] W[r14=ffffffffa00aa00a][1] R[r 1=000000008000201c] R[r 0=0000000000000000] inst=[0000a703] lw      a4, 0(ra)
C0:        620 [1] pc=[00000000800002e8] W[r 7=ffffffffa00aa000][1] R[r 0=0000000000000000] R[r 0=0000000000000000] inst=[a00aa3b7] lui     t2, 0xa00aa
C0:        621 [1] pc=[00000000800002ec] W[r 7=ffffffffa00aa00a][1] R[r 7=ffffffffa00aa000] R[r 0=0000000000000000] inst=[00a3839b] addiw   t2, t2, 10
C0:        622 [1] pc=[00000000800002f0] W[r 3=0000000000000009][1] R[r 0=0000000000000000] R[r 0=0000000000000000] inst=[00900193] li      gp, 9
C0:        623 [1] pc=[00000000800002f4] W[r 0=0000000000000000][0] R[r14=ffffffffa00aa00a] R[r 7=ffffffffa00aa00a] inst=[34771463] bne     a4, t2, pc + 840
C0:        624 [1] pc=[00000000800002f8] W[r 1=00000000800022f8][1] R[r 0=0000000000000000] R[r 0=0000000000000000] inst=[00002097] auipc   ra, 0x2
C0:        625 [1] pc=[00000000800002fc] W[r 1=0000000080002020][1] R[r 1=00000000800022f8] R[r 0=0000000000000000] inst=[d2808093] addi    ra, ra, -728
C0:        647 [1] pc=[0000000080000300] W[r 2=0000000012345000][1] R[r 0=0000000000000000] R[r 0=0000000000000000] inst=[12345137] lui     sp, 0x12345
C0:        648 [1] pc=[0000000080000304] W[r 2=0000000012345678][1] R[r 2=0000000012345000] R[r 0=0000000000000000] inst=[6781011b] addiw   sp, sp, 1656
C0:        649 [1] pc=[0000000080000308] W[r 4=0000000080002000][1] R[r 1=0000000080002020] R[r 0=0000000000000000] inst=[fe008213] addi    tp, ra, -32
C0:        650 [1] pc=[000000008000030c] W[r 0=0000000000000000][0] R[r 4=0000000080002000] R[r 2=0000000012345678] inst=[02222023] sw      sp, 32(tp)
C0:        656 [1] pc=[0000000080000310] W[r 5=0000000012345678][1] R[r 1=0000000080002020] R[r 0=0000000000000000] inst=[0000a283] lw      t0, 0(ra)
C0:        657 [1] pc=[0000000080000314] W[r 7=0000000012345000][1] R[r 0=0000000000000000] R[r 0=0000000000000000] inst=[123453b7] lui     t2, 0x12345
C0:        658 [1] pc=[0000000080000318] W[r 7=0000000012345678][1] R[r 7=0000000012345000] R[r 0=0000000000000000] inst=[6783839b] addiw   t2, t2, 1656
C0:        659 [1] pc=[000000008000031c] W[r 3=000000000000000a][1] R[r 0=0000000000000000] R[r 0=0000000000000000] inst=[00a00193] li      gp, 10
C0:        660 [1] pc=[0000000080000320] W[r 0=0000000000000000][0] R[r 5=0000000012345678] R[r 7=0000000012345678] inst=[30729e63] bne     t0, t2, pc + 796
C0:        661 [1] pc=[0000000080000324] W[r 1=0000000080002324][1] R[r 0=0000000000000000] R[r 0=0000000000000000] inst=[00002097] auipc   ra, 0x2
C0:        662 [1] pc=[0000000080000328] W[r 1=0000000080002020][1] R[r 1=0000000080002324] R[r 0=0000000000000000] inst=[cfc08093] addi    ra, ra, -772
C0:        663 [1] pc=[000000008000032c] W[r 2=0000000058213000][1] R[r 0=0000000000000000] R[r 0=0000000000000000] inst=[58213137] lui     sp, 0x58213
C0:        664 [1] pc=[0000000080000330] W[r 2=0000000058213098][1] R[r 2=0000000058213000] R[r 0=0000000000000000] inst=[0981011b] addiw   sp, sp, 152
C0:        665 [1] pc=[0000000080000334] W[r 1=000000008000201d][1] R[r 1=0000000080002020] R[r 0=0000000000000000] inst=[ffd08093] addi    ra, ra, -3
C0:        666 [1] pc=[0000000080000338] W[r 0=0000000000000000][0] R[r 1=000000008000201d] R[r 2=0000000058213098] inst=[0020a3a3] sw      sp, 7(ra)
C0:        667 [1] pc=[000000008000033c] W[r 4=000000008000233c][1] R[r 0=0000000000000000] R[r 0=0000000000000000] inst=[00002217] auipc   tp, 0x2
C0:        689 [1] pc=[0000000080000340] W[r 4=0000000080002024][1] R[r 4=000000008000233c] R[r 0=0000000000000000] inst=[ce820213] addi    tp, tp, -792
C0:        690 [1] pc=[0000000080000344] W[r 5=0000000058213098][1] R[r 4=0000000080002024] R[r 0=0000000000000000] inst=[00022283] lw      t0, 0(tp)
C0:        691 [1] pc=[0000000080000348] W[r 7=0000000058213000][1] R[r 0=0000000000000000] R[r 0=0000000000000000] inst=[582133b7] lui     t2, 0x58213
C0:        692 [1] pc=[000000008000034c] W[r 7=0000000058213098][1] R[r 7=0000000058213000] R[r 0=0000000000000000] inst=[0983839b] addiw   t2, t2, 152
C0:        693 [1] pc=[0000000080000350] W[r 3=000000000000000b][1] R[r 0=0000000000000000] R[r 0=0000000000000000] inst=[00b00193] li      gp, 11
C0:        694 [1] pc=[0000000080000354] W[r 0=0000000000000000][0] R[r 5=0000000058213098] R[r 7=0000000058213098] inst=[2e729463] bne     t0, t2, pc + 744
C0:        695 [1] pc=[0000000080000358] W[r 3=000000000000000c][1] R[r 0=0000000000000000] R[r 0=0000000000000000] inst=[00c00193] li      gp, 12
C0:        696 [1] pc=[000000008000035c] W[r 4=0000000000000000][1] R[r 0=0000000000000000] R[r 0=0000000000000000] inst=[00000213] li      tp, 0
C0:        697 [1] pc=[0000000080000360] W[r 1=ffffffffaabbd000][1] R[r 0=0000000000000000] R[r 0=0000000000000000] inst=[aabbd0b7] lui     ra, 0xaabbd
C0:        698 [1] pc=[0000000080000364] W[r 1=ffffffffaabbccdd][1] R[r 1=ffffffffaabbd000] R[r 0=0000000000000000] inst=[cdd0809b] addiw   ra, ra, -803
C0:        699 [1] pc=[0000000080000368] W[r 2=0000000080002368][1] R[r 0=0000000000000000] R[r 0=0000000000000000] inst=[00002117] auipc   sp, 0x2
C0:        700 [1] pc=[000000008000036c] W[r 2=0000000080002000][1] R[r 2=0000000080002368] R[r 0=0000000000000000] inst=[c9810113] addi    sp, sp, -872
C0:        701 [1] pc=[0000000080000370] W[r 0=0000000000000000][0] R[r 2=0000000080002000] R[r 1=ffffffffaabbccdd] inst=[00112023] sw      ra, 0(sp)
C0:        707 [1] pc=[0000000080000374] W[r14=ffffffffaabbccdd][1] R[r 2=0000000080002000] R[r 0=0000000000000000] inst=[00012703] lw      a4, 0(sp)
C0:        708 [1] pc=[0000000080000378] W[r 7=ffffffffaabbd000][1] R[r 0=0000000000000000] R[r 0=0000000000000000] inst=[aabbd3b7] lui     t2, 0xaabbd
C0:        709 [1] pc=[000000008000037c] W[r 7=ffffffffaabbccdd][1] R[r 7=ffffffffaabbd000] R[r 0=0000000000000000] inst=[cdd3839b] addiw   t2, t2, -803
C0:        731 [1] pc=[0000000080000380] W[r 0=0000000000000000][0] R[r14=ffffffffaabbccdd] R[r 7=ffffffffaabbccdd] inst=[2a771e63] bne     a4, t2, pc + 700
C0:        732 [1] pc=[0000000080000384] W[r 4=0000000000000001][1] R[r 4=0000000000000000] R[r 0=0000000000000000] inst=[00120213] addi    tp, tp, 1
C0:        733 [1] pc=[0000000080000388] W[r 5=0000000000000002][1] R[r 0=0000000000000000] R[r 0=0000000000000000] inst=[00200293] li      t0, 2
C0:        734 [1] pc=[000000008000038c] W[r 0=0000000000000000][0] R[r 4=0000000000000001] R[r 5=0000000000000002] inst=[fc521ae3] bne     tp, t0, pc - 44
C0:        738 [1] pc=[0000000080000360] W[r 1=ffffffffaabbd000][1] R[r 0=0000000000000000] R[r 0=0000000000000000] inst=[aabbd0b7] lui     ra, 0xaabbd
C0:        739 [1] pc=[0000000080000364] W[r 1=ffffffffaabbccdd][1] R[r 1=ffffffffaabbd000] R[r 0=0000000000000000] inst=[cdd0809b] addiw   ra, ra, -803
C0:        740 [1] pc=[0000000080000368] W[r 2=0000000080002368][1] R[r 0=0000000000000000] R[r 0=0000000000000000] inst=[00002117] auipc   sp, 0x2
C0:        741 [1] pc=[000000008000036c] W[r 2=0000000080002000][1] R[r 2=0000000080002368] R[r 0=0000000000000000] inst=[c9810113] addi    sp, sp, -872
C0:        742 [1] pc=[0000000080000370] W[r 0=0000000000000000][0] R[r 2=0000000080002000] R[r 1=ffffffffaabbccdd] inst=[00112023] sw      ra, 0(sp)
C0:        748 [1] pc=[0000000080000374] W[r14=ffffffffaabbccdd][1] R[r 2=0000000080002000] R[r 0=0000000000000000] inst=[00012703] lw      a4, 0(sp)
C0:        749 [1] pc=[0000000080000378] W[r 7=ffffffffaabbd000][1] R[r 0=0000000000000000] R[r 0=0000000000000000] inst=[aabbd3b7] lui     t2, 0xaabbd
C0:        750 [1] pc=[000000008000037c] W[r 7=ffffffffaabbccdd][1] R[r 7=ffffffffaabbd000] R[r 0=0000000000000000] inst=[cdd3839b] addiw   t2, t2, -803
C0:        751 [1] pc=[0000000080000380] W[r 0=0000000000000000][0] R[r14=ffffffffaabbccdd] R[r 7=ffffffffaabbccdd] inst=[2a771e63] bne     a4, t2, pc + 700
C0:        752 [1] pc=[0000000080000384] W[r 4=0000000000000002][1] R[r 4=0000000000000001] R[r 0=0000000000000000] inst=[00120213] addi    tp, tp, 1
C0:        753 [1] pc=[0000000080000388] W[r 5=0000000000000002][1] R[r 0=0000000000000000] R[r 0=0000000000000000] inst=[00200293] li      t0, 2
C0:        754 [1] pc=[000000008000038c] W[r 0=0000000000000000][0] R[r 4=0000000000000002] R[r 5=0000000000000002] inst=[fc521ae3] bne     tp, t0, pc - 44
C0:        755 [1] pc=[0000000080000390] W[r 3=000000000000000d][1] R[r 0=0000000000000000] R[r 0=0000000000000000] inst=[00d00193] li      gp, 13
C0:        756 [1] pc=[0000000080000394] W[r 4=0000000000000000][1] R[r 0=0000000000000000] R[r 0=0000000000000000] inst=[00000213] li      tp, 0
C0:        757 [1] pc=[0000000080000398] W[r 1=ffffffffdaabc000][1] R[r 0=0000000000000000] R[r 0=0000000000000000] inst=[daabc0b7] lui     ra, 0xdaabc
C0:        758 [1] pc=[000000008000039c] W[r 1=ffffffffdaabbccd][1] R[r 1=ffffffffdaabc000] R[r 0=0000000000000000] inst=[ccd0809b] addiw   ra, ra, -819
C0:        759 [1] pc=[00000000800003a0] W[r 2=00000000800023a0][1] R[r 0=0000000000000000] R[r 0=0000000000000000] inst=[00002117] auipc   sp, 0x2
C0:        760 [1] pc=[00000000800003a4] W[r 2=0000000080002000][1] R[r 2=00000000800023a0] R[r 0=0000000000000000] inst=[c6010113] addi    sp, sp, -928
C0:        761 [1] pc=[00000000800003a8] W[r 0=0000000000000000][1] R[r 0=0000000000000000] R[r 0=0000000000000000] inst=[00000013] nop
C0:        762 [1] pc=[00000000800003ac] W[r 0=0000000000000000][0] R[r 2=0000000080002000] R[r 1=ffffffffdaabbccd] inst=[00112223] sw      ra, 4(sp)
C0:        768 [1] pc=[00000000800003b0] W[r14=ffffffffdaabbccd][1] R[r 2=0000000080002000] R[r 0=0000000000000000] inst=[00412703] lw      a4, 4(sp)
C0:        769 [1] pc=[00000000800003b4] W[r 7=ffffffffdaabc000][1] R[r 0=0000000000000000] R[r 0=0000000000000000] inst=[daabc3b7] lui     t2, 0xdaabc
C0:        770 [1] pc=[00000000800003b8] W[r 7=ffffffffdaabbccd][1] R[r 7=ffffffffdaabc000] R[r 0=0000000000000000] inst=[ccd3839b] addiw   t2, t2, -819
C0:        771 [1] pc=[00000000800003bc] W[r 0=0000000000000000][0] R[r14=ffffffffdaabbccd] R[r 7=ffffffffdaabbccd] inst=[28771063] bne     a4, t2, pc + 640
C0:        793 [1] pc=[00000000800003c0] W[r 4=0000000000000001][1] R[r 4=0000000000000000] R[r 0=0000000000000000] inst=[00120213] addi    tp, tp, 1
C0:        794 [1] pc=[00000000800003c4] W[r 5=0000000000000002][1] R[r 0=0000000000000000] R[r 0=0000000000000000] inst=[00200293] li      t0, 2
C0:        795 [1] pc=[00000000800003c8] W[r 0=0000000000000000][0] R[r 4=0000000000000001] R[r 5=0000000000000002] inst=[fc5218e3] bne     tp, t0, pc - 48
C0:        799 [1] pc=[0000000080000398] W[r 1=ffffffffdaabc000][1] R[r 0=0000000000000000] R[r 0=0000000000000000] inst=[daabc0b7] lui     ra, 0xdaabc
C0:        800 [1] pc=[000000008000039c] W[r 1=ffffffffdaabbccd][1] R[r 1=ffffffffdaabc000] R[r 0=0000000000000000] inst=[ccd0809b] addiw   ra, ra, -819
C0:        801 [1] pc=[00000000800003a0] W[r 2=00000000800023a0][1] R[r 0=0000000000000000] R[r 0=0000000000000000] inst=[00002117] auipc   sp, 0x2
C0:        802 [1] pc=[00000000800003a4] W[r 2=0000000080002000][1] R[r 2=00000000800023a0] R[r 0=0000000000000000] inst=[c6010113] addi    sp, sp, -928
C0:        803 [1] pc=[00000000800003a8] W[r 0=0000000000000000][1] R[r 0=0000000000000000] R[r 0=0000000000000000] inst=[00000013] nop
C0:        804 [1] pc=[00000000800003ac] W[r 0=0000000000000000][0] R[r 2=0000000080002000] R[r 1=ffffffffdaabbccd] inst=[00112223] sw      ra, 4(sp)
C0:        810 [1] pc=[00000000800003b0] W[r14=ffffffffdaabbccd][1] R[r 2=0000000080002000] R[r 0=0000000000000000] inst=[00412703] lw      a4, 4(sp)
C0:        811 [1] pc=[00000000800003b4] W[r 7=ffffffffdaabc000][1] R[r 0=0000000000000000] R[r 0=0000000000000000] inst=[daabc3b7] lui     t2, 0xdaabc
C0:        812 [1] pc=[00000000800003b8] W[r 7=ffffffffdaabbccd][1] R[r 7=ffffffffdaabc000] R[r 0=0000000000000000] inst=[ccd3839b] addiw   t2, t2, -819
C0:        813 [1] pc=[00000000800003bc] W[r 0=0000000000000000][0] R[r14=ffffffffdaabbccd] R[r 7=ffffffffdaabbccd] inst=[28771063] bne     a4, t2, pc + 640
C0:        814 [1] pc=[00000000800003c0] W[r 4=0000000000000002][1] R[r 4=0000000000000001] R[r 0=0000000000000000] inst=[00120213] addi    tp, tp, 1
C0:        815 [1] pc=[00000000800003c4] W[r 5=0000000000000002][1] R[r 0=0000000000000000] R[r 0=0000000000000000] inst=[00200293] li      t0, 2
C0:        816 [1] pc=[00000000800003c8] W[r 0=0000000000000000][0] R[r 4=0000000000000002] R[r 5=0000000000000002] inst=[fc5218e3] bne     tp, t0, pc - 48
C0:        817 [1] pc=[00000000800003cc] W[r 3=000000000000000e][1] R[r 0=0000000000000000] R[r 0=0000000000000000] inst=[00e00193] li      gp, 14
C0:        818 [1] pc=[00000000800003d0] W[r 4=0000000000000000][1] R[r 0=0000000000000000] R[r 0=0000000000000000] inst=[00000213] li      tp, 0
C0:        819 [1] pc=[00000000800003d4] W[r 1=ffffffffddaac000][1] R[r 0=0000000000000000] R[r 0=0000000000000000] inst=[ddaac0b7] lui     ra, 0xddaac
C0:        820 [1] pc=[00000000800003d8] W[r 1=ffffffffddaabbcc][1] R[r 1=ffffffffddaac000] R[r 0=0000000000000000] inst=[bcc0809b] addiw   ra, ra, -1076
C0:        821 [1] pc=[00000000800003dc] W[r 2=00000000800023dc][1] R[r 0=0000000000000000] R[r 0=0000000000000000] inst=[00002117] auipc   sp, 0x2
C0:        822 [1] pc=[00000000800003e0] W[r 2=0000000080002000][1] R[r 2=00000000800023dc] R[r 0=0000000000000000] inst=[c2410113] addi    sp, sp, -988
C0:        823 [1] pc=[00000000800003e4] W[r 0=0000000000000000][1] R[r 0=0000000000000000] R[r 0=0000000000000000] inst=[00000013] nop
C0:        824 [1] pc=[00000000800003e8] W[r 0=0000000000000000][1] R[r 0=0000000000000000] R[r 0=0000000000000000] inst=[00000013] nop
C0:        825 [1] pc=[00000000800003ec] W[r 0=0000000000000000][0] R[r 2=0000000080002000] R[r 1=ffffffffddaabbcc] inst=[00112423] sw      ra, 8(sp)
C0:        831 [1] pc=[00000000800003f0] W[r14=ffffffffddaabbcc][1] R[r 2=0000000080002000] R[r 0=0000000000000000] inst=[00812703] lw      a4, 8(sp)
C0:        832 [1] pc=[00000000800003f4] W[r 7=ffffffffddaac000][1] R[r 0=0000000000000000] R[r 0=0000000000000000] inst=[ddaac3b7] lui     t2, 0xddaac
C0:        833 [1] pc=[00000000800003f8] W[r 7=ffffffffddaabbcc][1] R[r 7=ffffffffddaac000] R[r 0=0000000000000000] inst=[bcc3839b] addiw   t2, t2, -1076
C0:        834 [1] pc=[00000000800003fc] W[r 0=0000000000000000][0] R[r14=ffffffffddaabbcc] R[r 7=ffffffffddaabbcc] inst=[24771063] bne     a4, t2, pc + 576
C0:        856 [1] pc=[0000000080000400] W[r 4=0000000000000001][1] R[r 4=0000000000000000] R[r 0=0000000000000000] inst=[00120213] addi    tp, tp, 1
C0:        857 [1] pc=[0000000080000404] W[r 5=0000000000000002][1] R[r 0=0000000000000000] R[r 0=0000000000000000] inst=[00200293] li      t0, 2
C0:        858 [1] pc=[0000000080000408] W[r 0=0000000000000000][0] R[r 4=0000000000000001] R[r 5=0000000000000002] inst=[fc5216e3] bne     tp, t0, pc - 52
C0:        862 [1] pc=[00000000800003d4] W[r 1=ffffffffddaac000][1] R[r 0=0000000000000000] R[r 0=0000000000000000] inst=[ddaac0b7] lui     ra, 0xddaac
C0:        863 [1] pc=[00000000800003d8] W[r 1=ffffffffddaabbcc][1] R[r 1=ffffffffddaac000] R[r 0=0000000000000000] inst=[bcc0809b] addiw   ra, ra, -1076
C0:        864 [1] pc=[00000000800003dc] W[r 2=00000000800023dc][1] R[r 0=0000000000000000] R[r 0=0000000000000000] inst=[00002117] auipc   sp, 0x2
C0:        865 [1] pc=[00000000800003e0] W[r 2=0000000080002000][1] R[r 2=00000000800023dc] R[r 0=0000000000000000] inst=[c2410113] addi    sp, sp, -988
C0:        866 [1] pc=[00000000800003e4] W[r 0=0000000000000000][1] R[r 0=0000000000000000] R[r 0=0000000000000000] inst=[00000013] nop
C0:        867 [1] pc=[00000000800003e8] W[r 0=0000000000000000][1] R[r 0=0000000000000000] R[r 0=0000000000000000] inst=[00000013] nop
C0:        868 [1] pc=[00000000800003ec] W[r 0=0000000000000000][0] R[r 2=0000000080002000] R[r 1=ffffffffddaabbcc] inst=[00112423] sw      ra, 8(sp)
C0:        874 [1] pc=[00000000800003f0] W[r14=ffffffffddaabbcc][1] R[r 2=0000000080002000] R[r 0=0000000000000000] inst=[00812703] lw      a4, 8(sp)
C0:        875 [1] pc=[00000000800003f4] W[r 7=ffffffffddaac000][1] R[r 0=0000000000000000] R[r 0=0000000000000000] inst=[ddaac3b7] lui     t2, 0xddaac
C0:        876 [1] pc=[00000000800003f8] W[r 7=ffffffffddaabbcc][1] R[r 7=ffffffffddaac000] R[r 0=0000000000000000] inst=[bcc3839b] addiw   t2, t2, -1076
C0:        877 [1] pc=[00000000800003fc] W[r 0=0000000000000000][0] R[r14=ffffffffddaabbcc] R[r 7=ffffffffddaabbcc] inst=[24771063] bne     a4, t2, pc + 576
C0:        878 [1] pc=[0000000080000400] W[r 4=0000000000000002][1] R[r 4=0000000000000001] R[r 0=0000000000000000] inst=[00120213] addi    tp, tp, 1
C0:        879 [1] pc=[0000000080000404] W[r 5=0000000000000002][1] R[r 0=0000000000000000] R[r 0=0000000000000000] inst=[00200293] li      t0, 2
C0:        880 [1] pc=[0000000080000408] W[r 0=0000000000000000][0] R[r 4=0000000000000002] R[r 5=0000000000000002] inst=[fc5216e3] bne     tp, t0, pc - 52
C0:        881 [1] pc=[000000008000040c] W[r 3=000000000000000f][1] R[r 0=0000000000000000] R[r 0=0000000000000000] inst=[00f00193] li      gp, 15
C0:        882 [1] pc=[0000000080000410] W[r 4=0000000000000000][1] R[r 0=0000000000000000] R[r 0=0000000000000000] inst=[00000213] li      tp, 0
C0:        883 [1] pc=[0000000080000414] W[r 1=ffffffffcddab000][1] R[r 0=0000000000000000] R[r 0=0000000000000000] inst=[cddab0b7] lui     ra, 0xcddab
C0:        884 [1] pc=[0000000080000418] W[r 1=ffffffffcddaabbc][1] R[r 1=ffffffffcddab000] R[r 0=0000000000000000] inst=[bbc0809b] addiw   ra, ra, -1092
C0:        885 [1] pc=[000000008000041c] W[r 0=0000000000000000][1] R[r 0=0000000000000000] R[r 0=0000000000000000] inst=[00000013] nop
C0:        886 [1] pc=[0000000080000420] W[r 2=0000000080002420][1] R[r 0=0000000000000000] R[r 0=0000000000000000] inst=[00002117] auipc   sp, 0x2
C0:        887 [1] pc=[0000000080000424] W[r 2=0000000080002000][1] R[r 2=0000000080002420] R[r 0=0000000000000000] inst=[be010113] addi    sp, sp, -1056
C0:        888 [1] pc=[0000000080000428] W[r 0=0000000000000000][0] R[r 2=0000000080002000] R[r 1=ffffffffcddaabbc] inst=[00112623] sw      ra, 12(sp)
C0:        894 [1] pc=[000000008000042c] W[r14=ffffffffcddaabbc][1] R[r 2=0000000080002000] R[r 0=0000000000000000] inst=[00c12703] lw      a4, 12(sp)
C0:        895 [1] pc=[0000000080000430] W[r 7=ffffffffcddab000][1] R[r 0=0000000000000000] R[r 0=0000000000000000] inst=[cddab3b7] lui     t2, 0xcddab
C0:        896 [1] pc=[0000000080000434] W[r 7=ffffffffcddaabbc][1] R[r 7=ffffffffcddab000] R[r 0=0000000000000000] inst=[bbc3839b] addiw   t2, t2, -1092
C0:        897 [1] pc=[0000000080000438] W[r 0=0000000000000000][0] R[r14=ffffffffcddaabbc] R[r 7=ffffffffcddaabbc] inst=[20771263] bne     a4, t2, pc + 516
C0:        898 [1] pc=[000000008000043c] W[r 4=0000000000000001][1] R[r 4=0000000000000000] R[r 0=0000000000000000] inst=[00120213] addi    tp, tp, 1
C0:        920 [1] pc=[0000000080000440] W[r 5=0000000000000002][1] R[r 0=0000000000000000] R[r 0=0000000000000000] inst=[00200293] li      t0, 2
C0:        921 [1] pc=[0000000080000444] W[r 0=0000000000000000][0] R[r 4=0000000000000001] R[r 5=0000000000000002] inst=[fc5218e3] bne     tp, t0, pc - 48
C0:        925 [1] pc=[0000000080000414] W[r 1=ffffffffcddab000][1] R[r 0=0000000000000000] R[r 0=0000000000000000] inst=[cddab0b7] lui     ra, 0xcddab
C0:        926 [1] pc=[0000000080000418] W[r 1=ffffffffcddaabbc][1] R[r 1=ffffffffcddab000] R[r 0=0000000000000000] inst=[bbc0809b] addiw   ra, ra, -1092
C0:        927 [1] pc=[000000008000041c] W[r 0=0000000000000000][1] R[r 0=0000000000000000] R[r 0=0000000000000000] inst=[00000013] nop
C0:        928 [1] pc=[0000000080000420] W[r 2=0000000080002420][1] R[r 0=0000000000000000] R[r 0=0000000000000000] inst=[00002117] auipc   sp, 0x2
C0:        929 [1] pc=[0000000080000424] W[r 2=0000000080002000][1] R[r 2=0000000080002420] R[r 0=0000000000000000] inst=[be010113] addi    sp, sp, -1056
C0:        930 [1] pc=[0000000080000428] W[r 0=0000000000000000][0] R[r 2=0000000080002000] R[r 1=ffffffffcddaabbc] inst=[00112623] sw      ra, 12(sp)
C0:        936 [1] pc=[000000008000042c] W[r14=ffffffffcddaabbc][1] R[r 2=0000000080002000] R[r 0=0000000000000000] inst=[00c12703] lw      a4, 12(sp)
C0:        937 [1] pc=[0000000080000430] W[r 7=ffffffffcddab000][1] R[r 0=0000000000000000] R[r 0=0000000000000000] inst=[cddab3b7] lui     t2, 0xcddab
C0:        938 [1] pc=[0000000080000434] W[r 7=ffffffffcddaabbc][1] R[r 7=ffffffffcddab000] R[r 0=0000000000000000] inst=[bbc3839b] addiw   t2, t2, -1092
C0:        939 [1] pc=[0000000080000438] W[r 0=0000000000000000][0] R[r14=ffffffffcddaabbc] R[r 7=ffffffffcddaabbc] inst=[20771263] bne     a4, t2, pc + 516
C0:        940 [1] pc=[000000008000043c] W[r 4=0000000000000002][1] R[r 4=0000000000000001] R[r 0=0000000000000000] inst=[00120213] addi    tp, tp, 1
C0:        941 [1] pc=[0000000080000440] W[r 5=0000000000000002][1] R[r 0=0000000000000000] R[r 0=0000000000000000] inst=[00200293] li      t0, 2
C0:        942 [1] pc=[0000000080000444] W[r 0=0000000000000000][0] R[r 4=0000000000000002] R[r 5=0000000000000002] inst=[fc5218e3] bne     tp, t0, pc - 48
C0:        943 [1] pc=[0000000080000448] W[r 3=0000000000000010][1] R[r 0=0000000000000000] R[r 0=0000000000000000] inst=[01000193] li      gp, 16
C0:        944 [1] pc=[000000008000044c] W[r 4=0000000000000000][1] R[r 0=0000000000000000] R[r 0=0000000000000000] inst=[00000213] li      tp, 0
C0:        945 [1] pc=[0000000080000450] W[r 1=ffffffffccddb000][1] R[r 0=0000000000000000] R[r 0=0000000000000000] inst=[ccddb0b7] lui     ra, 0xccddb
C0:        946 [1] pc=[0000000080000454] W[r 1=ffffffffccddaabb][1] R[r 1=ffffffffccddb000] R[r 0=0000000000000000] inst=[abb0809b] addiw   ra, ra, -1349
C0:        947 [1] pc=[0000000080000458] W[r 0=0000000000000000][1] R[r 0=0000000000000000] R[r 0=0000000000000000] inst=[00000013] nop
C0:        948 [1] pc=[000000008000045c] W[r 2=000000008000245c][1] R[r 0=0000000000000000] R[r 0=0000000000000000] inst=[00002117] auipc   sp, 0x2
C0:        949 [1] pc=[0000000080000460] W[r 2=0000000080002000][1] R[r 2=000000008000245c] R[r 0=0000000000000000] inst=[ba410113] addi    sp, sp, -1116
C0:        950 [1] pc=[0000000080000464] W[r 0=0000000000000000][1] R[r 0=0000000000000000] R[r 0=0000000000000000] inst=[00000013] nop
C0:        951 [1] pc=[0000000080000468] W[r 0=0000000000000000][0] R[r 2=0000000080002000] R[r 1=ffffffffccddaabb] inst=[00112823] sw      ra, 16(sp)
C0:        957 [1] pc=[000000008000046c] W[r14=ffffffffccddaabb][1] R[r 2=0000000080002000] R[r 0=0000000000000000] inst=[01012703] lw      a4, 16(sp)
C0:        958 [1] pc=[0000000080000470] W[r 7=ffffffffccddb000][1] R[r 0=0000000000000000] R[r 0=0000000000000000] inst=[ccddb3b7] lui     t2, 0xccddb
C0:        959 [1] pc=[0000000080000474] W[r 7=ffffffffccddaabb][1] R[r 7=ffffffffccddb000] R[r 0=0000000000000000] inst=[abb3839b] addiw   t2, t2, -1349
C0:        960 [1] pc=[0000000080000478] W[r 0=0000000000000000][0] R[r14=ffffffffccddaabb] R[r 7=ffffffffccddaabb] inst=[1c771263] bne     a4, t2, pc + 452
C0:        961 [1] pc=[000000008000047c] W[r 4=0000000000000001][1] R[r 4=0000000000000000] R[r 0=0000000000000000] inst=[00120213] addi    tp, tp, 1
C0:        983 [1] pc=[0000000080000480] W[r 5=0000000000000002][1] R[r 0=0000000000000000] R[r 0=0000000000000000] inst=[00200293] li      t0, 2
C0:        984 [1] pc=[0000000080000484] W[r 0=0000000000000000][0] R[r 4=0000000000000001] R[r 5=0000000000000002] inst=[fc5216e3] bne     tp, t0, pc - 52
C0:        988 [1] pc=[0000000080000450] W[r 1=ffffffffccddb000][1] R[r 0=0000000000000000] R[r 0=0000000000000000] inst=[ccddb0b7] lui     ra, 0xccddb
C0:        989 [1] pc=[0000000080000454] W[r 1=ffffffffccddaabb][1] R[r 1=ffffffffccddb000] R[r 0=0000000000000000] inst=[abb0809b] addiw   ra, ra, -1349
C0:        990 [1] pc=[0000000080000458] W[r 0=0000000000000000][1] R[r 0=0000000000000000] R[r 0=0000000000000000] inst=[00000013] nop
C0:        991 [1] pc=[000000008000045c] W[r 2=000000008000245c][1] R[r 0=0000000000000000] R[r 0=0000000000000000] inst=[00002117] auipc   sp, 0x2
C0:        992 [1] pc=[0000000080000460] W[r 2=0000000080002000][1] R[r 2=000000008000245c] R[r 0=0000000000000000] inst=[ba410113] addi    sp, sp, -1116
C0:        993 [1] pc=[0000000080000464] W[r 0=0000000000000000][1] R[r 0=0000000000000000] R[r 0=0000000000000000] inst=[00000013] nop
C0:        994 [1] pc=[0000000080000468] W[r 0=0000000000000000][0] R[r 2=0000000080002000] R[r 1=ffffffffccddaabb] inst=[00112823] sw      ra, 16(sp)
C0:       1000 [1] pc=[000000008000046c] W[r14=ffffffffccddaabb][1] R[r 2=0000000080002000] R[r 0=0000000000000000] inst=[01012703] lw      a4, 16(sp)
C0:       1001 [1] pc=[0000000080000470] W[r 7=ffffffffccddb000][1] R[r 0=0000000000000000] R[r 0=0000000000000000] inst=[ccddb3b7] lui     t2, 0xccddb
C0:       1002 [1] pc=[0000000080000474] W[r 7=ffffffffccddaabb][1] R[r 7=ffffffffccddb000] R[r 0=0000000000000000] inst=[abb3839b] addiw   t2, t2, -1349
C0:       1003 [1] pc=[0000000080000478] W[r 0=0000000000000000][0] R[r14=ffffffffccddaabb] R[r 7=ffffffffccddaabb] inst=[1c771263] bne     a4, t2, pc + 452
C0:       1004 [1] pc=[000000008000047c] W[r 4=0000000000000002][1] R[r 4=0000000000000001] R[r 0=0000000000000000] inst=[00120213] addi    tp, tp, 1
C0:       1005 [1] pc=[0000000080000480] W[r 5=0000000000000002][1] R[r 0=0000000000000000] R[r 0=0000000000000000] inst=[00200293] li      t0, 2
C0:       1006 [1] pc=[0000000080000484] W[r 0=0000000000000000][0] R[r 4=0000000000000002] R[r 5=0000000000000002] inst=[fc5216e3] bne     tp, t0, pc - 52
C0:       1007 [1] pc=[0000000080000488] W[r 3=0000000000000011][1] R[r 0=0000000000000000] R[r 0=0000000000000000] inst=[01100193] li      gp, 17
C0:       1008 [1] pc=[000000008000048c] W[r 4=0000000000000000][1] R[r 0=0000000000000000] R[r 0=0000000000000000] inst=[00000213] li      tp, 0
C0:       1009 [1] pc=[0000000080000490] W[r 1=ffffffffbccde000][1] R[r 0=0000000000000000] R[r 0=0000000000000000] inst=[bccde0b7] lui     ra, 0xbccde
C0:       1010 [1] pc=[0000000080000494] W[r 1=ffffffffbccddaab][1] R[r 1=ffffffffbccde000] R[r 0=0000000000000000] inst=[aab0809b] addiw   ra, ra, -1365
C0:       1011 [1] pc=[0000000080000498] W[r 0=0000000000000000][1] R[r 0=0000000000000000] R[r 0=0000000000000000] inst=[00000013] nop
C0:       1012 [1] pc=[000000008000049c] W[r 0=0000000000000000][1] R[r 0=0000000000000000] R[r 0=0000000000000000] inst=[00000013] nop
C0:       1013 [1] pc=[00000000800004a0] W[r 2=00000000800024a0][1] R[r 0=0000000000000000] R[r 0=0000000000000000] inst=[00002117] auipc   sp, 0x2
C0:       1014 [1] pc=[00000000800004a4] W[r 2=0000000080002000][1] R[r 2=00000000800024a0] R[r 0=0000000000000000] inst=[b6010113] addi    sp, sp, -1184
C0:       1015 [1] pc=[00000000800004a8] W[r 0=0000000000000000][0] R[r 2=0000000080002000] R[r 1=ffffffffbccddaab] inst=[00112a23] sw      ra, 20(sp)
C0:       1021 [1] pc=[00000000800004ac] W[r14=ffffffffbccddaab][1] R[r 2=0000000080002000] R[r 0=0000000000000000] inst=[01412703] lw      a4, 20(sp)
C0:       1022 [1] pc=[00000000800004b0] W[r 7=ffffffffbccde000][1] R[r 0=0000000000000000] R[r 0=0000000000000000] inst=[bccde3b7] lui     t2, 0xbccde
C0:       1023 [1] pc=[00000000800004b4] W[r 7=ffffffffbccddaab][1] R[r 7=ffffffffbccde000] R[r 0=0000000000000000] inst=[aab3839b] addiw   t2, t2, -1365
C0:       1024 [1] pc=[00000000800004b8] W[r 0=0000000000000000][0] R[r14=ffffffffbccddaab] R[r 7=ffffffffbccddaab] inst=[18771263] bne     a4, t2, pc + 388
C0:       1025 [1] pc=[00000000800004bc] W[r 4=0000000000000001][1] R[r 4=0000000000000000] R[r 0=0000000000000000] inst=[00120213] addi    tp, tp, 1
C0:       1047 [1] pc=[00000000800004c0] W[r 5=0000000000000002][1] R[r 0=0000000000000000] R[r 0=0000000000000000] inst=[00200293] li      t0, 2
C0:       1048 [1] pc=[00000000800004c4] W[r 0=0000000000000000][0] R[r 4=0000000000000001] R[r 5=0000000000000002] inst=[fc5216e3] bne     tp, t0, pc - 52
C0:       1052 [1] pc=[0000000080000490] W[r 1=ffffffffbccde000][1] R[r 0=0000000000000000] R[r 0=0000000000000000] inst=[bccde0b7] lui     ra, 0xbccde
C0:       1053 [1] pc=[0000000080000494] W[r 1=ffffffffbccddaab][1] R[r 1=ffffffffbccde000] R[r 0=0000000000000000] inst=[aab0809b] addiw   ra, ra, -1365
C0:       1054 [1] pc=[0000000080000498] W[r 0=0000000000000000][1] R[r 0=0000000000000000] R[r 0=0000000000000000] inst=[00000013] nop
C0:       1055 [1] pc=[000000008000049c] W[r 0=0000000000000000][1] R[r 0=0000000000000000] R[r 0=0000000000000000] inst=[00000013] nop
C0:       1056 [1] pc=[00000000800004a0] W[r 2=00000000800024a0][1] R[r 0=0000000000000000] R[r 0=0000000000000000] inst=[00002117] auipc   sp, 0x2
C0:       1057 [1] pc=[00000000800004a4] W[r 2=0000000080002000][1] R[r 2=00000000800024a0] R[r 0=0000000000000000] inst=[b6010113] addi    sp, sp, -1184
C0:       1058 [1] pc=[00000000800004a8] W[r 0=0000000000000000][0] R[r 2=0000000080002000] R[r 1=ffffffffbccddaab] inst=[00112a23] sw      ra, 20(sp)
C0:       1064 [1] pc=[00000000800004ac] W[r14=ffffffffbccddaab][1] R[r 2=0000000080002000] R[r 0=0000000000000000] inst=[01412703] lw      a4, 20(sp)
C0:       1065 [1] pc=[00000000800004b0] W[r 7=ffffffffbccde000][1] R[r 0=0000000000000000] R[r 0=0000000000000000] inst=[bccde3b7] lui     t2, 0xbccde
C0:       1066 [1] pc=[00000000800004b4] W[r 7=ffffffffbccddaab][1] R[r 7=ffffffffbccde000] R[r 0=0000000000000000] inst=[aab3839b] addiw   t2, t2, -1365
C0:       1067 [1] pc=[00000000800004b8] W[r 0=0000000000000000][0] R[r14=ffffffffbccddaab] R[r 7=ffffffffbccddaab] inst=[18771263] bne     a4, t2, pc + 388
C0:       1068 [1] pc=[00000000800004bc] W[r 4=0000000000000002][1] R[r 4=0000000000000001] R[r 0=0000000000000000] inst=[00120213] addi    tp, tp, 1
C0:       1069 [1] pc=[00000000800004c0] W[r 5=0000000000000002][1] R[r 0=0000000000000000] R[r 0=0000000000000000] inst=[00200293] li      t0, 2
C0:       1070 [1] pc=[00000000800004c4] W[r 0=0000000000000000][0] R[r 4=0000000000000002] R[r 5=0000000000000002] inst=[fc5216e3] bne     tp, t0, pc - 52
C0:       1071 [1] pc=[00000000800004c8] W[r 3=0000000000000012][1] R[r 0=0000000000000000] R[r 0=0000000000000000] inst=[01200193] li      gp, 18
C0:       1072 [1] pc=[00000000800004cc] W[r 4=0000000000000000][1] R[r 0=0000000000000000] R[r 0=0000000000000000] inst=[00000213] li      tp, 0
C0:       1073 [1] pc=[00000000800004d0] W[r 2=00000000800024d0][1] R[r 0=0000000000000000] R[r 0=0000000000000000] inst=[00002117] auipc   sp, 0x2
C0:       1074 [1] pc=[00000000800004d4] W[r 2=0000000080002000][1] R[r 2=00000000800024d0] R[r 0=0000000000000000] inst=[b3010113] addi    sp, sp, -1232
C0:       1075 [1] pc=[00000000800004d8] W[r 1=0000000000112000][1] R[r 0=0000000000000000] R[r 0=0000000000000000] inst=[001120b7] lui     ra, 0x112
C0:       1076 [1] pc=[00000000800004dc] W[r 1=0000000000112233][1] R[r 1=0000000000112000] R[r 0=0000000000000000] inst=[2330809b] addiw   ra, ra, 563
C0:       1077 [1] pc=[00000000800004e0] W[r 0=0000000000000000][0] R[r 2=0000000080002000] R[r 1=0000000000112233] inst=[00112023] sw      ra, 0(sp)
C0:       1083 [1] pc=[00000000800004e4] W[r14=0000000000112233][1] R[r 2=0000000080002000] R[r 0=0000000000000000] inst=[00012703] lw      a4, 0(sp)
C0:       1084 [1] pc=[00000000800004e8] W[r 7=0000000000112000][1] R[r 0=0000000000000000] R[r 0=0000000000000000] inst=[001123b7] lui     t2, 0x112
C0:       1085 [1] pc=[00000000800004ec] W[r 7=0000000000112233][1] R[r 7=0000000000112000] R[r 0=0000000000000000] inst=[2333839b] addiw   t2, t2, 563
C0:       1086 [1] pc=[00000000800004f0] W[r 0=0000000000000000][0] R[r14=0000000000112233] R[r 7=0000000000112233] inst=[14771663] bne     a4, t2, pc + 332
C0:       1087 [1] pc=[00000000800004f4] W[r 4=0000000000000001][1] R[r 4=0000000000000000] R[r 0=0000000000000000] inst=[00120213] addi    tp, tp, 1
C0:       1088 [1] pc=[00000000800004f8] W[r 5=0000000000000002][1] R[r 0=0000000000000000] R[r 0=0000000000000000] inst=[00200293] li      t0, 2
C0:       1089 [1] pc=[00000000800004fc] W[r 0=0000000000000000][0] R[r 4=0000000000000001] R[r 5=0000000000000002] inst=[fc521ae3] bne     tp, t0, pc - 44
C0:       1093 [1] pc=[00000000800004d0] W[r 2=00000000800024d0][1] R[r 0=0000000000000000] R[r 0=0000000000000000] inst=[00002117] auipc   sp, 0x2
C0:       1094 [1] pc=[00000000800004d4] W[r 2=0000000080002000][1] R[r 2=00000000800024d0] R[r 0=0000000000000000] inst=[b3010113] addi    sp, sp, -1232
C0:       1095 [1] pc=[00000000800004d8] W[r 1=0000000000112000][1] R[r 0=0000000000000000] R[r 0=0000000000000000] inst=[001120b7] lui     ra, 0x112
C0:       1096 [1] pc=[00000000800004dc] W[r 1=0000000000112233][1] R[r 1=0000000000112000] R[r 0=0000000000000000] inst=[2330809b] addiw   ra, ra, 563
C0:       1097 [1] pc=[00000000800004e0] W[r 0=0000000000000000][0] R[r 2=0000000080002000] R[r 1=0000000000112233] inst=[00112023] sw      ra, 0(sp)
C0:       1103 [1] pc=[00000000800004e4] W[r14=0000000000112233][1] R[r 2=0000000080002000] R[r 0=0000000000000000] inst=[00012703] lw      a4, 0(sp)
C0:       1104 [1] pc=[00000000800004e8] W[r 7=0000000000112000][1] R[r 0=0000000000000000] R[r 0=0000000000000000] inst=[001123b7] lui     t2, 0x112
C0:       1105 [1] pc=[00000000800004ec] W[r 7=0000000000112233][1] R[r 7=0000000000112000] R[r 0=0000000000000000] inst=[2333839b] addiw   t2, t2, 563
C0:       1106 [1] pc=[00000000800004f0] W[r 0=0000000000000000][0] R[r14=0000000000112233] R[r 7=0000000000112233] inst=[14771663] bne     a4, t2, pc + 332
C0:       1107 [1] pc=[00000000800004f4] W[r 4=0000000000000002][1] R[r 4=0000000000000001] R[r 0=0000000000000000] inst=[00120213] addi    tp, tp, 1
C0:       1108 [1] pc=[00000000800004f8] W[r 5=0000000000000002][1] R[r 0=0000000000000000] R[r 0=0000000000000000] inst=[00200293] li      t0, 2
C0:       1109 [1] pc=[00000000800004fc] W[r 0=0000000000000000][0] R[r 4=0000000000000002] R[r 5=0000000000000002] inst=[fc521ae3] bne     tp, t0, pc - 44
C0:       1131 [1] pc=[0000000080000500] W[r 3=0000000000000013][1] R[r 0=0000000000000000] R[r 0=0000000000000000] inst=[01300193] li      gp, 19
C0:       1132 [1] pc=[0000000080000504] W[r 4=0000000000000000][1] R[r 0=0000000000000000] R[r 0=0000000000000000] inst=[00000213] li      tp, 0
C0:       1133 [1] pc=[0000000080000508] W[r 2=0000000080002508][1] R[r 0=0000000000000000] R[r 0=0000000000000000] inst=[00002117] auipc   sp, 0x2
C0:       1134 [1] pc=[000000008000050c] W[r 2=0000000080002000][1] R[r 2=0000000080002508] R[r 0=0000000000000000] inst=[af810113] addi    sp, sp, -1288
C0:       1135 [1] pc=[0000000080000510] W[r 1=0000000030011000][1] R[r 0=0000000000000000] R[r 0=0000000000000000] inst=[300110b7] lui     ra, 0x30011
C0:       1136 [1] pc=[0000000080000514] W[r 1=0000000030011223][1] R[r 1=0000000030011000] R[r 0=0000000000000000] inst=[2230809b] addiw   ra, ra, 547
C0:       1137 [1] pc=[0000000080000518] W[r 0=0000000000000000][1] R[r 0=0000000000000000] R[r 0=0000000000000000] inst=[00000013] nop
C0:       1138 [1] pc=[000000008000051c] W[r 0=0000000000000000][0] R[r 2=0000000080002000] R[r 1=0000000030011223] inst=[00112223] sw      ra, 4(sp)
C0:       1144 [1] pc=[0000000080000520] W[r14=0000000030011223][1] R[r 2=0000000080002000] R[r 0=0000000000000000] inst=[00412703] lw      a4, 4(sp)
C0:       1145 [1] pc=[0000000080000524] W[r 7=0000000030011000][1] R[r 0=0000000000000000] R[r 0=0000000000000000] inst=[300113b7] lui     t2, 0x30011
C0:       1146 [1] pc=[0000000080000528] W[r 7=0000000030011223][1] R[r 7=0000000030011000] R[r 0=0000000000000000] inst=[2233839b] addiw   t2, t2, 547
C0:       1147 [1] pc=[000000008000052c] W[r 0=0000000000000000][0] R[r14=0000000030011223] R[r 7=0000000030011223] inst=[10771863] bne     a4, t2, pc + 272
C0:       1148 [1] pc=[0000000080000530] W[r 4=0000000000000001][1] R[r 4=0000000000000000] R[r 0=0000000000000000] inst=[00120213] addi    tp, tp, 1
C0:       1149 [1] pc=[0000000080000534] W[r 5=0000000000000002][1] R[r 0=0000000000000000] R[r 0=0000000000000000] inst=[00200293] li      t0, 2
C0:       1150 [1] pc=[0000000080000538] W[r 0=0000000000000000][0] R[r 4=0000000000000001] R[r 5=0000000000000002] inst=[fc5218e3] bne     tp, t0, pc - 48
C0:       1154 [1] pc=[0000000080000508] W[r 2=0000000080002508][1] R[r 0=0000000000000000] R[r 0=0000000000000000] inst=[00002117] auipc   sp, 0x2
C0:       1155 [1] pc=[000000008000050c] W[r 2=0000000080002000][1] R[r 2=0000000080002508] R[r 0=0000000000000000] inst=[af810113] addi    sp, sp, -1288
C0:       1156 [1] pc=[0000000080000510] W[r 1=0000000030011000][1] R[r 0=0000000000000000] R[r 0=0000000000000000] inst=[300110b7] lui     ra, 0x30011
C0:       1157 [1] pc=[0000000080000514] W[r 1=0000000030011223][1] R[r 1=0000000030011000] R[r 0=0000000000000000] inst=[2230809b] addiw   ra, ra, 547
C0:       1158 [1] pc=[0000000080000518] W[r 0=0000000000000000][1] R[r 0=0000000000000000] R[r 0=0000000000000000] inst=[00000013] nop
C0:       1159 [1] pc=[000000008000051c] W[r 0=0000000000000000][0] R[r 2=0000000080002000] R[r 1=0000000030011223] inst=[00112223] sw      ra, 4(sp)
C0:       1165 [1] pc=[0000000080000520] W[r14=0000000030011223][1] R[r 2=0000000080002000] R[r 0=0000000000000000] inst=[00412703] lw      a4, 4(sp)
C0:       1166 [1] pc=[0000000080000524] W[r 7=0000000030011000][1] R[r 0=0000000000000000] R[r 0=0000000000000000] inst=[300113b7] lui     t2, 0x30011
C0:       1167 [1] pc=[0000000080000528] W[r 7=0000000030011223][1] R[r 7=0000000030011000] R[r 0=0000000000000000] inst=[2233839b] addiw   t2, t2, 547
C0:       1168 [1] pc=[000000008000052c] W[r 0=0000000000000000][0] R[r14=0000000030011223] R[r 7=0000000030011223] inst=[10771863] bne     a4, t2, pc + 272
C0:       1169 [1] pc=[0000000080000530] W[r 4=0000000000000002][1] R[r 4=0000000000000001] R[r 0=0000000000000000] inst=[00120213] addi    tp, tp, 1
C0:       1170 [1] pc=[0000000080000534] W[r 5=0000000000000002][1] R[r 0=0000000000000000] R[r 0=0000000000000000] inst=[00200293] li      t0, 2
C0:       1171 [1] pc=[0000000080000538] W[r 0=0000000000000000][0] R[r 4=0000000000000002] R[r 5=0000000000000002] inst=[fc5218e3] bne     tp, t0, pc - 48
C0:       1172 [1] pc=[000000008000053c] W[r 3=0000000000000014][1] R[r 0=0000000000000000] R[r 0=0000000000000000] inst=[01400193] li      gp, 20
C0:       1194 [1] pc=[0000000080000540] W[r 4=0000000000000000][1] R[r 0=0000000000000000] R[r 0=0000000000000000] inst=[00000213] li      tp, 0
C0:       1195 [1] pc=[0000000080000544] W[r 2=0000000080002544][1] R[r 0=0000000000000000] R[r 0=0000000000000000] inst=[00002117] auipc   sp, 0x2
C0:       1196 [1] pc=[0000000080000548] W[r 2=0000000080002000][1] R[r 2=0000000080002544] R[r 0=0000000000000000] inst=[abc10113] addi    sp, sp, -1348
C0:       1197 [1] pc=[000000008000054c] W[r 1=0000000033001000][1] R[r 0=0000000000000000] R[r 0=0000000000000000] inst=[330010b7] lui     ra, 0x33001
C0:       1198 [1] pc=[0000000080000550] W[r 1=0000000033001122][1] R[r 1=0000000033001000] R[r 0=0000000000000000] inst=[1220809b] addiw   ra, ra, 290
C0:       1199 [1] pc=[0000000080000554] W[r 0=0000000000000000][1] R[r 0=0000000000000000] R[r 0=0000000000000000] inst=[00000013] nop
C0:       1200 [1] pc=[0000000080000558] W[r 0=0000000000000000][1] R[r 0=0000000000000000] R[r 0=0000000000000000] inst=[00000013] nop
C0:       1201 [1] pc=[000000008000055c] W[r 0=0000000000000000][0] R[r 2=0000000080002000] R[r 1=0000000033001122] inst=[00112423] sw      ra, 8(sp)
C0:       1207 [1] pc=[0000000080000560] W[r14=0000000033001122][1] R[r 2=0000000080002000] R[r 0=0000000000000000] inst=[00812703] lw      a4, 8(sp)
C0:       1208 [1] pc=[0000000080000564] W[r 7=0000000033001000][1] R[r 0=0000000000000000] R[r 0=0000000000000000] inst=[330013b7] lui     t2, 0x33001
C0:       1209 [1] pc=[0000000080000568] W[r 7=0000000033001122][1] R[r 7=0000000033001000] R[r 0=0000000000000000] inst=[1223839b] addiw   t2, t2, 290
C0:       1210 [1] pc=[000000008000056c] W[r 0=0000000000000000][0] R[r14=0000000033001122] R[r 7=0000000033001122] inst=[0c771863] bne     a4, t2, pc + 208
C0:       1214 [1] pc=[0000000080000570] W[r 4=0000000000000001][1] R[r 4=0000000000000000] R[r 0=0000000000000000] inst=[00120213] addi    tp, tp, 1
C0:       1215 [1] pc=[0000000080000574] W[r 5=0000000000000002][1] R[r 0=0000000000000000] R[r 0=0000000000000000] inst=[00200293] li      t0, 2
C0:       1216 [1] pc=[0000000080000578] W[r 0=0000000000000000][0] R[r 4=0000000000000001] R[r 5=0000000000000002] inst=[fc5216e3] bne     tp, t0, pc - 52
C0:       1220 [1] pc=[0000000080000544] W[r 2=0000000080002544][1] R[r 0=0000000000000000] R[r 0=0000000000000000] inst=[00002117] auipc   sp, 0x2
C0:       1221 [1] pc=[0000000080000548] W[r 2=0000000080002000][1] R[r 2=0000000080002544] R[r 0=0000000000000000] inst=[abc10113] addi    sp, sp, -1348
C0:       1222 [1] pc=[000000008000054c] W[r 1=0000000033001000][1] R[r 0=0000000000000000] R[r 0=0000000000000000] inst=[330010b7] lui     ra, 0x33001
C0:       1223 [1] pc=[0000000080000550] W[r 1=0000000033001122][1] R[r 1=0000000033001000] R[r 0=0000000000000000] inst=[1220809b] addiw   ra, ra, 290
C0:       1224 [1] pc=[0000000080000554] W[r 0=0000000000000000][1] R[r 0=0000000000000000] R[r 0=0000000000000000] inst=[00000013] nop
C0:       1225 [1] pc=[0000000080000558] W[r 0=0000000000000000][1] R[r 0=0000000000000000] R[r 0=0000000000000000] inst=[00000013] nop
C0:       1226 [1] pc=[000000008000055c] W[r 0=0000000000000000][0] R[r 2=0000000080002000] R[r 1=0000000033001122] inst=[00112423] sw      ra, 8(sp)
C0:       1232 [1] pc=[0000000080000560] W[r14=0000000033001122][1] R[r 2=0000000080002000] R[r 0=0000000000000000] inst=[00812703] lw      a4, 8(sp)
C0:       1233 [1] pc=[0000000080000564] W[r 7=0000000033001000][1] R[r 0=0000000000000000] R[r 0=0000000000000000] inst=[330013b7] lui     t2, 0x33001
C0:       1234 [1] pc=[0000000080000568] W[r 7=0000000033001122][1] R[r 7=0000000033001000] R[r 0=0000000000000000] inst=[1223839b] addiw   t2, t2, 290
C0:       1235 [1] pc=[000000008000056c] W[r 0=0000000000000000][0] R[r14=0000000033001122] R[r 7=0000000033001122] inst=[0c771863] bne     a4, t2, pc + 208
C0:       1236 [1] pc=[0000000080000570] W[r 4=0000000000000002][1] R[r 4=0000000000000001] R[r 0=0000000000000000] inst=[00120213] addi    tp, tp, 1
C0:       1237 [1] pc=[0000000080000574] W[r 5=0000000000000002][1] R[r 0=0000000000000000] R[r 0=0000000000000000] inst=[00200293] li      t0, 2
C0:       1238 [1] pc=[0000000080000578] W[r 0=0000000000000000][0] R[r 4=0000000000000002] R[r 5=0000000000000002] inst=[fc5216e3] bne     tp, t0, pc - 52
C0:       1239 [1] pc=[000000008000057c] W[r 3=0000000000000015][1] R[r 0=0000000000000000] R[r 0=0000000000000000] inst=[01500193] li      gp, 21
C0:       1261 [1] pc=[0000000080000580] W[r 4=0000000000000000][1] R[r 0=0000000000000000] R[r 0=0000000000000000] inst=[00000213] li      tp, 0
C0:       1262 [1] pc=[0000000080000584] W[r 2=0000000080002584][1] R[r 0=0000000000000000] R[r 0=0000000000000000] inst=[00002117] auipc   sp, 0x2
C0:       1263 [1] pc=[0000000080000588] W[r 2=0000000080002000][1] R[r 2=0000000080002584] R[r 0=0000000000000000] inst=[a7c10113] addi    sp, sp, -1412
C0:       1264 [1] pc=[000000008000058c] W[r 0=0000000000000000][1] R[r 0=0000000000000000] R[r 0=0000000000000000] inst=[00000013] nop
C0:       1265 [1] pc=[0000000080000590] W[r 1=0000000023300000][1] R[r 0=0000000000000000] R[r 0=0000000000000000] inst=[233000b7] lui     ra, 0x23300
C0:       1266 [1] pc=[0000000080000594] W[r 1=0000000023300112][1] R[r 1=0000000023300000] R[r 0=0000000000000000] inst=[1120809b] addiw   ra, ra, 274
C0:       1267 [1] pc=[0000000080000598] W[r 0=0000000000000000][0] R[r 2=0000000080002000] R[r 1=0000000023300112] inst=[00112623] sw      ra, 12(sp)
C0:       1273 [1] pc=[000000008000059c] W[r14=0000000023300112][1] R[r 2=0000000080002000] R[r 0=0000000000000000] inst=[00c12703] lw      a4, 12(sp)
C0:       1274 [1] pc=[00000000800005a0] W[r 7=0000000023300000][1] R[r 0=0000000000000000] R[r 0=0000000000000000] inst=[233003b7] lui     t2, 0x23300
C0:       1275 [1] pc=[00000000800005a4] W[r 7=0000000023300112][1] R[r 7=0000000023300000] R[r 0=0000000000000000] inst=[1123839b] addiw   t2, t2, 274
C0:       1276 [1] pc=[00000000800005a8] W[r 0=0000000000000000][0] R[r14=0000000023300112] R[r 7=0000000023300112] inst=[08771a63] bne     a4, t2, pc + 148
C0:       1277 [1] pc=[00000000800005ac] W[r 4=0000000000000001][1] R[r 4=0000000000000000] R[r 0=0000000000000000] inst=[00120213] addi    tp, tp, 1
C0:       1278 [1] pc=[00000000800005b0] W[r 5=0000000000000002][1] R[r 0=0000000000000000] R[r 0=0000000000000000] inst=[00200293] li      t0, 2
C0:       1279 [1] pc=[00000000800005b4] W[r 0=0000000000000000][0] R[r 4=0000000000000001] R[r 5=0000000000000002] inst=[fc5218e3] bne     tp, t0, pc - 48
C0:       1283 [1] pc=[0000000080000584] W[r 2=0000000080002584][1] R[r 0=0000000000000000] R[r 0=0000000000000000] inst=[00002117] auipc   sp, 0x2
C0:       1284 [1] pc=[0000000080000588] W[r 2=0000000080002000][1] R[r 2=0000000080002584] R[r 0=0000000000000000] inst=[a7c10113] addi    sp, sp, -1412
C0:       1285 [1] pc=[000000008000058c] W[r 0=0000000000000000][1] R[r 0=0000000000000000] R[r 0=0000000000000000] inst=[00000013] nop
C0:       1286 [1] pc=[0000000080000590] W[r 1=0000000023300000][1] R[r 0=0000000000000000] R[r 0=0000000000000000] inst=[233000b7] lui     ra, 0x23300
C0:       1287 [1] pc=[0000000080000594] W[r 1=0000000023300112][1] R[r 1=0000000023300000] R[r 0=0000000000000000] inst=[1120809b] addiw   ra, ra, 274
C0:       1288 [1] pc=[0000000080000598] W[r 0=0000000000000000][0] R[r 2=0000000080002000] R[r 1=0000000023300112] inst=[00112623] sw      ra, 12(sp)
C0:       1294 [1] pc=[000000008000059c] W[r14=0000000023300112][1] R[r 2=0000000080002000] R[r 0=0000000000000000] inst=[00c12703] lw      a4, 12(sp)
C0:       1295 [1] pc=[00000000800005a0] W[r 7=0000000023300000][1] R[r 0=0000000000000000] R[r 0=0000000000000000] inst=[233003b7] lui     t2, 0x23300
C0:       1296 [1] pc=[00000000800005a4] W[r 7=0000000023300112][1] R[r 7=0000000023300000] R[r 0=0000000000000000] inst=[1123839b] addiw   t2, t2, 274
C0:       1297 [1] pc=[00000000800005a8] W[r 0=0000000000000000][0] R[r14=0000000023300112] R[r 7=0000000023300112] inst=[08771a63] bne     a4, t2, pc + 148
C0:       1298 [1] pc=[00000000800005ac] W[r 4=0000000000000002][1] R[r 4=0000000000000001] R[r 0=0000000000000000] inst=[00120213] addi    tp, tp, 1
C0:       1299 [1] pc=[00000000800005b0] W[r 5=0000000000000002][1] R[r 0=0000000000000000] R[r 0=0000000000000000] inst=[00200293] li      t0, 2
C0:       1300 [1] pc=[00000000800005b4] W[r 0=0000000000000000][0] R[r 4=0000000000000002] R[r 5=0000000000000002] inst=[fc5218e3] bne     tp, t0, pc - 48
C0:       1301 [1] pc=[00000000800005b8] W[r 3=0000000000000016][1] R[r 0=0000000000000000] R[r 0=0000000000000000] inst=[01600193] li      gp, 22
C0:       1302 [1] pc=[00000000800005bc] W[r 4=0000000000000000][1] R[r 0=0000000000000000] R[r 0=0000000000000000] inst=[00000213] li      tp, 0
C0:       1324 [1] pc=[00000000800005c0] W[r 2=00000000800025c0][1] R[r 0=0000000000000000] R[r 0=0000000000000000] inst=[00002117] auipc   sp, 0x2
C0:       1325 [1] pc=[00000000800005c4] W[r 2=0000000080002000][1] R[r 2=00000000800025c0] R[r 0=0000000000000000] inst=[a4010113] addi    sp, sp, -1472
C0:       1326 [1] pc=[00000000800005c8] W[r 0=0000000000000000][1] R[r 0=0000000000000000] R[r 0=0000000000000000] inst=[00000013] nop
C0:       1327 [1] pc=[00000000800005cc] W[r 1=0000000022330000][1] R[r 0=0000000000000000] R[r 0=0000000000000000] inst=[223300b7] lui     ra, 0x22330
C0:       1328 [1] pc=[00000000800005d0] W[r 1=0000000022330011][1] R[r 1=0000000022330000] R[r 0=0000000000000000] inst=[0110809b] addiw   ra, ra, 17
C0:       1329 [1] pc=[00000000800005d4] W[r 0=0000000000000000][1] R[r 0=0000000000000000] R[r 0=0000000000000000] inst=[00000013] nop
C0:       1330 [1] pc=[00000000800005d8] W[r 0=0000000000000000][0] R[r 2=0000000080002000] R[r 1=0000000022330011] inst=[00112823] sw      ra, 16(sp)
C0:       1336 [1] pc=[00000000800005dc] W[r14=0000000022330011][1] R[r 2=0000000080002000] R[r 0=0000000000000000] inst=[01012703] lw      a4, 16(sp)
C0:       1337 [1] pc=[00000000800005e0] W[r 7=0000000022330000][1] R[r 0=0000000000000000] R[r 0=0000000000000000] inst=[223303b7] lui     t2, 0x22330
C0:       1338 [1] pc=[00000000800005e4] W[r 7=0000000022330011][1] R[r 7=0000000022330000] R[r 0=0000000000000000] inst=[0113839b] addiw   t2, t2, 17
C0:       1339 [1] pc=[00000000800005e8] W[r 0=0000000000000000][0] R[r14=0000000022330011] R[r 7=0000000022330011] inst=[04771a63] bne     a4, t2, pc + 84
C0:       1340 [1] pc=[00000000800005ec] W[r 4=0000000000000001][1] R[r 4=0000000000000000] R[r 0=0000000000000000] inst=[00120213] addi    tp, tp, 1
C0:       1341 [1] pc=[00000000800005f0] W[r 5=0000000000000002][1] R[r 0=0000000000000000] R[r 0=0000000000000000] inst=[00200293] li      t0, 2
C0:       1342 [1] pc=[00000000800005f4] W[r 0=0000000000000000][0] R[r 4=0000000000000001] R[r 5=0000000000000002] inst=[fc5216e3] bne     tp, t0, pc - 52
C0:       1346 [1] pc=[00000000800005c0] W[r 2=00000000800025c0][1] R[r 0=0000000000000000] R[r 0=0000000000000000] inst=[00002117] auipc   sp, 0x2
C0:       1347 [1] pc=[00000000800005c4] W[r 2=0000000080002000][1] R[r 2=00000000800025c0] R[r 0=0000000000000000] inst=[a4010113] addi    sp, sp, -1472
C0:       1348 [1] pc=[00000000800005c8] W[r 0=0000000000000000][1] R[r 0=0000000000000000] R[r 0=0000000000000000] inst=[00000013] nop
C0:       1349 [1] pc=[00000000800005cc] W[r 1=0000000022330000][1] R[r 0=0000000000000000] R[r 0=0000000000000000] inst=[223300b7] lui     ra, 0x22330
C0:       1350 [1] pc=[00000000800005d0] W[r 1=0000000022330011][1] R[r 1=0000000022330000] R[r 0=0000000000000000] inst=[0110809b] addiw   ra, ra, 17
C0:       1351 [1] pc=[00000000800005d4] W[r 0=0000000000000000][1] R[r 0=0000000000000000] R[r 0=0000000000000000] inst=[00000013] nop
C0:       1352 [1] pc=[00000000800005d8] W[r 0=0000000000000000][0] R[r 2=0000000080002000] R[r 1=0000000022330011] inst=[00112823] sw      ra, 16(sp)
C0:       1358 [1] pc=[00000000800005dc] W[r14=0000000022330011][1] R[r 2=0000000080002000] R[r 0=0000000000000000] inst=[01012703] lw      a4, 16(sp)
C0:       1359 [1] pc=[00000000800005e0] W[r 7=0000000022330000][1] R[r 0=0000000000000000] R[r 0=0000000000000000] inst=[223303b7] lui     t2, 0x22330
C0:       1360 [1] pc=[00000000800005e4] W[r 7=0000000022330011][1] R[r 7=0000000022330000] R[r 0=0000000000000000] inst=[0113839b] addiw   t2, t2, 17
C0:       1361 [1] pc=[00000000800005e8] W[r 0=0000000000000000][0] R[r14=0000000022330011] R[r 7=0000000022330011] inst=[04771a63] bne     a4, t2, pc + 84
C0:       1362 [1] pc=[00000000800005ec] W[r 4=0000000000000002][1] R[r 4=0000000000000001] R[r 0=0000000000000000] inst=[00120213] addi    tp, tp, 1
C0:       1363 [1] pc=[00000000800005f0] W[r 5=0000000000000002][1] R[r 0=0000000000000000] R[r 0=0000000000000000] inst=[00200293] li      t0, 2
C0:       1364 [1] pc=[00000000800005f4] W[r 0=0000000000000000][0] R[r 4=0000000000000002] R[r 5=0000000000000002] inst=[fc5216e3] bne     tp, t0, pc - 52
C0:       1365 [1] pc=[00000000800005f8] W[r 3=0000000000000017][1] R[r 0=0000000000000000] R[r 0=0000000000000000] inst=[01700193] li      gp, 23
C0:       1366 [1] pc=[00000000800005fc] W[r 4=0000000000000000][1] R[r 0=0000000000000000] R[r 0=0000000000000000] inst=[00000213] li      tp, 0
C0:       1388 [1] pc=[0000000080000600] W[r 2=0000000080002600][1] R[r 0=0000000000000000] R[r 0=0000000000000000] inst=[00002117] auipc   sp, 0x2
C0:       1389 [1] pc=[0000000080000604] W[r 2=0000000080002000][1] R[r 2=0000000080002600] R[r 0=0000000000000000] inst=[a0010113] addi    sp, sp, -1536
C0:       1390 [1] pc=[0000000080000608] W[r 0=0000000000000000][1] R[r 0=0000000000000000] R[r 0=0000000000000000] inst=[00000013] nop
C0:       1391 [1] pc=[000000008000060c] W[r 0=0000000000000000][1] R[r 0=0000000000000000] R[r 0=0000000000000000] inst=[00000013] nop
C0:       1392 [1] pc=[0000000080000610] W[r 1=0000000012233000][1] R[r 0=0000000000000000] R[r 0=0000000000000000] inst=[122330b7] lui     ra, 0x12233
C0:       1393 [1] pc=[0000000080000614] W[r 1=0000000012233001][1] R[r 1=0000000012233000] R[r 0=0000000000000000] inst=[0010809b] addiw   ra, ra, 1
C0:       1394 [1] pc=[0000000080000618] W[r 0=0000000000000000][0] R[r 2=0000000080002000] R[r 1=0000000012233001] inst=[00112a23] sw      ra, 20(sp)
C0:       1400 [1] pc=[000000008000061c] W[r14=0000000012233001][1] R[r 2=0000000080002000] R[r 0=0000000000000000] inst=[01412703] lw      a4, 20(sp)
C0:       1401 [1] pc=[0000000080000620] W[r 7=0000000012233000][1] R[r 0=0000000000000000] R[r 0=0000000000000000] inst=[122333b7] lui     t2, 0x12233
C0:       1402 [1] pc=[0000000080000624] W[r 7=0000000012233001][1] R[r 7=0000000012233000] R[r 0=0000000000000000] inst=[0013839b] addiw   t2, t2, 1
C0:       1403 [1] pc=[0000000080000628] W[r 0=0000000000000000][0] R[r14=0000000012233001] R[r 7=0000000012233001] inst=[00771a63] bne     a4, t2, pc + 20
C0:       1404 [1] pc=[000000008000062c] W[r 4=0000000000000001][1] R[r 4=0000000000000000] R[r 0=0000000000000000] inst=[00120213] addi    tp, tp, 1
C0:       1405 [1] pc=[0000000080000630] W[r 5=0000000000000002][1] R[r 0=0000000000000000] R[r 0=0000000000000000] inst=[00200293] li      t0, 2
C0:       1406 [1] pc=[0000000080000634] W[r 0=0000000000000000][0] R[r 4=0000000000000001] R[r 5=0000000000000002] inst=[fc5216e3] bne     tp, t0, pc - 52
C0:       1410 [1] pc=[0000000080000600] W[r 2=0000000080002600][1] R[r 0=0000000000000000] R[r 0=0000000000000000] inst=[00002117] auipc   sp, 0x2
C0:       1411 [1] pc=[0000000080000604] W[r 2=0000000080002000][1] R[r 2=0000000080002600] R[r 0=0000000000000000] inst=[a0010113] addi    sp, sp, -1536
C0:       1412 [1] pc=[0000000080000608] W[r 0=0000000000000000][1] R[r 0=0000000000000000] R[r 0=0000000000000000] inst=[00000013] nop
C0:       1413 [1] pc=[000000008000060c] W[r 0=0000000000000000][1] R[r 0=0000000000000000] R[r 0=0000000000000000] inst=[00000013] nop
C0:       1414 [1] pc=[0000000080000610] W[r 1=0000000012233000][1] R[r 0=0000000000000000] R[r 0=0000000000000000] inst=[122330b7] lui     ra, 0x12233
C0:       1415 [1] pc=[0000000080000614] W[r 1=0000000012233001][1] R[r 1=0000000012233000] R[r 0=0000000000000000] inst=[0010809b] addiw   ra, ra, 1
C0:       1416 [1] pc=[0000000080000618] W[r 0=0000000000000000][0] R[r 2=0000000080002000] R[r 1=0000000012233001] inst=[00112a23] sw      ra, 20(sp)
C0:       1422 [1] pc=[000000008000061c] W[r14=0000000012233001][1] R[r 2=0000000080002000] R[r 0=0000000000000000] inst=[01412703] lw      a4, 20(sp)
C0:       1423 [1] pc=[0000000080000620] W[r 7=0000000012233000][1] R[r 0=0000000000000000] R[r 0=0000000000000000] inst=[122333b7] lui     t2, 0x12233
C0:       1424 [1] pc=[0000000080000624] W[r 7=0000000012233001][1] R[r 7=0000000012233000] R[r 0=0000000000000000] inst=[0013839b] addiw   t2, t2, 1
C0:       1425 [1] pc=[0000000080000628] W[r 0=0000000000000000][0] R[r14=0000000012233001] R[r 7=0000000012233001] inst=[00771a63] bne     a4, t2, pc + 20
C0:       1426 [1] pc=[000000008000062c] W[r 4=0000000000000002][1] R[r 4=0000000000000001] R[r 0=0000000000000000] inst=[00120213] addi    tp, tp, 1
C0:       1427 [1] pc=[0000000080000630] W[r 5=0000000000000002][1] R[r 0=0000000000000000] R[r 0=0000000000000000] inst=[00200293] li      t0, 2
C0:       1428 [1] pc=[0000000080000634] W[r 0=0000000000000000][0] R[r 4=0000000000000002] R[r 5=0000000000000002] inst=[fc5216e3] bne     tp, t0, pc - 52
C0:       1429 [1] pc=[0000000080000638] W[r 0=0000000000000000][0] R[r 0=0000000000000000] R[r 3=0000000000000017] inst=[02301063] bne     zero, gp, pc + 32
C0:       1454 [1] pc=[0000000080000658] W[r 0=0000000000000000][0] R[r 0=0000000000000000] R[r 0=0000000000000000] inst=[0ff0000f] fence   iorw,iorw
C0:       1455 [1] pc=[000000008000065c] W[r 3=0000000000000001][1] R[r 0=0000000000000000] R[r 0=0000000000000000] inst=[00100193] li      gp, 1
C0:       1456 [1] pc=[0000000080000660] W[r17=000000000000005d][1] R[r 0=0000000000000000] R[r 0=0000000000000000] inst=[05d00893] li      a7, 93
C0:       1457 [1] pc=[0000000080000664] W[r10=0000000000000000][1] R[r 0=0000000000000000] R[r 0=0000000000000000] inst=[00000513] li      a0, 0
C0:       1458 [0] pc=[0000000080000668] W[r 0=0000000000000000][0] R[r 0=0000000000000000] R[r 0=0000000000000000] inst=[00000073] ecall
C0:       1463 [1] pc=[0000000080000004] W[r30=0000000000000008][1] R[r 0=0000000000000000] R[r 0=0000000000000000] inst=[34202f73] csrr    t5, unknown_342
C0:       1464 [1] pc=[0000000080000008] W[r31=0000000000000008][1] R[r 0=0000000000000000] R[r 0=0000000000000000] inst=[00800f93] li      t6, 8
C0:       1466 [1] pc=[000000008000000c] W[r 0=0000000000000000][0] R[r30=0000000000000008] R[r31=0000000000000008] inst=[07ff0663] beq     t5, t6, pc + 108
C0:       1491 [1] pc=[0000000080000078] W[r30=0000000080001078][1] R[r 0=0000000000000000] R[r 0=0000000000000000] inst=[00001f17] auipc   t5, 0x1
C0:       1508 [1] pc=[000000008000007c] W[r 0=0000000000000000][0] R[r30=0000000080001078] R[r 3=0000000000000001] inst=[f83f2423] sw      gp, -120(t5)
C0:       1509 [1] pc=[0000000080000080] W[r 0=0000000080000084][1] R[r 0=0000000000000000] R[r 0=0000000000000000] inst=[ff9ff06f] j       pc - 0x8
C0:       1510 [1] pc=[0000000080000078] W[r30=0000000080001078][1] R[r 0=0000000000000000] R[r 0=0000000000000000] inst=[00001f17] auipc   t5, 0x1
C0:       1511 [1] pc=[000000008000007c] W[r 0=0000000000000000][0] R[r30=0000000080001078] R[r 3=0000000000000001] inst=[f83f2423] sw      gp, -120(t5)
C0:       1512 [1] pc=[0000000080000080] W[r 0=0000000080000084][1] R[r 0=0000000000000000] R[r 0=0000000000000000] inst=[ff9ff06f] j       pc - 0x8
C0:       1513 [1] pc=[0000000080000078] W[r30=0000000080001078][1] R[r 0=0000000000000000] R[r 0=0000000000000000] inst=[00001f17] auipc   t5, 0x1
C0:       1514 [1] pc=[000000008000007c] W[r 0=0000000000000000][0] R[r30=0000000080001078] R[r 3=0000000000000001] inst=[f83f2423] sw      gp, -120(t5)
C0:       1515 [1] pc=[0000000080000080] W[r 0=0000000080000084][1] R[r 0=0000000000000000] R[r 0=0000000000000000] inst=[ff9ff06f] j       pc - 0x8
C0:       1516 [1] pc=[0000000080000078] W[r30=0000000080001078][1] R[r 0=0000000000000000] R[r 0=0000000000000000] inst=[00001f17] auipc   t5, 0x1
C0:       1542 [1] pc=[000000008000007c] W[r 0=0000000000000000][0] R[r30=0000000080001078] R[r 3=0000000000000001] inst=[f83f2423] sw      gp, -120(t5)
C0:       1543 [1] pc=[0000000080000080] W[r 0=0000000080000084][1] R[r 0=0000000000000000] R[r 0=0000000000000000] inst=[ff9ff06f] j       pc - 0x8
C0:       1544 [1] pc=[0000000080000078] W[r30=0000000080001078][1] R[r 0=0000000000000000] R[r 0=0000000000000000] inst=[00001f17] auipc   t5, 0x1
C0:       1545 [1] pc=[000000008000007c] W[r 0=0000000000000000][0] R[r30=0000000080001078] R[r 3=0000000000000001] inst=[f83f2423] sw      gp, -120(t5)
C0:       1546 [1] pc=[0000000080000080] W[r 0=0000000080000084][1] R[r 0=0000000000000000] R[r 0=0000000000000000] inst=[ff9ff06f] j       pc - 0x8
C0:       1547 [1] pc=[0000000080000078] W[r30=0000000080001078][1] R[r 0=0000000000000000] R[r 0=0000000000000000] inst=[00001f17] auipc   t5, 0x1
C0:       1548 [1] pc=[000000008000007c] W[r 0=0000000000000000][0] R[r30=0000000080001078] R[r 3=0000000000000001] inst=[f83f2423] sw      gp, -120(t5)
C0:       1549 [1] pc=[0000000080000080] W[r 0=0000000080000084][1] R[r 0=0000000000000000] R[r 0=0000000000000000] inst=[ff9ff06f] j       pc - 0x8
C0:       1550 [1] pc=[0000000080000078] W[r30=0000000080001078][1] R[r 0=0000000000000000] R[r 0=0000000000000000] inst=[00001f17] auipc   t5, 0x1
C0:       1551 [1] pc=[000000008000007c] W[r 0=0000000000000000][0] R[r30=0000000080001078] R[r 3=0000000000000001] inst=[f83f2423] sw      gp, -120(t5)
C0:       1552 [1] pc=[0000000080000080] W[r 0=0000000080000084][1] R[r 0=0000000000000000] R[r 0=0000000000000000] inst=[ff9ff06f] j       pc - 0x8
C0:       1553 [1] pc=[0000000080000078] W[r30=0000000080001078][1] R[r 0=0000000000000000] R[r 0=0000000000000000] inst=[00001f17] auipc   t5, 0x1
C0:       1554 [1] pc=[000000008000007c] W[r 0=0000000000000000][0] R[r30=0000000080001078] R[r 3=0000000000000001] inst=[f83f2423] sw      gp, -120(t5)
C0:       1555 [1] pc=[0000000080000080] W[r 0=0000000080000084][1] R[r 0=0000000000000000] R[r 0=0000000000000000] inst=[ff9ff06f] j       pc - 0x8
C0:       1556 [1] pc=[0000000080000078] W[r30=0000000080001078][1] R[r 0=0000000000000000] R[r 0=0000000000000000] inst=[00001f17] auipc   t5, 0x1
C0:       1557 [1] pc=[000000008000007c] W[r 0=0000000000000000][0] R[r30=0000000080001078] R[r 3=0000000000000001] inst=[f83f2423] sw      gp, -120(t5)
C0:       1558 [1] pc=[0000000080000080] W[r 0=0000000080000084][1] R[r 0=0000000000000000] R[r 0=0000000000000000] inst=[ff9ff06f] j       pc - 0x8
C0:       1559 [1] pc=[0000000080000078] W[r30=0000000080001078][1] R[r 0=0000000000000000] R[r 0=0000000000000000] inst=[00001f17] auipc   t5, 0x1
C0:       1560 [1] pc=[000000008000007c] W[r 0=0000000000000000][0] R[r30=0000000080001078] R[r 3=0000000000000001] inst=[f83f2423] sw      gp, -120(t5)
C0:       1561 [1] pc=[0000000080000080] W[r 0=0000000080000084][1] R[r 0=0000000000000000] R[r 0=0000000000000000] inst=[ff9ff06f] j       pc - 0x8
C0:       1562 [1] pc=[0000000080000078] W[r30=0000000080001078][1] R[r 0=0000000000000000] R[r 0=0000000000000000] inst=[00001f17] auipc   t5, 0x1
C0:       1563 [1] pc=[000000008000007c] W[r 0=0000000000000000][0] R[r30=0000000080001078] R[r 3=0000000000000001] inst=[f83f2423] sw      gp, -120(t5)
C0:       1564 [1] pc=[0000000080000080] W[r 0=0000000080000084][1] R[r 0=0000000000000000] R[r 0=0000000000000000] inst=[ff9ff06f] j       pc - 0x8
C0:       1565 [1] pc=[0000000080000078] W[r30=0000000080001078][1] R[r 0=0000000000000000] R[r 0=0000000000000000] inst=[00001f17] auipc   t5, 0x1
C0:       1566 [1] pc=[000000008000007c] W[r 0=0000000000000000][0] R[r30=0000000080001078] R[r 3=0000000000000001] inst=[f83f2423] sw      gp, -120(t5)
C0:       1567 [1] pc=[0000000080000080] W[r 0=0000000080000084][1] R[r 0=0000000000000000] R[r 0=0000000000000000] inst=[ff9ff06f] j       pc - 0x8
C0:       1568 [1] pc=[0000000080000078] W[r30=0000000080001078][1] R[r 0=0000000000000000] R[r 0=0000000000000000] inst=[00001f17] auipc   t5, 0x1
C0:       1569 [1] pc=[000000008000007c] W[r 0=0000000000000000][0] R[r30=0000000080001078] R[r 3=0000000000000001] inst=[f83f2423] sw      gp, -120(t5)
C0:       1570 [1] pc=[0000000080000080] W[r 0=0000000080000084][1] R[r 0=0000000000000000] R[r 0=0000000000000000] inst=[ff9ff06f] j       pc - 0x8
C0:       1571 [1] pc=[0000000080000078] W[r30=0000000080001078][1] R[r 0=0000000000000000] R[r 0=0000000000000000] inst=[00001f17] auipc   t5, 0x1
C0:       1572 [1] pc=[000000008000007c] W[r 0=0000000000000000][0] R[r30=0000000080001078] R[r 3=0000000000000001] inst=[f83f2423] sw      gp, -120(t5)
C0:       1573 [1] pc=[0000000080000080] W[r 0=0000000080000084][1] R[r 0=0000000000000000] R[r 0=0000000000000000] inst=[ff9ff06f] j       pc - 0x8
C0:       1574 [1] pc=[0000000080000078] W[r30=0000000080001078][1] R[r 0=0000000000000000] R[r 0=0000000000000000] inst=[00001f17] auipc   t5, 0x1
*** PASSED *** Completed after 75499 cycles
