using random seed 1632258074
This emulator compiled with JTAG Remote Bitbang client. To enable, use +jtag_rbb_enable=1.
Listening on port 44737
== Loading device model file '/home/fleker/Desktop/chipyard/generators/testchipip/src/main/resources/dramsim2_ini/DDR3_micron_64M_8B_x4_sg15.ini' == 
== Loading system model file '/home/fleker/Desktop/chipyard/generators/testchipip/src/main/resources/dramsim2_ini/system.ini' == 
===== MemorySystem 0 =====
CH. 0 TOTAL_STORAGE : 4096MB | 1 Ranks | 16 Devices per rank
DRAMSim2 Clock Frequency =666666666Hz, CPU Clock Frequency=100000000Hz
C0:         19 [1] pc=[0000000000010040] W[r10=0000000000010040][1] R[r 0=0000000000000000] R[r 0=0000000000000000] inst=[00000517] auipc   a0, 0x0
C0:         20 [1] pc=[0000000000010044] W[r10=0000000000010000][1] R[r10=0000000000010040] R[r 0=0000000000000000] inst=[fc050513] addi    a0, a0, -64
C0:         21 [1] pc=[0000000000010048] W[r 0=0000000000000000][1] R[r10=0000000000010000] R[r 0=0000000000000000] inst=[30551073] csrw    unknown_305, a0
C0:         26 [1] pc=[000000000001004c] W[r 5=800000000094112d][1] R[r 0=0000000000000000] R[r 0=0000000000000000] inst=[301022f3] csrr    t0, unknown_301
C0:         29 [1] pc=[0000000000010050] W[r 5=ffffe00000000025][1] R[r 5=800000000094112d] R[r 0=0000000000000000] inst=[4122d293] srai    t0, t0, 18
C0:         30 [1] pc=[0000000000010054] W[r 5=0000000000000001][1] R[r 5=ffffe00000000025] R[r 0=0000000000000000] inst=[0012f293] andi    t0, t0, 1
C0:         31 [1] pc=[0000000000010058] W[r 0=0000000000000000][0] R[r 5=0000000000000001] R[r 0=0000000000000000] inst=[00028463] beqz    t0, pc + 8
C0:         32 [1] pc=[000000000001005c] W[r 0=0000000000000000][1] R[r 0=0000000000000000] R[r 0=0000000000000000] inst=[30301073] csrw    unknown_303, zero
C0:         37 [1] pc=[0000000000010060] W[r10=0000000000000008][1] R[r 0=0000000000000000] R[r 0=0000000000000000] inst=[00800513] li      a0, 8
C0:         38 [1] pc=[0000000000010064] W[r 0=0000000000000000][1] R[r10=0000000000000008] R[r 0=0000000000000000] inst=[30451073] csrw    unknown_304, a0
C0:         43 [1] pc=[0000000000010068] W[r 0=0000000a00001800][1] R[r10=0000000000000008] R[r 0=0000000000000000] inst=[30052073] csrs    unknown_300, a0
C0:         48 [1] pc=[000000000001006c] W[r 0=0000000000000000][0] R[r 0=0000000000000000] R[r 0=0000000000000000] inst=[10500073] wfi
C0:         51 [0] pc=[0000000000010070] W[r 0=0000000000000000][0] R[r31=0000000000000008] R[r 0=0000000000000000] inst=[ffdff06f] j       pc - 0x4
C0:         70 [1] pc=[0000000000010000] W[r11=0000000002000000][1] R[r 0=0000000000000000] R[r 0=0000000000000000] inst=[020005b7] lui     a1, 0x2000
C0:         71 [1] pc=[0000000000010004] W[r10=0000000000000000][1] R[r 0=0000000000000000] R[r 0=0000000000000000] inst=[f1402573] csrr    a0, unknown_f14
C0:         74 [1] pc=[0000000000010008] W[r 0=0000000000000000][0] R[r10=0000000000000000] R[r 0=0000000000000000] inst=[00050463] beqz    a0, pc + 8
C0:         78 [1] pc=[0000000000010010] W[r12=0000000002000004][1] R[r11=0000000002000000] R[r 0=0000000000000000] inst=[00458613] addi    a2, a1, 4
C0:         79 [1] pc=[0000000000010014] W[r13=0000000000000001][1] R[r 0=0000000000000000] R[r 0=0000000000000000] inst=[00100693] li      a3, 1
C0:         80 [1] pc=[0000000000010018] W[r 0=0000000000000000][0] R[r12=0000000002000004] R[r13=0000000000000001] inst=[00d62023] sw      a3, 0(a2)
C0:         81 [1] pc=[000000000001001c] W[r12=0000000002000008][1] R[r12=0000000002000004] R[r 0=0000000000000000] inst=[00460613] addi    a2, a2, 4
C0:         87 [1] pc=[0000000000010020] W[r13=0000000000000000][0] R[r12=0000000002000008] R[r 0=0000000000000000] inst=[ffc62683] lw      a3, -4(a2)
C0:         95 [1] pc=[0000000000010024] W[r 0=0000000000000000][0] R[r13=0000000000000000] R[r 0=0000000000000000] inst=[fe069ae3] bnez    a3, pc - 12
C0:         96 [1] pc=[0000000000010028] W[r 0=000000000001002c][1] R[r 0=0000000000000000] R[r 0=0000000000000000] inst=[05c0006f] j       pc + 0x5c
C0:        116 [1] pc=[0000000000010084] W[r 0=0000000000000000][0] R[r11=0000000002000000] R[r 0=0000000000000000] inst=[0005a023] sw      zero, 0(a1)
C0:        117 [1] pc=[0000000000010088] W[r10=0000000000004000][1] R[r 0=0000000000000000] R[r 0=0000000000000000] inst=[00004537] lui     a0, 0x4
C0:        123 [1] pc=[000000000001008c] W[r10=0000000000000000][0] R[r10=0000000000004000] R[r 0=0000000000000000] inst=[00056503] lwu     a0, 0(a0)
C0:        135 [1] pc=[0000000000010090] W[r 0=0000000000010070][1] R[r10=0000000080000000] R[r 0=0000000000000000] inst=[34151073] csrw    unknown_341, a0
C0:        136 [1] pc=[0000000000010094] W[r10=0000000000000000][1] R[r 0=0000000000000000] R[r 0=0000000000000000] inst=[f1402573] csrr    a0, unknown_f14
C0:        137 [1] pc=[0000000000010098] W[r11=0000000000010098][1] R[r 0=0000000000000000] R[r 0=0000000000000000] inst=[00000597] auipc   a1, 0x0
C0:        138 [1] pc=[000000000001009c] W[r11=00000000000100b0][1] R[r11=0000000000010098] R[r 0=0000000000000000] inst=[01858593] addi    a1, a1, 24
C0:        139 [1] pc=[00000000000100a0] W[r12=0000000000000080][1] R[r 0=0000000000000000] R[r 0=0000000000000000] inst=[08000613] li      a2, 128
C0:        140 [1] pc=[00000000000100a4] W[r 0=0000000a00001880][1] R[r12=0000000000000080] R[r 0=0000000000000000] inst=[30063073] csrc    unknown_300, a2
C0:        145 [1] pc=[00000000000100a8] W[r 0=0000000000000000][0] R[r 0=0000000000000000] R[r 0=0000000000000000] inst=[30200073] mret
C0:        166 [1] pc=[0000000080000000] W[r 0=0000000080000004][1] R[r 0=0000000000000000] R[r 0=0000000000000000] inst=[0840006f] j       pc + 0x84
C0:        189 [1] pc=[0000000080000084] W[r 1=0000000000000000][1] R[r 0=0000000000000000] R[r 0=0000000000000000] inst=[00000093] li      ra, 0
C0:        190 [1] pc=[0000000080000088] W[r 2=0000000000000000][1] R[r 0=0000000000000000] R[r 0=0000000000000000] inst=[00000113] li      sp, 0
C0:        191 [1] pc=[000000008000008c] W[r 3=0000000000000000][1] R[r 0=0000000000000000] R[r 0=0000000000000000] inst=[00000193] li      gp, 0
C0:        192 [1] pc=[0000000080000090] W[r 4=0000000000000000][1] R[r 0=0000000000000000] R[r 0=0000000000000000] inst=[00000213] li      tp, 0
C0:        193 [1] pc=[0000000080000094] W[r 5=0000000000000000][1] R[r 0=0000000000000000] R[r 0=0000000000000000] inst=[00000293] li      t0, 0
C0:        194 [1] pc=[0000000080000098] W[r 6=0000000000000000][1] R[r 0=0000000000000000] R[r 0=0000000000000000] inst=[00000313] li      t1, 0
C0:        195 [1] pc=[000000008000009c] W[r 7=0000000000000000][1] R[r 0=0000000000000000] R[r 0=0000000000000000] inst=[00000393] li      t2, 0
C0:        196 [1] pc=[00000000800000a0] W[r 8=0000000000000000][1] R[r 0=0000000000000000] R[r 0=0000000000000000] inst=[00000413] li      s0, 0
C0:        197 [1] pc=[00000000800000a4] W[r 9=0000000000000000][1] R[r 0=0000000000000000] R[r 0=0000000000000000] inst=[00000493] li      s1, 0
C0:        198 [1] pc=[00000000800000a8] W[r10=0000000000000000][1] R[r 0=0000000000000000] R[r 0=0000000000000000] inst=[00000513] li      a0, 0
C0:        199 [1] pc=[00000000800000ac] W[r11=0000000000000000][1] R[r 0=0000000000000000] R[r 0=0000000000000000] inst=[00000593] li      a1, 0
C0:        200 [1] pc=[00000000800000b0] W[r12=0000000000000000][1] R[r 0=0000000000000000] R[r 0=0000000000000000] inst=[00000613] li      a2, 0
C0:        201 [1] pc=[00000000800000b4] W[r13=0000000000000000][1] R[r 0=0000000000000000] R[r 0=0000000000000000] inst=[00000693] li      a3, 0
C0:        202 [1] pc=[00000000800000b8] W[r14=0000000000000000][1] R[r 0=0000000000000000] R[r 0=0000000000000000] inst=[00000713] li      a4, 0
C0:        203 [1] pc=[00000000800000bc] W[r15=0000000000000000][1] R[r 0=0000000000000000] R[r 0=0000000000000000] inst=[00000793] li      a5, 0
C0:        225 [1] pc=[00000000800000c0] W[r16=0000000000000000][1] R[r 0=0000000000000000] R[r 0=0000000000000000] inst=[00000813] li      a6, 0
C0:        226 [1] pc=[00000000800000c4] W[r17=0000000000000000][1] R[r 0=0000000000000000] R[r 0=0000000000000000] inst=[00000893] li      a7, 0
C0:        227 [1] pc=[00000000800000c8] W[r18=0000000000000000][1] R[r 0=0000000000000000] R[r 0=0000000000000000] inst=[00000913] li      s2, 0
C0:        228 [1] pc=[00000000800000cc] W[r19=0000000000000000][1] R[r 0=0000000000000000] R[r 0=0000000000000000] inst=[00000993] li      s3, 0
C0:        229 [1] pc=[00000000800000d0] W[r20=0000000000000000][1] R[r 0=0000000000000000] R[r 0=0000000000000000] inst=[00000a13] li      s4, 0
C0:        230 [1] pc=[00000000800000d4] W[r21=0000000000000000][1] R[r 0=0000000000000000] R[r 0=0000000000000000] inst=[00000a93] li      s5, 0
C0:        231 [1] pc=[00000000800000d8] W[r22=0000000000000000][1] R[r 0=0000000000000000] R[r 0=0000000000000000] inst=[00000b13] li      s6, 0
C0:        232 [1] pc=[00000000800000dc] W[r23=0000000000000000][1] R[r 0=0000000000000000] R[r 0=0000000000000000] inst=[00000b93] li      s7, 0
C0:        233 [1] pc=[00000000800000e0] W[r24=0000000000000000][1] R[r 0=0000000000000000] R[r 0=0000000000000000] inst=[00000c13] li      s8, 0
C0:        234 [1] pc=[00000000800000e4] W[r25=0000000000000000][1] R[r 0=0000000000000000] R[r 0=0000000000000000] inst=[00000c93] li      s9, 0
C0:        235 [1] pc=[00000000800000e8] W[r26=0000000000000000][1] R[r 0=0000000000000000] R[r 0=0000000000000000] inst=[00000d13] li      s10, 0
C0:        236 [1] pc=[00000000800000ec] W[r27=0000000000000000][1] R[r 0=0000000000000000] R[r 0=0000000000000000] inst=[00000d93] li      s11, 0
C0:        237 [1] pc=[00000000800000f0] W[r28=0000000000000000][1] R[r 0=0000000000000000] R[r 0=0000000000000000] inst=[00000e13] li      t3, 0
C0:        238 [1] pc=[00000000800000f4] W[r29=0000000000000000][1] R[r 0=0000000000000000] R[r 0=0000000000000000] inst=[00000e93] li      t4, 0
C0:        239 [1] pc=[00000000800000f8] W[r30=0000000000000000][1] R[r 0=0000000000000000] R[r 0=0000000000000000] inst=[00000f13] li      t5, 0
C0:        240 [1] pc=[00000000800000fc] W[r31=0000000000000000][1] R[r 0=0000000000000000] R[r 0=0000000000000000] inst=[00000f93] li      t6, 0
C0:        262 [1] pc=[0000000080000100] W[r10=0000000000000000][1] R[r 0=0000000000000000] R[r 0=0000000000000000] inst=[f1402573] csrr    a0, unknown_f14
C0:        265 [1] pc=[0000000080000104] W[r 0=0000000000000000][0] R[r10=0000000000000000] R[r 0=0000000000000000] inst=[00051063] bnez    a0, pc + 0
C0:        266 [1] pc=[0000000080000108] W[r 5=0000000080000108][1] R[r 0=0000000000000000] R[r 0=0000000000000000] inst=[00000297] auipc   t0, 0x0
C0:        267 [1] pc=[000000008000010c] W[r 5=0000000080000118][1] R[r 5=0000000080000108] R[r 0=0000000000000000] inst=[01028293] addi    t0, t0, 16
C0:        268 [1] pc=[0000000080000110] W[r 0=0000000000010000][1] R[r 5=0000000080000118] R[r 0=0000000000000000] inst=[30529073] csrw    unknown_305, t0
C0:        273 [1] pc=[0000000080000114] W[r 0=0000000000000000][1] R[r 0=0000000000000000] R[r 0=0000000000000000] inst=[18005073] csrwi   unknown_180, 0
C0:        278 [1] pc=[0000000080000118] W[r 5=0000000080000118][1] R[r 0=0000000000000000] R[r 0=0000000000000000] inst=[00000297] auipc   t0, 0x0
C0:        279 [1] pc=[000000008000011c] W[r 5=000000008000013c][1] R[r 5=0000000080000118] R[r 0=0000000000000000] inst=[02428293] addi    t0, t0, 36
C0:        280 [1] pc=[0000000080000120] W[r 0=0000000080000118][1] R[r 5=000000008000013c] R[r 0=0000000000000000] inst=[30529073] csrw    unknown_305, t0
C0:        285 [1] pc=[0000000080000124] W[r 5=0000000000000001][1] R[r 0=0000000000000000] R[r 0=0000000000000000] inst=[0010029b] addiw   t0, zero, 1
C0:        286 [1] pc=[0000000080000128] W[r 5=0020000000000000][1] R[r 5=0000000000000001] R[r 0=0000000000000000] inst=[03529293] slli    t0, t0, 53
C0:        287 [1] pc=[000000008000012c] W[r 5=001fffffffffffff][1] R[r 5=0020000000000000] R[r 0=0000000000000000] inst=[fff28293] addi    t0, t0, -1
C0:        288 [1] pc=[0000000080000130] W[r 0=0000000000000000][1] R[r 5=001fffffffffffff] R[r 0=0000000000000000] inst=[3b029073] csrw    unknown_3b0, t0
C0:        293 [1] pc=[0000000080000134] W[r 5=000000000000001f][1] R[r 0=0000000000000000] R[r 0=0000000000000000] inst=[01f00293] li      t0, 31
C0:        294 [1] pc=[0000000080000138] W[r 0=0000000000000000][1] R[r 5=000000000000001f] R[r 0=0000000000000000] inst=[3a029073] csrw    unknown_3a0, t0
C0:        299 [1] pc=[000000008000013c] W[r 0=0000000000000008][1] R[r 0=0000000000000000] R[r 0=0000000000000000] inst=[30405073] csrwi   unknown_304, 0
C0:        316 [1] pc=[0000000080000140] W[r 5=0000000080000140][1] R[r 0=0000000000000000] R[r 0=0000000000000000] inst=[00000297] auipc   t0, 0x0
C0:        317 [1] pc=[0000000080000144] W[r 5=0000000080000154][1] R[r 5=0000000080000140] R[r 0=0000000000000000] inst=[01428293] addi    t0, t0, 20
C0:        318 [1] pc=[0000000080000148] W[r 0=000000008000013c][1] R[r 5=0000000080000154] R[r 0=0000000000000000] inst=[30529073] csrw    unknown_305, t0
C0:        323 [1] pc=[000000008000014c] W[r 0=0000000000000000][1] R[r 0=0000000000000000] R[r 0=0000000000000000] inst=[30205073] csrwi   unknown_302, 0
C0:        328 [1] pc=[0000000080000150] W[r 0=0000000000000000][1] R[r 0=0000000000000000] R[r 0=0000000000000000] inst=[30305073] csrwi   unknown_303, 0
C0:        333 [1] pc=[0000000080000154] W[r 3=0000000000000000][1] R[r 0=0000000000000000] R[r 0=0000000000000000] inst=[00000193] li      gp, 0
C0:        334 [1] pc=[0000000080000158] W[r 5=0000000080000158][1] R[r 0=0000000000000000] R[r 0=0000000000000000] inst=[00000297] auipc   t0, 0x0
C0:        335 [1] pc=[000000008000015c] W[r 5=0000000080000004][1] R[r 5=0000000080000158] R[r 0=0000000000000000] inst=[eac28293] addi    t0, t0, -340
C0:        336 [1] pc=[0000000080000160] W[r 0=0000000080000154][1] R[r 5=0000000080000004] R[r 0=0000000000000000] inst=[30529073] csrw    unknown_305, t0
C0:        341 [1] pc=[0000000080000164] W[r10=0000000000000001][1] R[r 0=0000000000000000] R[r 0=0000000000000000] inst=[00100513] li      a0, 1
C0:        342 [1] pc=[0000000080000168] W[r10=0000000080000000][1] R[r10=0000000000000001] R[r 0=0000000000000000] inst=[01f51513] slli    a0, a0, 31
C0:        343 [1] pc=[000000008000016c] W[r 0=0000000000000000][0] R[r10=0000000080000000] R[r 0=0000000000000000] inst=[00055c63] bgez    a0, pc + 24
C0:        368 [1] pc=[0000000080000184] W[r 5=0000000000000184][1] R[r 0=0000000000000000] R[r 0=0000000000000000] inst=[80000297] auipc   t0, 0x80000
C0:        369 [1] pc=[0000000080000188] W[r 5=0000000000000000][1] R[r 5=0000000000000184] R[r 0=0000000000000000] inst=[e7c28293] addi    t0, t0, -388
C0:        370 [1] pc=[000000008000018c] W[r 0=0000000000000000][0] R[r 5=0000000000000000] R[r 0=0000000000000000] inst=[00028a63] beqz    t0, pc + 20
C0:        374 [1] pc=[00000000800001a0] W[r 0=0000000a00000080][1] R[r 0=0000000000000000] R[r 0=0000000000000000] inst=[30005073] csrwi   unknown_300, 0
C0:        379 [1] pc=[00000000800001a4] W[r10=0000000000002000][1] R[r 0=0000000000000000] R[r 0=0000000000000000] inst=[00002537] lui     a0, 0x2
C0:        380 [1] pc=[00000000800001a8] W[r10=0000000000001800][1] R[r10=0000000000002000] R[r 0=0000000000000000] inst=[8005051b] addiw   a0, a0, -2048
C0:        381 [1] pc=[00000000800001ac] W[r 0=0000000a00000000][1] R[r10=0000000000001800] R[r 0=0000000000000000] inst=[30052073] csrs    unknown_300, a0
C0:        386 [1] pc=[00000000800001b0] W[r 5=00000000800001b0][1] R[r 0=0000000000000000] R[r 0=0000000000000000] inst=[00000297] auipc   t0, 0x0
C0:        387 [1] pc=[00000000800001b4] W[r 5=00000000800001c4][1] R[r 5=00000000800001b0] R[r 0=0000000000000000] inst=[01428293] addi    t0, t0, 20
C0:        388 [1] pc=[00000000800001b8] W[r 0=0000000080000000][1] R[r 5=00000000800001c4] R[r 0=0000000000000000] inst=[34129073] csrw    unknown_341, t0
C0:        389 [1] pc=[00000000800001bc] W[r10=0000000000000000][1] R[r 0=0000000000000000] R[r 0=0000000000000000] inst=[f1402573] csrr    a0, unknown_f14
C0:        411 [1] pc=[00000000800001c0] W[r 0=0000000000000000][0] R[r 0=0000000000000000] R[r 0=0000000000000000] inst=[30200073] mret
C0:        416 [1] pc=[00000000800001c4] W[r 8=00000000800021c4][1] R[r 0=0000000000000000] R[r 0=0000000000000000] inst=[00002417] auipc   s0, 0x2
C0:        417 [1] pc=[00000000800001c8] W[r 8=0000000080002000][1] R[r 8=00000000800021c4] R[r 0=0000000000000000] inst=[e3c40413] addi    s0, s0, -452
C0:        418 [1] pc=[00000000800001cc] W[r 9=0000000000000004][1] R[r 0=0000000000000000] R[r 0=0000000000000000] inst=[00400493] li      s1, 4
C0:        419 [1] pc=[00000000800001d0] W[r 3=0000000000000002][1] R[r 0=0000000000000000] R[r 0=0000000000000000] inst=[00200193] li      gp, 2
C0:        420 [1] pc=[00000000800001d4] W[r 7=00000000800001d4][1] R[r 0=0000000000000000] R[r 0=0000000000000000] inst=[00000397] auipc   t2, 0x0
C0:        421 [1] pc=[00000000800001d8] W[r 7=00000000800001f0][1] R[r 7=00000000800001d4] R[r 0=0000000000000000] inst=[01c38393] addi    t2, t2, 28
C0:        422 [1] pc=[00000000800001dc] W[r 6=0000000080002001][1] R[r 8=0000000080002000] R[r 0=0000000000000000] inst=[00140313] addi    t1, s0, 1
C0:        423 [0] pc=[00000000800001e0] W[r 6=0000000000000000][0] R[r 8=0000000080002000] R[r 0=0000000000000000] inst=[00141303] lh      t1, 1(s0)
C0:        428 [1] pc=[0000000080000004] W[r30=0000000000000004][1] R[r 0=0000000000000000] R[r 0=0000000000000000] inst=[34202f73] csrr    t5, unknown_342
C0:        429 [1] pc=[0000000080000008] W[r31=0000000000000008][1] R[r 0=0000000000000000] R[r 0=0000000000000000] inst=[00800f93] li      t6, 8
C0:        431 [1] pc=[000000008000000c] W[r 0=0000000000000000][0] R[r30=0000000000000004] R[r31=0000000000000008] inst=[07ff0663] beq     t5, t6, pc + 108
C0:        432 [1] pc=[0000000080000010] W[r31=0000000000000009][1] R[r 0=0000000000000000] R[r 0=0000000000000000] inst=[00900f93] li      t6, 9
C0:        433 [1] pc=[0000000080000014] W[r 0=0000000000000000][0] R[r30=0000000000000004] R[r31=0000000000000009] inst=[07ff0263] beq     t5, t6, pc + 100
C0:        434 [1] pc=[0000000080000018] W[r31=000000000000000b][1] R[r 0=0000000000000000] R[r 0=0000000000000000] inst=[00b00f93] li      t6, 11
C0:        435 [1] pc=[000000008000001c] W[r 0=0000000000000000][0] R[r30=0000000000000004] R[r31=000000000000000b] inst=[05ff0e63] beq     t5, t6, pc + 92
C0:        436 [1] pc=[0000000080000020] W[r30=0000000080000020][1] R[r 0=0000000000000000] R[r 0=0000000000000000] inst=[00000f17] auipc   t5, 0x0
C0:        437 [1] pc=[0000000080000024] W[r30=00000000800006d8][1] R[r30=0000000080000020] R[r 0=0000000000000000] inst=[6b8f0f13] addi    t5, t5, 1720
C0:        438 [1] pc=[0000000080000028] W[r 0=0000000000000000][0] R[r30=00000000800006d8] R[r 0=0000000000000000] inst=[000f0463] beqz    t5, pc + 8
C0:        439 [1] pc=[000000008000002c] W[r 0=0000000080000030][1] R[r30=00000000800006d8] R[r 0=0000000000000000] inst=[000f0067] jr      t5
C0:        464 [1] pc=[00000000800006d8] W[r 5=0000000000000004][1] R[r 0=0000000000000000] R[r 0=0000000000000000] inst=[342022f3] csrr    t0, unknown_342
C0:        467 [1] pc=[00000000800006dc] W[r 0=0000000000000000][0] R[r 5=0000000000000004] R[r 9=0000000000000004] inst=[fc9294e3] bne     t0, s1, pc - 56
C0:        468 [1] pc=[00000000800006e0] W[r 5=0000000080002001][1] R[r 0=0000000000000000] R[r 0=0000000000000000] inst=[343022f3] csrr    t0, unknown_343
C0:        471 [1] pc=[00000000800006e4] W[r 0=0000000000000000][0] R[r 5=0000000080002001] R[r 6=0000000080002001] inst=[fc6290e3] bne     t0, t1, pc - 64
C0:        488 [1] pc=[00000000800006e8] W[r 5=ffffffffffffffcc][1] R[r 5=0000000080002001] R[r 0=0000000000000000] inst=[00028283] lb      t0, 0(t0)
C0:        491 [1] pc=[00000000800006ec] W[r 0=0000000000000000][0] R[r 5=ffffffffffffffcc] R[r 0=0000000000000000] inst=[fa028ce3] beqz    t0, pc - 72
C0:        492 [1] pc=[00000000800006f0] W[r 0=00000000800001e0][1] R[r 7=00000000800001f0] R[r 0=0000000000000000] inst=[34139073] csrw    unknown_341, t2
C0:        493 [1] pc=[00000000800006f4] W[r 0=0000000000000000][0] R[r 0=0000000000000000] R[r 0=0000000000000000] inst=[30200073] mret
C0:        498 [1] pc=[00000000800001f0] W[r 3=0000000000000003][1] R[r 0=0000000000000000] R[r 0=0000000000000000] inst=[00300193] li      gp, 3
C0:        499 [1] pc=[00000000800001f4] W[r 7=00000000800001f4][1] R[r 0=0000000000000000] R[r 0=0000000000000000] inst=[00000397] auipc   t2, 0x0
C0:        500 [1] pc=[00000000800001f8] W[r 7=0000000080000210][1] R[r 7=00000000800001f4] R[r 0=0000000000000000] inst=[01c38393] addi    t2, t2, 28
C0:        501 [1] pc=[00000000800001fc] W[r 6=0000000080002001][1] R[r 8=0000000080002000] R[r 0=0000000000000000] inst=[00140313] addi    t1, s0, 1
C0:        523 [0] pc=[0000000080000200] W[r 6=0000000000000000][0] R[r 8=0000000080002000] R[r 0=0000000000000000] inst=[00145303] lhu     t1, 1(s0)
C0:        528 [1] pc=[0000000080000004] W[r30=0000000000000004][1] R[r 0=0000000000000000] R[r 0=0000000000000000] inst=[34202f73] csrr    t5, unknown_342
C0:        529 [1] pc=[0000000080000008] W[r31=0000000000000008][1] R[r 0=0000000000000000] R[r 0=0000000000000000] inst=[00800f93] li      t6, 8
C0:        531 [1] pc=[000000008000000c] W[r 0=0000000000000000][0] R[r30=0000000000000004] R[r31=0000000000000008] inst=[07ff0663] beq     t5, t6, pc + 108
C0:        532 [1] pc=[0000000080000010] W[r31=0000000000000009][1] R[r 0=0000000000000000] R[r 0=0000000000000000] inst=[00900f93] li      t6, 9
C0:        533 [1] pc=[0000000080000014] W[r 0=0000000000000000][0] R[r30=0000000000000004] R[r31=0000000000000009] inst=[07ff0263] beq     t5, t6, pc + 100
C0:        534 [1] pc=[0000000080000018] W[r31=000000000000000b][1] R[r 0=0000000000000000] R[r 0=0000000000000000] inst=[00b00f93] li      t6, 11
C0:        535 [1] pc=[000000008000001c] W[r 0=0000000000000000][0] R[r30=0000000000000004] R[r31=000000000000000b] inst=[05ff0e63] beq     t5, t6, pc + 92
C0:        536 [1] pc=[0000000080000020] W[r30=0000000080000020][1] R[r 0=0000000000000000] R[r 0=0000000000000000] inst=[00000f17] auipc   t5, 0x0
C0:        537 [1] pc=[0000000080000024] W[r30=00000000800006d8][1] R[r30=0000000080000020] R[r 0=0000000000000000] inst=[6b8f0f13] addi    t5, t5, 1720
C0:        538 [1] pc=[0000000080000028] W[r 0=0000000000000000][0] R[r30=00000000800006d8] R[r 0=0000000000000000] inst=[000f0463] beqz    t5, pc + 8
C0:        539 [1] pc=[000000008000002c] W[r 0=0000000080000030][1] R[r30=00000000800006d8] R[r 0=0000000000000000] inst=[000f0067] jr      t5
C0:        540 [1] pc=[00000000800006d8] W[r 5=0000000000000004][1] R[r 0=0000000000000000] R[r 0=0000000000000000] inst=[342022f3] csrr    t0, unknown_342
C0:        543 [1] pc=[00000000800006dc] W[r 0=0000000000000000][0] R[r 5=0000000000000004] R[r 9=0000000000000004] inst=[fc9294e3] bne     t0, s1, pc - 56
C0:        544 [1] pc=[00000000800006e0] W[r 5=0000000080002001][1] R[r 0=0000000000000000] R[r 0=0000000000000000] inst=[343022f3] csrr    t0, unknown_343
C0:        547 [1] pc=[00000000800006e4] W[r 0=0000000000000000][0] R[r 5=0000000080002001] R[r 6=0000000080002001] inst=[fc6290e3] bne     t0, t1, pc - 64
C0:        548 [1] pc=[00000000800006e8] W[r 5=ffffffffffffffcc][1] R[r 5=0000000080002001] R[r 0=0000000000000000] inst=[00028283] lb      t0, 0(t0)
C0:        551 [1] pc=[00000000800006ec] W[r 0=0000000000000000][0] R[r 5=ffffffffffffffcc] R[r 0=0000000000000000] inst=[fa028ce3] beqz    t0, pc - 72
C0:        552 [1] pc=[00000000800006f0] W[r 0=0000000080000200][1] R[r 7=0000000080000210] R[r 0=0000000000000000] inst=[34139073] csrw    unknown_341, t2
C0:        553 [1] pc=[00000000800006f4] W[r 0=0000000000000000][0] R[r 0=0000000000000000] R[r 0=0000000000000000] inst=[30200073] mret
C0:        558 [1] pc=[0000000080000210] W[r 3=0000000000000004][1] R[r 0=0000000000000000] R[r 0=0000000000000000] inst=[00400193] li      gp, 4
C0:        559 [1] pc=[0000000080000214] W[r 7=0000000080000214][1] R[r 0=0000000000000000] R[r 0=0000000000000000] inst=[00000397] auipc   t2, 0x0
C0:        560 [1] pc=[0000000080000218] W[r 7=0000000080000230][1] R[r 7=0000000080000214] R[r 0=0000000000000000] inst=[01c38393] addi    t2, t2, 28
C0:        561 [1] pc=[000000008000021c] W[r 6=0000000080002001][1] R[r 8=0000000080002000] R[r 0=0000000000000000] inst=[00140313] addi    t1, s0, 1
C0:        562 [0] pc=[0000000080000220] W[r 6=0000000000000000][0] R[r 8=0000000080002000] R[r 0=0000000000000000] inst=[00142303] lw      t1, 1(s0)
C0:        567 [1] pc=[0000000080000004] W[r30=0000000000000004][1] R[r 0=0000000000000000] R[r 0=0000000000000000] inst=[34202f73] csrr    t5, unknown_342
C0:        568 [1] pc=[0000000080000008] W[r31=0000000000000008][1] R[r 0=0000000000000000] R[r 0=0000000000000000] inst=[00800f93] li      t6, 8
C0:        570 [1] pc=[000000008000000c] W[r 0=0000000000000000][0] R[r30=0000000000000004] R[r31=0000000000000008] inst=[07ff0663] beq     t5, t6, pc + 108
C0:        571 [1] pc=[0000000080000010] W[r31=0000000000000009][1] R[r 0=0000000000000000] R[r 0=0000000000000000] inst=[00900f93] li      t6, 9
C0:        572 [1] pc=[0000000080000014] W[r 0=0000000000000000][0] R[r30=0000000000000004] R[r31=0000000000000009] inst=[07ff0263] beq     t5, t6, pc + 100
C0:        573 [1] pc=[0000000080000018] W[r31=000000000000000b][1] R[r 0=0000000000000000] R[r 0=0000000000000000] inst=[00b00f93] li      t6, 11
C0:        574 [1] pc=[000000008000001c] W[r 0=0000000000000000][0] R[r30=0000000000000004] R[r31=000000000000000b] inst=[05ff0e63] beq     t5, t6, pc + 92
C0:        575 [1] pc=[0000000080000020] W[r30=0000000080000020][1] R[r 0=0000000000000000] R[r 0=0000000000000000] inst=[00000f17] auipc   t5, 0x0
C0:        576 [1] pc=[0000000080000024] W[r30=00000000800006d8][1] R[r30=0000000080000020] R[r 0=0000000000000000] inst=[6b8f0f13] addi    t5, t5, 1720
C0:        577 [1] pc=[0000000080000028] W[r 0=0000000000000000][0] R[r30=00000000800006d8] R[r 0=0000000000000000] inst=[000f0463] beqz    t5, pc + 8
C0:        578 [1] pc=[000000008000002c] W[r 0=0000000080000030][1] R[r30=00000000800006d8] R[r 0=0000000000000000] inst=[000f0067] jr      t5
C0:        579 [1] pc=[00000000800006d8] W[r 5=0000000000000004][1] R[r 0=0000000000000000] R[r 0=0000000000000000] inst=[342022f3] csrr    t0, unknown_342
C0:        582 [1] pc=[00000000800006dc] W[r 0=0000000000000000][0] R[r 5=0000000000000004] R[r 9=0000000000000004] inst=[fc9294e3] bne     t0, s1, pc - 56
C0:        583 [1] pc=[00000000800006e0] W[r 5=0000000080002001][1] R[r 0=0000000000000000] R[r 0=0000000000000000] inst=[343022f3] csrr    t0, unknown_343
C0:        586 [1] pc=[00000000800006e4] W[r 0=0000000000000000][0] R[r 5=0000000080002001] R[r 6=0000000080002001] inst=[fc6290e3] bne     t0, t1, pc - 64
C0:        587 [1] pc=[00000000800006e8] W[r 5=ffffffffffffffcc][1] R[r 5=0000000080002001] R[r 0=0000000000000000] inst=[00028283] lb      t0, 0(t0)
C0:        590 [1] pc=[00000000800006ec] W[r 0=0000000000000000][0] R[r 5=ffffffffffffffcc] R[r 0=0000000000000000] inst=[fa028ce3] beqz    t0, pc - 72
C0:        591 [1] pc=[00000000800006f0] W[r 0=0000000080000220][1] R[r 7=0000000080000230] R[r 0=0000000000000000] inst=[34139073] csrw    unknown_341, t2
C0:        592 [1] pc=[00000000800006f4] W[r 0=0000000000000000][0] R[r 0=0000000000000000] R[r 0=0000000000000000] inst=[30200073] mret
C0:        597 [1] pc=[0000000080000230] W[r 3=0000000000000005][1] R[r 0=0000000000000000] R[r 0=0000000000000000] inst=[00500193] li      gp, 5
C0:        598 [1] pc=[0000000080000234] W[r 7=0000000080000234][1] R[r 0=0000000000000000] R[r 0=0000000000000000] inst=[00000397] auipc   t2, 0x0
C0:        599 [1] pc=[0000000080000238] W[r 7=0000000080000250][1] R[r 7=0000000080000234] R[r 0=0000000000000000] inst=[01c38393] addi    t2, t2, 28
C0:        600 [1] pc=[000000008000023c] W[r 6=0000000080002002][1] R[r 8=0000000080002000] R[r 0=0000000000000000] inst=[00240313] addi    t1, s0, 2
C0:        622 [0] pc=[0000000080000240] W[r 6=0000000000000000][0] R[r 8=0000000080002000] R[r 0=0000000000000000] inst=[00242303] lw      t1, 2(s0)
C0:        627 [1] pc=[0000000080000004] W[r30=0000000000000004][1] R[r 0=0000000000000000] R[r 0=0000000000000000] inst=[34202f73] csrr    t5, unknown_342
C0:        628 [1] pc=[0000000080000008] W[r31=0000000000000008][1] R[r 0=0000000000000000] R[r 0=0000000000000000] inst=[00800f93] li      t6, 8
C0:        630 [1] pc=[000000008000000c] W[r 0=0000000000000000][0] R[r30=0000000000000004] R[r31=0000000000000008] inst=[07ff0663] beq     t5, t6, pc + 108
C0:        631 [1] pc=[0000000080000010] W[r31=0000000000000009][1] R[r 0=0000000000000000] R[r 0=0000000000000000] inst=[00900f93] li      t6, 9
C0:        632 [1] pc=[0000000080000014] W[r 0=0000000000000000][0] R[r30=0000000000000004] R[r31=0000000000000009] inst=[07ff0263] beq     t5, t6, pc + 100
C0:        633 [1] pc=[0000000080000018] W[r31=000000000000000b][1] R[r 0=0000000000000000] R[r 0=0000000000000000] inst=[00b00f93] li      t6, 11
C0:        634 [1] pc=[000000008000001c] W[r 0=0000000000000000][0] R[r30=0000000000000004] R[r31=000000000000000b] inst=[05ff0e63] beq     t5, t6, pc + 92
C0:        635 [1] pc=[0000000080000020] W[r30=0000000080000020][1] R[r 0=0000000000000000] R[r 0=0000000000000000] inst=[00000f17] auipc   t5, 0x0
C0:        636 [1] pc=[0000000080000024] W[r30=00000000800006d8][1] R[r30=0000000080000020] R[r 0=0000000000000000] inst=[6b8f0f13] addi    t5, t5, 1720
C0:        637 [1] pc=[0000000080000028] W[r 0=0000000000000000][0] R[r30=00000000800006d8] R[r 0=0000000000000000] inst=[000f0463] beqz    t5, pc + 8
C0:        638 [1] pc=[000000008000002c] W[r 0=0000000080000030][1] R[r30=00000000800006d8] R[r 0=0000000000000000] inst=[000f0067] jr      t5
C0:        639 [1] pc=[00000000800006d8] W[r 5=0000000000000004][1] R[r 0=0000000000000000] R[r 0=0000000000000000] inst=[342022f3] csrr    t0, unknown_342
C0:        642 [1] pc=[00000000800006dc] W[r 0=0000000000000000][0] R[r 5=0000000000000004] R[r 9=0000000000000004] inst=[fc9294e3] bne     t0, s1, pc - 56
C0:        643 [1] pc=[00000000800006e0] W[r 5=0000000080002002][1] R[r 0=0000000000000000] R[r 0=0000000000000000] inst=[343022f3] csrr    t0, unknown_343
C0:        646 [1] pc=[00000000800006e4] W[r 0=0000000000000000][0] R[r 5=0000000080002002] R[r 6=0000000080002002] inst=[fc6290e3] bne     t0, t1, pc - 64
C0:        647 [1] pc=[00000000800006e8] W[r 5=ffffffffffffffbb][1] R[r 5=0000000080002002] R[r 0=0000000000000000] inst=[00028283] lb      t0, 0(t0)
C0:        650 [1] pc=[00000000800006ec] W[r 0=0000000000000000][0] R[r 5=ffffffffffffffbb] R[r 0=0000000000000000] inst=[fa028ce3] beqz    t0, pc - 72
C0:        651 [1] pc=[00000000800006f0] W[r 0=0000000080000240][1] R[r 7=0000000080000250] R[r 0=0000000000000000] inst=[34139073] csrw    unknown_341, t2
C0:        652 [1] pc=[00000000800006f4] W[r 0=0000000000000000][0] R[r 0=0000000000000000] R[r 0=0000000000000000] inst=[30200073] mret
C0:        657 [1] pc=[0000000080000250] W[r 3=0000000000000006][1] R[r 0=0000000000000000] R[r 0=0000000000000000] inst=[00600193] li      gp, 6
C0:        658 [1] pc=[0000000080000254] W[r 7=0000000080000254][1] R[r 0=0000000000000000] R[r 0=0000000000000000] inst=[00000397] auipc   t2, 0x0
C0:        659 [1] pc=[0000000080000258] W[r 7=0000000080000270][1] R[r 7=0000000080000254] R[r 0=0000000000000000] inst=[01c38393] addi    t2, t2, 28
C0:        660 [1] pc=[000000008000025c] W[r 6=0000000080002003][1] R[r 8=0000000080002000] R[r 0=0000000000000000] inst=[00340313] addi    t1, s0, 3
C0:        661 [0] pc=[0000000080000260] W[r 6=0000000000000000][0] R[r 8=0000000080002000] R[r 0=0000000000000000] inst=[00342303] lw      t1, 3(s0)
C0:        666 [1] pc=[0000000080000004] W[r30=0000000000000004][1] R[r 0=0000000000000000] R[r 0=0000000000000000] inst=[34202f73] csrr    t5, unknown_342
C0:        667 [1] pc=[0000000080000008] W[r31=0000000000000008][1] R[r 0=0000000000000000] R[r 0=0000000000000000] inst=[00800f93] li      t6, 8
C0:        669 [1] pc=[000000008000000c] W[r 0=0000000000000000][0] R[r30=0000000000000004] R[r31=0000000000000008] inst=[07ff0663] beq     t5, t6, pc + 108
C0:        670 [1] pc=[0000000080000010] W[r31=0000000000000009][1] R[r 0=0000000000000000] R[r 0=0000000000000000] inst=[00900f93] li      t6, 9
C0:        671 [1] pc=[0000000080000014] W[r 0=0000000000000000][0] R[r30=0000000000000004] R[r31=0000000000000009] inst=[07ff0263] beq     t5, t6, pc + 100
C0:        672 [1] pc=[0000000080000018] W[r31=000000000000000b][1] R[r 0=0000000000000000] R[r 0=0000000000000000] inst=[00b00f93] li      t6, 11
C0:        673 [1] pc=[000000008000001c] W[r 0=0000000000000000][0] R[r30=0000000000000004] R[r31=000000000000000b] inst=[05ff0e63] beq     t5, t6, pc + 92
C0:        674 [1] pc=[0000000080000020] W[r30=0000000080000020][1] R[r 0=0000000000000000] R[r 0=0000000000000000] inst=[00000f17] auipc   t5, 0x0
C0:        675 [1] pc=[0000000080000024] W[r30=00000000800006d8][1] R[r30=0000000080000020] R[r 0=0000000000000000] inst=[6b8f0f13] addi    t5, t5, 1720
C0:        676 [1] pc=[0000000080000028] W[r 0=0000000000000000][0] R[r30=00000000800006d8] R[r 0=0000000000000000] inst=[000f0463] beqz    t5, pc + 8
C0:        677 [1] pc=[000000008000002c] W[r 0=0000000080000030][1] R[r30=00000000800006d8] R[r 0=0000000000000000] inst=[000f0067] jr      t5
C0:        678 [1] pc=[00000000800006d8] W[r 5=0000000000000004][1] R[r 0=0000000000000000] R[r 0=0000000000000000] inst=[342022f3] csrr    t0, unknown_342
C0:        681 [1] pc=[00000000800006dc] W[r 0=0000000000000000][0] R[r 5=0000000000000004] R[r 9=0000000000000004] inst=[fc9294e3] bne     t0, s1, pc - 56
C0:        682 [1] pc=[00000000800006e0] W[r 5=0000000080002003][1] R[r 0=0000000000000000] R[r 0=0000000000000000] inst=[343022f3] csrr    t0, unknown_343
C0:        685 [1] pc=[00000000800006e4] W[r 0=0000000000000000][0] R[r 5=0000000080002003] R[r 6=0000000080002003] inst=[fc6290e3] bne     t0, t1, pc - 64
C0:        686 [1] pc=[00000000800006e8] W[r 5=ffffffffffffffaa][1] R[r 5=0000000080002003] R[r 0=0000000000000000] inst=[00028283] lb      t0, 0(t0)
C0:        689 [1] pc=[00000000800006ec] W[r 0=0000000000000000][0] R[r 5=ffffffffffffffaa] R[r 0=0000000000000000] inst=[fa028ce3] beqz    t0, pc - 72
C0:        690 [1] pc=[00000000800006f0] W[r 0=0000000080000260][1] R[r 7=0000000080000270] R[r 0=0000000000000000] inst=[34139073] csrw    unknown_341, t2
C0:        691 [1] pc=[00000000800006f4] W[r 0=0000000000000000][0] R[r 0=0000000000000000] R[r 0=0000000000000000] inst=[30200073] mret
C0:        696 [1] pc=[0000000080000270] W[r 3=0000000000000007][1] R[r 0=0000000000000000] R[r 0=0000000000000000] inst=[00700193] li      gp, 7
C0:        697 [1] pc=[0000000080000274] W[r 7=0000000080000274][1] R[r 0=0000000000000000] R[r 0=0000000000000000] inst=[00000397] auipc   t2, 0x0
C0:        698 [1] pc=[0000000080000278] W[r 7=0000000080000298][1] R[r 7=0000000080000274] R[r 0=0000000000000000] inst=[02438393] addi    t2, t2, 36
C0:        699 [1] pc=[000000008000027c] W[r 6=0000000080002001][1] R[r 8=0000000080002000] R[r 0=0000000000000000] inst=[00140313] addi    t1, s0, 1
C0:        721 [0] pc=[0000000080000280] W[r 6=0000000000000000][0] R[r 8=0000000080002000] R[r 0=0000000000000000] inst=[00146303] lwu     t1, 1(s0)
C0:        726 [1] pc=[0000000080000004] W[r30=0000000000000004][1] R[r 0=0000000000000000] R[r 0=0000000000000000] inst=[34202f73] csrr    t5, unknown_342
C0:        727 [1] pc=[0000000080000008] W[r31=0000000000000008][1] R[r 0=0000000000000000] R[r 0=0000000000000000] inst=[00800f93] li      t6, 8
C0:        729 [1] pc=[000000008000000c] W[r 0=0000000000000000][0] R[r30=0000000000000004] R[r31=0000000000000008] inst=[07ff0663] beq     t5, t6, pc + 108
C0:        730 [1] pc=[0000000080000010] W[r31=0000000000000009][1] R[r 0=0000000000000000] R[r 0=0000000000000000] inst=[00900f93] li      t6, 9
C0:        731 [1] pc=[0000000080000014] W[r 0=0000000000000000][0] R[r30=0000000000000004] R[r31=0000000000000009] inst=[07ff0263] beq     t5, t6, pc + 100
C0:        732 [1] pc=[0000000080000018] W[r31=000000000000000b][1] R[r 0=0000000000000000] R[r 0=0000000000000000] inst=[00b00f93] li      t6, 11
C0:        733 [1] pc=[000000008000001c] W[r 0=0000000000000000][0] R[r30=0000000000000004] R[r31=000000000000000b] inst=[05ff0e63] beq     t5, t6, pc + 92
C0:        734 [1] pc=[0000000080000020] W[r30=0000000080000020][1] R[r 0=0000000000000000] R[r 0=0000000000000000] inst=[00000f17] auipc   t5, 0x0
C0:        735 [1] pc=[0000000080000024] W[r30=00000000800006d8][1] R[r30=0000000080000020] R[r 0=0000000000000000] inst=[6b8f0f13] addi    t5, t5, 1720
C0:        736 [1] pc=[0000000080000028] W[r 0=0000000000000000][0] R[r30=00000000800006d8] R[r 0=0000000000000000] inst=[000f0463] beqz    t5, pc + 8
C0:        737 [1] pc=[000000008000002c] W[r 0=0000000080000030][1] R[r30=00000000800006d8] R[r 0=0000000000000000] inst=[000f0067] jr      t5
C0:        738 [1] pc=[00000000800006d8] W[r 5=0000000000000004][1] R[r 0=0000000000000000] R[r 0=0000000000000000] inst=[342022f3] csrr    t0, unknown_342
C0:        741 [1] pc=[00000000800006dc] W[r 0=0000000000000000][0] R[r 5=0000000000000004] R[r 9=0000000000000004] inst=[fc9294e3] bne     t0, s1, pc - 56
C0:        742 [1] pc=[00000000800006e0] W[r 5=0000000080002001][1] R[r 0=0000000000000000] R[r 0=0000000000000000] inst=[343022f3] csrr    t0, unknown_343
C0:        745 [1] pc=[00000000800006e4] W[r 0=0000000000000000][0] R[r 5=0000000080002001] R[r 6=0000000080002001] inst=[fc6290e3] bne     t0, t1, pc - 64
C0:        746 [1] pc=[00000000800006e8] W[r 5=ffffffffffffffcc][1] R[r 5=0000000080002001] R[r 0=0000000000000000] inst=[00028283] lb      t0, 0(t0)
C0:        749 [1] pc=[00000000800006ec] W[r 0=0000000000000000][0] R[r 5=ffffffffffffffcc] R[r 0=0000000000000000] inst=[fa028ce3] beqz    t0, pc - 72
C0:        750 [1] pc=[00000000800006f0] W[r 0=0000000080000280][1] R[r 7=0000000080000298] R[r 0=0000000000000000] inst=[34139073] csrw    unknown_341, t2
C0:        751 [1] pc=[00000000800006f4] W[r 0=0000000000000000][0] R[r 0=0000000000000000] R[r 0=0000000000000000] inst=[30200073] mret
C0:        756 [1] pc=[0000000080000298] W[r 3=0000000000000008][1] R[r 0=0000000000000000] R[r 0=0000000000000000] inst=[00800193] li      gp, 8
C0:        757 [1] pc=[000000008000029c] W[r 7=000000008000029c][1] R[r 0=0000000000000000] R[r 0=0000000000000000] inst=[00000397] auipc   t2, 0x0
C0:        758 [1] pc=[00000000800002a0] W[r 7=00000000800002c0][1] R[r 7=000000008000029c] R[r 0=0000000000000000] inst=[02438393] addi    t2, t2, 36
C0:        759 [1] pc=[00000000800002a4] W[r 6=0000000080002002][1] R[r 8=0000000080002000] R[r 0=0000000000000000] inst=[00240313] addi    t1, s0, 2
C0:        760 [0] pc=[00000000800002a8] W[r 6=0000000000000000][0] R[r 8=0000000080002000] R[r 0=0000000000000000] inst=[00246303] lwu     t1, 2(s0)
C0:        765 [1] pc=[0000000080000004] W[r30=0000000000000004][1] R[r 0=0000000000000000] R[r 0=0000000000000000] inst=[34202f73] csrr    t5, unknown_342
C0:        766 [1] pc=[0000000080000008] W[r31=0000000000000008][1] R[r 0=0000000000000000] R[r 0=0000000000000000] inst=[00800f93] li      t6, 8
C0:        768 [1] pc=[000000008000000c] W[r 0=0000000000000000][0] R[r30=0000000000000004] R[r31=0000000000000008] inst=[07ff0663] beq     t5, t6, pc + 108
C0:        769 [1] pc=[0000000080000010] W[r31=0000000000000009][1] R[r 0=0000000000000000] R[r 0=0000000000000000] inst=[00900f93] li      t6, 9
C0:        770 [1] pc=[0000000080000014] W[r 0=0000000000000000][0] R[r30=0000000000000004] R[r31=0000000000000009] inst=[07ff0263] beq     t5, t6, pc + 100
C0:        771 [1] pc=[0000000080000018] W[r31=000000000000000b][1] R[r 0=0000000000000000] R[r 0=0000000000000000] inst=[00b00f93] li      t6, 11
C0:        772 [1] pc=[000000008000001c] W[r 0=0000000000000000][0] R[r30=0000000000000004] R[r31=000000000000000b] inst=[05ff0e63] beq     t5, t6, pc + 92
C0:        773 [1] pc=[0000000080000020] W[r30=0000000080000020][1] R[r 0=0000000000000000] R[r 0=0000000000000000] inst=[00000f17] auipc   t5, 0x0
C0:        774 [1] pc=[0000000080000024] W[r30=00000000800006d8][1] R[r30=0000000080000020] R[r 0=0000000000000000] inst=[6b8f0f13] addi    t5, t5, 1720
C0:        775 [1] pc=[0000000080000028] W[r 0=0000000000000000][0] R[r30=00000000800006d8] R[r 0=0000000000000000] inst=[000f0463] beqz    t5, pc + 8
C0:        776 [1] pc=[000000008000002c] W[r 0=0000000080000030][1] R[r30=00000000800006d8] R[r 0=0000000000000000] inst=[000f0067] jr      t5
C0:        777 [1] pc=[00000000800006d8] W[r 5=0000000000000004][1] R[r 0=0000000000000000] R[r 0=0000000000000000] inst=[342022f3] csrr    t0, unknown_342
C0:        780 [1] pc=[00000000800006dc] W[r 0=0000000000000000][0] R[r 5=0000000000000004] R[r 9=0000000000000004] inst=[fc9294e3] bne     t0, s1, pc - 56
C0:        781 [1] pc=[00000000800006e0] W[r 5=0000000080002002][1] R[r 0=0000000000000000] R[r 0=0000000000000000] inst=[343022f3] csrr    t0, unknown_343
C0:        784 [1] pc=[00000000800006e4] W[r 0=0000000000000000][0] R[r 5=0000000080002002] R[r 6=0000000080002002] inst=[fc6290e3] bne     t0, t1, pc - 64
C0:        785 [1] pc=[00000000800006e8] W[r 5=ffffffffffffffbb][1] R[r 5=0000000080002002] R[r 0=0000000000000000] inst=[00028283] lb      t0, 0(t0)
C0:        788 [1] pc=[00000000800006ec] W[r 0=0000000000000000][0] R[r 5=ffffffffffffffbb] R[r 0=0000000000000000] inst=[fa028ce3] beqz    t0, pc - 72
C0:        789 [1] pc=[00000000800006f0] W[r 0=00000000800002a8][1] R[r 7=00000000800002c0] R[r 0=0000000000000000] inst=[34139073] csrw    unknown_341, t2
C0:        790 [1] pc=[00000000800006f4] W[r 0=0000000000000000][0] R[r 0=0000000000000000] R[r 0=0000000000000000] inst=[30200073] mret
C0:        811 [1] pc=[00000000800002c0] W[r 3=0000000000000009][1] R[r 0=0000000000000000] R[r 0=0000000000000000] inst=[00900193] li      gp, 9
C0:        812 [1] pc=[00000000800002c4] W[r 7=00000000800002c4][1] R[r 0=0000000000000000] R[r 0=0000000000000000] inst=[00000397] auipc   t2, 0x0
C0:        813 [1] pc=[00000000800002c8] W[r 7=00000000800002e0][1] R[r 7=00000000800002c4] R[r 0=0000000000000000] inst=[01c38393] addi    t2, t2, 28
C0:        814 [1] pc=[00000000800002cc] W[r 6=0000000080002003][1] R[r 8=0000000080002000] R[r 0=0000000000000000] inst=[00340313] addi    t1, s0, 3
C0:        815 [0] pc=[00000000800002d0] W[r 6=0000000000000000][0] R[r 8=0000000080002000] R[r 0=0000000000000000] inst=[00346303] lwu     t1, 3(s0)
C0:        820 [1] pc=[0000000080000004] W[r30=0000000000000004][1] R[r 0=0000000000000000] R[r 0=0000000000000000] inst=[34202f73] csrr    t5, unknown_342
C0:        821 [1] pc=[0000000080000008] W[r31=0000000000000008][1] R[r 0=0000000000000000] R[r 0=0000000000000000] inst=[00800f93] li      t6, 8
C0:        823 [1] pc=[000000008000000c] W[r 0=0000000000000000][0] R[r30=0000000000000004] R[r31=0000000000000008] inst=[07ff0663] beq     t5, t6, pc + 108
C0:        824 [1] pc=[0000000080000010] W[r31=0000000000000009][1] R[r 0=0000000000000000] R[r 0=0000000000000000] inst=[00900f93] li      t6, 9
C0:        825 [1] pc=[0000000080000014] W[r 0=0000000000000000][0] R[r30=0000000000000004] R[r31=0000000000000009] inst=[07ff0263] beq     t5, t6, pc + 100
C0:        826 [1] pc=[0000000080000018] W[r31=000000000000000b][1] R[r 0=0000000000000000] R[r 0=0000000000000000] inst=[00b00f93] li      t6, 11
C0:        827 [1] pc=[000000008000001c] W[r 0=0000000000000000][0] R[r30=0000000000000004] R[r31=000000000000000b] inst=[05ff0e63] beq     t5, t6, pc + 92
C0:        828 [1] pc=[0000000080000020] W[r30=0000000080000020][1] R[r 0=0000000000000000] R[r 0=0000000000000000] inst=[00000f17] auipc   t5, 0x0
C0:        829 [1] pc=[0000000080000024] W[r30=00000000800006d8][1] R[r30=0000000080000020] R[r 0=0000000000000000] inst=[6b8f0f13] addi    t5, t5, 1720
C0:        830 [1] pc=[0000000080000028] W[r 0=0000000000000000][0] R[r30=00000000800006d8] R[r 0=0000000000000000] inst=[000f0463] beqz    t5, pc + 8
C0:        831 [1] pc=[000000008000002c] W[r 0=0000000080000030][1] R[r30=00000000800006d8] R[r 0=0000000000000000] inst=[000f0067] jr      t5
C0:        832 [1] pc=[00000000800006d8] W[r 5=0000000000000004][1] R[r 0=0000000000000000] R[r 0=0000000000000000] inst=[342022f3] csrr    t0, unknown_342
C0:        835 [1] pc=[00000000800006dc] W[r 0=0000000000000000][0] R[r 5=0000000000000004] R[r 9=0000000000000004] inst=[fc9294e3] bne     t0, s1, pc - 56
C0:        836 [1] pc=[00000000800006e0] W[r 5=0000000080002003][1] R[r 0=0000000000000000] R[r 0=0000000000000000] inst=[343022f3] csrr    t0, unknown_343
C0:        839 [1] pc=[00000000800006e4] W[r 0=0000000000000000][0] R[r 5=0000000080002003] R[r 6=0000000080002003] inst=[fc6290e3] bne     t0, t1, pc - 64
C0:        840 [1] pc=[00000000800006e8] W[r 5=ffffffffffffffaa][1] R[r 5=0000000080002003] R[r 0=0000000000000000] inst=[00028283] lb      t0, 0(t0)
C0:        843 [1] pc=[00000000800006ec] W[r 0=0000000000000000][0] R[r 5=ffffffffffffffaa] R[r 0=0000000000000000] inst=[fa028ce3] beqz    t0, pc - 72
C0:        844 [1] pc=[00000000800006f0] W[r 0=00000000800002d0][1] R[r 7=00000000800002e0] R[r 0=0000000000000000] inst=[34139073] csrw    unknown_341, t2
C0:        845 [1] pc=[00000000800006f4] W[r 0=0000000000000000][0] R[r 0=0000000000000000] R[r 0=0000000000000000] inst=[30200073] mret
C0:        850 [1] pc=[00000000800002e0] W[r 3=000000000000000a][1] R[r 0=0000000000000000] R[r 0=0000000000000000] inst=[00a00193] li      gp, 10
C0:        851 [1] pc=[00000000800002e4] W[r 7=00000000800002e4][1] R[r 0=0000000000000000] R[r 0=0000000000000000] inst=[00000397] auipc   t2, 0x0
C0:        852 [1] pc=[00000000800002e8] W[r 7=0000000080000318][1] R[r 7=00000000800002e4] R[r 0=0000000000000000] inst=[03438393] addi    t2, t2, 52
C0:        853 [1] pc=[00000000800002ec] W[r 6=0000000080002001][1] R[r 8=0000000080002000] R[r 0=0000000000000000] inst=[00140313] addi    t1, s0, 1
C0:        854 [0] pc=[00000000800002f0] W[r 6=0000000000000000][0] R[r 8=0000000080002000] R[r 0=0000000000000000] inst=[00143303] ld      t1, 1(s0)
C0:        859 [1] pc=[0000000080000004] W[r30=0000000000000004][1] R[r 0=0000000000000000] R[r 0=0000000000000000] inst=[34202f73] csrr    t5, unknown_342
C0:        860 [1] pc=[0000000080000008] W[r31=0000000000000008][1] R[r 0=0000000000000000] R[r 0=0000000000000000] inst=[00800f93] li      t6, 8
C0:        862 [1] pc=[000000008000000c] W[r 0=0000000000000000][0] R[r30=0000000000000004] R[r31=0000000000000008] inst=[07ff0663] beq     t5, t6, pc + 108
C0:        863 [1] pc=[0000000080000010] W[r31=0000000000000009][1] R[r 0=0000000000000000] R[r 0=0000000000000000] inst=[00900f93] li      t6, 9
C0:        864 [1] pc=[0000000080000014] W[r 0=0000000000000000][0] R[r30=0000000000000004] R[r31=0000000000000009] inst=[07ff0263] beq     t5, t6, pc + 100
C0:        865 [1] pc=[0000000080000018] W[r31=000000000000000b][1] R[r 0=0000000000000000] R[r 0=0000000000000000] inst=[00b00f93] li      t6, 11
C0:        866 [1] pc=[000000008000001c] W[r 0=0000000000000000][0] R[r30=0000000000000004] R[r31=000000000000000b] inst=[05ff0e63] beq     t5, t6, pc + 92
C0:        867 [1] pc=[0000000080000020] W[r30=0000000080000020][1] R[r 0=0000000000000000] R[r 0=0000000000000000] inst=[00000f17] auipc   t5, 0x0
C0:        868 [1] pc=[0000000080000024] W[r30=00000000800006d8][1] R[r30=0000000080000020] R[r 0=0000000000000000] inst=[6b8f0f13] addi    t5, t5, 1720
C0:        869 [1] pc=[0000000080000028] W[r 0=0000000000000000][0] R[r30=00000000800006d8] R[r 0=0000000000000000] inst=[000f0463] beqz    t5, pc + 8
C0:        870 [1] pc=[000000008000002c] W[r 0=0000000080000030][1] R[r30=00000000800006d8] R[r 0=0000000000000000] inst=[000f0067] jr      t5
C0:        871 [1] pc=[00000000800006d8] W[r 5=0000000000000004][1] R[r 0=0000000000000000] R[r 0=0000000000000000] inst=[342022f3] csrr    t0, unknown_342
C0:        874 [1] pc=[00000000800006dc] W[r 0=0000000000000000][0] R[r 5=0000000000000004] R[r 9=0000000000000004] inst=[fc9294e3] bne     t0, s1, pc - 56
C0:        875 [1] pc=[00000000800006e0] W[r 5=0000000080002001][1] R[r 0=0000000000000000] R[r 0=0000000000000000] inst=[343022f3] csrr    t0, unknown_343
C0:        878 [1] pc=[00000000800006e4] W[r 0=0000000000000000][0] R[r 5=0000000080002001] R[r 6=0000000080002001] inst=[fc6290e3] bne     t0, t1, pc - 64
C0:        879 [1] pc=[00000000800006e8] W[r 5=ffffffffffffffcc][1] R[r 5=0000000080002001] R[r 0=0000000000000000] inst=[00028283] lb      t0, 0(t0)
C0:        882 [1] pc=[00000000800006ec] W[r 0=0000000000000000][0] R[r 5=ffffffffffffffcc] R[r 0=0000000000000000] inst=[fa028ce3] beqz    t0, pc - 72
C0:        883 [1] pc=[00000000800006f0] W[r 0=00000000800002f0][1] R[r 7=0000000080000318] R[r 0=0000000000000000] inst=[34139073] csrw    unknown_341, t2
C0:        884 [1] pc=[00000000800006f4] W[r 0=0000000000000000][0] R[r 0=0000000000000000] R[r 0=0000000000000000] inst=[30200073] mret
C0:        905 [1] pc=[0000000080000318] W[r 3=000000000000000b][1] R[r 0=0000000000000000] R[r 0=0000000000000000] inst=[00b00193] li      gp, 11
C0:        906 [1] pc=[000000008000031c] W[r 7=000000008000031c][1] R[r 0=0000000000000000] R[r 0=0000000000000000] inst=[00000397] auipc   t2, 0x0
C0:        907 [1] pc=[0000000080000320] W[r 7=0000000080000350][1] R[r 7=000000008000031c] R[r 0=0000000000000000] inst=[03438393] addi    t2, t2, 52
C0:        908 [1] pc=[0000000080000324] W[r 6=0000000080002002][1] R[r 8=0000000080002000] R[r 0=0000000000000000] inst=[00240313] addi    t1, s0, 2
C0:        909 [0] pc=[0000000080000328] W[r 6=0000000000000000][0] R[r 8=0000000080002000] R[r 0=0000000000000000] inst=[00243303] ld      t1, 2(s0)
C0:        914 [1] pc=[0000000080000004] W[r30=0000000000000004][1] R[r 0=0000000000000000] R[r 0=0000000000000000] inst=[34202f73] csrr    t5, unknown_342
C0:        915 [1] pc=[0000000080000008] W[r31=0000000000000008][1] R[r 0=0000000000000000] R[r 0=0000000000000000] inst=[00800f93] li      t6, 8
C0:        917 [1] pc=[000000008000000c] W[r 0=0000000000000000][0] R[r30=0000000000000004] R[r31=0000000000000008] inst=[07ff0663] beq     t5, t6, pc + 108
C0:        918 [1] pc=[0000000080000010] W[r31=0000000000000009][1] R[r 0=0000000000000000] R[r 0=0000000000000000] inst=[00900f93] li      t6, 9
C0:        919 [1] pc=[0000000080000014] W[r 0=0000000000000000][0] R[r30=0000000000000004] R[r31=0000000000000009] inst=[07ff0263] beq     t5, t6, pc + 100
C0:        920 [1] pc=[0000000080000018] W[r31=000000000000000b][1] R[r 0=0000000000000000] R[r 0=0000000000000000] inst=[00b00f93] li      t6, 11
C0:        921 [1] pc=[000000008000001c] W[r 0=0000000000000000][0] R[r30=0000000000000004] R[r31=000000000000000b] inst=[05ff0e63] beq     t5, t6, pc + 92
C0:        922 [1] pc=[0000000080000020] W[r30=0000000080000020][1] R[r 0=0000000000000000] R[r 0=0000000000000000] inst=[00000f17] auipc   t5, 0x0
C0:        923 [1] pc=[0000000080000024] W[r30=00000000800006d8][1] R[r30=0000000080000020] R[r 0=0000000000000000] inst=[6b8f0f13] addi    t5, t5, 1720
C0:        924 [1] pc=[0000000080000028] W[r 0=0000000000000000][0] R[r30=00000000800006d8] R[r 0=0000000000000000] inst=[000f0463] beqz    t5, pc + 8
C0:        925 [1] pc=[000000008000002c] W[r 0=0000000080000030][1] R[r30=00000000800006d8] R[r 0=0000000000000000] inst=[000f0067] jr      t5
C0:        926 [1] pc=[00000000800006d8] W[r 5=0000000000000004][1] R[r 0=0000000000000000] R[r 0=0000000000000000] inst=[342022f3] csrr    t0, unknown_342
C0:        929 [1] pc=[00000000800006dc] W[r 0=0000000000000000][0] R[r 5=0000000000000004] R[r 9=0000000000000004] inst=[fc9294e3] bne     t0, s1, pc - 56
C0:        930 [1] pc=[00000000800006e0] W[r 5=0000000080002002][1] R[r 0=0000000000000000] R[r 0=0000000000000000] inst=[343022f3] csrr    t0, unknown_343
C0:        933 [1] pc=[00000000800006e4] W[r 0=0000000000000000][0] R[r 5=0000000080002002] R[r 6=0000000080002002] inst=[fc6290e3] bne     t0, t1, pc - 64
C0:        934 [1] pc=[00000000800006e8] W[r 5=ffffffffffffffbb][1] R[r 5=0000000080002002] R[r 0=0000000000000000] inst=[00028283] lb      t0, 0(t0)
C0:        937 [1] pc=[00000000800006ec] W[r 0=0000000000000000][0] R[r 5=ffffffffffffffbb] R[r 0=0000000000000000] inst=[fa028ce3] beqz    t0, pc - 72
C0:        938 [1] pc=[00000000800006f0] W[r 0=0000000080000328][1] R[r 7=0000000080000350] R[r 0=0000000000000000] inst=[34139073] csrw    unknown_341, t2
C0:        939 [1] pc=[00000000800006f4] W[r 0=0000000000000000][0] R[r 0=0000000000000000] R[r 0=0000000000000000] inst=[30200073] mret
C0:        960 [1] pc=[0000000080000350] W[r 3=000000000000000c][1] R[r 0=0000000000000000] R[r 0=0000000000000000] inst=[00c00193] li      gp, 12
C0:        961 [1] pc=[0000000080000354] W[r 7=0000000080000354][1] R[r 0=0000000000000000] R[r 0=0000000000000000] inst=[00000397] auipc   t2, 0x0
C0:        962 [1] pc=[0000000080000358] W[r 7=0000000080000388][1] R[r 7=0000000080000354] R[r 0=0000000000000000] inst=[03438393] addi    t2, t2, 52
C0:        963 [1] pc=[000000008000035c] W[r 6=0000000080002003][1] R[r 8=0000000080002000] R[r 0=0000000000000000] inst=[00340313] addi    t1, s0, 3
C0:        964 [0] pc=[0000000080000360] W[r 6=0000000000000000][0] R[r 8=0000000080002000] R[r 0=0000000000000000] inst=[00343303] ld      t1, 3(s0)
C0:        969 [1] pc=[0000000080000004] W[r30=0000000000000004][1] R[r 0=0000000000000000] R[r 0=0000000000000000] inst=[34202f73] csrr    t5, unknown_342
C0:        970 [1] pc=[0000000080000008] W[r31=0000000000000008][1] R[r 0=0000000000000000] R[r 0=0000000000000000] inst=[00800f93] li      t6, 8
C0:        972 [1] pc=[000000008000000c] W[r 0=0000000000000000][0] R[r30=0000000000000004] R[r31=0000000000000008] inst=[07ff0663] beq     t5, t6, pc + 108
C0:        973 [1] pc=[0000000080000010] W[r31=0000000000000009][1] R[r 0=0000000000000000] R[r 0=0000000000000000] inst=[00900f93] li      t6, 9
C0:        974 [1] pc=[0000000080000014] W[r 0=0000000000000000][0] R[r30=0000000000000004] R[r31=0000000000000009] inst=[07ff0263] beq     t5, t6, pc + 100
C0:        975 [1] pc=[0000000080000018] W[r31=000000000000000b][1] R[r 0=0000000000000000] R[r 0=0000000000000000] inst=[00b00f93] li      t6, 11
C0:        976 [1] pc=[000000008000001c] W[r 0=0000000000000000][0] R[r30=0000000000000004] R[r31=000000000000000b] inst=[05ff0e63] beq     t5, t6, pc + 92
C0:        977 [1] pc=[0000000080000020] W[r30=0000000080000020][1] R[r 0=0000000000000000] R[r 0=0000000000000000] inst=[00000f17] auipc   t5, 0x0
C0:        978 [1] pc=[0000000080000024] W[r30=00000000800006d8][1] R[r30=0000000080000020] R[r 0=0000000000000000] inst=[6b8f0f13] addi    t5, t5, 1720
C0:        979 [1] pc=[0000000080000028] W[r 0=0000000000000000][0] R[r30=00000000800006d8] R[r 0=0000000000000000] inst=[000f0463] beqz    t5, pc + 8
C0:        980 [1] pc=[000000008000002c] W[r 0=0000000080000030][1] R[r30=00000000800006d8] R[r 0=0000000000000000] inst=[000f0067] jr      t5
C0:        981 [1] pc=[00000000800006d8] W[r 5=0000000000000004][1] R[r 0=0000000000000000] R[r 0=0000000000000000] inst=[342022f3] csrr    t0, unknown_342
C0:        984 [1] pc=[00000000800006dc] W[r 0=0000000000000000][0] R[r 5=0000000000000004] R[r 9=0000000000000004] inst=[fc9294e3] bne     t0, s1, pc - 56
C0:        985 [1] pc=[00000000800006e0] W[r 5=0000000080002003][1] R[r 0=0000000000000000] R[r 0=0000000000000000] inst=[343022f3] csrr    t0, unknown_343
C0:        988 [1] pc=[00000000800006e4] W[r 0=0000000000000000][0] R[r 5=0000000080002003] R[r 6=0000000080002003] inst=[fc6290e3] bne     t0, t1, pc - 64
C0:        989 [1] pc=[00000000800006e8] W[r 5=ffffffffffffffaa][1] R[r 5=0000000080002003] R[r 0=0000000000000000] inst=[00028283] lb      t0, 0(t0)
C0:        992 [1] pc=[00000000800006ec] W[r 0=0000000000000000][0] R[r 5=ffffffffffffffaa] R[r 0=0000000000000000] inst=[fa028ce3] beqz    t0, pc - 72
C0:        993 [1] pc=[00000000800006f0] W[r 0=0000000080000360][1] R[r 7=0000000080000388] R[r 0=0000000000000000] inst=[34139073] csrw    unknown_341, t2
C0:        994 [1] pc=[00000000800006f4] W[r 0=0000000000000000][0] R[r 0=0000000000000000] R[r 0=0000000000000000] inst=[30200073] mret
C0:       1015 [1] pc=[0000000080000388] W[r 3=000000000000000d][1] R[r 0=0000000000000000] R[r 0=0000000000000000] inst=[00d00193] li      gp, 13
C0:       1016 [1] pc=[000000008000038c] W[r 7=000000008000038c][1] R[r 0=0000000000000000] R[r 0=0000000000000000] inst=[00000397] auipc   t2, 0x0
C0:       1017 [1] pc=[0000000080000390] W[r 7=00000000800003c0][1] R[r 7=000000008000038c] R[r 0=0000000000000000] inst=[03438393] addi    t2, t2, 52
C0:       1018 [1] pc=[0000000080000394] W[r 6=0000000080002004][1] R[r 8=0000000080002000] R[r 0=0000000000000000] inst=[00440313] addi    t1, s0, 4
C0:       1019 [0] pc=[0000000080000398] W[r 6=0000000000000000][0] R[r 8=0000000080002000] R[r 0=0000000000000000] inst=[00443303] ld      t1, 4(s0)
C0:       1024 [1] pc=[0000000080000004] W[r30=0000000000000004][1] R[r 0=0000000000000000] R[r 0=0000000000000000] inst=[34202f73] csrr    t5, unknown_342
C0:       1025 [1] pc=[0000000080000008] W[r31=0000000000000008][1] R[r 0=0000000000000000] R[r 0=0000000000000000] inst=[00800f93] li      t6, 8
C0:       1027 [1] pc=[000000008000000c] W[r 0=0000000000000000][0] R[r30=0000000000000004] R[r31=0000000000000008] inst=[07ff0663] beq     t5, t6, pc + 108
C0:       1028 [1] pc=[0000000080000010] W[r31=0000000000000009][1] R[r 0=0000000000000000] R[r 0=0000000000000000] inst=[00900f93] li      t6, 9
C0:       1029 [1] pc=[0000000080000014] W[r 0=0000000000000000][0] R[r30=0000000000000004] R[r31=0000000000000009] inst=[07ff0263] beq     t5, t6, pc + 100
C0:       1030 [1] pc=[0000000080000018] W[r31=000000000000000b][1] R[r 0=0000000000000000] R[r 0=0000000000000000] inst=[00b00f93] li      t6, 11
C0:       1031 [1] pc=[000000008000001c] W[r 0=0000000000000000][0] R[r30=0000000000000004] R[r31=000000000000000b] inst=[05ff0e63] beq     t5, t6, pc + 92
C0:       1032 [1] pc=[0000000080000020] W[r30=0000000080000020][1] R[r 0=0000000000000000] R[r 0=0000000000000000] inst=[00000f17] auipc   t5, 0x0
C0:       1033 [1] pc=[0000000080000024] W[r30=00000000800006d8][1] R[r30=0000000080000020] R[r 0=0000000000000000] inst=[6b8f0f13] addi    t5, t5, 1720
C0:       1034 [1] pc=[0000000080000028] W[r 0=0000000000000000][0] R[r30=00000000800006d8] R[r 0=0000000000000000] inst=[000f0463] beqz    t5, pc + 8
C0:       1035 [1] pc=[000000008000002c] W[r 0=0000000080000030][1] R[r30=00000000800006d8] R[r 0=0000000000000000] inst=[000f0067] jr      t5
C0:       1036 [1] pc=[00000000800006d8] W[r 5=0000000000000004][1] R[r 0=0000000000000000] R[r 0=0000000000000000] inst=[342022f3] csrr    t0, unknown_342
C0:       1039 [1] pc=[00000000800006dc] W[r 0=0000000000000000][0] R[r 5=0000000000000004] R[r 9=0000000000000004] inst=[fc9294e3] bne     t0, s1, pc - 56
C0:       1040 [1] pc=[00000000800006e0] W[r 5=0000000080002004][1] R[r 0=0000000000000000] R[r 0=0000000000000000] inst=[343022f3] csrr    t0, unknown_343
C0:       1043 [1] pc=[00000000800006e4] W[r 0=0000000000000000][0] R[r 5=0000000080002004] R[r 6=0000000080002004] inst=[fc6290e3] bne     t0, t1, pc - 64
C0:       1044 [1] pc=[00000000800006e8] W[r 5=ffffffffffffff99][1] R[r 5=0000000080002004] R[r 0=0000000000000000] inst=[00028283] lb      t0, 0(t0)
C0:       1047 [1] pc=[00000000800006ec] W[r 0=0000000000000000][0] R[r 5=ffffffffffffff99] R[r 0=0000000000000000] inst=[fa028ce3] beqz    t0, pc - 72
C0:       1048 [1] pc=[00000000800006f0] W[r 0=0000000080000398][1] R[r 7=00000000800003c0] R[r 0=0000000000000000] inst=[34139073] csrw    unknown_341, t2
C0:       1049 [1] pc=[00000000800006f4] W[r 0=0000000000000000][0] R[r 0=0000000000000000] R[r 0=0000000000000000] inst=[30200073] mret
C0:       1070 [1] pc=[00000000800003c0] W[r 3=000000000000000e][1] R[r 0=0000000000000000] R[r 0=0000000000000000] inst=[00e00193] li      gp, 14
C0:       1071 [1] pc=[00000000800003c4] W[r 7=00000000800003c4][1] R[r 0=0000000000000000] R[r 0=0000000000000000] inst=[00000397] auipc   t2, 0x0
C0:       1072 [1] pc=[00000000800003c8] W[r 7=00000000800003f8][1] R[r 7=00000000800003c4] R[r 0=0000000000000000] inst=[03438393] addi    t2, t2, 52
C0:       1073 [1] pc=[00000000800003cc] W[r 6=0000000080002005][1] R[r 8=0000000080002000] R[r 0=0000000000000000] inst=[00540313] addi    t1, s0, 5
C0:       1074 [0] pc=[00000000800003d0] W[r 6=0000000000000000][0] R[r 8=0000000080002000] R[r 0=0000000000000000] inst=[00543303] ld      t1, 5(s0)
C0:       1079 [1] pc=[0000000080000004] W[r30=0000000000000004][1] R[r 0=0000000000000000] R[r 0=0000000000000000] inst=[34202f73] csrr    t5, unknown_342
C0:       1080 [1] pc=[0000000080000008] W[r31=0000000000000008][1] R[r 0=0000000000000000] R[r 0=0000000000000000] inst=[00800f93] li      t6, 8
C0:       1082 [1] pc=[000000008000000c] W[r 0=0000000000000000][0] R[r30=0000000000000004] R[r31=0000000000000008] inst=[07ff0663] beq     t5, t6, pc + 108
C0:       1083 [1] pc=[0000000080000010] W[r31=0000000000000009][1] R[r 0=0000000000000000] R[r 0=0000000000000000] inst=[00900f93] li      t6, 9
C0:       1084 [1] pc=[0000000080000014] W[r 0=0000000000000000][0] R[r30=0000000000000004] R[r31=0000000000000009] inst=[07ff0263] beq     t5, t6, pc + 100
C0:       1085 [1] pc=[0000000080000018] W[r31=000000000000000b][1] R[r 0=0000000000000000] R[r 0=0000000000000000] inst=[00b00f93] li      t6, 11
C0:       1086 [1] pc=[000000008000001c] W[r 0=0000000000000000][0] R[r30=0000000000000004] R[r31=000000000000000b] inst=[05ff0e63] beq     t5, t6, pc + 92
C0:       1087 [1] pc=[0000000080000020] W[r30=0000000080000020][1] R[r 0=0000000000000000] R[r 0=0000000000000000] inst=[00000f17] auipc   t5, 0x0
C0:       1088 [1] pc=[0000000080000024] W[r30=00000000800006d8][1] R[r30=0000000080000020] R[r 0=0000000000000000] inst=[6b8f0f13] addi    t5, t5, 1720
C0:       1089 [1] pc=[0000000080000028] W[r 0=0000000000000000][0] R[r30=00000000800006d8] R[r 0=0000000000000000] inst=[000f0463] beqz    t5, pc + 8
C0:       1090 [1] pc=[000000008000002c] W[r 0=0000000080000030][1] R[r30=00000000800006d8] R[r 0=0000000000000000] inst=[000f0067] jr      t5
C0:       1091 [1] pc=[00000000800006d8] W[r 5=0000000000000004][1] R[r 0=0000000000000000] R[r 0=0000000000000000] inst=[342022f3] csrr    t0, unknown_342
C0:       1094 [1] pc=[00000000800006dc] W[r 0=0000000000000000][0] R[r 5=0000000000000004] R[r 9=0000000000000004] inst=[fc9294e3] bne     t0, s1, pc - 56
C0:       1095 [1] pc=[00000000800006e0] W[r 5=0000000080002005][1] R[r 0=0000000000000000] R[r 0=0000000000000000] inst=[343022f3] csrr    t0, unknown_343
C0:       1098 [1] pc=[00000000800006e4] W[r 0=0000000000000000][0] R[r 5=0000000080002005] R[r 6=0000000080002005] inst=[fc6290e3] bne     t0, t1, pc - 64
C0:       1099 [1] pc=[00000000800006e8] W[r 5=ffffffffffffff88][1] R[r 5=0000000080002005] R[r 0=0000000000000000] inst=[00028283] lb      t0, 0(t0)
C0:       1102 [1] pc=[00000000800006ec] W[r 0=0000000000000000][0] R[r 5=ffffffffffffff88] R[r 0=0000000000000000] inst=[fa028ce3] beqz    t0, pc - 72
C0:       1103 [1] pc=[00000000800006f0] W[r 0=00000000800003d0][1] R[r 7=00000000800003f8] R[r 0=0000000000000000] inst=[34139073] csrw    unknown_341, t2
C0:       1104 [1] pc=[00000000800006f4] W[r 0=0000000000000000][0] R[r 0=0000000000000000] R[r 0=0000000000000000] inst=[30200073] mret
C0:       1109 [1] pc=[00000000800003f8] W[r 3=000000000000000f][1] R[r 0=0000000000000000] R[r 0=0000000000000000] inst=[00f00193] li      gp, 15
C0:       1110 [1] pc=[00000000800003fc] W[r 7=00000000800003fc][1] R[r 0=0000000000000000] R[r 0=0000000000000000] inst=[00000397] auipc   t2, 0x0
C0:       1132 [1] pc=[0000000080000400] W[r 7=0000000080000430][1] R[r 7=00000000800003fc] R[r 0=0000000000000000] inst=[03438393] addi    t2, t2, 52
C0:       1133 [1] pc=[0000000080000404] W[r 6=0000000080002006][1] R[r 8=0000000080002000] R[r 0=0000000000000000] inst=[00640313] addi    t1, s0, 6
C0:       1134 [0] pc=[0000000080000408] W[r 6=0000000000000000][0] R[r 8=0000000080002000] R[r 0=0000000000000000] inst=[00643303] ld      t1, 6(s0)
C0:       1139 [1] pc=[0000000080000004] W[r30=0000000000000004][1] R[r 0=0000000000000000] R[r 0=0000000000000000] inst=[34202f73] csrr    t5, unknown_342
C0:       1140 [1] pc=[0000000080000008] W[r31=0000000000000008][1] R[r 0=0000000000000000] R[r 0=0000000000000000] inst=[00800f93] li      t6, 8
C0:       1142 [1] pc=[000000008000000c] W[r 0=0000000000000000][0] R[r30=0000000000000004] R[r31=0000000000000008] inst=[07ff0663] beq     t5, t6, pc + 108
C0:       1143 [1] pc=[0000000080000010] W[r31=0000000000000009][1] R[r 0=0000000000000000] R[r 0=0000000000000000] inst=[00900f93] li      t6, 9
C0:       1144 [1] pc=[0000000080000014] W[r 0=0000000000000000][0] R[r30=0000000000000004] R[r31=0000000000000009] inst=[07ff0263] beq     t5, t6, pc + 100
C0:       1145 [1] pc=[0000000080000018] W[r31=000000000000000b][1] R[r 0=0000000000000000] R[r 0=0000000000000000] inst=[00b00f93] li      t6, 11
C0:       1146 [1] pc=[000000008000001c] W[r 0=0000000000000000][0] R[r30=0000000000000004] R[r31=000000000000000b] inst=[05ff0e63] beq     t5, t6, pc + 92
C0:       1147 [1] pc=[0000000080000020] W[r30=0000000080000020][1] R[r 0=0000000000000000] R[r 0=0000000000000000] inst=[00000f17] auipc   t5, 0x0
C0:       1148 [1] pc=[0000000080000024] W[r30=00000000800006d8][1] R[r30=0000000080000020] R[r 0=0000000000000000] inst=[6b8f0f13] addi    t5, t5, 1720
C0:       1149 [1] pc=[0000000080000028] W[r 0=0000000000000000][0] R[r30=00000000800006d8] R[r 0=0000000000000000] inst=[000f0463] beqz    t5, pc + 8
C0:       1150 [1] pc=[000000008000002c] W[r 0=0000000080000030][1] R[r30=00000000800006d8] R[r 0=0000000000000000] inst=[000f0067] jr      t5
C0:       1151 [1] pc=[00000000800006d8] W[r 5=0000000000000004][1] R[r 0=0000000000000000] R[r 0=0000000000000000] inst=[342022f3] csrr    t0, unknown_342
C0:       1154 [1] pc=[00000000800006dc] W[r 0=0000000000000000][0] R[r 5=0000000000000004] R[r 9=0000000000000004] inst=[fc9294e3] bne     t0, s1, pc - 56
C0:       1155 [1] pc=[00000000800006e0] W[r 5=0000000080002006][1] R[r 0=0000000000000000] R[r 0=0000000000000000] inst=[343022f3] csrr    t0, unknown_343
C0:       1158 [1] pc=[00000000800006e4] W[r 0=0000000000000000][0] R[r 5=0000000080002006] R[r 6=0000000080002006] inst=[fc6290e3] bne     t0, t1, pc - 64
C0:       1159 [1] pc=[00000000800006e8] W[r 5=0000000000000077][1] R[r 5=0000000080002006] R[r 0=0000000000000000] inst=[00028283] lb      t0, 0(t0)
C0:       1162 [1] pc=[00000000800006ec] W[r 0=0000000000000000][0] R[r 5=0000000000000077] R[r 0=0000000000000000] inst=[fa028ce3] beqz    t0, pc - 72
C0:       1163 [1] pc=[00000000800006f0] W[r 0=0000000080000408][1] R[r 7=0000000080000430] R[r 0=0000000000000000] inst=[34139073] csrw    unknown_341, t2
C0:       1164 [1] pc=[00000000800006f4] W[r 0=0000000000000000][0] R[r 0=0000000000000000] R[r 0=0000000000000000] inst=[30200073] mret
C0:       1169 [1] pc=[0000000080000430] W[r 3=0000000000000010][1] R[r 0=0000000000000000] R[r 0=0000000000000000] inst=[01000193] li      gp, 16
C0:       1170 [1] pc=[0000000080000434] W[r 7=0000000080000434][1] R[r 0=0000000000000000] R[r 0=0000000000000000] inst=[00000397] auipc   t2, 0x0
C0:       1171 [1] pc=[0000000080000438] W[r 7=0000000080000460][1] R[r 7=0000000080000434] R[r 0=0000000000000000] inst=[02c38393] addi    t2, t2, 44
C0:       1172 [1] pc=[000000008000043c] W[r 6=0000000080002007][1] R[r 8=0000000080002000] R[r 0=0000000000000000] inst=[00740313] addi    t1, s0, 7
C0:       1194 [0] pc=[0000000080000440] W[r 6=0000000000000000][0] R[r 8=0000000080002000] R[r 0=0000000000000000] inst=[00743303] ld      t1, 7(s0)
C0:       1199 [1] pc=[0000000080000004] W[r30=0000000000000004][1] R[r 0=0000000000000000] R[r 0=0000000000000000] inst=[34202f73] csrr    t5, unknown_342
C0:       1200 [1] pc=[0000000080000008] W[r31=0000000000000008][1] R[r 0=0000000000000000] R[r 0=0000000000000000] inst=[00800f93] li      t6, 8
C0:       1202 [1] pc=[000000008000000c] W[r 0=0000000000000000][0] R[r30=0000000000000004] R[r31=0000000000000008] inst=[07ff0663] beq     t5, t6, pc + 108
C0:       1203 [1] pc=[0000000080000010] W[r31=0000000000000009][1] R[r 0=0000000000000000] R[r 0=0000000000000000] inst=[00900f93] li      t6, 9
C0:       1204 [1] pc=[0000000080000014] W[r 0=0000000000000000][0] R[r30=0000000000000004] R[r31=0000000000000009] inst=[07ff0263] beq     t5, t6, pc + 100
C0:       1205 [1] pc=[0000000080000018] W[r31=000000000000000b][1] R[r 0=0000000000000000] R[r 0=0000000000000000] inst=[00b00f93] li      t6, 11
C0:       1206 [1] pc=[000000008000001c] W[r 0=0000000000000000][0] R[r30=0000000000000004] R[r31=000000000000000b] inst=[05ff0e63] beq     t5, t6, pc + 92
C0:       1207 [1] pc=[0000000080000020] W[r30=0000000080000020][1] R[r 0=0000000000000000] R[r 0=0000000000000000] inst=[00000f17] auipc   t5, 0x0
C0:       1208 [1] pc=[0000000080000024] W[r30=00000000800006d8][1] R[r30=0000000080000020] R[r 0=0000000000000000] inst=[6b8f0f13] addi    t5, t5, 1720
C0:       1209 [1] pc=[0000000080000028] W[r 0=0000000000000000][0] R[r30=00000000800006d8] R[r 0=0000000000000000] inst=[000f0463] beqz    t5, pc + 8
C0:       1210 [1] pc=[000000008000002c] W[r 0=0000000080000030][1] R[r30=00000000800006d8] R[r 0=0000000000000000] inst=[000f0067] jr      t5
C0:       1211 [1] pc=[00000000800006d8] W[r 5=0000000000000004][1] R[r 0=0000000000000000] R[r 0=0000000000000000] inst=[342022f3] csrr    t0, unknown_342
C0:       1214 [1] pc=[00000000800006dc] W[r 0=0000000000000000][0] R[r 5=0000000000000004] R[r 9=0000000000000004] inst=[fc9294e3] bne     t0, s1, pc - 56
C0:       1215 [1] pc=[00000000800006e0] W[r 5=0000000080002007][1] R[r 0=0000000000000000] R[r 0=0000000000000000] inst=[343022f3] csrr    t0, unknown_343
C0:       1218 [1] pc=[00000000800006e4] W[r 0=0000000000000000][0] R[r 5=0000000080002007] R[r 6=0000000080002007] inst=[fc6290e3] bne     t0, t1, pc - 64
C0:       1219 [1] pc=[00000000800006e8] W[r 5=0000000000000066][1] R[r 5=0000000080002007] R[r 0=0000000000000000] inst=[00028283] lb      t0, 0(t0)
C0:       1222 [1] pc=[00000000800006ec] W[r 0=0000000000000000][0] R[r 5=0000000000000066] R[r 0=0000000000000000] inst=[fa028ce3] beqz    t0, pc - 72
C0:       1223 [1] pc=[00000000800006f0] W[r 0=0000000080000440][1] R[r 7=0000000080000460] R[r 0=0000000000000000] inst=[34139073] csrw    unknown_341, t2
C0:       1224 [1] pc=[00000000800006f4] W[r 0=0000000000000000][0] R[r 0=0000000000000000] R[r 0=0000000000000000] inst=[30200073] mret
C0:       1229 [1] pc=[0000000080000460] W[r 9=0000000000000006][1] R[r 0=0000000000000000] R[r 0=0000000000000000] inst=[00600493] li      s1, 6
C0:       1230 [1] pc=[0000000080000464] W[r 3=0000000000000016][1] R[r 0=0000000000000000] R[r 0=0000000000000000] inst=[01600193] li      gp, 22
C0:       1231 [1] pc=[0000000080000468] W[r 7=0000000080000468][1] R[r 0=0000000000000000] R[r 0=0000000000000000] inst=[00000397] auipc   t2, 0x0
C0:       1232 [1] pc=[000000008000046c] W[r 7=0000000080000498][1] R[r 7=0000000080000468] R[r 0=0000000000000000] inst=[03038393] addi    t2, t2, 48
C0:       1233 [1] pc=[0000000080000470] W[r 6=0000000080002001][1] R[r 8=0000000080002000] R[r 0=0000000000000000] inst=[00140313] addi    t1, s0, 1
C0:       1234 [0] pc=[0000000080000474] W[r 0=0000000000000000][0] R[r 8=0000000080002000] R[r 0=0000000000000000] inst=[000410a3] sh      zero, 1(s0)
C0:       1239 [1] pc=[0000000080000004] W[r30=0000000000000006][1] R[r 0=0000000000000000] R[r 0=0000000000000000] inst=[34202f73] csrr    t5, unknown_342
C0:       1240 [1] pc=[0000000080000008] W[r31=0000000000000008][1] R[r 0=0000000000000000] R[r 0=0000000000000000] inst=[00800f93] li      t6, 8
C0:       1242 [1] pc=[000000008000000c] W[r 0=0000000000000000][0] R[r30=0000000000000006] R[r31=0000000000000008] inst=[07ff0663] beq     t5, t6, pc + 108
C0:       1243 [1] pc=[0000000080000010] W[r31=0000000000000009][1] R[r 0=0000000000000000] R[r 0=0000000000000000] inst=[00900f93] li      t6, 9
C0:       1244 [1] pc=[0000000080000014] W[r 0=0000000000000000][0] R[r30=0000000000000006] R[r31=0000000000000009] inst=[07ff0263] beq     t5, t6, pc + 100
C0:       1245 [1] pc=[0000000080000018] W[r31=000000000000000b][1] R[r 0=0000000000000000] R[r 0=0000000000000000] inst=[00b00f93] li      t6, 11
C0:       1246 [1] pc=[000000008000001c] W[r 0=0000000000000000][0] R[r30=0000000000000006] R[r31=000000000000000b] inst=[05ff0e63] beq     t5, t6, pc + 92
C0:       1247 [1] pc=[0000000080000020] W[r30=0000000080000020][1] R[r 0=0000000000000000] R[r 0=0000000000000000] inst=[00000f17] auipc   t5, 0x0
C0:       1248 [1] pc=[0000000080000024] W[r30=00000000800006d8][1] R[r30=0000000080000020] R[r 0=0000000000000000] inst=[6b8f0f13] addi    t5, t5, 1720
C0:       1249 [1] pc=[0000000080000028] W[r 0=0000000000000000][0] R[r30=00000000800006d8] R[r 0=0000000000000000] inst=[000f0463] beqz    t5, pc + 8
C0:       1250 [1] pc=[000000008000002c] W[r 0=0000000080000030][1] R[r30=00000000800006d8] R[r 0=0000000000000000] inst=[000f0067] jr      t5
C0:       1251 [1] pc=[00000000800006d8] W[r 5=0000000000000006][1] R[r 0=0000000000000000] R[r 0=0000000000000000] inst=[342022f3] csrr    t0, unknown_342
C0:       1254 [1] pc=[00000000800006dc] W[r 0=0000000000000000][0] R[r 5=0000000000000006] R[r 9=0000000000000006] inst=[fc9294e3] bne     t0, s1, pc - 56
C0:       1255 [1] pc=[00000000800006e0] W[r 5=0000000080002001][1] R[r 0=0000000000000000] R[r 0=0000000000000000] inst=[343022f3] csrr    t0, unknown_343
C0:       1258 [1] pc=[00000000800006e4] W[r 0=0000000000000000][0] R[r 5=0000000080002001] R[r 6=0000000080002001] inst=[fc6290e3] bne     t0, t1, pc - 64
C0:       1259 [1] pc=[00000000800006e8] W[r 5=ffffffffffffffcc][1] R[r 5=0000000080002001] R[r 0=0000000000000000] inst=[00028283] lb      t0, 0(t0)
C0:       1262 [1] pc=[00000000800006ec] W[r 0=0000000000000000][0] R[r 5=ffffffffffffffcc] R[r 0=0000000000000000] inst=[fa028ce3] beqz    t0, pc - 72
C0:       1263 [1] pc=[00000000800006f0] W[r 0=0000000080000474][1] R[r 7=0000000080000498] R[r 0=0000000000000000] inst=[34139073] csrw    unknown_341, t2
C0:       1264 [1] pc=[00000000800006f4] W[r 0=0000000000000000][0] R[r 0=0000000000000000] R[r 0=0000000000000000] inst=[30200073] mret
C0:       1285 [1] pc=[0000000080000498] W[r 3=0000000000000017][1] R[r 0=0000000000000000] R[r 0=0000000000000000] inst=[01700193] li      gp, 23
C0:       1286 [1] pc=[000000008000049c] W[r 7=000000008000049c][1] R[r 0=0000000000000000] R[r 0=0000000000000000] inst=[00000397] auipc   t2, 0x0
C0:       1287 [1] pc=[00000000800004a0] W[r 7=00000000800004cc][1] R[r 7=000000008000049c] R[r 0=0000000000000000] inst=[03038393] addi    t2, t2, 48
C0:       1288 [1] pc=[00000000800004a4] W[r 6=0000000080002005][1] R[r 8=0000000080002000] R[r 0=0000000000000000] inst=[00540313] addi    t1, s0, 5
C0:       1289 [0] pc=[00000000800004a8] W[r 0=0000000000000000][0] R[r 8=0000000080002000] R[r 0=0000000000000000] inst=[000422a3] sw      zero, 5(s0)
C0:       1294 [1] pc=[0000000080000004] W[r30=0000000000000006][1] R[r 0=0000000000000000] R[r 0=0000000000000000] inst=[34202f73] csrr    t5, unknown_342
C0:       1295 [1] pc=[0000000080000008] W[r31=0000000000000008][1] R[r 0=0000000000000000] R[r 0=0000000000000000] inst=[00800f93] li      t6, 8
C0:       1297 [1] pc=[000000008000000c] W[r 0=0000000000000000][0] R[r30=0000000000000006] R[r31=0000000000000008] inst=[07ff0663] beq     t5, t6, pc + 108
C0:       1298 [1] pc=[0000000080000010] W[r31=0000000000000009][1] R[r 0=0000000000000000] R[r 0=0000000000000000] inst=[00900f93] li      t6, 9
C0:       1299 [1] pc=[0000000080000014] W[r 0=0000000000000000][0] R[r30=0000000000000006] R[r31=0000000000000009] inst=[07ff0263] beq     t5, t6, pc + 100
C0:       1300 [1] pc=[0000000080000018] W[r31=000000000000000b][1] R[r 0=0000000000000000] R[r 0=0000000000000000] inst=[00b00f93] li      t6, 11
C0:       1301 [1] pc=[000000008000001c] W[r 0=0000000000000000][0] R[r30=0000000000000006] R[r31=000000000000000b] inst=[05ff0e63] beq     t5, t6, pc + 92
C0:       1302 [1] pc=[0000000080000020] W[r30=0000000080000020][1] R[r 0=0000000000000000] R[r 0=0000000000000000] inst=[00000f17] auipc   t5, 0x0
C0:       1303 [1] pc=[0000000080000024] W[r30=00000000800006d8][1] R[r30=0000000080000020] R[r 0=0000000000000000] inst=[6b8f0f13] addi    t5, t5, 1720
C0:       1304 [1] pc=[0000000080000028] W[r 0=0000000000000000][0] R[r30=00000000800006d8] R[r 0=0000000000000000] inst=[000f0463] beqz    t5, pc + 8
C0:       1305 [1] pc=[000000008000002c] W[r 0=0000000080000030][1] R[r30=00000000800006d8] R[r 0=0000000000000000] inst=[000f0067] jr      t5
C0:       1306 [1] pc=[00000000800006d8] W[r 5=0000000000000006][1] R[r 0=0000000000000000] R[r 0=0000000000000000] inst=[342022f3] csrr    t0, unknown_342
C0:       1309 [1] pc=[00000000800006dc] W[r 0=0000000000000000][0] R[r 5=0000000000000006] R[r 9=0000000000000006] inst=[fc9294e3] bne     t0, s1, pc - 56
C0:       1310 [1] pc=[00000000800006e0] W[r 5=0000000080002005][1] R[r 0=0000000000000000] R[r 0=0000000000000000] inst=[343022f3] csrr    t0, unknown_343
C0:       1313 [1] pc=[00000000800006e4] W[r 0=0000000000000000][0] R[r 5=0000000080002005] R[r 6=0000000080002005] inst=[fc6290e3] bne     t0, t1, pc - 64
C0:       1314 [1] pc=[00000000800006e8] W[r 5=ffffffffffffff88][1] R[r 5=0000000080002005] R[r 0=0000000000000000] inst=[00028283] lb      t0, 0(t0)
C0:       1317 [1] pc=[00000000800006ec] W[r 0=0000000000000000][0] R[r 5=ffffffffffffff88] R[r 0=0000000000000000] inst=[fa028ce3] beqz    t0, pc - 72
C0:       1318 [1] pc=[00000000800006f0] W[r 0=00000000800004a8][1] R[r 7=00000000800004cc] R[r 0=0000000000000000] inst=[34139073] csrw    unknown_341, t2
C0:       1319 [1] pc=[00000000800006f4] W[r 0=0000000000000000][0] R[r 0=0000000000000000] R[r 0=0000000000000000] inst=[30200073] mret
C0:       1340 [1] pc=[00000000800004cc] W[r 3=0000000000000018][1] R[r 0=0000000000000000] R[r 0=0000000000000000] inst=[01800193] li      gp, 24
C0:       1341 [1] pc=[00000000800004d0] W[r 7=00000000800004d0][1] R[r 0=0000000000000000] R[r 0=0000000000000000] inst=[00000397] auipc   t2, 0x0
C0:       1342 [1] pc=[00000000800004d4] W[r 7=0000000080000500][1] R[r 7=00000000800004d0] R[r 0=0000000000000000] inst=[03038393] addi    t2, t2, 48
C0:       1343 [1] pc=[00000000800004d8] W[r 6=000000008000200a][1] R[r 8=0000000080002000] R[r 0=0000000000000000] inst=[00a40313] addi    t1, s0, 10
C0:       1344 [0] pc=[00000000800004dc] W[r 0=0000000000000000][0] R[r 8=0000000080002000] R[r 0=0000000000000000] inst=[00042523] sw      zero, 10(s0)
C0:       1349 [1] pc=[0000000080000004] W[r30=0000000000000006][1] R[r 0=0000000000000000] R[r 0=0000000000000000] inst=[34202f73] csrr    t5, unknown_342
C0:       1350 [1] pc=[0000000080000008] W[r31=0000000000000008][1] R[r 0=0000000000000000] R[r 0=0000000000000000] inst=[00800f93] li      t6, 8
C0:       1352 [1] pc=[000000008000000c] W[r 0=0000000000000000][0] R[r30=0000000000000006] R[r31=0000000000000008] inst=[07ff0663] beq     t5, t6, pc + 108
C0:       1353 [1] pc=[0000000080000010] W[r31=0000000000000009][1] R[r 0=0000000000000000] R[r 0=0000000000000000] inst=[00900f93] li      t6, 9
C0:       1354 [1] pc=[0000000080000014] W[r 0=0000000000000000][0] R[r30=0000000000000006] R[r31=0000000000000009] inst=[07ff0263] beq     t5, t6, pc + 100
C0:       1355 [1] pc=[0000000080000018] W[r31=000000000000000b][1] R[r 0=0000000000000000] R[r 0=0000000000000000] inst=[00b00f93] li      t6, 11
C0:       1356 [1] pc=[000000008000001c] W[r 0=0000000000000000][0] R[r30=0000000000000006] R[r31=000000000000000b] inst=[05ff0e63] beq     t5, t6, pc + 92
C0:       1357 [1] pc=[0000000080000020] W[r30=0000000080000020][1] R[r 0=0000000000000000] R[r 0=0000000000000000] inst=[00000f17] auipc   t5, 0x0
C0:       1358 [1] pc=[0000000080000024] W[r30=00000000800006d8][1] R[r30=0000000080000020] R[r 0=0000000000000000] inst=[6b8f0f13] addi    t5, t5, 1720
C0:       1359 [1] pc=[0000000080000028] W[r 0=0000000000000000][0] R[r30=00000000800006d8] R[r 0=0000000000000000] inst=[000f0463] beqz    t5, pc + 8
C0:       1360 [1] pc=[000000008000002c] W[r 0=0000000080000030][1] R[r30=00000000800006d8] R[r 0=0000000000000000] inst=[000f0067] jr      t5
C0:       1361 [1] pc=[00000000800006d8] W[r 5=0000000000000006][1] R[r 0=0000000000000000] R[r 0=0000000000000000] inst=[342022f3] csrr    t0, unknown_342
C0:       1364 [1] pc=[00000000800006dc] W[r 0=0000000000000000][0] R[r 5=0000000000000006] R[r 9=0000000000000006] inst=[fc9294e3] bne     t0, s1, pc - 56
C0:       1365 [1] pc=[00000000800006e0] W[r 5=000000008000200a][1] R[r 0=0000000000000000] R[r 0=0000000000000000] inst=[343022f3] csrr    t0, unknown_343
C0:       1368 [1] pc=[00000000800006e4] W[r 0=0000000000000000][0] R[r 5=000000008000200a] R[r 6=000000008000200a] inst=[fc6290e3] bne     t0, t1, pc - 64
C0:       1369 [1] pc=[00000000800006e8] W[r 5=0000000000000033][1] R[r 5=000000008000200a] R[r 0=0000000000000000] inst=[00028283] lb      t0, 0(t0)
C0:       1372 [1] pc=[00000000800006ec] W[r 0=0000000000000000][0] R[r 5=0000000000000033] R[r 0=0000000000000000] inst=[fa028ce3] beqz    t0, pc - 72
C0:       1373 [1] pc=[00000000800006f0] W[r 0=00000000800004dc][1] R[r 7=0000000080000500] R[r 0=0000000000000000] inst=[34139073] csrw    unknown_341, t2
C0:       1374 [1] pc=[00000000800006f4] W[r 0=0000000000000000][0] R[r 0=0000000000000000] R[r 0=0000000000000000] inst=[30200073] mret
C0:       1395 [1] pc=[0000000080000500] W[r 3=0000000000000019][1] R[r 0=0000000000000000] R[r 0=0000000000000000] inst=[01900193] li      gp, 25
C0:       1396 [1] pc=[0000000080000504] W[r 7=0000000080000504][1] R[r 0=0000000000000000] R[r 0=0000000000000000] inst=[00000397] auipc   t2, 0x0
C0:       1397 [1] pc=[0000000080000508] W[r 7=0000000080000534][1] R[r 7=0000000080000504] R[r 0=0000000000000000] inst=[03038393] addi    t2, t2, 48
C0:       1398 [1] pc=[000000008000050c] W[r 6=000000008000200f][1] R[r 8=0000000080002000] R[r 0=0000000000000000] inst=[00f40313] addi    t1, s0, 15
C0:       1399 [0] pc=[0000000080000510] W[r 0=0000000000000000][0] R[r 8=0000000080002000] R[r 0=0000000000000000] inst=[000427a3] sw      zero, 15(s0)
C0:       1404 [1] pc=[0000000080000004] W[r30=0000000000000006][1] R[r 0=0000000000000000] R[r 0=0000000000000000] inst=[34202f73] csrr    t5, unknown_342
C0:       1405 [1] pc=[0000000080000008] W[r31=0000000000000008][1] R[r 0=0000000000000000] R[r 0=0000000000000000] inst=[00800f93] li      t6, 8
C0:       1407 [1] pc=[000000008000000c] W[r 0=0000000000000000][0] R[r30=0000000000000006] R[r31=0000000000000008] inst=[07ff0663] beq     t5, t6, pc + 108
C0:       1408 [1] pc=[0000000080000010] W[r31=0000000000000009][1] R[r 0=0000000000000000] R[r 0=0000000000000000] inst=[00900f93] li      t6, 9
C0:       1409 [1] pc=[0000000080000014] W[r 0=0000000000000000][0] R[r30=0000000000000006] R[r31=0000000000000009] inst=[07ff0263] beq     t5, t6, pc + 100
C0:       1410 [1] pc=[0000000080000018] W[r31=000000000000000b][1] R[r 0=0000000000000000] R[r 0=0000000000000000] inst=[00b00f93] li      t6, 11
C0:       1411 [1] pc=[000000008000001c] W[r 0=0000000000000000][0] R[r30=0000000000000006] R[r31=000000000000000b] inst=[05ff0e63] beq     t5, t6, pc + 92
C0:       1412 [1] pc=[0000000080000020] W[r30=0000000080000020][1] R[r 0=0000000000000000] R[r 0=0000000000000000] inst=[00000f17] auipc   t5, 0x0
C0:       1413 [1] pc=[0000000080000024] W[r30=00000000800006d8][1] R[r30=0000000080000020] R[r 0=0000000000000000] inst=[6b8f0f13] addi    t5, t5, 1720
C0:       1414 [1] pc=[0000000080000028] W[r 0=0000000000000000][0] R[r30=00000000800006d8] R[r 0=0000000000000000] inst=[000f0463] beqz    t5, pc + 8
C0:       1415 [1] pc=[000000008000002c] W[r 0=0000000080000030][1] R[r30=00000000800006d8] R[r 0=0000000000000000] inst=[000f0067] jr      t5
C0:       1416 [1] pc=[00000000800006d8] W[r 5=0000000000000006][1] R[r 0=0000000000000000] R[r 0=0000000000000000] inst=[342022f3] csrr    t0, unknown_342
C0:       1419 [1] pc=[00000000800006dc] W[r 0=0000000000000000][0] R[r 5=0000000000000006] R[r 9=0000000000000006] inst=[fc9294e3] bne     t0, s1, pc - 56
C0:       1420 [1] pc=[00000000800006e0] W[r 5=000000008000200f][1] R[r 0=0000000000000000] R[r 0=0000000000000000] inst=[343022f3] csrr    t0, unknown_343
C0:       1423 [1] pc=[00000000800006e4] W[r 0=0000000000000000][0] R[r 5=000000008000200f] R[r 6=000000008000200f] inst=[fc6290e3] bne     t0, t1, pc - 64
C0:       1424 [1] pc=[00000000800006e8] W[r 5=ffffffffffffffee][1] R[r 5=000000008000200f] R[r 0=0000000000000000] inst=[00028283] lb      t0, 0(t0)
C0:       1427 [1] pc=[00000000800006ec] W[r 0=0000000000000000][0] R[r 5=ffffffffffffffee] R[r 0=0000000000000000] inst=[fa028ce3] beqz    t0, pc - 72
C0:       1428 [1] pc=[00000000800006f0] W[r 0=0000000080000510][1] R[r 7=0000000080000534] R[r 0=0000000000000000] inst=[34139073] csrw    unknown_341, t2
C0:       1429 [1] pc=[00000000800006f4] W[r 0=0000000000000000][0] R[r 0=0000000000000000] R[r 0=0000000000000000] inst=[30200073] mret
C0:       1434 [1] pc=[0000000080000534] W[r 3=000000000000001a][1] R[r 0=0000000000000000] R[r 0=0000000000000000] inst=[01a00193] li      gp, 26
C0:       1435 [1] pc=[0000000080000538] W[r 7=0000000080000538][1] R[r 0=0000000000000000] R[r 0=0000000000000000] inst=[00000397] auipc   t2, 0x0
C0:       1436 [1] pc=[000000008000053c] W[r 7=0000000080000568][1] R[r 7=0000000080000538] R[r 0=0000000000000000] inst=[03038393] addi    t2, t2, 48
C0:       1458 [1] pc=[0000000080000540] W[r 6=0000000080002019][1] R[r 8=0000000080002000] R[r 0=0000000000000000] inst=[01940313] addi    t1, s0, 25
C0:       1459 [0] pc=[0000000080000544] W[r 0=0000000000000000][0] R[r 8=0000000080002000] R[r 0=0000000000000000] inst=[00043ca3] sd      zero, 25(s0)
C0:       1464 [1] pc=[0000000080000004] W[r30=0000000000000006][1] R[r 0=0000000000000000] R[r 0=0000000000000000] inst=[34202f73] csrr    t5, unknown_342
C0:       1465 [1] pc=[0000000080000008] W[r31=0000000000000008][1] R[r 0=0000000000000000] R[r 0=0000000000000000] inst=[00800f93] li      t6, 8
C0:       1467 [1] pc=[000000008000000c] W[r 0=0000000000000000][0] R[r30=0000000000000006] R[r31=0000000000000008] inst=[07ff0663] beq     t5, t6, pc + 108
C0:       1468 [1] pc=[0000000080000010] W[r31=0000000000000009][1] R[r 0=0000000000000000] R[r 0=0000000000000000] inst=[00900f93] li      t6, 9
C0:       1469 [1] pc=[0000000080000014] W[r 0=0000000000000000][0] R[r30=0000000000000006] R[r31=0000000000000009] inst=[07ff0263] beq     t5, t6, pc + 100
C0:       1470 [1] pc=[0000000080000018] W[r31=000000000000000b][1] R[r 0=0000000000000000] R[r 0=0000000000000000] inst=[00b00f93] li      t6, 11
C0:       1471 [1] pc=[000000008000001c] W[r 0=0000000000000000][0] R[r30=0000000000000006] R[r31=000000000000000b] inst=[05ff0e63] beq     t5, t6, pc + 92
C0:       1472 [1] pc=[0000000080000020] W[r30=0000000080000020][1] R[r 0=0000000000000000] R[r 0=0000000000000000] inst=[00000f17] auipc   t5, 0x0
C0:       1473 [1] pc=[0000000080000024] W[r30=00000000800006d8][1] R[r30=0000000080000020] R[r 0=0000000000000000] inst=[6b8f0f13] addi    t5, t5, 1720
C0:       1474 [1] pc=[0000000080000028] W[r 0=0000000000000000][0] R[r30=00000000800006d8] R[r 0=0000000000000000] inst=[000f0463] beqz    t5, pc + 8
C0:       1475 [1] pc=[000000008000002c] W[r 0=0000000080000030][1] R[r30=00000000800006d8] R[r 0=0000000000000000] inst=[000f0067] jr      t5
C0:       1476 [1] pc=[00000000800006d8] W[r 5=0000000000000006][1] R[r 0=0000000000000000] R[r 0=0000000000000000] inst=[342022f3] csrr    t0, unknown_342
C0:       1479 [1] pc=[00000000800006dc] W[r 0=0000000000000000][0] R[r 5=0000000000000006] R[r 9=0000000000000006] inst=[fc9294e3] bne     t0, s1, pc - 56
C0:       1480 [1] pc=[00000000800006e0] W[r 5=0000000080002019][1] R[r 0=0000000000000000] R[r 0=0000000000000000] inst=[343022f3] csrr    t0, unknown_343
C0:       1483 [1] pc=[00000000800006e4] W[r 0=0000000000000000][0] R[r 5=0000000080002019] R[r 6=0000000080002019] inst=[fc6290e3] bne     t0, t1, pc - 64
C0:       1484 [1] pc=[00000000800006e8] W[r 5=0000000000000050][1] R[r 5=0000000080002019] R[r 0=0000000000000000] inst=[00028283] lb      t0, 0(t0)
C0:       1487 [1] pc=[00000000800006ec] W[r 0=0000000000000000][0] R[r 5=0000000000000050] R[r 0=0000000000000000] inst=[fa028ce3] beqz    t0, pc - 72
C0:       1488 [1] pc=[00000000800006f0] W[r 0=0000000080000544][1] R[r 7=0000000080000568] R[r 0=0000000000000000] inst=[34139073] csrw    unknown_341, t2
C0:       1489 [1] pc=[00000000800006f4] W[r 0=0000000000000000][0] R[r 0=0000000000000000] R[r 0=0000000000000000] inst=[30200073] mret
C0:       1494 [1] pc=[0000000080000568] W[r 3=000000000000001b][1] R[r 0=0000000000000000] R[r 0=0000000000000000] inst=[01b00193] li      gp, 27
C0:       1495 [1] pc=[000000008000056c] W[r 7=000000008000056c][1] R[r 0=0000000000000000] R[r 0=0000000000000000] inst=[00000397] auipc   t2, 0x0
C0:       1496 [1] pc=[0000000080000570] W[r 7=000000008000059c][1] R[r 7=000000008000056c] R[r 0=0000000000000000] inst=[03038393] addi    t2, t2, 48
C0:       1497 [1] pc=[0000000080000574] W[r 6=0000000080002022][1] R[r 8=0000000080002000] R[r 0=0000000000000000] inst=[02240313] addi    t1, s0, 34
C0:       1498 [0] pc=[0000000080000578] W[r 0=0000000000000000][0] R[r 8=0000000080002000] R[r 0=0000000000000000] inst=[02043123] sd      zero, 34(s0)
C0:       1503 [1] pc=[0000000080000004] W[r30=0000000000000006][1] R[r 0=0000000000000000] R[r 0=0000000000000000] inst=[34202f73] csrr    t5, unknown_342
C0:       1504 [1] pc=[0000000080000008] W[r31=0000000000000008][1] R[r 0=0000000000000000] R[r 0=0000000000000000] inst=[00800f93] li      t6, 8
C0:       1506 [1] pc=[000000008000000c] W[r 0=0000000000000000][0] R[r30=0000000000000006] R[r31=0000000000000008] inst=[07ff0663] beq     t5, t6, pc + 108
C0:       1507 [1] pc=[0000000080000010] W[r31=0000000000000009][1] R[r 0=0000000000000000] R[r 0=0000000000000000] inst=[00900f93] li      t6, 9
C0:       1508 [1] pc=[0000000080000014] W[r 0=0000000000000000][0] R[r30=0000000000000006] R[r31=0000000000000009] inst=[07ff0263] beq     t5, t6, pc + 100
C0:       1509 [1] pc=[0000000080000018] W[r31=000000000000000b][1] R[r 0=0000000000000000] R[r 0=0000000000000000] inst=[00b00f93] li      t6, 11
C0:       1510 [1] pc=[000000008000001c] W[r 0=0000000000000000][0] R[r30=0000000000000006] R[r31=000000000000000b] inst=[05ff0e63] beq     t5, t6, pc + 92
C0:       1511 [1] pc=[0000000080000020] W[r30=0000000080000020][1] R[r 0=0000000000000000] R[r 0=0000000000000000] inst=[00000f17] auipc   t5, 0x0
C0:       1512 [1] pc=[0000000080000024] W[r30=00000000800006d8][1] R[r30=0000000080000020] R[r 0=0000000000000000] inst=[6b8f0f13] addi    t5, t5, 1720
C0:       1513 [1] pc=[0000000080000028] W[r 0=0000000000000000][0] R[r30=00000000800006d8] R[r 0=0000000000000000] inst=[000f0463] beqz    t5, pc + 8
C0:       1514 [1] pc=[000000008000002c] W[r 0=0000000080000030][1] R[r30=00000000800006d8] R[r 0=0000000000000000] inst=[000f0067] jr      t5
C0:       1515 [1] pc=[00000000800006d8] W[r 5=0000000000000006][1] R[r 0=0000000000000000] R[r 0=0000000000000000] inst=[342022f3] csrr    t0, unknown_342
C0:       1518 [1] pc=[00000000800006dc] W[r 0=0000000000000000][0] R[r 5=0000000000000006] R[r 9=0000000000000006] inst=[fc9294e3] bne     t0, s1, pc - 56
C0:       1519 [1] pc=[00000000800006e0] W[r 5=0000000080002022][1] R[r 0=0000000000000000] R[r 0=0000000000000000] inst=[343022f3] csrr    t0, unknown_343
C0:       1522 [1] pc=[00000000800006e4] W[r 0=0000000000000000][0] R[r 5=0000000080002022] R[r 6=0000000080002022] inst=[fc6290e3] bne     t0, t1, pc - 64
C0:       1523 [1] pc=[00000000800006e8] W[r 5=0000000000000050][1] R[r 5=0000000080002022] R[r 0=0000000000000000] inst=[00028283] lb      t0, 0(t0)
C0:       1526 [1] pc=[00000000800006ec] W[r 0=0000000000000000][0] R[r 5=0000000000000050] R[r 0=0000000000000000] inst=[fa028ce3] beqz    t0, pc - 72
C0:       1527 [1] pc=[00000000800006f0] W[r 0=0000000080000578][1] R[r 7=000000008000059c] R[r 0=0000000000000000] inst=[34139073] csrw    unknown_341, t2
C0:       1528 [1] pc=[00000000800006f4] W[r 0=0000000000000000][0] R[r 0=0000000000000000] R[r 0=0000000000000000] inst=[30200073] mret
C0:       1549 [1] pc=[000000008000059c] W[r 3=000000000000001c][1] R[r 0=0000000000000000] R[r 0=0000000000000000] inst=[01c00193] li      gp, 28
C0:       1550 [1] pc=[00000000800005a0] W[r 7=00000000800005a0][1] R[r 0=0000000000000000] R[r 0=0000000000000000] inst=[00000397] auipc   t2, 0x0
C0:       1551 [1] pc=[00000000800005a4] W[r 7=00000000800005d0][1] R[r 7=00000000800005a0] R[r 0=0000000000000000] inst=[03038393] addi    t2, t2, 48
C0:       1552 [1] pc=[00000000800005a8] W[r 6=000000008000202b][1] R[r 8=0000000080002000] R[r 0=0000000000000000] inst=[02b40313] addi    t1, s0, 43
C0:       1553 [0] pc=[00000000800005ac] W[r 0=0000000000000000][0] R[r 8=0000000080002000] R[r 0=0000000000000000] inst=[020435a3] sd      zero, 43(s0)
C0:       1558 [1] pc=[0000000080000004] W[r30=0000000000000006][1] R[r 0=0000000000000000] R[r 0=0000000000000000] inst=[34202f73] csrr    t5, unknown_342
C0:       1559 [1] pc=[0000000080000008] W[r31=0000000000000008][1] R[r 0=0000000000000000] R[r 0=0000000000000000] inst=[00800f93] li      t6, 8
C0:       1561 [1] pc=[000000008000000c] W[r 0=0000000000000000][0] R[r30=0000000000000006] R[r31=0000000000000008] inst=[07ff0663] beq     t5, t6, pc + 108
C0:       1562 [1] pc=[0000000080000010] W[r31=0000000000000009][1] R[r 0=0000000000000000] R[r 0=0000000000000000] inst=[00900f93] li      t6, 9
C0:       1563 [1] pc=[0000000080000014] W[r 0=0000000000000000][0] R[r30=0000000000000006] R[r31=0000000000000009] inst=[07ff0263] beq     t5, t6, pc + 100
C0:       1564 [1] pc=[0000000080000018] W[r31=000000000000000b][1] R[r 0=0000000000000000] R[r 0=0000000000000000] inst=[00b00f93] li      t6, 11
C0:       1565 [1] pc=[000000008000001c] W[r 0=0000000000000000][0] R[r30=0000000000000006] R[r31=000000000000000b] inst=[05ff0e63] beq     t5, t6, pc + 92
C0:       1566 [1] pc=[0000000080000020] W[r30=0000000080000020][1] R[r 0=0000000000000000] R[r 0=0000000000000000] inst=[00000f17] auipc   t5, 0x0
C0:       1567 [1] pc=[0000000080000024] W[r30=00000000800006d8][1] R[r30=0000000080000020] R[r 0=0000000000000000] inst=[6b8f0f13] addi    t5, t5, 1720
C0:       1568 [1] pc=[0000000080000028] W[r 0=0000000000000000][0] R[r30=00000000800006d8] R[r 0=0000000000000000] inst=[000f0463] beqz    t5, pc + 8
C0:       1569 [1] pc=[000000008000002c] W[r 0=0000000080000030][1] R[r30=00000000800006d8] R[r 0=0000000000000000] inst=[000f0067] jr      t5
C0:       1570 [1] pc=[00000000800006d8] W[r 5=0000000000000006][1] R[r 0=0000000000000000] R[r 0=0000000000000000] inst=[342022f3] csrr    t0, unknown_342
C0:       1573 [1] pc=[00000000800006dc] W[r 0=0000000000000000][0] R[r 5=0000000000000006] R[r 9=0000000000000006] inst=[fc9294e3] bne     t0, s1, pc - 56
C0:       1574 [1] pc=[00000000800006e0] W[r 5=000000008000202b][1] R[r 0=0000000000000000] R[r 0=0000000000000000] inst=[343022f3] csrr    t0, unknown_343
C0:       1577 [1] pc=[00000000800006e4] W[r 0=0000000000000000][0] R[r 5=000000008000202b] R[r 6=000000008000202b] inst=[fc6290e3] bne     t0, t1, pc - 64
C0:       1578 [1] pc=[00000000800006e8] W[r 5=0000000000000050][1] R[r 5=000000008000202b] R[r 0=0000000000000000] inst=[00028283] lb      t0, 0(t0)
C0:       1581 [1] pc=[00000000800006ec] W[r 0=0000000000000000][0] R[r 5=0000000000000050] R[r 0=0000000000000000] inst=[fa028ce3] beqz    t0, pc - 72
C0:       1582 [1] pc=[00000000800006f0] W[r 0=00000000800005ac][1] R[r 7=00000000800005d0] R[r 0=0000000000000000] inst=[34139073] csrw    unknown_341, t2
C0:       1583 [1] pc=[00000000800006f4] W[r 0=0000000000000000][0] R[r 0=0000000000000000] R[r 0=0000000000000000] inst=[30200073] mret
C0:       1604 [1] pc=[00000000800005d0] W[r 3=000000000000001d][1] R[r 0=0000000000000000] R[r 0=0000000000000000] inst=[01d00193] li      gp, 29
C0:       1605 [1] pc=[00000000800005d4] W[r 7=00000000800005d4][1] R[r 0=0000000000000000] R[r 0=0000000000000000] inst=[00000397] auipc   t2, 0x0
C0:       1606 [1] pc=[00000000800005d8] W[r 7=0000000080000604][1] R[r 7=00000000800005d4] R[r 0=0000000000000000] inst=[03038393] addi    t2, t2, 48
C0:       1607 [1] pc=[00000000800005dc] W[r 6=0000000080002034][1] R[r 8=0000000080002000] R[r 0=0000000000000000] inst=[03440313] addi    t1, s0, 52
C0:       1608 [0] pc=[00000000800005e0] W[r 0=0000000000000000][0] R[r 8=0000000080002000] R[r 0=0000000000000000] inst=[02043a23] sd      zero, 52(s0)
C0:       1613 [1] pc=[0000000080000004] W[r30=0000000000000006][1] R[r 0=0000000000000000] R[r 0=0000000000000000] inst=[34202f73] csrr    t5, unknown_342
C0:       1614 [1] pc=[0000000080000008] W[r31=0000000000000008][1] R[r 0=0000000000000000] R[r 0=0000000000000000] inst=[00800f93] li      t6, 8
C0:       1616 [1] pc=[000000008000000c] W[r 0=0000000000000000][0] R[r30=0000000000000006] R[r31=0000000000000008] inst=[07ff0663] beq     t5, t6, pc + 108
C0:       1617 [1] pc=[0000000080000010] W[r31=0000000000000009][1] R[r 0=0000000000000000] R[r 0=0000000000000000] inst=[00900f93] li      t6, 9
C0:       1618 [1] pc=[0000000080000014] W[r 0=0000000000000000][0] R[r30=0000000000000006] R[r31=0000000000000009] inst=[07ff0263] beq     t5, t6, pc + 100
C0:       1619 [1] pc=[0000000080000018] W[r31=000000000000000b][1] R[r 0=0000000000000000] R[r 0=0000000000000000] inst=[00b00f93] li      t6, 11
C0:       1620 [1] pc=[000000008000001c] W[r 0=0000000000000000][0] R[r30=0000000000000006] R[r31=000000000000000b] inst=[05ff0e63] beq     t5, t6, pc + 92
C0:       1621 [1] pc=[0000000080000020] W[r30=0000000080000020][1] R[r 0=0000000000000000] R[r 0=0000000000000000] inst=[00000f17] auipc   t5, 0x0
C0:       1622 [1] pc=[0000000080000024] W[r30=00000000800006d8][1] R[r30=0000000080000020] R[r 0=0000000000000000] inst=[6b8f0f13] addi    t5, t5, 1720
C0:       1623 [1] pc=[0000000080000028] W[r 0=0000000000000000][0] R[r30=00000000800006d8] R[r 0=0000000000000000] inst=[000f0463] beqz    t5, pc + 8
C0:       1624 [1] pc=[000000008000002c] W[r 0=0000000080000030][1] R[r30=00000000800006d8] R[r 0=0000000000000000] inst=[000f0067] jr      t5
C0:       1625 [1] pc=[00000000800006d8] W[r 5=0000000000000006][1] R[r 0=0000000000000000] R[r 0=0000000000000000] inst=[342022f3] csrr    t0, unknown_342
C0:       1628 [1] pc=[00000000800006dc] W[r 0=0000000000000000][0] R[r 5=0000000000000006] R[r 9=0000000000000006] inst=[fc9294e3] bne     t0, s1, pc - 56
C0:       1629 [1] pc=[00000000800006e0] W[r 5=0000000080002034][1] R[r 0=0000000000000000] R[r 0=0000000000000000] inst=[343022f3] csrr    t0, unknown_343
C0:       1632 [1] pc=[00000000800006e4] W[r 0=0000000000000000][0] R[r 5=0000000080002034] R[r 6=0000000080002034] inst=[fc6290e3] bne     t0, t1, pc - 64
C0:       1633 [1] pc=[00000000800006e8] W[r 5=0000000000000050][1] R[r 5=0000000080002034] R[r 0=0000000000000000] inst=[00028283] lb      t0, 0(t0)
C0:       1636 [1] pc=[00000000800006ec] W[r 0=0000000000000000][0] R[r 5=0000000000000050] R[r 0=0000000000000000] inst=[fa028ce3] beqz    t0, pc - 72
C0:       1637 [1] pc=[00000000800006f0] W[r 0=00000000800005e0][1] R[r 7=0000000080000604] R[r 0=0000000000000000] inst=[34139073] csrw    unknown_341, t2
C0:       1638 [1] pc=[00000000800006f4] W[r 0=0000000000000000][0] R[r 0=0000000000000000] R[r 0=0000000000000000] inst=[30200073] mret
C0:       1659 [1] pc=[0000000080000604] W[r 3=000000000000001e][1] R[r 0=0000000000000000] R[r 0=0000000000000000] inst=[01e00193] li      gp, 30
C0:       1660 [1] pc=[0000000080000608] W[r 7=0000000080000608][1] R[r 0=0000000000000000] R[r 0=0000000000000000] inst=[00000397] auipc   t2, 0x0
C0:       1661 [1] pc=[000000008000060c] W[r 7=0000000080000638][1] R[r 7=0000000080000608] R[r 0=0000000000000000] inst=[03038393] addi    t2, t2, 48
C0:       1662 [1] pc=[0000000080000610] W[r 6=000000008000203d][1] R[r 8=0000000080002000] R[r 0=0000000000000000] inst=[03d40313] addi    t1, s0, 61
C0:       1663 [0] pc=[0000000080000614] W[r 0=0000000000000000][0] R[r 8=0000000080002000] R[r 0=0000000000000000] inst=[02043ea3] sd      zero, 61(s0)
C0:       1668 [1] pc=[0000000080000004] W[r30=0000000000000006][1] R[r 0=0000000000000000] R[r 0=0000000000000000] inst=[34202f73] csrr    t5, unknown_342
C0:       1669 [1] pc=[0000000080000008] W[r31=0000000000000008][1] R[r 0=0000000000000000] R[r 0=0000000000000000] inst=[00800f93] li      t6, 8
C0:       1671 [1] pc=[000000008000000c] W[r 0=0000000000000000][0] R[r30=0000000000000006] R[r31=0000000000000008] inst=[07ff0663] beq     t5, t6, pc + 108
C0:       1672 [1] pc=[0000000080000010] W[r31=0000000000000009][1] R[r 0=0000000000000000] R[r 0=0000000000000000] inst=[00900f93] li      t6, 9
C0:       1673 [1] pc=[0000000080000014] W[r 0=0000000000000000][0] R[r30=0000000000000006] R[r31=0000000000000009] inst=[07ff0263] beq     t5, t6, pc + 100
C0:       1674 [1] pc=[0000000080000018] W[r31=000000000000000b][1] R[r 0=0000000000000000] R[r 0=0000000000000000] inst=[00b00f93] li      t6, 11
C0:       1675 [1] pc=[000000008000001c] W[r 0=0000000000000000][0] R[r30=0000000000000006] R[r31=000000000000000b] inst=[05ff0e63] beq     t5, t6, pc + 92
C0:       1676 [1] pc=[0000000080000020] W[r30=0000000080000020][1] R[r 0=0000000000000000] R[r 0=0000000000000000] inst=[00000f17] auipc   t5, 0x0
C0:       1677 [1] pc=[0000000080000024] W[r30=00000000800006d8][1] R[r30=0000000080000020] R[r 0=0000000000000000] inst=[6b8f0f13] addi    t5, t5, 1720
C0:       1678 [1] pc=[0000000080000028] W[r 0=0000000000000000][0] R[r30=00000000800006d8] R[r 0=0000000000000000] inst=[000f0463] beqz    t5, pc + 8
C0:       1679 [1] pc=[000000008000002c] W[r 0=0000000080000030][1] R[r30=00000000800006d8] R[r 0=0000000000000000] inst=[000f0067] jr      t5
C0:       1680 [1] pc=[00000000800006d8] W[r 5=0000000000000006][1] R[r 0=0000000000000000] R[r 0=0000000000000000] inst=[342022f3] csrr    t0, unknown_342
C0:       1683 [1] pc=[00000000800006dc] W[r 0=0000000000000000][0] R[r 5=0000000000000006] R[r 9=0000000000000006] inst=[fc9294e3] bne     t0, s1, pc - 56
C0:       1684 [1] pc=[00000000800006e0] W[r 5=000000008000203d][1] R[r 0=0000000000000000] R[r 0=0000000000000000] inst=[343022f3] csrr    t0, unknown_343
C0:       1687 [1] pc=[00000000800006e4] W[r 0=0000000000000000][0] R[r 5=000000008000203d] R[r 6=000000008000203d] inst=[fc6290e3] bne     t0, t1, pc - 64
C0:       1688 [1] pc=[00000000800006e8] W[r 5=0000000000000050][1] R[r 5=000000008000203d] R[r 0=0000000000000000] inst=[00028283] lb      t0, 0(t0)
C0:       1691 [1] pc=[00000000800006ec] W[r 0=0000000000000000][0] R[r 5=0000000000000050] R[r 0=0000000000000000] inst=[fa028ce3] beqz    t0, pc - 72
C0:       1692 [1] pc=[00000000800006f0] W[r 0=0000000080000614][1] R[r 7=0000000080000638] R[r 0=0000000000000000] inst=[34139073] csrw    unknown_341, t2
C0:       1693 [1] pc=[00000000800006f4] W[r 0=0000000000000000][0] R[r 0=0000000000000000] R[r 0=0000000000000000] inst=[30200073] mret
C0:       1698 [1] pc=[0000000080000638] W[r 3=000000000000001f][1] R[r 0=0000000000000000] R[r 0=0000000000000000] inst=[01f00193] li      gp, 31
C0:       1699 [1] pc=[000000008000063c] W[r 7=000000008000063c][1] R[r 0=0000000000000000] R[r 0=0000000000000000] inst=[00000397] auipc   t2, 0x0
C0:       1721 [1] pc=[0000000080000640] W[r 7=000000008000066c][1] R[r 7=000000008000063c] R[r 0=0000000000000000] inst=[03038393] addi    t2, t2, 48
C0:       1722 [1] pc=[0000000080000644] W[r 6=0000000080002046][1] R[r 8=0000000080002000] R[r 0=0000000000000000] inst=[04640313] addi    t1, s0, 70
C0:       1723 [0] pc=[0000000080000648] W[r 0=0000000000000000][0] R[r 8=0000000080002000] R[r 0=0000000000000000] inst=[04043323] sd      zero, 70(s0)
C0:       1728 [1] pc=[0000000080000004] W[r30=0000000000000006][1] R[r 0=0000000000000000] R[r 0=0000000000000000] inst=[34202f73] csrr    t5, unknown_342
C0:       1729 [1] pc=[0000000080000008] W[r31=0000000000000008][1] R[r 0=0000000000000000] R[r 0=0000000000000000] inst=[00800f93] li      t6, 8
C0:       1731 [1] pc=[000000008000000c] W[r 0=0000000000000000][0] R[r30=0000000000000006] R[r31=0000000000000008] inst=[07ff0663] beq     t5, t6, pc + 108
C0:       1732 [1] pc=[0000000080000010] W[r31=0000000000000009][1] R[r 0=0000000000000000] R[r 0=0000000000000000] inst=[00900f93] li      t6, 9
C0:       1733 [1] pc=[0000000080000014] W[r 0=0000000000000000][0] R[r30=0000000000000006] R[r31=0000000000000009] inst=[07ff0263] beq     t5, t6, pc + 100
C0:       1734 [1] pc=[0000000080000018] W[r31=000000000000000b][1] R[r 0=0000000000000000] R[r 0=0000000000000000] inst=[00b00f93] li      t6, 11
C0:       1735 [1] pc=[000000008000001c] W[r 0=0000000000000000][0] R[r30=0000000000000006] R[r31=000000000000000b] inst=[05ff0e63] beq     t5, t6, pc + 92
C0:       1736 [1] pc=[0000000080000020] W[r30=0000000080000020][1] R[r 0=0000000000000000] R[r 0=0000000000000000] inst=[00000f17] auipc   t5, 0x0
C0:       1737 [1] pc=[0000000080000024] W[r30=00000000800006d8][1] R[r30=0000000080000020] R[r 0=0000000000000000] inst=[6b8f0f13] addi    t5, t5, 1720
C0:       1738 [1] pc=[0000000080000028] W[r 0=0000000000000000][0] R[r30=00000000800006d8] R[r 0=0000000000000000] inst=[000f0463] beqz    t5, pc + 8
C0:       1739 [1] pc=[000000008000002c] W[r 0=0000000080000030][1] R[r30=00000000800006d8] R[r 0=0000000000000000] inst=[000f0067] jr      t5
C0:       1740 [1] pc=[00000000800006d8] W[r 5=0000000000000006][1] R[r 0=0000000000000000] R[r 0=0000000000000000] inst=[342022f3] csrr    t0, unknown_342
C0:       1743 [1] pc=[00000000800006dc] W[r 0=0000000000000000][0] R[r 5=0000000000000006] R[r 9=0000000000000006] inst=[fc9294e3] bne     t0, s1, pc - 56
C0:       1744 [1] pc=[00000000800006e0] W[r 5=0000000080002046][1] R[r 0=0000000000000000] R[r 0=0000000000000000] inst=[343022f3] csrr    t0, unknown_343
C0:       1747 [1] pc=[00000000800006e4] W[r 0=0000000000000000][0] R[r 5=0000000080002046] R[r 6=0000000080002046] inst=[fc6290e3] bne     t0, t1, pc - 64
C0:       1764 [1] pc=[00000000800006e8] W[r 5=0000000000000050][1] R[r 5=0000000080002046] R[r 0=0000000000000000] inst=[00028283] lb      t0, 0(t0)
C0:       1767 [1] pc=[00000000800006ec] W[r 0=0000000000000000][0] R[r 5=0000000000000050] R[r 0=0000000000000000] inst=[fa028ce3] beqz    t0, pc - 72
C0:       1768 [1] pc=[00000000800006f0] W[r 0=0000000080000648][1] R[r 7=000000008000066c] R[r 0=0000000000000000] inst=[34139073] csrw    unknown_341, t2
C0:       1769 [1] pc=[00000000800006f4] W[r 0=0000000000000000][0] R[r 0=0000000000000000] R[r 0=0000000000000000] inst=[30200073] mret
C0:       1774 [1] pc=[000000008000066c] W[r 3=0000000000000020][1] R[r 0=0000000000000000] R[r 0=0000000000000000] inst=[02000193] li      gp, 32
C0:       1775 [1] pc=[0000000080000670] W[r 7=0000000080000670][1] R[r 0=0000000000000000] R[r 0=0000000000000000] inst=[00000397] auipc   t2, 0x0
C0:       1776 [1] pc=[0000000080000674] W[r 7=00000000800006a0][1] R[r 7=0000000080000670] R[r 0=0000000000000000] inst=[03038393] addi    t2, t2, 48
C0:       1777 [1] pc=[0000000080000678] W[r 6=000000008000204f][1] R[r 8=0000000080002000] R[r 0=0000000000000000] inst=[04f40313] addi    t1, s0, 79
C0:       1778 [0] pc=[000000008000067c] W[r 0=0000000000000000][0] R[r 8=0000000080002000] R[r 0=0000000000000000] inst=[040437a3] sd      zero, 79(s0)
C0:       1783 [1] pc=[0000000080000004] W[r30=0000000000000006][1] R[r 0=0000000000000000] R[r 0=0000000000000000] inst=[34202f73] csrr    t5, unknown_342
C0:       1784 [1] pc=[0000000080000008] W[r31=0000000000000008][1] R[r 0=0000000000000000] R[r 0=0000000000000000] inst=[00800f93] li      t6, 8
C0:       1786 [1] pc=[000000008000000c] W[r 0=0000000000000000][0] R[r30=0000000000000006] R[r31=0000000000000008] inst=[07ff0663] beq     t5, t6, pc + 108
C0:       1787 [1] pc=[0000000080000010] W[r31=0000000000000009][1] R[r 0=0000000000000000] R[r 0=0000000000000000] inst=[00900f93] li      t6, 9
C0:       1788 [1] pc=[0000000080000014] W[r 0=0000000000000000][0] R[r30=0000000000000006] R[r31=0000000000000009] inst=[07ff0263] beq     t5, t6, pc + 100
C0:       1789 [1] pc=[0000000080000018] W[r31=000000000000000b][1] R[r 0=0000000000000000] R[r 0=0000000000000000] inst=[00b00f93] li      t6, 11
C0:       1790 [1] pc=[000000008000001c] W[r 0=0000000000000000][0] R[r30=0000000000000006] R[r31=000000000000000b] inst=[05ff0e63] beq     t5, t6, pc + 92
C0:       1791 [1] pc=[0000000080000020] W[r30=0000000080000020][1] R[r 0=0000000000000000] R[r 0=0000000000000000] inst=[00000f17] auipc   t5, 0x0
C0:       1792 [1] pc=[0000000080000024] W[r30=00000000800006d8][1] R[r30=0000000080000020] R[r 0=0000000000000000] inst=[6b8f0f13] addi    t5, t5, 1720
C0:       1793 [1] pc=[0000000080000028] W[r 0=0000000000000000][0] R[r30=00000000800006d8] R[r 0=0000000000000000] inst=[000f0463] beqz    t5, pc + 8
C0:       1794 [1] pc=[000000008000002c] W[r 0=0000000080000030][1] R[r30=00000000800006d8] R[r 0=0000000000000000] inst=[000f0067] jr      t5
C0:       1795 [1] pc=[00000000800006d8] W[r 5=0000000000000006][1] R[r 0=0000000000000000] R[r 0=0000000000000000] inst=[342022f3] csrr    t0, unknown_342
C0:       1798 [1] pc=[00000000800006dc] W[r 0=0000000000000000][0] R[r 5=0000000000000006] R[r 9=0000000000000006] inst=[fc9294e3] bne     t0, s1, pc - 56
C0:       1799 [1] pc=[00000000800006e0] W[r 5=000000008000204f][1] R[r 0=0000000000000000] R[r 0=0000000000000000] inst=[343022f3] csrr    t0, unknown_343
C0:       1802 [1] pc=[00000000800006e4] W[r 0=0000000000000000][0] R[r 5=000000008000204f] R[r 6=000000008000204f] inst=[fc6290e3] bne     t0, t1, pc - 64
C0:       1803 [1] pc=[00000000800006e8] W[r 5=0000000000000050][1] R[r 5=000000008000204f] R[r 0=0000000000000000] inst=[00028283] lb      t0, 0(t0)
C0:       1806 [1] pc=[00000000800006ec] W[r 0=0000000000000000][0] R[r 5=0000000000000050] R[r 0=0000000000000000] inst=[fa028ce3] beqz    t0, pc - 72
C0:       1807 [1] pc=[00000000800006f0] W[r 0=000000008000067c][1] R[r 7=00000000800006a0] R[r 0=0000000000000000] inst=[34139073] csrw    unknown_341, t2
C0:       1808 [1] pc=[00000000800006f4] W[r 0=0000000000000000][0] R[r 0=0000000000000000] R[r 0=0000000000000000] inst=[30200073] mret
C0:       1829 [1] pc=[00000000800006a0] W[r 0=0000000000000000][0] R[r 0=0000000000000000] R[r 3=0000000000000020] inst=[02301063] bne     zero, gp, pc + 32
C0:       1833 [1] pc=[00000000800006c0] W[r 0=0000000000000000][0] R[r 0=0000000000000000] R[r 0=0000000000000000] inst=[0ff0000f] fence   iorw,iorw
C0:       1834 [1] pc=[00000000800006c4] W[r 3=0000000000000001][1] R[r 0=0000000000000000] R[r 0=0000000000000000] inst=[00100193] li      gp, 1
C0:       1835 [1] pc=[00000000800006c8] W[r17=000000000000005d][1] R[r 0=0000000000000000] R[r 0=0000000000000000] inst=[05d00893] li      a7, 93
C0:       1836 [1] pc=[00000000800006cc] W[r10=0000000000000000][1] R[r 0=0000000000000000] R[r 0=0000000000000000] inst=[00000513] li      a0, 0
C0:       1837 [0] pc=[00000000800006d0] W[r 0=0000000000000000][0] R[r 0=0000000000000000] R[r 0=0000000000000000] inst=[00000073] ecall
C0:       1842 [1] pc=[0000000080000004] W[r30=000000000000000b][1] R[r 0=0000000000000000] R[r 0=0000000000000000] inst=[34202f73] csrr    t5, unknown_342
C0:       1843 [1] pc=[0000000080000008] W[r31=0000000000000008][1] R[r 0=0000000000000000] R[r 0=0000000000000000] inst=[00800f93] li      t6, 8
C0:       1845 [1] pc=[000000008000000c] W[r 0=0000000000000000][0] R[r30=000000000000000b] R[r31=0000000000000008] inst=[07ff0663] beq     t5, t6, pc + 108
C0:       1846 [1] pc=[0000000080000010] W[r31=0000000000000009][1] R[r 0=0000000000000000] R[r 0=0000000000000000] inst=[00900f93] li      t6, 9
C0:       1847 [1] pc=[0000000080000014] W[r 0=0000000000000000][0] R[r30=000000000000000b] R[r31=0000000000000009] inst=[07ff0263] beq     t5, t6, pc + 100
C0:       1848 [1] pc=[0000000080000018] W[r31=000000000000000b][1] R[r 0=0000000000000000] R[r 0=0000000000000000] inst=[00b00f93] li      t6, 11
C0:       1849 [1] pc=[000000008000001c] W[r 0=0000000000000000][0] R[r30=000000000000000b] R[r31=000000000000000b] inst=[05ff0e63] beq     t5, t6, pc + 92
C0:       1874 [1] pc=[0000000080000078] W[r30=0000000080001078][1] R[r 0=0000000000000000] R[r 0=0000000000000000] inst=[00001f17] auipc   t5, 0x1
C0:       1891 [1] pc=[000000008000007c] W[r 0=0000000000000000][0] R[r30=0000000080001078] R[r 3=0000000000000001] inst=[f83f2423] sw      gp, -120(t5)
C0:       1892 [1] pc=[0000000080000080] W[r 0=0000000080000084][1] R[r 0=0000000000000000] R[r 0=0000000000000000] inst=[ff9ff06f] j       pc - 0x8
C0:       1893 [1] pc=[0000000080000078] W[r30=0000000080001078][1] R[r 0=0000000000000000] R[r 0=0000000000000000] inst=[00001f17] auipc   t5, 0x1
C0:       1894 [1] pc=[000000008000007c] W[r 0=0000000000000000][0] R[r30=0000000080001078] R[r 3=0000000000000001] inst=[f83f2423] sw      gp, -120(t5)
C0:       1895 [1] pc=[0000000080000080] W[r 0=0000000080000084][1] R[r 0=0000000000000000] R[r 0=0000000000000000] inst=[ff9ff06f] j       pc - 0x8
C0:       1896 [1] pc=[0000000080000078] W[r30=0000000080001078][1] R[r 0=0000000000000000] R[r 0=0000000000000000] inst=[00001f17] auipc   t5, 0x1
C0:       1897 [1] pc=[000000008000007c] W[r 0=0000000000000000][0] R[r30=0000000080001078] R[r 3=0000000000000001] inst=[f83f2423] sw      gp, -120(t5)
C0:       1898 [1] pc=[0000000080000080] W[r 0=0000000080000084][1] R[r 0=0000000000000000] R[r 0=0000000000000000] inst=[ff9ff06f] j       pc - 0x8
C0:       1899 [1] pc=[0000000080000078] W[r30=0000000080001078][1] R[r 0=0000000000000000] R[r 0=0000000000000000] inst=[00001f17] auipc   t5, 0x1
C0:       1900 [1] pc=[000000008000007c] W[r 0=0000000000000000][0] R[r30=0000000080001078] R[r 3=0000000000000001] inst=[f83f2423] sw      gp, -120(t5)
C0:       1901 [1] pc=[0000000080000080] W[r 0=0000000080000084][1] R[r 0=0000000000000000] R[r 0=0000000000000000] inst=[ff9ff06f] j       pc - 0x8
C0:       1902 [1] pc=[0000000080000078] W[r30=0000000080001078][1] R[r 0=0000000000000000] R[r 0=0000000000000000] inst=[00001f17] auipc   t5, 0x1
C0:       1903 [1] pc=[000000008000007c] W[r 0=0000000000000000][0] R[r30=0000000080001078] R[r 3=0000000000000001] inst=[f83f2423] sw      gp, -120(t5)
C0:       1904 [1] pc=[0000000080000080] W[r 0=0000000080000084][1] R[r 0=0000000000000000] R[r 0=0000000000000000] inst=[ff9ff06f] j       pc - 0x8
C0:       1905 [1] pc=[0000000080000078] W[r30=0000000080001078][1] R[r 0=0000000000000000] R[r 0=0000000000000000] inst=[00001f17] auipc   t5, 0x1
C0:       1906 [1] pc=[000000008000007c] W[r 0=0000000000000000][0] R[r30=0000000080001078] R[r 3=0000000000000001] inst=[f83f2423] sw      gp, -120(t5)
C0:       1907 [1] pc=[0000000080000080] W[r 0=0000000080000084][1] R[r 0=0000000000000000] R[r 0=0000000000000000] inst=[ff9ff06f] j       pc - 0x8
C0:       1908 [1] pc=[0000000080000078] W[r30=0000000080001078][1] R[r 0=0000000000000000] R[r 0=0000000000000000] inst=[00001f17] auipc   t5, 0x1
C0:       1909 [1] pc=[000000008000007c] W[r 0=0000000000000000][0] R[r30=0000000080001078] R[r 3=0000000000000001] inst=[f83f2423] sw      gp, -120(t5)
C0:       1910 [1] pc=[0000000080000080] W[r 0=0000000080000084][1] R[r 0=0000000000000000] R[r 0=0000000000000000] inst=[ff9ff06f] j       pc - 0x8
C0:       1911 [1] pc=[0000000080000078] W[r30=0000000080001078][1] R[r 0=0000000000000000] R[r 0=0000000000000000] inst=[00001f17] auipc   t5, 0x1
C0:       1912 [1] pc=[000000008000007c] W[r 0=0000000000000000][0] R[r30=0000000080001078] R[r 3=0000000000000001] inst=[f83f2423] sw      gp, -120(t5)
C0:       1913 [1] pc=[0000000080000080] W[r 0=0000000080000084][1] R[r 0=0000000000000000] R[r 0=0000000000000000] inst=[ff9ff06f] j       pc - 0x8
C0:       1914 [1] pc=[0000000080000078] W[r30=0000000080001078][1] R[r 0=0000000000000000] R[r 0=0000000000000000] inst=[00001f17] auipc   t5, 0x1
C0:       1915 [1] pc=[000000008000007c] W[r 0=0000000000000000][0] R[r30=0000000080001078] R[r 3=0000000000000001] inst=[f83f2423] sw      gp, -120(t5)
C0:       1916 [1] pc=[0000000080000080] W[r 0=0000000080000084][1] R[r 0=0000000000000000] R[r 0=0000000000000000] inst=[ff9ff06f] j       pc - 0x8
C0:       1917 [1] pc=[0000000080000078] W[r30=0000000080001078][1] R[r 0=0000000000000000] R[r 0=0000000000000000] inst=[00001f17] auipc   t5, 0x1
C0:       1918 [1] pc=[000000008000007c] W[r 0=0000000000000000][0] R[r30=0000000080001078] R[r 3=0000000000000001] inst=[f83f2423] sw      gp, -120(t5)
C0:       1919 [1] pc=[0000000080000080] W[r 0=0000000080000084][1] R[r 0=0000000000000000] R[r 0=0000000000000000] inst=[ff9ff06f] j       pc - 0x8
C0:       1920 [1] pc=[0000000080000078] W[r30=0000000080001078][1] R[r 0=0000000000000000] R[r 0=0000000000000000] inst=[00001f17] auipc   t5, 0x1
C0:       1921 [1] pc=[000000008000007c] W[r 0=0000000000000000][0] R[r30=0000000080001078] R[r 3=0000000000000001] inst=[f83f2423] sw      gp, -120(t5)
C0:       1922 [1] pc=[0000000080000080] W[r 0=0000000080000084][1] R[r 0=0000000000000000] R[r 0=0000000000000000] inst=[ff9ff06f] j       pc - 0x8
C0:       1923 [1] pc=[0000000080000078] W[r30=0000000080001078][1] R[r 0=0000000000000000] R[r 0=0000000000000000] inst=[00001f17] auipc   t5, 0x1
C0:       1924 [1] pc=[000000008000007c] W[r 0=0000000000000000][0] R[r30=0000000080001078] R[r 3=0000000000000001] inst=[f83f2423] sw      gp, -120(t5)
C0:       1925 [1] pc=[0000000080000080] W[r 0=0000000080000084][1] R[r 0=0000000000000000] R[r 0=0000000000000000] inst=[ff9ff06f] j       pc - 0x8
C0:       1926 [1] pc=[0000000080000078] W[r30=0000000080001078][1] R[r 0=0000000000000000] R[r 0=0000000000000000] inst=[00001f17] auipc   t5, 0x1
C0:       1927 [1] pc=[000000008000007c] W[r 0=0000000000000000][0] R[r30=0000000080001078] R[r 3=0000000000000001] inst=[f83f2423] sw      gp, -120(t5)
C0:       1928 [1] pc=[0000000080000080] W[r 0=0000000080000084][1] R[r 0=0000000000000000] R[r 0=0000000000000000] inst=[ff9ff06f] j       pc - 0x8
C0:       1929 [1] pc=[0000000080000078] W[r30=0000000080001078][1] R[r 0=0000000000000000] R[r 0=0000000000000000] inst=[00001f17] auipc   t5, 0x1
C0:       1955 [1] pc=[000000008000007c] W[r 0=0000000000000000][0] R[r30=0000000080001078] R[r 3=0000000000000001] inst=[f83f2423] sw      gp, -120(t5)
C0:       1956 [1] pc=[0000000080000080] W[r 0=0000000080000084][1] R[r 0=0000000000000000] R[r 0=0000000000000000] inst=[ff9ff06f] j       pc - 0x8
C0:       1957 [1] pc=[0000000080000078] W[r30=0000000080001078][1] R[r 0=0000000000000000] R[r 0=0000000000000000] inst=[00001f17] auipc   t5, 0x1
C0:       1958 [1] pc=[000000008000007c] W[r 0=0000000000000000][0] R[r30=0000000080001078] R[r 3=0000000000000001] inst=[f83f2423] sw      gp, -120(t5)
C0:       1959 [1] pc=[0000000080000080] W[r 0=0000000080000084][1] R[r 0=0000000000000000] R[r 0=0000000000000000] inst=[ff9ff06f] j       pc - 0x8
C0:       1960 [1] pc=[0000000080000078] W[r30=0000000080001078][1] R[r 0=0000000000000000] R[r 0=0000000000000000] inst=[00001f17] auipc   t5, 0x1
C0:       1961 [1] pc=[000000008000007c] W[r 0=0000000000000000][0] R[r30=0000000080001078] R[r 3=0000000000000001] inst=[f83f2423] sw      gp, -120(t5)
C0:       1962 [1] pc=[0000000080000080] W[r 0=0000000080000084][1] R[r 0=0000000000000000] R[r 0=0000000000000000] inst=[ff9ff06f] j       pc - 0x8
C0:       1963 [1] pc=[0000000080000078] W[r30=0000000080001078][1] R[r 0=0000000000000000] R[r 0=0000000000000000] inst=[00001f17] auipc   t5, 0x1
C0:       1964 [1] pc=[000000008000007c] W[r 0=0000000000000000][0] R[r30=0000000080001078] R[r 3=0000000000000001] inst=[f83f2423] sw      gp, -120(t5)
C0:       1965 [1] pc=[0000000080000080] W[r 0=0000000080000084][1] R[r 0=0000000000000000] R[r 0=0000000000000000] inst=[ff9ff06f] j       pc - 0x8
C0:       1966 [1] pc=[0000000080000078] W[r30=0000000080001078][1] R[r 0=0000000000000000] R[r 0=0000000000000000] inst=[00001f17] auipc   t5, 0x1
C0:       1967 [1] pc=[000000008000007c] W[r 0=0000000000000000][0] R[r30=0000000080001078] R[r 3=0000000000000001] inst=[f83f2423] sw      gp, -120(t5)
C0:       1968 [1] pc=[0000000080000080] W[r 0=0000000080000084][1] R[r 0=0000000000000000] R[r 0=0000000000000000] inst=[ff9ff06f] j       pc - 0x8
C0:       1969 [1] pc=[0000000080000078] W[r30=0000000080001078][1] R[r 0=0000000000000000] R[r 0=0000000000000000] inst=[00001f17] auipc   t5, 0x1
C0:       1970 [1] pc=[000000008000007c] W[r 0=0000000000000000][0] R[r30=0000000080001078] R[r 3=0000000000000001] inst=[f83f2423] sw      gp, -120(t5)
C0:       1971 [1] pc=[0000000080000080] W[r 0=0000000080000084][1] R[r 0=0000000000000000] R[r 0=0000000000000000] inst=[ff9ff06f] j       pc - 0x8
C0:       1972 [1] pc=[0000000080000078] W[r30=0000000080001078][1] R[r 0=0000000000000000] R[r 0=0000000000000000] inst=[00001f17] auipc   t5, 0x1
C0:       1973 [1] pc=[000000008000007c] W[r 0=0000000000000000][0] R[r30=0000000080001078] R[r 3=0000000000000001] inst=[f83f2423] sw      gp, -120(t5)
C0:       1974 [1] pc=[0000000080000080] W[r 0=0000000080000084][1] R[r 0=0000000000000000] R[r 0=0000000000000000] inst=[ff9ff06f] j       pc - 0x8
C0:       1975 [1] pc=[0000000080000078] W[r30=0000000080001078][1] R[r 0=0000000000000000] R[r 0=0000000000000000] inst=[00001f17] auipc   t5, 0x1
C0:       1976 [1] pc=[000000008000007c] W[r 0=0000000000000000][0] R[r30=0000000080001078] R[r 3=0000000000000001] inst=[f83f2423] sw      gp, -120(t5)
C0:       1977 [1] pc=[0000000080000080] W[r 0=0000000080000084][1] R[r 0=0000000000000000] R[r 0=0000000000000000] inst=[ff9ff06f] j       pc - 0x8
C0:       1978 [1] pc=[0000000080000078] W[r30=0000000080001078][1] R[r 0=0000000000000000] R[r 0=0000000000000000] inst=[00001f17] auipc   t5, 0x1
C0:       1979 [1] pc=[000000008000007c] W[r 0=0000000000000000][0] R[r30=0000000080001078] R[r 3=0000000000000001] inst=[f83f2423] sw      gp, -120(t5)
C0:       1980 [1] pc=[0000000080000080] W[r 0=0000000080000084][1] R[r 0=0000000000000000] R[r 0=0000000000000000] inst=[ff9ff06f] j       pc - 0x8
C0:       1981 [1] pc=[0000000080000078] W[r30=0000000080001078][1] R[r 0=0000000000000000] R[r 0=0000000000000000] inst=[00001f17] auipc   t5, 0x1
C0:       1982 [1] pc=[000000008000007c] W[r 0=0000000000000000][0] R[r30=0000000080001078] R[r 3=0000000000000001] inst=[f83f2423] sw      gp, -120(t5)
C0:       1983 [1] pc=[0000000080000080] W[r 0=0000000080000084][1] R[r 0=0000000000000000] R[r 0=0000000000000000] inst=[ff9ff06f] j       pc - 0x8
C0:       1984 [1] pc=[0000000080000078] W[r30=0000000080001078][1] R[r 0=0000000000000000] R[r 0=0000000000000000] inst=[00001f17] auipc   t5, 0x1
C0:       1985 [1] pc=[000000008000007c] W[r 0=0000000000000000][0] R[r30=0000000080001078] R[r 3=0000000000000001] inst=[f83f2423] sw      gp, -120(t5)
C0:       1986 [1] pc=[0000000080000080] W[r 0=0000000080000084][1] R[r 0=0000000000000000] R[r 0=0000000000000000] inst=[ff9ff06f] j       pc - 0x8
C0:       1987 [1] pc=[0000000080000078] W[r30=0000000080001078][1] R[r 0=0000000000000000] R[r 0=0000000000000000] inst=[00001f17] auipc   t5, 0x1
*** PASSED *** Completed after 80331 cycles
