using random seed 1632263286
This emulator compiled with JTAG Remote Bitbang client. To enable, use +jtag_rbb_enable=1.
Listening on port 41411
== Loading device model file '/home/fleker/Desktop/chipyard/generators/testchipip/src/main/resources/dramsim2_ini/DDR3_micron_64M_8B_x4_sg15.ini' == 
== Loading system model file '/home/fleker/Desktop/chipyard/generators/testchipip/src/main/resources/dramsim2_ini/system.ini' == 
===== MemorySystem 0 =====
CH. 0 TOTAL_STORAGE : 4096MB | 1 Ranks | 16 Devices per rank
DRAMSim2 Clock Frequency =666666666Hz, CPU Clock Frequency=100000000Hz
C0:         19 [1] pc=[0000000000010040] W[r10=0000000000010040][1] R[r 0=0000000000000000] R[r 0=0000000000000000] inst=[00000517] auipc   a0, 0x0
C0:         20 [1] pc=[0000000000010044] W[r10=0000000000010000][1] R[r10=0000000000010040] R[r 0=0000000000000000] inst=[fc050513] addi    a0, a0, -64
C0:         21 [1] pc=[0000000000010048] W[r 0=0000000000000000][1] R[r10=0000000000010000] R[r 0=0000000000000000] inst=[30551073] csrw    unknown_305, a0
C0:         26 [1] pc=[000000000001004c] W[r 5=800000000094112d][1] R[r 0=0000000000000000] R[r 0=0000000000000000] inst=[301022f3] csrr    t0, unknown_301
C0:         29 [1] pc=[0000000000010050] W[r 5=ffffe00000000025][1] R[r 5=800000000094112d] R[r 0=0000000000000000] inst=[4122d293] srai    t0, t0, 18
C0:         30 [1] pc=[0000000000010054] W[r 5=0000000000000001][1] R[r 5=ffffe00000000025] R[r 0=0000000000000000] inst=[0012f293] andi    t0, t0, 1
C0:         31 [1] pc=[0000000000010058] W[r 0=0000000000000000][0] R[r 5=0000000000000001] R[r 0=0000000000000000] inst=[00028463] beqz    t0, pc + 8
C0:         32 [1] pc=[000000000001005c] W[r 0=0000000000000000][1] R[r 0=0000000000000000] R[r 0=0000000000000000] inst=[30301073] csrw    unknown_303, zero
C0:         37 [1] pc=[0000000000010060] W[r10=0000000000000008][1] R[r 0=0000000000000000] R[r 0=0000000000000000] inst=[00800513] li      a0, 8
C0:         38 [1] pc=[0000000000010064] W[r 0=0000000000000000][1] R[r10=0000000000000008] R[r 0=0000000000000000] inst=[30451073] csrw    unknown_304, a0
C0:         43 [1] pc=[0000000000010068] W[r 0=0000000a00001800][1] R[r10=0000000000000008] R[r 0=0000000000000000] inst=[30052073] csrs    unknown_300, a0
C0:         48 [1] pc=[000000000001006c] W[r 0=0000000000000000][0] R[r 0=0000000000000000] R[r 0=0000000000000000] inst=[10500073] wfi
C0:         51 [0] pc=[0000000000010070] W[r 0=0000000000000000][0] R[r31=0000000000000008] R[r 0=0000000000000000] inst=[ffdff06f] j       pc - 0x4
C0:         70 [1] pc=[0000000000010000] W[r11=0000000002000000][1] R[r 0=0000000000000000] R[r 0=0000000000000000] inst=[020005b7] lui     a1, 0x2000
C0:         71 [1] pc=[0000000000010004] W[r10=0000000000000000][1] R[r 0=0000000000000000] R[r 0=0000000000000000] inst=[f1402573] csrr    a0, unknown_f14
C0:         74 [1] pc=[0000000000010008] W[r 0=0000000000000000][0] R[r10=0000000000000000] R[r 0=0000000000000000] inst=[00050463] beqz    a0, pc + 8
C0:         78 [1] pc=[0000000000010010] W[r12=0000000002000004][1] R[r11=0000000002000000] R[r 0=0000000000000000] inst=[00458613] addi    a2, a1, 4
C0:         79 [1] pc=[0000000000010014] W[r13=0000000000000001][1] R[r 0=0000000000000000] R[r 0=0000000000000000] inst=[00100693] li      a3, 1
C0:         80 [1] pc=[0000000000010018] W[r 0=0000000000000000][0] R[r12=0000000002000004] R[r13=0000000000000001] inst=[00d62023] sw      a3, 0(a2)
C0:         81 [1] pc=[000000000001001c] W[r12=0000000002000008][1] R[r12=0000000002000004] R[r 0=0000000000000000] inst=[00460613] addi    a2, a2, 4
C0:         87 [1] pc=[0000000000010020] W[r13=0000000000000000][0] R[r12=0000000002000008] R[r 0=0000000000000000] inst=[ffc62683] lw      a3, -4(a2)
C0:         95 [1] pc=[0000000000010024] W[r 0=0000000000000000][0] R[r13=0000000000000000] R[r 0=0000000000000000] inst=[fe069ae3] bnez    a3, pc - 12
C0:         96 [1] pc=[0000000000010028] W[r 0=000000000001002c][1] R[r 0=0000000000000000] R[r 0=0000000000000000] inst=[05c0006f] j       pc + 0x5c
C0:        116 [1] pc=[0000000000010084] W[r 0=0000000000000000][0] R[r11=0000000002000000] R[r 0=0000000000000000] inst=[0005a023] sw      zero, 0(a1)
C0:        117 [1] pc=[0000000000010088] W[r10=0000000000004000][1] R[r 0=0000000000000000] R[r 0=0000000000000000] inst=[00004537] lui     a0, 0x4
C0:        123 [1] pc=[000000000001008c] W[r10=0000000000000000][0] R[r10=0000000000004000] R[r 0=0000000000000000] inst=[00056503] lwu     a0, 0(a0)
C0:        135 [1] pc=[0000000000010090] W[r 0=0000000000010070][1] R[r10=0000000080000000] R[r 0=0000000000000000] inst=[34151073] csrw    unknown_341, a0
C0:        136 [1] pc=[0000000000010094] W[r10=0000000000000000][1] R[r 0=0000000000000000] R[r 0=0000000000000000] inst=[f1402573] csrr    a0, unknown_f14
C0:        137 [1] pc=[0000000000010098] W[r11=0000000000010098][1] R[r 0=0000000000000000] R[r 0=0000000000000000] inst=[00000597] auipc   a1, 0x0
C0:        138 [1] pc=[000000000001009c] W[r11=00000000000100b0][1] R[r11=0000000000010098] R[r 0=0000000000000000] inst=[01858593] addi    a1, a1, 24
C0:        139 [1] pc=[00000000000100a0] W[r12=0000000000000080][1] R[r 0=0000000000000000] R[r 0=0000000000000000] inst=[08000613] li      a2, 128
C0:        140 [1] pc=[00000000000100a4] W[r 0=0000000a00001880][1] R[r12=0000000000000080] R[r 0=0000000000000000] inst=[30063073] csrc    unknown_300, a2
C0:        145 [1] pc=[00000000000100a8] W[r 0=0000000000000000][0] R[r 0=0000000000000000] R[r 0=0000000000000000] inst=[30200073] mret
C0:        166 [1] pc=[0000000080000000] W[r 0=0000000080000004][1] R[r 0=0000000000000000] R[r 0=0000000000000000] inst=[0840006f] j       pc + 0x84
C0:        189 [1] pc=[0000000080000084] W[r 1=0000000000000000][1] R[r 0=0000000000000000] R[r 0=0000000000000000] inst=[00000093] li      ra, 0
C0:        190 [1] pc=[0000000080000088] W[r 2=0000000000000000][1] R[r 0=0000000000000000] R[r 0=0000000000000000] inst=[00000113] li      sp, 0
C0:        191 [1] pc=[000000008000008c] W[r 3=0000000000000000][1] R[r 0=0000000000000000] R[r 0=0000000000000000] inst=[00000193] li      gp, 0
C0:        192 [1] pc=[0000000080000090] W[r 4=0000000000000000][1] R[r 0=0000000000000000] R[r 0=0000000000000000] inst=[00000213] li      tp, 0
C0:        193 [1] pc=[0000000080000094] W[r 5=0000000000000000][1] R[r 0=0000000000000000] R[r 0=0000000000000000] inst=[00000293] li      t0, 0
C0:        194 [1] pc=[0000000080000098] W[r 6=0000000000000000][1] R[r 0=0000000000000000] R[r 0=0000000000000000] inst=[00000313] li      t1, 0
C0:        195 [1] pc=[000000008000009c] W[r 7=0000000000000000][1] R[r 0=0000000000000000] R[r 0=0000000000000000] inst=[00000393] li      t2, 0
C0:        196 [1] pc=[00000000800000a0] W[r 8=0000000000000000][1] R[r 0=0000000000000000] R[r 0=0000000000000000] inst=[00000413] li      s0, 0
C0:        197 [1] pc=[00000000800000a4] W[r 9=0000000000000000][1] R[r 0=0000000000000000] R[r 0=0000000000000000] inst=[00000493] li      s1, 0
C0:        198 [1] pc=[00000000800000a8] W[r10=0000000000000000][1] R[r 0=0000000000000000] R[r 0=0000000000000000] inst=[00000513] li      a0, 0
C0:        199 [1] pc=[00000000800000ac] W[r11=0000000000000000][1] R[r 0=0000000000000000] R[r 0=0000000000000000] inst=[00000593] li      a1, 0
C0:        200 [1] pc=[00000000800000b0] W[r12=0000000000000000][1] R[r 0=0000000000000000] R[r 0=0000000000000000] inst=[00000613] li      a2, 0
C0:        201 [1] pc=[00000000800000b4] W[r13=0000000000000000][1] R[r 0=0000000000000000] R[r 0=0000000000000000] inst=[00000693] li      a3, 0
C0:        202 [1] pc=[00000000800000b8] W[r14=0000000000000000][1] R[r 0=0000000000000000] R[r 0=0000000000000000] inst=[00000713] li      a4, 0
C0:        203 [1] pc=[00000000800000bc] W[r15=0000000000000000][1] R[r 0=0000000000000000] R[r 0=0000000000000000] inst=[00000793] li      a5, 0
C0:        225 [1] pc=[00000000800000c0] W[r16=0000000000000000][1] R[r 0=0000000000000000] R[r 0=0000000000000000] inst=[00000813] li      a6, 0
C0:        226 [1] pc=[00000000800000c4] W[r17=0000000000000000][1] R[r 0=0000000000000000] R[r 0=0000000000000000] inst=[00000893] li      a7, 0
C0:        227 [1] pc=[00000000800000c8] W[r18=0000000000000000][1] R[r 0=0000000000000000] R[r 0=0000000000000000] inst=[00000913] li      s2, 0
C0:        228 [1] pc=[00000000800000cc] W[r19=0000000000000000][1] R[r 0=0000000000000000] R[r 0=0000000000000000] inst=[00000993] li      s3, 0
C0:        229 [1] pc=[00000000800000d0] W[r20=0000000000000000][1] R[r 0=0000000000000000] R[r 0=0000000000000000] inst=[00000a13] li      s4, 0
C0:        230 [1] pc=[00000000800000d4] W[r21=0000000000000000][1] R[r 0=0000000000000000] R[r 0=0000000000000000] inst=[00000a93] li      s5, 0
C0:        231 [1] pc=[00000000800000d8] W[r22=0000000000000000][1] R[r 0=0000000000000000] R[r 0=0000000000000000] inst=[00000b13] li      s6, 0
C0:        232 [1] pc=[00000000800000dc] W[r23=0000000000000000][1] R[r 0=0000000000000000] R[r 0=0000000000000000] inst=[00000b93] li      s7, 0
C0:        233 [1] pc=[00000000800000e0] W[r24=0000000000000000][1] R[r 0=0000000000000000] R[r 0=0000000000000000] inst=[00000c13] li      s8, 0
C0:        234 [1] pc=[00000000800000e4] W[r25=0000000000000000][1] R[r 0=0000000000000000] R[r 0=0000000000000000] inst=[00000c93] li      s9, 0
C0:        235 [1] pc=[00000000800000e8] W[r26=0000000000000000][1] R[r 0=0000000000000000] R[r 0=0000000000000000] inst=[00000d13] li      s10, 0
C0:        236 [1] pc=[00000000800000ec] W[r27=0000000000000000][1] R[r 0=0000000000000000] R[r 0=0000000000000000] inst=[00000d93] li      s11, 0
C0:        237 [1] pc=[00000000800000f0] W[r28=0000000000000000][1] R[r 0=0000000000000000] R[r 0=0000000000000000] inst=[00000e13] li      t3, 0
C0:        238 [1] pc=[00000000800000f4] W[r29=0000000000000000][1] R[r 0=0000000000000000] R[r 0=0000000000000000] inst=[00000e93] li      t4, 0
C0:        239 [1] pc=[00000000800000f8] W[r30=0000000000000000][1] R[r 0=0000000000000000] R[r 0=0000000000000000] inst=[00000f13] li      t5, 0
C0:        240 [1] pc=[00000000800000fc] W[r31=0000000000000000][1] R[r 0=0000000000000000] R[r 0=0000000000000000] inst=[00000f93] li      t6, 0
C0:        262 [1] pc=[0000000080000100] W[r10=0000000000000000][1] R[r 0=0000000000000000] R[r 0=0000000000000000] inst=[f1402573] csrr    a0, unknown_f14
C0:        265 [1] pc=[0000000080000104] W[r 0=0000000000000000][0] R[r10=0000000000000000] R[r 0=0000000000000000] inst=[00051063] bnez    a0, pc + 0
C0:        266 [1] pc=[0000000080000108] W[r 5=0000000080000108][1] R[r 0=0000000000000000] R[r 0=0000000000000000] inst=[00000297] auipc   t0, 0x0
C0:        267 [1] pc=[000000008000010c] W[r 5=0000000080000118][1] R[r 5=0000000080000108] R[r 0=0000000000000000] inst=[01028293] addi    t0, t0, 16
C0:        268 [1] pc=[0000000080000110] W[r 0=0000000000010000][1] R[r 5=0000000080000118] R[r 0=0000000000000000] inst=[30529073] csrw    unknown_305, t0
C0:        273 [1] pc=[0000000080000114] W[r 0=0000000000000000][1] R[r 0=0000000000000000] R[r 0=0000000000000000] inst=[18005073] csrwi   unknown_180, 0
C0:        278 [1] pc=[0000000080000118] W[r 5=0000000080000118][1] R[r 0=0000000000000000] R[r 0=0000000000000000] inst=[00000297] auipc   t0, 0x0
C0:        279 [1] pc=[000000008000011c] W[r 5=000000008000013c][1] R[r 5=0000000080000118] R[r 0=0000000000000000] inst=[02428293] addi    t0, t0, 36
C0:        280 [1] pc=[0000000080000120] W[r 0=0000000080000118][1] R[r 5=000000008000013c] R[r 0=0000000000000000] inst=[30529073] csrw    unknown_305, t0
C0:        285 [1] pc=[0000000080000124] W[r 5=0000000000000001][1] R[r 0=0000000000000000] R[r 0=0000000000000000] inst=[0010029b] addiw   t0, zero, 1
C0:        286 [1] pc=[0000000080000128] W[r 5=0020000000000000][1] R[r 5=0000000000000001] R[r 0=0000000000000000] inst=[03529293] slli    t0, t0, 53
C0:        287 [1] pc=[000000008000012c] W[r 5=001fffffffffffff][1] R[r 5=0020000000000000] R[r 0=0000000000000000] inst=[fff28293] addi    t0, t0, -1
C0:        288 [1] pc=[0000000080000130] W[r 0=0000000000000000][1] R[r 5=001fffffffffffff] R[r 0=0000000000000000] inst=[3b029073] csrw    unknown_3b0, t0
C0:        293 [1] pc=[0000000080000134] W[r 5=000000000000001f][1] R[r 0=0000000000000000] R[r 0=0000000000000000] inst=[01f00293] li      t0, 31
C0:        294 [1] pc=[0000000080000138] W[r 0=0000000000000000][1] R[r 5=000000000000001f] R[r 0=0000000000000000] inst=[3a029073] csrw    unknown_3a0, t0
C0:        299 [1] pc=[000000008000013c] W[r 0=0000000000000008][1] R[r 0=0000000000000000] R[r 0=0000000000000000] inst=[30405073] csrwi   unknown_304, 0
C0:        316 [1] pc=[0000000080000140] W[r 5=0000000080000140][1] R[r 0=0000000000000000] R[r 0=0000000000000000] inst=[00000297] auipc   t0, 0x0
C0:        317 [1] pc=[0000000080000144] W[r 5=0000000080000154][1] R[r 5=0000000080000140] R[r 0=0000000000000000] inst=[01428293] addi    t0, t0, 20
C0:        318 [1] pc=[0000000080000148] W[r 0=000000008000013c][1] R[r 5=0000000080000154] R[r 0=0000000000000000] inst=[30529073] csrw    unknown_305, t0
C0:        323 [1] pc=[000000008000014c] W[r 0=0000000000000000][1] R[r 0=0000000000000000] R[r 0=0000000000000000] inst=[30205073] csrwi   unknown_302, 0
C0:        328 [1] pc=[0000000080000150] W[r 0=0000000000000000][1] R[r 0=0000000000000000] R[r 0=0000000000000000] inst=[30305073] csrwi   unknown_303, 0
C0:        333 [1] pc=[0000000080000154] W[r 3=0000000000000000][1] R[r 0=0000000000000000] R[r 0=0000000000000000] inst=[00000193] li      gp, 0
C0:        334 [1] pc=[0000000080000158] W[r 5=0000000080000158][1] R[r 0=0000000000000000] R[r 0=0000000000000000] inst=[00000297] auipc   t0, 0x0
C0:        335 [1] pc=[000000008000015c] W[r 5=0000000080000004][1] R[r 5=0000000080000158] R[r 0=0000000000000000] inst=[eac28293] addi    t0, t0, -340
C0:        336 [1] pc=[0000000080000160] W[r 0=0000000080000154][1] R[r 5=0000000080000004] R[r 0=0000000000000000] inst=[30529073] csrw    unknown_305, t0
C0:        341 [1] pc=[0000000080000164] W[r10=0000000000000001][1] R[r 0=0000000000000000] R[r 0=0000000000000000] inst=[00100513] li      a0, 1
C0:        342 [1] pc=[0000000080000168] W[r10=0000000080000000][1] R[r10=0000000000000001] R[r 0=0000000000000000] inst=[01f51513] slli    a0, a0, 31
C0:        343 [1] pc=[000000008000016c] W[r 0=0000000000000000][0] R[r10=0000000080000000] R[r 0=0000000000000000] inst=[00055c63] bgez    a0, pc + 24
C0:        368 [1] pc=[0000000080000184] W[r 5=0000000000000184][1] R[r 0=0000000000000000] R[r 0=0000000000000000] inst=[80000297] auipc   t0, 0x80000
C0:        369 [1] pc=[0000000080000188] W[r 5=0000000000000000][1] R[r 5=0000000000000184] R[r 0=0000000000000000] inst=[e7c28293] addi    t0, t0, -388
C0:        370 [1] pc=[000000008000018c] W[r 0=0000000000000000][0] R[r 5=0000000000000000] R[r 0=0000000000000000] inst=[00028a63] beqz    t0, pc + 20
C0:        374 [1] pc=[00000000800001a0] W[r 0=0000000a00000080][1] R[r 0=0000000000000000] R[r 0=0000000000000000] inst=[30005073] csrwi   unknown_300, 0
C0:        379 [1] pc=[00000000800001a4] W[r 5=00000000800001a4][1] R[r 0=0000000000000000] R[r 0=0000000000000000] inst=[00000297] auipc   t0, 0x0
C0:        380 [1] pc=[00000000800001a8] W[r 5=00000000800001b8][1] R[r 5=00000000800001a4] R[r 0=0000000000000000] inst=[01428293] addi    t0, t0, 20
C0:        381 [1] pc=[00000000800001ac] W[r 0=0000000080000000][1] R[r 5=00000000800001b8] R[r 0=0000000000000000] inst=[34129073] csrw    unknown_341, t0
C0:        382 [1] pc=[00000000800001b0] W[r10=0000000000000000][1] R[r 0=0000000000000000] R[r 0=0000000000000000] inst=[f1402573] csrr    a0, unknown_f14
C0:        383 [1] pc=[00000000800001b4] W[r 0=0000000000000000][0] R[r 0=0000000000000000] R[r 0=0000000000000000] inst=[30200073] mret
C0:        388 [1] pc=[00000000800001b8] W[r 3=0000000000000002][1] R[r 0=0000000000000000] R[r 0=0000000000000000] inst=[00200193] li      gp, 2
C0:        389 [1] pc=[00000000800001bc] W[r11=000000000000029a][1] R[r 0=0000000000000000] R[r 0=0000000000000000] inst=[29a00593] li      a1, 666
C0:        411 [1] pc=[00000000800001c0] W[r 0=00000000800001c4][1] R[r 0=0000000000000000] R[r 0=0000000000000000] inst=[63f0106f] j       pc + 0x1e3e
C0:        451 [1] pc=[0000000080001ffe] W[r11=000000000000029b][1] R[r11=000000000000029a] R[r 0=0000000000000000] inst=[00158593] addi    a1, a1, 1
C0:        452 [1] pc=[0000000080002002] W[r 7=000000000000029b][1] R[r 0=0000000000000000] R[r 0=0000000000000000] inst=[29b00393] li      t2, 667
C0:        453 [1] pc=[0000000080002006] W[r 3=0000000000000002][1] R[r 0=0000000000000000] R[r 0=0000000000000000] inst=[00200193] li      gp, 2
C0:        454 [1] pc=[000000008000200a] W[r 0=0000000000000000][0] R[r11=000000000000029b] R[r 7=000000000000029b] inst=[2c759163] bne     a1, t2, pc + 706
C0:        455 [1] pc=[000000008000200e] W[r 2=0000000000001000][1] R[r 0=0000000000000000] R[r 0=0000000000000000] inst=[00001137] lui     sp, 0x1
C0:        456 [1] pc=[0000000080002012] W[r 2=0000000000001234][1] R[r 2=0000000000001000] R[r 0=0000000000000000] inst=[2341011b] addiw   sp, sp, 564
C0:        457 [1] pc=[0000000080002016] W[r10=0000000000001630][1] R[r 2=0000000000001234] R[r 0=0000000000000000] inst=[00001fe8] c.addi4spn a0, sp, 1020
C0:        458 [1] pc=[0000000080002018] W[r 7=0000000000001000][1] R[r 0=0000000000000000] R[r 0=0000000000000000] inst=[000013b7] lui     t2, 0x1
C0:        459 [1] pc=[000000008000201c] W[r 7=0000000000001630][1] R[r 7=0000000000001000] R[r 0=0000000000000000] inst=[6303839b] addiw   t2, t2, 1584
C0:        460 [1] pc=[0000000080002020] W[r 3=0000000000000003][1] R[r 0=0000000000000000] R[r 0=0000000000000000] inst=[00300193] li      gp, 3
C0:        461 [1] pc=[0000000080002024] W[r 0=0000000000000000][0] R[r10=0000000000001630] R[r 7=0000000000001630] inst=[2a751463] bne     a0, t2, pc + 680
C0:        462 [1] pc=[0000000080002028] W[r 2=0000000000001424][1] R[r 2=0000000000001234] R[r 0=0000000000000000] inst=[0000617d] c.addi16sp sp, 496
C0:        463 [1] pc=[000000008000202a] W[r 0=0000000000000000][1] R[r 0=0000000000000000] R[r 0=0000000000000000] inst=[00000001] c.nop
C0:        464 [1] pc=[000000008000202c] W[r 7=0000000000001000][1] R[r 0=0000000000000000] R[r 0=0000000000000000] inst=[000013b7] lui     t2, 0x1
C0:        465 [1] pc=[0000000080002030] W[r 7=0000000000001424][1] R[r 7=0000000000001000] R[r 0=0000000000000000] inst=[4243839b] addiw   t2, t2, 1060
C0:        466 [1] pc=[0000000080002034] W[r 3=0000000000000004][1] R[r 0=0000000000000000] R[r 0=0000000000000000] inst=[00400193] li      gp, 4
C0:        467 [1] pc=[0000000080002038] W[r 0=0000000000000000][0] R[r 2=0000000000001424] R[r 7=0000000000001424] inst=[28711a63] bne     sp, t2, pc + 660
C0:        468 [1] pc=[000000008000203c] W[r 2=0000000000001224][1] R[r 2=0000000000001424] R[r 0=0000000000000000] inst=[00007101] c.addi16sp sp, -512
C0:        469 [1] pc=[000000008000203e] W[r 0=0000000000000000][1] R[r 0=0000000000000000] R[r 0=0000000000000000] inst=[00000001] c.nop
C0:        491 [1] pc=[0000000080002040] W[r 7=0000000000001000][1] R[r 0=0000000000000000] R[r 0=0000000000000000] inst=[000013b7] lui     t2, 0x1
C0:        492 [1] pc=[0000000080002044] W[r 7=0000000000001224][1] R[r 7=0000000000001000] R[r 0=0000000000000000] inst=[2243839b] addiw   t2, t2, 548
C0:        493 [1] pc=[0000000080002048] W[r 3=0000000000000005][1] R[r 0=0000000000000000] R[r 0=0000000000000000] inst=[00500193] li      gp, 5
C0:        494 [1] pc=[000000008000204c] W[r 0=0000000000000000][0] R[r 2=0000000000001224] R[r 7=0000000000001224] inst=[28711063] bne     sp, t2, pc + 640
C0:        495 [1] pc=[0000000080002050] W[r11=0000000080000050][1] R[r 0=0000000000000000] R[r 0=0000000000000000] inst=[ffffe597] auipc   a1, 0xffffe
C0:        496 [1] pc=[0000000080002054] W[r11=00000000800001c8][1] R[r11=0000000080000050] R[r 0=0000000000000000] inst=[17858593] addi    a1, a1, 376
C0:        513 [1] pc=[0000000080002058] W[r10=fffffffffedcba98][1] R[r11=00000000800001c8] R[r 0=0000000000000000] inst=[000041c8] c.lw    a0, 4(a1)
C0:        515 [1] pc=[000000008000205a] W[r10=fffffffffedcba99][1] R[r10=fffffffffedcba98] R[r 0=0000000000000000] inst=[00000505] c.addi  a0, 1
C0:        516 [1] pc=[000000008000205c] W[r 0=0000000000000000][0] R[r11=00000000800001c8] R[r10=fffffffffedcba99] inst=[0000c1c8] c.sw    a0, 4(a1)
C0:        522 [1] pc=[000000008000205e] W[r12=fffffffffedcba99][1] R[r11=00000000800001c8] R[r 0=0000000000000000] inst=[000041d0] c.lw    a2, 4(a1)
C0:        523 [1] pc=[0000000080002060] W[r 7=fffffffffedcc000][1] R[r 0=0000000000000000] R[r 0=0000000000000000] inst=[fedcc3b7] lui     t2, 0xfedcc
C0:        524 [1] pc=[0000000080002064] W[r 7=fffffffffedcba99][1] R[r 7=fffffffffedcc000] R[r 0=0000000000000000] inst=[a993839b] addiw   t2, t2, -1383
C0:        525 [1] pc=[0000000080002068] W[r 3=0000000000000006][1] R[r 0=0000000000000000] R[r 0=0000000000000000] inst=[00600193] li      gp, 6
C0:        526 [1] pc=[000000008000206c] W[r 0=0000000000000000][0] R[r12=fffffffffedcba99] R[r 7=fffffffffedcba99] inst=[26761063] bne     a2, t2, pc + 608
C0:        527 [1] pc=[0000000080002070] W[r10=fedcba9976543210][1] R[r11=00000000800001c8] R[r 0=0000000000000000] inst=[00006188] c.ld    a0, 0(a1)
C0:        529 [1] pc=[0000000080002072] W[r10=fedcba9976543211][1] R[r10=fedcba9976543210] R[r 0=0000000000000000] inst=[00000505] c.addi  a0, 1
C0:        530 [1] pc=[0000000080002074] W[r 0=0000000000000000][0] R[r11=00000000800001c8] R[r10=fedcba9976543211] inst=[0000e188] c.sd    a0, 0(a1)
C0:        536 [1] pc=[0000000080002076] W[r12=fedcba9976543211][1] R[r11=00000000800001c8] R[r 0=0000000000000000] inst=[00006190] c.ld    a2, 0(a1)
C0:        537 [1] pc=[0000000080002078] W[r 7=fffffffffff6e000][1] R[r 0=0000000000000000] R[r 0=0000000000000000] inst=[fff6e3b7] lui     t2, 0xfff6e
C0:        538 [1] pc=[000000008000207c] W[r 7=fffffffffff6e5d5][1] R[r 7=fffffffffff6e000] R[r 0=0000000000000000] inst=[5d53839b] addiw   t2, t2, 1493
C0:        560 [1] pc=[0000000080002080] W[r 7=ffffffff6e5d5000][1] R[r 7=fffffffffff6e5d5] R[r 0=0000000000000000] inst=[00c39393] slli    t2, t2, 12
C0:        561 [1] pc=[0000000080002084] W[r 7=ffffffff6e5d4cbb][1] R[r 7=ffffffff6e5d5000] R[r 0=0000000000000000] inst=[cbb38393] addi    t2, t2, -837
C0:        562 [1] pc=[0000000080002088] W[r 7=ffffedcba9976000][1] R[r 7=ffffffff6e5d4cbb] R[r 0=0000000000000000] inst=[00d39393] slli    t2, t2, 13
C0:        563 [1] pc=[000000008000208c] W[r 7=ffffedcba9976543][1] R[r 7=ffffedcba9976000] R[r 0=0000000000000000] inst=[54338393] addi    t2, t2, 1347
C0:        564 [1] pc=[0000000080002090] W[r 7=fedcba9976543000][1] R[r 7=ffffedcba9976543] R[r 0=0000000000000000] inst=[00c39393] slli    t2, t2, 12
C0:        565 [1] pc=[0000000080002094] W[r 7=fedcba9976543211][1] R[r 7=fedcba9976543000] R[r 0=0000000000000000] inst=[21138393] addi    t2, t2, 529
C0:        566 [1] pc=[0000000080002098] W[r 3=0000000000000007][1] R[r 0=0000000000000000] R[r 0=0000000000000000] inst=[00700193] li      gp, 7
C0:        567 [1] pc=[000000008000209c] W[r 0=0000000000000000][0] R[r12=fedcba9976543211] R[r 7=fedcba9976543211] inst=[22761863] bne     a2, t2, pc + 560
C0:        568 [1] pc=[00000000800020a0] W[r10=0000000000000001][1] R[r 0=0000000000000000] R[r 0=0000000000000000] inst=[00106513] ori     a0, zero, 1
C0:        569 [1] pc=[00000000800020a4] W[r10=fffffffffffffff1][1] R[r10=0000000000000001] R[r 0=0000000000000000] inst=[00001541] c.addi  a0, -16
C0:        570 [1] pc=[00000000800020a6] W[r 0=0000000000000000][1] R[r 0=0000000000000000] R[r 0=0000000000000000] inst=[00000001] c.nop
C0:        571 [1] pc=[00000000800020a8] W[r 7=fffffffffffffff1][1] R[r 0=0000000000000000] R[r 0=0000000000000000] inst=[ff100393] li      t2, -15
C0:        572 [1] pc=[00000000800020ac] W[r 3=0000000000000008][1] R[r 0=0000000000000000] R[r 0=0000000000000000] inst=[00800193] li      gp, 8
C0:        573 [1] pc=[00000000800020b0] W[r 0=0000000000000000][0] R[r10=fffffffffffffff1] R[r 7=fffffffffffffff1] inst=[20751e63] bne     a0, t2, pc + 540
C0:        574 [1] pc=[00000000800020b4] W[r15=0000000000000001][1] R[r 0=0000000000000000] R[r 0=0000000000000000] inst=[00106793] ori     a5, zero, 1
C0:        575 [1] pc=[00000000800020b8] W[r15=fffffffffffffff0][1] R[r 0=0000000000000000] R[r 0=0000000000000000] inst=[000057c1] c.li    a5, -16
C0:        576 [1] pc=[00000000800020ba] W[r 0=0000000000000000][1] R[r 0=0000000000000000] R[r 0=0000000000000000] inst=[00000001] c.nop
C0:        577 [1] pc=[00000000800020bc] W[r 7=fffffffffffffff0][1] R[r 0=0000000000000000] R[r 0=0000000000000000] inst=[ff000393] li      t2, -16
C0:        599 [1] pc=[00000000800020c0] W[r 3=0000000000000009][1] R[r 0=0000000000000000] R[r 0=0000000000000000] inst=[00900193] li      gp, 9
C0:        600 [1] pc=[00000000800020c4] W[r 0=0000000000000000][0] R[r15=fffffffffffffff0] R[r 7=fffffffffffffff0] inst=[20779463] bne     a5, t2, pc + 520
C0:        601 [1] pc=[00000000800020c8] W[r10=fedcba9976543211][1] R[r11=00000000800001c8] R[r 0=0000000000000000] inst=[00006188] c.ld    a0, 0(a1)
C0:        603 [1] pc=[00000000800020ca] W[r10=0000000076543210][1] R[r10=fedcba9976543211] R[r 0=0000000000000000] inst=[0000357d] c.addiw a0, -1
C0:        604 [1] pc=[00000000800020cc] W[r 7=0000000076543000][1] R[r 0=0000000000000000] R[r 0=0000000000000000] inst=[765433b7] lui     t2, 0x76543
C0:        605 [1] pc=[00000000800020d0] W[r 7=0000000076543210][1] R[r 7=0000000076543000] R[r 0=0000000000000000] inst=[2103839b] addiw   t2, t2, 528
C0:        606 [1] pc=[00000000800020d4] W[r 3=000000000000000a][1] R[r 0=0000000000000000] R[r 0=0000000000000000] inst=[00a00193] li      gp, 10
C0:        607 [1] pc=[00000000800020d8] W[r 0=0000000000000000][0] R[r10=0000000076543210] R[r 7=0000000076543210] inst=[1e751a63] bne     a0, t2, pc + 500
C0:        608 [1] pc=[00000000800020dc] W[r 8=fffffffffffe1000][1] R[r 0=0000000000000000] R[r 0=0000000000000000] inst=[00007405] c.lui   s0, 0xfffe1
C0:        609 [1] pc=[00000000800020de] W[r 8=ffffffffffffffe1][1] R[r 8=fffffffffffe1000] R[r 0=0000000000000000] inst=[00008431] c.srai  s0, 12
C0:        610 [1] pc=[00000000800020e0] W[r 7=ffffffffffffffe1][1] R[r 0=0000000000000000] R[r 0=0000000000000000] inst=[fe100393] li      t2, -31
C0:        611 [1] pc=[00000000800020e4] W[r 3=000000000000000b][1] R[r 0=0000000000000000] R[r 0=0000000000000000] inst=[00b00193] li      gp, 11
C0:        612 [1] pc=[00000000800020e8] W[r 0=0000000000000000][0] R[r 8=ffffffffffffffe1] R[r 7=ffffffffffffffe1] inst=[1e741263] bne     s0, t2, pc + 484
C0:        613 [1] pc=[00000000800020ec] W[r 8=fffffffffffe1000][1] R[r 0=0000000000000000] R[r 0=0000000000000000] inst=[00007405] c.lui   s0, 0xfffe1
C0:        614 [1] pc=[00000000800020ee] W[r 8=000fffffffffffe1][1] R[r 8=fffffffffffe1000] R[r 0=0000000000000000] inst=[00008031] c.srli  s0, 12
C0:        615 [1] pc=[00000000800020f0] W[r 7=0000000000000001][1] R[r 0=0000000000000000] R[r 0=0000000000000000] inst=[0010039b] addiw   t2, zero, 1
C0:        616 [1] pc=[00000000800020f4] W[r 7=0010000000000000][1] R[r 7=0000000000000001] R[r 0=0000000000000000] inst=[03439393] slli    t2, t2, 52
C0:        617 [1] pc=[00000000800020f8] W[r 7=000fffffffffffe1][1] R[r 7=0010000000000000] R[r 0=0000000000000000] inst=[fe138393] addi    t2, t2, -31
C0:        618 [1] pc=[00000000800020fc] W[r 3=000000000000000c][1] R[r 0=0000000000000000] R[r 0=0000000000000000] inst=[00c00193] li      gp, 12
C0:        640 [1] pc=[0000000080002100] W[r 0=0000000000000000][0] R[r 8=000fffffffffffe1] R[r 7=000fffffffffffe1] inst=[1c741663] bne     s0, t2, pc + 460
C0:        641 [1] pc=[0000000080002104] W[r 8=fffffffffffffffe][1] R[r 0=0000000000000000] R[r 0=0000000000000000] inst=[00005479] c.li    s0, -2
C0:        642 [1] pc=[0000000080002106] W[r 8=ffffffffffffffee][1] R[r 8=fffffffffffffffe] R[r 0=0000000000000000] inst=[0000983d] c.andi  s0, -17
C0:        643 [1] pc=[0000000080002108] W[r 7=ffffffffffffffee][1] R[r 0=0000000000000000] R[r 0=0000000000000000] inst=[fee00393] li      t2, -18
C0:        644 [1] pc=[000000008000210c] W[r 3=000000000000000e][1] R[r 0=0000000000000000] R[r 0=0000000000000000] inst=[00e00193] li      gp, 14
C0:        645 [1] pc=[0000000080002110] W[r 0=0000000000000000][0] R[r 8=ffffffffffffffee] R[r 7=ffffffffffffffee] inst=[1a741e63] bne     s0, t2, pc + 444
C0:        646 [1] pc=[0000000080002114] W[r 9=0000000000000014][1] R[r 0=0000000000000000] R[r 0=0000000000000000] inst=[000044d1] c.li    s1, 20
C0:        647 [1] pc=[0000000080002116] W[r10=0000000000000006][1] R[r 0=0000000000000000] R[r 0=0000000000000000] inst=[00004519] c.li    a0, 6
C0:        648 [1] pc=[0000000080002118] W[r 9=000000000000000e][1] R[r 9=0000000000000014] R[r10=0000000000000006] inst=[00008c89] c.sub   s1, a0
C0:        649 [1] pc=[000000008000211a] W[r 0=0000000000000000][1] R[r 0=0000000000000000] R[r 0=0000000000000000] inst=[00000001] c.nop
C0:        650 [1] pc=[000000008000211c] W[r 7=000000000000000e][1] R[r 0=0000000000000000] R[r 0=0000000000000000] inst=[00e00393] li      t2, 14
C0:        651 [1] pc=[0000000080002120] W[r 3=000000000000000f][1] R[r 0=0000000000000000] R[r 0=0000000000000000] inst=[00f00193] li      gp, 15
C0:        652 [1] pc=[0000000080002124] W[r 0=0000000000000000][0] R[r 9=000000000000000e] R[r 7=000000000000000e] inst=[1a749463] bne     s1, t2, pc + 424
C0:        653 [1] pc=[0000000080002128] W[r 9=0000000000000014][1] R[r 0=0000000000000000] R[r 0=0000000000000000] inst=[000044d1] c.li    s1, 20
C0:        654 [1] pc=[000000008000212a] W[r10=0000000000000006][1] R[r 0=0000000000000000] R[r 0=0000000000000000] inst=[00004519] c.li    a0, 6
C0:        655 [1] pc=[000000008000212c] W[r 9=0000000000000012][1] R[r 9=0000000000000014] R[r10=0000000000000006] inst=[00008ca9] c.xor   s1, a0
C0:        656 [1] pc=[000000008000212e] W[r 0=0000000000000000][1] R[r 0=0000000000000000] R[r 0=0000000000000000] inst=[00000001] c.nop
C0:        657 [1] pc=[0000000080002130] W[r 7=0000000000000012][1] R[r 0=0000000000000000] R[r 0=0000000000000000] inst=[01200393] li      t2, 18
C0:        658 [1] pc=[0000000080002134] W[r 3=0000000000000010][1] R[r 0=0000000000000000] R[r 0=0000000000000000] inst=[01000193] li      gp, 16
C0:        659 [1] pc=[0000000080002138] W[r 0=0000000000000000][0] R[r 9=0000000000000012] R[r 7=0000000000000012] inst=[18749a63] bne     s1, t2, pc + 404
C0:        660 [1] pc=[000000008000213c] W[r 9=0000000000000014][1] R[r 0=0000000000000000] R[r 0=0000000000000000] inst=[000044d1] c.li    s1, 20
C0:        661 [1] pc=[000000008000213e] W[r10=0000000000000006][1] R[r 0=0000000000000000] R[r 0=0000000000000000] inst=[00004519] c.li    a0, 6
C0:        683 [1] pc=[0000000080002140] W[r 9=0000000000000016][1] R[r 9=0000000000000014] R[r10=0000000000000006] inst=[00008cc9] c.or    s1, a0
C0:        684 [1] pc=[0000000080002142] W[r 0=0000000000000000][1] R[r 0=0000000000000000] R[r 0=0000000000000000] inst=[00000001] c.nop
C0:        685 [1] pc=[0000000080002144] W[r 7=0000000000000016][1] R[r 0=0000000000000000] R[r 0=0000000000000000] inst=[01600393] li      t2, 22
C0:        686 [1] pc=[0000000080002148] W[r 3=0000000000000011][1] R[r 0=0000000000000000] R[r 0=0000000000000000] inst=[01100193] li      gp, 17
C0:        687 [1] pc=[000000008000214c] W[r 0=0000000000000000][0] R[r 9=0000000000000016] R[r 7=0000000000000016] inst=[18749063] bne     s1, t2, pc + 384
C0:        688 [1] pc=[0000000080002150] W[r 9=0000000000000014][1] R[r 0=0000000000000000] R[r 0=0000000000000000] inst=[000044d1] c.li    s1, 20
C0:        689 [1] pc=[0000000080002152] W[r10=0000000000000006][1] R[r 0=0000000000000000] R[r 0=0000000000000000] inst=[00004519] c.li    a0, 6
C0:        690 [1] pc=[0000000080002154] W[r 9=0000000000000004][1] R[r 9=0000000000000014] R[r10=0000000000000006] inst=[00008ce9] c.and   s1, a0
C0:        691 [1] pc=[0000000080002156] W[r 0=0000000000000000][1] R[r 0=0000000000000000] R[r 0=0000000000000000] inst=[00000001] c.nop
C0:        692 [1] pc=[0000000080002158] W[r 7=0000000000000004][1] R[r 0=0000000000000000] R[r 0=0000000000000000] inst=[00400393] li      t2, 4
C0:        693 [1] pc=[000000008000215c] W[r 3=0000000000000012][1] R[r 0=0000000000000000] R[r 0=0000000000000000] inst=[01200193] li      gp, 18
C0:        694 [1] pc=[0000000080002160] W[r 0=0000000000000000][0] R[r 9=0000000000000004] R[r 7=0000000000000004] inst=[16749663] bne     s1, t2, pc + 364
C0:        695 [1] pc=[0000000080002164] W[r 9=ffffffff80000000][1] R[r 0=0000000000000000] R[r 0=0000000000000000] inst=[800004b7] lui     s1, 0x80000
C0:        696 [1] pc=[0000000080002168] W[r 9=000000007fffffff][1] R[r 9=ffffffff80000000] R[r 0=0000000000000000] inst=[fff4849b] addiw   s1, s1, -1
C0:        697 [1] pc=[000000008000216c] W[r10=ffffffffffffffff][1] R[r 0=0000000000000000] R[r 0=0000000000000000] inst=[0000557d] c.li    a0, -1
C0:        698 [1] pc=[000000008000216e] W[r 9=ffffffff80000000][1] R[r 9=000000007fffffff] R[r10=ffffffffffffffff] inst=[00009c89] c.subw  s1, a0
C0:        699 [1] pc=[0000000080002170] W[r 7=ffffffff80000000][1] R[r 0=0000000000000000] R[r 0=0000000000000000] inst=[800003b7] lui     t2, 0x80000
C0:        700 [1] pc=[0000000080002174] W[r 3=0000000000000013][1] R[r 0=0000000000000000] R[r 0=0000000000000000] inst=[01300193] li      gp, 19
C0:        701 [1] pc=[0000000080002178] W[r 0=0000000000000000][0] R[r 9=ffffffff80000000] R[r 7=ffffffff80000000] inst=[14749a63] bne     s1, t2, pc + 340
C0:        702 [1] pc=[000000008000217c] W[r 9=ffffffff80000000][1] R[r 0=0000000000000000] R[r 0=0000000000000000] inst=[800004b7] lui     s1, 0x80000
C0:        724 [1] pc=[0000000080002180] W[r 9=000000007fffffff][1] R[r 9=ffffffff80000000] R[r 0=0000000000000000] inst=[fff4849b] addiw   s1, s1, -1
C0:        725 [1] pc=[0000000080002184] W[r10=0000000000000001][1] R[r 0=0000000000000000] R[r 0=0000000000000000] inst=[00004505] c.li    a0, 1
C0:        726 [1] pc=[0000000080002186] W[r 9=ffffffff80000000][1] R[r 9=000000007fffffff] R[r10=0000000000000001] inst=[00009ca9] c.addw  s1, a0
C0:        727 [1] pc=[0000000080002188] W[r 7=ffffffff80000000][1] R[r 0=0000000000000000] R[r 0=0000000000000000] inst=[800003b7] lui     t2, 0x80000
C0:        728 [1] pc=[000000008000218c] W[r 3=0000000000000014][1] R[r 0=0000000000000000] R[r 0=0000000000000000] inst=[01400193] li      gp, 20
C0:        729 [1] pc=[0000000080002190] W[r 0=0000000000000000][0] R[r 9=ffffffff80000000] R[r 7=ffffffff80000000] inst=[12749e63] bne     s1, t2, pc + 316
C0:        730 [1] pc=[0000000080002194] W[r 8=0000000000001000][1] R[r 0=0000000000000000] R[r 0=0000000000000000] inst=[00001437] lui     s0, 0x1
C0:        731 [1] pc=[0000000080002198] W[r 8=0000000000001234][1] R[r 8=0000000000001000] R[r 0=0000000000000000] inst=[2344041b] addiw   s0, s0, 564
C0:        732 [1] pc=[000000008000219c] W[r 8=0000000000012340][1] R[r 8=0000000000001234] R[r 0=0000000000000000] inst=[00000412] c.slli  s0, 4
C0:        733 [1] pc=[000000008000219e] W[r 0=0000000000000000][1] R[r 0=0000000000000000] R[r 0=0000000000000000] inst=[00000001] c.nop
C0:        734 [1] pc=[00000000800021a0] W[r 7=0000000000012000][1] R[r 0=0000000000000000] R[r 0=0000000000000000] inst=[000123b7] lui     t2, 0x12
C0:        735 [1] pc=[00000000800021a4] W[r 7=0000000000012340][1] R[r 7=0000000000012000] R[r 0=0000000000000000] inst=[3403839b] addiw   t2, t2, 832
C0:        736 [1] pc=[00000000800021a8] W[r 3=0000000000000015][1] R[r 0=0000000000000000] R[r 0=0000000000000000] inst=[01500193] li      gp, 21
C0:        737 [1] pc=[00000000800021ac] W[r 0=0000000000000000][0] R[r 8=0000000000012340] R[r 7=0000000000012340] inst=[12741063] bne     s0, t2, pc + 288
C0:        738 [1] pc=[00000000800021b0] W[r 1=0000000000000000][1] R[r 0=0000000000000000] R[r 0=0000000000000000] inst=[00004081] c.li    ra, 0
C0:        739 [1] pc=[00000000800021b2] W[r 0=00000000800021b4][1] R[r 0=0000000000000000] R[r 0=0000000000000000] inst=[0000a011] c.j     pc + 4
C0:        740 [1] pc=[00000000800021b6] W[r 0=00000000800021b8][1] R[r 0=0000000000000000] R[r 0=0000000000000000] inst=[0000a011] c.j     pc + 4
C0:        741 [1] pc=[00000000800021ba] W[r 0=0000000000000000][1] R[r 0=0000000000000000] R[r 0=0000000000000000] inst=[00000001] c.nop
C0:        742 [1] pc=[00000000800021bc] W[r 7=0000000000000000][1] R[r 0=0000000000000000] R[r 0=0000000000000000] inst=[00000393] li      t2, 0
C0:        764 [1] pc=[00000000800021c0] W[r 3=000000000000001e][1] R[r 0=0000000000000000] R[r 0=0000000000000000] inst=[01e00193] li      gp, 30
C0:        765 [1] pc=[00000000800021c4] W[r 0=0000000000000000][0] R[r 1=0000000000000000] R[r 7=0000000000000000] inst=[10709463] bne     ra, t2, pc + 264
C0:        766 [1] pc=[00000000800021c8] W[r10=0000000000000000][1] R[r 0=0000000000000000] R[r 0=0000000000000000] inst=[00004501] c.li    a0, 0
C0:        767 [1] pc=[00000000800021ca] W[r 0=0000000000000000][0] R[r10=0000000000000000] R[r 0=0000000000000000] inst=[0000c111] c.beqz  a0, pc + 4
C0:        771 [1] pc=[00000000800021ce] W[r 0=00000000800021d0][1] R[r 0=0000000000000000] R[r 0=0000000000000000] inst=[0000a011] c.j     pc + 4
C0:        773 [1] pc=[00000000800021d2] W[r 0=0000000000000000][1] R[r 0=0000000000000000] R[r 0=0000000000000000] inst=[00000001] c.nop
C0:        774 [1] pc=[00000000800021d4] W[r 7=0000000000000000][1] R[r 0=0000000000000000] R[r 0=0000000000000000] inst=[00000393] li      t2, 0
C0:        775 [1] pc=[00000000800021d8] W[r 3=000000000000001f][1] R[r 0=0000000000000000] R[r 0=0000000000000000] inst=[01f00193] li      gp, 31
C0:        776 [1] pc=[00000000800021dc] W[r 0=0000000000000000][0] R[r 0=0000000000000000] R[r 7=0000000000000000] inst=[0e701863] bne     zero, t2, pc + 240
C0:        777 [1] pc=[00000000800021e0] W[r10=0000000000000001][1] R[r 0=0000000000000000] R[r 0=0000000000000000] inst=[00004505] c.li    a0, 1
C0:        778 [1] pc=[00000000800021e2] W[r 0=0000000000000000][0] R[r10=0000000000000001] R[r 0=0000000000000000] inst=[0000e111] c.bnez  a0, pc + 4
C0:        782 [1] pc=[00000000800021e6] W[r 0=00000000800021e8][1] R[r 0=0000000000000000] R[r 0=0000000000000000] inst=[0000a011] c.j     pc + 4
C0:        784 [1] pc=[00000000800021ea] W[r 0=0000000000000000][1] R[r 0=0000000000000000] R[r 0=0000000000000000] inst=[00000001] c.nop
C0:        785 [1] pc=[00000000800021ec] W[r 7=0000000000000000][1] R[r 0=0000000000000000] R[r 0=0000000000000000] inst=[00000393] li      t2, 0
C0:        786 [1] pc=[00000000800021f0] W[r 3=0000000000000020][1] R[r 0=0000000000000000] R[r 0=0000000000000000] inst=[02000193] li      gp, 32
C0:        787 [1] pc=[00000000800021f4] W[r 0=0000000000000000][0] R[r 0=0000000000000000] R[r 7=0000000000000000] inst=[0c701c63] bne     zero, t2, pc + 216
C0:        788 [1] pc=[00000000800021f8] W[r10=0000000000000001][1] R[r 0=0000000000000000] R[r 0=0000000000000000] inst=[00004505] c.li    a0, 1
C0:        789 [1] pc=[00000000800021fa] W[r 0=0000000000000000][0] R[r10=0000000000000001] R[r 0=0000000000000000] inst=[0000c111] c.beqz  a0, pc + 4
C0:        790 [1] pc=[00000000800021fc] W[r 0=00000000800021fe][1] R[r 0=0000000000000000] R[r 0=0000000000000000] inst=[0000a011] c.j     pc + 4
C0:        812 [1] pc=[0000000080002200] W[r 7=0000000000000000][1] R[r 0=0000000000000000] R[r 0=0000000000000000] inst=[00000393] li      t2, 0
C0:        813 [1] pc=[0000000080002204] W[r 3=0000000000000021][1] R[r 0=0000000000000000] R[r 0=0000000000000000] inst=[02100193] li      gp, 33
C0:        814 [1] pc=[0000000080002208] W[r 0=0000000000000000][0] R[r 0=0000000000000000] R[r 7=0000000000000000] inst=[0c701263] bne     zero, t2, pc + 196
C0:        815 [1] pc=[000000008000220c] W[r10=0000000000000000][1] R[r 0=0000000000000000] R[r 0=0000000000000000] inst=[00004501] c.li    a0, 0
C0:        816 [1] pc=[000000008000220e] W[r 0=0000000000000000][0] R[r10=0000000000000000] R[r 0=0000000000000000] inst=[0000e111] c.bnez  a0, pc + 4
C0:        817 [1] pc=[0000000080002210] W[r 0=0000000080002212][1] R[r 0=0000000000000000] R[r 0=0000000000000000] inst=[0000a011] c.j     pc + 4
C0:        818 [1] pc=[0000000080002214] W[r 7=0000000000000000][1] R[r 0=0000000000000000] R[r 0=0000000000000000] inst=[00000393] li      t2, 0
C0:        819 [1] pc=[0000000080002218] W[r 3=0000000000000022][1] R[r 0=0000000000000000] R[r 0=0000000000000000] inst=[02200193] li      gp, 34
C0:        820 [1] pc=[000000008000221c] W[r 0=0000000000000000][0] R[r 0=0000000000000000] R[r 7=0000000000000000] inst=[0a701863] bne     zero, t2, pc + 176
C0:        821 [1] pc=[0000000080002220] W[r 5=0000000080002220][1] R[r 0=0000000000000000] R[r 0=0000000000000000] inst=[00000297] auipc   t0, 0x0
C0:        822 [1] pc=[0000000080002224] W[r 5=000000008000222e][1] R[r 5=0000000080002220] R[r 0=0000000000000000] inst=[00e28293] addi    t0, t0, 14
C0:        823 [1] pc=[0000000080002228] W[r 1=0000000000000000][1] R[r 0=0000000000000000] R[r 0=0000000000000000] inst=[00004081] c.li    ra, 0
C0:        824 [1] pc=[000000008000222a] W[r 0=000000008000222c][1] R[r 5=000000008000222e] R[r 0=0000000000000000] inst=[00008282] c.jr    t0
C0:        828 [1] pc=[000000008000222e] W[r 0=0000000080002230][1] R[r 0=0000000000000000] R[r 0=0000000000000000] inst=[0000a011] c.j     pc + 4
C0:        830 [1] pc=[0000000080002232] W[r 0=0000000000000000][1] R[r 0=0000000000000000] R[r 0=0000000000000000] inst=[00000001] c.nop
C0:        831 [1] pc=[0000000080002234] W[r 7=0000000000000000][1] R[r 0=0000000000000000] R[r 0=0000000000000000] inst=[00000393] li      t2, 0
C0:        832 [1] pc=[0000000080002238] W[r 3=0000000000000023][1] R[r 0=0000000000000000] R[r 0=0000000000000000] inst=[02300193] li      gp, 35
C0:        833 [1] pc=[000000008000223c] W[r 0=0000000000000000][0] R[r 1=0000000000000000] R[r 7=0000000000000000] inst=[08709863] bne     ra, t2, pc + 144
C0:        855 [1] pc=[0000000080002240] W[r 5=0000000080002240][1] R[r 0=0000000000000000] R[r 0=0000000000000000] inst=[00000297] auipc   t0, 0x0
C0:        856 [1] pc=[0000000080002244] W[r 5=000000008000224e][1] R[r 5=0000000080002240] R[r 0=0000000000000000] inst=[00e28293] addi    t0, t0, 14
C0:        857 [1] pc=[0000000080002248] W[r 1=0000000000000000][1] R[r 0=0000000000000000] R[r 0=0000000000000000] inst=[00004081] c.li    ra, 0
C0:        858 [1] pc=[000000008000224a] W[r 1=000000008000224c][1] R[r 5=000000008000224e] R[r 0=0000000000000000] inst=[00009282] c.jalr  t0
C0:        862 [1] pc=[000000008000224e] W[r 0=0000000080002250][1] R[r 0=0000000000000000] R[r 0=0000000000000000] inst=[0000a011] c.j     pc + 4
C0:        865 [1] pc=[0000000080002252] W[r 1=fffffffffffffffe][1] R[r 1=000000008000224c] R[r 5=000000008000224e] inst=[405080b3] sub     ra, ra, t0
C0:        866 [1] pc=[0000000080002256] W[r 0=0000000000000000][1] R[r 0=0000000000000000] R[r 0=0000000000000000] inst=[00000001] c.nop
C0:        867 [1] pc=[0000000080002258] W[r 7=fffffffffffffffe][1] R[r 0=0000000000000000] R[r 0=0000000000000000] inst=[ffe00393] li      t2, -2
C0:        868 [1] pc=[000000008000225c] W[r 3=0000000000000024][1] R[r 0=0000000000000000] R[r 0=0000000000000000] inst=[02400193] li      gp, 36
C0:        869 [1] pc=[0000000080002260] W[r 0=0000000000000000][0] R[r 1=fffffffffffffffe] R[r 7=fffffffffffffffe] inst=[06709663] bne     ra, t2, pc + 108
C0:        870 [1] pc=[0000000080002264] W[r 2=0000000080000264][1] R[r 0=0000000000000000] R[r 0=0000000000000000] inst=[ffffe117] auipc   sp, 0xffffe
C0:        871 [1] pc=[0000000080002268] W[r 2=00000000800001c8][1] R[r 2=0000000080000264] R[r 0=0000000000000000] inst=[f6410113] addi    sp, sp, -156
C0:        872 [1] pc=[000000008000226c] W[r10=fffffffffedcba98][1] R[r 2=00000000800001c8] R[r 0=0000000000000000] inst=[00004532] c.lwsp  a0, 12(sp)
C0:        874 [1] pc=[000000008000226e] W[r10=fffffffffedcba99][1] R[r10=fffffffffedcba98] R[r 0=0000000000000000] inst=[00000505] c.addi  a0, 1
C0:        875 [1] pc=[0000000080002270] W[r 0=0000000000000000][0] R[r 2=00000000800001c8] R[r10=fffffffffedcba99] inst=[0000c62a] c.swsp  a0, 12(sp)
C0:        881 [1] pc=[0000000080002272] W[r12=fffffffffedcba99][1] R[r 2=00000000800001c8] R[r 0=0000000000000000] inst=[00004632] c.lwsp  a2, 12(sp)
C0:        882 [1] pc=[0000000080002274] W[r 7=fffffffffedcc000][1] R[r 0=0000000000000000] R[r 0=0000000000000000] inst=[fedcc3b7] lui     t2, 0xfedcc
C0:        883 [1] pc=[0000000080002278] W[r 7=fffffffffedcba99][1] R[r 7=fffffffffedcc000] R[r 0=0000000000000000] inst=[a993839b] addiw   t2, t2, -1383
C0:        884 [1] pc=[000000008000227c] W[r 3=0000000000000028][1] R[r 0=0000000000000000] R[r 0=0000000000000000] inst=[02800193] li      gp, 40
C0:        906 [1] pc=[0000000080002280] W[r 0=0000000000000000][0] R[r12=fffffffffedcba99] R[r 7=fffffffffedcba99] inst=[04761663] bne     a2, t2, pc + 76
C0:        907 [1] pc=[0000000080002284] W[r10=fedcba9976543210][1] R[r 2=00000000800001c8] R[r 0=0000000000000000] inst=[00006522] c.ldsp  a0, 8(sp)
C0:        909 [1] pc=[0000000080002286] W[r10=fedcba9976543211][1] R[r10=fedcba9976543210] R[r 0=0000000000000000] inst=[00000505] c.addi  a0, 1
C0:        910 [1] pc=[0000000080002288] W[r 0=0000000000000000][0] R[r 2=00000000800001c8] R[r10=fedcba9976543211] inst=[0000e42a] c.sdsp  a0, 8(sp)
C0:        916 [1] pc=[000000008000228a] W[r12=fedcba9976543211][1] R[r 2=00000000800001c8] R[r 0=0000000000000000] inst=[00006622] c.ldsp  a2, 8(sp)
C0:        917 [1] pc=[000000008000228c] W[r 7=fffffffffff6e000][1] R[r 0=0000000000000000] R[r 0=0000000000000000] inst=[fff6e3b7] lui     t2, 0xfff6e
C0:        918 [1] pc=[0000000080002290] W[r 7=fffffffffff6e5d5][1] R[r 7=fffffffffff6e000] R[r 0=0000000000000000] inst=[5d53839b] addiw   t2, t2, 1493
C0:        919 [1] pc=[0000000080002294] W[r 7=ffffffff6e5d5000][1] R[r 7=fffffffffff6e5d5] R[r 0=0000000000000000] inst=[00c39393] slli    t2, t2, 12
C0:        920 [1] pc=[0000000080002298] W[r 7=ffffffff6e5d4cbb][1] R[r 7=ffffffff6e5d5000] R[r 0=0000000000000000] inst=[cbb38393] addi    t2, t2, -837
C0:        921 [1] pc=[000000008000229c] W[r 7=ffffedcba9976000][1] R[r 7=ffffffff6e5d4cbb] R[r 0=0000000000000000] inst=[00d39393] slli    t2, t2, 13
C0:        922 [1] pc=[00000000800022a0] W[r 7=ffffedcba9976543][1] R[r 7=ffffedcba9976000] R[r 0=0000000000000000] inst=[54338393] addi    t2, t2, 1347
C0:        923 [1] pc=[00000000800022a4] W[r 7=fedcba9976543000][1] R[r 7=ffffedcba9976543] R[r 0=0000000000000000] inst=[00c39393] slli    t2, t2, 12
C0:        924 [1] pc=[00000000800022a8] W[r 7=fedcba9976543211][1] R[r 7=fedcba9976543000] R[r 0=0000000000000000] inst=[21138393] addi    t2, t2, 529
C0:        925 [1] pc=[00000000800022ac] W[r 3=0000000000000029][1] R[r 0=0000000000000000] R[r 0=0000000000000000] inst=[02900193] li      gp, 41
C0:        926 [1] pc=[00000000800022b0] W[r 0=0000000000000000][0] R[r12=fedcba9976543211] R[r 7=fedcba9976543211] inst=[00761e63] bne     a2, t2, pc + 28
C0:        927 [1] pc=[00000000800022b4] W[r10=0000000000000123][1] R[r 0=0000000000000000] R[r 0=0000000000000000] inst=[12300513] li      a0, 291
C0:        928 [1] pc=[00000000800022b8] W[r 5=0000000000000123][1] R[r 0=0000000000000000] R[r10=0000000000000123] inst=[000082aa] c.mv    t0, a0
C0:        929 [1] pc=[00000000800022ba] W[r 5=0000000000000246][1] R[r 5=0000000000000123] R[r10=0000000000000123] inst=[000092aa] c.add   t0, a0
C0:        930 [1] pc=[00000000800022bc] W[r 7=0000000000000246][1] R[r 0=0000000000000000] R[r 0=0000000000000000] inst=[24600393] li      t2, 582
C0:        952 [1] pc=[00000000800022c0] W[r 3=000000000000002a][1] R[r 0=0000000000000000] R[r 0=0000000000000000] inst=[02a00193] li      gp, 42
C0:        953 [1] pc=[00000000800022c4] W[r 0=0000000000000000][0] R[r 5=0000000000000246] R[r 7=0000000000000246] inst=[00729463] bne     t0, t2, pc + 8
C0:        954 [1] pc=[00000000800022c8] W[r 0=0000000000000000][0] R[r 0=0000000000000000] R[r 3=000000000000002a] inst=[02301063] bne     zero, gp, pc + 32
C0:        958 [1] pc=[00000000800022e8] W[r 0=0000000000000000][0] R[r 0=0000000000000000] R[r 0=0000000000000000] inst=[0ff0000f] fence   iorw,iorw
C0:        959 [1] pc=[00000000800022ec] W[r 3=0000000000000001][1] R[r 0=0000000000000000] R[r 0=0000000000000000] inst=[00100193] li      gp, 1
C0:        960 [1] pc=[00000000800022f0] W[r17=000000000000005d][1] R[r 0=0000000000000000] R[r 0=0000000000000000] inst=[05d00893] li      a7, 93
C0:        961 [1] pc=[00000000800022f4] W[r10=0000000000000000][1] R[r 0=0000000000000000] R[r 0=0000000000000000] inst=[00000513] li      a0, 0
C0:        962 [0] pc=[00000000800022f8] W[r 0=0000000000000000][0] R[r 0=0000000000000000] R[r 0=0000000000000000] inst=[00000073] ecall
C0:        967 [1] pc=[0000000080000004] W[r30=0000000000000008][1] R[r 0=0000000000000000] R[r 0=0000000000000000] inst=[34202f73] csrr    t5, unknown_342
C0:        968 [1] pc=[0000000080000008] W[r31=0000000000000008][1] R[r 0=0000000000000000] R[r 0=0000000000000000] inst=[00800f93] li      t6, 8
C0:        970 [1] pc=[000000008000000c] W[r 0=0000000000000000][0] R[r30=0000000000000008] R[r31=0000000000000008] inst=[07ff0663] beq     t5, t6, pc + 108
C0:        995 [1] pc=[0000000080000078] W[r30=0000000080003078][1] R[r 0=0000000000000000] R[r 0=0000000000000000] inst=[00003f17] auipc   t5, 0x3
C0:       1012 [1] pc=[000000008000007c] W[r 0=0000000000000000][0] R[r30=0000000080003078] R[r 3=0000000000000001] inst=[f83f2423] sw      gp, -120(t5)
C0:       1013 [1] pc=[0000000080000080] W[r 0=0000000080000084][1] R[r 0=0000000000000000] R[r 0=0000000000000000] inst=[ff9ff06f] j       pc - 0x8
C0:       1014 [1] pc=[0000000080000078] W[r30=0000000080003078][1] R[r 0=0000000000000000] R[r 0=0000000000000000] inst=[00003f17] auipc   t5, 0x3
C0:       1015 [1] pc=[000000008000007c] W[r 0=0000000000000000][0] R[r30=0000000080003078] R[r 3=0000000000000001] inst=[f83f2423] sw      gp, -120(t5)
C0:       1016 [1] pc=[0000000080000080] W[r 0=0000000080000084][1] R[r 0=0000000000000000] R[r 0=0000000000000000] inst=[ff9ff06f] j       pc - 0x8
C0:       1017 [1] pc=[0000000080000078] W[r30=0000000080003078][1] R[r 0=0000000000000000] R[r 0=0000000000000000] inst=[00003f17] auipc   t5, 0x3
C0:       1018 [1] pc=[000000008000007c] W[r 0=0000000000000000][0] R[r30=0000000080003078] R[r 3=0000000000000001] inst=[f83f2423] sw      gp, -120(t5)
C0:       1019 [1] pc=[0000000080000080] W[r 0=0000000080000084][1] R[r 0=0000000000000000] R[r 0=0000000000000000] inst=[ff9ff06f] j       pc - 0x8
C0:       1020 [1] pc=[0000000080000078] W[r30=0000000080003078][1] R[r 0=0000000000000000] R[r 0=0000000000000000] inst=[00003f17] auipc   t5, 0x3
C0:       1021 [1] pc=[000000008000007c] W[r 0=0000000000000000][0] R[r30=0000000080003078] R[r 3=0000000000000001] inst=[f83f2423] sw      gp, -120(t5)
C0:       1022 [1] pc=[0000000080000080] W[r 0=0000000080000084][1] R[r 0=0000000000000000] R[r 0=0000000000000000] inst=[ff9ff06f] j       pc - 0x8
C0:       1023 [1] pc=[0000000080000078] W[r30=0000000080003078][1] R[r 0=0000000000000000] R[r 0=0000000000000000] inst=[00003f17] auipc   t5, 0x3
C0:       1024 [1] pc=[000000008000007c] W[r 0=0000000000000000][0] R[r30=0000000080003078] R[r 3=0000000000000001] inst=[f83f2423] sw      gp, -120(t5)
C0:       1025 [1] pc=[0000000080000080] W[r 0=0000000080000084][1] R[r 0=0000000000000000] R[r 0=0000000000000000] inst=[ff9ff06f] j       pc - 0x8
C0:       1026 [1] pc=[0000000080000078] W[r30=0000000080003078][1] R[r 0=0000000000000000] R[r 0=0000000000000000] inst=[00003f17] auipc   t5, 0x3
C0:       1027 [1] pc=[000000008000007c] W[r 0=0000000000000000][0] R[r30=0000000080003078] R[r 3=0000000000000001] inst=[f83f2423] sw      gp, -120(t5)
C0:       1028 [1] pc=[0000000080000080] W[r 0=0000000080000084][1] R[r 0=0000000000000000] R[r 0=0000000000000000] inst=[ff9ff06f] j       pc - 0x8
C0:       1029 [1] pc=[0000000080000078] W[r30=0000000080003078][1] R[r 0=0000000000000000] R[r 0=0000000000000000] inst=[00003f17] auipc   t5, 0x3
C0:       1030 [1] pc=[000000008000007c] W[r 0=0000000000000000][0] R[r30=0000000080003078] R[r 3=0000000000000001] inst=[f83f2423] sw      gp, -120(t5)
C0:       1031 [1] pc=[0000000080000080] W[r 0=0000000080000084][1] R[r 0=0000000000000000] R[r 0=0000000000000000] inst=[ff9ff06f] j       pc - 0x8
C0:       1032 [1] pc=[0000000080000078] W[r30=0000000080003078][1] R[r 0=0000000000000000] R[r 0=0000000000000000] inst=[00003f17] auipc   t5, 0x3
C0:       1033 [1] pc=[000000008000007c] W[r 0=0000000000000000][0] R[r30=0000000080003078] R[r 3=0000000000000001] inst=[f83f2423] sw      gp, -120(t5)
C0:       1034 [1] pc=[0000000080000080] W[r 0=0000000080000084][1] R[r 0=0000000000000000] R[r 0=0000000000000000] inst=[ff9ff06f] j       pc - 0x8
C0:       1035 [1] pc=[0000000080000078] W[r30=0000000080003078][1] R[r 0=0000000000000000] R[r 0=0000000000000000] inst=[00003f17] auipc   t5, 0x3
C0:       1036 [1] pc=[000000008000007c] W[r 0=0000000000000000][0] R[r30=0000000080003078] R[r 3=0000000000000001] inst=[f83f2423] sw      gp, -120(t5)
C0:       1037 [1] pc=[0000000080000080] W[r 0=0000000080000084][1] R[r 0=0000000000000000] R[r 0=0000000000000000] inst=[ff9ff06f] j       pc - 0x8
C0:       1038 [1] pc=[0000000080000078] W[r30=0000000080003078][1] R[r 0=0000000000000000] R[r 0=0000000000000000] inst=[00003f17] auipc   t5, 0x3
C0:       1039 [1] pc=[000000008000007c] W[r 0=0000000000000000][0] R[r30=0000000080003078] R[r 3=0000000000000001] inst=[f83f2423] sw      gp, -120(t5)
C0:       1040 [1] pc=[0000000080000080] W[r 0=0000000080000084][1] R[r 0=0000000000000000] R[r 0=0000000000000000] inst=[ff9ff06f] j       pc - 0x8
C0:       1041 [1] pc=[0000000080000078] W[r30=0000000080003078][1] R[r 0=0000000000000000] R[r 0=0000000000000000] inst=[00003f17] auipc   t5, 0x3
C0:       1042 [1] pc=[000000008000007c] W[r 0=0000000000000000][0] R[r30=0000000080003078] R[r 3=0000000000000001] inst=[f83f2423] sw      gp, -120(t5)
C0:       1043 [1] pc=[0000000080000080] W[r 0=0000000080000084][1] R[r 0=0000000000000000] R[r 0=0000000000000000] inst=[ff9ff06f] j       pc - 0x8
C0:       1044 [1] pc=[0000000080000078] W[r30=0000000080003078][1] R[r 0=0000000000000000] R[r 0=0000000000000000] inst=[00003f17] auipc   t5, 0x3
C0:       1045 [1] pc=[000000008000007c] W[r 0=0000000000000000][0] R[r30=0000000080003078] R[r 3=0000000000000001] inst=[f83f2423] sw      gp, -120(t5)
C0:       1046 [1] pc=[0000000080000080] W[r 0=0000000080000084][1] R[r 0=0000000000000000] R[r 0=0000000000000000] inst=[ff9ff06f] j       pc - 0x8
C0:       1047 [1] pc=[0000000080000078] W[r30=0000000080003078][1] R[r 0=0000000000000000] R[r 0=0000000000000000] inst=[00003f17] auipc   t5, 0x3
C0:       1048 [1] pc=[000000008000007c] W[r 0=0000000000000000][0] R[r30=0000000080003078] R[r 3=0000000000000001] inst=[f83f2423] sw      gp, -120(t5)
C0:       1049 [1] pc=[0000000080000080] W[r 0=0000000080000084][1] R[r 0=0000000000000000] R[r 0=0000000000000000] inst=[ff9ff06f] j       pc - 0x8
C0:       1050 [1] pc=[0000000080000078] W[r30=0000000080003078][1] R[r 0=0000000000000000] R[r 0=0000000000000000] inst=[00003f17] auipc   t5, 0x3
C0:       1051 [1] pc=[000000008000007c] W[r 0=0000000000000000][0] R[r30=0000000080003078] R[r 3=0000000000000001] inst=[f83f2423] sw      gp, -120(t5)
C0:       1052 [1] pc=[0000000080000080] W[r 0=0000000080000084][1] R[r 0=0000000000000000] R[r 0=0000000000000000] inst=[ff9ff06f] j       pc - 0x8
C0:       1053 [1] pc=[0000000080000078] W[r30=0000000080003078][1] R[r 0=0000000000000000] R[r 0=0000000000000000] inst=[00003f17] auipc   t5, 0x3
C0:       1054 [1] pc=[000000008000007c] W[r 0=0000000000000000][0] R[r30=0000000080003078] R[r 3=0000000000000001] inst=[f83f2423] sw      gp, -120(t5)
C0:       1055 [1] pc=[0000000080000080] W[r 0=0000000080000084][1] R[r 0=0000000000000000] R[r 0=0000000000000000] inst=[ff9ff06f] j       pc - 0x8
C0:       1056 [1] pc=[0000000080000078] W[r30=0000000080003078][1] R[r 0=0000000000000000] R[r 0=0000000000000000] inst=[00003f17] auipc   t5, 0x3
C0:       1057 [1] pc=[000000008000007c] W[r 0=0000000000000000][0] R[r30=0000000080003078] R[r 3=0000000000000001] inst=[f83f2423] sw      gp, -120(t5)
C0:       1058 [1] pc=[0000000080000080] W[r 0=0000000080000084][1] R[r 0=0000000000000000] R[r 0=0000000000000000] inst=[ff9ff06f] j       pc - 0x8
C0:       1059 [1] pc=[0000000080000078] W[r30=0000000080003078][1] R[r 0=0000000000000000] R[r 0=0000000000000000] inst=[00003f17] auipc   t5, 0x3
C0:       1060 [1] pc=[000000008000007c] W[r 0=0000000000000000][0] R[r30=0000000080003078] R[r 3=0000000000000001] inst=[f83f2423] sw      gp, -120(t5)
C0:       1061 [1] pc=[0000000080000080] W[r 0=0000000080000084][1] R[r 0=0000000000000000] R[r 0=0000000000000000] inst=[ff9ff06f] j       pc - 0x8
C0:       1062 [1] pc=[0000000080000078] W[r30=0000000080003078][1] R[r 0=0000000000000000] R[r 0=0000000000000000] inst=[00003f17] auipc   t5, 0x3
C0:       1063 [1] pc=[000000008000007c] W[r 0=0000000000000000][0] R[r30=0000000080003078] R[r 3=0000000000000001] inst=[f83f2423] sw      gp, -120(t5)
C0:       1064 [1] pc=[0000000080000080] W[r 0=0000000080000084][1] R[r 0=0000000000000000] R[r 0=0000000000000000] inst=[ff9ff06f] j       pc - 0x8
C0:       1065 [1] pc=[0000000080000078] W[r30=0000000080003078][1] R[r 0=0000000000000000] R[r 0=0000000000000000] inst=[00003f17] auipc   t5, 0x3
C0:       1066 [1] pc=[000000008000007c] W[r 0=0000000000000000][0] R[r30=0000000080003078] R[r 3=0000000000000001] inst=[f83f2423] sw      gp, -120(t5)
C0:       1067 [1] pc=[0000000080000080] W[r 0=0000000080000084][1] R[r 0=0000000000000000] R[r 0=0000000000000000] inst=[ff9ff06f] j       pc - 0x8
C0:       1068 [1] pc=[0000000080000078] W[r30=0000000080003078][1] R[r 0=0000000000000000] R[r 0=0000000000000000] inst=[00003f17] auipc   t5, 0x3
C0:       1069 [1] pc=[000000008000007c] W[r 0=0000000000000000][0] R[r30=0000000080003078] R[r 3=0000000000000001] inst=[f83f2423] sw      gp, -120(t5)
C0:       1070 [1] pc=[0000000080000080] W[r 0=0000000080000084][1] R[r 0=0000000000000000] R[r 0=0000000000000000] inst=[ff9ff06f] j       pc - 0x8
C0:       1071 [1] pc=[0000000080000078] W[r30=0000000080003078][1] R[r 0=0000000000000000] R[r 0=0000000000000000] inst=[00003f17] auipc   t5, 0x3
C0:       1072 [1] pc=[000000008000007c] W[r 0=0000000000000000][0] R[r30=0000000080003078] R[r 3=0000000000000001] inst=[f83f2423] sw      gp, -120(t5)
C0:       1073 [1] pc=[0000000080000080] W[r 0=0000000080000084][1] R[r 0=0000000000000000] R[r 0=0000000000000000] inst=[ff9ff06f] j       pc - 0x8
C0:       1074 [1] pc=[0000000080000078] W[r30=0000000080003078][1] R[r 0=0000000000000000] R[r 0=0000000000000000] inst=[00003f17] auipc   t5, 0x3
C0:       1075 [1] pc=[000000008000007c] W[r 0=0000000000000000][0] R[r30=0000000080003078] R[r 3=0000000000000001] inst=[f83f2423] sw      gp, -120(t5)
C0:       1076 [1] pc=[0000000080000080] W[r 0=0000000080000084][1] R[r 0=0000000000000000] R[r 0=0000000000000000] inst=[ff9ff06f] j       pc - 0x8
C0:       1077 [1] pc=[0000000080000078] W[r30=0000000080003078][1] R[r 0=0000000000000000] R[r 0=0000000000000000] inst=[00003f17] auipc   t5, 0x3
C0:       1078 [1] pc=[000000008000007c] W[r 0=0000000000000000][0] R[r30=0000000080003078] R[r 3=0000000000000001] inst=[f83f2423] sw      gp, -120(t5)
C0:       1079 [1] pc=[0000000080000080] W[r 0=0000000080000084][1] R[r 0=0000000000000000] R[r 0=0000000000000000] inst=[ff9ff06f] j       pc - 0x8
C0:       1080 [1] pc=[0000000080000078] W[r30=0000000080003078][1] R[r 0=0000000000000000] R[r 0=0000000000000000] inst=[00003f17] auipc   t5, 0x3
C0:       1081 [1] pc=[000000008000007c] W[r 0=0000000000000000][0] R[r30=0000000080003078] R[r 3=0000000000000001] inst=[f83f2423] sw      gp, -120(t5)
C0:       1082 [1] pc=[0000000080000080] W[r 0=0000000080000084][1] R[r 0=0000000000000000] R[r 0=0000000000000000] inst=[ff9ff06f] j       pc - 0x8
C0:       1083 [1] pc=[0000000080000078] W[r30=0000000080003078][1] R[r 0=0000000000000000] R[r 0=0000000000000000] inst=[00003f17] auipc   t5, 0x3
C0:       1084 [1] pc=[000000008000007c] W[r 0=0000000000000000][0] R[r30=0000000080003078] R[r 3=0000000000000001] inst=[f83f2423] sw      gp, -120(t5)
C0:       1085 [1] pc=[0000000080000080] W[r 0=0000000080000084][1] R[r 0=0000000000000000] R[r 0=0000000000000000] inst=[ff9ff06f] j       pc - 0x8
C0:       1086 [1] pc=[0000000080000078] W[r30=0000000080003078][1] R[r 0=0000000000000000] R[r 0=0000000000000000] inst=[00003f17] auipc   t5, 0x3
C0:       1087 [1] pc=[000000008000007c] W[r 0=0000000000000000][0] R[r30=0000000080003078] R[r 3=0000000000000001] inst=[f83f2423] sw      gp, -120(t5)
C0:       1088 [1] pc=[0000000080000080] W[r 0=0000000080000084][1] R[r 0=0000000000000000] R[r 0=0000000000000000] inst=[ff9ff06f] j       pc - 0x8
C0:       1089 [1] pc=[0000000080000078] W[r30=0000000080003078][1] R[r 0=0000000000000000] R[r 0=0000000000000000] inst=[00003f17] auipc   t5, 0x3
C0:       1090 [1] pc=[000000008000007c] W[r 0=0000000000000000][0] R[r30=0000000080003078] R[r 3=0000000000000001] inst=[f83f2423] sw      gp, -120(t5)
C0:       1091 [1] pc=[0000000080000080] W[r 0=0000000080000084][1] R[r 0=0000000000000000] R[r 0=0000000000000000] inst=[ff9ff06f] j       pc - 0x8
C0:       1092 [1] pc=[0000000080000078] W[r30=0000000080003078][1] R[r 0=0000000000000000] R[r 0=0000000000000000] inst=[00003f17] auipc   t5, 0x3
C0:       1093 [1] pc=[000000008000007c] W[r 0=0000000000000000][0] R[r30=0000000080003078] R[r 3=0000000000000001] inst=[f83f2423] sw      gp, -120(t5)
C0:       1094 [1] pc=[0000000080000080] W[r 0=0000000080000084][1] R[r 0=0000000000000000] R[r 0=0000000000000000] inst=[ff9ff06f] j       pc - 0x8
C0:       1095 [1] pc=[0000000080000078] W[r30=0000000080003078][1] R[r 0=0000000000000000] R[r 0=0000000000000000] inst=[00003f17] auipc   t5, 0x3
C0:       1121 [1] pc=[000000008000007c] W[r 0=0000000000000000][0] R[r30=0000000080003078] R[r 3=0000000000000001] inst=[f83f2423] sw      gp, -120(t5)
C0:       1122 [1] pc=[0000000080000080] W[r 0=0000000080000084][1] R[r 0=0000000000000000] R[r 0=0000000000000000] inst=[ff9ff06f] j       pc - 0x8
C0:       1123 [1] pc=[0000000080000078] W[r30=0000000080003078][1] R[r 0=0000000000000000] R[r 0=0000000000000000] inst=[00003f17] auipc   t5, 0x3
C0:       1124 [1] pc=[000000008000007c] W[r 0=0000000000000000][0] R[r30=0000000080003078] R[r 3=0000000000000001] inst=[f83f2423] sw      gp, -120(t5)
C0:       1125 [1] pc=[0000000080000080] W[r 0=0000000080000084][1] R[r 0=0000000000000000] R[r 0=0000000000000000] inst=[ff9ff06f] j       pc - 0x8
C0:       1126 [1] pc=[0000000080000078] W[r30=0000000080003078][1] R[r 0=0000000000000000] R[r 0=0000000000000000] inst=[00003f17] auipc   t5, 0x3
C0:       1127 [1] pc=[000000008000007c] W[r 0=0000000000000000][0] R[r30=0000000080003078] R[r 3=0000000000000001] inst=[f83f2423] sw      gp, -120(t5)
C0:       1128 [1] pc=[0000000080000080] W[r 0=0000000080000084][1] R[r 0=0000000000000000] R[r 0=0000000000000000] inst=[ff9ff06f] j       pc - 0x8
C0:       1129 [1] pc=[0000000080000078] W[r30=0000000080003078][1] R[r 0=0000000000000000] R[r 0=0000000000000000] inst=[00003f17] auipc   t5, 0x3
C0:       1130 [1] pc=[000000008000007c] W[r 0=0000000000000000][0] R[r30=0000000080003078] R[r 3=0000000000000001] inst=[f83f2423] sw      gp, -120(t5)
C0:       1131 [1] pc=[0000000080000080] W[r 0=0000000080000084][1] R[r 0=0000000000000000] R[r 0=0000000000000000] inst=[ff9ff06f] j       pc - 0x8
C0:       1132 [1] pc=[0000000080000078] W[r30=0000000080003078][1] R[r 0=0000000000000000] R[r 0=0000000000000000] inst=[00003f17] auipc   t5, 0x3
C0:       1133 [1] pc=[000000008000007c] W[r 0=0000000000000000][0] R[r30=0000000080003078] R[r 3=0000000000000001] inst=[f83f2423] sw      gp, -120(t5)
C0:       1134 [1] pc=[0000000080000080] W[r 0=0000000080000084][1] R[r 0=0000000000000000] R[r 0=0000000000000000] inst=[ff9ff06f] j       pc - 0x8
C0:       1135 [1] pc=[0000000080000078] W[r30=0000000080003078][1] R[r 0=0000000000000000] R[r 0=0000000000000000] inst=[00003f17] auipc   t5, 0x3
C0:       1136 [1] pc=[000000008000007c] W[r 0=0000000000000000][0] R[r30=0000000080003078] R[r 3=0000000000000001] inst=[f83f2423] sw      gp, -120(t5)
C0:       1137 [1] pc=[0000000080000080] W[r 0=0000000080000084][1] R[r 0=0000000000000000] R[r 0=0000000000000000] inst=[ff9ff06f] j       pc - 0x8
C0:       1138 [1] pc=[0000000080000078] W[r30=0000000080003078][1] R[r 0=0000000000000000] R[r 0=0000000000000000] inst=[00003f17] auipc   t5, 0x3
C0:       1139 [1] pc=[000000008000007c] W[r 0=0000000000000000][0] R[r30=0000000080003078] R[r 3=0000000000000001] inst=[f83f2423] sw      gp, -120(t5)
C0:       1140 [1] pc=[0000000080000080] W[r 0=0000000080000084][1] R[r 0=0000000000000000] R[r 0=0000000000000000] inst=[ff9ff06f] j       pc - 0x8
C0:       1141 [1] pc=[0000000080000078] W[r30=0000000080003078][1] R[r 0=0000000000000000] R[r 0=0000000000000000] inst=[00003f17] auipc   t5, 0x3
C0:       1142 [1] pc=[000000008000007c] W[r 0=0000000000000000][0] R[r30=0000000080003078] R[r 3=0000000000000001] inst=[f83f2423] sw      gp, -120(t5)
C0:       1143 [1] pc=[0000000080000080] W[r 0=0000000080000084][1] R[r 0=0000000000000000] R[r 0=0000000000000000] inst=[ff9ff06f] j       pc - 0x8
C0:       1144 [1] pc=[0000000080000078] W[r30=0000000080003078][1] R[r 0=0000000000000000] R[r 0=0000000000000000] inst=[00003f17] auipc   t5, 0x3
C0:       1145 [1] pc=[000000008000007c] W[r 0=0000000000000000][0] R[r30=0000000080003078] R[r 3=0000000000000001] inst=[f83f2423] sw      gp, -120(t5)
C0:       1146 [1] pc=[0000000080000080] W[r 0=0000000080000084][1] R[r 0=0000000000000000] R[r 0=0000000000000000] inst=[ff9ff06f] j       pc - 0x8
C0:       1147 [1] pc=[0000000080000078] W[r30=0000000080003078][1] R[r 0=0000000000000000] R[r 0=0000000000000000] inst=[00003f17] auipc   t5, 0x3
C0:       1148 [1] pc=[000000008000007c] W[r 0=0000000000000000][0] R[r30=0000000080003078] R[r 3=0000000000000001] inst=[f83f2423] sw      gp, -120(t5)
C0:       1149 [1] pc=[0000000080000080] W[r 0=0000000080000084][1] R[r 0=0000000000000000] R[r 0=0000000000000000] inst=[ff9ff06f] j       pc - 0x8
C0:       1150 [1] pc=[0000000080000078] W[r30=0000000080003078][1] R[r 0=0000000000000000] R[r 0=0000000000000000] inst=[00003f17] auipc   t5, 0x3
C0:       1151 [1] pc=[000000008000007c] W[r 0=0000000000000000][0] R[r30=0000000080003078] R[r 3=0000000000000001] inst=[f83f2423] sw      gp, -120(t5)
C0:       1152 [1] pc=[0000000080000080] W[r 0=0000000080000084][1] R[r 0=0000000000000000] R[r 0=0000000000000000] inst=[ff9ff06f] j       pc - 0x8
C0:       1153 [1] pc=[0000000080000078] W[r30=0000000080003078][1] R[r 0=0000000000000000] R[r 0=0000000000000000] inst=[00003f17] auipc   t5, 0x3
*** PASSED *** Completed after 150144 cycles
