using random seed 1632263378
This emulator compiled with JTAG Remote Bitbang client. To enable, use +jtag_rbb_enable=1.
Listening on port 43639
== Loading device model file '/home/fleker/Desktop/chipyard/generators/testchipip/src/main/resources/dramsim2_ini/DDR3_micron_64M_8B_x4_sg15.ini' == 
== Loading system model file '/home/fleker/Desktop/chipyard/generators/testchipip/src/main/resources/dramsim2_ini/system.ini' == 
===== MemorySystem 0 =====
CH. 0 TOTAL_STORAGE : 4096MB | 1 Ranks | 16 Devices per rank
DRAMSim2 Clock Frequency =666666666Hz, CPU Clock Frequency=100000000Hz
C0:         19 [1] pc=[0000000000010040] W[r10=0000000000010040][1] R[r 0=0000000000000000] R[r 0=0000000000000000] inst=[00000517] auipc   a0, 0x0
C0:         20 [1] pc=[0000000000010044] W[r10=0000000000010000][1] R[r10=0000000000010040] R[r 0=0000000000000000] inst=[fc050513] addi    a0, a0, -64
C0:         21 [1] pc=[0000000000010048] W[r 0=0000000000000000][1] R[r10=0000000000010000] R[r 0=0000000000000000] inst=[30551073] csrw    unknown_305, a0
C0:         26 [1] pc=[000000000001004c] W[r 5=800000000094112d][1] R[r 0=0000000000000000] R[r 0=0000000000000000] inst=[301022f3] csrr    t0, unknown_301
C0:         29 [1] pc=[0000000000010050] W[r 5=ffffe00000000025][1] R[r 5=800000000094112d] R[r 0=0000000000000000] inst=[4122d293] srai    t0, t0, 18
C0:         30 [1] pc=[0000000000010054] W[r 5=0000000000000001][1] R[r 5=ffffe00000000025] R[r 0=0000000000000000] inst=[0012f293] andi    t0, t0, 1
C0:         31 [1] pc=[0000000000010058] W[r 0=0000000000000000][0] R[r 5=0000000000000001] R[r 0=0000000000000000] inst=[00028463] beqz    t0, pc + 8
C0:         32 [1] pc=[000000000001005c] W[r 0=0000000000000000][1] R[r 0=0000000000000000] R[r 0=0000000000000000] inst=[30301073] csrw    unknown_303, zero
C0:         37 [1] pc=[0000000000010060] W[r10=0000000000000008][1] R[r 0=0000000000000000] R[r 0=0000000000000000] inst=[00800513] li      a0, 8
C0:         38 [1] pc=[0000000000010064] W[r 0=0000000000000000][1] R[r10=0000000000000008] R[r 0=0000000000000000] inst=[30451073] csrw    unknown_304, a0
C0:         43 [1] pc=[0000000000010068] W[r 0=0000000a00001800][1] R[r10=0000000000000008] R[r 0=0000000000000000] inst=[30052073] csrs    unknown_300, a0
C0:         48 [1] pc=[000000000001006c] W[r 0=0000000000000000][0] R[r 0=0000000000000000] R[r 0=0000000000000000] inst=[10500073] wfi
C0:         51 [0] pc=[0000000000010070] W[r 0=0000000000000000][0] R[r31=0000000000000008] R[r 0=0000000000000000] inst=[ffdff06f] j       pc - 0x4
C0:         70 [1] pc=[0000000000010000] W[r11=0000000002000000][1] R[r 0=0000000000000000] R[r 0=0000000000000000] inst=[020005b7] lui     a1, 0x2000
C0:         71 [1] pc=[0000000000010004] W[r10=0000000000000000][1] R[r 0=0000000000000000] R[r 0=0000000000000000] inst=[f1402573] csrr    a0, unknown_f14
C0:         74 [1] pc=[0000000000010008] W[r 0=0000000000000000][0] R[r10=0000000000000000] R[r 0=0000000000000000] inst=[00050463] beqz    a0, pc + 8
C0:         78 [1] pc=[0000000000010010] W[r12=0000000002000004][1] R[r11=0000000002000000] R[r 0=0000000000000000] inst=[00458613] addi    a2, a1, 4
C0:         79 [1] pc=[0000000000010014] W[r13=0000000000000001][1] R[r 0=0000000000000000] R[r 0=0000000000000000] inst=[00100693] li      a3, 1
C0:         80 [1] pc=[0000000000010018] W[r 0=0000000000000000][0] R[r12=0000000002000004] R[r13=0000000000000001] inst=[00d62023] sw      a3, 0(a2)
C0:         81 [1] pc=[000000000001001c] W[r12=0000000002000008][1] R[r12=0000000002000004] R[r 0=0000000000000000] inst=[00460613] addi    a2, a2, 4
C0:         87 [1] pc=[0000000000010020] W[r13=0000000000000000][0] R[r12=0000000002000008] R[r 0=0000000000000000] inst=[ffc62683] lw      a3, -4(a2)
C0:         95 [1] pc=[0000000000010024] W[r 0=0000000000000000][0] R[r13=0000000000000000] R[r 0=0000000000000000] inst=[fe069ae3] bnez    a3, pc - 12
C0:         96 [1] pc=[0000000000010028] W[r 0=000000000001002c][1] R[r 0=0000000000000000] R[r 0=0000000000000000] inst=[05c0006f] j       pc + 0x5c
C0:        116 [1] pc=[0000000000010084] W[r 0=0000000000000000][0] R[r11=0000000002000000] R[r 0=0000000000000000] inst=[0005a023] sw      zero, 0(a1)
C0:        117 [1] pc=[0000000000010088] W[r10=0000000000004000][1] R[r 0=0000000000000000] R[r 0=0000000000000000] inst=[00004537] lui     a0, 0x4
C0:        123 [1] pc=[000000000001008c] W[r10=0000000000000000][0] R[r10=0000000000004000] R[r 0=0000000000000000] inst=[00056503] lwu     a0, 0(a0)
C0:        135 [1] pc=[0000000000010090] W[r 0=0000000000010070][1] R[r10=0000000080000000] R[r 0=0000000000000000] inst=[34151073] csrw    unknown_341, a0
C0:        136 [1] pc=[0000000000010094] W[r10=0000000000000000][1] R[r 0=0000000000000000] R[r 0=0000000000000000] inst=[f1402573] csrr    a0, unknown_f14
C0:        137 [1] pc=[0000000000010098] W[r11=0000000000010098][1] R[r 0=0000000000000000] R[r 0=0000000000000000] inst=[00000597] auipc   a1, 0x0
C0:        138 [1] pc=[000000000001009c] W[r11=00000000000100b0][1] R[r11=0000000000010098] R[r 0=0000000000000000] inst=[01858593] addi    a1, a1, 24
C0:        139 [1] pc=[00000000000100a0] W[r12=0000000000000080][1] R[r 0=0000000000000000] R[r 0=0000000000000000] inst=[08000613] li      a2, 128
C0:        140 [1] pc=[00000000000100a4] W[r 0=0000000a00001880][1] R[r12=0000000000000080] R[r 0=0000000000000000] inst=[30063073] csrc    unknown_300, a2
C0:        145 [1] pc=[00000000000100a8] W[r 0=0000000000000000][0] R[r 0=0000000000000000] R[r 0=0000000000000000] inst=[30200073] mret
C0:        166 [1] pc=[0000000080000000] W[r 0=0000000080000004][1] R[r 0=0000000000000000] R[r 0=0000000000000000] inst=[0840006f] j       pc + 0x84
C0:        189 [1] pc=[0000000080000084] W[r 1=0000000000000000][1] R[r 0=0000000000000000] R[r 0=0000000000000000] inst=[00000093] li      ra, 0
C0:        190 [1] pc=[0000000080000088] W[r 2=0000000000000000][1] R[r 0=0000000000000000] R[r 0=0000000000000000] inst=[00000113] li      sp, 0
C0:        191 [1] pc=[000000008000008c] W[r 3=0000000000000000][1] R[r 0=0000000000000000] R[r 0=0000000000000000] inst=[00000193] li      gp, 0
C0:        192 [1] pc=[0000000080000090] W[r 4=0000000000000000][1] R[r 0=0000000000000000] R[r 0=0000000000000000] inst=[00000213] li      tp, 0
C0:        193 [1] pc=[0000000080000094] W[r 5=0000000000000000][1] R[r 0=0000000000000000] R[r 0=0000000000000000] inst=[00000293] li      t0, 0
C0:        194 [1] pc=[0000000080000098] W[r 6=0000000000000000][1] R[r 0=0000000000000000] R[r 0=0000000000000000] inst=[00000313] li      t1, 0
C0:        195 [1] pc=[000000008000009c] W[r 7=0000000000000000][1] R[r 0=0000000000000000] R[r 0=0000000000000000] inst=[00000393] li      t2, 0
C0:        196 [1] pc=[00000000800000a0] W[r 8=0000000000000000][1] R[r 0=0000000000000000] R[r 0=0000000000000000] inst=[00000413] li      s0, 0
C0:        197 [1] pc=[00000000800000a4] W[r 9=0000000000000000][1] R[r 0=0000000000000000] R[r 0=0000000000000000] inst=[00000493] li      s1, 0
C0:        198 [1] pc=[00000000800000a8] W[r10=0000000000000000][1] R[r 0=0000000000000000] R[r 0=0000000000000000] inst=[00000513] li      a0, 0
C0:        199 [1] pc=[00000000800000ac] W[r11=0000000000000000][1] R[r 0=0000000000000000] R[r 0=0000000000000000] inst=[00000593] li      a1, 0
C0:        200 [1] pc=[00000000800000b0] W[r12=0000000000000000][1] R[r 0=0000000000000000] R[r 0=0000000000000000] inst=[00000613] li      a2, 0
C0:        201 [1] pc=[00000000800000b4] W[r13=0000000000000000][1] R[r 0=0000000000000000] R[r 0=0000000000000000] inst=[00000693] li      a3, 0
C0:        202 [1] pc=[00000000800000b8] W[r14=0000000000000000][1] R[r 0=0000000000000000] R[r 0=0000000000000000] inst=[00000713] li      a4, 0
C0:        203 [1] pc=[00000000800000bc] W[r15=0000000000000000][1] R[r 0=0000000000000000] R[r 0=0000000000000000] inst=[00000793] li      a5, 0
C0:        225 [1] pc=[00000000800000c0] W[r16=0000000000000000][1] R[r 0=0000000000000000] R[r 0=0000000000000000] inst=[00000813] li      a6, 0
C0:        226 [1] pc=[00000000800000c4] W[r17=0000000000000000][1] R[r 0=0000000000000000] R[r 0=0000000000000000] inst=[00000893] li      a7, 0
C0:        227 [1] pc=[00000000800000c8] W[r18=0000000000000000][1] R[r 0=0000000000000000] R[r 0=0000000000000000] inst=[00000913] li      s2, 0
C0:        228 [1] pc=[00000000800000cc] W[r19=0000000000000000][1] R[r 0=0000000000000000] R[r 0=0000000000000000] inst=[00000993] li      s3, 0
C0:        229 [1] pc=[00000000800000d0] W[r20=0000000000000000][1] R[r 0=0000000000000000] R[r 0=0000000000000000] inst=[00000a13] li      s4, 0
C0:        230 [1] pc=[00000000800000d4] W[r21=0000000000000000][1] R[r 0=0000000000000000] R[r 0=0000000000000000] inst=[00000a93] li      s5, 0
C0:        231 [1] pc=[00000000800000d8] W[r22=0000000000000000][1] R[r 0=0000000000000000] R[r 0=0000000000000000] inst=[00000b13] li      s6, 0
C0:        232 [1] pc=[00000000800000dc] W[r23=0000000000000000][1] R[r 0=0000000000000000] R[r 0=0000000000000000] inst=[00000b93] li      s7, 0
C0:        233 [1] pc=[00000000800000e0] W[r24=0000000000000000][1] R[r 0=0000000000000000] R[r 0=0000000000000000] inst=[00000c13] li      s8, 0
C0:        234 [1] pc=[00000000800000e4] W[r25=0000000000000000][1] R[r 0=0000000000000000] R[r 0=0000000000000000] inst=[00000c93] li      s9, 0
C0:        235 [1] pc=[00000000800000e8] W[r26=0000000000000000][1] R[r 0=0000000000000000] R[r 0=0000000000000000] inst=[00000d13] li      s10, 0
C0:        236 [1] pc=[00000000800000ec] W[r27=0000000000000000][1] R[r 0=0000000000000000] R[r 0=0000000000000000] inst=[00000d93] li      s11, 0
C0:        237 [1] pc=[00000000800000f0] W[r28=0000000000000000][1] R[r 0=0000000000000000] R[r 0=0000000000000000] inst=[00000e13] li      t3, 0
C0:        238 [1] pc=[00000000800000f4] W[r29=0000000000000000][1] R[r 0=0000000000000000] R[r 0=0000000000000000] inst=[00000e93] li      t4, 0
C0:        239 [1] pc=[00000000800000f8] W[r30=0000000000000000][1] R[r 0=0000000000000000] R[r 0=0000000000000000] inst=[00000f13] li      t5, 0
C0:        240 [1] pc=[00000000800000fc] W[r31=0000000000000000][1] R[r 0=0000000000000000] R[r 0=0000000000000000] inst=[00000f93] li      t6, 0
C0:        262 [1] pc=[0000000080000100] W[r10=0000000000000000][1] R[r 0=0000000000000000] R[r 0=0000000000000000] inst=[f1402573] csrr    a0, unknown_f14
C0:        265 [1] pc=[0000000080000104] W[r 0=0000000000000000][0] R[r10=0000000000000000] R[r 0=0000000000000000] inst=[00051063] bnez    a0, pc + 0
C0:        266 [1] pc=[0000000080000108] W[r 5=0000000080000108][1] R[r 0=0000000000000000] R[r 0=0000000000000000] inst=[00000297] auipc   t0, 0x0
C0:        267 [1] pc=[000000008000010c] W[r 5=0000000080000118][1] R[r 5=0000000080000108] R[r 0=0000000000000000] inst=[01028293] addi    t0, t0, 16
C0:        268 [1] pc=[0000000080000110] W[r 0=0000000000010000][1] R[r 5=0000000080000118] R[r 0=0000000000000000] inst=[30529073] csrw    unknown_305, t0
C0:        273 [1] pc=[0000000080000114] W[r 0=0000000000000000][1] R[r 0=0000000000000000] R[r 0=0000000000000000] inst=[18005073] csrwi   unknown_180, 0
C0:        278 [1] pc=[0000000080000118] W[r 5=0000000080000118][1] R[r 0=0000000000000000] R[r 0=0000000000000000] inst=[00000297] auipc   t0, 0x0
C0:        279 [1] pc=[000000008000011c] W[r 5=000000008000013c][1] R[r 5=0000000080000118] R[r 0=0000000000000000] inst=[02428293] addi    t0, t0, 36
C0:        280 [1] pc=[0000000080000120] W[r 0=0000000080000118][1] R[r 5=000000008000013c] R[r 0=0000000000000000] inst=[30529073] csrw    unknown_305, t0
C0:        285 [1] pc=[0000000080000124] W[r 5=0000000000000001][1] R[r 0=0000000000000000] R[r 0=0000000000000000] inst=[0010029b] addiw   t0, zero, 1
C0:        286 [1] pc=[0000000080000128] W[r 5=0020000000000000][1] R[r 5=0000000000000001] R[r 0=0000000000000000] inst=[03529293] slli    t0, t0, 53
C0:        287 [1] pc=[000000008000012c] W[r 5=001fffffffffffff][1] R[r 5=0020000000000000] R[r 0=0000000000000000] inst=[fff28293] addi    t0, t0, -1
C0:        288 [1] pc=[0000000080000130] W[r 0=0000000000000000][1] R[r 5=001fffffffffffff] R[r 0=0000000000000000] inst=[3b029073] csrw    unknown_3b0, t0
C0:        293 [1] pc=[0000000080000134] W[r 5=000000000000001f][1] R[r 0=0000000000000000] R[r 0=0000000000000000] inst=[01f00293] li      t0, 31
C0:        294 [1] pc=[0000000080000138] W[r 0=0000000000000000][1] R[r 5=000000000000001f] R[r 0=0000000000000000] inst=[3a029073] csrw    unknown_3a0, t0
C0:        299 [1] pc=[000000008000013c] W[r 0=0000000000000008][1] R[r 0=0000000000000000] R[r 0=0000000000000000] inst=[30405073] csrwi   unknown_304, 0
C0:        316 [1] pc=[0000000080000140] W[r 5=0000000080000140][1] R[r 0=0000000000000000] R[r 0=0000000000000000] inst=[00000297] auipc   t0, 0x0
C0:        317 [1] pc=[0000000080000144] W[r 5=0000000080000154][1] R[r 5=0000000080000140] R[r 0=0000000000000000] inst=[01428293] addi    t0, t0, 20
C0:        318 [1] pc=[0000000080000148] W[r 0=000000008000013c][1] R[r 5=0000000080000154] R[r 0=0000000000000000] inst=[30529073] csrw    unknown_305, t0
C0:        323 [1] pc=[000000008000014c] W[r 0=0000000000000000][1] R[r 0=0000000000000000] R[r 0=0000000000000000] inst=[30205073] csrwi   unknown_302, 0
C0:        328 [1] pc=[0000000080000150] W[r 0=0000000000000000][1] R[r 0=0000000000000000] R[r 0=0000000000000000] inst=[30305073] csrwi   unknown_303, 0
C0:        333 [1] pc=[0000000080000154] W[r 3=0000000000000000][1] R[r 0=0000000000000000] R[r 0=0000000000000000] inst=[00000193] li      gp, 0
C0:        334 [1] pc=[0000000080000158] W[r 5=0000000080000158][1] R[r 0=0000000000000000] R[r 0=0000000000000000] inst=[00000297] auipc   t0, 0x0
C0:        335 [1] pc=[000000008000015c] W[r 5=0000000080000004][1] R[r 5=0000000080000158] R[r 0=0000000000000000] inst=[eac28293] addi    t0, t0, -340
C0:        336 [1] pc=[0000000080000160] W[r 0=0000000080000154][1] R[r 5=0000000080000004] R[r 0=0000000000000000] inst=[30529073] csrw    unknown_305, t0
C0:        341 [1] pc=[0000000080000164] W[r10=0000000000000001][1] R[r 0=0000000000000000] R[r 0=0000000000000000] inst=[00100513] li      a0, 1
C0:        342 [1] pc=[0000000080000168] W[r10=0000000080000000][1] R[r10=0000000000000001] R[r 0=0000000000000000] inst=[01f51513] slli    a0, a0, 31
C0:        343 [1] pc=[000000008000016c] W[r 0=0000000000000000][0] R[r10=0000000080000000] R[r 0=0000000000000000] inst=[00055c63] bgez    a0, pc + 24
C0:        368 [1] pc=[0000000080000184] W[r 5=0000000000000184][1] R[r 0=0000000000000000] R[r 0=0000000000000000] inst=[80000297] auipc   t0, 0x80000
C0:        369 [1] pc=[0000000080000188] W[r 5=0000000000000000][1] R[r 5=0000000000000184] R[r 0=0000000000000000] inst=[e7c28293] addi    t0, t0, -388
C0:        370 [1] pc=[000000008000018c] W[r 0=0000000000000000][0] R[r 5=0000000000000000] R[r 0=0000000000000000] inst=[00028a63] beqz    t0, pc + 20
C0:        374 [1] pc=[00000000800001a0] W[r 0=0000000a00000080][1] R[r 0=0000000000000000] R[r 0=0000000000000000] inst=[30005073] csrwi   unknown_300, 0
C0:        379 [1] pc=[00000000800001a4] W[r10=0000000000002000][1] R[r 0=0000000000000000] R[r 0=0000000000000000] inst=[00002537] lui     a0, 0x2
C0:        380 [1] pc=[00000000800001a8] W[r 0=0000000a00000000][1] R[r10=0000000000002000] R[r 0=0000000000000000] inst=[30052073] csrs    unknown_300, a0
C0:        385 [1] pc=[00000000800001ac] W[r 0=0000000000000000][1] R[r 0=0000000000000000] R[r 0=0000000000000000] inst=[00305073] csrwi   fcsr, 0
C0:        390 [1] pc=[00000000800001b0] W[r 5=00000000800001b0][1] R[r 0=0000000000000000] R[r 0=0000000000000000] inst=[00000297] auipc   t0, 0x0
C0:        391 [1] pc=[00000000800001b4] W[r 5=00000000800001c4][1] R[r 5=00000000800001b0] R[r 0=0000000000000000] inst=[01428293] addi    t0, t0, 20
C0:        392 [1] pc=[00000000800001b8] W[r 0=0000000080000000][1] R[r 5=00000000800001c4] R[r 0=0000000000000000] inst=[34129073] csrw    unknown_341, t0
C0:        393 [1] pc=[00000000800001bc] W[r10=0000000000000000][1] R[r 0=0000000000000000] R[r 0=0000000000000000] inst=[f1402573] csrr    a0, unknown_f14
C0:        415 [1] pc=[00000000800001c0] W[r 0=0000000000000000][0] R[r 0=0000000000000000] R[r 0=0000000000000000] inst=[30200073] mret
C0:        420 [1] pc=[00000000800001c4] W[r 3=0000000000000002][1] R[r 0=0000000000000000] R[r 0=0000000000000000] inst=[00200193] li      gp, 2
C0:        421 [1] pc=[00000000800001c8] W[r10=00000000800021c8][1] R[r 0=0000000000000000] R[r 0=0000000000000000] inst=[00002517] auipc   a0, 0x2
C0:        422 [1] pc=[00000000800001cc] W[r10=0000000080002000][1] R[r10=00000000800021c8] R[r 0=0000000000000000] inst=[e3850513] addi    a0, a0, -456
C0:        439 [1] pc=[00000000800001d0] W[r 0=0000000000000000][0] R[r10=0000000080002000] R[r 0=0000000000000000] inst=[00053007] fld     ft0, 0(a0)
C0:        440 [1] pc=[00000000800001d4] W[r 1=0000000000000000][0] R[r10=0000000080002000] R[r 0=0000000000000000] inst=[00853087] fld     ft1, 8(a0)
C0:        441 [1] pc=[00000000800001d8] W[r 2=0000000000000000][0] R[r10=0000000080002000] R[r 0=0000000000000000] inst=[01053107] fld     ft2, 16(a0)
C0:        442 [1] pc=[00000000800001dc] W[r13=ffffffffffffffff][1] R[r10=0000000080002000] R[r 0=0000000000000000] inst=[01853683] ld      a3, 24(a0)
C0:        443 [1] pc=[00000000800001e0] W[r10=ffffffffffffffff][1] R[r 0=0000000000000000] R[r 0=0000000000000000] inst=[c2001553] fcvt.w.d a0, ft0
C0:        447 [1] pc=[00000000800001e4] W[r11=0000000000000001][1] R[r 0=0000000000000000] R[r 0=0000000000000000] inst=[001015f3] csrrw   a1, fflags, zero
C0:        452 [1] pc=[00000000800001e8] W[r12=0000000000000001][1] R[r 0=0000000000000000] R[r 0=0000000000000000] inst=[00100613] li      a2, 1
C0:        453 [1] pc=[00000000800001ec] W[r 0=0000000000000000][0] R[r10=ffffffffffffffff] R[r13=ffffffffffffffff] inst=[62d51e63] bne     a0, a3, pc + 1596
C0:        454 [1] pc=[00000000800001f0] W[r 0=0000000000000000][0] R[r11=0000000000000001] R[r12=0000000000000001] inst=[62c59c63] bne     a1, a2, pc + 1592
C0:        455 [1] pc=[00000000800001f4] W[r 3=0000000000000003][1] R[r 0=0000000000000000] R[r 0=0000000000000000] inst=[00300193] li      gp, 3
C0:        456 [1] pc=[00000000800001f8] W[r10=00000000800021f8][1] R[r 0=0000000000000000] R[r 0=0000000000000000] inst=[00002517] auipc   a0, 0x2
C0:        457 [1] pc=[00000000800001fc] W[r10=0000000080002020][1] R[r10=00000000800021f8] R[r 0=0000000000000000] inst=[e2850513] addi    a0, a0, -472
C0:        479 [1] pc=[0000000080000200] W[r 0=0000000000000000][0] R[r10=0000000080002020] R[r 0=0000000000000000] inst=[00053007] fld     ft0, 0(a0)
C0:        480 [1] pc=[0000000080000204] W[r 1=0000000000000000][0] R[r10=0000000080002020] R[r 0=0000000000000000] inst=[00853087] fld     ft1, 8(a0)
C0:        481 [1] pc=[0000000080000208] W[r 2=0000000000000000][0] R[r10=0000000080002020] R[r 0=0000000000000000] inst=[01053107] fld     ft2, 16(a0)
C0:        482 [1] pc=[000000008000020c] W[r13=ffffffffffffffff][1] R[r10=0000000080002020] R[r 0=0000000000000000] inst=[01853683] ld      a3, 24(a0)
C0:        483 [1] pc=[0000000080000210] W[r10=ffffffffffffffff][1] R[r 0=0000000000000000] R[r 0=0000000000000000] inst=[c2001553] fcvt.w.d a0, ft0
C0:        487 [1] pc=[0000000080000214] W[r11=0000000000000000][1] R[r 0=0000000000000000] R[r 0=0000000000000000] inst=[001015f3] csrrw   a1, fflags, zero
C0:        492 [1] pc=[0000000080000218] W[r12=0000000000000000][1] R[r 0=0000000000000000] R[r 0=0000000000000000] inst=[00000613] li      a2, 0
C0:        493 [1] pc=[000000008000021c] W[r 0=0000000000000000][0] R[r10=ffffffffffffffff] R[r13=ffffffffffffffff] inst=[60d51663] bne     a0, a3, pc + 1548
C0:        494 [1] pc=[0000000080000220] W[r 0=0000000000000000][0] R[r11=0000000000000000] R[r12=0000000000000000] inst=[60c59463] bne     a1, a2, pc + 1544
C0:        495 [1] pc=[0000000080000224] W[r 3=0000000000000004][1] R[r 0=0000000000000000] R[r 0=0000000000000000] inst=[00400193] li      gp, 4
C0:        496 [1] pc=[0000000080000228] W[r10=0000000080002228][1] R[r 0=0000000000000000] R[r 0=0000000000000000] inst=[00002517] auipc   a0, 0x2
C0:        497 [1] pc=[000000008000022c] W[r10=0000000080002040][1] R[r10=0000000080002228] R[r 0=0000000000000000] inst=[e1850513] addi    a0, a0, -488
C0:        514 [1] pc=[0000000080000230] W[r 0=0000000000000000][0] R[r10=0000000080002040] R[r 0=0000000000000000] inst=[00053007] fld     ft0, 0(a0)
C0:        515 [1] pc=[0000000080000234] W[r 1=0000000000000000][0] R[r10=0000000080002040] R[r 0=0000000000000000] inst=[00853087] fld     ft1, 8(a0)
C0:        516 [1] pc=[0000000080000238] W[r 2=0000000000000000][0] R[r10=0000000080002040] R[r 0=0000000000000000] inst=[01053107] fld     ft2, 16(a0)
C0:        517 [1] pc=[000000008000023c] W[r13=0000000000000000][1] R[r10=0000000080002040] R[r 0=0000000000000000] inst=[01853683] ld      a3, 24(a0)
C0:        539 [1] pc=[0000000080000240] W[r10=0000000000000000][1] R[r 0=0000000000000000] R[r 0=0000000000000000] inst=[c2001553] fcvt.w.d a0, ft0
C0:        543 [1] pc=[0000000080000244] W[r11=0000000000000001][1] R[r 0=0000000000000000] R[r 0=0000000000000000] inst=[001015f3] csrrw   a1, fflags, zero
C0:        548 [1] pc=[0000000080000248] W[r12=0000000000000001][1] R[r 0=0000000000000000] R[r 0=0000000000000000] inst=[00100613] li      a2, 1
C0:        549 [1] pc=[000000008000024c] W[r 0=0000000000000000][0] R[r10=0000000000000000] R[r13=0000000000000000] inst=[5cd51e63] bne     a0, a3, pc + 1500
C0:        550 [1] pc=[0000000080000250] W[r 0=0000000000000000][0] R[r11=0000000000000001] R[r12=0000000000000001] inst=[5cc59c63] bne     a1, a2, pc + 1496
C0:        551 [1] pc=[0000000080000254] W[r 3=0000000000000005][1] R[r 0=0000000000000000] R[r 0=0000000000000000] inst=[00500193] li      gp, 5
C0:        552 [1] pc=[0000000080000258] W[r10=0000000080002258][1] R[r 0=0000000000000000] R[r 0=0000000000000000] inst=[00002517] auipc   a0, 0x2
C0:        553 [1] pc=[000000008000025c] W[r10=0000000080002060][1] R[r10=0000000080002258] R[r 0=0000000000000000] inst=[e0850513] addi    a0, a0, -504
C0:        554 [1] pc=[0000000080000260] W[r 0=0000000000000000][0] R[r10=0000000080002060] R[r 0=0000000000000000] inst=[00053007] fld     ft0, 0(a0)
C0:        555 [1] pc=[0000000080000264] W[r 1=0000000000000000][0] R[r10=0000000080002060] R[r 0=0000000000000000] inst=[00853087] fld     ft1, 8(a0)
C0:        556 [1] pc=[0000000080000268] W[r 2=0000000000000000][0] R[r10=0000000080002060] R[r 0=0000000000000000] inst=[01053107] fld     ft2, 16(a0)
C0:        557 [1] pc=[000000008000026c] W[r13=0000000000000000][1] R[r10=0000000080002060] R[r 0=0000000000000000] inst=[01853683] ld      a3, 24(a0)
C0:        558 [1] pc=[0000000080000270] W[r10=0000000000000000][1] R[r 0=0000000000000000] R[r 0=0000000000000000] inst=[c2001553] fcvt.w.d a0, ft0
C0:        562 [1] pc=[0000000080000274] W[r11=0000000000000001][1] R[r 0=0000000000000000] R[r 0=0000000000000000] inst=[001015f3] csrrw   a1, fflags, zero
C0:        567 [1] pc=[0000000080000278] W[r12=0000000000000001][1] R[r 0=0000000000000000] R[r 0=0000000000000000] inst=[00100613] li      a2, 1
C0:        568 [1] pc=[000000008000027c] W[r 0=0000000000000000][0] R[r10=0000000000000000] R[r13=0000000000000000] inst=[5ad51663] bne     a0, a3, pc + 1452
C0:        590 [1] pc=[0000000080000280] W[r 0=0000000000000000][0] R[r11=0000000000000001] R[r12=0000000000000001] inst=[5ac59463] bne     a1, a2, pc + 1448
C0:        591 [1] pc=[0000000080000284] W[r 3=0000000000000006][1] R[r 0=0000000000000000] R[r 0=0000000000000000] inst=[00600193] li      gp, 6
C0:        592 [1] pc=[0000000080000288] W[r10=0000000080002288][1] R[r 0=0000000000000000] R[r 0=0000000000000000] inst=[00002517] auipc   a0, 0x2
C0:        593 [1] pc=[000000008000028c] W[r10=0000000080002080][1] R[r10=0000000080002288] R[r 0=0000000000000000] inst=[df850513] addi    a0, a0, -520
C0:        610 [1] pc=[0000000080000290] W[r 0=0000000000000000][0] R[r10=0000000080002080] R[r 0=0000000000000000] inst=[00053007] fld     ft0, 0(a0)
C0:        611 [1] pc=[0000000080000294] W[r 1=0000000000000000][0] R[r10=0000000080002080] R[r 0=0000000000000000] inst=[00853087] fld     ft1, 8(a0)
C0:        612 [1] pc=[0000000080000298] W[r 2=0000000000000000][0] R[r10=0000000080002080] R[r 0=0000000000000000] inst=[01053107] fld     ft2, 16(a0)
C0:        613 [1] pc=[000000008000029c] W[r13=0000000000000001][1] R[r10=0000000080002080] R[r 0=0000000000000000] inst=[01853683] ld      a3, 24(a0)
C0:        614 [1] pc=[00000000800002a0] W[r10=0000000000000001][1] R[r 0=0000000000000000] R[r 0=0000000000000000] inst=[c2001553] fcvt.w.d a0, ft0
C0:        618 [1] pc=[00000000800002a4] W[r11=0000000000000000][1] R[r 0=0000000000000000] R[r 0=0000000000000000] inst=[001015f3] csrrw   a1, fflags, zero
C0:        623 [1] pc=[00000000800002a8] W[r12=0000000000000000][1] R[r 0=0000000000000000] R[r 0=0000000000000000] inst=[00000613] li      a2, 0
C0:        624 [1] pc=[00000000800002ac] W[r 0=0000000000000000][0] R[r10=0000000000000001] R[r13=0000000000000001] inst=[56d51e63] bne     a0, a3, pc + 1404
C0:        625 [1] pc=[00000000800002b0] W[r 0=0000000000000000][0] R[r11=0000000000000000] R[r12=0000000000000000] inst=[56c59c63] bne     a1, a2, pc + 1400
C0:        626 [1] pc=[00000000800002b4] W[r 3=0000000000000007][1] R[r 0=0000000000000000] R[r 0=0000000000000000] inst=[00700193] li      gp, 7
C0:        627 [1] pc=[00000000800002b8] W[r10=00000000800022b8][1] R[r 0=0000000000000000] R[r 0=0000000000000000] inst=[00002517] auipc   a0, 0x2
C0:        628 [1] pc=[00000000800002bc] W[r10=00000000800020a0][1] R[r10=00000000800022b8] R[r 0=0000000000000000] inst=[de850513] addi    a0, a0, -536
C0:        650 [1] pc=[00000000800002c0] W[r 0=0000000000000000][0] R[r10=00000000800020a0] R[r 0=0000000000000000] inst=[00053007] fld     ft0, 0(a0)
C0:        651 [1] pc=[00000000800002c4] W[r 1=0000000000000000][0] R[r10=00000000800020a0] R[r 0=0000000000000000] inst=[00853087] fld     ft1, 8(a0)
C0:        652 [1] pc=[00000000800002c8] W[r 2=0000000000000000][0] R[r10=00000000800020a0] R[r 0=0000000000000000] inst=[01053107] fld     ft2, 16(a0)
C0:        653 [1] pc=[00000000800002cc] W[r13=0000000000000001][1] R[r10=00000000800020a0] R[r 0=0000000000000000] inst=[01853683] ld      a3, 24(a0)
C0:        654 [1] pc=[00000000800002d0] W[r10=0000000000000001][1] R[r 0=0000000000000000] R[r 0=0000000000000000] inst=[c2001553] fcvt.w.d a0, ft0
C0:        658 [1] pc=[00000000800002d4] W[r11=0000000000000001][1] R[r 0=0000000000000000] R[r 0=0000000000000000] inst=[001015f3] csrrw   a1, fflags, zero
C0:        663 [1] pc=[00000000800002d8] W[r12=0000000000000001][1] R[r 0=0000000000000000] R[r 0=0000000000000000] inst=[00100613] li      a2, 1
C0:        664 [1] pc=[00000000800002dc] W[r 0=0000000000000000][0] R[r10=0000000000000001] R[r13=0000000000000001] inst=[54d51663] bne     a0, a3, pc + 1356
C0:        665 [1] pc=[00000000800002e0] W[r 0=0000000000000000][0] R[r11=0000000000000001] R[r12=0000000000000001] inst=[54c59463] bne     a1, a2, pc + 1352
C0:        666 [1] pc=[00000000800002e4] W[r 3=0000000000000008][1] R[r 0=0000000000000000] R[r 0=0000000000000000] inst=[00800193] li      gp, 8
C0:        667 [1] pc=[00000000800002e8] W[r10=00000000800022e8][1] R[r 0=0000000000000000] R[r 0=0000000000000000] inst=[00002517] auipc   a0, 0x2
C0:        668 [1] pc=[00000000800002ec] W[r10=00000000800020c0][1] R[r10=00000000800022e8] R[r 0=0000000000000000] inst=[dd850513] addi    a0, a0, -552
C0:        685 [1] pc=[00000000800002f0] W[r 0=0000000000000000][0] R[r10=00000000800020c0] R[r 0=0000000000000000] inst=[00053007] fld     ft0, 0(a0)
C0:        686 [1] pc=[00000000800002f4] W[r 1=0000000000000000][0] R[r10=00000000800020c0] R[r 0=0000000000000000] inst=[00853087] fld     ft1, 8(a0)
C0:        687 [1] pc=[00000000800002f8] W[r 2=0000000000000000][0] R[r10=00000000800020c0] R[r 0=0000000000000000] inst=[01053107] fld     ft2, 16(a0)
C0:        688 [1] pc=[00000000800002fc] W[r13=ffffffff80000000][1] R[r10=00000000800020c0] R[r 0=0000000000000000] inst=[01853683] ld      a3, 24(a0)
C0:        710 [1] pc=[0000000080000300] W[r10=ffffffff80000000][1] R[r 0=0000000000000000] R[r 0=0000000000000000] inst=[c2001553] fcvt.w.d a0, ft0
C0:        714 [1] pc=[0000000080000304] W[r11=0000000000000010][1] R[r 0=0000000000000000] R[r 0=0000000000000000] inst=[001015f3] csrrw   a1, fflags, zero
C0:        719 [1] pc=[0000000080000308] W[r12=0000000000000010][1] R[r 0=0000000000000000] R[r 0=0000000000000000] inst=[01000613] li      a2, 16
C0:        720 [1] pc=[000000008000030c] W[r 0=0000000000000000][0] R[r10=ffffffff80000000] R[r13=ffffffff80000000] inst=[50d51e63] bne     a0, a3, pc + 1308
C0:        721 [1] pc=[0000000080000310] W[r 0=0000000000000000][0] R[r11=0000000000000010] R[r12=0000000000000010] inst=[50c59c63] bne     a1, a2, pc + 1304
C0:        722 [1] pc=[0000000080000314] W[r 3=0000000000000009][1] R[r 0=0000000000000000] R[r 0=0000000000000000] inst=[00900193] li      gp, 9
C0:        723 [1] pc=[0000000080000318] W[r10=0000000080002318][1] R[r 0=0000000000000000] R[r 0=0000000000000000] inst=[00002517] auipc   a0, 0x2
C0:        724 [1] pc=[000000008000031c] W[r10=00000000800020e0][1] R[r10=0000000080002318] R[r 0=0000000000000000] inst=[dc850513] addi    a0, a0, -568
C0:        725 [1] pc=[0000000080000320] W[r 0=0000000000000000][0] R[r10=00000000800020e0] R[r 0=0000000000000000] inst=[00053007] fld     ft0, 0(a0)
C0:        726 [1] pc=[0000000080000324] W[r 1=0000000000000000][0] R[r10=00000000800020e0] R[r 0=0000000000000000] inst=[00853087] fld     ft1, 8(a0)
C0:        727 [1] pc=[0000000080000328] W[r 2=0000000000000000][0] R[r10=00000000800020e0] R[r 0=0000000000000000] inst=[01053107] fld     ft2, 16(a0)
C0:        728 [1] pc=[000000008000032c] W[r13=000000007fffffff][1] R[r10=00000000800020e0] R[r 0=0000000000000000] inst=[01853683] ld      a3, 24(a0)
C0:        729 [1] pc=[0000000080000330] W[r10=000000007fffffff][1] R[r 0=0000000000000000] R[r 0=0000000000000000] inst=[c2001553] fcvt.w.d a0, ft0
C0:        733 [1] pc=[0000000080000334] W[r11=0000000000000010][1] R[r 0=0000000000000000] R[r 0=0000000000000000] inst=[001015f3] csrrw   a1, fflags, zero
C0:        738 [1] pc=[0000000080000338] W[r12=0000000000000010][1] R[r 0=0000000000000000] R[r 0=0000000000000000] inst=[01000613] li      a2, 16
C0:        739 [1] pc=[000000008000033c] W[r 0=0000000000000000][0] R[r10=000000007fffffff] R[r13=000000007fffffff] inst=[4ed51663] bne     a0, a3, pc + 1260
C0:        761 [1] pc=[0000000080000340] W[r 0=0000000000000000][0] R[r11=0000000000000010] R[r12=0000000000000010] inst=[4ec59463] bne     a1, a2, pc + 1256
C0:        762 [1] pc=[0000000080000344] W[r 3=000000000000000c][1] R[r 0=0000000000000000] R[r 0=0000000000000000] inst=[00c00193] li      gp, 12
C0:        763 [1] pc=[0000000080000348] W[r10=0000000080002348][1] R[r 0=0000000000000000] R[r 0=0000000000000000] inst=[00002517] auipc   a0, 0x2
C0:        764 [1] pc=[000000008000034c] W[r10=0000000080002100][1] R[r10=0000000080002348] R[r 0=0000000000000000] inst=[db850513] addi    a0, a0, -584
C0:        781 [1] pc=[0000000080000350] W[r 0=0000000000000000][0] R[r10=0000000080002100] R[r 0=0000000000000000] inst=[00053007] fld     ft0, 0(a0)
C0:        782 [1] pc=[0000000080000354] W[r 1=0000000000000000][0] R[r10=0000000080002100] R[r 0=0000000000000000] inst=[00853087] fld     ft1, 8(a0)
C0:        783 [1] pc=[0000000080000358] W[r 2=0000000000000000][0] R[r10=0000000080002100] R[r 0=0000000000000000] inst=[01053107] fld     ft2, 16(a0)
C0:        784 [1] pc=[000000008000035c] W[r13=0000000000000000][1] R[r10=0000000080002100] R[r 0=0000000000000000] inst=[01853683] ld      a3, 24(a0)
C0:        785 [1] pc=[0000000080000360] W[r10=0000000000000000][1] R[r 0=0000000000000000] R[r 0=0000000000000000] inst=[c2101553] fcvt.wu.d a0, ft0
C0:        789 [1] pc=[0000000080000364] W[r11=0000000000000010][1] R[r 0=0000000000000000] R[r 0=0000000000000000] inst=[001015f3] csrrw   a1, fflags, zero
C0:        794 [1] pc=[0000000080000368] W[r12=0000000000000010][1] R[r 0=0000000000000000] R[r 0=0000000000000000] inst=[01000613] li      a2, 16
C0:        795 [1] pc=[000000008000036c] W[r 0=0000000000000000][0] R[r10=0000000000000000] R[r13=0000000000000000] inst=[4ad51e63] bne     a0, a3, pc + 1212
C0:        796 [1] pc=[0000000080000370] W[r 0=0000000000000000][0] R[r11=0000000000000010] R[r12=0000000000000010] inst=[4ac59c63] bne     a1, a2, pc + 1208
C0:        797 [1] pc=[0000000080000374] W[r 3=000000000000000d][1] R[r 0=0000000000000000] R[r 0=0000000000000000] inst=[00d00193] li      gp, 13
C0:        798 [1] pc=[0000000080000378] W[r10=0000000080002378][1] R[r 0=0000000000000000] R[r 0=0000000000000000] inst=[00002517] auipc   a0, 0x2
C0:        799 [1] pc=[000000008000037c] W[r10=0000000080002120][1] R[r10=0000000080002378] R[r 0=0000000000000000] inst=[da850513] addi    a0, a0, -600
C0:        821 [1] pc=[0000000080000380] W[r 0=0000000000000000][0] R[r10=0000000080002120] R[r 0=0000000000000000] inst=[00053007] fld     ft0, 0(a0)
C0:        822 [1] pc=[0000000080000384] W[r 1=0000000000000000][0] R[r10=0000000080002120] R[r 0=0000000000000000] inst=[00853087] fld     ft1, 8(a0)
C0:        823 [1] pc=[0000000080000388] W[r 2=0000000000000000][0] R[r10=0000000080002120] R[r 0=0000000000000000] inst=[01053107] fld     ft2, 16(a0)
C0:        824 [1] pc=[000000008000038c] W[r13=0000000000000000][1] R[r10=0000000080002120] R[r 0=0000000000000000] inst=[01853683] ld      a3, 24(a0)
C0:        825 [1] pc=[0000000080000390] W[r10=0000000000000000][1] R[r 0=0000000000000000] R[r 0=0000000000000000] inst=[c2101553] fcvt.wu.d a0, ft0
C0:        829 [1] pc=[0000000080000394] W[r11=0000000000000010][1] R[r 0=0000000000000000] R[r 0=0000000000000000] inst=[001015f3] csrrw   a1, fflags, zero
C0:        834 [1] pc=[0000000080000398] W[r12=0000000000000010][1] R[r 0=0000000000000000] R[r 0=0000000000000000] inst=[01000613] li      a2, 16
C0:        835 [1] pc=[000000008000039c] W[r 0=0000000000000000][0] R[r10=0000000000000000] R[r13=0000000000000000] inst=[48d51663] bne     a0, a3, pc + 1164
C0:        836 [1] pc=[00000000800003a0] W[r 0=0000000000000000][0] R[r11=0000000000000010] R[r12=0000000000000010] inst=[48c59463] bne     a1, a2, pc + 1160
C0:        837 [1] pc=[00000000800003a4] W[r 3=000000000000000e][1] R[r 0=0000000000000000] R[r 0=0000000000000000] inst=[00e00193] li      gp, 14
C0:        838 [1] pc=[00000000800003a8] W[r10=00000000800023a8][1] R[r 0=0000000000000000] R[r 0=0000000000000000] inst=[00002517] auipc   a0, 0x2
C0:        839 [1] pc=[00000000800003ac] W[r10=0000000080002140][1] R[r10=00000000800023a8] R[r 0=0000000000000000] inst=[d9850513] addi    a0, a0, -616
C0:        856 [1] pc=[00000000800003b0] W[r 0=0000000000000000][0] R[r10=0000000080002140] R[r 0=0000000000000000] inst=[00053007] fld     ft0, 0(a0)
C0:        857 [1] pc=[00000000800003b4] W[r 1=0000000000000000][0] R[r10=0000000080002140] R[r 0=0000000000000000] inst=[00853087] fld     ft1, 8(a0)
C0:        858 [1] pc=[00000000800003b8] W[r 2=0000000000000000][0] R[r10=0000000080002140] R[r 0=0000000000000000] inst=[01053107] fld     ft2, 16(a0)
C0:        859 [1] pc=[00000000800003bc] W[r13=0000000000000000][1] R[r10=0000000080002140] R[r 0=0000000000000000] inst=[01853683] ld      a3, 24(a0)
C0:        881 [1] pc=[00000000800003c0] W[r10=0000000000000000][1] R[r 0=0000000000000000] R[r 0=0000000000000000] inst=[c2101553] fcvt.wu.d a0, ft0
C0:        885 [1] pc=[00000000800003c4] W[r11=0000000000000001][1] R[r 0=0000000000000000] R[r 0=0000000000000000] inst=[001015f3] csrrw   a1, fflags, zero
C0:        890 [1] pc=[00000000800003c8] W[r12=0000000000000001][1] R[r 0=0000000000000000] R[r 0=0000000000000000] inst=[00100613] li      a2, 1
C0:        891 [1] pc=[00000000800003cc] W[r 0=0000000000000000][0] R[r10=0000000000000000] R[r13=0000000000000000] inst=[44d51e63] bne     a0, a3, pc + 1116
C0:        892 [1] pc=[00000000800003d0] W[r 0=0000000000000000][0] R[r11=0000000000000001] R[r12=0000000000000001] inst=[44c59c63] bne     a1, a2, pc + 1112
C0:        893 [1] pc=[00000000800003d4] W[r 3=000000000000000f][1] R[r 0=0000000000000000] R[r 0=0000000000000000] inst=[00f00193] li      gp, 15
C0:        894 [1] pc=[00000000800003d8] W[r10=00000000800023d8][1] R[r 0=0000000000000000] R[r 0=0000000000000000] inst=[00002517] auipc   a0, 0x2
C0:        895 [1] pc=[00000000800003dc] W[r10=0000000080002160][1] R[r10=00000000800023d8] R[r 0=0000000000000000] inst=[d8850513] addi    a0, a0, -632
C0:        896 [1] pc=[00000000800003e0] W[r 0=0000000000000000][0] R[r10=0000000080002160] R[r 0=0000000000000000] inst=[00053007] fld     ft0, 0(a0)
C0:        897 [1] pc=[00000000800003e4] W[r 1=0000000000000000][0] R[r10=0000000080002160] R[r 0=0000000000000000] inst=[00853087] fld     ft1, 8(a0)
C0:        898 [1] pc=[00000000800003e8] W[r 2=0000000000000000][0] R[r10=0000000080002160] R[r 0=0000000000000000] inst=[01053107] fld     ft2, 16(a0)
C0:        899 [1] pc=[00000000800003ec] W[r13=0000000000000000][1] R[r10=0000000080002160] R[r 0=0000000000000000] inst=[01853683] ld      a3, 24(a0)
C0:        900 [1] pc=[00000000800003f0] W[r10=0000000000000000][1] R[r 0=0000000000000000] R[r 0=0000000000000000] inst=[c2101553] fcvt.wu.d a0, ft0
C0:        904 [1] pc=[00000000800003f4] W[r11=0000000000000001][1] R[r 0=0000000000000000] R[r 0=0000000000000000] inst=[001015f3] csrrw   a1, fflags, zero
C0:        909 [1] pc=[00000000800003f8] W[r12=0000000000000001][1] R[r 0=0000000000000000] R[r 0=0000000000000000] inst=[00100613] li      a2, 1
C0:        910 [1] pc=[00000000800003fc] W[r 0=0000000000000000][0] R[r10=0000000000000000] R[r13=0000000000000000] inst=[42d51663] bne     a0, a3, pc + 1068
C0:        932 [1] pc=[0000000080000400] W[r 0=0000000000000000][0] R[r11=0000000000000001] R[r12=0000000000000001] inst=[42c59463] bne     a1, a2, pc + 1064
C0:        933 [1] pc=[0000000080000404] W[r 3=0000000000000010][1] R[r 0=0000000000000000] R[r 0=0000000000000000] inst=[01000193] li      gp, 16
C0:        934 [1] pc=[0000000080000408] W[r10=0000000080002408][1] R[r 0=0000000000000000] R[r 0=0000000000000000] inst=[00002517] auipc   a0, 0x2
C0:        935 [1] pc=[000000008000040c] W[r10=0000000080002180][1] R[r10=0000000080002408] R[r 0=0000000000000000] inst=[d7850513] addi    a0, a0, -648
C0:        952 [1] pc=[0000000080000410] W[r 0=0000000000000000][0] R[r10=0000000080002180] R[r 0=0000000000000000] inst=[00053007] fld     ft0, 0(a0)
C0:        953 [1] pc=[0000000080000414] W[r 1=0000000000000000][0] R[r10=0000000080002180] R[r 0=0000000000000000] inst=[00853087] fld     ft1, 8(a0)
C0:        954 [1] pc=[0000000080000418] W[r 2=0000000000000000][0] R[r10=0000000080002180] R[r 0=0000000000000000] inst=[01053107] fld     ft2, 16(a0)
C0:        955 [1] pc=[000000008000041c] W[r13=0000000000000001][1] R[r10=0000000080002180] R[r 0=0000000000000000] inst=[01853683] ld      a3, 24(a0)
C0:        956 [1] pc=[0000000080000420] W[r10=0000000000000001][1] R[r 0=0000000000000000] R[r 0=0000000000000000] inst=[c2101553] fcvt.wu.d a0, ft0
C0:        960 [1] pc=[0000000080000424] W[r11=0000000000000000][1] R[r 0=0000000000000000] R[r 0=0000000000000000] inst=[001015f3] csrrw   a1, fflags, zero
C0:        965 [1] pc=[0000000080000428] W[r12=0000000000000000][1] R[r 0=0000000000000000] R[r 0=0000000000000000] inst=[00000613] li      a2, 0
C0:        966 [1] pc=[000000008000042c] W[r 0=0000000000000000][0] R[r10=0000000000000001] R[r13=0000000000000001] inst=[3ed51e63] bne     a0, a3, pc + 1020
C0:        967 [1] pc=[0000000080000430] W[r 0=0000000000000000][0] R[r11=0000000000000000] R[r12=0000000000000000] inst=[3ec59c63] bne     a1, a2, pc + 1016
C0:        968 [1] pc=[0000000080000434] W[r 3=0000000000000011][1] R[r 0=0000000000000000] R[r 0=0000000000000000] inst=[01100193] li      gp, 17
C0:        969 [1] pc=[0000000080000438] W[r10=0000000080002438][1] R[r 0=0000000000000000] R[r 0=0000000000000000] inst=[00002517] auipc   a0, 0x2
C0:        970 [1] pc=[000000008000043c] W[r10=00000000800021a0][1] R[r10=0000000080002438] R[r 0=0000000000000000] inst=[d6850513] addi    a0, a0, -664
C0:        992 [1] pc=[0000000080000440] W[r 0=0000000000000000][0] R[r10=00000000800021a0] R[r 0=0000000000000000] inst=[00053007] fld     ft0, 0(a0)
C0:        993 [1] pc=[0000000080000444] W[r 1=0000000000000000][0] R[r10=00000000800021a0] R[r 0=0000000000000000] inst=[00853087] fld     ft1, 8(a0)
C0:        994 [1] pc=[0000000080000448] W[r 2=0000000000000000][0] R[r10=00000000800021a0] R[r 0=0000000000000000] inst=[01053107] fld     ft2, 16(a0)
C0:        995 [1] pc=[000000008000044c] W[r13=0000000000000001][1] R[r10=00000000800021a0] R[r 0=0000000000000000] inst=[01853683] ld      a3, 24(a0)
C0:        996 [1] pc=[0000000080000450] W[r10=0000000000000001][1] R[r 0=0000000000000000] R[r 0=0000000000000000] inst=[c2101553] fcvt.wu.d a0, ft0
C0:       1000 [1] pc=[0000000080000454] W[r11=0000000000000001][1] R[r 0=0000000000000000] R[r 0=0000000000000000] inst=[001015f3] csrrw   a1, fflags, zero
C0:       1005 [1] pc=[0000000080000458] W[r12=0000000000000001][1] R[r 0=0000000000000000] R[r 0=0000000000000000] inst=[00100613] li      a2, 1
C0:       1006 [1] pc=[000000008000045c] W[r 0=0000000000000000][0] R[r10=0000000000000001] R[r13=0000000000000001] inst=[3cd51663] bne     a0, a3, pc + 972
C0:       1007 [1] pc=[0000000080000460] W[r 0=0000000000000000][0] R[r11=0000000000000001] R[r12=0000000000000001] inst=[3cc59463] bne     a1, a2, pc + 968
C0:       1008 [1] pc=[0000000080000464] W[r 3=0000000000000012][1] R[r 0=0000000000000000] R[r 0=0000000000000000] inst=[01200193] li      gp, 18
C0:       1009 [1] pc=[0000000080000468] W[r10=0000000080002468][1] R[r 0=0000000000000000] R[r 0=0000000000000000] inst=[00002517] auipc   a0, 0x2
C0:       1010 [1] pc=[000000008000046c] W[r10=00000000800021c0][1] R[r10=0000000080002468] R[r 0=0000000000000000] inst=[d5850513] addi    a0, a0, -680
C0:       1027 [1] pc=[0000000080000470] W[r 0=0000000000000000][0] R[r10=00000000800021c0] R[r 0=0000000000000000] inst=[00053007] fld     ft0, 0(a0)
C0:       1028 [1] pc=[0000000080000474] W[r 1=0000000000000000][0] R[r10=00000000800021c0] R[r 0=0000000000000000] inst=[00853087] fld     ft1, 8(a0)
C0:       1029 [1] pc=[0000000080000478] W[r 2=0000000000000000][0] R[r10=00000000800021c0] R[r 0=0000000000000000] inst=[01053107] fld     ft2, 16(a0)
C0:       1030 [1] pc=[000000008000047c] W[r13=0000000000000000][1] R[r10=00000000800021c0] R[r 0=0000000000000000] inst=[01853683] ld      a3, 24(a0)
C0:       1052 [1] pc=[0000000080000480] W[r10=0000000000000000][1] R[r 0=0000000000000000] R[r 0=0000000000000000] inst=[c2101553] fcvt.wu.d a0, ft0
C0:       1056 [1] pc=[0000000080000484] W[r11=0000000000000010][1] R[r 0=0000000000000000] R[r 0=0000000000000000] inst=[001015f3] csrrw   a1, fflags, zero
C0:       1061 [1] pc=[0000000080000488] W[r12=0000000000000010][1] R[r 0=0000000000000000] R[r 0=0000000000000000] inst=[01000613] li      a2, 16
C0:       1062 [1] pc=[000000008000048c] W[r 0=0000000000000000][0] R[r10=0000000000000000] R[r13=0000000000000000] inst=[38d51e63] bne     a0, a3, pc + 924
C0:       1063 [1] pc=[0000000080000490] W[r 0=0000000000000000][0] R[r11=0000000000000010] R[r12=0000000000000010] inst=[38c59c63] bne     a1, a2, pc + 920
C0:       1064 [1] pc=[0000000080000494] W[r 3=0000000000000013][1] R[r 0=0000000000000000] R[r 0=0000000000000000] inst=[01300193] li      gp, 19
C0:       1065 [1] pc=[0000000080000498] W[r10=0000000080002498][1] R[r 0=0000000000000000] R[r 0=0000000000000000] inst=[00002517] auipc   a0, 0x2
C0:       1066 [1] pc=[000000008000049c] W[r10=00000000800021e0][1] R[r10=0000000080002498] R[r 0=0000000000000000] inst=[d4850513] addi    a0, a0, -696
C0:       1067 [1] pc=[00000000800004a0] W[r 0=0000000000000000][0] R[r10=00000000800021e0] R[r 0=0000000000000000] inst=[00053007] fld     ft0, 0(a0)
C0:       1068 [1] pc=[00000000800004a4] W[r 1=0000000000000000][0] R[r10=00000000800021e0] R[r 0=0000000000000000] inst=[00853087] fld     ft1, 8(a0)
C0:       1069 [1] pc=[00000000800004a8] W[r 2=0000000000000000][0] R[r10=00000000800021e0] R[r 0=0000000000000000] inst=[01053107] fld     ft2, 16(a0)
C0:       1070 [1] pc=[00000000800004ac] W[r13=ffffffffb2d05e00][1] R[r10=00000000800021e0] R[r 0=0000000000000000] inst=[01853683] ld      a3, 24(a0)
C0:       1071 [1] pc=[00000000800004b0] W[r10=ffffffffb2d05e00][1] R[r 0=0000000000000000] R[r 0=0000000000000000] inst=[c2101553] fcvt.wu.d a0, ft0
C0:       1075 [1] pc=[00000000800004b4] W[r11=0000000000000000][1] R[r 0=0000000000000000] R[r 0=0000000000000000] inst=[001015f3] csrrw   a1, fflags, zero
C0:       1080 [1] pc=[00000000800004b8] W[r12=0000000000000000][1] R[r 0=0000000000000000] R[r 0=0000000000000000] inst=[00000613] li      a2, 0
C0:       1081 [1] pc=[00000000800004bc] W[r 0=0000000000000000][0] R[r10=ffffffffb2d05e00] R[r13=ffffffffb2d05e00] inst=[36d51663] bne     a0, a3, pc + 876
C0:       1103 [1] pc=[00000000800004c0] W[r 0=0000000000000000][0] R[r11=0000000000000000] R[r12=0000000000000000] inst=[36c59463] bne     a1, a2, pc + 872
C0:       1104 [1] pc=[00000000800004c4] W[r 3=0000000000000016][1] R[r 0=0000000000000000] R[r 0=0000000000000000] inst=[01600193] li      gp, 22
C0:       1105 [1] pc=[00000000800004c8] W[r10=00000000800024c8][1] R[r 0=0000000000000000] R[r 0=0000000000000000] inst=[00002517] auipc   a0, 0x2
C0:       1106 [1] pc=[00000000800004cc] W[r10=0000000080002200][1] R[r10=00000000800024c8] R[r 0=0000000000000000] inst=[d3850513] addi    a0, a0, -712
C0:       1123 [1] pc=[00000000800004d0] W[r 0=0000000000000000][0] R[r10=0000000080002200] R[r 0=0000000000000000] inst=[00053007] fld     ft0, 0(a0)
C0:       1124 [1] pc=[00000000800004d4] W[r 1=0000000000000000][0] R[r10=0000000080002200] R[r 0=0000000000000000] inst=[00853087] fld     ft1, 8(a0)
C0:       1125 [1] pc=[00000000800004d8] W[r 2=0000000000000000][0] R[r10=0000000080002200] R[r 0=0000000000000000] inst=[01053107] fld     ft2, 16(a0)
C0:       1126 [1] pc=[00000000800004dc] W[r13=ffffffffffffffff][1] R[r10=0000000080002200] R[r 0=0000000000000000] inst=[01853683] ld      a3, 24(a0)
C0:       1127 [1] pc=[00000000800004e0] W[r10=ffffffffffffffff][1] R[r 0=0000000000000000] R[r 0=0000000000000000] inst=[c2201553] fcvt.l.d a0, ft0
C0:       1131 [1] pc=[00000000800004e4] W[r11=0000000000000001][1] R[r 0=0000000000000000] R[r 0=0000000000000000] inst=[001015f3] csrrw   a1, fflags, zero
C0:       1136 [1] pc=[00000000800004e8] W[r12=0000000000000001][1] R[r 0=0000000000000000] R[r 0=0000000000000000] inst=[00100613] li      a2, 1
C0:       1137 [1] pc=[00000000800004ec] W[r 0=0000000000000000][0] R[r10=ffffffffffffffff] R[r13=ffffffffffffffff] inst=[32d51e63] bne     a0, a3, pc + 828
C0:       1138 [1] pc=[00000000800004f0] W[r 0=0000000000000000][0] R[r11=0000000000000001] R[r12=0000000000000001] inst=[32c59c63] bne     a1, a2, pc + 824
C0:       1139 [1] pc=[00000000800004f4] W[r 3=0000000000000017][1] R[r 0=0000000000000000] R[r 0=0000000000000000] inst=[01700193] li      gp, 23
C0:       1140 [1] pc=[00000000800004f8] W[r10=00000000800024f8][1] R[r 0=0000000000000000] R[r 0=0000000000000000] inst=[00002517] auipc   a0, 0x2
C0:       1141 [1] pc=[00000000800004fc] W[r10=0000000080002220][1] R[r10=00000000800024f8] R[r 0=0000000000000000] inst=[d2850513] addi    a0, a0, -728
C0:       1163 [1] pc=[0000000080000500] W[r 0=0000000000000000][0] R[r10=0000000080002220] R[r 0=0000000000000000] inst=[00053007] fld     ft0, 0(a0)
C0:       1164 [1] pc=[0000000080000504] W[r 1=0000000000000000][0] R[r10=0000000080002220] R[r 0=0000000000000000] inst=[00853087] fld     ft1, 8(a0)
C0:       1165 [1] pc=[0000000080000508] W[r 2=0000000000000000][0] R[r10=0000000080002220] R[r 0=0000000000000000] inst=[01053107] fld     ft2, 16(a0)
C0:       1166 [1] pc=[000000008000050c] W[r13=ffffffffffffffff][1] R[r10=0000000080002220] R[r 0=0000000000000000] inst=[01853683] ld      a3, 24(a0)
C0:       1167 [1] pc=[0000000080000510] W[r10=ffffffffffffffff][1] R[r 0=0000000000000000] R[r 0=0000000000000000] inst=[c2201553] fcvt.l.d a0, ft0
C0:       1171 [1] pc=[0000000080000514] W[r11=0000000000000000][1] R[r 0=0000000000000000] R[r 0=0000000000000000] inst=[001015f3] csrrw   a1, fflags, zero
C0:       1176 [1] pc=[0000000080000518] W[r12=0000000000000000][1] R[r 0=0000000000000000] R[r 0=0000000000000000] inst=[00000613] li      a2, 0
C0:       1177 [1] pc=[000000008000051c] W[r 0=0000000000000000][0] R[r10=ffffffffffffffff] R[r13=ffffffffffffffff] inst=[30d51663] bne     a0, a3, pc + 780
C0:       1178 [1] pc=[0000000080000520] W[r 0=0000000000000000][0] R[r11=0000000000000000] R[r12=0000000000000000] inst=[30c59463] bne     a1, a2, pc + 776
C0:       1179 [1] pc=[0000000080000524] W[r 3=0000000000000018][1] R[r 0=0000000000000000] R[r 0=0000000000000000] inst=[01800193] li      gp, 24
C0:       1180 [1] pc=[0000000080000528] W[r10=0000000080002528][1] R[r 0=0000000000000000] R[r 0=0000000000000000] inst=[00002517] auipc   a0, 0x2
C0:       1181 [1] pc=[000000008000052c] W[r10=0000000080002240][1] R[r10=0000000080002528] R[r 0=0000000000000000] inst=[d1850513] addi    a0, a0, -744
C0:       1198 [1] pc=[0000000080000530] W[r 0=0000000000000000][0] R[r10=0000000080002240] R[r 0=0000000000000000] inst=[00053007] fld     ft0, 0(a0)
C0:       1199 [1] pc=[0000000080000534] W[r 1=0000000000000000][0] R[r10=0000000080002240] R[r 0=0000000000000000] inst=[00853087] fld     ft1, 8(a0)
C0:       1200 [1] pc=[0000000080000538] W[r 2=0000000000000000][0] R[r10=0000000080002240] R[r 0=0000000000000000] inst=[01053107] fld     ft2, 16(a0)
C0:       1201 [1] pc=[000000008000053c] W[r13=0000000000000000][1] R[r10=0000000080002240] R[r 0=0000000000000000] inst=[01853683] ld      a3, 24(a0)
C0:       1223 [1] pc=[0000000080000540] W[r10=0000000000000000][1] R[r 0=0000000000000000] R[r 0=0000000000000000] inst=[c2201553] fcvt.l.d a0, ft0
C0:       1227 [1] pc=[0000000080000544] W[r11=0000000000000001][1] R[r 0=0000000000000000] R[r 0=0000000000000000] inst=[001015f3] csrrw   a1, fflags, zero
C0:       1232 [1] pc=[0000000080000548] W[r12=0000000000000001][1] R[r 0=0000000000000000] R[r 0=0000000000000000] inst=[00100613] li      a2, 1
C0:       1233 [1] pc=[000000008000054c] W[r 0=0000000000000000][0] R[r10=0000000000000000] R[r13=0000000000000000] inst=[2cd51e63] bne     a0, a3, pc + 732
C0:       1234 [1] pc=[0000000080000550] W[r 0=0000000000000000][0] R[r11=0000000000000001] R[r12=0000000000000001] inst=[2cc59c63] bne     a1, a2, pc + 728
C0:       1235 [1] pc=[0000000080000554] W[r 3=0000000000000019][1] R[r 0=0000000000000000] R[r 0=0000000000000000] inst=[01900193] li      gp, 25
C0:       1236 [1] pc=[0000000080000558] W[r10=0000000080002558][1] R[r 0=0000000000000000] R[r 0=0000000000000000] inst=[00002517] auipc   a0, 0x2
C0:       1237 [1] pc=[000000008000055c] W[r10=0000000080002260][1] R[r10=0000000080002558] R[r 0=0000000000000000] inst=[d0850513] addi    a0, a0, -760
C0:       1238 [1] pc=[0000000080000560] W[r 0=0000000000000000][0] R[r10=0000000080002260] R[r 0=0000000000000000] inst=[00053007] fld     ft0, 0(a0)
C0:       1239 [1] pc=[0000000080000564] W[r 1=0000000000000000][0] R[r10=0000000080002260] R[r 0=0000000000000000] inst=[00853087] fld     ft1, 8(a0)
C0:       1240 [1] pc=[0000000080000568] W[r 2=0000000000000000][0] R[r10=0000000080002260] R[r 0=0000000000000000] inst=[01053107] fld     ft2, 16(a0)
C0:       1241 [1] pc=[000000008000056c] W[r13=0000000000000000][1] R[r10=0000000080002260] R[r 0=0000000000000000] inst=[01853683] ld      a3, 24(a0)
C0:       1242 [1] pc=[0000000080000570] W[r10=0000000000000000][1] R[r 0=0000000000000000] R[r 0=0000000000000000] inst=[c2201553] fcvt.l.d a0, ft0
C0:       1246 [1] pc=[0000000080000574] W[r11=0000000000000001][1] R[r 0=0000000000000000] R[r 0=0000000000000000] inst=[001015f3] csrrw   a1, fflags, zero
C0:       1251 [1] pc=[0000000080000578] W[r12=0000000000000001][1] R[r 0=0000000000000000] R[r 0=0000000000000000] inst=[00100613] li      a2, 1
C0:       1252 [1] pc=[000000008000057c] W[r 0=0000000000000000][0] R[r10=0000000000000000] R[r13=0000000000000000] inst=[2ad51663] bne     a0, a3, pc + 684
C0:       1274 [1] pc=[0000000080000580] W[r 0=0000000000000000][0] R[r11=0000000000000001] R[r12=0000000000000001] inst=[2ac59463] bne     a1, a2, pc + 680
C0:       1275 [1] pc=[0000000080000584] W[r 3=000000000000001a][1] R[r 0=0000000000000000] R[r 0=0000000000000000] inst=[01a00193] li      gp, 26
C0:       1276 [1] pc=[0000000080000588] W[r10=0000000080002588][1] R[r 0=0000000000000000] R[r 0=0000000000000000] inst=[00002517] auipc   a0, 0x2
C0:       1277 [1] pc=[000000008000058c] W[r10=0000000080002280][1] R[r10=0000000080002588] R[r 0=0000000000000000] inst=[cf850513] addi    a0, a0, -776
C0:       1294 [1] pc=[0000000080000590] W[r 0=0000000000000000][0] R[r10=0000000080002280] R[r 0=0000000000000000] inst=[00053007] fld     ft0, 0(a0)
C0:       1295 [1] pc=[0000000080000594] W[r 1=0000000000000000][0] R[r10=0000000080002280] R[r 0=0000000000000000] inst=[00853087] fld     ft1, 8(a0)
C0:       1296 [1] pc=[0000000080000598] W[r 2=0000000000000000][0] R[r10=0000000080002280] R[r 0=0000000000000000] inst=[01053107] fld     ft2, 16(a0)
C0:       1297 [1] pc=[000000008000059c] W[r13=0000000000000001][1] R[r10=0000000080002280] R[r 0=0000000000000000] inst=[01853683] ld      a3, 24(a0)
C0:       1298 [1] pc=[00000000800005a0] W[r10=0000000000000001][1] R[r 0=0000000000000000] R[r 0=0000000000000000] inst=[c2201553] fcvt.l.d a0, ft0
C0:       1302 [1] pc=[00000000800005a4] W[r11=0000000000000000][1] R[r 0=0000000000000000] R[r 0=0000000000000000] inst=[001015f3] csrrw   a1, fflags, zero
C0:       1307 [1] pc=[00000000800005a8] W[r12=0000000000000000][1] R[r 0=0000000000000000] R[r 0=0000000000000000] inst=[00000613] li      a2, 0
C0:       1308 [1] pc=[00000000800005ac] W[r 0=0000000000000000][0] R[r10=0000000000000001] R[r13=0000000000000001] inst=[26d51e63] bne     a0, a3, pc + 636
C0:       1309 [1] pc=[00000000800005b0] W[r 0=0000000000000000][0] R[r11=0000000000000000] R[r12=0000000000000000] inst=[26c59c63] bne     a1, a2, pc + 632
C0:       1310 [1] pc=[00000000800005b4] W[r 3=000000000000001b][1] R[r 0=0000000000000000] R[r 0=0000000000000000] inst=[01b00193] li      gp, 27
C0:       1311 [1] pc=[00000000800005b8] W[r10=00000000800025b8][1] R[r 0=0000000000000000] R[r 0=0000000000000000] inst=[00002517] auipc   a0, 0x2
C0:       1312 [1] pc=[00000000800005bc] W[r10=00000000800022a0][1] R[r10=00000000800025b8] R[r 0=0000000000000000] inst=[ce850513] addi    a0, a0, -792
C0:       1334 [1] pc=[00000000800005c0] W[r 0=0000000000000000][0] R[r10=00000000800022a0] R[r 0=0000000000000000] inst=[00053007] fld     ft0, 0(a0)
C0:       1335 [1] pc=[00000000800005c4] W[r 1=0000000000000000][0] R[r10=00000000800022a0] R[r 0=0000000000000000] inst=[00853087] fld     ft1, 8(a0)
C0:       1336 [1] pc=[00000000800005c8] W[r 2=0000000000000000][0] R[r10=00000000800022a0] R[r 0=0000000000000000] inst=[01053107] fld     ft2, 16(a0)
C0:       1337 [1] pc=[00000000800005cc] W[r13=0000000000000001][1] R[r10=00000000800022a0] R[r 0=0000000000000000] inst=[01853683] ld      a3, 24(a0)
C0:       1338 [1] pc=[00000000800005d0] W[r10=0000000000000001][1] R[r 0=0000000000000000] R[r 0=0000000000000000] inst=[c2201553] fcvt.l.d a0, ft0
C0:       1342 [1] pc=[00000000800005d4] W[r11=0000000000000001][1] R[r 0=0000000000000000] R[r 0=0000000000000000] inst=[001015f3] csrrw   a1, fflags, zero
C0:       1347 [1] pc=[00000000800005d8] W[r12=0000000000000001][1] R[r 0=0000000000000000] R[r 0=0000000000000000] inst=[00100613] li      a2, 1
C0:       1348 [1] pc=[00000000800005dc] W[r 0=0000000000000000][0] R[r10=0000000000000001] R[r13=0000000000000001] inst=[24d51663] bne     a0, a3, pc + 588
C0:       1349 [1] pc=[00000000800005e0] W[r 0=0000000000000000][0] R[r11=0000000000000001] R[r12=0000000000000001] inst=[24c59463] bne     a1, a2, pc + 584
C0:       1350 [1] pc=[00000000800005e4] W[r 3=000000000000001c][1] R[r 0=0000000000000000] R[r 0=0000000000000000] inst=[01c00193] li      gp, 28
C0:       1351 [1] pc=[00000000800005e8] W[r10=00000000800025e8][1] R[r 0=0000000000000000] R[r 0=0000000000000000] inst=[00002517] auipc   a0, 0x2
C0:       1352 [1] pc=[00000000800005ec] W[r10=00000000800022c0][1] R[r10=00000000800025e8] R[r 0=0000000000000000] inst=[cd850513] addi    a0, a0, -808
C0:       1369 [1] pc=[00000000800005f0] W[r 0=0000000000000000][0] R[r10=00000000800022c0] R[r 0=0000000000000000] inst=[00053007] fld     ft0, 0(a0)
C0:       1370 [1] pc=[00000000800005f4] W[r 1=0000000000000000][0] R[r10=00000000800022c0] R[r 0=0000000000000000] inst=[00853087] fld     ft1, 8(a0)
C0:       1371 [1] pc=[00000000800005f8] W[r 2=0000000000000000][0] R[r10=00000000800022c0] R[r 0=0000000000000000] inst=[01053107] fld     ft2, 16(a0)
C0:       1372 [1] pc=[00000000800005fc] W[r13=ffffffff4d2fa200][1] R[r10=00000000800022c0] R[r 0=0000000000000000] inst=[01853683] ld      a3, 24(a0)
C0:       1394 [1] pc=[0000000080000600] W[r10=ffffffff4d2fa200][1] R[r 0=0000000000000000] R[r 0=0000000000000000] inst=[c2201553] fcvt.l.d a0, ft0
C0:       1398 [1] pc=[0000000080000604] W[r11=0000000000000000][1] R[r 0=0000000000000000] R[r 0=0000000000000000] inst=[001015f3] csrrw   a1, fflags, zero
C0:       1403 [1] pc=[0000000080000608] W[r12=0000000000000000][1] R[r 0=0000000000000000] R[r 0=0000000000000000] inst=[00000613] li      a2, 0
C0:       1404 [1] pc=[000000008000060c] W[r 0=0000000000000000][0] R[r10=ffffffff4d2fa200] R[r13=ffffffff4d2fa200] inst=[20d51e63] bne     a0, a3, pc + 540
C0:       1405 [1] pc=[0000000080000610] W[r 0=0000000000000000][0] R[r11=0000000000000000] R[r12=0000000000000000] inst=[20c59c63] bne     a1, a2, pc + 536
C0:       1406 [1] pc=[0000000080000614] W[r 3=000000000000001d][1] R[r 0=0000000000000000] R[r 0=0000000000000000] inst=[01d00193] li      gp, 29
C0:       1407 [1] pc=[0000000080000618] W[r10=0000000080002618][1] R[r 0=0000000000000000] R[r 0=0000000000000000] inst=[00002517] auipc   a0, 0x2
C0:       1408 [1] pc=[000000008000061c] W[r10=00000000800022e0][1] R[r10=0000000080002618] R[r 0=0000000000000000] inst=[cc850513] addi    a0, a0, -824
C0:       1409 [1] pc=[0000000080000620] W[r 0=0000000000000000][0] R[r10=00000000800022e0] R[r 0=0000000000000000] inst=[00053007] fld     ft0, 0(a0)
C0:       1410 [1] pc=[0000000080000624] W[r 1=0000000000000000][0] R[r10=00000000800022e0] R[r 0=0000000000000000] inst=[00853087] fld     ft1, 8(a0)
C0:       1411 [1] pc=[0000000080000628] W[r 2=0000000000000000][0] R[r10=00000000800022e0] R[r 0=0000000000000000] inst=[01053107] fld     ft2, 16(a0)
C0:       1412 [1] pc=[000000008000062c] W[r13=00000000b2d05e00][1] R[r10=00000000800022e0] R[r 0=0000000000000000] inst=[01853683] ld      a3, 24(a0)
C0:       1413 [1] pc=[0000000080000630] W[r10=00000000b2d05e00][1] R[r 0=0000000000000000] R[r 0=0000000000000000] inst=[c2201553] fcvt.l.d a0, ft0
C0:       1417 [1] pc=[0000000080000634] W[r11=0000000000000000][1] R[r 0=0000000000000000] R[r 0=0000000000000000] inst=[001015f3] csrrw   a1, fflags, zero
C0:       1422 [1] pc=[0000000080000638] W[r12=0000000000000000][1] R[r 0=0000000000000000] R[r 0=0000000000000000] inst=[00000613] li      a2, 0
C0:       1423 [1] pc=[000000008000063c] W[r 0=0000000000000000][0] R[r10=00000000b2d05e00] R[r13=00000000b2d05e00] inst=[1ed51663] bne     a0, a3, pc + 492
C0:       1445 [1] pc=[0000000080000640] W[r 0=0000000000000000][0] R[r11=0000000000000000] R[r12=0000000000000000] inst=[1ec59463] bne     a1, a2, pc + 488
C0:       1446 [1] pc=[0000000080000644] W[r 3=0000000000000014][1] R[r 0=0000000000000000] R[r 0=0000000000000000] inst=[01400193] li      gp, 20
C0:       1447 [1] pc=[0000000080000648] W[r10=0000000080002648][1] R[r 0=0000000000000000] R[r 0=0000000000000000] inst=[00002517] auipc   a0, 0x2
C0:       1448 [1] pc=[000000008000064c] W[r10=0000000080002300][1] R[r10=0000000080002648] R[r 0=0000000000000000] inst=[cb850513] addi    a0, a0, -840
C0:       1465 [1] pc=[0000000080000650] W[r 0=0000000000000000][0] R[r10=0000000080002300] R[r 0=0000000000000000] inst=[00053007] fld     ft0, 0(a0)
C0:       1466 [1] pc=[0000000080000654] W[r 1=0000000000000000][0] R[r10=0000000080002300] R[r 0=0000000000000000] inst=[00853087] fld     ft1, 8(a0)
C0:       1467 [1] pc=[0000000080000658] W[r 2=0000000000000000][0] R[r10=0000000080002300] R[r 0=0000000000000000] inst=[01053107] fld     ft2, 16(a0)
C0:       1468 [1] pc=[000000008000065c] W[r13=8000000000000000][1] R[r10=0000000080002300] R[r 0=0000000000000000] inst=[01853683] ld      a3, 24(a0)
C0:       1469 [1] pc=[0000000080000660] W[r10=8000000000000000][1] R[r 0=0000000000000000] R[r 0=0000000000000000] inst=[c2201553] fcvt.l.d a0, ft0
C0:       1473 [1] pc=[0000000080000664] W[r11=0000000000000010][1] R[r 0=0000000000000000] R[r 0=0000000000000000] inst=[001015f3] csrrw   a1, fflags, zero
C0:       1478 [1] pc=[0000000080000668] W[r12=0000000000000010][1] R[r 0=0000000000000000] R[r 0=0000000000000000] inst=[01000613] li      a2, 16
C0:       1479 [1] pc=[000000008000066c] W[r 0=0000000000000000][0] R[r10=8000000000000000] R[r13=8000000000000000] inst=[1ad51e63] bne     a0, a3, pc + 444
C0:       1480 [1] pc=[0000000080000670] W[r 0=0000000000000000][0] R[r11=0000000000000010] R[r12=0000000000000010] inst=[1ac59c63] bne     a1, a2, pc + 440
C0:       1481 [1] pc=[0000000080000674] W[r 3=0000000000000015][1] R[r 0=0000000000000000] R[r 0=0000000000000000] inst=[01500193] li      gp, 21
C0:       1482 [1] pc=[0000000080000678] W[r10=0000000080002678][1] R[r 0=0000000000000000] R[r 0=0000000000000000] inst=[00002517] auipc   a0, 0x2
C0:       1483 [1] pc=[000000008000067c] W[r10=0000000080002320][1] R[r10=0000000080002678] R[r 0=0000000000000000] inst=[ca850513] addi    a0, a0, -856
C0:       1505 [1] pc=[0000000080000680] W[r 0=0000000000000000][0] R[r10=0000000080002320] R[r 0=0000000000000000] inst=[00053007] fld     ft0, 0(a0)
C0:       1506 [1] pc=[0000000080000684] W[r 1=0000000000000000][0] R[r10=0000000080002320] R[r 0=0000000000000000] inst=[00853087] fld     ft1, 8(a0)
C0:       1507 [1] pc=[0000000080000688] W[r 2=0000000000000000][0] R[r10=0000000080002320] R[r 0=0000000000000000] inst=[01053107] fld     ft2, 16(a0)
C0:       1508 [1] pc=[000000008000068c] W[r13=7fffffffffffffff][1] R[r10=0000000080002320] R[r 0=0000000000000000] inst=[01853683] ld      a3, 24(a0)
C0:       1509 [1] pc=[0000000080000690] W[r10=7fffffffffffffff][1] R[r 0=0000000000000000] R[r 0=0000000000000000] inst=[c2201553] fcvt.l.d a0, ft0
C0:       1513 [1] pc=[0000000080000694] W[r11=0000000000000010][1] R[r 0=0000000000000000] R[r 0=0000000000000000] inst=[001015f3] csrrw   a1, fflags, zero
C0:       1518 [1] pc=[0000000080000698] W[r12=0000000000000010][1] R[r 0=0000000000000000] R[r 0=0000000000000000] inst=[01000613] li      a2, 16
C0:       1519 [1] pc=[000000008000069c] W[r 0=0000000000000000][0] R[r10=7fffffffffffffff] R[r13=7fffffffffffffff] inst=[18d51663] bne     a0, a3, pc + 396
C0:       1520 [1] pc=[00000000800006a0] W[r 0=0000000000000000][0] R[r11=0000000000000010] R[r12=0000000000000010] inst=[18c59463] bne     a1, a2, pc + 392
C0:       1521 [1] pc=[00000000800006a4] W[r 3=0000000000000020][1] R[r 0=0000000000000000] R[r 0=0000000000000000] inst=[02000193] li      gp, 32
C0:       1522 [1] pc=[00000000800006a8] W[r10=00000000800026a8][1] R[r 0=0000000000000000] R[r 0=0000000000000000] inst=[00002517] auipc   a0, 0x2
C0:       1523 [1] pc=[00000000800006ac] W[r10=0000000080002340][1] R[r10=00000000800026a8] R[r 0=0000000000000000] inst=[c9850513] addi    a0, a0, -872
C0:       1540 [1] pc=[00000000800006b0] W[r 0=0000000000000000][0] R[r10=0000000080002340] R[r 0=0000000000000000] inst=[00053007] fld     ft0, 0(a0)
C0:       1541 [1] pc=[00000000800006b4] W[r 1=0000000000000000][0] R[r10=0000000080002340] R[r 0=0000000000000000] inst=[00853087] fld     ft1, 8(a0)
C0:       1542 [1] pc=[00000000800006b8] W[r 2=0000000000000000][0] R[r10=0000000080002340] R[r 0=0000000000000000] inst=[01053107] fld     ft2, 16(a0)
C0:       1543 [1] pc=[00000000800006bc] W[r13=0000000000000000][1] R[r10=0000000080002340] R[r 0=0000000000000000] inst=[01853683] ld      a3, 24(a0)
C0:       1565 [1] pc=[00000000800006c0] W[r10=0000000000000000][1] R[r 0=0000000000000000] R[r 0=0000000000000000] inst=[c2301553] fcvt.lu.d a0, ft0
C0:       1569 [1] pc=[00000000800006c4] W[r11=0000000000000010][1] R[r 0=0000000000000000] R[r 0=0000000000000000] inst=[001015f3] csrrw   a1, fflags, zero
C0:       1574 [1] pc=[00000000800006c8] W[r12=0000000000000010][1] R[r 0=0000000000000000] R[r 0=0000000000000000] inst=[01000613] li      a2, 16
C0:       1575 [1] pc=[00000000800006cc] W[r 0=0000000000000000][0] R[r10=0000000000000000] R[r13=0000000000000000] inst=[14d51e63] bne     a0, a3, pc + 348
C0:       1576 [1] pc=[00000000800006d0] W[r 0=0000000000000000][0] R[r11=0000000000000010] R[r12=0000000000000010] inst=[14c59c63] bne     a1, a2, pc + 344
C0:       1577 [1] pc=[00000000800006d4] W[r 3=0000000000000021][1] R[r 0=0000000000000000] R[r 0=0000000000000000] inst=[02100193] li      gp, 33
C0:       1578 [1] pc=[00000000800006d8] W[r10=00000000800026d8][1] R[r 0=0000000000000000] R[r 0=0000000000000000] inst=[00002517] auipc   a0, 0x2
C0:       1579 [1] pc=[00000000800006dc] W[r10=0000000080002360][1] R[r10=00000000800026d8] R[r 0=0000000000000000] inst=[c8850513] addi    a0, a0, -888
C0:       1580 [1] pc=[00000000800006e0] W[r 0=0000000000000000][0] R[r10=0000000080002360] R[r 0=0000000000000000] inst=[00053007] fld     ft0, 0(a0)
C0:       1581 [1] pc=[00000000800006e4] W[r 1=0000000000000000][0] R[r10=0000000080002360] R[r 0=0000000000000000] inst=[00853087] fld     ft1, 8(a0)
C0:       1582 [1] pc=[00000000800006e8] W[r 2=0000000000000000][0] R[r10=0000000080002360] R[r 0=0000000000000000] inst=[01053107] fld     ft2, 16(a0)
C0:       1583 [1] pc=[00000000800006ec] W[r13=0000000000000000][1] R[r10=0000000080002360] R[r 0=0000000000000000] inst=[01853683] ld      a3, 24(a0)
C0:       1584 [1] pc=[00000000800006f0] W[r10=0000000000000000][1] R[r 0=0000000000000000] R[r 0=0000000000000000] inst=[c2301553] fcvt.lu.d a0, ft0
C0:       1588 [1] pc=[00000000800006f4] W[r11=0000000000000010][1] R[r 0=0000000000000000] R[r 0=0000000000000000] inst=[001015f3] csrrw   a1, fflags, zero
C0:       1593 [1] pc=[00000000800006f8] W[r12=0000000000000010][1] R[r 0=0000000000000000] R[r 0=0000000000000000] inst=[01000613] li      a2, 16
C0:       1594 [1] pc=[00000000800006fc] W[r 0=0000000000000000][0] R[r10=0000000000000000] R[r13=0000000000000000] inst=[12d51663] bne     a0, a3, pc + 300
C0:       1616 [1] pc=[0000000080000700] W[r 0=0000000000000000][0] R[r11=0000000000000010] R[r12=0000000000000010] inst=[12c59463] bne     a1, a2, pc + 296
C0:       1617 [1] pc=[0000000080000704] W[r 3=0000000000000022][1] R[r 0=0000000000000000] R[r 0=0000000000000000] inst=[02200193] li      gp, 34
C0:       1618 [1] pc=[0000000080000708] W[r10=0000000080002708][1] R[r 0=0000000000000000] R[r 0=0000000000000000] inst=[00002517] auipc   a0, 0x2
C0:       1619 [1] pc=[000000008000070c] W[r10=0000000080002380][1] R[r10=0000000080002708] R[r 0=0000000000000000] inst=[c7850513] addi    a0, a0, -904
C0:       1636 [1] pc=[0000000080000710] W[r 0=0000000000000000][0] R[r10=0000000080002380] R[r 0=0000000000000000] inst=[00053007] fld     ft0, 0(a0)
C0:       1637 [1] pc=[0000000080000714] W[r 1=0000000000000000][0] R[r10=0000000080002380] R[r 0=0000000000000000] inst=[00853087] fld     ft1, 8(a0)
C0:       1638 [1] pc=[0000000080000718] W[r 2=0000000000000000][0] R[r10=0000000080002380] R[r 0=0000000000000000] inst=[01053107] fld     ft2, 16(a0)
C0:       1639 [1] pc=[000000008000071c] W[r13=0000000000000000][1] R[r10=0000000080002380] R[r 0=0000000000000000] inst=[01853683] ld      a3, 24(a0)
C0:       1640 [1] pc=[0000000080000720] W[r10=0000000000000000][1] R[r 0=0000000000000000] R[r 0=0000000000000000] inst=[c2301553] fcvt.lu.d a0, ft0
C0:       1644 [1] pc=[0000000080000724] W[r11=0000000000000001][1] R[r 0=0000000000000000] R[r 0=0000000000000000] inst=[001015f3] csrrw   a1, fflags, zero
C0:       1649 [1] pc=[0000000080000728] W[r12=0000000000000001][1] R[r 0=0000000000000000] R[r 0=0000000000000000] inst=[00100613] li      a2, 1
C0:       1650 [1] pc=[000000008000072c] W[r 0=0000000000000000][0] R[r10=0000000000000000] R[r13=0000000000000000] inst=[0ed51e63] bne     a0, a3, pc + 252
C0:       1651 [1] pc=[0000000080000730] W[r 0=0000000000000000][0] R[r11=0000000000000001] R[r12=0000000000000001] inst=[0ec59c63] bne     a1, a2, pc + 248
C0:       1652 [1] pc=[0000000080000734] W[r 3=0000000000000023][1] R[r 0=0000000000000000] R[r 0=0000000000000000] inst=[02300193] li      gp, 35
C0:       1653 [1] pc=[0000000080000738] W[r10=0000000080002738][1] R[r 0=0000000000000000] R[r 0=0000000000000000] inst=[00002517] auipc   a0, 0x2
C0:       1654 [1] pc=[000000008000073c] W[r10=00000000800023a0][1] R[r10=0000000080002738] R[r 0=0000000000000000] inst=[c6850513] addi    a0, a0, -920
C0:       1676 [1] pc=[0000000080000740] W[r 0=0000000000000000][0] R[r10=00000000800023a0] R[r 0=0000000000000000] inst=[00053007] fld     ft0, 0(a0)
C0:       1677 [1] pc=[0000000080000744] W[r 1=0000000000000000][0] R[r10=00000000800023a0] R[r 0=0000000000000000] inst=[00853087] fld     ft1, 8(a0)
C0:       1678 [1] pc=[0000000080000748] W[r 2=0000000000000000][0] R[r10=00000000800023a0] R[r 0=0000000000000000] inst=[01053107] fld     ft2, 16(a0)
C0:       1679 [1] pc=[000000008000074c] W[r13=0000000000000000][1] R[r10=00000000800023a0] R[r 0=0000000000000000] inst=[01853683] ld      a3, 24(a0)
C0:       1680 [1] pc=[0000000080000750] W[r10=0000000000000000][1] R[r 0=0000000000000000] R[r 0=0000000000000000] inst=[c2301553] fcvt.lu.d a0, ft0
C0:       1684 [1] pc=[0000000080000754] W[r11=0000000000000001][1] R[r 0=0000000000000000] R[r 0=0000000000000000] inst=[001015f3] csrrw   a1, fflags, zero
C0:       1689 [1] pc=[0000000080000758] W[r12=0000000000000001][1] R[r 0=0000000000000000] R[r 0=0000000000000000] inst=[00100613] li      a2, 1
C0:       1690 [1] pc=[000000008000075c] W[r 0=0000000000000000][0] R[r10=0000000000000000] R[r13=0000000000000000] inst=[0cd51663] bne     a0, a3, pc + 204
C0:       1691 [1] pc=[0000000080000760] W[r 0=0000000000000000][0] R[r11=0000000000000001] R[r12=0000000000000001] inst=[0cc59463] bne     a1, a2, pc + 200
C0:       1692 [1] pc=[0000000080000764] W[r 3=0000000000000024][1] R[r 0=0000000000000000] R[r 0=0000000000000000] inst=[02400193] li      gp, 36
C0:       1693 [1] pc=[0000000080000768] W[r10=0000000080002768][1] R[r 0=0000000000000000] R[r 0=0000000000000000] inst=[00002517] auipc   a0, 0x2
C0:       1694 [1] pc=[000000008000076c] W[r10=00000000800023c0][1] R[r10=0000000080002768] R[r 0=0000000000000000] inst=[c5850513] addi    a0, a0, -936
C0:       1711 [1] pc=[0000000080000770] W[r 0=0000000000000000][0] R[r10=00000000800023c0] R[r 0=0000000000000000] inst=[00053007] fld     ft0, 0(a0)
C0:       1712 [1] pc=[0000000080000774] W[r 1=0000000000000000][0] R[r10=00000000800023c0] R[r 0=0000000000000000] inst=[00853087] fld     ft1, 8(a0)
C0:       1713 [1] pc=[0000000080000778] W[r 2=0000000000000000][0] R[r10=00000000800023c0] R[r 0=0000000000000000] inst=[01053107] fld     ft2, 16(a0)
C0:       1714 [1] pc=[000000008000077c] W[r13=0000000000000001][1] R[r10=00000000800023c0] R[r 0=0000000000000000] inst=[01853683] ld      a3, 24(a0)
C0:       1736 [1] pc=[0000000080000780] W[r10=0000000000000001][1] R[r 0=0000000000000000] R[r 0=0000000000000000] inst=[c2301553] fcvt.lu.d a0, ft0
C0:       1740 [1] pc=[0000000080000784] W[r11=0000000000000000][1] R[r 0=0000000000000000] R[r 0=0000000000000000] inst=[001015f3] csrrw   a1, fflags, zero
C0:       1745 [1] pc=[0000000080000788] W[r12=0000000000000000][1] R[r 0=0000000000000000] R[r 0=0000000000000000] inst=[00000613] li      a2, 0
C0:       1746 [1] pc=[000000008000078c] W[r 0=0000000000000000][0] R[r10=0000000000000001] R[r13=0000000000000001] inst=[08d51e63] bne     a0, a3, pc + 156
C0:       1747 [1] pc=[0000000080000790] W[r 0=0000000000000000][0] R[r11=0000000000000000] R[r12=0000000000000000] inst=[08c59c63] bne     a1, a2, pc + 152
C0:       1748 [1] pc=[0000000080000794] W[r 3=0000000000000025][1] R[r 0=0000000000000000] R[r 0=0000000000000000] inst=[02500193] li      gp, 37
C0:       1749 [1] pc=[0000000080000798] W[r10=0000000080002798][1] R[r 0=0000000000000000] R[r 0=0000000000000000] inst=[00002517] auipc   a0, 0x2
C0:       1750 [1] pc=[000000008000079c] W[r10=00000000800023e0][1] R[r10=0000000080002798] R[r 0=0000000000000000] inst=[c4850513] addi    a0, a0, -952
C0:       1751 [1] pc=[00000000800007a0] W[r 0=0000000000000000][0] R[r10=00000000800023e0] R[r 0=0000000000000000] inst=[00053007] fld     ft0, 0(a0)
C0:       1752 [1] pc=[00000000800007a4] W[r 1=0000000000000000][0] R[r10=00000000800023e0] R[r 0=0000000000000000] inst=[00853087] fld     ft1, 8(a0)
C0:       1753 [1] pc=[00000000800007a8] W[r 2=0000000000000000][0] R[r10=00000000800023e0] R[r 0=0000000000000000] inst=[01053107] fld     ft2, 16(a0)
C0:       1754 [1] pc=[00000000800007ac] W[r13=0000000000000001][1] R[r10=00000000800023e0] R[r 0=0000000000000000] inst=[01853683] ld      a3, 24(a0)
C0:       1755 [1] pc=[00000000800007b0] W[r10=0000000000000001][1] R[r 0=0000000000000000] R[r 0=0000000000000000] inst=[c2301553] fcvt.lu.d a0, ft0
C0:       1759 [1] pc=[00000000800007b4] W[r11=0000000000000001][1] R[r 0=0000000000000000] R[r 0=0000000000000000] inst=[001015f3] csrrw   a1, fflags, zero
C0:       1764 [1] pc=[00000000800007b8] W[r12=0000000000000001][1] R[r 0=0000000000000000] R[r 0=0000000000000000] inst=[00100613] li      a2, 1
C0:       1765 [1] pc=[00000000800007bc] W[r 0=0000000000000000][0] R[r10=0000000000000001] R[r13=0000000000000001] inst=[06d51663] bne     a0, a3, pc + 108
C0:       1787 [1] pc=[00000000800007c0] W[r 0=0000000000000000][0] R[r11=0000000000000001] R[r12=0000000000000001] inst=[06c59463] bne     a1, a2, pc + 104
C0:       1788 [1] pc=[00000000800007c4] W[r 3=0000000000000026][1] R[r 0=0000000000000000] R[r 0=0000000000000000] inst=[02600193] li      gp, 38
C0:       1789 [1] pc=[00000000800007c8] W[r10=00000000800027c8][1] R[r 0=0000000000000000] R[r 0=0000000000000000] inst=[00002517] auipc   a0, 0x2
C0:       1790 [1] pc=[00000000800007cc] W[r10=0000000080002400][1] R[r10=00000000800027c8] R[r 0=0000000000000000] inst=[c3850513] addi    a0, a0, -968
C0:       1807 [1] pc=[00000000800007d0] W[r 0=0000000000000000][0] R[r10=0000000080002400] R[r 0=0000000000000000] inst=[00053007] fld     ft0, 0(a0)
C0:       1808 [1] pc=[00000000800007d4] W[r 1=0000000000000000][0] R[r10=0000000080002400] R[r 0=0000000000000000] inst=[00853087] fld     ft1, 8(a0)
C0:       1809 [1] pc=[00000000800007d8] W[r 2=0000000000000000][0] R[r10=0000000080002400] R[r 0=0000000000000000] inst=[01053107] fld     ft2, 16(a0)
C0:       1810 [1] pc=[00000000800007dc] W[r13=0000000000000000][1] R[r10=0000000080002400] R[r 0=0000000000000000] inst=[01853683] ld      a3, 24(a0)
C0:       1811 [1] pc=[00000000800007e0] W[r10=0000000000000000][1] R[r 0=0000000000000000] R[r 0=0000000000000000] inst=[c2301553] fcvt.lu.d a0, ft0
C0:       1815 [1] pc=[00000000800007e4] W[r11=0000000000000010][1] R[r 0=0000000000000000] R[r 0=0000000000000000] inst=[001015f3] csrrw   a1, fflags, zero
C0:       1820 [1] pc=[00000000800007e8] W[r12=0000000000000010][1] R[r 0=0000000000000000] R[r 0=0000000000000000] inst=[01000613] li      a2, 16
C0:       1821 [1] pc=[00000000800007ec] W[r 0=0000000000000000][0] R[r10=0000000000000000] R[r13=0000000000000000] inst=[02d51e63] bne     a0, a3, pc + 60
C0:       1822 [1] pc=[00000000800007f0] W[r 0=0000000000000000][0] R[r11=0000000000000010] R[r12=0000000000000010] inst=[02c59c63] bne     a1, a2, pc + 56
C0:       1823 [1] pc=[00000000800007f4] W[r 3=0000000000000027][1] R[r 0=0000000000000000] R[r 0=0000000000000000] inst=[02700193] li      gp, 39
C0:       1824 [1] pc=[00000000800007f8] W[r10=00000000800027f8][1] R[r 0=0000000000000000] R[r 0=0000000000000000] inst=[00002517] auipc   a0, 0x2
C0:       1825 [1] pc=[00000000800007fc] W[r10=0000000080002420][1] R[r10=00000000800027f8] R[r 0=0000000000000000] inst=[c2850513] addi    a0, a0, -984
C0:       1847 [1] pc=[0000000080000800] W[r 0=0000000000000000][0] R[r10=0000000080002420] R[r 0=0000000000000000] inst=[00053007] fld     ft0, 0(a0)
C0:       1848 [1] pc=[0000000080000804] W[r 1=0000000000000000][0] R[r10=0000000080002420] R[r 0=0000000000000000] inst=[00853087] fld     ft1, 8(a0)
C0:       1849 [1] pc=[0000000080000808] W[r 2=0000000000000000][0] R[r10=0000000080002420] R[r 0=0000000000000000] inst=[01053107] fld     ft2, 16(a0)
C0:       1850 [1] pc=[000000008000080c] W[r13=00000000b2d05e00][1] R[r10=0000000080002420] R[r 0=0000000000000000] inst=[01853683] ld      a3, 24(a0)
C0:       1851 [1] pc=[0000000080000810] W[r10=00000000b2d05e00][1] R[r 0=0000000000000000] R[r 0=0000000000000000] inst=[c2301553] fcvt.lu.d a0, ft0
C0:       1855 [1] pc=[0000000080000814] W[r11=0000000000000000][1] R[r 0=0000000000000000] R[r 0=0000000000000000] inst=[001015f3] csrrw   a1, fflags, zero
C0:       1860 [1] pc=[0000000080000818] W[r12=0000000000000000][1] R[r 0=0000000000000000] R[r 0=0000000000000000] inst=[00000613] li      a2, 0
C0:       1861 [1] pc=[000000008000081c] W[r 0=0000000000000000][0] R[r10=00000000b2d05e00] R[r13=00000000b2d05e00] inst=[00d51663] bne     a0, a3, pc + 12
C0:       1862 [1] pc=[0000000080000820] W[r 0=0000000000000000][0] R[r11=0000000000000000] R[r12=0000000000000000] inst=[00c59463] bne     a1, a2, pc + 8
C0:       1863 [1] pc=[0000000080000824] W[r 0=0000000000000000][0] R[r 0=0000000000000000] R[r 3=0000000000000027] inst=[02301063] bne     zero, gp, pc + 32
C0:       1888 [1] pc=[0000000080000844] W[r 0=0000000000000000][0] R[r 0=0000000000000000] R[r 0=0000000000000000] inst=[0ff0000f] fence   iorw,iorw
C0:       1889 [1] pc=[0000000080000848] W[r 3=0000000000000001][1] R[r 0=0000000000000000] R[r 0=0000000000000000] inst=[00100193] li      gp, 1
C0:       1890 [1] pc=[000000008000084c] W[r17=000000000000005d][1] R[r 0=0000000000000000] R[r 0=0000000000000000] inst=[05d00893] li      a7, 93
C0:       1891 [1] pc=[0000000080000850] W[r10=0000000000000000][1] R[r 0=0000000000000000] R[r 0=0000000000000000] inst=[00000513] li      a0, 0
C0:       1892 [0] pc=[0000000080000854] W[r 0=0000000000000000][0] R[r 0=0000000000000000] R[r 0=0000000000000000] inst=[00000073] ecall
C0:       1897 [1] pc=[0000000080000004] W[r30=0000000000000008][1] R[r 0=0000000000000000] R[r 0=0000000000000000] inst=[34202f73] csrr    t5, unknown_342
C0:       1898 [1] pc=[0000000080000008] W[r31=0000000000000008][1] R[r 0=0000000000000000] R[r 0=0000000000000000] inst=[00800f93] li      t6, 8
C0:       1900 [1] pc=[000000008000000c] W[r 0=0000000000000000][0] R[r30=0000000000000008] R[r31=0000000000000008] inst=[07ff0663] beq     t5, t6, pc + 108
C0:       1925 [1] pc=[0000000080000078] W[r30=0000000080001078][1] R[r 0=0000000000000000] R[r 0=0000000000000000] inst=[00001f17] auipc   t5, 0x1
C0:       1942 [1] pc=[000000008000007c] W[r 0=0000000000000000][0] R[r30=0000000080001078] R[r 3=0000000000000001] inst=[f83f2423] sw      gp, -120(t5)
C0:       1943 [1] pc=[0000000080000080] W[r 0=0000000080000084][1] R[r 0=0000000000000000] R[r 0=0000000000000000] inst=[ff9ff06f] j       pc - 0x8
C0:       1944 [1] pc=[0000000080000078] W[r30=0000000080001078][1] R[r 0=0000000000000000] R[r 0=0000000000000000] inst=[00001f17] auipc   t5, 0x1
C0:       1945 [1] pc=[000000008000007c] W[r 0=0000000000000000][0] R[r30=0000000080001078] R[r 3=0000000000000001] inst=[f83f2423] sw      gp, -120(t5)
C0:       1946 [1] pc=[0000000080000080] W[r 0=0000000080000084][1] R[r 0=0000000000000000] R[r 0=0000000000000000] inst=[ff9ff06f] j       pc - 0x8
C0:       1947 [1] pc=[0000000080000078] W[r30=0000000080001078][1] R[r 0=0000000000000000] R[r 0=0000000000000000] inst=[00001f17] auipc   t5, 0x1
C0:       1948 [1] pc=[000000008000007c] W[r 0=0000000000000000][0] R[r30=0000000080001078] R[r 3=0000000000000001] inst=[f83f2423] sw      gp, -120(t5)
C0:       1949 [1] pc=[0000000080000080] W[r 0=0000000080000084][1] R[r 0=0000000000000000] R[r 0=0000000000000000] inst=[ff9ff06f] j       pc - 0x8
C0:       1950 [1] pc=[0000000080000078] W[r30=0000000080001078][1] R[r 0=0000000000000000] R[r 0=0000000000000000] inst=[00001f17] auipc   t5, 0x1
C0:       1976 [1] pc=[000000008000007c] W[r 0=0000000000000000][0] R[r30=0000000080001078] R[r 3=0000000000000001] inst=[f83f2423] sw      gp, -120(t5)
C0:       1977 [1] pc=[0000000080000080] W[r 0=0000000080000084][1] R[r 0=0000000000000000] R[r 0=0000000000000000] inst=[ff9ff06f] j       pc - 0x8
C0:       1978 [1] pc=[0000000080000078] W[r30=0000000080001078][1] R[r 0=0000000000000000] R[r 0=0000000000000000] inst=[00001f17] auipc   t5, 0x1
C0:       1979 [1] pc=[000000008000007c] W[r 0=0000000000000000][0] R[r30=0000000080001078] R[r 3=0000000000000001] inst=[f83f2423] sw      gp, -120(t5)
C0:       1980 [1] pc=[0000000080000080] W[r 0=0000000080000084][1] R[r 0=0000000000000000] R[r 0=0000000000000000] inst=[ff9ff06f] j       pc - 0x8
C0:       1981 [1] pc=[0000000080000078] W[r30=0000000080001078][1] R[r 0=0000000000000000] R[r 0=0000000000000000] inst=[00001f17] auipc   t5, 0x1
C0:       1982 [1] pc=[000000008000007c] W[r 0=0000000000000000][0] R[r30=0000000080001078] R[r 3=0000000000000001] inst=[f83f2423] sw      gp, -120(t5)
C0:       1983 [1] pc=[0000000080000080] W[r 0=0000000080000084][1] R[r 0=0000000000000000] R[r 0=0000000000000000] inst=[ff9ff06f] j       pc - 0x8
C0:       1984 [1] pc=[0000000080000078] W[r30=0000000080001078][1] R[r 0=0000000000000000] R[r 0=0000000000000000] inst=[00001f17] auipc   t5, 0x1
C0:       1985 [1] pc=[000000008000007c] W[r 0=0000000000000000][0] R[r30=0000000080001078] R[r 3=0000000000000001] inst=[f83f2423] sw      gp, -120(t5)
C0:       1986 [1] pc=[0000000080000080] W[r 0=0000000080000084][1] R[r 0=0000000000000000] R[r 0=0000000000000000] inst=[ff9ff06f] j       pc - 0x8
C0:       1987 [1] pc=[0000000080000078] W[r30=0000000080001078][1] R[r 0=0000000000000000] R[r 0=0000000000000000] inst=[00001f17] auipc   t5, 0x1
C0:       1988 [1] pc=[000000008000007c] W[r 0=0000000000000000][0] R[r30=0000000080001078] R[r 3=0000000000000001] inst=[f83f2423] sw      gp, -120(t5)
C0:       1989 [1] pc=[0000000080000080] W[r 0=0000000080000084][1] R[r 0=0000000000000000] R[r 0=0000000000000000] inst=[ff9ff06f] j       pc - 0x8
C0:       1990 [1] pc=[0000000080000078] W[r30=0000000080001078][1] R[r 0=0000000000000000] R[r 0=0000000000000000] inst=[00001f17] auipc   t5, 0x1
C0:       1991 [1] pc=[000000008000007c] W[r 0=0000000000000000][0] R[r30=0000000080001078] R[r 3=0000000000000001] inst=[f83f2423] sw      gp, -120(t5)
C0:       1992 [1] pc=[0000000080000080] W[r 0=0000000080000084][1] R[r 0=0000000000000000] R[r 0=0000000000000000] inst=[ff9ff06f] j       pc - 0x8
C0:       1993 [1] pc=[0000000080000078] W[r30=0000000080001078][1] R[r 0=0000000000000000] R[r 0=0000000000000000] inst=[00001f17] auipc   t5, 0x1
C0:       1994 [1] pc=[000000008000007c] W[r 0=0000000000000000][0] R[r30=0000000080001078] R[r 3=0000000000000001] inst=[f83f2423] sw      gp, -120(t5)
C0:       1995 [1] pc=[0000000080000080] W[r 0=0000000080000084][1] R[r 0=0000000000000000] R[r 0=0000000000000000] inst=[ff9ff06f] j       pc - 0x8
C0:       1996 [1] pc=[0000000080000078] W[r30=0000000080001078][1] R[r 0=0000000000000000] R[r 0=0000000000000000] inst=[00001f17] auipc   t5, 0x1
C0:       1997 [1] pc=[000000008000007c] W[r 0=0000000000000000][0] R[r30=0000000080001078] R[r 3=0000000000000001] inst=[f83f2423] sw      gp, -120(t5)
C0:       1998 [1] pc=[0000000080000080] W[r 0=0000000080000084][1] R[r 0=0000000000000000] R[r 0=0000000000000000] inst=[ff9ff06f] j       pc - 0x8
C0:       1999 [1] pc=[0000000080000078] W[r30=0000000080001078][1] R[r 0=0000000000000000] R[r 0=0000000000000000] inst=[00001f17] auipc   t5, 0x1
C0:       2000 [1] pc=[000000008000007c] W[r 0=0000000000000000][0] R[r30=0000000080001078] R[r 3=0000000000000001] inst=[f83f2423] sw      gp, -120(t5)
C0:       2001 [1] pc=[0000000080000080] W[r 0=0000000080000084][1] R[r 0=0000000000000000] R[r 0=0000000000000000] inst=[ff9ff06f] j       pc - 0x8
C0:       2002 [1] pc=[0000000080000078] W[r30=0000000080001078][1] R[r 0=0000000000000000] R[r 0=0000000000000000] inst=[00001f17] auipc   t5, 0x1
C0:       2003 [1] pc=[000000008000007c] W[r 0=0000000000000000][0] R[r30=0000000080001078] R[r 3=0000000000000001] inst=[f83f2423] sw      gp, -120(t5)
C0:       2004 [1] pc=[0000000080000080] W[r 0=0000000080000084][1] R[r 0=0000000000000000] R[r 0=0000000000000000] inst=[ff9ff06f] j       pc - 0x8
C0:       2005 [1] pc=[0000000080000078] W[r30=0000000080001078][1] R[r 0=0000000000000000] R[r 0=0000000000000000] inst=[00001f17] auipc   t5, 0x1
C0:       2006 [1] pc=[000000008000007c] W[r 0=0000000000000000][0] R[r30=0000000080001078] R[r 3=0000000000000001] inst=[f83f2423] sw      gp, -120(t5)
C0:       2007 [1] pc=[0000000080000080] W[r 0=0000000080000084][1] R[r 0=0000000000000000] R[r 0=0000000000000000] inst=[ff9ff06f] j       pc - 0x8
C0:       2008 [1] pc=[0000000080000078] W[r30=0000000080001078][1] R[r 0=0000000000000000] R[r 0=0000000000000000] inst=[00001f17] auipc   t5, 0x1
*** PASSED *** Completed after 95977 cycles
