using random seed 1632262140
This emulator compiled with JTAG Remote Bitbang client. To enable, use +jtag_rbb_enable=1.
Listening on port 42781
== Loading device model file '/home/fleker/Desktop/chipyard/generators/testchipip/src/main/resources/dramsim2_ini/DDR3_micron_64M_8B_x4_sg15.ini' == 
== Loading system model file '/home/fleker/Desktop/chipyard/generators/testchipip/src/main/resources/dramsim2_ini/system.ini' == 
===== MemorySystem 0 =====
CH. 0 TOTAL_STORAGE : 4096MB | 1 Ranks | 16 Devices per rank
DRAMSim2 Clock Frequency =666666666Hz, CPU Clock Frequency=100000000Hz
C0:         19 [1] pc=[0000000000010040] W[r10=0000000000010040][1] R[r 0=0000000000000000] R[r 0=0000000000000000] inst=[00000517] auipc   a0, 0x0
C0:         20 [1] pc=[0000000000010044] W[r10=0000000000010000][1] R[r10=0000000000010040] R[r 0=0000000000000000] inst=[fc050513] addi    a0, a0, -64
C0:         21 [1] pc=[0000000000010048] W[r 0=0000000000000000][1] R[r10=0000000000010000] R[r 0=0000000000000000] inst=[30551073] csrw    unknown_305, a0
C0:         26 [1] pc=[000000000001004c] W[r 5=800000000094112d][1] R[r 0=0000000000000000] R[r 0=0000000000000000] inst=[301022f3] csrr    t0, unknown_301
C0:         29 [1] pc=[0000000000010050] W[r 5=ffffe00000000025][1] R[r 5=800000000094112d] R[r 0=0000000000000000] inst=[4122d293] srai    t0, t0, 18
C0:         30 [1] pc=[0000000000010054] W[r 5=0000000000000001][1] R[r 5=ffffe00000000025] R[r 0=0000000000000000] inst=[0012f293] andi    t0, t0, 1
C0:         31 [1] pc=[0000000000010058] W[r 0=0000000000000000][0] R[r 5=0000000000000001] R[r 0=0000000000000000] inst=[00028463] beqz    t0, pc + 8
C0:         32 [1] pc=[000000000001005c] W[r 0=0000000000000000][1] R[r 0=0000000000000000] R[r 0=0000000000000000] inst=[30301073] csrw    unknown_303, zero
C0:         37 [1] pc=[0000000000010060] W[r10=0000000000000008][1] R[r 0=0000000000000000] R[r 0=0000000000000000] inst=[00800513] li      a0, 8
C0:         38 [1] pc=[0000000000010064] W[r 0=0000000000000000][1] R[r10=0000000000000008] R[r 0=0000000000000000] inst=[30451073] csrw    unknown_304, a0
C0:         43 [1] pc=[0000000000010068] W[r 0=0000000a00001800][1] R[r10=0000000000000008] R[r 0=0000000000000000] inst=[30052073] csrs    unknown_300, a0
C0:         48 [1] pc=[000000000001006c] W[r 0=0000000000000000][0] R[r 0=0000000000000000] R[r 0=0000000000000000] inst=[10500073] wfi
C0:         51 [0] pc=[0000000000010070] W[r 0=0000000000000000][0] R[r31=0000000000000008] R[r 0=0000000000000000] inst=[ffdff06f] j       pc - 0x4
C0:         70 [1] pc=[0000000000010000] W[r11=0000000002000000][1] R[r 0=0000000000000000] R[r 0=0000000000000000] inst=[020005b7] lui     a1, 0x2000
C0:         71 [1] pc=[0000000000010004] W[r10=0000000000000000][1] R[r 0=0000000000000000] R[r 0=0000000000000000] inst=[f1402573] csrr    a0, unknown_f14
C0:         74 [1] pc=[0000000000010008] W[r 0=0000000000000000][0] R[r10=0000000000000000] R[r 0=0000000000000000] inst=[00050463] beqz    a0, pc + 8
C0:         78 [1] pc=[0000000000010010] W[r12=0000000002000004][1] R[r11=0000000002000000] R[r 0=0000000000000000] inst=[00458613] addi    a2, a1, 4
C0:         79 [1] pc=[0000000000010014] W[r13=0000000000000001][1] R[r 0=0000000000000000] R[r 0=0000000000000000] inst=[00100693] li      a3, 1
C0:         80 [1] pc=[0000000000010018] W[r 0=0000000000000000][0] R[r12=0000000002000004] R[r13=0000000000000001] inst=[00d62023] sw      a3, 0(a2)
C0:         81 [1] pc=[000000000001001c] W[r12=0000000002000008][1] R[r12=0000000002000004] R[r 0=0000000000000000] inst=[00460613] addi    a2, a2, 4
C0:         87 [1] pc=[0000000000010020] W[r13=0000000000000000][0] R[r12=0000000002000008] R[r 0=0000000000000000] inst=[ffc62683] lw      a3, -4(a2)
C0:         95 [1] pc=[0000000000010024] W[r 0=0000000000000000][0] R[r13=0000000000000000] R[r 0=0000000000000000] inst=[fe069ae3] bnez    a3, pc - 12
C0:         96 [1] pc=[0000000000010028] W[r 0=000000000001002c][1] R[r 0=0000000000000000] R[r 0=0000000000000000] inst=[05c0006f] j       pc + 0x5c
C0:        116 [1] pc=[0000000000010084] W[r 0=0000000000000000][0] R[r11=0000000002000000] R[r 0=0000000000000000] inst=[0005a023] sw      zero, 0(a1)
C0:        117 [1] pc=[0000000000010088] W[r10=0000000000004000][1] R[r 0=0000000000000000] R[r 0=0000000000000000] inst=[00004537] lui     a0, 0x4
C0:        123 [1] pc=[000000000001008c] W[r10=0000000000000000][0] R[r10=0000000000004000] R[r 0=0000000000000000] inst=[00056503] lwu     a0, 0(a0)
C0:        135 [1] pc=[0000000000010090] W[r 0=0000000000010070][1] R[r10=0000000080000000] R[r 0=0000000000000000] inst=[34151073] csrw    unknown_341, a0
C0:        136 [1] pc=[0000000000010094] W[r10=0000000000000000][1] R[r 0=0000000000000000] R[r 0=0000000000000000] inst=[f1402573] csrr    a0, unknown_f14
C0:        137 [1] pc=[0000000000010098] W[r11=0000000000010098][1] R[r 0=0000000000000000] R[r 0=0000000000000000] inst=[00000597] auipc   a1, 0x0
C0:        138 [1] pc=[000000000001009c] W[r11=00000000000100b0][1] R[r11=0000000000010098] R[r 0=0000000000000000] inst=[01858593] addi    a1, a1, 24
C0:        139 [1] pc=[00000000000100a0] W[r12=0000000000000080][1] R[r 0=0000000000000000] R[r 0=0000000000000000] inst=[08000613] li      a2, 128
C0:        140 [1] pc=[00000000000100a4] W[r 0=0000000a00001880][1] R[r12=0000000000000080] R[r 0=0000000000000000] inst=[30063073] csrc    unknown_300, a2
C0:        145 [1] pc=[00000000000100a8] W[r 0=0000000000000000][0] R[r 0=0000000000000000] R[r 0=0000000000000000] inst=[30200073] mret
C0:        166 [1] pc=[0000000080000000] W[r 0=0000000080000004][1] R[r 0=0000000000000000] R[r 0=0000000000000000] inst=[0840006f] j       pc + 0x84
C0:        189 [1] pc=[0000000080000084] W[r 1=0000000000000000][1] R[r 0=0000000000000000] R[r 0=0000000000000000] inst=[00000093] li      ra, 0
C0:        190 [1] pc=[0000000080000088] W[r 2=0000000000000000][1] R[r 0=0000000000000000] R[r 0=0000000000000000] inst=[00000113] li      sp, 0
C0:        191 [1] pc=[000000008000008c] W[r 3=0000000000000000][1] R[r 0=0000000000000000] R[r 0=0000000000000000] inst=[00000193] li      gp, 0
C0:        192 [1] pc=[0000000080000090] W[r 4=0000000000000000][1] R[r 0=0000000000000000] R[r 0=0000000000000000] inst=[00000213] li      tp, 0
C0:        193 [1] pc=[0000000080000094] W[r 5=0000000000000000][1] R[r 0=0000000000000000] R[r 0=0000000000000000] inst=[00000293] li      t0, 0
C0:        194 [1] pc=[0000000080000098] W[r 6=0000000000000000][1] R[r 0=0000000000000000] R[r 0=0000000000000000] inst=[00000313] li      t1, 0
C0:        195 [1] pc=[000000008000009c] W[r 7=0000000000000000][1] R[r 0=0000000000000000] R[r 0=0000000000000000] inst=[00000393] li      t2, 0
C0:        196 [1] pc=[00000000800000a0] W[r 8=0000000000000000][1] R[r 0=0000000000000000] R[r 0=0000000000000000] inst=[00000413] li      s0, 0
C0:        197 [1] pc=[00000000800000a4] W[r 9=0000000000000000][1] R[r 0=0000000000000000] R[r 0=0000000000000000] inst=[00000493] li      s1, 0
C0:        198 [1] pc=[00000000800000a8] W[r10=0000000000000000][1] R[r 0=0000000000000000] R[r 0=0000000000000000] inst=[00000513] li      a0, 0
C0:        199 [1] pc=[00000000800000ac] W[r11=0000000000000000][1] R[r 0=0000000000000000] R[r 0=0000000000000000] inst=[00000593] li      a1, 0
C0:        200 [1] pc=[00000000800000b0] W[r12=0000000000000000][1] R[r 0=0000000000000000] R[r 0=0000000000000000] inst=[00000613] li      a2, 0
C0:        201 [1] pc=[00000000800000b4] W[r13=0000000000000000][1] R[r 0=0000000000000000] R[r 0=0000000000000000] inst=[00000693] li      a3, 0
C0:        202 [1] pc=[00000000800000b8] W[r14=0000000000000000][1] R[r 0=0000000000000000] R[r 0=0000000000000000] inst=[00000713] li      a4, 0
C0:        203 [1] pc=[00000000800000bc] W[r15=0000000000000000][1] R[r 0=0000000000000000] R[r 0=0000000000000000] inst=[00000793] li      a5, 0
C0:        225 [1] pc=[00000000800000c0] W[r16=0000000000000000][1] R[r 0=0000000000000000] R[r 0=0000000000000000] inst=[00000813] li      a6, 0
C0:        226 [1] pc=[00000000800000c4] W[r17=0000000000000000][1] R[r 0=0000000000000000] R[r 0=0000000000000000] inst=[00000893] li      a7, 0
C0:        227 [1] pc=[00000000800000c8] W[r18=0000000000000000][1] R[r 0=0000000000000000] R[r 0=0000000000000000] inst=[00000913] li      s2, 0
C0:        228 [1] pc=[00000000800000cc] W[r19=0000000000000000][1] R[r 0=0000000000000000] R[r 0=0000000000000000] inst=[00000993] li      s3, 0
C0:        229 [1] pc=[00000000800000d0] W[r20=0000000000000000][1] R[r 0=0000000000000000] R[r 0=0000000000000000] inst=[00000a13] li      s4, 0
C0:        230 [1] pc=[00000000800000d4] W[r21=0000000000000000][1] R[r 0=0000000000000000] R[r 0=0000000000000000] inst=[00000a93] li      s5, 0
C0:        231 [1] pc=[00000000800000d8] W[r22=0000000000000000][1] R[r 0=0000000000000000] R[r 0=0000000000000000] inst=[00000b13] li      s6, 0
C0:        232 [1] pc=[00000000800000dc] W[r23=0000000000000000][1] R[r 0=0000000000000000] R[r 0=0000000000000000] inst=[00000b93] li      s7, 0
C0:        233 [1] pc=[00000000800000e0] W[r24=0000000000000000][1] R[r 0=0000000000000000] R[r 0=0000000000000000] inst=[00000c13] li      s8, 0
C0:        234 [1] pc=[00000000800000e4] W[r25=0000000000000000][1] R[r 0=0000000000000000] R[r 0=0000000000000000] inst=[00000c93] li      s9, 0
C0:        235 [1] pc=[00000000800000e8] W[r26=0000000000000000][1] R[r 0=0000000000000000] R[r 0=0000000000000000] inst=[00000d13] li      s10, 0
C0:        236 [1] pc=[00000000800000ec] W[r27=0000000000000000][1] R[r 0=0000000000000000] R[r 0=0000000000000000] inst=[00000d93] li      s11, 0
C0:        237 [1] pc=[00000000800000f0] W[r28=0000000000000000][1] R[r 0=0000000000000000] R[r 0=0000000000000000] inst=[00000e13] li      t3, 0
C0:        238 [1] pc=[00000000800000f4] W[r29=0000000000000000][1] R[r 0=0000000000000000] R[r 0=0000000000000000] inst=[00000e93] li      t4, 0
C0:        239 [1] pc=[00000000800000f8] W[r30=0000000000000000][1] R[r 0=0000000000000000] R[r 0=0000000000000000] inst=[00000f13] li      t5, 0
C0:        240 [1] pc=[00000000800000fc] W[r31=0000000000000000][1] R[r 0=0000000000000000] R[r 0=0000000000000000] inst=[00000f93] li      t6, 0
C0:        262 [1] pc=[0000000080000100] W[r10=0000000000000000][1] R[r 0=0000000000000000] R[r 0=0000000000000000] inst=[f1402573] csrr    a0, unknown_f14
C0:        265 [1] pc=[0000000080000104] W[r 0=0000000000000000][0] R[r10=0000000000000000] R[r 0=0000000000000000] inst=[00051063] bnez    a0, pc + 0
C0:        266 [1] pc=[0000000080000108] W[r 5=0000000080000108][1] R[r 0=0000000000000000] R[r 0=0000000000000000] inst=[00000297] auipc   t0, 0x0
C0:        267 [1] pc=[000000008000010c] W[r 5=0000000080000118][1] R[r 5=0000000080000108] R[r 0=0000000000000000] inst=[01028293] addi    t0, t0, 16
C0:        268 [1] pc=[0000000080000110] W[r 0=0000000000010000][1] R[r 5=0000000080000118] R[r 0=0000000000000000] inst=[30529073] csrw    unknown_305, t0
C0:        273 [1] pc=[0000000080000114] W[r 0=0000000000000000][1] R[r 0=0000000000000000] R[r 0=0000000000000000] inst=[18005073] csrwi   unknown_180, 0
C0:        278 [1] pc=[0000000080000118] W[r 5=0000000080000118][1] R[r 0=0000000000000000] R[r 0=0000000000000000] inst=[00000297] auipc   t0, 0x0
C0:        279 [1] pc=[000000008000011c] W[r 5=000000008000013c][1] R[r 5=0000000080000118] R[r 0=0000000000000000] inst=[02428293] addi    t0, t0, 36
C0:        280 [1] pc=[0000000080000120] W[r 0=0000000080000118][1] R[r 5=000000008000013c] R[r 0=0000000000000000] inst=[30529073] csrw    unknown_305, t0
C0:        285 [1] pc=[0000000080000124] W[r 5=0000000000000001][1] R[r 0=0000000000000000] R[r 0=0000000000000000] inst=[0010029b] addiw   t0, zero, 1
C0:        286 [1] pc=[0000000080000128] W[r 5=0020000000000000][1] R[r 5=0000000000000001] R[r 0=0000000000000000] inst=[03529293] slli    t0, t0, 53
C0:        287 [1] pc=[000000008000012c] W[r 5=001fffffffffffff][1] R[r 5=0020000000000000] R[r 0=0000000000000000] inst=[fff28293] addi    t0, t0, -1
C0:        288 [1] pc=[0000000080000130] W[r 0=0000000000000000][1] R[r 5=001fffffffffffff] R[r 0=0000000000000000] inst=[3b029073] csrw    unknown_3b0, t0
C0:        293 [1] pc=[0000000080000134] W[r 5=000000000000001f][1] R[r 0=0000000000000000] R[r 0=0000000000000000] inst=[01f00293] li      t0, 31
C0:        294 [1] pc=[0000000080000138] W[r 0=0000000000000000][1] R[r 5=000000000000001f] R[r 0=0000000000000000] inst=[3a029073] csrw    unknown_3a0, t0
C0:        299 [1] pc=[000000008000013c] W[r 0=0000000000000008][1] R[r 0=0000000000000000] R[r 0=0000000000000000] inst=[30405073] csrwi   unknown_304, 0
C0:        316 [1] pc=[0000000080000140] W[r 5=0000000080000140][1] R[r 0=0000000000000000] R[r 0=0000000000000000] inst=[00000297] auipc   t0, 0x0
C0:        317 [1] pc=[0000000080000144] W[r 5=0000000080000154][1] R[r 5=0000000080000140] R[r 0=0000000000000000] inst=[01428293] addi    t0, t0, 20
C0:        318 [1] pc=[0000000080000148] W[r 0=000000008000013c][1] R[r 5=0000000080000154] R[r 0=0000000000000000] inst=[30529073] csrw    unknown_305, t0
C0:        323 [1] pc=[000000008000014c] W[r 0=0000000000000000][1] R[r 0=0000000000000000] R[r 0=0000000000000000] inst=[30205073] csrwi   unknown_302, 0
C0:        328 [1] pc=[0000000080000150] W[r 0=0000000000000000][1] R[r 0=0000000000000000] R[r 0=0000000000000000] inst=[30305073] csrwi   unknown_303, 0
C0:        333 [1] pc=[0000000080000154] W[r 3=0000000000000000][1] R[r 0=0000000000000000] R[r 0=0000000000000000] inst=[00000193] li      gp, 0
C0:        334 [1] pc=[0000000080000158] W[r 5=0000000080000158][1] R[r 0=0000000000000000] R[r 0=0000000000000000] inst=[00000297] auipc   t0, 0x0
C0:        335 [1] pc=[000000008000015c] W[r 5=0000000080000004][1] R[r 5=0000000080000158] R[r 0=0000000000000000] inst=[eac28293] addi    t0, t0, -340
C0:        336 [1] pc=[0000000080000160] W[r 0=0000000080000154][1] R[r 5=0000000080000004] R[r 0=0000000000000000] inst=[30529073] csrw    unknown_305, t0
C0:        341 [1] pc=[0000000080000164] W[r10=0000000000000001][1] R[r 0=0000000000000000] R[r 0=0000000000000000] inst=[00100513] li      a0, 1
C0:        342 [1] pc=[0000000080000168] W[r10=0000000080000000][1] R[r10=0000000000000001] R[r 0=0000000000000000] inst=[01f51513] slli    a0, a0, 31
C0:        343 [1] pc=[000000008000016c] W[r 0=0000000000000000][0] R[r10=0000000080000000] R[r 0=0000000000000000] inst=[00055c63] bgez    a0, pc + 24
C0:        368 [1] pc=[0000000080000184] W[r 5=0000000000000184][1] R[r 0=0000000000000000] R[r 0=0000000000000000] inst=[80000297] auipc   t0, 0x80000
C0:        369 [1] pc=[0000000080000188] W[r 5=0000000000000000][1] R[r 5=0000000000000184] R[r 0=0000000000000000] inst=[e7c28293] addi    t0, t0, -388
C0:        370 [1] pc=[000000008000018c] W[r 0=0000000000000000][0] R[r 5=0000000000000000] R[r 0=0000000000000000] inst=[00028a63] beqz    t0, pc + 20
C0:        374 [1] pc=[00000000800001a0] W[r 0=0000000a00000080][1] R[r 0=0000000000000000] R[r 0=0000000000000000] inst=[30005073] csrwi   unknown_300, 0
C0:        379 [1] pc=[00000000800001a4] W[r10=0000000000002000][1] R[r 0=0000000000000000] R[r 0=0000000000000000] inst=[00002537] lui     a0, 0x2
C0:        380 [1] pc=[00000000800001a8] W[r 0=0000000a00000000][1] R[r10=0000000000002000] R[r 0=0000000000000000] inst=[30052073] csrs    unknown_300, a0
C0:        385 [1] pc=[00000000800001ac] W[r 0=0000000000000000][1] R[r 0=0000000000000000] R[r 0=0000000000000000] inst=[00305073] csrwi   fcsr, 0
C0:        390 [1] pc=[00000000800001b0] W[r 5=00000000800001b0][1] R[r 0=0000000000000000] R[r 0=0000000000000000] inst=[00000297] auipc   t0, 0x0
C0:        391 [1] pc=[00000000800001b4] W[r 5=00000000800001c4][1] R[r 5=00000000800001b0] R[r 0=0000000000000000] inst=[01428293] addi    t0, t0, 20
C0:        392 [1] pc=[00000000800001b8] W[r 0=0000000080000000][1] R[r 5=00000000800001c4] R[r 0=0000000000000000] inst=[34129073] csrw    unknown_341, t0
C0:        393 [1] pc=[00000000800001bc] W[r10=0000000000000000][1] R[r 0=0000000000000000] R[r 0=0000000000000000] inst=[f1402573] csrr    a0, unknown_f14
C0:        415 [1] pc=[00000000800001c0] W[r 0=0000000000000000][0] R[r 0=0000000000000000] R[r 0=0000000000000000] inst=[30200073] mret
C0:        420 [1] pc=[00000000800001c4] W[r 3=0000000000000002][1] R[r 0=0000000000000000] R[r 0=0000000000000000] inst=[00200193] li      gp, 2
C0:        421 [1] pc=[00000000800001c8] W[r10=00000000800021c8][1] R[r 0=0000000000000000] R[r 0=0000000000000000] inst=[00002517] auipc   a0, 0x2
C0:        422 [1] pc=[00000000800001cc] W[r10=0000000080002000][1] R[r10=00000000800021c8] R[r 0=0000000000000000] inst=[e3850513] addi    a0, a0, -456
C0:        439 [1] pc=[00000000800001d0] W[r 0=0000000000000000][0] R[r10=0000000080002000] R[r 0=0000000000000000] inst=[00052007] flw     ft0, 0(a0)
C0:        440 [1] pc=[00000000800001d4] W[r 1=0000000000000000][0] R[r10=0000000080002000] R[r 0=0000000000000000] inst=[00452087] flw     ft1, 4(a0)
C0:        441 [1] pc=[00000000800001d8] W[r 2=0000000000000000][0] R[r10=0000000080002000] R[r 0=0000000000000000] inst=[00852107] flw     ft2, 8(a0)
C0:        442 [1] pc=[00000000800001dc] W[r13=ffffffffffffffff][1] R[r10=0000000080002000] R[r 0=0000000000000000] inst=[00c52683] lw      a3, 12(a0)
C0:        443 [1] pc=[00000000800001e0] W[r10=ffffffffffffffff][1] R[r 0=0000000000000000] R[r 0=0000000000000000] inst=[c0001553] fcvt.w.s a0, ft0
C0:        447 [1] pc=[00000000800001e4] W[r11=0000000000000001][1] R[r 0=0000000000000000] R[r 0=0000000000000000] inst=[001015f3] csrrw   a1, fflags, zero
C0:        452 [1] pc=[00000000800001e8] W[r12=0000000000000001][1] R[r 0=0000000000000000] R[r 0=0000000000000000] inst=[00100613] li      a2, 1
C0:        453 [1] pc=[00000000800001ec] W[r 0=0000000000000000][0] R[r10=ffffffffffffffff] R[r13=ffffffffffffffff] inst=[54d51663] bne     a0, a3, pc + 1356
C0:        454 [1] pc=[00000000800001f0] W[r 0=0000000000000000][0] R[r11=0000000000000001] R[r12=0000000000000001] inst=[54c59463] bne     a1, a2, pc + 1352
C0:        455 [1] pc=[00000000800001f4] W[r 3=0000000000000003][1] R[r 0=0000000000000000] R[r 0=0000000000000000] inst=[00300193] li      gp, 3
C0:        456 [1] pc=[00000000800001f8] W[r10=00000000800021f8][1] R[r 0=0000000000000000] R[r 0=0000000000000000] inst=[00002517] auipc   a0, 0x2
C0:        457 [1] pc=[00000000800001fc] W[r10=0000000080002010][1] R[r10=00000000800021f8] R[r 0=0000000000000000] inst=[e1850513] addi    a0, a0, -488
C0:        479 [1] pc=[0000000080000200] W[r 0=0000000000000000][0] R[r10=0000000080002010] R[r 0=0000000000000000] inst=[00052007] flw     ft0, 0(a0)
C0:        480 [1] pc=[0000000080000204] W[r 1=0000000000000000][0] R[r10=0000000080002010] R[r 0=0000000000000000] inst=[00452087] flw     ft1, 4(a0)
C0:        481 [1] pc=[0000000080000208] W[r 2=0000000000000000][0] R[r10=0000000080002010] R[r 0=0000000000000000] inst=[00852107] flw     ft2, 8(a0)
C0:        482 [1] pc=[000000008000020c] W[r13=ffffffffffffffff][1] R[r10=0000000080002010] R[r 0=0000000000000000] inst=[00c52683] lw      a3, 12(a0)
C0:        483 [1] pc=[0000000080000210] W[r10=ffffffffffffffff][1] R[r 0=0000000000000000] R[r 0=0000000000000000] inst=[c0001553] fcvt.w.s a0, ft0
C0:        487 [1] pc=[0000000080000214] W[r11=0000000000000000][1] R[r 0=0000000000000000] R[r 0=0000000000000000] inst=[001015f3] csrrw   a1, fflags, zero
C0:        492 [1] pc=[0000000080000218] W[r12=0000000000000000][1] R[r 0=0000000000000000] R[r 0=0000000000000000] inst=[00000613] li      a2, 0
C0:        493 [1] pc=[000000008000021c] W[r 0=0000000000000000][0] R[r10=ffffffffffffffff] R[r13=ffffffffffffffff] inst=[50d51e63] bne     a0, a3, pc + 1308
C0:        494 [1] pc=[0000000080000220] W[r 0=0000000000000000][0] R[r11=0000000000000000] R[r12=0000000000000000] inst=[50c59c63] bne     a1, a2, pc + 1304
C0:        495 [1] pc=[0000000080000224] W[r 3=0000000000000004][1] R[r 0=0000000000000000] R[r 0=0000000000000000] inst=[00400193] li      gp, 4
C0:        496 [1] pc=[0000000080000228] W[r10=0000000080002228][1] R[r 0=0000000000000000] R[r 0=0000000000000000] inst=[00002517] auipc   a0, 0x2
C0:        497 [1] pc=[000000008000022c] W[r10=0000000080002020][1] R[r10=0000000080002228] R[r 0=0000000000000000] inst=[df850513] addi    a0, a0, -520
C0:        498 [1] pc=[0000000080000230] W[r 0=0000000000000000][0] R[r10=0000000080002020] R[r 0=0000000000000000] inst=[00052007] flw     ft0, 0(a0)
C0:        499 [1] pc=[0000000080000234] W[r 1=0000000000000000][0] R[r10=0000000080002020] R[r 0=0000000000000000] inst=[00452087] flw     ft1, 4(a0)
C0:        500 [1] pc=[0000000080000238] W[r 2=0000000000000000][0] R[r10=0000000080002020] R[r 0=0000000000000000] inst=[00852107] flw     ft2, 8(a0)
C0:        501 [1] pc=[000000008000023c] W[r13=0000000000000000][1] R[r10=0000000080002020] R[r 0=0000000000000000] inst=[00c52683] lw      a3, 12(a0)
C0:        523 [1] pc=[0000000080000240] W[r10=0000000000000000][1] R[r 0=0000000000000000] R[r 0=0000000000000000] inst=[c0001553] fcvt.w.s a0, ft0
C0:        527 [1] pc=[0000000080000244] W[r11=0000000000000001][1] R[r 0=0000000000000000] R[r 0=0000000000000000] inst=[001015f3] csrrw   a1, fflags, zero
C0:        532 [1] pc=[0000000080000248] W[r12=0000000000000001][1] R[r 0=0000000000000000] R[r 0=0000000000000000] inst=[00100613] li      a2, 1
C0:        533 [1] pc=[000000008000024c] W[r 0=0000000000000000][0] R[r10=0000000000000000] R[r13=0000000000000000] inst=[4ed51663] bne     a0, a3, pc + 1260
C0:        534 [1] pc=[0000000080000250] W[r 0=0000000000000000][0] R[r11=0000000000000001] R[r12=0000000000000001] inst=[4ec59463] bne     a1, a2, pc + 1256
C0:        535 [1] pc=[0000000080000254] W[r 3=0000000000000005][1] R[r 0=0000000000000000] R[r 0=0000000000000000] inst=[00500193] li      gp, 5
C0:        536 [1] pc=[0000000080000258] W[r10=0000000080002258][1] R[r 0=0000000000000000] R[r 0=0000000000000000] inst=[00002517] auipc   a0, 0x2
C0:        537 [1] pc=[000000008000025c] W[r10=0000000080002030][1] R[r10=0000000080002258] R[r 0=0000000000000000] inst=[dd850513] addi    a0, a0, -552
C0:        538 [1] pc=[0000000080000260] W[r 0=0000000000000000][0] R[r10=0000000080002030] R[r 0=0000000000000000] inst=[00052007] flw     ft0, 0(a0)
C0:        539 [1] pc=[0000000080000264] W[r 1=0000000000000000][0] R[r10=0000000080002030] R[r 0=0000000000000000] inst=[00452087] flw     ft1, 4(a0)
C0:        540 [1] pc=[0000000080000268] W[r 2=0000000000000000][0] R[r10=0000000080002030] R[r 0=0000000000000000] inst=[00852107] flw     ft2, 8(a0)
C0:        541 [1] pc=[000000008000026c] W[r13=0000000000000000][1] R[r10=0000000080002030] R[r 0=0000000000000000] inst=[00c52683] lw      a3, 12(a0)
C0:        542 [1] pc=[0000000080000270] W[r10=0000000000000000][1] R[r 0=0000000000000000] R[r 0=0000000000000000] inst=[c0001553] fcvt.w.s a0, ft0
C0:        546 [1] pc=[0000000080000274] W[r11=0000000000000001][1] R[r 0=0000000000000000] R[r 0=0000000000000000] inst=[001015f3] csrrw   a1, fflags, zero
C0:        551 [1] pc=[0000000080000278] W[r12=0000000000000001][1] R[r 0=0000000000000000] R[r 0=0000000000000000] inst=[00100613] li      a2, 1
C0:        552 [1] pc=[000000008000027c] W[r 0=0000000000000000][0] R[r10=0000000000000000] R[r13=0000000000000000] inst=[4ad51e63] bne     a0, a3, pc + 1212
C0:        574 [1] pc=[0000000080000280] W[r 0=0000000000000000][0] R[r11=0000000000000001] R[r12=0000000000000001] inst=[4ac59c63] bne     a1, a2, pc + 1208
C0:        575 [1] pc=[0000000080000284] W[r 3=0000000000000006][1] R[r 0=0000000000000000] R[r 0=0000000000000000] inst=[00600193] li      gp, 6
C0:        576 [1] pc=[0000000080000288] W[r10=0000000080002288][1] R[r 0=0000000000000000] R[r 0=0000000000000000] inst=[00002517] auipc   a0, 0x2
C0:        577 [1] pc=[000000008000028c] W[r10=0000000080002040][1] R[r10=0000000080002288] R[r 0=0000000000000000] inst=[db850513] addi    a0, a0, -584
C0:        594 [1] pc=[0000000080000290] W[r 0=0000000000000000][0] R[r10=0000000080002040] R[r 0=0000000000000000] inst=[00052007] flw     ft0, 0(a0)
C0:        595 [1] pc=[0000000080000294] W[r 1=0000000000000000][0] R[r10=0000000080002040] R[r 0=0000000000000000] inst=[00452087] flw     ft1, 4(a0)
C0:        596 [1] pc=[0000000080000298] W[r 2=0000000000000000][0] R[r10=0000000080002040] R[r 0=0000000000000000] inst=[00852107] flw     ft2, 8(a0)
C0:        597 [1] pc=[000000008000029c] W[r13=0000000000000001][1] R[r10=0000000080002040] R[r 0=0000000000000000] inst=[00c52683] lw      a3, 12(a0)
C0:        598 [1] pc=[00000000800002a0] W[r10=0000000000000001][1] R[r 0=0000000000000000] R[r 0=0000000000000000] inst=[c0001553] fcvt.w.s a0, ft0
C0:        602 [1] pc=[00000000800002a4] W[r11=0000000000000000][1] R[r 0=0000000000000000] R[r 0=0000000000000000] inst=[001015f3] csrrw   a1, fflags, zero
C0:        607 [1] pc=[00000000800002a8] W[r12=0000000000000000][1] R[r 0=0000000000000000] R[r 0=0000000000000000] inst=[00000613] li      a2, 0
C0:        608 [1] pc=[00000000800002ac] W[r 0=0000000000000000][0] R[r10=0000000000000001] R[r13=0000000000000001] inst=[48d51663] bne     a0, a3, pc + 1164
C0:        609 [1] pc=[00000000800002b0] W[r 0=0000000000000000][0] R[r11=0000000000000000] R[r12=0000000000000000] inst=[48c59463] bne     a1, a2, pc + 1160
C0:        610 [1] pc=[00000000800002b4] W[r 3=0000000000000007][1] R[r 0=0000000000000000] R[r 0=0000000000000000] inst=[00700193] li      gp, 7
C0:        611 [1] pc=[00000000800002b8] W[r10=00000000800022b8][1] R[r 0=0000000000000000] R[r 0=0000000000000000] inst=[00002517] auipc   a0, 0x2
C0:        612 [1] pc=[00000000800002bc] W[r10=0000000080002050][1] R[r10=00000000800022b8] R[r 0=0000000000000000] inst=[d9850513] addi    a0, a0, -616
C0:        634 [1] pc=[00000000800002c0] W[r 0=0000000000000000][0] R[r10=0000000080002050] R[r 0=0000000000000000] inst=[00052007] flw     ft0, 0(a0)
C0:        635 [1] pc=[00000000800002c4] W[r 1=0000000000000000][0] R[r10=0000000080002050] R[r 0=0000000000000000] inst=[00452087] flw     ft1, 4(a0)
C0:        636 [1] pc=[00000000800002c8] W[r 2=0000000000000000][0] R[r10=0000000080002050] R[r 0=0000000000000000] inst=[00852107] flw     ft2, 8(a0)
C0:        637 [1] pc=[00000000800002cc] W[r13=0000000000000001][1] R[r10=0000000080002050] R[r 0=0000000000000000] inst=[00c52683] lw      a3, 12(a0)
C0:        638 [1] pc=[00000000800002d0] W[r10=0000000000000001][1] R[r 0=0000000000000000] R[r 0=0000000000000000] inst=[c0001553] fcvt.w.s a0, ft0
C0:        642 [1] pc=[00000000800002d4] W[r11=0000000000000001][1] R[r 0=0000000000000000] R[r 0=0000000000000000] inst=[001015f3] csrrw   a1, fflags, zero
C0:        647 [1] pc=[00000000800002d8] W[r12=0000000000000001][1] R[r 0=0000000000000000] R[r 0=0000000000000000] inst=[00100613] li      a2, 1
C0:        648 [1] pc=[00000000800002dc] W[r 0=0000000000000000][0] R[r10=0000000000000001] R[r13=0000000000000001] inst=[44d51e63] bne     a0, a3, pc + 1116
C0:        649 [1] pc=[00000000800002e0] W[r 0=0000000000000000][0] R[r11=0000000000000001] R[r12=0000000000000001] inst=[44c59c63] bne     a1, a2, pc + 1112
C0:        650 [1] pc=[00000000800002e4] W[r 3=0000000000000008][1] R[r 0=0000000000000000] R[r 0=0000000000000000] inst=[00800193] li      gp, 8
C0:        651 [1] pc=[00000000800002e8] W[r10=00000000800022e8][1] R[r 0=0000000000000000] R[r 0=0000000000000000] inst=[00002517] auipc   a0, 0x2
C0:        652 [1] pc=[00000000800002ec] W[r10=0000000080002060][1] R[r10=00000000800022e8] R[r 0=0000000000000000] inst=[d7850513] addi    a0, a0, -648
C0:        653 [1] pc=[00000000800002f0] W[r 0=0000000000000000][0] R[r10=0000000080002060] R[r 0=0000000000000000] inst=[00052007] flw     ft0, 0(a0)
C0:        654 [1] pc=[00000000800002f4] W[r 1=0000000000000000][0] R[r10=0000000080002060] R[r 0=0000000000000000] inst=[00452087] flw     ft1, 4(a0)
C0:        655 [1] pc=[00000000800002f8] W[r 2=0000000000000000][0] R[r10=0000000080002060] R[r 0=0000000000000000] inst=[00852107] flw     ft2, 8(a0)
C0:        656 [1] pc=[00000000800002fc] W[r13=ffffffff80000000][1] R[r10=0000000080002060] R[r 0=0000000000000000] inst=[00c52683] lw      a3, 12(a0)
C0:        678 [1] pc=[0000000080000300] W[r10=ffffffff80000000][1] R[r 0=0000000000000000] R[r 0=0000000000000000] inst=[c0001553] fcvt.w.s a0, ft0
C0:        682 [1] pc=[0000000080000304] W[r11=0000000000000010][1] R[r 0=0000000000000000] R[r 0=0000000000000000] inst=[001015f3] csrrw   a1, fflags, zero
C0:        687 [1] pc=[0000000080000308] W[r12=0000000000000010][1] R[r 0=0000000000000000] R[r 0=0000000000000000] inst=[01000613] li      a2, 16
C0:        688 [1] pc=[000000008000030c] W[r 0=0000000000000000][0] R[r10=ffffffff80000000] R[r13=ffffffff80000000] inst=[42d51663] bne     a0, a3, pc + 1068
C0:        689 [1] pc=[0000000080000310] W[r 0=0000000000000000][0] R[r11=0000000000000010] R[r12=0000000000000010] inst=[42c59463] bne     a1, a2, pc + 1064
C0:        690 [1] pc=[0000000080000314] W[r 3=0000000000000009][1] R[r 0=0000000000000000] R[r 0=0000000000000000] inst=[00900193] li      gp, 9
C0:        691 [1] pc=[0000000080000318] W[r10=0000000080002318][1] R[r 0=0000000000000000] R[r 0=0000000000000000] inst=[00002517] auipc   a0, 0x2
C0:        692 [1] pc=[000000008000031c] W[r10=0000000080002070][1] R[r10=0000000080002318] R[r 0=0000000000000000] inst=[d5850513] addi    a0, a0, -680
C0:        693 [1] pc=[0000000080000320] W[r 0=0000000000000000][0] R[r10=0000000080002070] R[r 0=0000000000000000] inst=[00052007] flw     ft0, 0(a0)
C0:        694 [1] pc=[0000000080000324] W[r 1=0000000000000000][0] R[r10=0000000080002070] R[r 0=0000000000000000] inst=[00452087] flw     ft1, 4(a0)
C0:        695 [1] pc=[0000000080000328] W[r 2=0000000000000000][0] R[r10=0000000080002070] R[r 0=0000000000000000] inst=[00852107] flw     ft2, 8(a0)
C0:        696 [1] pc=[000000008000032c] W[r13=000000007fffffff][1] R[r10=0000000080002070] R[r 0=0000000000000000] inst=[00c52683] lw      a3, 12(a0)
C0:        697 [1] pc=[0000000080000330] W[r10=000000007fffffff][1] R[r 0=0000000000000000] R[r 0=0000000000000000] inst=[c0001553] fcvt.w.s a0, ft0
C0:        701 [1] pc=[0000000080000334] W[r11=0000000000000010][1] R[r 0=0000000000000000] R[r 0=0000000000000000] inst=[001015f3] csrrw   a1, fflags, zero
C0:        706 [1] pc=[0000000080000338] W[r12=0000000000000010][1] R[r 0=0000000000000000] R[r 0=0000000000000000] inst=[01000613] li      a2, 16
C0:        707 [1] pc=[000000008000033c] W[r 0=0000000000000000][0] R[r10=000000007fffffff] R[r13=000000007fffffff] inst=[3ed51e63] bne     a0, a3, pc + 1020
C0:        729 [1] pc=[0000000080000340] W[r 0=0000000000000000][0] R[r11=0000000000000010] R[r12=0000000000000010] inst=[3ec59c63] bne     a1, a2, pc + 1016
C0:        730 [1] pc=[0000000080000344] W[r 3=000000000000000c][1] R[r 0=0000000000000000] R[r 0=0000000000000000] inst=[00c00193] li      gp, 12
C0:        731 [1] pc=[0000000080000348] W[r10=0000000080002348][1] R[r 0=0000000000000000] R[r 0=0000000000000000] inst=[00002517] auipc   a0, 0x2
C0:        732 [1] pc=[000000008000034c] W[r10=0000000080002080][1] R[r10=0000000080002348] R[r 0=0000000000000000] inst=[d3850513] addi    a0, a0, -712
C0:        749 [1] pc=[0000000080000350] W[r 0=0000000000000000][0] R[r10=0000000080002080] R[r 0=0000000000000000] inst=[00052007] flw     ft0, 0(a0)
C0:        750 [1] pc=[0000000080000354] W[r 1=0000000000000000][0] R[r10=0000000080002080] R[r 0=0000000000000000] inst=[00452087] flw     ft1, 4(a0)
C0:        751 [1] pc=[0000000080000358] W[r 2=0000000000000000][0] R[r10=0000000080002080] R[r 0=0000000000000000] inst=[00852107] flw     ft2, 8(a0)
C0:        752 [1] pc=[000000008000035c] W[r13=0000000000000000][1] R[r10=0000000080002080] R[r 0=0000000000000000] inst=[00c52683] lw      a3, 12(a0)
C0:        753 [1] pc=[0000000080000360] W[r10=0000000000000000][1] R[r 0=0000000000000000] R[r 0=0000000000000000] inst=[c0101553] fcvt.wu.s a0, ft0
C0:        757 [1] pc=[0000000080000364] W[r11=0000000000000010][1] R[r 0=0000000000000000] R[r 0=0000000000000000] inst=[001015f3] csrrw   a1, fflags, zero
C0:        762 [1] pc=[0000000080000368] W[r12=0000000000000010][1] R[r 0=0000000000000000] R[r 0=0000000000000000] inst=[01000613] li      a2, 16
C0:        763 [1] pc=[000000008000036c] W[r 0=0000000000000000][0] R[r10=0000000000000000] R[r13=0000000000000000] inst=[3cd51663] bne     a0, a3, pc + 972
C0:        764 [1] pc=[0000000080000370] W[r 0=0000000000000000][0] R[r11=0000000000000010] R[r12=0000000000000010] inst=[3cc59463] bne     a1, a2, pc + 968
C0:        765 [1] pc=[0000000080000374] W[r 3=000000000000000d][1] R[r 0=0000000000000000] R[r 0=0000000000000000] inst=[00d00193] li      gp, 13
C0:        766 [1] pc=[0000000080000378] W[r10=0000000080002378][1] R[r 0=0000000000000000] R[r 0=0000000000000000] inst=[00002517] auipc   a0, 0x2
C0:        767 [1] pc=[000000008000037c] W[r10=0000000080002090][1] R[r10=0000000080002378] R[r 0=0000000000000000] inst=[d1850513] addi    a0, a0, -744
C0:        789 [1] pc=[0000000080000380] W[r 0=0000000000000000][0] R[r10=0000000080002090] R[r 0=0000000000000000] inst=[00052007] flw     ft0, 0(a0)
C0:        790 [1] pc=[0000000080000384] W[r 1=0000000000000000][0] R[r10=0000000080002090] R[r 0=0000000000000000] inst=[00452087] flw     ft1, 4(a0)
C0:        791 [1] pc=[0000000080000388] W[r 2=0000000000000000][0] R[r10=0000000080002090] R[r 0=0000000000000000] inst=[00852107] flw     ft2, 8(a0)
C0:        792 [1] pc=[000000008000038c] W[r13=0000000000000000][1] R[r10=0000000080002090] R[r 0=0000000000000000] inst=[00c52683] lw      a3, 12(a0)
C0:        793 [1] pc=[0000000080000390] W[r10=0000000000000000][1] R[r 0=0000000000000000] R[r 0=0000000000000000] inst=[c0101553] fcvt.wu.s a0, ft0
C0:        797 [1] pc=[0000000080000394] W[r11=0000000000000010][1] R[r 0=0000000000000000] R[r 0=0000000000000000] inst=[001015f3] csrrw   a1, fflags, zero
C0:        802 [1] pc=[0000000080000398] W[r12=0000000000000010][1] R[r 0=0000000000000000] R[r 0=0000000000000000] inst=[01000613] li      a2, 16
C0:        803 [1] pc=[000000008000039c] W[r 0=0000000000000000][0] R[r10=0000000000000000] R[r13=0000000000000000] inst=[38d51e63] bne     a0, a3, pc + 924
C0:        804 [1] pc=[00000000800003a0] W[r 0=0000000000000000][0] R[r11=0000000000000010] R[r12=0000000000000010] inst=[38c59c63] bne     a1, a2, pc + 920
C0:        805 [1] pc=[00000000800003a4] W[r 3=000000000000000e][1] R[r 0=0000000000000000] R[r 0=0000000000000000] inst=[00e00193] li      gp, 14
C0:        806 [1] pc=[00000000800003a8] W[r10=00000000800023a8][1] R[r 0=0000000000000000] R[r 0=0000000000000000] inst=[00002517] auipc   a0, 0x2
C0:        807 [1] pc=[00000000800003ac] W[r10=00000000800020a0][1] R[r10=00000000800023a8] R[r 0=0000000000000000] inst=[cf850513] addi    a0, a0, -776
C0:        808 [1] pc=[00000000800003b0] W[r 0=0000000000000000][0] R[r10=00000000800020a0] R[r 0=0000000000000000] inst=[00052007] flw     ft0, 0(a0)
C0:        809 [1] pc=[00000000800003b4] W[r 1=0000000000000000][0] R[r10=00000000800020a0] R[r 0=0000000000000000] inst=[00452087] flw     ft1, 4(a0)
C0:        810 [1] pc=[00000000800003b8] W[r 2=0000000000000000][0] R[r10=00000000800020a0] R[r 0=0000000000000000] inst=[00852107] flw     ft2, 8(a0)
C0:        811 [1] pc=[00000000800003bc] W[r13=0000000000000000][1] R[r10=00000000800020a0] R[r 0=0000000000000000] inst=[00c52683] lw      a3, 12(a0)
C0:        833 [1] pc=[00000000800003c0] W[r10=0000000000000000][1] R[r 0=0000000000000000] R[r 0=0000000000000000] inst=[c0101553] fcvt.wu.s a0, ft0
C0:        837 [1] pc=[00000000800003c4] W[r11=0000000000000001][1] R[r 0=0000000000000000] R[r 0=0000000000000000] inst=[001015f3] csrrw   a1, fflags, zero
C0:        842 [1] pc=[00000000800003c8] W[r12=0000000000000001][1] R[r 0=0000000000000000] R[r 0=0000000000000000] inst=[00100613] li      a2, 1
C0:        843 [1] pc=[00000000800003cc] W[r 0=0000000000000000][0] R[r10=0000000000000000] R[r13=0000000000000000] inst=[36d51663] bne     a0, a3, pc + 876
C0:        844 [1] pc=[00000000800003d0] W[r 0=0000000000000000][0] R[r11=0000000000000001] R[r12=0000000000000001] inst=[36c59463] bne     a1, a2, pc + 872
C0:        845 [1] pc=[00000000800003d4] W[r 3=000000000000000f][1] R[r 0=0000000000000000] R[r 0=0000000000000000] inst=[00f00193] li      gp, 15
C0:        846 [1] pc=[00000000800003d8] W[r10=00000000800023d8][1] R[r 0=0000000000000000] R[r 0=0000000000000000] inst=[00002517] auipc   a0, 0x2
C0:        847 [1] pc=[00000000800003dc] W[r10=00000000800020b0][1] R[r10=00000000800023d8] R[r 0=0000000000000000] inst=[cd850513] addi    a0, a0, -808
C0:        848 [1] pc=[00000000800003e0] W[r 0=0000000000000000][0] R[r10=00000000800020b0] R[r 0=0000000000000000] inst=[00052007] flw     ft0, 0(a0)
C0:        849 [1] pc=[00000000800003e4] W[r 1=0000000000000000][0] R[r10=00000000800020b0] R[r 0=0000000000000000] inst=[00452087] flw     ft1, 4(a0)
C0:        850 [1] pc=[00000000800003e8] W[r 2=0000000000000000][0] R[r10=00000000800020b0] R[r 0=0000000000000000] inst=[00852107] flw     ft2, 8(a0)
C0:        851 [1] pc=[00000000800003ec] W[r13=0000000000000000][1] R[r10=00000000800020b0] R[r 0=0000000000000000] inst=[00c52683] lw      a3, 12(a0)
C0:        852 [1] pc=[00000000800003f0] W[r10=0000000000000000][1] R[r 0=0000000000000000] R[r 0=0000000000000000] inst=[c0101553] fcvt.wu.s a0, ft0
C0:        856 [1] pc=[00000000800003f4] W[r11=0000000000000001][1] R[r 0=0000000000000000] R[r 0=0000000000000000] inst=[001015f3] csrrw   a1, fflags, zero
C0:        861 [1] pc=[00000000800003f8] W[r12=0000000000000001][1] R[r 0=0000000000000000] R[r 0=0000000000000000] inst=[00100613] li      a2, 1
C0:        862 [1] pc=[00000000800003fc] W[r 0=0000000000000000][0] R[r10=0000000000000000] R[r13=0000000000000000] inst=[32d51e63] bne     a0, a3, pc + 828
C0:        884 [1] pc=[0000000080000400] W[r 0=0000000000000000][0] R[r11=0000000000000001] R[r12=0000000000000001] inst=[32c59c63] bne     a1, a2, pc + 824
C0:        885 [1] pc=[0000000080000404] W[r 3=0000000000000010][1] R[r 0=0000000000000000] R[r 0=0000000000000000] inst=[01000193] li      gp, 16
C0:        886 [1] pc=[0000000080000408] W[r10=0000000080002408][1] R[r 0=0000000000000000] R[r 0=0000000000000000] inst=[00002517] auipc   a0, 0x2
C0:        887 [1] pc=[000000008000040c] W[r10=00000000800020c0][1] R[r10=0000000080002408] R[r 0=0000000000000000] inst=[cb850513] addi    a0, a0, -840
C0:        904 [1] pc=[0000000080000410] W[r 0=0000000000000000][0] R[r10=00000000800020c0] R[r 0=0000000000000000] inst=[00052007] flw     ft0, 0(a0)
C0:        905 [1] pc=[0000000080000414] W[r 1=0000000000000000][0] R[r10=00000000800020c0] R[r 0=0000000000000000] inst=[00452087] flw     ft1, 4(a0)
C0:        906 [1] pc=[0000000080000418] W[r 2=0000000000000000][0] R[r10=00000000800020c0] R[r 0=0000000000000000] inst=[00852107] flw     ft2, 8(a0)
C0:        907 [1] pc=[000000008000041c] W[r13=0000000000000001][1] R[r10=00000000800020c0] R[r 0=0000000000000000] inst=[00c52683] lw      a3, 12(a0)
C0:        908 [1] pc=[0000000080000420] W[r10=0000000000000001][1] R[r 0=0000000000000000] R[r 0=0000000000000000] inst=[c0101553] fcvt.wu.s a0, ft0
C0:        912 [1] pc=[0000000080000424] W[r11=0000000000000000][1] R[r 0=0000000000000000] R[r 0=0000000000000000] inst=[001015f3] csrrw   a1, fflags, zero
C0:        917 [1] pc=[0000000080000428] W[r12=0000000000000000][1] R[r 0=0000000000000000] R[r 0=0000000000000000] inst=[00000613] li      a2, 0
C0:        918 [1] pc=[000000008000042c] W[r 0=0000000000000000][0] R[r10=0000000000000001] R[r13=0000000000000001] inst=[30d51663] bne     a0, a3, pc + 780
C0:        919 [1] pc=[0000000080000430] W[r 0=0000000000000000][0] R[r11=0000000000000000] R[r12=0000000000000000] inst=[30c59463] bne     a1, a2, pc + 776
C0:        920 [1] pc=[0000000080000434] W[r 3=0000000000000011][1] R[r 0=0000000000000000] R[r 0=0000000000000000] inst=[01100193] li      gp, 17
C0:        921 [1] pc=[0000000080000438] W[r10=0000000080002438][1] R[r 0=0000000000000000] R[r 0=0000000000000000] inst=[00002517] auipc   a0, 0x2
C0:        922 [1] pc=[000000008000043c] W[r10=00000000800020d0][1] R[r10=0000000080002438] R[r 0=0000000000000000] inst=[c9850513] addi    a0, a0, -872
C0:        944 [1] pc=[0000000080000440] W[r 0=0000000000000000][0] R[r10=00000000800020d0] R[r 0=0000000000000000] inst=[00052007] flw     ft0, 0(a0)
C0:        945 [1] pc=[0000000080000444] W[r 1=0000000000000000][0] R[r10=00000000800020d0] R[r 0=0000000000000000] inst=[00452087] flw     ft1, 4(a0)
C0:        946 [1] pc=[0000000080000448] W[r 2=0000000000000000][0] R[r10=00000000800020d0] R[r 0=0000000000000000] inst=[00852107] flw     ft2, 8(a0)
C0:        947 [1] pc=[000000008000044c] W[r13=0000000000000001][1] R[r10=00000000800020d0] R[r 0=0000000000000000] inst=[00c52683] lw      a3, 12(a0)
C0:        948 [1] pc=[0000000080000450] W[r10=0000000000000001][1] R[r 0=0000000000000000] R[r 0=0000000000000000] inst=[c0101553] fcvt.wu.s a0, ft0
C0:        952 [1] pc=[0000000080000454] W[r11=0000000000000001][1] R[r 0=0000000000000000] R[r 0=0000000000000000] inst=[001015f3] csrrw   a1, fflags, zero
C0:        957 [1] pc=[0000000080000458] W[r12=0000000000000001][1] R[r 0=0000000000000000] R[r 0=0000000000000000] inst=[00100613] li      a2, 1
C0:        958 [1] pc=[000000008000045c] W[r 0=0000000000000000][0] R[r10=0000000000000001] R[r13=0000000000000001] inst=[2cd51e63] bne     a0, a3, pc + 732
C0:        959 [1] pc=[0000000080000460] W[r 0=0000000000000000][0] R[r11=0000000000000001] R[r12=0000000000000001] inst=[2cc59c63] bne     a1, a2, pc + 728
C0:        960 [1] pc=[0000000080000464] W[r 3=0000000000000012][1] R[r 0=0000000000000000] R[r 0=0000000000000000] inst=[01200193] li      gp, 18
C0:        961 [1] pc=[0000000080000468] W[r10=0000000080002468][1] R[r 0=0000000000000000] R[r 0=0000000000000000] inst=[00002517] auipc   a0, 0x2
C0:        962 [1] pc=[000000008000046c] W[r10=00000000800020e0][1] R[r10=0000000080002468] R[r 0=0000000000000000] inst=[c7850513] addi    a0, a0, -904
C0:        963 [1] pc=[0000000080000470] W[r 0=0000000000000000][0] R[r10=00000000800020e0] R[r 0=0000000000000000] inst=[00052007] flw     ft0, 0(a0)
C0:        964 [1] pc=[0000000080000474] W[r 1=0000000000000000][0] R[r10=00000000800020e0] R[r 0=0000000000000000] inst=[00452087] flw     ft1, 4(a0)
C0:        965 [1] pc=[0000000080000478] W[r 2=0000000000000000][0] R[r10=00000000800020e0] R[r 0=0000000000000000] inst=[00852107] flw     ft2, 8(a0)
C0:        966 [1] pc=[000000008000047c] W[r13=0000000000000000][1] R[r10=00000000800020e0] R[r 0=0000000000000000] inst=[00c52683] lw      a3, 12(a0)
C0:        988 [1] pc=[0000000080000480] W[r10=0000000000000000][1] R[r 0=0000000000000000] R[r 0=0000000000000000] inst=[c0101553] fcvt.wu.s a0, ft0
C0:        992 [1] pc=[0000000080000484] W[r11=0000000000000010][1] R[r 0=0000000000000000] R[r 0=0000000000000000] inst=[001015f3] csrrw   a1, fflags, zero
C0:        997 [1] pc=[0000000080000488] W[r12=0000000000000010][1] R[r 0=0000000000000000] R[r 0=0000000000000000] inst=[01000613] li      a2, 16
C0:        998 [1] pc=[000000008000048c] W[r 0=0000000000000000][0] R[r10=0000000000000000] R[r13=0000000000000000] inst=[2ad51663] bne     a0, a3, pc + 684
C0:        999 [1] pc=[0000000080000490] W[r 0=0000000000000000][0] R[r11=0000000000000010] R[r12=0000000000000010] inst=[2ac59463] bne     a1, a2, pc + 680
C0:       1000 [1] pc=[0000000080000494] W[r 3=0000000000000013][1] R[r 0=0000000000000000] R[r 0=0000000000000000] inst=[01300193] li      gp, 19
C0:       1001 [1] pc=[0000000080000498] W[r10=0000000080002498][1] R[r 0=0000000000000000] R[r 0=0000000000000000] inst=[00002517] auipc   a0, 0x2
C0:       1002 [1] pc=[000000008000049c] W[r10=00000000800020f0][1] R[r10=0000000080002498] R[r 0=0000000000000000] inst=[c5850513] addi    a0, a0, -936
C0:       1003 [1] pc=[00000000800004a0] W[r 0=0000000000000000][0] R[r10=00000000800020f0] R[r 0=0000000000000000] inst=[00052007] flw     ft0, 0(a0)
C0:       1004 [1] pc=[00000000800004a4] W[r 1=0000000000000000][0] R[r10=00000000800020f0] R[r 0=0000000000000000] inst=[00452087] flw     ft1, 4(a0)
C0:       1005 [1] pc=[00000000800004a8] W[r 2=0000000000000000][0] R[r10=00000000800020f0] R[r 0=0000000000000000] inst=[00852107] flw     ft2, 8(a0)
C0:       1006 [1] pc=[00000000800004ac] W[r13=ffffffffb2d05e00][1] R[r10=00000000800020f0] R[r 0=0000000000000000] inst=[00c52683] lw      a3, 12(a0)
C0:       1007 [1] pc=[00000000800004b0] W[r10=ffffffffb2d05e00][1] R[r 0=0000000000000000] R[r 0=0000000000000000] inst=[c0101553] fcvt.wu.s a0, ft0
C0:       1011 [1] pc=[00000000800004b4] W[r11=0000000000000000][1] R[r 0=0000000000000000] R[r 0=0000000000000000] inst=[001015f3] csrrw   a1, fflags, zero
C0:       1016 [1] pc=[00000000800004b8] W[r12=0000000000000000][1] R[r 0=0000000000000000] R[r 0=0000000000000000] inst=[00000613] li      a2, 0
C0:       1017 [1] pc=[00000000800004bc] W[r 0=0000000000000000][0] R[r10=ffffffffb2d05e00] R[r13=ffffffffb2d05e00] inst=[26d51e63] bne     a0, a3, pc + 636
C0:       1039 [1] pc=[00000000800004c0] W[r 0=0000000000000000][0] R[r11=0000000000000000] R[r12=0000000000000000] inst=[26c59c63] bne     a1, a2, pc + 632
C0:       1040 [1] pc=[00000000800004c4] W[r 3=0000000000000016][1] R[r 0=0000000000000000] R[r 0=0000000000000000] inst=[01600193] li      gp, 22
C0:       1041 [1] pc=[00000000800004c8] W[r10=00000000800024c8][1] R[r 0=0000000000000000] R[r 0=0000000000000000] inst=[00002517] auipc   a0, 0x2
C0:       1042 [1] pc=[00000000800004cc] W[r10=0000000080002100][1] R[r10=00000000800024c8] R[r 0=0000000000000000] inst=[c3850513] addi    a0, a0, -968
C0:       1059 [1] pc=[00000000800004d0] W[r 0=0000000000000000][0] R[r10=0000000080002100] R[r 0=0000000000000000] inst=[00052007] flw     ft0, 0(a0)
C0:       1060 [1] pc=[00000000800004d4] W[r 1=0000000000000000][0] R[r10=0000000080002100] R[r 0=0000000000000000] inst=[00452087] flw     ft1, 4(a0)
C0:       1061 [1] pc=[00000000800004d8] W[r 2=0000000000000000][0] R[r10=0000000080002100] R[r 0=0000000000000000] inst=[00852107] flw     ft2, 8(a0)
C0:       1062 [1] pc=[00000000800004dc] W[r13=ffffffffffffffff][1] R[r10=0000000080002100] R[r 0=0000000000000000] inst=[00c52683] lw      a3, 12(a0)
C0:       1063 [1] pc=[00000000800004e0] W[r10=ffffffffffffffff][1] R[r 0=0000000000000000] R[r 0=0000000000000000] inst=[c0201553] fcvt.l.s a0, ft0
C0:       1067 [1] pc=[00000000800004e4] W[r11=0000000000000001][1] R[r 0=0000000000000000] R[r 0=0000000000000000] inst=[001015f3] csrrw   a1, fflags, zero
C0:       1072 [1] pc=[00000000800004e8] W[r12=0000000000000001][1] R[r 0=0000000000000000] R[r 0=0000000000000000] inst=[00100613] li      a2, 1
C0:       1073 [1] pc=[00000000800004ec] W[r 0=0000000000000000][0] R[r10=ffffffffffffffff] R[r13=ffffffffffffffff] inst=[24d51663] bne     a0, a3, pc + 588
C0:       1074 [1] pc=[00000000800004f0] W[r 0=0000000000000000][0] R[r11=0000000000000001] R[r12=0000000000000001] inst=[24c59463] bne     a1, a2, pc + 584
C0:       1075 [1] pc=[00000000800004f4] W[r 3=0000000000000017][1] R[r 0=0000000000000000] R[r 0=0000000000000000] inst=[01700193] li      gp, 23
C0:       1076 [1] pc=[00000000800004f8] W[r10=00000000800024f8][1] R[r 0=0000000000000000] R[r 0=0000000000000000] inst=[00002517] auipc   a0, 0x2
C0:       1077 [1] pc=[00000000800004fc] W[r10=0000000080002110][1] R[r10=00000000800024f8] R[r 0=0000000000000000] inst=[c1850513] addi    a0, a0, -1000
C0:       1099 [1] pc=[0000000080000500] W[r 0=0000000000000000][0] R[r10=0000000080002110] R[r 0=0000000000000000] inst=[00052007] flw     ft0, 0(a0)
C0:       1100 [1] pc=[0000000080000504] W[r 1=0000000000000000][0] R[r10=0000000080002110] R[r 0=0000000000000000] inst=[00452087] flw     ft1, 4(a0)
C0:       1101 [1] pc=[0000000080000508] W[r 2=0000000000000000][0] R[r10=0000000080002110] R[r 0=0000000000000000] inst=[00852107] flw     ft2, 8(a0)
C0:       1102 [1] pc=[000000008000050c] W[r13=ffffffffffffffff][1] R[r10=0000000080002110] R[r 0=0000000000000000] inst=[00c52683] lw      a3, 12(a0)
C0:       1103 [1] pc=[0000000080000510] W[r10=ffffffffffffffff][1] R[r 0=0000000000000000] R[r 0=0000000000000000] inst=[c0201553] fcvt.l.s a0, ft0
C0:       1107 [1] pc=[0000000080000514] W[r11=0000000000000000][1] R[r 0=0000000000000000] R[r 0=0000000000000000] inst=[001015f3] csrrw   a1, fflags, zero
C0:       1112 [1] pc=[0000000080000518] W[r12=0000000000000000][1] R[r 0=0000000000000000] R[r 0=0000000000000000] inst=[00000613] li      a2, 0
C0:       1113 [1] pc=[000000008000051c] W[r 0=0000000000000000][0] R[r10=ffffffffffffffff] R[r13=ffffffffffffffff] inst=[20d51e63] bne     a0, a3, pc + 540
C0:       1114 [1] pc=[0000000080000520] W[r 0=0000000000000000][0] R[r11=0000000000000000] R[r12=0000000000000000] inst=[20c59c63] bne     a1, a2, pc + 536
C0:       1115 [1] pc=[0000000080000524] W[r 3=0000000000000018][1] R[r 0=0000000000000000] R[r 0=0000000000000000] inst=[01800193] li      gp, 24
C0:       1116 [1] pc=[0000000080000528] W[r10=0000000080002528][1] R[r 0=0000000000000000] R[r 0=0000000000000000] inst=[00002517] auipc   a0, 0x2
C0:       1117 [1] pc=[000000008000052c] W[r10=0000000080002120][1] R[r10=0000000080002528] R[r 0=0000000000000000] inst=[bf850513] addi    a0, a0, -1032
C0:       1118 [1] pc=[0000000080000530] W[r 0=0000000000000000][0] R[r10=0000000080002120] R[r 0=0000000000000000] inst=[00052007] flw     ft0, 0(a0)
C0:       1119 [1] pc=[0000000080000534] W[r 1=0000000000000000][0] R[r10=0000000080002120] R[r 0=0000000000000000] inst=[00452087] flw     ft1, 4(a0)
C0:       1120 [1] pc=[0000000080000538] W[r 2=0000000000000000][0] R[r10=0000000080002120] R[r 0=0000000000000000] inst=[00852107] flw     ft2, 8(a0)
C0:       1121 [1] pc=[000000008000053c] W[r13=0000000000000000][1] R[r10=0000000080002120] R[r 0=0000000000000000] inst=[00c52683] lw      a3, 12(a0)
C0:       1143 [1] pc=[0000000080000540] W[r10=0000000000000000][1] R[r 0=0000000000000000] R[r 0=0000000000000000] inst=[c0201553] fcvt.l.s a0, ft0
C0:       1147 [1] pc=[0000000080000544] W[r11=0000000000000001][1] R[r 0=0000000000000000] R[r 0=0000000000000000] inst=[001015f3] csrrw   a1, fflags, zero
C0:       1152 [1] pc=[0000000080000548] W[r12=0000000000000001][1] R[r 0=0000000000000000] R[r 0=0000000000000000] inst=[00100613] li      a2, 1
C0:       1153 [1] pc=[000000008000054c] W[r 0=0000000000000000][0] R[r10=0000000000000000] R[r13=0000000000000000] inst=[1ed51663] bne     a0, a3, pc + 492
C0:       1154 [1] pc=[0000000080000550] W[r 0=0000000000000000][0] R[r11=0000000000000001] R[r12=0000000000000001] inst=[1ec59463] bne     a1, a2, pc + 488
C0:       1155 [1] pc=[0000000080000554] W[r 3=0000000000000019][1] R[r 0=0000000000000000] R[r 0=0000000000000000] inst=[01900193] li      gp, 25
C0:       1156 [1] pc=[0000000080000558] W[r10=0000000080002558][1] R[r 0=0000000000000000] R[r 0=0000000000000000] inst=[00002517] auipc   a0, 0x2
C0:       1157 [1] pc=[000000008000055c] W[r10=0000000080002130][1] R[r10=0000000080002558] R[r 0=0000000000000000] inst=[bd850513] addi    a0, a0, -1064
C0:       1158 [1] pc=[0000000080000560] W[r 0=0000000000000000][0] R[r10=0000000080002130] R[r 0=0000000000000000] inst=[00052007] flw     ft0, 0(a0)
C0:       1159 [1] pc=[0000000080000564] W[r 1=0000000000000000][0] R[r10=0000000080002130] R[r 0=0000000000000000] inst=[00452087] flw     ft1, 4(a0)
C0:       1160 [1] pc=[0000000080000568] W[r 2=0000000000000000][0] R[r10=0000000080002130] R[r 0=0000000000000000] inst=[00852107] flw     ft2, 8(a0)
C0:       1161 [1] pc=[000000008000056c] W[r13=0000000000000000][1] R[r10=0000000080002130] R[r 0=0000000000000000] inst=[00c52683] lw      a3, 12(a0)
C0:       1162 [1] pc=[0000000080000570] W[r10=0000000000000000][1] R[r 0=0000000000000000] R[r 0=0000000000000000] inst=[c0201553] fcvt.l.s a0, ft0
C0:       1166 [1] pc=[0000000080000574] W[r11=0000000000000001][1] R[r 0=0000000000000000] R[r 0=0000000000000000] inst=[001015f3] csrrw   a1, fflags, zero
C0:       1171 [1] pc=[0000000080000578] W[r12=0000000000000001][1] R[r 0=0000000000000000] R[r 0=0000000000000000] inst=[00100613] li      a2, 1
C0:       1172 [1] pc=[000000008000057c] W[r 0=0000000000000000][0] R[r10=0000000000000000] R[r13=0000000000000000] inst=[1ad51e63] bne     a0, a3, pc + 444
C0:       1194 [1] pc=[0000000080000580] W[r 0=0000000000000000][0] R[r11=0000000000000001] R[r12=0000000000000001] inst=[1ac59c63] bne     a1, a2, pc + 440
C0:       1195 [1] pc=[0000000080000584] W[r 3=000000000000001a][1] R[r 0=0000000000000000] R[r 0=0000000000000000] inst=[01a00193] li      gp, 26
C0:       1196 [1] pc=[0000000080000588] W[r10=0000000080002588][1] R[r 0=0000000000000000] R[r 0=0000000000000000] inst=[00002517] auipc   a0, 0x2
C0:       1197 [1] pc=[000000008000058c] W[r10=0000000080002140][1] R[r10=0000000080002588] R[r 0=0000000000000000] inst=[bb850513] addi    a0, a0, -1096
C0:       1214 [1] pc=[0000000080000590] W[r 0=0000000000000000][0] R[r10=0000000080002140] R[r 0=0000000000000000] inst=[00052007] flw     ft0, 0(a0)
C0:       1215 [1] pc=[0000000080000594] W[r 1=0000000000000000][0] R[r10=0000000080002140] R[r 0=0000000000000000] inst=[00452087] flw     ft1, 4(a0)
C0:       1216 [1] pc=[0000000080000598] W[r 2=0000000000000000][0] R[r10=0000000080002140] R[r 0=0000000000000000] inst=[00852107] flw     ft2, 8(a0)
C0:       1217 [1] pc=[000000008000059c] W[r13=0000000000000001][1] R[r10=0000000080002140] R[r 0=0000000000000000] inst=[00c52683] lw      a3, 12(a0)
C0:       1218 [1] pc=[00000000800005a0] W[r10=0000000000000001][1] R[r 0=0000000000000000] R[r 0=0000000000000000] inst=[c0201553] fcvt.l.s a0, ft0
C0:       1222 [1] pc=[00000000800005a4] W[r11=0000000000000000][1] R[r 0=0000000000000000] R[r 0=0000000000000000] inst=[001015f3] csrrw   a1, fflags, zero
C0:       1227 [1] pc=[00000000800005a8] W[r12=0000000000000000][1] R[r 0=0000000000000000] R[r 0=0000000000000000] inst=[00000613] li      a2, 0
C0:       1228 [1] pc=[00000000800005ac] W[r 0=0000000000000000][0] R[r10=0000000000000001] R[r13=0000000000000001] inst=[18d51663] bne     a0, a3, pc + 396
C0:       1229 [1] pc=[00000000800005b0] W[r 0=0000000000000000][0] R[r11=0000000000000000] R[r12=0000000000000000] inst=[18c59463] bne     a1, a2, pc + 392
C0:       1230 [1] pc=[00000000800005b4] W[r 3=000000000000001b][1] R[r 0=0000000000000000] R[r 0=0000000000000000] inst=[01b00193] li      gp, 27
C0:       1231 [1] pc=[00000000800005b8] W[r10=00000000800025b8][1] R[r 0=0000000000000000] R[r 0=0000000000000000] inst=[00002517] auipc   a0, 0x2
C0:       1232 [1] pc=[00000000800005bc] W[r10=0000000080002150][1] R[r10=00000000800025b8] R[r 0=0000000000000000] inst=[b9850513] addi    a0, a0, -1128
C0:       1254 [1] pc=[00000000800005c0] W[r 0=0000000000000000][0] R[r10=0000000080002150] R[r 0=0000000000000000] inst=[00052007] flw     ft0, 0(a0)
C0:       1255 [1] pc=[00000000800005c4] W[r 1=0000000000000000][0] R[r10=0000000080002150] R[r 0=0000000000000000] inst=[00452087] flw     ft1, 4(a0)
C0:       1256 [1] pc=[00000000800005c8] W[r 2=0000000000000000][0] R[r10=0000000080002150] R[r 0=0000000000000000] inst=[00852107] flw     ft2, 8(a0)
C0:       1257 [1] pc=[00000000800005cc] W[r13=0000000000000001][1] R[r10=0000000080002150] R[r 0=0000000000000000] inst=[00c52683] lw      a3, 12(a0)
C0:       1258 [1] pc=[00000000800005d0] W[r10=0000000000000001][1] R[r 0=0000000000000000] R[r 0=0000000000000000] inst=[c0201553] fcvt.l.s a0, ft0
C0:       1262 [1] pc=[00000000800005d4] W[r11=0000000000000001][1] R[r 0=0000000000000000] R[r 0=0000000000000000] inst=[001015f3] csrrw   a1, fflags, zero
C0:       1267 [1] pc=[00000000800005d8] W[r12=0000000000000001][1] R[r 0=0000000000000000] R[r 0=0000000000000000] inst=[00100613] li      a2, 1
C0:       1268 [1] pc=[00000000800005dc] W[r 0=0000000000000000][0] R[r10=0000000000000001] R[r13=0000000000000001] inst=[14d51e63] bne     a0, a3, pc + 348
C0:       1269 [1] pc=[00000000800005e0] W[r 0=0000000000000000][0] R[r11=0000000000000001] R[r12=0000000000000001] inst=[14c59c63] bne     a1, a2, pc + 344
C0:       1270 [1] pc=[00000000800005e4] W[r 3=0000000000000020][1] R[r 0=0000000000000000] R[r 0=0000000000000000] inst=[02000193] li      gp, 32
C0:       1271 [1] pc=[00000000800005e8] W[r10=00000000800025e8][1] R[r 0=0000000000000000] R[r 0=0000000000000000] inst=[00002517] auipc   a0, 0x2
C0:       1272 [1] pc=[00000000800005ec] W[r10=0000000080002160][1] R[r10=00000000800025e8] R[r 0=0000000000000000] inst=[b7850513] addi    a0, a0, -1160
C0:       1273 [1] pc=[00000000800005f0] W[r 0=0000000000000000][0] R[r10=0000000080002160] R[r 0=0000000000000000] inst=[00052007] flw     ft0, 0(a0)
C0:       1274 [1] pc=[00000000800005f4] W[r 1=0000000000000000][0] R[r10=0000000080002160] R[r 0=0000000000000000] inst=[00452087] flw     ft1, 4(a0)
C0:       1275 [1] pc=[00000000800005f8] W[r 2=0000000000000000][0] R[r10=0000000080002160] R[r 0=0000000000000000] inst=[00852107] flw     ft2, 8(a0)
C0:       1276 [1] pc=[00000000800005fc] W[r13=0000000000000000][1] R[r10=0000000080002160] R[r 0=0000000000000000] inst=[00c52683] lw      a3, 12(a0)
C0:       1298 [1] pc=[0000000080000600] W[r10=0000000000000000][1] R[r 0=0000000000000000] R[r 0=0000000000000000] inst=[c0301553] fcvt.lu.s a0, ft0
C0:       1302 [1] pc=[0000000080000604] W[r11=0000000000000010][1] R[r 0=0000000000000000] R[r 0=0000000000000000] inst=[001015f3] csrrw   a1, fflags, zero
C0:       1307 [1] pc=[0000000080000608] W[r12=0000000000000010][1] R[r 0=0000000000000000] R[r 0=0000000000000000] inst=[01000613] li      a2, 16
C0:       1308 [1] pc=[000000008000060c] W[r 0=0000000000000000][0] R[r10=0000000000000000] R[r13=0000000000000000] inst=[12d51663] bne     a0, a3, pc + 300
C0:       1309 [1] pc=[0000000080000610] W[r 0=0000000000000000][0] R[r11=0000000000000010] R[r12=0000000000000010] inst=[12c59463] bne     a1, a2, pc + 296
C0:       1310 [1] pc=[0000000080000614] W[r 3=0000000000000021][1] R[r 0=0000000000000000] R[r 0=0000000000000000] inst=[02100193] li      gp, 33
C0:       1311 [1] pc=[0000000080000618] W[r10=0000000080002618][1] R[r 0=0000000000000000] R[r 0=0000000000000000] inst=[00002517] auipc   a0, 0x2
C0:       1312 [1] pc=[000000008000061c] W[r10=0000000080002170][1] R[r10=0000000080002618] R[r 0=0000000000000000] inst=[b5850513] addi    a0, a0, -1192
C0:       1313 [1] pc=[0000000080000620] W[r 0=0000000000000000][0] R[r10=0000000080002170] R[r 0=0000000000000000] inst=[00052007] flw     ft0, 0(a0)
C0:       1314 [1] pc=[0000000080000624] W[r 1=0000000000000000][0] R[r10=0000000080002170] R[r 0=0000000000000000] inst=[00452087] flw     ft1, 4(a0)
C0:       1315 [1] pc=[0000000080000628] W[r 2=0000000000000000][0] R[r10=0000000080002170] R[r 0=0000000000000000] inst=[00852107] flw     ft2, 8(a0)
C0:       1316 [1] pc=[000000008000062c] W[r13=0000000000000000][1] R[r10=0000000080002170] R[r 0=0000000000000000] inst=[00c52683] lw      a3, 12(a0)
C0:       1317 [1] pc=[0000000080000630] W[r10=0000000000000000][1] R[r 0=0000000000000000] R[r 0=0000000000000000] inst=[c0301553] fcvt.lu.s a0, ft0
C0:       1321 [1] pc=[0000000080000634] W[r11=0000000000000010][1] R[r 0=0000000000000000] R[r 0=0000000000000000] inst=[001015f3] csrrw   a1, fflags, zero
C0:       1326 [1] pc=[0000000080000638] W[r12=0000000000000010][1] R[r 0=0000000000000000] R[r 0=0000000000000000] inst=[01000613] li      a2, 16
C0:       1327 [1] pc=[000000008000063c] W[r 0=0000000000000000][0] R[r10=0000000000000000] R[r13=0000000000000000] inst=[0ed51e63] bne     a0, a3, pc + 252
C0:       1349 [1] pc=[0000000080000640] W[r 0=0000000000000000][0] R[r11=0000000000000010] R[r12=0000000000000010] inst=[0ec59c63] bne     a1, a2, pc + 248
C0:       1350 [1] pc=[0000000080000644] W[r 3=0000000000000022][1] R[r 0=0000000000000000] R[r 0=0000000000000000] inst=[02200193] li      gp, 34
C0:       1351 [1] pc=[0000000080000648] W[r10=0000000080002648][1] R[r 0=0000000000000000] R[r 0=0000000000000000] inst=[00002517] auipc   a0, 0x2
C0:       1352 [1] pc=[000000008000064c] W[r10=0000000080002180][1] R[r10=0000000080002648] R[r 0=0000000000000000] inst=[b3850513] addi    a0, a0, -1224
C0:       1369 [1] pc=[0000000080000650] W[r 0=0000000000000000][0] R[r10=0000000080002180] R[r 0=0000000000000000] inst=[00052007] flw     ft0, 0(a0)
C0:       1370 [1] pc=[0000000080000654] W[r 1=0000000000000000][0] R[r10=0000000080002180] R[r 0=0000000000000000] inst=[00452087] flw     ft1, 4(a0)
C0:       1371 [1] pc=[0000000080000658] W[r 2=0000000000000000][0] R[r10=0000000080002180] R[r 0=0000000000000000] inst=[00852107] flw     ft2, 8(a0)
C0:       1372 [1] pc=[000000008000065c] W[r13=0000000000000000][1] R[r10=0000000080002180] R[r 0=0000000000000000] inst=[00c52683] lw      a3, 12(a0)
C0:       1373 [1] pc=[0000000080000660] W[r10=0000000000000000][1] R[r 0=0000000000000000] R[r 0=0000000000000000] inst=[c0301553] fcvt.lu.s a0, ft0
C0:       1377 [1] pc=[0000000080000664] W[r11=0000000000000001][1] R[r 0=0000000000000000] R[r 0=0000000000000000] inst=[001015f3] csrrw   a1, fflags, zero
C0:       1382 [1] pc=[0000000080000668] W[r12=0000000000000001][1] R[r 0=0000000000000000] R[r 0=0000000000000000] inst=[00100613] li      a2, 1
C0:       1383 [1] pc=[000000008000066c] W[r 0=0000000000000000][0] R[r10=0000000000000000] R[r13=0000000000000000] inst=[0cd51663] bne     a0, a3, pc + 204
C0:       1384 [1] pc=[0000000080000670] W[r 0=0000000000000000][0] R[r11=0000000000000001] R[r12=0000000000000001] inst=[0cc59463] bne     a1, a2, pc + 200
C0:       1385 [1] pc=[0000000080000674] W[r 3=0000000000000023][1] R[r 0=0000000000000000] R[r 0=0000000000000000] inst=[02300193] li      gp, 35
C0:       1386 [1] pc=[0000000080000678] W[r10=0000000080002678][1] R[r 0=0000000000000000] R[r 0=0000000000000000] inst=[00002517] auipc   a0, 0x2
C0:       1387 [1] pc=[000000008000067c] W[r10=0000000080002190][1] R[r10=0000000080002678] R[r 0=0000000000000000] inst=[b1850513] addi    a0, a0, -1256
C0:       1409 [1] pc=[0000000080000680] W[r 0=0000000000000000][0] R[r10=0000000080002190] R[r 0=0000000000000000] inst=[00052007] flw     ft0, 0(a0)
C0:       1410 [1] pc=[0000000080000684] W[r 1=0000000000000000][0] R[r10=0000000080002190] R[r 0=0000000000000000] inst=[00452087] flw     ft1, 4(a0)
C0:       1411 [1] pc=[0000000080000688] W[r 2=0000000000000000][0] R[r10=0000000080002190] R[r 0=0000000000000000] inst=[00852107] flw     ft2, 8(a0)
C0:       1412 [1] pc=[000000008000068c] W[r13=0000000000000000][1] R[r10=0000000080002190] R[r 0=0000000000000000] inst=[00c52683] lw      a3, 12(a0)
C0:       1413 [1] pc=[0000000080000690] W[r10=0000000000000000][1] R[r 0=0000000000000000] R[r 0=0000000000000000] inst=[c0301553] fcvt.lu.s a0, ft0
C0:       1417 [1] pc=[0000000080000694] W[r11=0000000000000001][1] R[r 0=0000000000000000] R[r 0=0000000000000000] inst=[001015f3] csrrw   a1, fflags, zero
C0:       1422 [1] pc=[0000000080000698] W[r12=0000000000000001][1] R[r 0=0000000000000000] R[r 0=0000000000000000] inst=[00100613] li      a2, 1
C0:       1423 [1] pc=[000000008000069c] W[r 0=0000000000000000][0] R[r10=0000000000000000] R[r13=0000000000000000] inst=[08d51e63] bne     a0, a3, pc + 156
C0:       1424 [1] pc=[00000000800006a0] W[r 0=0000000000000000][0] R[r11=0000000000000001] R[r12=0000000000000001] inst=[08c59c63] bne     a1, a2, pc + 152
C0:       1425 [1] pc=[00000000800006a4] W[r 3=0000000000000024][1] R[r 0=0000000000000000] R[r 0=0000000000000000] inst=[02400193] li      gp, 36
C0:       1426 [1] pc=[00000000800006a8] W[r10=00000000800026a8][1] R[r 0=0000000000000000] R[r 0=0000000000000000] inst=[00002517] auipc   a0, 0x2
C0:       1427 [1] pc=[00000000800006ac] W[r10=00000000800021a0][1] R[r10=00000000800026a8] R[r 0=0000000000000000] inst=[af850513] addi    a0, a0, -1288
C0:       1428 [1] pc=[00000000800006b0] W[r 0=0000000000000000][0] R[r10=00000000800021a0] R[r 0=0000000000000000] inst=[00052007] flw     ft0, 0(a0)
C0:       1429 [1] pc=[00000000800006b4] W[r 1=0000000000000000][0] R[r10=00000000800021a0] R[r 0=0000000000000000] inst=[00452087] flw     ft1, 4(a0)
C0:       1430 [1] pc=[00000000800006b8] W[r 2=0000000000000000][0] R[r10=00000000800021a0] R[r 0=0000000000000000] inst=[00852107] flw     ft2, 8(a0)
C0:       1431 [1] pc=[00000000800006bc] W[r13=0000000000000001][1] R[r10=00000000800021a0] R[r 0=0000000000000000] inst=[00c52683] lw      a3, 12(a0)
C0:       1453 [1] pc=[00000000800006c0] W[r10=0000000000000001][1] R[r 0=0000000000000000] R[r 0=0000000000000000] inst=[c0301553] fcvt.lu.s a0, ft0
C0:       1457 [1] pc=[00000000800006c4] W[r11=0000000000000000][1] R[r 0=0000000000000000] R[r 0=0000000000000000] inst=[001015f3] csrrw   a1, fflags, zero
C0:       1462 [1] pc=[00000000800006c8] W[r12=0000000000000000][1] R[r 0=0000000000000000] R[r 0=0000000000000000] inst=[00000613] li      a2, 0
C0:       1463 [1] pc=[00000000800006cc] W[r 0=0000000000000000][0] R[r10=0000000000000001] R[r13=0000000000000001] inst=[06d51663] bne     a0, a3, pc + 108
C0:       1464 [1] pc=[00000000800006d0] W[r 0=0000000000000000][0] R[r11=0000000000000000] R[r12=0000000000000000] inst=[06c59463] bne     a1, a2, pc + 104
C0:       1465 [1] pc=[00000000800006d4] W[r 3=0000000000000025][1] R[r 0=0000000000000000] R[r 0=0000000000000000] inst=[02500193] li      gp, 37
C0:       1466 [1] pc=[00000000800006d8] W[r10=00000000800026d8][1] R[r 0=0000000000000000] R[r 0=0000000000000000] inst=[00002517] auipc   a0, 0x2
C0:       1467 [1] pc=[00000000800006dc] W[r10=00000000800021b0][1] R[r10=00000000800026d8] R[r 0=0000000000000000] inst=[ad850513] addi    a0, a0, -1320
C0:       1468 [1] pc=[00000000800006e0] W[r 0=0000000000000000][0] R[r10=00000000800021b0] R[r 0=0000000000000000] inst=[00052007] flw     ft0, 0(a0)
C0:       1469 [1] pc=[00000000800006e4] W[r 1=0000000000000000][0] R[r10=00000000800021b0] R[r 0=0000000000000000] inst=[00452087] flw     ft1, 4(a0)
C0:       1470 [1] pc=[00000000800006e8] W[r 2=0000000000000000][0] R[r10=00000000800021b0] R[r 0=0000000000000000] inst=[00852107] flw     ft2, 8(a0)
C0:       1471 [1] pc=[00000000800006ec] W[r13=0000000000000001][1] R[r10=00000000800021b0] R[r 0=0000000000000000] inst=[00c52683] lw      a3, 12(a0)
C0:       1472 [1] pc=[00000000800006f0] W[r10=0000000000000001][1] R[r 0=0000000000000000] R[r 0=0000000000000000] inst=[c0301553] fcvt.lu.s a0, ft0
C0:       1476 [1] pc=[00000000800006f4] W[r11=0000000000000001][1] R[r 0=0000000000000000] R[r 0=0000000000000000] inst=[001015f3] csrrw   a1, fflags, zero
C0:       1481 [1] pc=[00000000800006f8] W[r12=0000000000000001][1] R[r 0=0000000000000000] R[r 0=0000000000000000] inst=[00100613] li      a2, 1
C0:       1482 [1] pc=[00000000800006fc] W[r 0=0000000000000000][0] R[r10=0000000000000001] R[r13=0000000000000001] inst=[02d51e63] bne     a0, a3, pc + 60
C0:       1504 [1] pc=[0000000080000700] W[r 0=0000000000000000][0] R[r11=0000000000000001] R[r12=0000000000000001] inst=[02c59c63] bne     a1, a2, pc + 56
C0:       1505 [1] pc=[0000000080000704] W[r 3=0000000000000026][1] R[r 0=0000000000000000] R[r 0=0000000000000000] inst=[02600193] li      gp, 38
C0:       1506 [1] pc=[0000000080000708] W[r10=0000000080002708][1] R[r 0=0000000000000000] R[r 0=0000000000000000] inst=[00002517] auipc   a0, 0x2
C0:       1507 [1] pc=[000000008000070c] W[r10=00000000800021c0][1] R[r10=0000000080002708] R[r 0=0000000000000000] inst=[ab850513] addi    a0, a0, -1352
C0:       1525 [1] pc=[0000000080000710] W[r 0=0000000000000000][0] R[r10=00000000800021c0] R[r 0=0000000000000000] inst=[00052007] flw     ft0, 0(a0)
C0:       1526 [1] pc=[0000000080000714] W[r 1=0000000000000000][0] R[r10=00000000800021c0] R[r 0=0000000000000000] inst=[00452087] flw     ft1, 4(a0)
C0:       1527 [1] pc=[0000000080000718] W[r 2=0000000000000000][0] R[r10=00000000800021c0] R[r 0=0000000000000000] inst=[00852107] flw     ft2, 8(a0)
C0:       1528 [1] pc=[000000008000071c] W[r13=0000000000000000][1] R[r10=00000000800021c0] R[r 0=0000000000000000] inst=[00c52683] lw      a3, 12(a0)
C0:       1529 [1] pc=[0000000080000720] W[r10=0000000000000000][1] R[r 0=0000000000000000] R[r 0=0000000000000000] inst=[c0301553] fcvt.lu.s a0, ft0
C0:       1533 [1] pc=[0000000080000724] W[r11=0000000000000010][1] R[r 0=0000000000000000] R[r 0=0000000000000000] inst=[001015f3] csrrw   a1, fflags, zero
C0:       1538 [1] pc=[0000000080000728] W[r12=0000000000000010][1] R[r 0=0000000000000000] R[r 0=0000000000000000] inst=[01000613] li      a2, 16
C0:       1539 [1] pc=[000000008000072c] W[r 0=0000000000000000][0] R[r10=0000000000000000] R[r13=0000000000000000] inst=[00d51663] bne     a0, a3, pc + 12
C0:       1540 [1] pc=[0000000080000730] W[r 0=0000000000000000][0] R[r11=0000000000000010] R[r12=0000000000000010] inst=[00c59463] bne     a1, a2, pc + 8
C0:       1541 [1] pc=[0000000080000734] W[r 0=0000000000000000][0] R[r 0=0000000000000000] R[r 3=0000000000000026] inst=[02301063] bne     zero, gp, pc + 32
C0:       1566 [1] pc=[0000000080000754] W[r 0=0000000000000000][0] R[r 0=0000000000000000] R[r 0=0000000000000000] inst=[0ff0000f] fence   iorw,iorw
C0:       1567 [1] pc=[0000000080000758] W[r 3=0000000000000001][1] R[r 0=0000000000000000] R[r 0=0000000000000000] inst=[00100193] li      gp, 1
C0:       1568 [1] pc=[000000008000075c] W[r17=000000000000005d][1] R[r 0=0000000000000000] R[r 0=0000000000000000] inst=[05d00893] li      a7, 93
C0:       1569 [1] pc=[0000000080000760] W[r10=0000000000000000][1] R[r 0=0000000000000000] R[r 0=0000000000000000] inst=[00000513] li      a0, 0
C0:       1570 [0] pc=[0000000080000764] W[r 0=0000000000000000][0] R[r 0=0000000000000000] R[r 0=0000000000000000] inst=[00000073] ecall
C0:       1575 [1] pc=[0000000080000004] W[r30=0000000000000008][1] R[r 0=0000000000000000] R[r 0=0000000000000000] inst=[34202f73] csrr    t5, unknown_342
C0:       1576 [1] pc=[0000000080000008] W[r31=0000000000000008][1] R[r 0=0000000000000000] R[r 0=0000000000000000] inst=[00800f93] li      t6, 8
C0:       1578 [1] pc=[000000008000000c] W[r 0=0000000000000000][0] R[r30=0000000000000008] R[r31=0000000000000008] inst=[07ff0663] beq     t5, t6, pc + 108
C0:       1603 [1] pc=[0000000080000078] W[r30=0000000080001078][1] R[r 0=0000000000000000] R[r 0=0000000000000000] inst=[00001f17] auipc   t5, 0x1
C0:       1620 [1] pc=[000000008000007c] W[r 0=0000000000000000][0] R[r30=0000000080001078] R[r 3=0000000000000001] inst=[f83f2423] sw      gp, -120(t5)
C0:       1621 [1] pc=[0000000080000080] W[r 0=0000000080000084][1] R[r 0=0000000000000000] R[r 0=0000000000000000] inst=[ff9ff06f] j       pc - 0x8
C0:       1622 [1] pc=[0000000080000078] W[r30=0000000080001078][1] R[r 0=0000000000000000] R[r 0=0000000000000000] inst=[00001f17] auipc   t5, 0x1
C0:       1623 [1] pc=[000000008000007c] W[r 0=0000000000000000][0] R[r30=0000000080001078] R[r 3=0000000000000001] inst=[f83f2423] sw      gp, -120(t5)
C0:       1624 [1] pc=[0000000080000080] W[r 0=0000000080000084][1] R[r 0=0000000000000000] R[r 0=0000000000000000] inst=[ff9ff06f] j       pc - 0x8
C0:       1625 [1] pc=[0000000080000078] W[r30=0000000080001078][1] R[r 0=0000000000000000] R[r 0=0000000000000000] inst=[00001f17] auipc   t5, 0x1
C0:       1626 [1] pc=[000000008000007c] W[r 0=0000000000000000][0] R[r30=0000000080001078] R[r 3=0000000000000001] inst=[f83f2423] sw      gp, -120(t5)
C0:       1627 [1] pc=[0000000080000080] W[r 0=0000000080000084][1] R[r 0=0000000000000000] R[r 0=0000000000000000] inst=[ff9ff06f] j       pc - 0x8
C0:       1628 [1] pc=[0000000080000078] W[r30=0000000080001078][1] R[r 0=0000000000000000] R[r 0=0000000000000000] inst=[00001f17] auipc   t5, 0x1
C0:       1654 [1] pc=[000000008000007c] W[r 0=0000000000000000][0] R[r30=0000000080001078] R[r 3=0000000000000001] inst=[f83f2423] sw      gp, -120(t5)
C0:       1655 [1] pc=[0000000080000080] W[r 0=0000000080000084][1] R[r 0=0000000000000000] R[r 0=0000000000000000] inst=[ff9ff06f] j       pc - 0x8
C0:       1656 [1] pc=[0000000080000078] W[r30=0000000080001078][1] R[r 0=0000000000000000] R[r 0=0000000000000000] inst=[00001f17] auipc   t5, 0x1
C0:       1657 [1] pc=[000000008000007c] W[r 0=0000000000000000][0] R[r30=0000000080001078] R[r 3=0000000000000001] inst=[f83f2423] sw      gp, -120(t5)
C0:       1658 [1] pc=[0000000080000080] W[r 0=0000000080000084][1] R[r 0=0000000000000000] R[r 0=0000000000000000] inst=[ff9ff06f] j       pc - 0x8
C0:       1659 [1] pc=[0000000080000078] W[r30=0000000080001078][1] R[r 0=0000000000000000] R[r 0=0000000000000000] inst=[00001f17] auipc   t5, 0x1
C0:       1660 [1] pc=[000000008000007c] W[r 0=0000000000000000][0] R[r30=0000000080001078] R[r 3=0000000000000001] inst=[f83f2423] sw      gp, -120(t5)
C0:       1661 [1] pc=[0000000080000080] W[r 0=0000000080000084][1] R[r 0=0000000000000000] R[r 0=0000000000000000] inst=[ff9ff06f] j       pc - 0x8
C0:       1662 [1] pc=[0000000080000078] W[r30=0000000080001078][1] R[r 0=0000000000000000] R[r 0=0000000000000000] inst=[00001f17] auipc   t5, 0x1
C0:       1663 [1] pc=[000000008000007c] W[r 0=0000000000000000][0] R[r30=0000000080001078] R[r 3=0000000000000001] inst=[f83f2423] sw      gp, -120(t5)
C0:       1664 [1] pc=[0000000080000080] W[r 0=0000000080000084][1] R[r 0=0000000000000000] R[r 0=0000000000000000] inst=[ff9ff06f] j       pc - 0x8
C0:       1665 [1] pc=[0000000080000078] W[r30=0000000080001078][1] R[r 0=0000000000000000] R[r 0=0000000000000000] inst=[00001f17] auipc   t5, 0x1
C0:       1666 [1] pc=[000000008000007c] W[r 0=0000000000000000][0] R[r30=0000000080001078] R[r 3=0000000000000001] inst=[f83f2423] sw      gp, -120(t5)
C0:       1667 [1] pc=[0000000080000080] W[r 0=0000000080000084][1] R[r 0=0000000000000000] R[r 0=0000000000000000] inst=[ff9ff06f] j       pc - 0x8
C0:       1668 [1] pc=[0000000080000078] W[r30=0000000080001078][1] R[r 0=0000000000000000] R[r 0=0000000000000000] inst=[00001f17] auipc   t5, 0x1
C0:       1669 [1] pc=[000000008000007c] W[r 0=0000000000000000][0] R[r30=0000000080001078] R[r 3=0000000000000001] inst=[f83f2423] sw      gp, -120(t5)
C0:       1670 [1] pc=[0000000080000080] W[r 0=0000000080000084][1] R[r 0=0000000000000000] R[r 0=0000000000000000] inst=[ff9ff06f] j       pc - 0x8
C0:       1671 [1] pc=[0000000080000078] W[r30=0000000080001078][1] R[r 0=0000000000000000] R[r 0=0000000000000000] inst=[00001f17] auipc   t5, 0x1
C0:       1672 [1] pc=[000000008000007c] W[r 0=0000000000000000][0] R[r30=0000000080001078] R[r 3=0000000000000001] inst=[f83f2423] sw      gp, -120(t5)
C0:       1673 [1] pc=[0000000080000080] W[r 0=0000000080000084][1] R[r 0=0000000000000000] R[r 0=0000000000000000] inst=[ff9ff06f] j       pc - 0x8
C0:       1674 [1] pc=[0000000080000078] W[r30=0000000080001078][1] R[r 0=0000000000000000] R[r 0=0000000000000000] inst=[00001f17] auipc   t5, 0x1
C0:       1675 [1] pc=[000000008000007c] W[r 0=0000000000000000][0] R[r30=0000000080001078] R[r 3=0000000000000001] inst=[f83f2423] sw      gp, -120(t5)
C0:       1676 [1] pc=[0000000080000080] W[r 0=0000000080000084][1] R[r 0=0000000000000000] R[r 0=0000000000000000] inst=[ff9ff06f] j       pc - 0x8
C0:       1677 [1] pc=[0000000080000078] W[r30=0000000080001078][1] R[r 0=0000000000000000] R[r 0=0000000000000000] inst=[00001f17] auipc   t5, 0x1
C0:       1678 [1] pc=[000000008000007c] W[r 0=0000000000000000][0] R[r30=0000000080001078] R[r 3=0000000000000001] inst=[f83f2423] sw      gp, -120(t5)
C0:       1679 [1] pc=[0000000080000080] W[r 0=0000000080000084][1] R[r 0=0000000000000000] R[r 0=0000000000000000] inst=[ff9ff06f] j       pc - 0x8
C0:       1680 [1] pc=[0000000080000078] W[r30=0000000080001078][1] R[r 0=0000000000000000] R[r 0=0000000000000000] inst=[00001f17] auipc   t5, 0x1
C0:       1681 [1] pc=[000000008000007c] W[r 0=0000000000000000][0] R[r30=0000000080001078] R[r 3=0000000000000001] inst=[f83f2423] sw      gp, -120(t5)
C0:       1682 [1] pc=[0000000080000080] W[r 0=0000000080000084][1] R[r 0=0000000000000000] R[r 0=0000000000000000] inst=[ff9ff06f] j       pc - 0x8
C0:       1683 [1] pc=[0000000080000078] W[r30=0000000080001078][1] R[r 0=0000000000000000] R[r 0=0000000000000000] inst=[00001f17] auipc   t5, 0x1
C0:       1684 [1] pc=[000000008000007c] W[r 0=0000000000000000][0] R[r30=0000000080001078] R[r 3=0000000000000001] inst=[f83f2423] sw      gp, -120(t5)
C0:       1685 [1] pc=[0000000080000080] W[r 0=0000000080000084][1] R[r 0=0000000000000000] R[r 0=0000000000000000] inst=[ff9ff06f] j       pc - 0x8
C0:       1686 [1] pc=[0000000080000078] W[r30=0000000080001078][1] R[r 0=0000000000000000] R[r 0=0000000000000000] inst=[00001f17] auipc   t5, 0x1
*** PASSED *** Completed after 84634 cycles
